 KPT            1  SPIN            1  KWEIGHT    1.0000000000000000     
     1   -29.534  2.00000
     2   -27.417  2.00000
     3   -25.618  2.00000
     4   -23.373  2.00000
     5   -21.089  2.00000
     6   -20.178  2.00000
     7   -19.408  2.00000
     8   -18.716  2.00000
     9   -18.172  2.00000
    10   -17.965  2.00000
    11   -17.168  2.00000
    12   -16.218  2.00000
    13   -15.960  2.00000
    14   -14.743  2.00000
    15   -14.638  2.00000
    16   -14.596  1.50000
    17   -10.531  0.50000
    18    -3.327  0.00000
    19    -2.071  0.00000
    20     4.322  0.00000
    21     7.766  0.00000
    22     9.261  0.00000
    23    10.873  0.00000
    24    13.491  0.00000
    25    15.961  0.00000
    26    18.874  0.00000
    27    20.548  0.00000
    28    24.463  0.00000
    29    25.578  0.00000
    30    30.345  0.00000
    31    42.562  0.00000
    32    54.800  0.00000

