REKS do not use any electronic distribution function

Calculation with static geometry

********************************************************************************************
  iSCC       reks energy        Diff energy         x_a       SCC error   
   58       -6.0559322240      -0.0000000000     0.568181    0.00000093
********************************************************************************************

 SA-REKS optimizes the avergaed state, not individual states
 These charges do not mean the charges for individual states
 Similarly to this, the values in band.out file indicate
 the band energies and occupations for the averaged state
 If you want to compute the relaxed density,
 please, set 'RelaxedDensity = Yes' option

 Total charge:     1.00000000

 Atomic gross charges (e)
 Atom           Charge
    1       0.07911661
    2       0.10854747
    3       0.13389821
    4       0.32306622
    5       0.18316515
    6       0.17220634

Nr. of electrons (up):     12.00000000
Atom populations (up)
 Atom       Population
    1       3.92088339
    2       4.89145253
    3       0.86610179
    4       0.67693378
    5       0.81683485
    6       0.82779366

l-shell populations (up)
 Atom Sh.   l       Population
    1   1   0       1.29192421
    1   2   1       2.62895918
    2   1   0       1.70939947
    2   2   1       3.18205306
    3   1   0       0.86610179
    4   1   0       0.67693378
    5   1   0       0.81683485
    6   1   0       0.82779366

Orbital populations (up)
 Atom Sh.   l   m       Population  Label
    1   1   0   0       1.29192421  s
    1   2   1  -1       1.01780165  p_y
    1   2   1   0       0.51403767  p_z
    1   2   1   1       1.09711985  p_x
    2   1   0   0       1.70939947  s
    2   2   1  -1       0.99106422  p_y
    2   2   1   0       1.16571289  p_z
    2   2   1   1       1.02527595  p_x
    3   1   0   0       0.86610179  s
    4   1   0   0       0.67693378  s
    5   1   0   0       0.81683485  s
    6   1   0   0       0.82779366  s

Input / Output electrons (q):     12.0000000000

Energy H0:                          -6.0749353220 H         -165.3074 eV
Energy SCC:                          0.1256349691 H            3.4187 eV
Energy SPIN:                        -0.1601305159 H           -4.3574 eV
Energy Fock:                        -0.2595267398 H           -7.0621 eV
Total Electronic energy:            -6.3689576086 H         -173.3082 eV
Repulsive energy:                    0.1512751946 H            4.1164 eV

Excitation Energy:                   0.0000000000 H            0.0000 eV

Total energy:                       -6.2176824228 H         -169.1917 eV

SCC converged

Total Forces
    1      0.019958164852      0.159023931678     -0.047497469870
    2     -0.023983678657      0.061025516327     -0.112876940426
    3     -0.011188001640     -0.103468507453     -0.059464267667
    4      0.038097762144     -0.023778826430      0.113185212668
    5     -0.045389072215     -0.043789525055      0.063748137159
    6      0.022504825517     -0.049012589068      0.042905328135

Maximal derivative component:        0.159024E+00 au


