REKS do not use any electronic distribution function

Calculation with static geometry

********************************************************************************************
  iSCC       reks energy        Diff energy         x_a       SCC error   
   94      -16.4131344186      -0.0000000000     0.999999    0.00000095
********************************************************************************************

 SA-REKS optimizes the avergaed state, not individual states
 These charges do not mean the charges for individual states
 Similarly to this, the values in band.out file indicate
 the band energies and occupations for the averaged state
 If you want to compute the relaxed density,
 please, set 'RelaxedDensity = Yes' option

 Total charge:     1.00000000

 Atomic gross charges (e)
 Atom           Charge
    1      -0.03510618
    2      -0.03052338
    3       0.11459505
    4       0.12381783
    5       0.11378711
    6       0.04025676
    7      -0.09044694
    8       0.10020939
    9       0.07387487
   10       0.15390103
   11       0.11833656
   12      -0.18507644
   13       0.25885591
   14       0.24351842

Nr. of electrons (up):     32.00000000
Atom populations (up)
 Atom       Population
    1       4.03510618
    2       4.03052338
    3       0.88540495
    4       0.87618217
    5       0.88621289
    6       3.95974324
    7       4.09044694
    8       0.89979061
    9       0.92612513
   10       3.84609897
   11       0.88166344
   12       5.18507644
   13       0.74114409
   14       0.75648158

l-shell populations (up)
 Atom Sh.   l       Population
    1   1   0       1.24160484
    1   2   1       2.79350134
    2   1   0       1.17916896
    2   2   1       2.85135442
    3   1   0       0.88540495
    4   1   0       0.87618217
    5   1   0       0.88621289
    6   1   0       1.16651586
    6   2   1       2.79322739
    7   1   0       1.18405768
    7   2   1       2.90638925
    8   1   0       0.89979061
    9   1   0       0.92612513
   10   1   0       1.16640569
   10   2   1       2.67969328
   11   1   0       0.88166344
   12   1   0       1.38551785
   12   2   1       3.79955858
   13   1   0       0.74114409
   14   1   0       0.75648158

Orbital populations (up)
 Atom Sh.   l   m       Population  Label
    1   1   0   0       1.24160484  s
    1   2   1  -1       0.90805763  p_y
    1   2   1   0       0.93724207  p_z
    1   2   1   1       0.94820164  p_x
    2   1   0   0       1.17916896  s
    2   2   1  -1       0.91101355  p_y
    2   2   1   0       0.92745051  p_z
    2   2   1   1       1.01289036  p_x
    3   1   0   0       0.88540495  s
    4   1   0   0       0.87618217  s
    5   1   0   0       0.88621289  s
    6   1   0   0       1.16651586  s
    6   2   1  -1       0.92503224  p_y
    6   2   1   0       0.94351982  p_z
    6   2   1   1       0.92467533  p_x
    7   1   0   0       1.18405768  s
    7   2   1  -1       0.98329683  p_y
    7   2   1   0       0.98816086  p_z
    7   2   1   1       0.93493157  p_x
    8   1   0   0       0.89979061  s
    9   1   0   0       0.92612513  s
   10   1   0   0       1.16640569  s
   10   2   1  -1       0.88850131  p_y
   10   2   1   0       0.88593448  p_z
   10   2   1   1       0.90525748  p_x
   11   1   0   0       0.88166344  s
   12   1   0   0       1.38551785  s
   12   2   1  -1       1.30174123  p_y
   12   2   1   0       1.20228263  p_z
   12   2   1   1       1.29553472  p_x
   13   1   0   0       0.74114409  s
   14   1   0   0       0.75648158  s

Input / Output electrons (q):     32.0000000000

Energy H0:                         -16.3089287107 H         -443.7885 eV
Energy SCC:                          0.1111851808 H            3.0255 eV
Energy SPIN:                        -0.0000002010 H           -0.0000 eV
Energy Fock:                        -0.6633570441 H          -18.0509 eV
Total Electronic energy:           -16.8611007749 H         -458.8139 eV
Repulsive energy:                    0.3781495053 H           10.2900 eV

Excitation Energy:                   0.0000000000 H            0.0000 eV

Total energy:                      -16.4829609631 H         -448.5242 eV

SCC converged

Total Forces
    1      0.036437565292      0.044675214637     -0.052891666049
    2      0.026063806727     -0.051766605443      0.018185091635
    3     -0.024408806380      0.017491761308     -0.024436881134
    4      0.003742800438      0.009262236794      0.027472201344
    5     -0.040513520949     -0.001557776044     -0.018403476282
    6     -0.051781804411      0.038544702121      0.027328973699
    7      0.103032048844     -0.013960473446      0.043155198772
    8     -0.007221079848     -0.027310794379      0.001205228931
    9     -0.005361663243      0.015936435903     -0.019408255990
   10     -0.029314850611     -0.018867037027      0.003464234743
   11     -0.021785886674     -0.010041080257     -0.002843204164
   12      0.013491007534     -0.005074791147     -0.016155498478
   13     -0.005895047005     -0.004531564355      0.002546693561
   14      0.003515430287      0.007199771333      0.010781359413

Maximal derivative component:        0.103032E+00 au


