REKS do not use any electronic distribution function

Calculation with static geometry

********************************************************************************************
  iSCC       reks energy        Diff energy         x_a       SCC error   
   72       -6.2853522848      -0.0000000000     0.999922    0.00000087
********************************************************************************************

 SA-REKS optimizes the avergaed state, not individual states
 These charges do not mean the charges for individual states
 Similarly to this, the values in band.out file indicate
 the band energies and occupations for the averaged state
 If you want to compute the relaxed density,
 please, set 'RelaxedDensity = Yes' option

 Total charge:     1.00000000

 Atomic gross charges (e)
 Atom           Charge
    1       0.12802629
    2      -0.12524988
    3       0.18478912
    4       0.31427711
    5       0.31424988
    6       0.18390749

Nr. of electrons (up):     12.00000000
Atom populations (up)
 Atom       Population
    1       3.87197371
    2       5.12524988
    3       0.81521088
    4       0.68572289
    5       0.68575012
    6       0.81609251

l-shell populations (up)
 Atom Sh.   l       Population
    1   1   0       1.18603276
    1   2   1       2.68594095
    2   1   0       1.38681361
    2   2   1       3.73843627
    3   1   0       0.81521088
    4   1   0       0.68572289
    5   1   0       0.68575012
    6   1   0       0.81609251

Orbital populations (up)
 Atom Sh.   l   m       Population  Label
    1   1   0   0       1.18603276  s
    1   2   1  -1       0.85871957  p_y
    1   2   1   0       0.89591822  p_z
    1   2   1   1       0.93130316  p_x
    2   1   0   0       1.38681361  s
    2   2   1  -1       1.08501575  p_y
    2   2   1   0       1.13285211  p_z
    2   2   1   1       1.52056840  p_x
    3   1   0   0       0.81521088  s
    4   1   0   0       0.68572289  s
    5   1   0   0       0.68575012  s
    6   1   0   0       0.81609251  s

Input / Output electrons (q):     12.0000000000

Energy H0:                          -6.5145397926 H         -177.2696 eV
Energy SCC:                          0.1338111518 H            3.6412 eV
Energy SPIN:                        -0.0000407742 H           -0.0011 eV
Energy Fock:                        -0.2081561242 H           -5.6642 eV
Total Electronic energy:            -6.5889255393 H         -179.2938 eV
Repulsive energy:                    0.1816270017 H            4.9423 eV

Excitation Energy:                   0.0000000000 H            0.0000 eV

Total energy:                       -6.4079623448 H         -174.3695 eV

SCC converged

Total Forces
    1      0.003699528161     -0.000281359051      0.024878148173
    2     -0.009124856185      0.002790734265     -0.024513750383
    3     -0.014520172847     -0.002019562168     -0.006103871930
    4     -0.013076970199     -0.003339340131      0.006016175058
    5      0.018851602494     -0.000076263346      0.007519388245
    6      0.014170868575      0.002925790431     -0.007796089164

Maximal derivative component:        0.248781E-01 au


