REKS do not use any electronic distribution function

Calculation with static geometry

********************************************************************************************
  iSCC       reks energy        Diff energy         x_a       SCC error   
   52       -6.2879006106      -0.0000000000     0.999965    0.00000097
********************************************************************************************

 SA-REKS optimizes the avergaed state, not individual states
 These charges do not mean the charges for individual states
 Similarly to this, the values in band.out file indicate
 the band energies and occupations for the averaged state
 If you want to compute the relaxed density,
 please, set 'RelaxedDensity = Yes' option

 Total charge:     1.00000000

 Atomic gross charges (e)
 Atom           Charge
    1       0.10982425
    2      -0.10989793
    3       0.18889844
    4       0.30894578
    5       0.31118453
    6       0.19104493

Nr. of electrons (up):     12.00000000
Atom populations (up)
 Atom       Population
    1       3.89017575
    2       5.10989793
    3       0.81110156
    4       0.69105422
    5       0.68881547
    6       0.80895507

l-shell populations (up)
 Atom Sh.   l       Population
    1   1   0       1.17836096
    1   2   1       2.71181479
    2   1   0       1.38235051
    2   2   1       3.72754742
    3   1   0       0.81110156
    4   1   0       0.69105422
    5   1   0       0.68881547
    6   1   0       0.80895507

Orbital populations (up)
 Atom Sh.   l   m       Population  Label
    1   1   0   0       1.17836096  s
    1   2   1  -1       0.97004356  p_y
    1   2   1   0       0.88574814  p_z
    1   2   1   1       0.85602309  p_x
    2   1   0   0       1.38235051  s
    2   2   1  -1       1.51590577  p_y
    2   2   1   0       1.11489910  p_z
    2   2   1   1       1.09674256  p_x
    3   1   0   0       0.81110156  s
    4   1   0   0       0.69105422  s
    5   1   0   0       0.68881547  s
    6   1   0   0       0.80895507  s

Input / Output electrons (q):     12.0000000000

Energy H0:                          -6.5284661060 H         -177.6486 eV
Energy SCC:                          0.1350474745 H            3.6748 eV
Energy SPIN:                        -0.0000199153 H           -0.0005 eV
Energy Fock:                        -0.2071008898 H           -5.6355 eV
Total Electronic energy:            -6.6005394366 H         -179.6098 eV
Repulsive energy:                    0.1839606378 H            5.0058 eV

Excitation Energy:                   0.0000000000 H            0.0000 eV

Total energy:                       -6.4166385422 H         -174.6056 eV

SCC converged

Total Forces
    1     -0.001816127689     -0.005276965103      0.013802581129
    2      0.003350815281      0.009722895041     -0.010291557611
    3      0.002915112555      0.006899801805     -0.000803932211
    4      0.001037083692     -0.009975232038      0.000002254601
    5     -0.002490031778      0.004286214815     -0.003568596288
    6     -0.002996852061     -0.005656714520      0.000859250380

Maximal derivative component:        0.138026E-01 au


