REKS do not use any electronic distribution function

Calculation with static geometry

********************************************************************************************
  iSCC       reks energy        Diff energy         x_a       SCC error   
   52       -6.2872610204      -0.0000000000     0.999968    0.00000089
********************************************************************************************

 SA-REKS optimizes the avergaed state, not individual states
 These charges do not mean the charges for individual states
 Similarly to this, the values in band.out file indicate
 the band energies and occupations for the averaged state
 If you want to compute the relaxed density,
 please, set 'RelaxedDensity = Yes' option

 Total charge:     1.00000000

 Atomic gross charges (e)
 Atom           Charge
    1       0.10514818
    2      -0.10907784
    3       0.19154046
    4       0.31024292
    5       0.31089069
    6       0.19125559

Nr. of electrons (up):     12.00000000
Atom populations (up)
 Atom       Population
    1       3.89485182
    2       5.10907784
    3       0.80845954
    4       0.68975708
    5       0.68910931
    6       0.80874441

l-shell populations (up)
 Atom Sh.   l       Population
    1   1   0       1.18096983
    1   2   1       2.71388199
    2   1   0       1.38183964
    2   2   1       3.72723820
    3   1   0       0.80845954
    4   1   0       0.68975708
    5   1   0       0.68910931
    6   1   0       0.80874441

Orbital populations (up)
 Atom Sh.   l   m       Population  Label
    1   1   0   0       1.18096983  s
    1   2   1  -1       0.85419444  p_y
    1   2   1   0       0.89067115  p_z
    1   2   1   1       0.96901641  p_x
    2   1   0   0       1.38183964  s
    2   2   1  -1       1.11106971  p_y
    2   2   1   0       1.12105369  p_z
    2   2   1   1       1.49511480  p_x
    3   1   0   0       0.80845954  s
    4   1   0   0       0.68975708  s
    5   1   0   0       0.68910931  s
    6   1   0   0       0.80874441  s

Input / Output electrons (q):     12.0000000000

Energy H0:                          -6.5287683558 H         -177.6568 eV
Energy SCC:                          0.1351583833 H            3.6778 eV
Energy SPIN:                        -0.0000184412 H           -0.0005 eV
Energy Fock:                        -0.2075846589 H           -5.6487 eV
Total Electronic energy:            -6.6012130726 H         -179.6281 eV
Repulsive energy:                    0.1843108929 H            5.0154 eV

Excitation Energy:                   0.0000000000 H            0.0000 eV

Total energy:                       -6.4169692139 H         -174.6146 eV

SCC converged

Total Forces
    1     -0.000578013639     -0.001634654854      0.007803795105
    2      0.001396795200      0.001747561421     -0.006706947503
    3      0.006766291792     -0.002389743759     -0.001498450875
    4      0.006986399586     -0.001728194280      0.001824276144
    5     -0.007990830895      0.000357113355      0.000147324058
    6     -0.006580642044      0.003647918117     -0.001569996930

Maximal derivative component:        0.799083E-02 au


