REKS do not use any electronic distribution function

Calculation with static geometry

********************************************************************************************
  iSCC       reks energy        Diff energy         x_a       SCC error   
   97      -16.4206853684      -0.0000000000     0.999980    0.00000098
********************************************************************************************

 SA-REKS optimizes the avergaed state, not individual states
 These charges do not mean the charges for individual states
 Similarly to this, the values in band.out file indicate
 the band energies and occupations for the averaged state
 If you want to compute the relaxed density,
 please, set 'RelaxedDensity = Yes' option

 Total charge:     1.00000000

 Atomic gross charges (e)
 Atom           Charge
    1      -0.07244919
    2      -0.02700604
    3       0.11593832
    4       0.12518822
    5       0.13269556
    6       0.08350714
    7      -0.11855606
    8       0.10030143
    9       0.11044817
   10       0.20550016
   11       0.09174361
   12      -0.27267815
   13       0.25800634
   14       0.26736049

Nr. of electrons (up):     32.00000000
Atom populations (up)
 Atom       Population
    1       4.07244919
    2       4.02700604
    3       0.88406168
    4       0.87481178
    5       0.86730444
    6       3.91649286
    7       4.11855606
    8       0.89969857
    9       0.88955183
   10       3.79449984
   11       0.90825639
   12       5.27267815
   13       0.74199366
   14       0.73263951

l-shell populations (up)
 Atom Sh.   l       Population
    1   1   0       1.22257496
    1   2   1       2.84987423
    2   1   0       1.16797919
    2   2   1       2.85902685
    3   1   0       0.88406168
    4   1   0       0.87481178
    5   1   0       0.86730444
    6   1   0       1.18948478
    6   2   1       2.72700807
    7   1   0       1.17996949
    7   2   1       2.93858657
    8   1   0       0.89969857
    9   1   0       0.88955183
   10   1   0       1.15011488
   10   2   1       2.64438496
   11   1   0       0.90825639
   12   1   0       1.40939755
   12   2   1       3.86328060
   13   1   0       0.74199366
   14   1   0       0.73263951

Orbital populations (up)
 Atom Sh.   l   m       Population  Label
    1   1   0   0       1.22257496  s
    1   2   1  -1       0.98417720  p_y
    1   2   1   0       0.95312188  p_z
    1   2   1   1       0.91257516  p_x
    2   1   0   0       1.16797919  s
    2   2   1  -1       0.93699557  p_y
    2   2   1   0       0.96347047  p_z
    2   2   1   1       0.95856082  p_x
    3   1   0   0       0.88406168  s
    4   1   0   0       0.87481178  s
    5   1   0   0       0.86730444  s
    6   1   0   0       1.18948478  s
    6   2   1  -1       0.87552406  p_y
    6   2   1   0       0.94696985  p_z
    6   2   1   1       0.90451417  p_x
    7   1   0   0       1.17996949  s
    7   2   1  -1       1.06292028  p_y
    7   2   1   0       0.93125771  p_z
    7   2   1   1       0.94440858  p_x
    8   1   0   0       0.89969857  s
    9   1   0   0       0.88955183  s
   10   1   0   0       1.15011488  s
   10   2   1  -1       0.83975143  p_y
   10   2   1   0       0.99565059  p_z
   10   2   1   1       0.80898294  p_x
   11   1   0   0       0.90825639  s
   12   1   0   0       1.40939755  s
   12   2   1  -1       1.59463112  p_y
   12   2   1   0       1.20778857  p_z
   12   2   1   1       1.06086091  p_x
   13   1   0   0       0.74199366  s
   14   1   0   0       0.73263951  s

Input / Output electrons (q):     32.0000000000

Energy H0:                         -16.2314584016 H         -441.6805 eV
Energy SCC:                          0.0936517533 H            2.5484 eV
Energy SPIN:                        -0.0000036075 H           -0.0001 eV
Energy Fock:                        -0.6615290907 H          -18.0011 eV
Total Electronic energy:           -16.7993393465 H         -457.1333 eV
Repulsive energy:                    0.3254292928 H            8.8554 eV

Excitation Energy:                   0.0000000000 H            0.0000 eV

Total energy:                      -16.4756343793 H         -448.3248 eV

SCC converged

Total Forces
    1     -0.006942688327     -0.001738619917     -0.004159438025
    2     -0.014370123926     -0.021638696762     -0.005266685674
    3      0.004566201043     -0.022709621076      0.010993931509
    4      0.005334596481      0.033431101917      0.002400795135
    5      0.016979455917      0.008748758206      0.006399867534
    6     -0.013344822009      0.023703100058     -0.010586303504
    7      0.030053145031      0.008398664166     -0.044481644873
    8      0.028944380649     -0.021065894276      0.029397365256
    9      0.017221025764     -0.000418649398      0.032186129178
   10      0.020833144816     -0.025080697619     -0.037934116777
   11      0.000115279315      0.009170582622      0.035967447012
   12     -0.045824358117     -0.001065435916     -0.030787832282
   13     -0.010994195883     -0.015396489850     -0.008178493102
   14     -0.032571040754      0.025661897846      0.024048978612

Maximal derivative component:        0.458244E-01 au


