 KPT            1  SPIN            1  KWEIGHT    1.0000000000000000     
     1   -29.129  2.00000
     2   -27.334  2.00000
     3   -25.454  2.00000
     4   -23.029  2.00000
     5   -21.146  2.00000
     6   -20.542  2.00000
     7   -19.201  2.00000
     8   -18.425  2.00000
     9   -17.826  2.00000
    10   -17.348  2.00000
    11   -17.001  2.00000
    12   -16.245  2.00000
    13   -15.704  2.00000
    14   -15.422  2.00000
    15   -14.841  2.00000
    16   -13.276  1.49976
    17   -10.622  0.50024
    18    -4.526  0.00000
    19    -2.485  0.00000
    20     6.956  0.00000
    21    10.736  0.00000
    22    11.462  0.00000
    23    13.679  0.00000
    24    14.632  0.00000
    25    16.782  0.00000
    26    17.041  0.00000
    27    18.588  0.00000
    28    20.931  0.00000
    29    22.707  0.00000
    30    26.901  0.00000
    31    32.401  0.00000
    32    35.540  0.00000

