REKS do not use any electronic distribution function

Calculation with static geometry

********************************************************************************************
  iSCC       reks energy        Diff energy         x_a       SCC error   
   89      -16.4146592035      -0.0000000000     0.999762    0.00000094
********************************************************************************************

 SA-REKS optimizes the avergaed state, not individual states
 These charges do not mean the charges for individual states
 Similarly to this, the values in band.out file indicate
 the band energies and occupations for the averaged state
 If you want to compute the relaxed density,
 please, set 'RelaxedDensity = Yes' option

 Total charge:     1.00000000

 Atomic gross charges (e)
 Atom           Charge
    1      -0.00620885
    2      -0.07114106
    3       0.10472746
    4       0.11260227
    5       0.11999495
    6       0.08451255
    7      -0.12828348
    8       0.10521666
    9       0.13041235
   10       0.18656495
   11       0.11450626
   12      -0.27980987
   13       0.27547972
   14       0.25142608

Nr. of electrons (up):     32.00000000
Atom populations (up)
 Atom       Population
    1       4.00620885
    2       4.07114106
    3       0.89527254
    4       0.88739773
    5       0.88000505
    6       3.91548745
    7       4.12828348
    8       0.89478334
    9       0.86958765
   10       3.81343505
   11       0.88549374
   12       5.27980987
   13       0.72452028
   14       0.74857392

l-shell populations (up)
 Atom Sh.   l       Population
    1   1   0       1.22478003
    1   2   1       2.78142881
    2   1   0       1.18061736
    2   2   1       2.89052370
    3   1   0       0.89527254
    4   1   0       0.88739773
    5   1   0       0.88000505
    6   1   0       1.18685442
    6   2   1       2.72863303
    7   1   0       1.17048543
    7   2   1       2.95779805
    8   1   0       0.89478334
    9   1   0       0.86958765
   10   1   0       1.17172374
   10   2   1       2.64171131
   11   1   0       0.88549374
   12   1   0       1.42296713
   12   2   1       3.85684274
   13   1   0       0.72452028
   14   1   0       0.74857392

Orbital populations (up)
 Atom Sh.   l   m       Population  Label
    1   1   0   0       1.22478003  s
    1   2   1  -1       0.84185251  p_y
    1   2   1   0       0.98145422  p_z
    1   2   1   1       0.95812208  p_x
    2   1   0   0       1.18061736  s
    2   2   1  -1       0.94644415  p_y
    2   2   1   0       0.96322050  p_z
    2   2   1   1       0.98085904  p_x
    3   1   0   0       0.89527254  s
    4   1   0   0       0.88739773  s
    5   1   0   0       0.88000505  s
    6   1   0   0       1.18685442  s
    6   2   1  -1       0.93414667  p_y
    6   2   1   0       0.89432917  p_z
    6   2   1   1       0.90015719  p_x
    7   1   0   0       1.17048543  s
    7   2   1  -1       0.94378334  p_y
    7   2   1   0       1.06031944  p_z
    7   2   1   1       0.95369527  p_x
    8   1   0   0       0.89478334  s
    9   1   0   0       0.86958765  s
   10   1   0   0       1.17172374  s
   10   2   1  -1       0.89799257  p_y
   10   2   1   0       0.90852042  p_z
   10   2   1   1       0.83519831  p_x
   11   1   0   0       0.88549374  s
   12   1   0   0       1.42296713  s
   12   2   1  -1       1.49874582  p_y
   12   2   1   0       1.26364624  p_z
   12   2   1   1       1.09445068  p_x
   13   1   0   0       0.72452028  s
   14   1   0   0       0.74857392  s

Input / Output electrons (q):     32.0000000000

Energy H0:                         -16.2469271073 H         -442.1014 eV
Energy SCC:                          0.0907751034 H            2.4701 eV
Energy SPIN:                        -0.0000354912 H           -0.0010 eV
Energy Fock:                        -0.6588147417 H          -17.9273 eV
Total Electronic energy:           -16.8150022367 H         -457.5595 eV
Repulsive energy:                    0.3505563134 H            9.5391 eV

Excitation Energy:                   0.0000000000 H            0.0000 eV

Total energy:                      -16.4670454610 H         -448.0911 eV

SCC converged

Total Forces
    1      0.003715941395     -0.007198253669      0.053407753513
    2     -0.047096688073     -0.000696443634     -0.021653381810
    3      0.006119118374     -0.005149940430      0.000746205886
    4      0.008667395676     -0.008275992692     -0.011682988484
    5     -0.006825939593     -0.014858281643     -0.017074953783
    6     -0.018924504446      0.021239546998     -0.019053069884
    7      0.010201342853     -0.006546465891      0.008523672314
    8      0.050004651767      0.000159371543      0.016952617352
    9     -0.019836357728      0.025136693582      0.003847527266
   10      0.114233039626     -0.025356125019     -0.039750645377
   11     -0.005833043975      0.022902625113      0.011197144574
   12     -0.099524197722     -0.003148300826      0.016642651693
   13     -0.014080812065     -0.004446882660     -0.015746239399
   14      0.019180053909      0.006238449227      0.013643706139

Maximal derivative component:        0.114233E+00 au


