REKS do not use any electronic distribution function

Calculation with static geometry

********************************************************************************************
  iSCC       reks energy        Diff energy         x_a       SCC error   
   72      -16.4587478902      -0.0000000000     0.999915    0.00000096
********************************************************************************************

 SA-REKS optimizes the avergaed state, not individual states
 These charges do not mean the charges for individual states
 Similarly to this, the values in band.out file indicate
 the band energies and occupations for the averaged state
 If you want to compute the relaxed density,
 please, set 'RelaxedDensity = Yes' option

 Total charge:     1.00000000

 Atomic gross charges (e)
 Atom           Charge
    1      -0.01622937
    2      -0.02312400
    3       0.10557858
    4       0.11249018
    5       0.09997239
    6       0.07294140
    7      -0.15226434
    8       0.09274658
    9       0.10115057
   10       0.19972779
   11       0.10919780
   12      -0.21922664
   13       0.25826912
   14       0.25876994

Nr. of electrons (up):     32.00000000
Atom populations (up)
 Atom       Population
    1       4.01622937
    2       4.02312400
    3       0.89442142
    4       0.88750982
    5       0.90002761
    6       3.92705860
    7       4.15226434
    8       0.90725342
    9       0.89884943
   10       3.80027221
   11       0.89080220
   12       5.21922664
   13       0.74173088
   14       0.74123006

l-shell populations (up)
 Atom Sh.   l       Population
    1   1   0       1.19760373
    1   2   1       2.81862564
    2   1   0       1.15589955
    2   2   1       2.86722445
    3   1   0       0.89442142
    4   1   0       0.88750982
    5   1   0       0.90002761
    6   1   0       1.20013883
    6   2   1       2.72691977
    7   1   0       1.20137410
    7   2   1       2.95089025
    8   1   0       0.90725342
    9   1   0       0.89884943
   10   1   0       1.13601685
   10   2   1       2.66425535
   11   1   0       0.89080220
   12   1   0       1.40460320
   12   2   1       3.81462344
   13   1   0       0.74173088
   14   1   0       0.74123006

Orbital populations (up)
 Atom Sh.   l   m       Population  Label
    1   1   0   0       1.19760373  s
    1   2   1  -1       0.86648258  p_y
    1   2   1   0       0.99112974  p_z
    1   2   1   1       0.96101333  p_x
    2   1   0   0       1.15589955  s
    2   2   1  -1       0.94403260  p_y
    2   2   1   0       0.99163307  p_z
    2   2   1   1       0.93155878  p_x
    3   1   0   0       0.89442142  s
    4   1   0   0       0.88750982  s
    5   1   0   0       0.90002761  s
    6   1   0   0       1.20013883  s
    6   2   1  -1       0.84669024  p_y
    6   2   1   0       0.95482959  p_z
    6   2   1   1       0.92539994  p_x
    7   1   0   0       1.20137410  s
    7   2   1  -1       1.01451195  p_y
    7   2   1   0       0.98029338  p_z
    7   2   1   1       0.95608491  p_x
    8   1   0   0       0.90725342  s
    9   1   0   0       0.89884943  s
   10   1   0   0       1.13601685  s
   10   2   1  -1       0.89620120  p_y
   10   2   1   0       0.89021265  p_z
   10   2   1   1       0.87784151  p_x
   11   1   0   0       0.89080220  s
   12   1   0   0       1.40460320  s
   12   2   1  -1       1.29183785  p_y
   12   2   1   0       1.15353934  p_z
   12   2   1   1       1.36924624  p_x
   13   1   0   0       0.74173088  s
   14   1   0   0       0.74123006  s

Input / Output electrons (q):     32.0000000000

Energy H0:                         -16.3589279501 H         -445.1491 eV
Energy SCC:                          0.0965355692 H            2.6269 eV
Energy SPIN:                        -0.0000149351 H           -0.0004 eV
Energy Fock:                        -0.6561719120 H          -17.8553 eV
Total Electronic energy:           -16.9185792280 H         -460.3780 eV
Repulsive energy:                    0.4012226245 H           10.9178 eV

Excitation Energy:                   0.0000000000 H            0.0000 eV

Total energy:                      -16.5212849447 H         -449.5670 eV

SCC converged

Total Forces
    1     -0.068544422443      0.005427144044     -0.033575421999
    2      0.051306870223      0.030837802998      0.051218793987
    3      0.008729058155     -0.005546851584     -0.007300490209
    4      0.013889339144     -0.008182040787      0.000281224115
    5      0.001237784768     -0.008248634753     -0.007940127847
    6      0.044257026060      0.020092802027      0.068031775822
    7     -0.054726844826     -0.039933555389     -0.010759678476
    8     -0.005511153654      0.004880262112     -0.001446883247
    9      0.023487341865      0.006449645583     -0.042634870336
   10     -0.052625648556     -0.065020484427     -0.067800760754
   11      0.020284951811      0.032825302420      0.039213401298
   12      0.012289184280      0.041114041343      0.012902125408
   13      0.000241516108     -0.030440723627     -0.020955068023
   14      0.005684997067      0.015745290040      0.020765980262

Maximal derivative component:        0.685444E-01 au


