REKS do not use any electronic distribution function

Calculation with static geometry

********************************************************************************************
  iSCC       reks energy        Diff energy         x_a       SCC error   
   88      -16.4342035903      -0.0000000000     0.999603    0.00000099
********************************************************************************************

 SA-REKS optimizes the avergaed state, not individual states
 These charges do not mean the charges for individual states
 Similarly to this, the values in band.out file indicate
 the band energies and occupations for the averaged state
 If you want to compute the relaxed density,
 please, set 'RelaxedDensity = Yes' option

 Total charge:     1.00000000

 Atomic gross charges (e)
 Atom           Charge
    1      -0.01887444
    2      -0.04491317
    3       0.13251046
    4       0.13768962
    5       0.10766002
    6       0.03023990
    7      -0.12062194
    8       0.11942335
    9       0.09155250
   10       0.17044342
   11       0.11464322
   12      -0.23449332
   13       0.25878570
   14       0.25595469

Nr. of electrons (up):     32.00000000
Atom populations (up)
 Atom       Population
    1       4.01887444
    2       4.04491317
    3       0.86748954
    4       0.86231038
    5       0.89233998
    6       3.96976010
    7       4.12062194
    8       0.88057665
    9       0.90844750
   10       3.82955658
   11       0.88535678
   12       5.23449332
   13       0.74121430
   14       0.74404531

l-shell populations (up)
 Atom Sh.   l       Population
    1   1   0       1.23379999
    1   2   1       2.78507445
    2   1   0       1.18488908
    2   2   1       2.86002409
    3   1   0       0.86748954
    4   1   0       0.86231038
    5   1   0       0.89233998
    6   1   0       1.19511291
    6   2   1       2.77464719
    7   1   0       1.18735381
    7   2   1       2.93326814
    8   1   0       0.88057665
    9   1   0       0.90844750
   10   1   0       1.17462547
   10   2   1       2.65493112
   11   1   0       0.88535678
   12   1   0       1.40400230
   12   2   1       3.83049103
   13   1   0       0.74121430
   14   1   0       0.74404531

Orbital populations (up)
 Atom Sh.   l   m       Population  Label
    1   1   0   0       1.23379999  s
    1   2   1  -1       0.99245378  p_y
    1   2   1   0       0.79121646  p_z
    1   2   1   1       1.00140421  p_x
    2   1   0   0       1.18488908  s
    2   2   1  -1       0.94867475  p_y
    2   2   1   0       0.96761367  p_z
    2   2   1   1       0.94373567  p_x
    3   1   0   0       0.86748954  s
    4   1   0   0       0.86231038  s
    5   1   0   0       0.89233998  s
    6   1   0   0       1.19511291  s
    6   2   1  -1       0.90557303  p_y
    6   2   1   0       0.92166917  p_z
    6   2   1   1       0.94740499  p_x
    7   1   0   0       1.18735381  s
    7   2   1  -1       1.00308962  p_y
    7   2   1   0       1.01345184  p_z
    7   2   1   1       0.91672667  p_x
    8   1   0   0       0.88057665  s
    9   1   0   0       0.90844750  s
   10   1   0   0       1.17462547  s
   10   2   1  -1       0.90610830  p_y
   10   2   1   0       0.89119938  p_z
   10   2   1   1       0.85762343  p_x
   11   1   0   0       0.88535678  s
   12   1   0   0       1.40400230  s
   12   2   1  -1       1.41095714  p_y
   12   2   1   0       1.15763189  p_z
   12   2   1   1       1.26190199  p_x
   13   1   0   0       0.74121430  s
   14   1   0   0       0.74404531  s

Input / Output electrons (q):     32.0000000000

Energy H0:                         -16.2582447431 H         -442.4093 eV
Energy SCC:                          0.0918844200 H            2.5003 eV
Energy SPIN:                        -0.0000576843 H           -0.0016 eV
Energy Fock:                        -0.6576381712 H          -17.8952 eV
Total Electronic energy:           -16.8240561786 H         -457.8059 eV
Repulsive energy:                    0.3355486523 H            9.1307 eV

Excitation Energy:                   0.0000000000 H            0.0000 eV

Total energy:                      -16.4891654344 H         -448.6930 eV

SCC converged

Total Forces
    1      0.033958190663      0.011355362626     -0.002911214107
    2     -0.005299533805     -0.003800936713      0.010258014501
    3      0.005147511952     -0.034704423675     -0.013233903901
    4     -0.026716381969      0.014665906812      0.015715892200
    5     -0.027889090576      0.000371824202     -0.012996093185
    6      0.041024120400     -0.041963080209      0.017333234239
    7     -0.039788914414      0.019370586971     -0.034521865388
    8      0.017293774383      0.017511821260      0.004916783531
    9      0.002219029160      0.016331039903     -0.010163561554
   10     -0.016274278766      0.022212408320      0.084352530970
   11      0.029545421897     -0.026716594944      0.006990659246
   12     -0.003478957368      0.033844788083     -0.094793949427
   13     -0.021091821487     -0.019275550101      0.018915602823
   14      0.011350929928     -0.009203152536      0.010137870052

Maximal derivative component:        0.947939E-01 au


