REKS do not use any electronic distribution function

Calculation with static geometry

********************************************************************************************
  iSCC       reks energy        Diff energy         x_a       SCC error   
   45       -6.1470415753      -0.0000000000     1.000000    0.00000089
********************************************************************************************

 SA-REKS optimizes the avergaed state, not individual states
 These charges do not mean the charges for individual states
 Similarly to this, the values in band.out file indicate
 the band energies and occupations for the averaged state
 If you want to compute the relaxed density,
 please, set 'RelaxedDensity = Yes' option

 Total charge:     1.00000000

 Atomic gross charges (e)
 Atom           Charge
    1       0.26459287
    2      -0.22956506
    3       0.11315944
    4       0.29450582
    5       0.33824219
    6       0.21906474

Nr. of electrons (up):     12.00000000
Atom populations (up)
 Atom       Population
    1       3.73540713
    2       5.22956506
    3       0.88684056
    4       0.70549418
    5       0.66175781
    6       0.78093526

l-shell populations (up)
 Atom Sh.   l       Population
    1   1   0       1.34244568
    1   2   1       2.39296145
    2   1   0       1.55160158
    2   2   1       3.67796348
    3   1   0       0.88684056
    4   1   0       0.70549418
    5   1   0       0.66175781
    6   1   0       0.78093526

Orbital populations (up)
 Atom Sh.   l   m       Population  Label
    1   1   0   0       1.34244568  s
    1   2   1  -1       1.07418567  p_y
    1   2   1   0       0.77908185  p_z
    1   2   1   1       0.53969393  p_x
    2   1   0   0       1.55160158  s
    2   2   1  -1       1.24373753  p_y
    2   2   1   0       1.01519959  p_z
    2   2   1   1       1.41902636  p_x
    3   1   0   0       0.88684056  s
    4   1   0   0       0.70549418  s
    5   1   0   0       0.66175781  s
    6   1   0   0       0.78093526  s

Input / Output electrons (q):     12.0000000000

Energy H0:                          -6.1106884006 H         -166.2803 eV
Energy SCC:                          0.1507118443 H            4.1011 eV
Energy SPIN:                        -0.0000000010 H           -0.0000 eV
Energy Fock:                        -0.2329132766 H           -6.3379 eV
Total Electronic energy:            -6.1928898339 H         -168.5171 eV
Repulsive energy:                    0.0442837282 H            1.2050 eV

Excitation Energy:                   0.0000000000 H            0.0000 eV

Total energy:                       -6.2007169930 H         -168.7301 eV

SCC converged

Total Forces
    1      0.010376318034      0.043635701542      0.051196961415
    2      0.040767022665      0.046734549575     -0.089820918983
    3      0.008932985875     -0.025181756345      0.016462901023
    4     -0.001480732798     -0.010925211830     -0.002959312382
    5     -0.058579175968     -0.060652571578     -0.061655477728
    6     -0.000016417808      0.006389288636      0.086775846655

Maximal derivative component:        0.898209E-01 au


