REKS do not use any electronic distribution function

Calculation with static geometry

********************************************************************************************
  iSCC       reks energy        Diff energy         x_a       SCC error   
   46       -6.2828465577      -0.0000000000     0.999969    0.00000098
********************************************************************************************

 SA-REKS optimizes the avergaed state, not individual states
 These charges do not mean the charges for individual states
 Similarly to this, the values in band.out file indicate
 the band energies and occupations for the averaged state
 If you want to compute the relaxed density,
 please, set 'RelaxedDensity = Yes' option

 Total charge:     1.00000000

 Atomic gross charges (e)
 Atom           Charge
    1       0.10607382
    2      -0.10157973
    3       0.19320818
    4       0.30803668
    5       0.30973876
    6       0.18452229

Nr. of electrons (up):     12.00000000
Atom populations (up)
 Atom       Population
    1       3.89392618
    2       5.10157973
    3       0.80679182
    4       0.69196332
    5       0.69026124
    6       0.81547771

l-shell populations (up)
 Atom Sh.   l       Population
    1   1   0       1.17489367
    1   2   1       2.71903251
    2   1   0       1.37967209
    2   2   1       3.72190765
    3   1   0       0.80679182
    4   1   0       0.69196332
    5   1   0       0.69026124
    6   1   0       0.81547771

Orbital populations (up)
 Atom Sh.   l   m       Population  Label
    1   1   0   0       1.17489367  s
    1   2   1  -1       0.85606533  p_y
    1   2   1   0       0.89379174  p_z
    1   2   1   1       0.96917544  p_x
    2   1   0   0       1.37967209  s
    2   2   1  -1       1.09829037  p_y
    2   2   1   0       1.12526216  p_z
    2   2   1   1       1.49835512  p_x
    3   1   0   0       0.80679182  s
    4   1   0   0       0.69196332  s
    5   1   0   0       0.69026124  s
    6   1   0   0       0.81547771  s

Input / Output electrons (q):     12.0000000000

Energy H0:                          -6.5322487703 H         -177.7515 eV
Energy SCC:                          0.1356441535 H            3.6911 eV
Energy SPIN:                        -0.0000177882 H           -0.0005 eV
Energy Fock:                        -0.2095724183 H           -5.7028 eV
Total Electronic energy:            -6.6061948234 H         -179.7637 eV
Repulsive energy:                    0.1945000009 H            5.2926 eV

Excitation Energy:                   0.0000000000 H            0.0000 eV

Total energy:                       -6.4117920926 H         -174.4737 eV

SCC converged

Total Forces
    1      0.004764356176     -0.011659041620     -0.030484593465
    2     -0.022217389973     -0.006151507927      0.032496763784
    3     -0.007614430208      0.002080024863      0.007160636354
    4      0.000517040386      0.006561713917     -0.001652793027
    5      0.015973802266      0.006631824645      0.000772473180
    6      0.008576621353      0.002536986122     -0.008292486826

Maximal derivative component:        0.324968E-01 au


