 KPT            1  SPIN            1  KWEIGHT    1.0000000000000000     
     1   -29.554  2.00000
     2   -27.285  2.00000
     3   -25.311  2.00000
     4   -22.911  2.00000
     5   -21.428  2.00000
     6   -20.767  2.00000
     7   -19.332  2.00000
     8   -18.432  2.00000
     9   -17.655  2.00000
    10   -17.422  2.00000
    11   -16.874  2.00000
    12   -16.257  2.00000
    13   -15.951  2.00000
    14   -15.673  2.00000
    15   -14.795  2.00000
    16   -13.914  1.49999
    17    -9.989  0.50001
    18    -4.028  0.00000
    19    -1.806  0.00000
    20     4.225  0.00000
    21     9.946  0.00000
    22    11.422  0.00000
    23    12.258  0.00000
    24    14.496  0.00000
    25    17.001  0.00000
    26    18.423  0.00000
    27    20.560  0.00000
    28    21.263  0.00000
    29    24.611  0.00000
    30    29.833  0.00000
    31    34.615  0.00000
    32    39.851  0.00000

