REKS do not use any electronic distribution function

Calculation with static geometry

********************************************************************************************
  iSCC       reks energy        Diff energy         x_a       SCC error   
   42       -6.2865700560      -0.0000000000     0.999974    0.00000087
********************************************************************************************

 SA-REKS optimizes the avergaed state, not individual states
 These charges do not mean the charges for individual states
 Similarly to this, the values in band.out file indicate
 the band energies and occupations for the averaged state
 If you want to compute the relaxed density,
 please, set 'RelaxedDensity = Yes' option

 Total charge:     1.00000000

 Atomic gross charges (e)
 Atom           Charge
    1       0.10104734
    2      -0.09927695
    3       0.19051003
    4       0.30986850
    5       0.30829974
    6       0.18955135

Nr. of electrons (up):     12.00000000
Atom populations (up)
 Atom       Population
    1       3.89895266
    2       5.09927695
    3       0.80948997
    4       0.69013150
    5       0.69170026
    6       0.81044865

l-shell populations (up)
 Atom Sh.   l       Population
    1   1   0       1.17106150
    1   2   1       2.72789116
    2   1   0       1.37727046
    2   2   1       3.72200649
    3   1   0       0.80948997
    4   1   0       0.69013150
    5   1   0       0.69170026
    6   1   0       0.81044865

Orbital populations (up)
 Atom Sh.   l   m       Population  Label
    1   1   0   0       1.17106150  s
    1   2   1  -1       0.98672092  p_y
    1   2   1   0       0.88349370  p_z
    1   2   1   1       0.85767654  p_x
    2   1   0   0       1.37727046  s
    2   2   1  -1       1.50475103  p_y
    2   2   1   0       1.11512113  p_z
    2   2   1   1       1.10213433  p_x
    3   1   0   0       0.80948997  s
    4   1   0   0       0.69013150  s
    5   1   0   0       0.69170026  s
    6   1   0   0       0.81044865  s

Input / Output electrons (q):     12.0000000000

Energy H0:                          -6.5368631196 H         -177.8771 eV
Energy SCC:                          0.1358442942 H            3.6965 eV
Energy SPIN:                        -0.0000149012 H           -0.0004 eV
Energy Fock:                        -0.2080522547 H           -5.6614 eV
Total Electronic energy:            -6.6090859814 H         -179.8424 eV
Repulsive energy:                    0.1911021693 H            5.2002 eV

Excitation Energy:                   0.0000000000 H            0.0000 eV

Total energy:                       -6.4179950204 H         -174.6425 eV

SCC converged

Total Forces
    1      0.001258528163      0.002072703432     -0.017814649023
    2      0.003053701881     -0.008414027284      0.016292663607
    3      0.003040763576     -0.003177546151      0.005946722962
    4     -0.000645158683      0.006759689568     -0.006081455564
    5     -0.002568805995     -0.000536535746     -0.002219966613
    6     -0.004139028942      0.003295716182      0.003876684630

Maximal derivative component:        0.178146E-01 au


