 KPT            1  SPIN            1  KWEIGHT    1.0000000000000000     
     1   -29.734  2.00000
     2   -27.699  2.00000
     3   -25.174  2.00000
     4   -23.329  2.00000
     5   -21.554  2.00000
     6   -20.611  2.00000
     7   -19.365  2.00000
     8   -18.915  2.00000
     9   -18.507  2.00000
    10   -17.924  2.00000
    11   -17.054  2.00000
    12   -16.659  2.00000
    13   -16.215  2.00000
    14   -15.212  2.00000
    15   -14.817  2.00000
    16   -14.145  1.50000
    17    -9.725  0.50000
    18    -3.542  0.00000
    19    -3.376  0.00000
    20     9.045  0.00000
    21     9.976  0.00000
    22    10.673  0.00000
    23    12.906  0.00000
    24    14.860  0.00000
    25    15.424  0.00000
    26    19.133  0.00000
    27    21.632  0.00000
    28    22.689  0.00000
    29    23.127  0.00000
    30    31.889  0.00000
    31    37.583  0.00000
    32    44.669  0.00000

