REKS do not use any electronic distribution function

Calculation with static geometry

********************************************************************************************
  iSCC       reks energy        Diff energy         x_a       SCC error   
   57       -6.2841596516      -0.0000000000     0.999948    0.00000089
********************************************************************************************

 SA-REKS optimizes the avergaed state, not individual states
 These charges do not mean the charges for individual states
 Similarly to this, the values in band.out file indicate
 the band energies and occupations for the averaged state
 If you want to compute the relaxed density,
 please, set 'RelaxedDensity = Yes' option

 Total charge:     1.00000000

 Atomic gross charges (e)
 Atom           Charge
    1       0.11473349
    2      -0.11120197
    3       0.18841540
    4       0.31070883
    5       0.31381126
    6       0.18353298

Nr. of electrons (up):     12.00000000
Atom populations (up)
 Atom       Population
    1       3.88526651
    2       5.11120197
    3       0.81158460
    4       0.68929117
    5       0.68618874
    6       0.81646702

l-shell populations (up)
 Atom Sh.   l       Population
    1   1   0       1.17714713
    1   2   1       2.70811938
    2   1   0       1.38058718
    2   2   1       3.73061479
    3   1   0       0.81158460
    4   1   0       0.68929117
    5   1   0       0.68618874
    6   1   0       0.81646702

Orbital populations (up)
 Atom Sh.   l   m       Population  Label
    1   1   0   0       1.17714713  s
    1   2   1  -1       0.85868991  p_y
    1   2   1   0       0.89440816  p_z
    1   2   1   1       0.95502131  p_x
    2   1   0   0       1.38058718  s
    2   2   1  -1       1.09017292  p_y
    2   2   1   0       1.13006660  p_z
    2   2   1   1       1.51037526  p_x
    3   1   0   0       0.81158460  s
    4   1   0   0       0.68929117  s
    5   1   0   0       0.68618874  s
    6   1   0   0       0.81646702  s

Input / Output electrons (q):     12.0000000000

Energy H0:                          -6.5287953601 H         -177.6576 eV
Energy SCC:                          0.1347635126 H            3.6671 eV
Energy SPIN:                        -0.0000284897 H           -0.0008 eV
Energy Fock:                        -0.2088910900 H           -5.6842 eV
Total Electronic energy:            -6.6029514273 H         -179.6755 eV
Repulsive energy:                    0.1924741700 H            5.2375 eV

Excitation Energy:                   0.0000000000 H            0.0000 eV

Total energy:                       -6.4107979904 H         -174.4467 eV

SCC converged

Total Forces
    1     -0.001117660974      0.002354887825     -0.007924243469
    2     -0.002957272183      0.003295894697      0.008579011019
    3     -0.010913003832     -0.005048603206     -0.001630770673
    4     -0.012983966968     -0.003703408457      0.006823567350
    5      0.014826372542     -0.000187226742      0.000997766364
    6      0.013145531415      0.003288455883     -0.006845330590

Maximal derivative component:        0.148264E-01 au


