REKS do not use any electronic distribution function

Calculation with static geometry

********************************************************************************************
  iSCC       reks energy        Diff energy         x_a       SCC error   
   64       -6.2850937971      -0.0000000000     0.999937    0.00000092
********************************************************************************************

 SA-REKS optimizes the avergaed state, not individual states
 These charges do not mean the charges for individual states
 Similarly to this, the values in band.out file indicate
 the band energies and occupations for the averaged state
 If you want to compute the relaxed density,
 please, set 'RelaxedDensity = Yes' option

 Total charge:     1.00000000

 Atomic gross charges (e)
 Atom           Charge
    1       0.11972941
    2      -0.12042545
    3       0.18801636
    4       0.31302256
    5       0.31360513
    6       0.18605200

Nr. of electrons (up):     12.00000000
Atom populations (up)
 Atom       Population
    1       3.88027059
    2       5.12042545
    3       0.81198364
    4       0.68697744
    5       0.68639487
    6       0.81394800

l-shell populations (up)
 Atom Sh.   l       Population
    1   1   0       1.18546494
    1   2   1       2.69480566
    2   1   0       1.38460485
    2   2   1       3.73582059
    3   1   0       0.81198364
    4   1   0       0.68697744
    5   1   0       0.68639487
    6   1   0       0.81394800

Orbital populations (up)
 Atom Sh.   l   m       Population  Label
    1   1   0   0       1.18546494  s
    1   2   1  -1       0.85263244  p_y
    1   2   1   0       0.89719587  p_z
    1   2   1   1       0.94497735  p_x
    2   1   0   0       1.38460485  s
    2   2   1  -1       1.08438131  p_y
    2   2   1   0       1.13097487  p_z
    2   2   1   1       1.52046442  p_x
    3   1   0   0       0.81198364  s
    4   1   0   0       0.68697744  s
    5   1   0   0       0.68639487  s
    6   1   0   0       0.81394800  s

Input / Output electrons (q):     12.0000000000

Energy H0:                          -6.5181602544 H         -177.3682 eV
Energy SCC:                          0.1341075572 H            3.6493 eV
Energy SPIN:                        -0.0000337137 H           -0.0009 eV
Energy Fock:                        -0.2083673628 H           -5.6700 eV
Total Electronic energy:            -6.5924537737 H         -179.3898 eV
Repulsive energy:                    0.1830111298 H            4.9800 eV

Excitation Energy:                   0.0000000000 H            0.0000 eV

Total energy:                       -6.4098870295 H         -174.4219 eV

SCC converged

Total Forces
    1     -0.000520061433     -0.003266560723      0.016477895887
    2     -0.000092631916     -0.000884902405     -0.015049569956
    3     -0.013354858309      0.001800415883     -0.005048322192
    4     -0.014251125895      0.004393114903      0.006279099850
    5      0.014429884915     -0.002084997153      0.005505431034
    6      0.013788792638      0.000042929495     -0.008164534622

Maximal derivative component:        0.164779E-01 au


