REKS do not use any electronic distribution function

Calculation with static geometry

********************************************************************************************
  iSCC       reks energy        Diff energy         x_a       SCC error   
   40       -6.2835837744      -0.0000000000     0.999977    0.00000097
********************************************************************************************

 SA-REKS optimizes the avergaed state, not individual states
 These charges do not mean the charges for individual states
 Similarly to this, the values in band.out file indicate
 the band energies and occupations for the averaged state
 If you want to compute the relaxed density,
 please, set 'RelaxedDensity = Yes' option

 Total charge:     1.00000000

 Atomic gross charges (e)
 Atom           Charge
    1       0.10025906
    2      -0.09719786
    3       0.19237190
    4       0.30773821
    5       0.30966229
    6       0.18716640

Nr. of electrons (up):     12.00000000
Atom populations (up)
 Atom       Population
    1       3.89974094
    2       5.09719786
    3       0.80762810
    4       0.69226179
    5       0.69033771
    6       0.81283360

l-shell populations (up)
 Atom Sh.   l       Population
    1   1   0       1.16969532
    1   2   1       2.73004562
    2   1   0       1.37714417
    2   2   1       3.72005369
    3   1   0       0.80762810
    4   1   0       0.69226179
    5   1   0       0.69033771
    6   1   0       0.81283360

Orbital populations (up)
 Atom Sh.   l   m       Population  Label
    1   1   0   0       1.16969532  s
    1   2   1  -1       0.85915524  p_y
    1   2   1   0       0.88917582  p_z
    1   2   1   1       0.98171455  p_x
    2   1   0   0       1.37714417  s
    2   2   1  -1       1.10988172  p_y
    2   2   1   0       1.11466632  p_z
    2   2   1   1       1.49550565  p_x
    3   1   0   0       0.80762810  s
    4   1   0   0       0.69226179  s
    5   1   0   0       0.69033771  s
    6   1   0   0       0.81283360  s

Input / Output electrons (q):     12.0000000000

Energy H0:                          -6.5373771103 H         -177.8911 eV
Energy SCC:                          0.1358691721 H            3.6972 eV
Energy SPIN:                        -0.0000135136 H           -0.0004 eV
Energy Fock:                        -0.2092553996 H           -5.6941 eV
Total Electronic energy:            -6.6107768515 H         -179.8884 eV
Repulsive energy:                    0.1955116145 H            5.3201 eV

Excitation Energy:                   0.0000000000 H            0.0000 eV

Total energy:                       -6.4152884183 H         -174.5689 eV

SCC converged

Total Forces
    1      0.005856804146      0.010153612768     -0.035524124760
    2     -0.019204619058     -0.003947589174      0.046791785124
    3      0.003806652876     -0.003291521381      0.006746589622
    4      0.012156915271     -0.001207192191     -0.006538218133
    5      0.002234689516     -0.001504235132     -0.009013069043
    6     -0.004850442752     -0.000203074890     -0.002462962810

Maximal derivative component:        0.467918E-01 au


