REKS do not use any electronic distribution function

Calculation with static geometry

********************************************************************************************
  iSCC       reks energy        Diff energy         x_a       SCC error   
   46       -6.2831008483      -0.0000000000     0.999975    0.00000097
********************************************************************************************

 SA-REKS optimizes the avergaed state, not individual states
 These charges do not mean the charges for individual states
 Similarly to this, the values in band.out file indicate
 the band energies and occupations for the averaged state
 If you want to compute the relaxed density,
 please, set 'RelaxedDensity = Yes' option

 Total charge:     1.00000000

 Atomic gross charges (e)
 Atom           Charge
    1       0.09530117
    2      -0.10163312
    3       0.19498942
    4       0.31073860
    5       0.31088258
    6       0.18972134

Nr. of electrons (up):     12.00000000
Atom populations (up)
 Atom       Population
    1       3.90469883
    2       5.10163312
    3       0.80501058
    4       0.68926140
    5       0.68911742
    6       0.81027866

l-shell populations (up)
 Atom Sh.   l       Population
    1   1   0       1.17823933
    1   2   1       2.72645950
    2   1   0       1.37966880
    2   2   1       3.72196432
    3   1   0       0.80501058
    4   1   0       0.68926140
    5   1   0       0.68911742
    6   1   0       0.81027866

Orbital populations (up)
 Atom Sh.   l   m       Population  Label
    1   1   0   0       1.17823933  s
    1   2   1  -1       0.84539144  p_y
    1   2   1   0       0.89958249  p_z
    1   2   1   1       0.98148557  p_x
    2   1   0   0       1.37966880  s
    2   2   1  -1       1.08620470  p_y
    2   2   1   0       1.12854714  p_z
    2   2   1   1       1.50721248  p_x
    3   1   0   0       0.80501058  s
    4   1   0   0       0.68926140  s
    5   1   0   0       0.68911742  s
    6   1   0   0       0.81027866  s

Input / Output electrons (q):     12.0000000000

Energy H0:                          -6.5325616704 H         -177.7600 eV
Energy SCC:                          0.1356443841 H            3.6911 eV
Energy SPIN:                        -0.0000144367 H           -0.0004 eV
Energy Fock:                        -0.2094593099 H           -5.6997 eV
Total Electronic energy:            -6.6063910330 H         -179.7690 eV
Repulsive energy:                    0.1913108201 H            5.2058 eV

Excitation Energy:                   0.0000000000 H            0.0000 eV

Total energy:                       -6.4151397514 H         -174.5648 eV

SCC converged

Total Forces
    1      0.002092205097      0.011348424766     -0.024261321055
    2     -0.004444325134      0.002682944876      0.030757341930
    3     -0.007932076461      0.003522587240      0.002700300470
    4     -0.006303097244     -0.011744224033     -0.001831893553
    5      0.008771501665      0.000247195757      0.002180180374
    6      0.007815792077     -0.006056928606     -0.009544608166

Maximal derivative component:        0.307573E-01 au


