REKS do not use any electronic distribution function

Calculation with static geometry

********************************************************************************************
  iSCC       reks energy        Diff energy         x_a       SCC error   
   56       -6.2843036866      -0.0000000000     0.999951    0.00000085
********************************************************************************************

 SA-REKS optimizes the avergaed state, not individual states
 These charges do not mean the charges for individual states
 Similarly to this, the values in band.out file indicate
 the band energies and occupations for the averaged state
 If you want to compute the relaxed density,
 please, set 'RelaxedDensity = Yes' option

 Total charge:     1.00000000

 Atomic gross charges (e)
 Atom           Charge
    1       0.11294050
    2      -0.10874884
    3       0.18467228
    4       0.31068623
    5       0.31324454
    6       0.18720529

Nr. of electrons (up):     12.00000000
Atom populations (up)
 Atom       Population
    1       3.88705950
    2       5.10874884
    3       0.81532772
    4       0.68931377
    5       0.68675546
    6       0.81279471

l-shell populations (up)
 Atom Sh.   l       Population
    1   1   0       1.17454711
    1   2   1       2.71251239
    2   1   0       1.37950513
    2   2   1       3.72924371
    3   1   0       0.81532772
    4   1   0       0.68931377
    5   1   0       0.68675546
    6   1   0       0.81279471

Orbital populations (up)
 Atom Sh.   l   m       Population  Label
    1   1   0   0       1.17454711  s
    1   2   1  -1       0.95582796  p_y
    1   2   1   0       0.89433100  p_z
    1   2   1   1       0.86235342  p_x
    2   1   0   0       1.37950513  s
    2   2   1  -1       1.49996563  p_y
    2   2   1   0       1.12701806  p_z
    2   2   1   1       1.10226002  p_x
    3   1   0   0       0.81532772  s
    4   1   0   0       0.68931377  s
    5   1   0   0       0.68675546  s
    6   1   0   0       0.81279471  s

Input / Output electrons (q):     12.0000000000

Energy H0:                          -6.5327331964 H         -177.7647 eV
Energy SCC:                          0.1349162103 H            3.6713 eV
Energy SPIN:                        -0.0000268062 H           -0.0007 eV
Energy Fock:                        -0.2088688619 H           -5.6836 eV
Total Electronic energy:            -6.6067126543 H         -179.7778 eV
Repulsive energy:                    0.1952435120 H            5.3128 eV

Excitation Energy:                   0.0000000000 H            0.0000 eV

Total energy:                       -6.4117536291 H         -174.4727 eV

SCC converged

Total Forces
    1      0.000559472833      0.001958241047     -0.012571015547
    2      0.001102105115     -0.000067120305      0.014990888235
    3      0.003854971854     -0.012295663029     -0.005478130210
    4     -0.000381055615      0.013116199428      0.006321932427
    5      0.000725646821     -0.013915395623     -0.000998394481
    6     -0.005861141008      0.011203738482     -0.002265280424

Maximal derivative component:        0.149909E-01 au


