REKS do not use any electronic distribution function

Calculation with static geometry

********************************************************************************************
  iSCC       reks energy        Diff energy         x_a       SCC error   
   23       -6.2075791872      -0.0000000000     1.000000    0.00000087
********************************************************************************************

 SA-REKS optimizes the avergaed state, not individual states
 These charges do not mean the charges for individual states
 Similarly to this, the values in band.out file indicate
 the band energies and occupations for the averaged state
 If you want to compute the relaxed density,
 please, set 'RelaxedDensity = Yes' option

 Total charge:     1.00000000

 Atomic gross charges (e)
 Atom           Charge
    1       0.34406848
    2      -0.28548944
    3       0.12629093
    4       0.31248630
    5       0.33084975
    6       0.17179400

Nr. of electrons (up):     12.00000000
Atom populations (up)
 Atom       Population
    1       3.65593152
    2       5.28548944
    3       0.87370907
    4       0.68751370
    5       0.66915025
    6       0.82820600

l-shell populations (up)
 Atom Sh.   l       Population
    1   1   0       1.26257312
    1   2   1       2.39335841
    2   1   0       1.47802304
    2   2   1       3.80746640
    3   1   0       0.87370907
    4   1   0       0.68751370
    5   1   0       0.66915025
    6   1   0       0.82820600

Orbital populations (up)
 Atom Sh.   l   m       Population  Label
    1   1   0   0       1.26257312  s
    1   2   1  -1       0.77351954  p_y
    1   2   1   0       0.75076154  p_z
    1   2   1   1       0.86907733  p_x
    2   1   0   0       1.47802304  s
    2   2   1  -1       1.40577023  p_y
    2   2   1   0       0.99536155  p_z
    2   2   1   1       1.40633462  p_x
    3   1   0   0       0.87370907  s
    4   1   0   0       0.68751370  s
    5   1   0   0       0.66915025  s
    6   1   0   0       0.82820600  s

Input / Output electrons (q):     12.0000000000

Energy H0:                          -6.2467315167 H         -169.9822 eV
Energy SCC:                          0.1539397305 H            4.1889 eV
Energy SPIN:                        -0.0000000000 H           -0.0000 eV
Energy Fock:                        -0.2188337877 H           -5.9548 eV
Total Electronic energy:            -6.3116255739 H         -171.7481 eV
Repulsive energy:                    0.1154661577 H            3.1420 eV

Excitation Energy:                   0.0000000000 H            0.0000 eV

Total energy:                       -6.2200181800 H         -169.2553 eV

SCC converged

Total Forces
    1      0.068845502427     -0.037467735679      0.044779145159
    2     -0.034878547938     -0.034582728847     -0.005104297193
    3     -0.072460974067      0.045116864315     -0.000153950306
    4     -0.024270898584     -0.012879457706     -0.053301868659
    5      0.042444152374      0.034163929644     -0.032599217484
    6      0.020320765788      0.005649128273      0.046380188482

Maximal derivative component:        0.724610E-01 au


