 Fermi distribution function

Calculation with static geometry


********************************************************************************
 iSCC Total electronic   Diff electronic      SCC error    
   10   -0.53891561E+01   -0.37392311E-12    0.28849999E-07
********************************************************************************

 Total charge:     1.00000000

 Atomic gross charges (e)
 Atom           Charge
    1       0.13787743
    2      -0.02779572
    3       0.19315950
    4       0.27427665
    5       0.26817566
    6       0.15430648

Nr. of electrons (up):     12.00000000
Atom populations (up)
 Atom       Population
    1       3.86212257
    2       5.02779572
    3       0.80684050
    4       0.72572335
    5       0.73182434
    6       0.84569352

l-shell populations (up)
 Atom Sh.   l       Population
    1   1   0       1.33645045
    1   2   1       2.52567213
    2   1   0       1.44193053
    2   2   1       3.58586519
    3   1   0       0.80684050
    4   1   0       0.72572335
    5   1   0       0.73182434
    6   1   0       0.84569352

Orbital populations (up)
 Atom Sh.   l   m       Population  Label
    1   1   0   0       1.33645045  s
    1   2   1  -1       0.59852927  p_y
    1   2   1   0       0.87303892  p_z
    1   2   1   1       1.05410393  p_x
    2   1   0   0       1.44193053  s
    2   2   1  -1       1.30742255  p_y
    2   2   1   0       1.11490763  p_z
    2   2   1   1       1.16353500  p_x
    3   1   0   0       0.80684050  s
    4   1   0   0       0.72572335  s
    5   1   0   0       0.73182434  s
    6   1   0   0       0.84569352  s

Fermi level:                        -0.5029380066 H          -13.6856 eV
Band energy:                        -8.9201987637 H         -242.7310 eV
TS:                                  0.0000000000 H            0.0000 eV
Band free energy (E-TS):            -8.9201987637 H         -242.7310 eV
Extrapolated E(0K):                 -8.9201987637 H         -242.7310 eV
Input / Output electrons (q):     12.0000000000     12.0000000000

Energy H0:                          -5.5231628064 H         -150.2929 eV
Energy SCC:                          0.1340067387 H            3.6465 eV
Total Electronic energy:            -5.3891560677 H         -146.6464 eV
Repulsive energy:                    0.1773849464 H            4.8269 eV
Total energy:                       -5.2117711213 H         -141.8195 eV
Extrapolated to 0:                  -5.2117711213 H         -141.8195 eV
Total Mermin free energy:           -5.2117711213 H         -141.8195 eV
Force related energy:               -5.2117711213 H         -141.8195 eV

SCC converged

Excitation Energy:                   0.1341840610 H            3.6513 eV

Total Forces
    1      0.003276106068     -0.019432263987      0.038012037772
    2      0.000947913702      0.010062323318     -0.043120231935
    3     -0.009065484000      0.003676475025      0.001718509830
    4     -0.007374296405      0.003323205213      0.003976464753
    5      0.008519663532     -0.002908206421     -0.001141024136
    6      0.003696097103      0.005278466852      0.000554243715

Maximal derivative component:        0.431202E-01 au


