 KPT            1  SPIN            1  KWEIGHT    1.0000000000000000     
     1   -29.781  2.00000
     2   -27.148  2.00000
     3   -25.463  2.00000
     4   -23.302  2.00000
     5   -21.417  2.00000
     6   -19.992  2.00000
     7   -19.394  2.00000
     8   -18.768  2.00000
     9   -17.957  2.00000
    10   -17.847  2.00000
    11   -16.879  2.00000
    12   -16.601  2.00000
    13   -15.866  2.00000
    14   -14.839  2.00000
    15   -14.350  2.00000
    16   -13.745  1.49996
    17   -10.245  0.50004
    18    -3.538  0.00000
    19    -2.105  0.00000
    20     6.267  0.00000
    21     8.637  0.00000
    22     9.988  0.00000
    23    12.998  0.00000
    24    14.525  0.00000
    25    14.752  0.00000
    26    18.548  0.00000
    27    20.323  0.00000
    28    23.592  0.00000
    29    29.684  0.00000
    30    34.471  0.00000
    31    36.937  0.00000
    32    40.542  0.00000

