REKS do not use any electronic distribution function

Calculation with static geometry

********************************************************************************************
  iSCC       reks energy        Diff energy         x_a       SCC error   
   62      -16.4079382951      -0.0000000000     0.999960    0.00000097
********************************************************************************************

 SA-REKS optimizes the avergaed state, not individual states
 These charges do not mean the charges for individual states
 Similarly to this, the values in band.out file indicate
 the band energies and occupations for the averaged state
 If you want to compute the relaxed density,
 please, set 'RelaxedDensity = Yes' option

 Total charge:     1.00000000

 Atomic gross charges (e)
 Atom           Charge
    1      -0.07890810
    2      -0.03656340
    3       0.09043334
    4       0.12878707
    5       0.12000590
    6       0.09060136
    7      -0.12435446
    8       0.09348772
    9       0.12387000
   10       0.23123294
   11       0.09016539
   12      -0.22666035
   13       0.23384801
   14       0.26405458

Nr. of electrons (up):     32.00000000
Atom populations (up)
 Atom       Population
    1       4.07890810
    2       4.03656340
    3       0.90956666
    4       0.87121293
    5       0.87999410
    6       3.90939864
    7       4.12435446
    8       0.90651228
    9       0.87613000
   10       3.76876706
   11       0.90983461
   12       5.22666035
   13       0.76615199
   14       0.73594542

l-shell populations (up)
 Atom Sh.   l       Population
    1   1   0       1.21320466
    1   2   1       2.86570344
    2   1   0       1.16236629
    2   2   1       2.87419711
    3   1   0       0.90956666
    4   1   0       0.87121293
    5   1   0       0.87999410
    6   1   0       1.18136418
    6   2   1       2.72803446
    7   1   0       1.15237775
    7   2   1       2.97197671
    8   1   0       0.90651228
    9   1   0       0.87613000
   10   1   0       1.10532532
   10   2   1       2.66344174
   11   1   0       0.90983461
   12   1   0       1.40202479
   12   2   1       3.82463556
   13   1   0       0.76615199
   14   1   0       0.73594542

Orbital populations (up)
 Atom Sh.   l   m       Population  Label
    1   1   0   0       1.21320466  s
    1   2   1  -1       0.97523218  p_y
    1   2   1   0       0.91653973  p_z
    1   2   1   1       0.97393153  p_x
    2   1   0   0       1.16236629  s
    2   2   1  -1       0.92842543  p_y
    2   2   1   0       0.96103424  p_z
    2   2   1   1       0.98473745  p_x
    3   1   0   0       0.90956666  s
    4   1   0   0       0.87121293  s
    5   1   0   0       0.87999410  s
    6   1   0   0       1.18136418  s
    6   2   1  -1       0.88900422  p_y
    6   2   1   0       0.92973153  p_z
    6   2   1   1       0.90929871  p_x
    7   1   0   0       1.15237775  s
    7   2   1  -1       1.01262282  p_y
    7   2   1   0       1.05570555  p_z
    7   2   1   1       0.90364834  p_x
    8   1   0   0       0.90651228  s
    9   1   0   0       0.87613000  s
   10   1   0   0       1.10532532  s
   10   2   1  -1       0.93159434  p_y
   10   2   1   0       0.85757781  p_z
   10   2   1   1       0.87426959  p_x
   11   1   0   0       0.90983461  s
   12   1   0   0       1.40202479  s
   12   2   1  -1       1.33458755  p_y
   12   2   1   0       1.27964063  p_z
   12   2   1   1       1.21040738  p_x
   13   1   0   0       0.76615199  s
   14   1   0   0       0.73594542  s

Input / Output electrons (q):     32.0000000000

Energy H0:                         -16.2971445949 H         -443.4679 eV
Energy SCC:                          0.0944359156 H            2.5697 eV
Energy SPIN:                        -0.0000077954 H           -0.0002 eV
Energy Fock:                        -0.6755722103 H          -18.3833 eV
Total Electronic energy:           -16.8782886850 H         -459.2816 eV
Repulsive energy:                    0.4055410532 H           11.0353 eV

Excitation Energy:                   0.0000000000 H            0.0000 eV

Total energy:                      -16.4751699102 H         -448.3122 eV

SCC converged

Total Forces
    1      0.065641995346     -0.007511696461      0.010402748708
    2     -0.036691725722     -0.008171384764     -0.031727626851
    3     -0.033597873055      0.004734373494     -0.008163705078
    4      0.001266049928      0.006466700889      0.009244830622
    5      0.015964448294     -0.001984780607      0.006517774837
    6      0.009437272122     -0.002103579927      0.039514671411
    7     -0.122648133086      0.019424195478      0.028425317324
    8      0.022421658194      0.011816334556     -0.019233247854
    9      0.021021268257     -0.004315060191      0.002827202285
   10     -0.013527281264     -0.054783603031     -0.026470455530
   11      0.000628745736     -0.012891982810      0.018283700525
   12      0.105833587040      0.062906247207     -0.124593326191
   13     -0.025867191951      0.003593684850      0.031530905841
   14     -0.009882819841     -0.017179448682      0.063441209952

Maximal derivative component:        0.124593E+00 au


