 KPT            1  SPIN            1  KWEIGHT    1.0000000000000000     
     1   -29.330  2.00000
     2   -27.262  2.00000
     3   -25.392  2.00000
     4   -22.977  2.00000
     5   -21.190  2.00000
     6   -20.776  2.00000
     7   -18.996  2.00000
     8   -18.454  2.00000
     9   -17.678  2.00000
    10   -17.530  2.00000
    11   -17.013  2.00000
    12   -16.426  2.00000
    13   -15.678  2.00000
    14   -15.501  2.00000
    15   -15.387  2.00000
    16   -13.488  1.49993
    17   -10.126  0.50007
    18    -4.018  0.00000
    19    -1.465  0.00000
    20     8.850  0.00000
    21    11.847  0.00000
    22    12.443  0.00000
    23    13.518  0.00000
    24    16.457  0.00000
    25    16.853  0.00000
    26    17.511  0.00000
    27    20.185  0.00000
    28    22.606  0.00000
    29    25.188  0.00000
    30    30.628  0.00000
    31    35.496  0.00000
    32    38.234  0.00000

