REKS do not use any electronic distribution function

Calculation with static geometry

********************************************************************************************
  iSCC       reks energy        Diff energy         x_a       SCC error   
   58      -16.4421291226      -0.0000000000     0.999926    0.00000092
********************************************************************************************

 SA-REKS optimizes the avergaed state, not individual states
 These charges do not mean the charges for individual states
 Similarly to this, the values in band.out file indicate
 the band energies and occupations for the averaged state
 If you want to compute the relaxed density,
 please, set 'RelaxedDensity = Yes' option

 Total charge:     1.00000000

 Atomic gross charges (e)
 Atom           Charge
    1      -0.00621907
    2      -0.01359229
    3       0.10510609
    4       0.13795919
    5       0.11218941
    6       0.03107419
    7      -0.11654941
    8       0.09212674
    9       0.09126899
   10       0.19260367
   11       0.12117313
   12      -0.24603744
   13       0.25476182
   14       0.24413499

Nr. of electrons (up):     32.00000000
Atom populations (up)
 Atom       Population
    1       4.00621907
    2       4.01359229
    3       0.89489391
    4       0.86204081
    5       0.88781059
    6       3.96892581
    7       4.11654941
    8       0.90787326
    9       0.90873101
   10       3.80739633
   11       0.87882687
   12       5.24603744
   13       0.74523818
   14       0.75586501

l-shell populations (up)
 Atom Sh.   l       Population
    1   1   0       1.21830259
    1   2   1       2.78791647
    2   1   0       1.17201808
    2   2   1       2.84157421
    3   1   0       0.89489391
    4   1   0       0.86204081
    5   1   0       0.88781059
    6   1   0       1.19187845
    6   2   1       2.77704736
    7   1   0       1.17071088
    7   2   1       2.94583852
    8   1   0       0.90787326
    9   1   0       0.90873101
   10   1   0       1.15221707
   10   2   1       2.65517927
   11   1   0       0.87882687
   12   1   0       1.41105475
   12   2   1       3.83498270
   13   1   0       0.74523818
   14   1   0       0.75586501

Orbital populations (up)
 Atom Sh.   l   m       Population  Label
    1   1   0   0       1.21830259  s
    1   2   1  -1       1.01324318  p_y
    1   2   1   0       0.82646194  p_z
    1   2   1   1       0.94821136  p_x
    2   1   0   0       1.17201808  s
    2   2   1  -1       0.94270729  p_y
    2   2   1   0       0.95887227  p_z
    2   2   1   1       0.93999465  p_x
    3   1   0   0       0.89489391  s
    4   1   0   0       0.86204081  s
    5   1   0   0       0.88781059  s
    6   1   0   0       1.19187845  s
    6   2   1  -1       0.90876236  p_y
    6   2   1   0       0.88897238  p_z
    6   2   1   1       0.97931263  p_x
    7   1   0   0       1.17071088  s
    7   2   1  -1       0.95402868  p_y
    7   2   1   0       1.02589986  p_z
    7   2   1   1       0.96590998  p_x
    8   1   0   0       0.90787326  s
    9   1   0   0       0.90873101  s
   10   1   0   0       1.15221707  s
   10   2   1  -1       0.94384896  p_y
   10   2   1   0       0.85793242  p_z
   10   2   1   1       0.85339789  p_x
   11   1   0   0       0.87882687  s
   12   1   0   0       1.41105475  s
   12   2   1  -1       1.29128878  p_y
   12   2   1   0       1.43422239  p_z
   12   2   1   1       1.10947152  p_x
   13   1   0   0       0.74523818  s
   14   1   0   0       0.75586501  s

Input / Output electrons (q):     32.0000000000

Energy H0:                         -16.3509681299 H         -444.9325 eV
Energy SCC:                          0.0944335679 H            2.5697 eV
Energy SPIN:                        -0.0000132804 H           -0.0004 eV
Energy Fock:                        -0.6536744986 H          -17.7874 eV
Total Electronic energy:           -16.9102223410 H         -460.1506 eV
Repulsive energy:                    0.4055481149 H           11.0355 eV

Excitation Energy:                   0.0000000000 H            0.0000 eV

Total energy:                      -16.5052068372 H         -449.1295 eV

SCC converged

Total Forces
    1      0.010637522416     -0.009551502529      0.013453523485
    2     -0.003863274860      0.024972300362     -0.035483448131
    3     -0.023195541480      0.013999675612     -0.019758510404
    4      0.012721208581      0.006455049482      0.018356090193
    5      0.002505984520     -0.021515535956      0.003509258452
    6     -0.026782235581      0.016131142996     -0.028659171015
    7      0.000565202697     -0.008075837143      0.020570444269
    8     -0.018282810321     -0.020375364833      0.028307830495
    9      0.008948643399      0.017446118044     -0.003130673134
   10      0.104720759897     -0.105956400943      0.056187550385
   11     -0.015245781534      0.045159183574     -0.021828225930
   12     -0.019191996654      0.037864028799     -0.019008904600
   13     -0.027450138665     -0.007532402928      0.005285663285
   14     -0.006087542414      0.010979545464     -0.017801427349

Maximal derivative component:        0.105956E+00 au


