REKS do not use any electronic distribution function

Calculation with static geometry

********************************************************************************************
  iSCC       reks energy        Diff energy         x_a       SCC error   
   54       -6.2859631521      -0.0000000000     0.999968    0.00000093
********************************************************************************************

 SA-REKS optimizes the avergaed state, not individual states
 These charges do not mean the charges for individual states
 Similarly to this, the values in band.out file indicate
 the band energies and occupations for the averaged state
 If you want to compute the relaxed density,
 please, set 'RelaxedDensity = Yes' option

 Total charge:     1.00000000

 Atomic gross charges (e)
 Atom           Charge
    1       0.10146103
    2      -0.11594258
    3       0.19566399
    4       0.31309077
    5       0.31275982
    6       0.19296697

Nr. of electrons (up):     12.00000000
Atom populations (up)
 Atom       Population
    1       3.89853897
    2       5.11594258
    3       0.80433601
    4       0.68690923
    5       0.68724018
    6       0.80703303

l-shell populations (up)
 Atom Sh.   l       Population
    1   1   0       1.19026808
    1   2   1       2.70827089
    2   1   0       1.38792584
    2   2   1       3.72801674
    3   1   0       0.80433601
    4   1   0       0.68690923
    5   1   0       0.68724018
    6   1   0       0.80703303

Orbital populations (up)
 Atom Sh.   l   m       Population  Label
    1   1   0   0       1.19026808  s
    1   2   1  -1       0.97118670  p_y
    1   2   1   0       0.89702580  p_z
    1   2   1   1       0.84005839  p_x
    2   1   0   0       1.38792584  s
    2   2   1  -1       1.51490467  p_y
    2   2   1   0       1.13139030  p_z
    2   2   1   1       1.08172178  p_x
    3   1   0   0       0.80433601  s
    4   1   0   0       0.68690923  s
    5   1   0   0       0.68724018  s
    6   1   0   0       0.80703303  s

Input / Output electrons (q):     12.0000000000

Energy H0:                          -6.5143057430 H         -177.2633 eV
Energy SCC:                          0.1347533548 H            3.6668 eV
Energy SPIN:                        -0.0000182919 H           -0.0005 eV
Energy Fock:                        -0.2080264830 H           -5.6607 eV
Total Electronic energy:            -6.5875971631 H         -179.2576 eV
Repulsive energy:                    0.1726411500 H            4.6978 eV

Excitation Energy:                   0.0000000000 H            0.0000 eV

Total energy:                       -6.4150165408 H         -174.5615 eV

SCC converged

Total Forces
    1     -0.008696259739      0.004170635386      0.020207545618
    2     -0.000096851290     -0.000756393204     -0.018056444911
    3     -0.008518520051     -0.009022861362     -0.001464892001
    4     -0.004039634511      0.007399402102      0.004093155843
    5      0.009181297597     -0.007748705409      0.002291360670
    6      0.012169967994      0.005957922486     -0.007070725218

Maximal derivative component:        0.202075E-01 au


