REKS do not use any electronic distribution function

Calculation with static geometry

********************************************************************************************
  iSCC       reks energy        Diff energy         x_a       SCC error   
   81      -16.4216570075      -0.0000000000     1.000000    0.00000098
********************************************************************************************

 SA-REKS optimizes the avergaed state, not individual states
 These charges do not mean the charges for individual states
 Similarly to this, the values in band.out file indicate
 the band energies and occupations for the averaged state
 If you want to compute the relaxed density,
 please, set 'RelaxedDensity = Yes' option

 Total charge:     1.00000000

 Atomic gross charges (e)
 Atom           Charge
    1      -0.13195484
    2      -0.04303038
    3       0.10703648
    4       0.11476339
    5       0.12436037
    6       0.09538259
    7      -0.04987485
    8       0.13360109
    9       0.11811574
   10       0.12664515
   11       0.12623244
   12      -0.21527901
   13       0.24404334
   14       0.24995849

Nr. of electrons (up):     32.00000000
Atom populations (up)
 Atom       Population
    1       4.13195484
    2       4.04303038
    3       0.89296352
    4       0.88523661
    5       0.87563963
    6       3.90461741
    7       4.04987485
    8       0.86639891
    9       0.88188426
   10       3.87335485
   11       0.87376756
   12       5.21527901
   13       0.75595666
   14       0.75004151

l-shell populations (up)
 Atom Sh.   l       Population
    1   1   0       1.18235900
    1   2   1       2.94959584
    2   1   0       1.17483313
    2   2   1       2.86819725
    3   1   0       0.89296352
    4   1   0       0.88523661
    5   1   0       0.87563963
    6   1   0       1.19398154
    6   2   1       2.71063586
    7   1   0       1.18990203
    7   2   1       2.85997282
    8   1   0       0.86639891
    9   1   0       0.88188426
   10   1   0       1.14966528
   10   2   1       2.72368958
   11   1   0       0.87376756
   12   1   0       1.37380098
   12   2   1       3.84147803
   13   1   0       0.75595666
   14   1   0       0.75004151

Orbital populations (up)
 Atom Sh.   l   m       Population  Label
    1   1   0   0       1.18235900  s
    1   2   1  -1       1.00909511  p_y
    1   2   1   0       1.01439040  p_z
    1   2   1   1       0.92611034  p_x
    2   1   0   0       1.17483313  s
    2   2   1  -1       0.92825612  p_y
    2   2   1   0       0.95126912  p_z
    2   2   1   1       0.98867201  p_x
    3   1   0   0       0.89296352  s
    4   1   0   0       0.88523661  s
    5   1   0   0       0.87563963  s
    6   1   0   0       1.19398154  s
    6   2   1  -1       0.87791101  p_y
    6   2   1   0       0.93358851  p_z
    6   2   1   1       0.89913635  p_x
    7   1   0   0       1.18990203  s
    7   2   1  -1       0.99124820  p_y
    7   2   1   0       0.95171582  p_z
    7   2   1   1       0.91700880  p_x
    8   1   0   0       0.86639891  s
    9   1   0   0       0.88188426  s
   10   1   0   0       1.14966528  s
   10   2   1  -1       0.90111583  p_y
   10   2   1   0       0.95815307  p_z
   10   2   1   1       0.86442068  p_x
   11   1   0   0       0.87376756  s
   12   1   0   0       1.37380098  s
   12   2   1  -1       1.51188293  p_y
   12   2   1   0       1.25131766  p_z
   12   2   1   1       1.07827745  p_x
   13   1   0   0       0.75595666  s
   14   1   0   0       0.75004151  s

Input / Output electrons (q):     32.0000000000

Energy H0:                         -16.4304011860 H         -447.0940 eV
Energy SCC:                          0.1168144026 H            3.1787 eV
Energy SPIN:                        -0.0000000003 H           -0.0000 eV
Energy Fock:                        -0.6611516958 H          -17.9909 eV
Total Electronic energy:           -16.9747384796 H         -461.9061 eV
Repulsive energy:                    0.4910540960 H           13.3623 eV

Excitation Energy:                   0.0000000000 H            0.0000 eV

Total energy:                      -16.4837230330 H         -448.5449 eV

SCC converged

Total Forces
    1     -0.030706329494      0.002593482410      0.013018613567
    2      0.014315733920     -0.027621952404     -0.041686171659
    3     -0.001009202945      0.017701776490     -0.009927389850
    4     -0.010199132393     -0.017496204612      0.032994817750
    5     -0.003460890891      0.015420813950     -0.008140547993
    6      0.035055839415     -0.003498821108      0.073827562027
    7     -0.052955013618      0.043523753204     -0.029539161110
    8     -0.004548000584     -0.004653383597     -0.016971378205
    9      0.023052327151     -0.005515835981      0.005445880243
   10      0.086636856462     -0.021110255883     -0.111062395447
   11     -0.017727910812     -0.011012974134      0.044167335214
   12     -0.065154043548      0.006380915723      0.065012589669
   13      0.010662965720      0.000925722362      0.029410418653
   14      0.016036801616      0.004362963579     -0.046550172859

Maximal derivative component:        0.111062E+00 au


