REKS do not use any electronic distribution function

Calculation with static geometry

********************************************************************************************
  iSCC       reks energy        Diff energy         x_a       SCC error   
   94      -16.4347768484      -0.0000000000     0.999927    0.00000095
********************************************************************************************

 SA-REKS optimizes the avergaed state, not individual states
 These charges do not mean the charges for individual states
 Similarly to this, the values in band.out file indicate
 the band energies and occupations for the averaged state
 If you want to compute the relaxed density,
 please, set 'RelaxedDensity = Yes' option

 Total charge:     1.00000000

 Atomic gross charges (e)
 Atom           Charge
    1       0.00360813
    2      -0.01996725
    3       0.12931648
    4       0.10850201
    5       0.09992165
    6       0.04476863
    7      -0.08903703
    8       0.09442796
    9       0.11279862
   10       0.18738415
   11       0.09619047
   12      -0.27790572
   13       0.26630990
   14       0.24368198

Nr. of electrons (up):     32.00000000
Atom populations (up)
 Atom       Population
    1       3.99639187
    2       4.01996725
    3       0.87068352
    4       0.89149799
    5       0.90007835
    6       3.95523137
    7       4.08903703
    8       0.90557204
    9       0.88720138
   10       3.81261585
   11       0.90380953
   12       5.27790572
   13       0.73369010
   14       0.75631802

l-shell populations (up)
 Atom Sh.   l       Population
    1   1   0       1.20483997
    1   2   1       2.79155190
    2   1   0       1.16665643
    2   2   1       2.85331082
    3   1   0       0.87068352
    4   1   0       0.89149799
    5   1   0       0.90007835
    6   1   0       1.16933495
    6   2   1       2.78589642
    7   1   0       1.15322697
    7   2   1       2.93581005
    8   1   0       0.90557204
    9   1   0       0.88720138
   10   1   0       1.15021730
   10   2   1       2.66239855
   11   1   0       0.90380953
   12   1   0       1.43727552
   12   2   1       3.84063020
   13   1   0       0.73369010
   14   1   0       0.75631802

Orbital populations (up)
 Atom Sh.   l   m       Population  Label
    1   1   0   0       1.20483997  s
    1   2   1  -1       0.79923794  p_y
    1   2   1   0       1.01401612  p_z
    1   2   1   1       0.97829784  p_x
    2   1   0   0       1.16665643  s
    2   2   1  -1       0.94674133  p_y
    2   2   1   0       0.94049075  p_z
    2   2   1   1       0.96607874  p_x
    3   1   0   0       0.87068352  s
    4   1   0   0       0.89149799  s
    5   1   0   0       0.90007835  s
    6   1   0   0       1.16933495  s
    6   2   1  -1       0.89313061  p_y
    6   2   1   0       0.95991292  p_z
    6   2   1   1       0.93285289  p_x
    7   1   0   0       1.15322697  s
    7   2   1  -1       1.00476850  p_y
    7   2   1   0       0.98329979  p_z
    7   2   1   1       0.94774176  p_x
    8   1   0   0       0.90557204  s
    9   1   0   0       0.88720138  s
   10   1   0   0       1.15021730  s
   10   2   1  -1       0.86804189  p_y
   10   2   1   0       0.93648601  p_z
   10   2   1   1       0.85787065  p_x
   11   1   0   0       0.90380953  s
   12   1   0   0       1.43727552  s
   12   2   1  -1       1.35215985  p_y
   12   2   1   0       1.37846520  p_z
   12   2   1   1       1.11000515  p_x
   13   1   0   0       0.73369010  s
   14   1   0   0       0.75631802  s

Input / Output electrons (q):     32.0000000000

Energy H0:                         -16.3595979866 H         -445.1673 eV
Energy SCC:                          0.0924386763 H            2.5154 eV
Energy SPIN:                        -0.0000133973 H           -0.0004 eV
Energy Fock:                        -0.6559562977 H          -17.8495 eV
Total Electronic energy:           -16.9231290053 H         -460.5018 eV
Repulsive energy:                    0.4265560768 H           11.6072 eV

Excitation Energy:                   0.0000000000 H            0.0000 eV

Total energy:                      -16.4980783179 H         -448.9356 eV

SCC converged

Total Forces
    1     -0.005495697680     -0.027114186092     -0.070860242957
    2      0.046028490872      0.033353523782     -0.013569827844
    3     -0.023744147642      0.013905184737      0.036849701172
    4     -0.011968582816     -0.006904141865      0.021514255582
    5      0.003980884525      0.013302993304      0.014654892117
    6      0.010546438266     -0.025977252356      0.049202196491
    7     -0.043599645342      0.008592236837     -0.013697468977
    8     -0.034486069092     -0.000129983854      0.017023210211
    9     -0.009560721315     -0.008538728456      0.001804633344
   10      0.165177881313      0.062714311200     -0.000190968556
   11     -0.008069743654     -0.023545693913     -0.034256524035
   12     -0.040058208338     -0.007321452301      0.023475576716
   13     -0.047362604438      0.009632332109      0.009661492796
   14     -0.001388274661     -0.041969143133     -0.041610926060

Maximal derivative component:        0.165178E+00 au


