 KPT            1  SPIN            1  KWEIGHT    1.0000000000000000     
     1   -29.564  2.00000
     2   -27.373  2.00000
     3   -25.466  2.00000
     4   -23.089  2.00000
     5   -21.170  2.00000
     6   -20.758  2.00000
     7   -19.470  2.00000
     8   -18.592  2.00000
     9   -17.891  2.00000
    10   -17.553  2.00000
    11   -17.071  2.00000
    12   -16.884  2.00000
    13   -15.830  2.00000
    14   -15.538  2.00000
    15   -14.852  2.00000
    16   -13.965  1.50000
    17   -10.008  0.50000
    18    -3.551  0.00000
    19    -1.588  0.00000
    20     7.330  0.00000
    21    11.057  0.00000
    22    14.641  0.00000
    23    15.712  0.00000
    24    17.060  0.00000
    25    18.207  0.00000
    26    21.056  0.00000
    27    23.182  0.00000
    28    24.418  0.00000
    29    31.411  0.00000
    30    34.177  0.00000
    31    37.073  0.00000
    32    40.382  0.00000

