 KPT            1  SPIN            1  KWEIGHT    1.0000000000000000     
     1   -30.003  2.00000
     2   -27.285  2.00000
     3   -25.298  2.00000
     4   -22.998  2.00000
     5   -21.683  2.00000
     6   -20.525  2.00000
     7   -19.186  2.00000
     8   -19.022  2.00000
     9   -18.204  2.00000
    10   -17.648  2.00000
    11   -17.086  2.00000
    12   -16.716  2.00000
    13   -15.781  2.00000
    14   -15.458  2.00000
    15   -14.498  2.00000
    16   -14.204  1.50000
    17    -9.358  0.50000
    18    -3.187  0.00000
    19    -1.677  0.00000
    20     5.120  0.00000
    21     7.759  0.00000
    22     9.751  0.00000
    23    12.774  0.00000
    24    14.291  0.00000
    25    15.716  0.00000
    26    18.187  0.00000
    27    18.806  0.00000
    28    19.676  0.00000
    29    28.002  0.00000
    30    36.797  0.00000
    31    42.979  0.00000
    32    45.750  0.00000

