REKS do not use any electronic distribution function

Calculation with static geometry

********************************************************************************************
  iSCC       reks energy        Diff energy         x_a       SCC error   
  155      -16.4140909205      -0.0000000000     1.000000    0.00000097
********************************************************************************************

 SA-REKS optimizes the avergaed state, not individual states
 These charges do not mean the charges for individual states
 Similarly to this, the values in band.out file indicate
 the band energies and occupations for the averaged state
 If you want to compute the relaxed density,
 please, set 'RelaxedDensity = Yes' option

 Total charge:     1.00000000

 Atomic gross charges (e)
 Atom           Charge
    1      -0.02960562
    2       0.01598410
    3       0.10969890
    4       0.09544516
    5       0.13275791
    6      -0.01391046
    7      -0.08981854
    8       0.11230247
    9       0.07767465
   10       0.16463093
   11       0.10603117
   12      -0.17211386
   13       0.24946161
   14       0.24146157

Nr. of electrons (up):     32.00000000
Atom populations (up)
 Atom       Population
    1       4.02960562
    2       3.98401590
    3       0.89030110
    4       0.90455484
    5       0.86724209
    6       4.01391046
    7       4.08981854
    8       0.88769753
    9       0.92232535
   10       3.83536907
   11       0.89396883
   12       5.17211386
   13       0.75053839
   14       0.75853843

l-shell populations (up)
 Atom Sh.   l       Population
    1   1   0       1.21402538
    1   2   1       2.81558024
    2   1   0       1.19918861
    2   2   1       2.78482728
    3   1   0       0.89030110
    4   1   0       0.90455484
    5   1   0       0.86724209
    6   1   0       1.18494642
    6   2   1       2.82896404
    7   1   0       1.16676555
    7   2   1       2.92305299
    8   1   0       0.88769753
    9   1   0       0.92232535
   10   1   0       1.14055541
   10   2   1       2.69481366
   11   1   0       0.89396883
   12   1   0       1.37151853
   12   2   1       3.80059532
   13   1   0       0.75053839
   14   1   0       0.75853843

Orbital populations (up)
 Atom Sh.   l   m       Population  Label
    1   1   0   0       1.21402538  s
    1   2   1  -1       0.91154037  p_y
    1   2   1   0       0.90931756  p_z
    1   2   1   1       0.99472231  p_x
    2   1   0   0       1.19918861  s
    2   2   1  -1       0.91181892  p_y
    2   2   1   0       0.93467430  p_z
    2   2   1   1       0.93833406  p_x
    3   1   0   0       0.89030110  s
    4   1   0   0       0.90455484  s
    5   1   0   0       0.86724209  s
    6   1   0   0       1.18494642  s
    6   2   1  -1       0.93061972  p_y
    6   2   1   0       0.97520790  p_z
    6   2   1   1       0.92313642  p_x
    7   1   0   0       1.16676555  s
    7   2   1  -1       1.03462392  p_y
    7   2   1   0       0.96361591  p_z
    7   2   1   1       0.92481317  p_x
    8   1   0   0       0.88769753  s
    9   1   0   0       0.92232535  s
   10   1   0   0       1.14055541  s
   10   2   1  -1       0.87703464  p_y
   10   2   1   0       0.89878362  p_z
   10   2   1   1       0.91899540  p_x
   11   1   0   0       0.89396883  s
   12   1   0   0       1.37151853  s
   12   2   1  -1       1.30706317  p_y
   12   2   1   0       1.21007613  p_z
   12   2   1   1       1.28345603  p_x
   13   1   0   0       0.75053839  s
   14   1   0   0       0.75853843  s

Input / Output electrons (q):     32.0000000000

Energy H0:                         -16.3877701045 H         -445.9339 eV
Energy SCC:                          0.1125308968 H            3.0621 eV
Energy SPIN:                        -0.0000000373 H           -0.0000 eV
Energy Fock:                        -0.6698900035 H          -18.2286 eV
Total Electronic energy:           -16.9451292484 H         -461.1004 eV
Repulsive energy:                    0.4497880089 H           12.2394 eV

Excitation Energy:                   0.0000000000 H            0.0000 eV

Total energy:                      -16.4953459613 H         -448.8612 eV

SCC converged

Total Forces
    1     -0.070992776511     -0.069649671646      0.070198958152
    2      0.063519870958      0.076428780075     -0.032077810916
    3     -0.001332186592      0.016963595850     -0.002248673324
    4      0.030460600597      0.002807508502     -0.021379404846
    5      0.026897033923     -0.019968118702      0.003419963864
    6     -0.085789770124     -0.029006613772     -0.023548862015
    7      0.027127032937     -0.020428295712      0.068202417207
    8      0.006611779134      0.009465160636     -0.011271532262
    9     -0.027821368517     -0.000743511695     -0.047128626935
   10      0.010924950676     -0.011674823651     -0.076491146085
   11     -0.025285173338     -0.003467188021      0.023533452707
   12      0.019554244224      0.044700040827      0.046591348715
   13      0.018445019415      0.007271775458      0.005542385563
   14      0.007680743217     -0.002698638149     -0.003342469824

Maximal derivative component:        0.857898E-01 au


