REKS do not use any electronic distribution function

Calculation with static geometry

********************************************************************************************
  iSCC       reks energy        Diff energy         x_a       SCC error   
   55       -6.2884993748      -0.0000000000     0.999963    0.00000091
********************************************************************************************

 SA-REKS optimizes the avergaed state, not individual states
 These charges do not mean the charges for individual states
 Similarly to this, the values in band.out file indicate
 the band energies and occupations for the averaged state
 If you want to compute the relaxed density,
 please, set 'RelaxedDensity = Yes' option

 Total charge:     1.00000000

 Atomic gross charges (e)
 Atom           Charge
    1       0.11054780
    2      -0.11390711
    3       0.19162977
    4       0.31002574
    5       0.31076986
    6       0.19093394

Nr. of electrons (up):     12.00000000
Atom populations (up)
 Atom       Population
    1       3.88945220
    2       5.11390711
    3       0.80837023
    4       0.68997426
    5       0.68923014
    6       0.80906606

l-shell populations (up)
 Atom Sh.   l       Population
    1   1   0       1.18439703
    1   2   1       2.70505517
    2   1   0       1.38402827
    2   2   1       3.72987884
    3   1   0       0.80837023
    4   1   0       0.68997426
    5   1   0       0.68923014
    6   1   0       0.80906606

Orbital populations (up)
 Atom Sh.   l   m       Population  Label
    1   1   0   0       1.18439703  s
    1   2   1  -1       0.85338085  p_y
    1   2   1   0       0.88620860  p_z
    1   2   1   1       0.96546571  p_x
    2   1   0   0       1.38402827  s
    2   2   1  -1       1.10498092  p_y
    2   2   1   0       1.11709027  p_z
    2   2   1   1       1.50780766  p_x
    3   1   0   0       0.80837023  s
    4   1   0   0       0.68997426  s
    5   1   0   0       0.68923014  s
    6   1   0   0       0.80906606  s

Input / Output electrons (q):     12.0000000000

Energy H0:                          -6.5213229784 H         -177.4542 eV
Energy SCC:                          0.1347395212 H            3.6664 eV
Energy SPIN:                        -0.0000207277 H           -0.0006 eV
Energy Fock:                        -0.2069327994 H           -5.6309 eV
Total Electronic energy:            -6.5935369843 H         -179.4193 eV
Repulsive energy:                    0.1770583391 H            4.8180 eV

Excitation Energy:                   0.0000000000 H            0.0000 eV

Total energy:                       -6.4165503122 H         -174.6032 eV

SCC converged

Total Forces
    1     -0.000584922755     -0.001844807317      0.022204627707
    2     -0.004900582282      0.005009292673     -0.022072020678
    3      0.007484576166      0.003574141510      0.000325902894
    4      0.009148508481      0.001080518590      0.000477386510
    5     -0.005221066495     -0.003371863903     -0.000970192778
    6     -0.005926513115     -0.004447281554      0.000034296345

Maximal derivative component:        0.222046E-01 au


