REKS do not use any electronic distribution function

Calculation with static geometry

********************************************************************************************
  iSCC       reks energy        Diff energy         x_a       SCC error   
   70       -6.2848760851      -0.0000000000     0.999919    0.00000088
********************************************************************************************

 SA-REKS optimizes the avergaed state, not individual states
 These charges do not mean the charges for individual states
 Similarly to this, the values in band.out file indicate
 the band energies and occupations for the averaged state
 If you want to compute the relaxed density,
 please, set 'RelaxedDensity = Yes' option

 Total charge:     1.00000000

 Atomic gross charges (e)
 Atom           Charge
    1       0.13053005
    2      -0.12572577
    3       0.18299076
    4       0.31458083
    5       0.31633441
    6       0.18128971

Nr. of electrons (up):     12.00000000
Atom populations (up)
 Atom       Population
    1       3.86946995
    2       5.12572577
    3       0.81700924
    4       0.68541917
    5       0.68366559
    6       0.81871029

l-shell populations (up)
 Atom Sh.   l       Population
    1   1   0       1.18503412
    1   2   1       2.68443583
    2   1   0       1.38907564
    2   2   1       3.73665013
    3   1   0       0.81700924
    4   1   0       0.68541917
    5   1   0       0.68366559
    6   1   0       0.81871029

Orbital populations (up)
 Atom Sh.   l   m       Population  Label
    1   1   0   0       1.18503412  s
    1   2   1  -1       0.85763015  p_y
    1   2   1   0       0.89683164  p_z
    1   2   1   1       0.92997404  p_x
    2   1   0   0       1.38907564  s
    2   2   1  -1       1.08187388  p_y
    2   2   1   0       1.13585955  p_z
    2   2   1   1       1.51891670  p_x
    3   1   0   0       0.81700924  s
    4   1   0   0       0.68541917  s
    5   1   0   0       0.68366559  s
    6   1   0   0       0.81871029  s

Input / Output electrons (q):     12.0000000000

Energy H0:                          -6.5111284657 H         -177.1768 eV
Energy SCC:                          0.1339691862 H            3.6455 eV
Energy SPIN:                        -0.0000417033 H           -0.0011 eV
Energy Fock:                        -0.2087518024 H           -5.6804 eV
Total Electronic energy:            -6.5859527852 H         -179.2129 eV
Repulsive energy:                    0.1804173373 H            4.9094 eV

Excitation Energy:                   0.0000000000 H            0.0000 eV

Total energy:                       -6.4062738599 H         -174.3236 eV

SCC converged

Total Forces
    1     -0.006721210542      0.000061950565      0.011630498155
    2      0.018326341050      0.001454326295     -0.018687635261
    3     -0.014076954873      0.004768775474     -0.003865201534
    4     -0.022120903109      0.002912257244      0.011183286976
    5      0.009723478115     -0.007138684550      0.003425971278
    6      0.014869249359     -0.002058625028     -0.003686919615

Maximal derivative component:        0.221209E-01 au


