REKS do not use any electronic distribution function

Calculation with static geometry

********************************************************************************************
  iSCC       reks energy        Diff energy         x_a       SCC error   
   76       -6.2856171734      -0.0000000000     0.999912    0.00000094
********************************************************************************************

 SA-REKS optimizes the avergaed state, not individual states
 These charges do not mean the charges for individual states
 Similarly to this, the values in band.out file indicate
 the band energies and occupations for the averaged state
 If you want to compute the relaxed density,
 please, set 'RelaxedDensity = Yes' option

 Total charge:     1.00000000

 Atomic gross charges (e)
 Atom           Charge
    1       0.13641543
    2      -0.13016471
    3       0.18148156
    4       0.31645782
    5       0.31487191
    6       0.18093798

Nr. of electrons (up):     12.00000000
Atom populations (up)
 Atom       Population
    1       3.86358457
    2       5.13016471
    3       0.81851844
    4       0.68354218
    5       0.68512809
    6       0.81906202

l-shell populations (up)
 Atom Sh.   l       Population
    1   1   0       1.18717354
    1   2   1       2.67641103
    2   1   0       1.39252812
    2   2   1       3.73763659
    3   1   0       0.81851844
    4   1   0       0.68354218
    5   1   0       0.68512809
    6   1   0       0.81906202

Orbital populations (up)
 Atom Sh.   l   m       Population  Label
    1   1   0   0       1.18717354  s
    1   2   1  -1       0.86193423  p_y
    1   2   1   0       0.89431949  p_z
    1   2   1   1       0.92015731  p_x
    2   1   0   0       1.39252812  s
    2   2   1  -1       1.08029948  p_y
    2   2   1   0       1.13764342  p_z
    2   2   1   1       1.51969369  p_x
    3   1   0   0       0.81851844  s
    4   1   0   0       0.68354218  s
    5   1   0   0       0.68512809  s
    6   1   0   0       0.81906202  s

Input / Output electrons (q):     12.0000000000

Energy H0:                          -6.5065934963 H         -177.0534 eV
Energy SCC:                          0.1337495552 H            3.6395 eV
Energy SPIN:                        -0.0000448583 H           -0.0012 eV
Energy Fock:                        -0.2081969053 H           -5.6653 eV
Total Electronic energy:            -6.5810857046 H         -179.0805 eV
Repulsive energy:                    0.1764452059 H            4.8013 eV

Excitation Energy:                   0.0000000000 H            0.0000 eV

Total energy:                       -6.4055060021 H         -174.3027 eV

SCC converged

Total Forces
    1      0.007753809368     -0.004785870548      0.026331600476
    2     -0.021593258469      0.000381878299     -0.031407399373
    3     -0.014485493637      0.003367536953     -0.002390009608
    4     -0.009036519333      0.007412990174      0.003894928238
    5      0.023184618804     -0.001961531558      0.010545052975
    6      0.014176843267     -0.004415003320     -0.006974172708

Maximal derivative component:        0.314074E-01 au


