 Fermi distribution function

Calculation with static geometry


********************************************************************************
 iSCC Total electronic   Diff electronic      SCC error    
   10   -0.53961686E+01   -0.89528385E-12    0.76721086E-07
********************************************************************************

 Total charge:     1.00000000

 Atomic gross charges (e)
 Atom           Charge
    1       0.20437535
    2      -0.10151960
    3       0.19468849
    4       0.28611529
    5       0.27603369
    6       0.14030679

Nr. of electrons (up):     12.00000000
Atom populations (up)
 Atom       Population
    1       3.79562465
    2       5.10151960
    3       0.80531151
    4       0.71388471
    5       0.72396631
    6       0.85969321

l-shell populations (up)
 Atom Sh.   l       Population
    1   1   0       1.31714313
    1   2   1       2.47848152
    2   1   0       1.42601109
    2   2   1       3.67550851
    3   1   0       0.80531151
    4   1   0       0.71388471
    5   1   0       0.72396631
    6   1   0       0.85969321

Orbital populations (up)
 Atom Sh.   l   m       Population  Label
    1   1   0   0       1.31714313  s
    1   2   1  -1       0.58413427  p_y
    1   2   1   0       0.88479410  p_z
    1   2   1   1       1.00955315  p_x
    2   1   0   0       1.42601109  s
    2   2   1  -1       1.33776552  p_y
    2   2   1   0       1.09403225  p_z
    2   2   1   1       1.24371074  p_x
    3   1   0   0       0.80531151  s
    4   1   0   0       0.71388471  s
    5   1   0   0       0.72396631  s
    6   1   0   0       0.85969321  s

Fermi level:                        -0.4920941353 H          -13.3906 eV
Band energy:                        -8.8917448880 H         -241.9567 eV
TS:                                  0.0000000000 H            0.0000 eV
Band free energy (E-TS):            -8.8917448880 H         -241.9567 eV
Extrapolated E(0K):                 -8.8917448880 H         -241.9567 eV
Input / Output electrons (q):     12.0000000000     12.0000000000

Energy H0:                          -5.5287807310 H         -150.4458 eV
Energy SCC:                          0.1326121221 H            3.6086 eV
Total Electronic energy:            -5.3961686089 H         -146.8372 eV
Repulsive energy:                    0.1888033614 H            5.1376 eV
Total energy:                       -5.2073652475 H         -141.6996 eV
Extrapolated to 0:                  -5.2073652475 H         -141.6996 eV
Total Mermin free energy:           -5.2073652475 H         -141.6996 eV
Force related energy:               -5.2073652475 H         -141.6996 eV

SCC converged

Excitation Energy:                   0.1148145754 H            3.1243 eV

Total Forces
    1      0.007258387895     -0.018788919888      0.036491987908
    2     -0.008215422375      0.009616139402     -0.040511247115
    3     -0.009584192420     -0.001910516914     -0.000011531055
    4     -0.003354195596      0.008598904186      0.008552035940
    5      0.012836049771     -0.006815946834     -0.004760880505
    6      0.001059372725      0.009300340047      0.000239634827

Maximal derivative component:        0.405112E-01 au


