 KPT            1  SPIN            1  KWEIGHT    1.0000000000000000     
     1   -29.550  2.00000
     2   -27.575  2.00000
     3   -25.399  2.00000
     4   -23.292  2.00000
     5   -21.388  2.00000
     6   -20.582  2.00000
     7   -19.194  2.00000
     8   -18.966  2.00000
     9   -18.125  2.00000
    10   -17.506  2.00000
    11   -17.054  2.00000
    12   -16.567  2.00000
    13   -16.362  2.00000
    14   -15.617  2.00000
    15   -14.423  2.00000
    16   -14.384  1.50000
    17   -10.133  0.50000
    18    -3.589  0.00000
    19    -2.504  0.00000
    20     5.310  0.00000
    21     7.950  0.00000
    22     9.329  0.00000
    23    12.877  0.00000
    24    13.923  0.00000
    25    15.445  0.00000
    26    17.835  0.00000
    27    19.184  0.00000
    28    20.182  0.00000
    29    20.229  0.00000
    30    26.900  0.00000
    31    39.931  0.00000
    32    46.400  0.00000

