REKS do not use any electronic distribution function

Calculation with static geometry

********************************************************************************************
  iSCC       reks energy        Diff energy         x_a       SCC error   
  192      -16.4130715689      -0.0000000000     1.000000    0.00000097
********************************************************************************************

 SA-REKS optimizes the avergaed state, not individual states
 These charges do not mean the charges for individual states
 Similarly to this, the values in band.out file indicate
 the band energies and occupations for the averaged state
 If you want to compute the relaxed density,
 please, set 'RelaxedDensity = Yes' option

 Total charge:     1.00000000

 Atomic gross charges (e)
 Atom           Charge
    1      -0.10502075
    2      -0.05013782
    3       0.10181257
    4       0.12895837
    5       0.14195473
    6       0.06177336
    7      -0.03850107
    8       0.12542232
    9       0.12462406
   10       0.11740820
   11       0.11187310
   12      -0.22548523
   13       0.26240956
   14       0.24290859

Nr. of electrons (up):     32.00000000
Atom populations (up)
 Atom       Population
    1       4.10502075
    2       4.05013782
    3       0.89818743
    4       0.87104163
    5       0.85804527
    6       3.93822664
    7       4.03850107
    8       0.87457768
    9       0.87537594
   10       3.88259180
   11       0.88812690
   12       5.22548523
   13       0.73759044
   14       0.75709141

l-shell populations (up)
 Atom Sh.   l       Population
    1   1   0       1.18727455
    1   2   1       2.91774620
    2   1   0       1.20620541
    2   2   1       2.84393241
    3   1   0       0.89818743
    4   1   0       0.87104163
    5   1   0       0.85804527
    6   1   0       1.20311091
    6   2   1       2.73511574
    7   1   0       1.16167547
    7   2   1       2.87682560
    8   1   0       0.87457768
    9   1   0       0.87537594
   10   1   0       1.17346094
   10   2   1       2.70913086
   11   1   0       0.88812690
   12   1   0       1.40467594
   12   2   1       3.82080929
   13   1   0       0.73759044
   14   1   0       0.75709141

Orbital populations (up)
 Atom Sh.   l   m       Population  Label
    1   1   0   0       1.18727455  s
    1   2   1  -1       1.00969922  p_y
    1   2   1   0       0.92629692  p_z
    1   2   1   1       0.98175005  p_x
    2   1   0   0       1.20620541  s
    2   2   1  -1       0.94387375  p_y
    2   2   1   0       0.95750409  p_z
    2   2   1   1       0.94255457  p_x
    3   1   0   0       0.89818743  s
    4   1   0   0       0.87104163  s
    5   1   0   0       0.85804527  s
    6   1   0   0       1.20311091  s
    6   2   1  -1       0.96154469  p_y
    6   2   1   0       0.91022991  p_z
    6   2   1   1       0.86334114  p_x
    7   1   0   0       1.16167547  s
    7   2   1  -1       0.94465988  p_y
    7   2   1   0       0.96178051  p_z
    7   2   1   1       0.97038521  p_x
    8   1   0   0       0.87457768  s
    9   1   0   0       0.87537594  s
   10   1   0   0       1.17346094  s
   10   2   1  -1       0.90502987  p_y
   10   2   1   0       0.96106812  p_z
   10   2   1   1       0.84303287  p_x
   11   1   0   0       0.88812690  s
   12   1   0   0       1.40467594  s
   12   2   1  -1       1.54820564  p_y
   12   2   1   0       1.19446956  p_z
   12   2   1   1       1.07813408  p_x
   13   1   0   0       0.73759044  s
   14   1   0   0       0.75709141  s

Input / Output electrons (q):     32.0000000000

Energy H0:                         -16.3259582565 H         -444.2519 eV
Energy SCC:                          0.1112731208 H            3.0279 eV
Energy SPIN:                        -0.0000000023 H           -0.0000 eV
Energy Fock:                        -0.6646693471 H          -18.0866 eV
Total Electronic energy:           -16.8793544851 H         -459.3106 eV
Repulsive energy:                    0.3981753852 H           10.8349 eV

Excitation Energy:                   0.0000000000 H            0.0000 eV

Total energy:                      -16.4813054170 H         -448.4791 eV

SCC converged

Total Forces
    1     -0.073910451157      0.019119000448      0.103012963054
    2      0.030295818818      0.014257570665     -0.096759504254
    3      0.016715161450      0.000687565484     -0.013153403352
    4      0.003298636538     -0.015759235791     -0.004585165792
    5      0.015338411673      0.034565605518      0.008438640579
    6     -0.054676373951     -0.092673974617     -0.012098324001
    7      0.009689212660      0.006899196820      0.035221236018
    8      0.024731790483      0.014797335486      0.005069522838
    9      0.004918606822      0.009774804579     -0.016865310260
   10      0.067888439008      0.026071185569      0.015170986657
   11      0.038367943673     -0.010771314873     -0.026825227572
   12     -0.045769352960     -0.018377951909      0.005355969267
   13     -0.026284477036      0.015714656213     -0.020173890794
   14     -0.010603366020     -0.004304443593      0.018191507612

Maximal derivative component:        0.103013E+00 au


