 KPT            1  SPIN            1  KWEIGHT    1.0000000000000000     
     1   -29.100  2.00000
     2   -27.255  2.00000
     3   -25.471  2.00000
     4   -23.289  2.00000
     5   -21.328  2.00000
     6   -19.629  2.00000
     7   -18.908  2.00000
     8   -18.707  2.00000
     9   -17.935  2.00000
    10   -17.494  2.00000
    11   -16.925  2.00000
    12   -16.471  2.00000
    13   -15.381  2.00000
    14   -14.976  2.00000
    15   -14.653  2.00000
    16   -13.793  1.49998
    17   -10.904  0.50002
    18    -3.848  0.00000
    19    -2.373  0.00000
    20     7.027  0.00000
    21     9.586  0.00000
    22    10.912  0.00000
    23    11.694  0.00000
    24    12.753  0.00000
    25    15.134  0.00000
    26    16.625  0.00000
    27    18.235  0.00000
    28    20.677  0.00000
    29    23.164  0.00000
    30    26.025  0.00000
    31    30.677  0.00000
    32    37.146  0.00000

