 KPT            1  SPIN            1  KWEIGHT    1.0000000000000000     
     1   -29.570  2.00000
     2   -27.482  2.00000
     3   -25.403  2.00000
     4   -22.768  2.00000
     5   -21.481  2.00000
     6   -20.696  2.00000
     7   -19.384  2.00000
     8   -18.708  2.00000
     9   -18.065  2.00000
    10   -17.248  2.00000
    11   -17.121  2.00000
    12   -16.840  2.00000
    13   -16.389  2.00000
    14   -15.400  2.00000
    15   -14.623  2.00000
    16   -13.799  1.49999
    17   -10.145  0.50001
    18    -3.834  0.00000
    19    -1.924  0.00000
    20    10.490  0.00000
    21    11.409  0.00000
    22    11.940  0.00000
    23    12.945  0.00000
    24    15.614  0.00000
    25    18.488  0.00000
    26    19.983  0.00000
    27    23.315  0.00000
    28    24.279  0.00000
    29    28.847  0.00000
    30    33.056  0.00000
    31    36.028  0.00000
    32    41.644  0.00000

