REKS do not use any electronic distribution function

Calculation with static geometry

********************************************************************************************
  iSCC       reks energy        Diff energy         x_a       SCC error   
   98      -16.4206053858      -0.0000000000     0.999989    0.00000097
********************************************************************************************

 SA-REKS optimizes the avergaed state, not individual states
 These charges do not mean the charges for individual states
 Similarly to this, the values in band.out file indicate
 the band energies and occupations for the averaged state
 If you want to compute the relaxed density,
 please, set 'RelaxedDensity = Yes' option

 Total charge:     1.00000000

 Atomic gross charges (e)
 Atom           Charge
    1      -0.04410367
    2      -0.00457686
    3       0.11185456
    4       0.11820632
    5       0.12156194
    6       0.05379131
    7      -0.15098854
    8       0.11038139
    9       0.13206984
   10       0.17906329
   11       0.08938596
   12      -0.23113228
   13       0.25485007
   14       0.25963668

Nr. of electrons (up):     32.00000000
Atom populations (up)
 Atom       Population
    1       4.04410367
    2       4.00457686
    3       0.88814544
    4       0.88179368
    5       0.87843806
    6       3.94620869
    7       4.15098854
    8       0.88961861
    9       0.86793016
   10       3.82093671
   11       0.91061404
   12       5.23113228
   13       0.74514993
   14       0.74036332

l-shell populations (up)
 Atom Sh.   l       Population
    1   1   0       1.21211077
    1   2   1       2.83199290
    2   1   0       1.16408594
    2   2   1       2.84049091
    3   1   0       0.88814544
    4   1   0       0.88179368
    5   1   0       0.87843806
    6   1   0       1.18088267
    6   2   1       2.76532602
    7   1   0       1.16227319
    7   2   1       2.98871535
    8   1   0       0.88961861
    9   1   0       0.86793016
   10   1   0       1.13699815
   10   2   1       2.68393856
   11   1   0       0.91061404
   12   1   0       1.42152930
   12   2   1       3.80960298
   13   1   0       0.74514993
   14   1   0       0.74036332

Orbital populations (up)
 Atom Sh.   l   m       Population  Label
    1   1   0   0       1.21211077  s
    1   2   1  -1       0.95785893  p_y
    1   2   1   0       0.92415240  p_z
    1   2   1   1       0.94998157  p_x
    2   1   0   0       1.16408594  s
    2   2   1  -1       0.95172465  p_y
    2   2   1   0       0.92241300  p_z
    2   2   1   1       0.96635327  p_x
    3   1   0   0       0.88814544  s
    4   1   0   0       0.88179368  s
    5   1   0   0       0.87843806  s
    6   1   0   0       1.18088267  s
    6   2   1  -1       0.87811129  p_y
    6   2   1   0       0.92259933  p_z
    6   2   1   1       0.96461540  p_x
    7   1   0   0       1.16227319  s
    7   2   1  -1       1.04212507  p_y
    7   2   1   0       0.95616595  p_z
    7   2   1   1       0.99042433  p_x
    8   1   0   0       0.88961861  s
    9   1   0   0       0.86793016  s
   10   1   0   0       1.13699815  s
   10   2   1  -1       0.84820662  p_y
   10   2   1   0       0.97086621  p_z
   10   2   1   1       0.86486573  p_x
   11   1   0   0       0.91061404  s
   12   1   0   0       1.42152930  s
   12   2   1  -1       1.46786983  p_y
   12   2   1   0       1.12647168  p_z
   12   2   1   1       1.21526146  p_x
   13   1   0   0       0.74514993  s
   14   1   0   0       0.74036332  s

Input / Output electrons (q):     32.0000000000

Energy H0:                         -16.3727097603 H         -445.5241 eV
Energy SCC:                          0.0981323185 H            2.6703 eV
Energy SPIN:                        -0.0000025329 H           -0.0001 eV
Energy Fock:                        -0.6670518021 H          -18.1514 eV
Total Electronic energy:           -16.9416317769 H         -461.0053 eV
Repulsive energy:                    0.4537228306 H           12.3464 eV

Excitation Energy:                   0.0000000000 H            0.0000 eV

Total energy:                      -16.4885969278 H         -448.6776 eV

SCC converged

Total Forces
    1     -0.007039602073      0.047678788553      0.017757561197
    2     -0.017893350717     -0.099167860960      0.005675280190
    3      0.004168101223      0.009396127795     -0.002294265942
    4     -0.012763319002     -0.005552570113     -0.010767980096
    5     -0.030621575452      0.020872574594     -0.017607517651
    6     -0.019512384849     -0.037033115698      0.008310609450
    7      0.039516428596     -0.015745295361      0.029341626364
    8     -0.009818034923      0.027336450990     -0.008938112915
    9     -0.006485557612      0.016208872357      0.003283602645
   10      0.007012397847      0.027296421017     -0.058334684443
   11     -0.002724496395     -0.012653244355      0.032792267898
   12      0.059831196735     -0.014556836203     -0.004240168561
   13     -0.003587676064      0.022198219152     -0.037424814002
   14     -0.000082127314      0.013721468231      0.042446595867

Maximal derivative component:        0.991679E-01 au


