 KPT            1  SPIN            1  KWEIGHT    1.0000000000000000     
     1   -29.706  2.00000
     2   -27.183  2.00000
     3   -25.410  2.00000
     4   -23.205  2.00000
     5   -21.283  2.00000
     6   -20.153  2.00000
     7   -19.439  2.00000
     8   -18.685  2.00000
     9   -17.914  2.00000
    10   -17.376  2.00000
    11   -17.240  2.00000
    12   -16.570  2.00000
    13   -15.926  2.00000
    14   -14.803  2.00000
    15   -14.621  2.00000
    16   -13.545  1.49999
    17   -10.384  0.50001
    18    -3.315  0.00000
    19    -2.543  0.00000
    20     6.263  0.00000
    21     7.138  0.00000
    22    10.991  0.00000
    23    13.830  0.00000
    24    16.264  0.00000
    25    17.269  0.00000
    26    18.572  0.00000
    27    20.696  0.00000
    28    20.955  0.00000
    29    25.622  0.00000
    30    30.846  0.00000
    31    35.970  0.00000
    32    41.790  0.00000

