REKS do not use any electronic distribution function

Calculation with static geometry

********************************************************************************************
  iSCC       reks energy        Diff energy         x_a       SCC error   
   59      -16.4071320586      -0.0000000000     0.999990    0.00000099
********************************************************************************************

 SA-REKS optimizes the avergaed state, not individual states
 These charges do not mean the charges for individual states
 Similarly to this, the values in band.out file indicate
 the band energies and occupations for the averaged state
 If you want to compute the relaxed density,
 please, set 'RelaxedDensity = Yes' option

 Total charge:     1.00000000

 Atomic gross charges (e)
 Atom           Charge
    1      -0.08068627
    2      -0.03865364
    3       0.09394547
    4       0.13013290
    5       0.12059363
    6       0.07821186
    7      -0.14445555
    8       0.12374024
    9       0.15353897
   10       0.20892517
   11       0.08677080
   12      -0.23056608
   13       0.23920384
   14       0.25929866

Nr. of electrons (up):     32.00000000
Atom populations (up)
 Atom       Population
    1       4.08068627
    2       4.03865364
    3       0.90605453
    4       0.86986710
    5       0.87940637
    6       3.92178814
    7       4.14445555
    8       0.87625976
    9       0.84646103
   10       3.79107483
   11       0.91322920
   12       5.23056608
   13       0.76079616
   14       0.74070134

l-shell populations (up)
 Atom Sh.   l       Population
    1   1   0       1.19898452
    1   2   1       2.88170174
    2   1   0       1.17976627
    2   2   1       2.85888736
    3   1   0       0.90605453
    4   1   0       0.86986710
    5   1   0       0.87940637
    6   1   0       1.18355934
    6   2   1       2.73822880
    7   1   0       1.14706189
    7   2   1       2.99739366
    8   1   0       0.87625976
    9   1   0       0.84646103
   10   1   0       1.15569215
   10   2   1       2.63538268
   11   1   0       0.91322920
   12   1   0       1.38376048
   12   2   1       3.84680560
   13   1   0       0.76079616
   14   1   0       0.74070134

Orbital populations (up)
 Atom Sh.   l   m       Population  Label
    1   1   0   0       1.19898452  s
    1   2   1  -1       0.98394552  p_y
    1   2   1   0       0.94635494  p_z
    1   2   1   1       0.95140128  p_x
    2   1   0   0       1.17976627  s
    2   2   1  -1       0.95447190  p_y
    2   2   1   0       0.94375647  p_z
    2   2   1   1       0.96065900  p_x
    3   1   0   0       0.90605453  s
    4   1   0   0       0.86986710  s
    5   1   0   0       0.87940637  s
    6   1   0   0       1.18355934  s
    6   2   1  -1       0.88674084  p_y
    6   2   1   0       0.95138694  p_z
    6   2   1   1       0.90010102  p_x
    7   1   0   0       1.14706189  s
    7   2   1  -1       1.04082092  p_y
    7   2   1   0       0.97806140  p_z
    7   2   1   1       0.97851134  p_x
    8   1   0   0       0.87625976  s
    9   1   0   0       0.84646103  s
   10   1   0   0       1.15569215  s
   10   2   1  -1       0.88834918  p_y
   10   2   1   0       0.88132327  p_z
   10   2   1   1       0.86571023  p_x
   11   1   0   0       0.91322920  s
   12   1   0   0       1.38376048  s
   12   2   1  -1       1.49401357  p_y
   12   2   1   0       1.26773410  p_z
   12   2   1   1       1.08505793  p_x
   13   1   0   0       0.76079616  s
   14   1   0   0       0.74070134  s

Input / Output electrons (q):     32.0000000000

Energy H0:                         -16.2981838478 H         -443.4961 eV
Energy SCC:                          0.0993819224 H            2.7043 eV
Energy SPIN:                        -0.0000024329 H           -0.0001 eV
Energy Fock:                        -0.6691086912 H          -18.2074 eV
Total Electronic energy:           -16.8679130496 H         -458.9993 eV
Repulsive energy:                    0.4023892025 H           10.9496 eV

Excitation Energy:                   0.0000000000 H            0.0000 eV

Total energy:                      -16.4660975728 H         -448.0653 eV

SCC converged

Total Forces
    1     -0.004255538883     -0.038768577847      0.012073482093
    2      0.071906340693      0.061736177190      0.013106135251
    3     -0.013511610955      0.006288393011      0.009654158255
    4     -0.004441768382      0.002338789934     -0.007022329874
    5     -0.021241396617     -0.028178537008      0.003548620557
    6     -0.043282551174     -0.015384759351     -0.015348251754
    7      0.048231513306      0.037386486940     -0.010548494540
    8      0.011597010096      0.018571917959     -0.002683047499
    9     -0.001602247864     -0.033844698354     -0.034924029637
   10     -0.010794084129     -0.007797035199      0.102950590597
   11     -0.014556639209     -0.004903955331     -0.052500337581
   12     -0.012854324248     -0.004379985924     -0.003441773075
   13      0.003979919556      0.004077958735      0.005120661277
   14     -0.009174622190      0.002857825245     -0.019985384070

Maximal derivative component:        0.102951E+00 au


