 KPT            1  SPIN            1  KWEIGHT    1.0000000000000000     
     1   -29.574  2.00000
     2   -26.950  2.00000
     3   -25.131  2.00000
     4   -22.893  2.00000
     5   -21.236  2.00000
     6   -20.203  2.00000
     7   -19.148  2.00000
     8   -18.556  2.00000
     9   -17.559  2.00000
    10   -17.275  2.00000
    11   -16.991  2.00000
    12   -16.307  2.00000
    13   -15.497  2.00000
    14   -15.321  2.00000
    15   -14.945  2.00000
    16   -12.679  1.50000
    17   -11.386  0.50000
    18    -3.577  0.00000
    19    -2.378  0.00000
    20     7.129  0.00000
    21     7.979  0.00000
    22    12.524  0.00000
    23    12.608  0.00000
    24    14.214  0.00000
    25    15.752  0.00000
    26    16.772  0.00000
    27    18.270  0.00000
    28    20.216  0.00000
    29    20.870  0.00000
    30    23.867  0.00000
    31    30.183  0.00000
    32    32.010  0.00000

