REKS do not use any electronic distribution function

Calculation with static geometry

********************************************************************************************
  iSCC       reks energy        Diff energy         x_a       SCC error   
   61       -6.1477985215      -0.0000000000     0.855700    0.00000088
********************************************************************************************

 SA-REKS optimizes the avergaed state, not individual states
 These charges do not mean the charges for individual states
 Similarly to this, the values in band.out file indicate
 the band energies and occupations for the averaged state
 If you want to compute the relaxed density,
 please, set 'RelaxedDensity = Yes' option

 Total charge:     1.00000000

 Atomic gross charges (e)
 Atom           Charge
    1       0.06728114
    2      -0.12688694
    3       0.27381038
    4       0.33262586
    5       0.26284774
    6       0.19032181

Nr. of electrons (up):     12.00000000
Atom populations (up)
 Atom       Population
    1       3.93271886
    2       5.12688694
    3       0.72618962
    4       0.66737414
    5       0.73715226
    6       0.80967819

l-shell populations (up)
 Atom Sh.   l       Population
    1   1   0       1.11364535
    1   2   1       2.81907350
    2   1   0       1.57181508
    2   2   1       3.55507186
    3   1   0       0.72618962
    4   1   0       0.66737414
    5   1   0       0.73715226
    6   1   0       0.80967819

Orbital populations (up)
 Atom Sh.   l   m       Population  Label
    1   1   0   0       1.11364535  s
    1   2   1  -1       0.95082167  p_y
    1   2   1   0       0.85812892  p_z
    1   2   1   1       1.01012292  p_x
    2   1   0   0       1.57181508  s
    2   2   1  -1       1.15591680  p_y
    2   2   1   0       1.24710137  p_z
    2   2   1   1       1.15205370  p_x
    3   1   0   0       0.72618962  s
    4   1   0   0       0.66737414  s
    5   1   0   0       0.73715226  s
    6   1   0   0       0.80967819  s

Input / Output electrons (q):     12.0000000000

Energy H0:                          -6.2500204097 H         -170.0717 eV
Energy SCC:                          0.1420573335 H            3.8656 eV
Energy SPIN:                        -0.0422261997 H           -1.1490 eV
Energy Fock:                        -0.2584946348 H           -7.0340 eV
Total Electronic energy:            -6.4086839107 H         -174.3892 eV
Repulsive energy:                    0.1747698394 H            4.7557 eV

Excitation Energy:                   0.0000000000 H            0.0000 eV

Total energy:                       -6.2339141342 H         -169.6334 eV

SCC converged

Total Forces
    1      0.040808311622      0.089581369397     -0.074576839486
    2     -0.101997042340     -0.058758963291      0.132796620838
    3      0.055112547625      0.002096358910     -0.000587935212
    4      0.082833016025      0.045340322635     -0.026207643281
    5     -0.024936799478     -0.002341792951      0.012769137815
    6     -0.051820033455     -0.075917294701     -0.044193340675

Maximal derivative component:        0.132797E+00 au


