 KPT            1  SPIN            1  KWEIGHT    1.0000000000000000     
     1   -29.329  2.00000
     2   -27.219  2.00000
     3   -25.258  2.00000
     4   -23.420  2.00000
     5   -21.492  2.00000
     6   -20.261  2.00000
     7   -18.857  2.00000
     8   -18.727  2.00000
     9   -17.985  2.00000
    10   -17.142  2.00000
    11   -16.868  2.00000
    12   -16.306  2.00000
    13   -16.130  2.00000
    14   -15.657  2.00000
    15   -14.627  2.00000
    16   -13.762  1.50000
    17   -10.695  0.50000
    18    -4.905  0.00000
    19    -2.832  0.00000
    20     6.669  0.00000
    21     8.313  0.00000
    22    10.666  0.00000
    23    11.809  0.00000
    24    12.509  0.00000
    25    15.264  0.00000
    26    15.332  0.00000
    27    16.609  0.00000
    28    18.035  0.00000
    29    20.341  0.00000
    30    22.583  0.00000
    31    28.602  0.00000
    32    29.798  0.00000

