REKS do not use any electronic distribution function

Calculation with static geometry

********************************************************************************************
  iSCC       reks energy        Diff energy         x_a       SCC error   
   51       -6.2852672438      -0.0000000000     0.999958    0.00000085
********************************************************************************************

 SA-REKS optimizes the avergaed state, not individual states
 These charges do not mean the charges for individual states
 Similarly to this, the values in band.out file indicate
 the band energies and occupations for the averaged state
 If you want to compute the relaxed density,
 please, set 'RelaxedDensity = Yes' option

 Total charge:     1.00000000

 Atomic gross charges (e)
 Atom           Charge
    1       0.11003952
    2      -0.10399307
    3       0.18607846
    4       0.30957176
    5       0.31067675
    6       0.18762659

Nr. of electrons (up):     12.00000000
Atom populations (up)
 Atom       Population
    1       3.88996048
    2       5.10399307
    3       0.81392154
    4       0.69042824
    5       0.68932325
    6       0.81237341

l-shell populations (up)
 Atom Sh.   l       Population
    1   1   0       1.17562749
    1   2   1       2.71433299
    2   1   0       1.37723547
    2   2   1       3.72675760
    3   1   0       0.81392154
    4   1   0       0.69042824
    5   1   0       0.68932325
    6   1   0       0.81237341

Orbital populations (up)
 Atom Sh.   l   m       Population  Label
    1   1   0   0       1.17562749  s
    1   2   1  -1       0.85718304  p_y
    1   2   1   0       0.89124519  p_z
    1   2   1   1       0.96590476  p_x
    2   1   0   0       1.37723547  s
    2   2   1  -1       1.09596766  p_y
    2   2   1   0       1.12205470  p_z
    2   2   1   1       1.50873524  p_x
    3   1   0   0       0.81392154  s
    4   1   0   0       0.69042824  s
    5   1   0   0       0.68932325  s
    6   1   0   0       0.81237341  s

Input / Output electrons (q):     12.0000000000

Energy H0:                          -6.5306672004 H         -177.7085 eV
Energy SCC:                          0.1353040691 H            3.6818 eV
Energy SPIN:                        -0.0000231091 H           -0.0006 eV
Energy Fock:                        -0.2091237336 H           -5.6905 eV
Total Electronic energy:            -6.6045099741 H         -179.7179 eV
Repulsive energy:                    0.1916144831 H            5.2141 eV

Excitation Energy:                   0.0000000000 H            0.0000 eV

Total energy:                       -6.4130850606 H         -174.5089 eV

SCC converged

Total Forces
    1     -0.002717040383     -0.005860840991     -0.030506393109
    2      0.009350339365      0.000000191847      0.019374767483
    3     -0.010673783957      0.001601720441      0.002421604683
    4     -0.014769419057      0.002511784383      0.003798784352
    5      0.007865643912      0.001256690224     -0.000889969073
    6      0.010944260120      0.000490454096      0.005801205664

Maximal derivative component:        0.305064E-01 au


