REKS do not use any electronic distribution function

Calculation with static geometry

********************************************************************************************
  iSCC       reks energy        Diff energy         x_a       SCC error   
   30       -6.2107737235      -0.0000000000     1.000000    0.00000085
********************************************************************************************

 SA-REKS optimizes the avergaed state, not individual states
 These charges do not mean the charges for individual states
 Similarly to this, the values in band.out file indicate
 the band energies and occupations for the averaged state
 If you want to compute the relaxed density,
 please, set 'RelaxedDensity = Yes' option

 Total charge:     1.00000000

 Atomic gross charges (e)
 Atom           Charge
    1       0.27856488
    2      -0.19937757
    3       0.13270322
    4       0.28725081
    5       0.30774218
    6       0.19311647

Nr. of electrons (up):     12.00000000
Atom populations (up)
 Atom       Population
    1       3.72143512
    2       5.19937757
    3       0.86729678
    4       0.71274919
    5       0.69225782
    6       0.80688353

l-shell populations (up)
 Atom Sh.   l       Population
    1   1   0       1.33567098
    1   2   1       2.38576413
    2   1   0       1.53680099
    2   2   1       3.66257658
    3   1   0       0.86729678
    4   1   0       0.71274919
    5   1   0       0.69225782
    6   1   0       0.80688353

Orbital populations (up)
 Atom Sh.   l   m       Population  Label
    1   1   0   0       1.33567098  s
    1   2   1  -1       0.87543467  p_y
    1   2   1   0       0.77057450  p_z
    1   2   1   1       0.73975497  p_x
    2   1   0   0       1.53680099  s
    2   2   1  -1       1.43270305  p_y
    2   2   1   0       1.02750813  p_z
    2   2   1   1       1.20236539  p_x
    3   1   0   0       0.86729678  s
    4   1   0   0       0.71274919  s
    5   1   0   0       0.69225782  s
    6   1   0   0       0.80688353  s

Input / Output electrons (q):     12.0000000000

Energy H0:                          -6.1102829814 H         -166.2693 eV
Energy SCC:                          0.1429607596 H            3.8902 eV
Energy SPIN:                        -0.0790616144 H           -2.1514 eV
Energy Fock:                        -0.2453156859 H           -6.6754 eV
Total Electronic energy:            -6.2916995220 H         -171.2059 eV
Repulsive energy:                    0.0754078724 H            2.0520 eV

Excitation Energy:                   0.0476760444 H            1.2973 eV

Total energy:                       -6.1869357013 H         -168.3551 eV

SCC converged

Total Forces
    1     -0.021144080585     -0.021511190007      0.038891790396
    2      0.043644244615     -0.028725253913     -0.048479458141
    3      0.007752913232      0.031917341629     -0.000249783242
    4     -0.048782590187      0.007609775407     -0.027636943937
    5      0.004271166233      0.010353015894     -0.020507541974
    6      0.014258346692      0.000356310990      0.057981936898

Maximal derivative component:        0.579819E-01 au


