REKS do not use any electronic distribution function

Calculation with static geometry

********************************************************************************************
  iSCC       reks energy        Diff energy         x_a       SCC error   
   38       -6.2820650382      -0.0000000000     0.999977    0.00000081
********************************************************************************************

 SA-REKS optimizes the avergaed state, not individual states
 These charges do not mean the charges for individual states
 Similarly to this, the values in band.out file indicate
 the band energies and occupations for the averaged state
 If you want to compute the relaxed density,
 please, set 'RelaxedDensity = Yes' option

 Total charge:     1.00000000

 Atomic gross charges (e)
 Atom           Charge
    1       0.10358035
    2      -0.09900135
    3       0.19338406
    4       0.30756421
    5       0.30913421
    6       0.18533853

Nr. of electrons (up):     12.00000000
Atom populations (up)
 Atom       Population
    1       3.89641965
    2       5.09900135
    3       0.80661594
    4       0.69243579
    5       0.69086579
    6       0.81466147

l-shell populations (up)
 Atom Sh.   l       Population
    1   1   0       1.17083109
    1   2   1       2.72558856
    2   1   0       1.38051199
    2   2   1       3.71848937
    3   1   0       0.80661594
    4   1   0       0.69243579
    5   1   0       0.69086579
    6   1   0       0.81466147

Orbital populations (up)
 Atom Sh.   l   m       Population  Label
    1   1   0   0       1.17083109  s
    1   2   1  -1       0.86188162  p_y
    1   2   1   0       0.88989541  p_z
    1   2   1   1       0.97381154  p_x
    2   1   0   0       1.38051199  s
    2   2   1  -1       1.11928934  p_y
    2   2   1   0       1.11675490  p_z
    2   2   1   1       1.48244513  p_x
    3   1   0   0       0.80661594  s
    4   1   0   0       0.69243579  s
    5   1   0   0       0.69086579  s
    6   1   0   0       0.81466147  s

Input / Output electrons (q):     12.0000000000

Energy H0:                          -6.5330976467 H         -177.7746 eV
Energy SCC:                          0.1359561324 H            3.6996 eV
Energy SPIN:                        -0.0000135138 H           -0.0004 eV
Energy Fock:                        -0.2097569766 H           -5.7078 eV
Total Electronic energy:            -6.6069120047 H         -179.7832 eV
Repulsive energy:                    0.1946697786 H            5.2972 eV

Excitation Energy:                   0.0000000000 H            0.0000 eV

Total energy:                       -6.4122425003 H         -174.4860 eV

SCC converged

Total Forces
    1      0.006886817102     -0.015250352188     -0.037844997378
    2     -0.033809230634     -0.007155804593      0.048458519837
    3      0.000863623783      0.004988909878      0.007585030385
    4      0.014865668214      0.004756988899     -0.008603315087
    5      0.011553768721      0.008505806379     -0.005596142262
    6     -0.000360647186      0.004154451626     -0.003999095495

Maximal derivative component:        0.484585E-01 au


