 Fermi distribution function

Calculation with static geometry


********************************************************************************
 iSCC Total electronic   Diff electronic      SCC error    
   14   -0.52422023E+01   -0.76649798E-12    0.55818417E-09
********************************************************************************

 Total charge:     1.00000000

 Atomic gross charges (e)
 Atom           Charge
    1       0.29806592
    2      -0.18575972
    3       0.18169564
    4       0.25614294
    5       0.26185785
    6       0.18799736

Nr. of electrons (up):     12.00000000
Atom populations (up)
 Atom       Population
    1       3.70193408
    2       5.18575972
    3       0.81830436
    4       0.74385706
    5       0.73814215
    6       0.81200264

l-shell populations (up)
 Atom Sh.   l       Population
    1   1   0       1.42691818
    1   2   1       2.27501590
    2   1   0       1.54035343
    2   2   1       3.64540629
    3   1   0       0.81830436
    4   1   0       0.74385706
    5   1   0       0.73814215
    6   1   0       0.81200264

Orbital populations (up)
 Atom Sh.   l   m       Population  Label
    1   1   0   0       1.42691818  s
    1   2   1  -1       0.39719836  p_y
    1   2   1   0       0.85780219  p_z
    1   2   1   1       1.02001535  p_x
    2   1   0   0       1.54035343  s
    2   2   1  -1       1.38950435  p_y
    2   2   1   0       1.07634952  p_z
    2   2   1   1       1.17955242  p_x
    3   1   0   0       0.81830436  s
    4   1   0   0       0.74385706  s
    5   1   0   0       0.73814215  s
    6   1   0   0       0.81200264  s

Fermi level:                        -0.5227959979 H          -14.2260 eV
Band energy:                        -8.6208770572 H         -234.5860 eV
TS:                                  0.0000000000 H            0.0000 eV
Band free energy (E-TS):            -8.6208770572 H         -234.5860 eV
Extrapolated E(0K):                 -8.6208770572 H         -234.5860 eV
Input / Output electrons (q):     12.0000000000     12.0000000000

Energy H0:                          -5.3785427680 H         -146.3576 eV
Energy SCC:                          0.1363404985 H            3.7100 eV
Total Electronic energy:            -5.2422022695 H         -142.6476 eV
Repulsive energy:                    0.1275445130 H            3.4707 eV
Total energy:                       -5.1146577565 H         -139.1769 eV
Extrapolated to 0:                  -5.1146577565 H         -139.1769 eV
Total Mermin free energy:           -5.1146577565 H         -139.1769 eV
Force related energy:               -5.1146577565 H         -139.1769 eV

SCC converged

Excitation Energy:                   0.0926405993 H            2.5209 eV

Total Forces
    1     -0.006336310971      0.012433661575      0.014719771508
    2     -0.015998590294      0.014466410813     -0.015487080370
    3     -0.000115284737     -0.001103668343      0.000454869670
    4      0.009609183520     -0.005512691740      0.007035594024
    5      0.010139116942     -0.009091755388     -0.005954228119
    6      0.002701885540     -0.011191956916     -0.000768926713

Maximal derivative component:        0.159986E-01 au


