REKS do not use any electronic distribution function

Calculation with static geometry

********************************************************************************************
  iSCC       reks energy        Diff energy         x_a       SCC error   
   48       -6.0818412041      -0.0000000000     1.000000    0.00000087
********************************************************************************************

 SA-REKS optimizes the avergaed state, not individual states
 These charges do not mean the charges for individual states
 Similarly to this, the values in band.out file indicate
 the band energies and occupations for the averaged state
 If you want to compute the relaxed density,
 please, set 'RelaxedDensity = Yes' option

 Total charge:     1.00000000

 Atomic gross charges (e)
 Atom           Charge
    1       0.22693504
    2      -0.11137860
    3       0.16079585
    4       0.30635623
    5       0.24238642
    6       0.17490506

Nr. of electrons (up):     12.00000000
Atom populations (up)
 Atom       Population
    1       3.77306496
    2       5.11137860
    3       0.83920415
    4       0.69364377
    5       0.75761358
    6       0.82509494

l-shell populations (up)
 Atom Sh.   l       Population
    1   1   0       1.12897359
    1   2   1       2.64409137
    2   1   0       1.40312617
    2   2   1       3.70825244
    3   1   0       0.83920415
    4   1   0       0.69364377
    5   1   0       0.75761358
    6   1   0       0.82509494

Orbital populations (up)
 Atom Sh.   l   m       Population  Label
    1   1   0   0       1.12897359  s
    1   2   1  -1       0.84627768  p_y
    1   2   1   0       0.95350373  p_z
    1   2   1   1       0.84430996  p_x
    2   1   0   0       1.40312617  s
    2   2   1  -1       1.21055012  p_y
    2   2   1   0       1.20691127  p_z
    2   2   1   1       1.29079104  p_x
    3   1   0   0       0.83920415  s
    4   1   0   0       0.69364377  s
    5   1   0   0       0.75761358  s
    6   1   0   0       0.82509494  s

Input / Output electrons (q):     12.0000000000

Energy H0:                          -6.4869565489 H         -176.5191 eV
Energy SCC:                          0.1388854825 H            3.7793 eV
Energy SPIN:                        -0.0000001191 H           -0.0000 eV
Energy Fock:                        -0.2612679989 H           -7.1095 eV
Total Electronic energy:            -6.6093391843 H         -179.8493 eV
Repulsive energy:                    0.4499882452 H           12.2448 eV

Excitation Energy:                   0.0000000000 H            0.0000 eV

Total energy:                       -6.1781030150 H         -168.1147 eV

SCC converged

Total Forces
    1      0.050540633450      0.097708856843     -0.634912020401
    2     -0.210234383050     -0.133363488469      0.728187797923
    3      0.052483860617      0.010909807635     -0.024620905549
    4      0.004032250103     -0.020552983242      0.023900151428
    5      0.088949499092      0.039943038340     -0.058495097747
    6      0.014228139788      0.005354768893     -0.034059925653

Maximal derivative component:        0.728188E+00 au


