REKS do not use any electronic distribution function

Calculation with static geometry

********************************************************************************************
  iSCC       reks energy        Diff energy         x_a       SCC error   
   52       -6.2891144097      -0.0000000000     0.999969    0.00000086
********************************************************************************************

 SA-REKS optimizes the avergaed state, not individual states
 These charges do not mean the charges for individual states
 Similarly to this, the values in band.out file indicate
 the band energies and occupations for the averaged state
 If you want to compute the relaxed density,
 please, set 'RelaxedDensity = Yes' option

 Total charge:     1.00000000

 Atomic gross charges (e)
 Atom           Charge
    1       0.10757516
    2      -0.11079170
    3       0.19222474
    4       0.31054866
    5       0.30957611
    6       0.19086702

Nr. of electrons (up):     12.00000000
Atom populations (up)
 Atom       Population
    1       3.89242484
    2       5.11079170
    3       0.80777526
    4       0.68945134
    5       0.69042389
    6       0.80913298

l-shell populations (up)
 Atom Sh.   l       Population
    1   1   0       1.18116435
    1   2   1       2.71126049
    2   1   0       1.38362719
    2   2   1       3.72716451
    3   1   0       0.80777526
    4   1   0       0.68945134
    5   1   0       0.69042389
    6   1   0       0.80913298

Orbital populations (up)
 Atom Sh.   l   m       Population  Label
    1   1   0   0       1.18116435  s
    1   2   1  -1       0.97783241  p_y
    1   2   1   0       0.88146265  p_z
    1   2   1   1       0.85196543  p_x
    2   1   0   0       1.38362719  s
    2   2   1  -1       1.51757272  p_y
    2   2   1   0       1.11363675  p_z
    2   2   1   1       1.09595504  p_x
    3   1   0   0       0.80777526  s
    4   1   0   0       0.68945134  s
    5   1   0   0       0.69042389  s
    6   1   0   0       0.80913298  s

Input / Output electrons (q):     12.0000000000

Energy H0:                          -6.5233503753 H         -177.5094 eV
Energy SCC:                          0.1350304646 H            3.6744 eV
Energy SPIN:                        -0.0000177700 H           -0.0005 eV
Energy Fock:                        -0.2066659248 H           -5.6237 eV
Total Electronic energy:            -6.5950036054 H         -179.4592 eV
Repulsive energy:                    0.1768036675 H            4.8111 eV

Excitation Energy:                   0.0000000000 H            0.0000 eV

Total energy:                       -6.4182147666 H         -174.6485 eV

SCC converged

Total Forces
    1      0.000806537589     -0.000718012003      0.019878917734
    2     -0.005634609942     -0.003303313594     -0.021044363175
    3     -0.000494469892      0.003770446151      0.003851287026
    4      0.002925251222     -0.002072382482     -0.003142077719
    5      0.001483669339      0.005500931732     -0.002007622708
    6      0.000913621685     -0.003177669804      0.002463858841

Maximal derivative component:        0.210444E-01 au


