REKS do not use any electronic distribution function

Calculation with static geometry

********************************************************************************************
  iSCC       reks energy        Diff energy         x_a       SCC error   
   46       -6.2857444134      -0.0000000000     0.999969    0.00000094
********************************************************************************************

 SA-REKS optimizes the avergaed state, not individual states
 These charges do not mean the charges for individual states
 Similarly to this, the values in band.out file indicate
 the band energies and occupations for the averaged state
 If you want to compute the relaxed density,
 please, set 'RelaxedDensity = Yes' option

 Total charge:     1.00000000

 Atomic gross charges (e)
 Atom           Charge
    1       0.10327106
    2      -0.09921480
    3       0.18885711
    4       0.30910420
    5       0.30966484
    6       0.18831759

Nr. of electrons (up):     12.00000000
Atom populations (up)
 Atom       Population
    1       3.89672894
    2       5.09921480
    3       0.81114289
    4       0.69089580
    5       0.69033516
    6       0.81168241

l-shell populations (up)
 Atom Sh.   l       Population
    1   1   0       1.17160326
    1   2   1       2.72512567
    2   1   0       1.37590246
    2   2   1       3.72331234
    3   1   0       0.81114289
    4   1   0       0.69089580
    5   1   0       0.69033516
    6   1   0       0.81168241

Orbital populations (up)
 Atom Sh.   l   m       Population  Label
    1   1   0   0       1.17160326  s
    1   2   1  -1       0.85791270  p_y
    1   2   1   0       0.88690616  p_z
    1   2   1   1       0.98030681  p_x
    2   1   0   0       1.37590246  s
    2   2   1  -1       1.09912655  p_y
    2   2   1   0       1.11546010  p_z
    2   2   1   1       1.50872569  p_x
    3   1   0   0       0.81114289  s
    4   1   0   0       0.69089580  s
    5   1   0   0       0.69033516  s
    6   1   0   0       0.81168241  s

Input / Output electrons (q):     12.0000000000

Energy H0:                          -6.5355110610 H         -177.8403 eV
Energy SCC:                          0.1356722905 H            3.6918 eV
Energy SPIN:                        -0.0000174671 H           -0.0005 eV
Energy Fock:                        -0.2087078762 H           -5.6792 eV
Total Electronic energy:            -6.6085641138 H         -179.8282 eV
Repulsive energy:                    0.1925002135 H            5.2382 eV

Excitation Energy:                   0.0000000000 H            0.0000 eV

Total energy:                       -6.4161360547 H         -174.5919 eV

SCC converged

Total Forces
    1      0.000639852155      0.003037907757     -0.030074975505
    2     -0.001320741468     -0.002611057442      0.025206941540
    3     -0.007348650901     -0.002778131208      0.005433529470
    4     -0.007751433377      0.000302970727     -0.002343367373
    5      0.008563624594      0.000856976739     -0.003402841509
    6      0.007217348997      0.001191333426      0.005180713378

Maximal derivative component:        0.300750E-01 au


