REKS do not use any electronic distribution function

Calculation with static geometry

********************************************************************************************
  iSCC       reks energy        Diff energy         x_a       SCC error   
   54       -6.2882054146      -0.0000000000     0.999965    0.00000082
********************************************************************************************

 SA-REKS optimizes the avergaed state, not individual states
 These charges do not mean the charges for individual states
 Similarly to this, the values in band.out file indicate
 the band energies and occupations for the averaged state
 If you want to compute the relaxed density,
 please, set 'RelaxedDensity = Yes' option

 Total charge:     1.00000000

 Atomic gross charges (e)
 Atom           Charge
    1       0.10839951
    2      -0.11250180
    3       0.19093671
    4       0.30943248
    5       0.31213533
    6       0.19159777

Nr. of electrons (up):     12.00000000
Atom populations (up)
 Atom       Population
    1       3.89160049
    2       5.11250180
    3       0.80906329
    4       0.69056752
    5       0.68786467
    6       0.80840223

l-shell populations (up)
 Atom Sh.   l       Population
    1   1   0       1.18254383
    1   2   1       2.70905666
    2   1   0       1.38410895
    2   2   1       3.72839285
    3   1   0       0.80906329
    4   1   0       0.69056752
    5   1   0       0.68786467
    6   1   0       0.80840223

Orbital populations (up)
 Atom Sh.   l   m       Population  Label
    1   1   0   0       1.18254383  s
    1   2   1  -1       0.97071733  p_y
    1   2   1   0       0.88755467  p_z
    1   2   1   1       0.85078466  p_x
    2   1   0   0       1.38410895  s
    2   2   1  -1       1.51797018  p_y
    2   2   1   0       1.11809600  p_z
    2   2   1   1       1.09232667  p_x
    3   1   0   0       0.80906329  s
    4   1   0   0       0.69056752  s
    5   1   0   0       0.68786467  s
    6   1   0   0       0.80840223  s

Input / Output electrons (q):     12.0000000000

Energy H0:                          -6.5231899988 H         -177.5050 eV
Energy SCC:                          0.1348395406 H            3.6692 eV
Energy SPIN:                        -0.0000194597 H           -0.0005 eV
Energy Fock:                        -0.2070767251 H           -5.6348 eV
Total Electronic energy:            -6.5954466430 H         -179.4712 eV
Repulsive energy:                    0.1785613879 H            4.8589 eV

Excitation Energy:                   0.0000000000 H            0.0000 eV

Total energy:                       -6.4169459455 H         -174.6140 eV

SCC converged

Total Forces
    1     -0.002169259249      0.000294591543      0.019011190176
    2     -0.001041249290      0.002943122567     -0.015574403986
    3     -0.002043250073      0.005880728433     -0.000106866097
    4      0.001254087177     -0.008126301316      0.002062409848
    5      0.002732021149      0.006371677660     -0.004412287874
    6      0.001267650286     -0.007363818887     -0.000980042067

Maximal derivative component:        0.190112E-01 au


