REKS do not use any electronic distribution function

Calculation with static geometry

********************************************************************************************
  iSCC       reks energy        Diff energy         x_a       SCC error   
  109      -16.4118601947      -0.0000000000     1.000000    0.00000098
********************************************************************************************

 SA-REKS optimizes the avergaed state, not individual states
 These charges do not mean the charges for individual states
 Similarly to this, the values in band.out file indicate
 the band energies and occupations for the averaged state
 If you want to compute the relaxed density,
 please, set 'RelaxedDensity = Yes' option

 Total charge:     1.00000000

 Atomic gross charges (e)
 Atom           Charge
    1      -0.02833220
    2      -0.01765253
    3       0.11339529
    4       0.12358962
    5       0.13885451
    6       0.00540956
    7      -0.14250846
    8       0.13472301
    9       0.14275189
   10       0.18347916
   11       0.07593648
   12      -0.23146850
   13       0.25195948
   14       0.24986270

Nr. of electrons (up):     32.00000000
Atom populations (up)
 Atom       Population
    1       4.02833220
    2       4.01765253
    3       0.88660471
    4       0.87641038
    5       0.86114549
    6       3.99459044
    7       4.14250846
    8       0.86527699
    9       0.85724811
   10       3.81652084
   11       0.92406352
   12       5.23146850
   13       0.74804052
   14       0.75013730

l-shell populations (up)
 Atom Sh.   l       Population
    1   1   0       1.20509081
    1   2   1       2.82324139
    2   1   0       1.19931065
    2   2   1       2.81834187
    3   1   0       0.88660471
    4   1   0       0.87641038
    5   1   0       0.86114549
    6   1   0       1.18399720
    6   2   1       2.81059324
    7   1   0       1.15610621
    7   2   1       2.98640225
    8   1   0       0.86527699
    9   1   0       0.85724811
   10   1   0       1.17259435
   10   2   1       2.64392650
   11   1   0       0.92406352
   12   1   0       1.40927273
   12   2   1       3.82219577
   13   1   0       0.74804052
   14   1   0       0.75013730

Orbital populations (up)
 Atom Sh.   l   m       Population  Label
    1   1   0   0       1.20509081  s
    1   2   1  -1       0.98543031  p_y
    1   2   1   0       0.93965936  p_z
    1   2   1   1       0.89815173  p_x
    2   1   0   0       1.19931065  s
    2   2   1  -1       0.98956729  p_y
    2   2   1   0       0.87346132  p_z
    2   2   1   1       0.95531327  p_x
    3   1   0   0       0.88660471  s
    4   1   0   0       0.87641038  s
    5   1   0   0       0.86114549  s
    6   1   0   0       1.18399720  s
    6   2   1  -1       0.93560444  p_y
    6   2   1   0       0.93372173  p_z
    6   2   1   1       0.94126707  p_x
    7   1   0   0       1.15610621  s
    7   2   1  -1       1.08817972  p_y
    7   2   1   0       0.95872606  p_z
    7   2   1   1       0.93949648  p_x
    8   1   0   0       0.86527699  s
    9   1   0   0       0.85724811  s
   10   1   0   0       1.17259435  s
   10   2   1  -1       0.83521736  p_y
   10   2   1   0       0.92141318  p_z
   10   2   1   1       0.88729595  p_x
   11   1   0   0       0.92406352  s
   12   1   0   0       1.40927273  s
   12   2   1  -1       1.43330894  p_y
   12   2   1   0       1.21467630  p_z
   12   2   1   1       1.17421053  p_x
   13   1   0   0       0.74804052  s
   14   1   0   0       0.75013730  s

Input / Output electrons (q):     32.0000000000

Energy H0:                         -16.3559617272 H         -445.0684 eV
Energy SCC:                          0.1053222593 H            2.8660 eV
Energy SPIN:                        -0.0000000280 H           -0.0000 eV
Energy Fock:                        -0.6680275977 H          -18.1780 eV
Total Electronic energy:           -16.9186670936 H         -460.3804 eV
Repulsive energy:                    0.4415814744 H           12.0160 eV

Excitation Energy:                   0.0000000000 H            0.0000 eV

Total energy:                      -16.4771051477 H         -448.3648 eV

SCC converged

Total Forces
    1     -0.023517520681     -0.057950823163      0.036370750895
    2     -0.023803539262      0.049532576608     -0.089695502837
    3     -0.000075558451      0.000478689218      0.019281671032
    4      0.006917234403     -0.005735092626     -0.006733861074
    5      0.041866950172     -0.006332278027      0.022158615588
    6     -0.019861482535     -0.030004529751     -0.016682371876
    7      0.004041907734      0.015141848999      0.082651967365
    8     -0.015833845194      0.014622425013     -0.012858632365
    9      0.016588367638     -0.012075312784     -0.050905788759
   10     -0.027521150427      0.057392476538      0.037233898326
   11      0.026719308906      0.003274072656     -0.016325577618
   12      0.001230441015     -0.051619828534      0.008887540280
   13     -0.003894374936      0.003450511056     -0.002699719867
   14      0.017143261617      0.019825264796     -0.010682989088

Maximal derivative component:        0.896955E-01 au


