 KPT            1  SPIN            1  KWEIGHT    1.0000000000000000     
     1   -29.830  2.00000
     2   -27.364  2.00000
     3   -25.441  2.00000
     4   -23.276  2.00000
     5   -21.420  2.00000
     6   -20.171  2.00000
     7   -19.589  2.00000
     8   -18.982  2.00000
     9   -17.865  2.00000
    10   -17.823  2.00000
    11   -17.153  2.00000
    12   -16.712  2.00000
    13   -15.687  2.00000
    14   -15.396  2.00000
    15   -14.531  2.00000
    16   -13.650  1.50000
    17    -9.079  0.50000
    18    -4.090  0.00000
    19    -2.851  0.00000
    20     3.984  0.00000
    21     8.069  0.00000
    22    12.122  0.00000
    23    14.327  0.00000
    24    14.428  0.00000
    25    17.877  0.00000
    26    18.693  0.00000
    27    20.412  0.00000
    28    21.917  0.00000
    29    23.737  0.00000
    30    34.224  0.00000
    31    41.739  0.00000
    32    44.678  0.00000

