REKS do not use any electronic distribution function

Calculation with static geometry

********************************************************************************************
  iSCC       reks energy        Diff energy         x_a       SCC error   
  106      -16.3870268895      -0.0000000000     1.000000    0.00000093
********************************************************************************************

 SA-REKS optimizes the avergaed state, not individual states
 These charges do not mean the charges for individual states
 Similarly to this, the values in band.out file indicate
 the band energies and occupations for the averaged state
 If you want to compute the relaxed density,
 please, set 'RelaxedDensity = Yes' option

 Total charge:     1.00000000

 Atomic gross charges (e)
 Atom           Charge
    1      -0.12906910
    2      -0.03176594
    3       0.12287382
    4       0.12344674
    5       0.14610373
    6       0.10007590
    7      -0.11068971
    8       0.10295086
    9       0.12157400
   10       0.15604087
   11       0.10100045
   12      -0.19421527
   13       0.25163397
   14       0.24003969

Nr. of electrons (up):     32.00000000
Atom populations (up)
 Atom       Population
    1       4.12906910
    2       4.03176594
    3       0.87712618
    4       0.87655326
    5       0.85389627
    6       3.89992410
    7       4.11068971
    8       0.89704914
    9       0.87842600
   10       3.84395913
   11       0.89899955
   12       5.19421527
   13       0.74836603
   14       0.75996031

l-shell populations (up)
 Atom Sh.   l       Population
    1   1   0       1.18911084
    1   2   1       2.93995826
    2   1   0       1.17966305
    2   2   1       2.85210289
    3   1   0       0.87712618
    4   1   0       0.87655326
    5   1   0       0.85389627
    6   1   0       1.16639442
    6   2   1       2.73352968
    7   1   0       1.18496252
    7   2   1       2.92572719
    8   1   0       0.89704914
    9   1   0       0.87842600
   10   1   0       1.13327321
   10   2   1       2.71068592
   11   1   0       0.89899955
   12   1   0       1.35960211
   12   2   1       3.83461316
   13   1   0       0.74836603
   14   1   0       0.75996031

Orbital populations (up)
 Atom Sh.   l   m       Population  Label
    1   1   0   0       1.18911084  s
    1   2   1  -1       0.95390723  p_y
    1   2   1   0       0.97050219  p_z
    1   2   1   1       1.01554884  p_x
    2   1   0   0       1.17966305  s
    2   2   1  -1       0.95525887  p_y
    2   2   1   0       0.92366614  p_z
    2   2   1   1       0.97317788  p_x
    3   1   0   0       0.87712618  s
    4   1   0   0       0.87655326  s
    5   1   0   0       0.85389627  s
    6   1   0   0       1.16639442  s
    6   2   1  -1       0.93625285  p_y
    6   2   1   0       0.87687821  p_z
    6   2   1   1       0.92039862  p_x
    7   1   0   0       1.18496252  s
    7   2   1  -1       0.96265358  p_y
    7   2   1   0       1.01126726  p_z
    7   2   1   1       0.95180635  p_x
    8   1   0   0       0.89704914  s
    9   1   0   0       0.87842600  s
   10   1   0   0       1.13327321  s
   10   2   1  -1       0.93628711  p_y
   10   2   1   0       0.87137239  p_z
   10   2   1   1       0.90302641  p_x
   11   1   0   0       0.89899955  s
   12   1   0   0       1.35960211  s
   12   2   1  -1       1.29911371  p_y
   12   2   1   0       1.16529314  p_z
   12   2   1   1       1.37020631  p_x
   13   1   0   0       0.74836603  s
   14   1   0   0       0.75996031  s

Input / Output electrons (q):     32.0000000000

Energy H0:                         -16.3446934908 H         -444.7617 eV
Energy SCC:                          0.1140919007 H            3.1046 eV
Energy SPIN:                        -0.0000000119 H           -0.0000 eV
Energy Fock:                        -0.6741690757 H          -18.3451 eV
Total Electronic energy:           -16.9047706776 H         -460.0022 eV
Repulsive energy:                    0.4425167611 H           12.0415 eV

Excitation Energy:                   0.0000000000 H            0.0000 eV

Total energy:                      -16.4622617905 H         -447.9609 eV

SCC converged

Total Forces
    1     -0.003049425562     -0.029207725821      0.029444121263
    2     -0.007089807833     -0.020556023311     -0.118629565106
    3      0.005096127012      0.017550306331     -0.006817738127
    4      0.004675597483      0.020277626807     -0.007979574745
    5      0.005889677582      0.012397184149      0.050852925277
    6     -0.129386279685      0.052049940799      0.060435611487
    7      0.120764014072     -0.043423714875      0.059346156124
    8      0.010488073277     -0.009810767384     -0.008296781982
    9      0.022413520515      0.017509786009     -0.012615221535
   10     -0.029301303732     -0.004448837735     -0.021719066924
   11      0.002076742556      0.005241836411     -0.007915299997
   12     -0.015286987078     -0.025064461751     -0.018595667767
   13      0.018031307178      0.029645355241      0.001514366131
   14     -0.005321255784     -0.022160504869      0.000975735900

Maximal derivative component:        0.129386E+00 au


