REKS do not use any electronic distribution function

Calculation with static geometry

********************************************************************************************
  iSCC       reks energy        Diff energy         x_a       SCC error   
   45       -6.2843930562      -0.0000000000     0.999975    0.00000085
********************************************************************************************

 SA-REKS optimizes the avergaed state, not individual states
 These charges do not mean the charges for individual states
 Similarly to this, the values in band.out file indicate
 the band energies and occupations for the averaged state
 If you want to compute the relaxed density,
 please, set 'RelaxedDensity = Yes' option

 Total charge:     1.00000000

 Atomic gross charges (e)
 Atom           Charge
    1       0.10018468
    2      -0.10132329
    3       0.19449123
    4       0.30915480
    5       0.30971266
    6       0.18777992

Nr. of electrons (up):     12.00000000
Atom populations (up)
 Atom       Population
    1       3.89981532
    2       5.10132329
    3       0.80550877
    4       0.69084520
    5       0.69028734
    6       0.81222008

l-shell populations (up)
 Atom Sh.   l       Population
    1   1   0       1.17670845
    1   2   1       2.72310687
    2   1   0       1.38002460
    2   2   1       3.72129869
    3   1   0       0.80550877
    4   1   0       0.69084520
    5   1   0       0.69028734
    6   1   0       0.81222008

Orbital populations (up)
 Atom Sh.   l   m       Population  Label
    1   1   0   0       1.17670845  s
    1   2   1  -1       0.85072986  p_y
    1   2   1   0       0.89337672  p_z
    1   2   1   1       0.97900028  p_x
    2   1   0   0       1.38002460  s
    2   2   1  -1       1.09390247  p_y
    2   2   1   0       1.12304322  p_z
    2   2   1   1       1.50435301  p_x
    3   1   0   0       0.80550877  s
    4   1   0   0       0.69084520  s
    5   1   0   0       0.69028734  s
    6   1   0   0       0.81222008  s

Input / Output electrons (q):     12.0000000000

Energy H0:                          -6.5316454714 H         -177.7351 eV
Energy SCC:                          0.1356812229 H            3.6921 eV
Energy SPIN:                        -0.0000147069 H           -0.0004 eV
Energy Fock:                        -0.2090453310 H           -5.6884 eV
Total Electronic energy:            -6.6050242863 H         -179.7319 eV
Repulsive energy:                    0.1898005813 H            5.1647 eV

Excitation Energy:                   0.0000000000 H            0.0000 eV

Total energy:                       -6.4152627987 H         -174.5682 eV

SCC converged

Total Forces
    1      0.004389766809      0.011314787063     -0.022824061990
    2     -0.016613228307      0.005492360639      0.027462009599
    3     -0.006074259615      0.001295873019      0.006630554697
    4      0.000937846583     -0.009213859135     -0.004391050637
    5      0.011307763412     -0.004503750862     -0.000349016354
    6      0.006052111118     -0.004385410725     -0.006528435315

Maximal derivative component:        0.274620E-01 au


