REKS do not use any electronic distribution function

Calculation with static geometry

********************************************************************************************
  iSCC       reks energy        Diff energy         x_a       SCC error   
   42       -6.2839887011      -0.0000000000     0.999975    0.00000083
********************************************************************************************

 SA-REKS optimizes the avergaed state, not individual states
 These charges do not mean the charges for individual states
 Similarly to this, the values in band.out file indicate
 the band energies and occupations for the averaged state
 If you want to compute the relaxed density,
 please, set 'RelaxedDensity = Yes' option

 Total charge:     1.00000000

 Atomic gross charges (e)
 Atom           Charge
    1       0.09888804
    2      -0.09350792
    3       0.18960958
    4       0.30870617
    5       0.30834922
    6       0.18795492

Nr. of electrons (up):     12.00000000
Atom populations (up)
 Atom       Population
    1       3.90111196
    2       5.09350792
    3       0.81039042
    4       0.69129383
    5       0.69165078
    6       0.81204508

l-shell populations (up)
 Atom Sh.   l       Population
    1   1   0       1.16743093
    1   2   1       2.73368103
    2   1   0       1.37303399
    2   2   1       3.72047393
    3   1   0       0.81039042
    4   1   0       0.69129383
    5   1   0       0.69165078
    6   1   0       0.81204508

Orbital populations (up)
 Atom Sh.   l   m       Population  Label
    1   1   0   0       1.16743093  s
    1   2   1  -1       0.98637223  p_y
    1   2   1   0       0.88817988  p_z
    1   2   1   1       0.85912893  p_x
    2   1   0   0       1.37303399  s
    2   2   1  -1       1.50486955  p_y
    2   2   1   0       1.11348097  p_z
    2   2   1   1       1.10212341  p_x
    3   1   0   0       0.81039042  s
    4   1   0   0       0.69129383  s
    5   1   0   0       0.69165078  s
    6   1   0   0       0.81204508  s

Input / Output electrons (q):     12.0000000000

Energy H0:                          -6.5421479911 H         -178.0209 eV
Energy SCC:                          0.1361638380 H            3.7052 eV
Energy SPIN:                        -0.0000146006 H           -0.0004 eV
Energy Fock:                        -0.2092554724 H           -5.6941 eV
Total Electronic energy:            -6.6152542261 H         -180.0102 eV
Repulsive energy:                    0.1992540631 H            5.4220 eV

Excitation Energy:                   0.0000000000 H            0.0000 eV

Total energy:                       -6.4160414024 H         -174.5894 eV

SCC converged

Total Forces
    1     -0.002277505698      0.000740640772     -0.047210579555
    2     -0.001559827985      0.004756752154      0.043353074319
    3      0.003766621845      0.005211045707      0.007702954640
    4      0.002104764349     -0.008857707151     -0.004433447633
    5      0.000477098784      0.004067350970     -0.004198648110
    6     -0.002511151294     -0.005918082453      0.004786646339

Maximal derivative component:        0.472106E-01 au


