 KPT            1  SPIN            1  KWEIGHT    1.0000000000000000     
     1   -29.095  2.00000
     2   -27.399  2.00000
     3   -25.455  2.00000
     4   -23.204  2.00000
     5   -21.087  2.00000
     6   -20.261  2.00000
     7   -19.065  2.00000
     8   -18.323  2.00000
     9   -18.111  2.00000
    10   -17.306  2.00000
    11   -16.932  2.00000
    12   -16.808  2.00000
    13   -15.814  2.00000
    14   -15.620  2.00000
    15   -14.173  2.00000
    16   -13.726  1.50000
    17   -10.239  0.50000
    18    -2.954  0.00000
    19    -1.884  0.00000
    20     6.906  0.00000
    21    10.019  0.00000
    22    11.850  0.00000
    23    15.432  0.00000
    24    16.545  0.00000
    25    17.177  0.00000
    26    18.374  0.00000
    27    21.053  0.00000
    28    23.109  0.00000
    29    27.524  0.00000
    30    30.703  0.00000
    31    33.383  0.00000
    32    53.884  0.00000

