REKS do not use any electronic distribution function

Calculation with static geometry

********************************************************************************************
  iSCC       reks energy        Diff energy         x_a       SCC error   
   43       -6.2834821802      -0.0000000000     0.999976    0.00000096
********************************************************************************************

 SA-REKS optimizes the avergaed state, not individual states
 These charges do not mean the charges for individual states
 Similarly to this, the values in band.out file indicate
 the band energies and occupations for the averaged state
 If you want to compute the relaxed density,
 please, set 'RelaxedDensity = Yes' option

 Total charge:     1.00000000

 Atomic gross charges (e)
 Atom           Charge
    1       0.09947193
    2      -0.09559738
    3       0.18930343
    4       0.30861461
    5       0.30951946
    6       0.18868795

Nr. of electrons (up):     12.00000000
Atom populations (up)
 Atom       Population
    1       3.90052807
    2       5.09559738
    3       0.81069657
    4       0.69138539
    5       0.69048054
    6       0.81131205

l-shell populations (up)
 Atom Sh.   l       Population
    1   1   0       1.16721603
    1   2   1       2.73331204
    2   1   0       1.37455470
    2   2   1       3.72104269
    3   1   0       0.81069657
    4   1   0       0.69138539
    5   1   0       0.69048054
    6   1   0       0.81131205

Orbital populations (up)
 Atom Sh.   l   m       Population  Label
    1   1   0   0       1.16721603  s
    1   2   1  -1       0.86454354  p_y
    1   2   1   0       0.88991115  p_z
    1   2   1   1       0.97885735  p_x
    2   1   0   0       1.37455470  s
    2   2   1  -1       1.12832254  p_y
    2   2   1   0       1.11204307  p_z
    2   2   1   1       1.48067708  p_x
    3   1   0   0       0.81069657  s
    4   1   0   0       0.69138539  s
    5   1   0   0       0.69048054  s
    6   1   0   0       0.81131205  s

Input / Output electrons (q):     12.0000000000

Energy H0:                          -6.5413704981 H         -177.9997 eV
Energy SCC:                          0.1357981290 H            3.6953 eV
Energy SPIN:                        -0.0000142480 H           -0.0004 eV
Energy Fock:                        -0.2092869150 H           -5.6950 eV
Total Electronic energy:            -6.6148735322 H         -179.9999 eV
Repulsive energy:                    0.1991375009 H            5.4188 eV

Excitation Energy:                   0.0000000000 H            0.0000 eV

Total energy:                       -6.4157938204 H         -174.5826 eV

SCC converged

Total Forces
    1      0.001415178526      0.002194912493     -0.041129291450
    2     -0.002580842953     -0.000529363598      0.053723729284
    3      0.007001012924      0.002234976525      0.002661097288
    4      0.008736367126     -0.000523348851     -0.006736343231
    5     -0.007155115325     -0.000704939053     -0.009380560597
    6     -0.007416600298     -0.002672237516      0.000861368706

Maximal derivative component:        0.537237E-01 au


