 KPT            1  SPIN            1  KWEIGHT    1.0000000000000000     
     1   -29.629  2.00000
     2   -27.308  2.00000
     3   -25.380  2.00000
     4   -23.158  2.00000
     5   -21.397  2.00000
     6   -20.367  2.00000
     7   -19.462  2.00000
     8   -18.560  2.00000
     9   -18.222  2.00000
    10   -17.144  2.00000
    11   -17.089  2.00000
    12   -16.715  2.00000
    13   -15.856  2.00000
    14   -15.263  2.00000
    15   -14.931  2.00000
    16   -13.636  1.49998
    17   -10.206  0.50002
    18    -4.125  0.00000
    19    -2.414  0.00000
    20     6.278  0.00000
    21     9.663  0.00000
    22    12.034  0.00000
    23    15.557  0.00000
    24    16.453  0.00000
    25    16.873  0.00000
    26    19.000  0.00000
    27    19.335  0.00000
    28    23.558  0.00000
    29    25.770  0.00000
    30    27.785  0.00000
    31    38.223  0.00000
    32    39.316  0.00000

