REKS do not use any electronic distribution function

Calculation with static geometry

********************************************************************************************
  iSCC       reks energy        Diff energy         x_a       SCC error   
   66      -16.4136704200      -0.0000000000     0.999985    0.00000096
********************************************************************************************

 SA-REKS optimizes the avergaed state, not individual states
 These charges do not mean the charges for individual states
 Similarly to this, the values in band.out file indicate
 the band energies and occupations for the averaged state
 If you want to compute the relaxed density,
 please, set 'RelaxedDensity = Yes' option

 Total charge:     1.00000000

 Atomic gross charges (e)
 Atom           Charge
    1      -0.02772240
    2      -0.00101009
    3       0.12620560
    4       0.10790299
    5       0.09768139
    6       0.07920476
    7      -0.16433745
    8       0.11650754
    9       0.09494247
   10       0.21511466
   11       0.07271296
   12      -0.20617653
   13       0.25531365
   14       0.23366044

Nr. of electrons (up):     32.00000000
Atom populations (up)
 Atom       Population
    1       4.02772240
    2       4.00101009
    3       0.87379440
    4       0.89209701
    5       0.90231861
    6       3.92079524
    7       4.16433745
    8       0.88349246
    9       0.90505753
   10       3.78488534
   11       0.92728704
   12       5.20617653
   13       0.74468635
   14       0.76633956

l-shell populations (up)
 Atom Sh.   l       Population
    1   1   0       1.21381934
    1   2   1       2.81390306
    2   1   0       1.17359961
    2   2   1       2.82741048
    3   1   0       0.87379440
    4   1   0       0.89209701
    5   1   0       0.90231861
    6   1   0       1.19338853
    6   2   1       2.72740670
    7   1   0       1.18167350
    7   2   1       2.98266395
    8   1   0       0.88349246
    9   1   0       0.90505753
   10   1   0       1.12206101
   10   2   1       2.66282433
   11   1   0       0.92728704
   12   1   0       1.40143178
   12   2   1       3.80474475
   13   1   0       0.74468635
   14   1   0       0.76633956

Orbital populations (up)
 Atom Sh.   l   m       Population  Label
    1   1   0   0       1.21381934  s
    1   2   1  -1       0.95657734  p_y
    1   2   1   0       1.02598144  p_z
    1   2   1   1       0.83134427  p_x
    2   1   0   0       1.17359961  s
    2   2   1  -1       0.95092082  p_y
    2   2   1   0       0.96039062  p_z
    2   2   1   1       0.91609903  p_x
    3   1   0   0       0.87379440  s
    4   1   0   0       0.89209701  s
    5   1   0   0       0.90231861  s
    6   1   0   0       1.19338853  s
    6   2   1  -1       0.83836818  p_y
    6   2   1   0       0.98073972  p_z
    6   2   1   1       0.90829880  p_x
    7   1   0   0       1.18167350  s
    7   2   1  -1       1.08459016  p_y
    7   2   1   0       0.98179360  p_z
    7   2   1   1       0.91628019  p_x
    8   1   0   0       0.88349246  s
    9   1   0   0       0.90505753  s
   10   1   0   0       1.12206101  s
   10   2   1  -1       0.84502234  p_y
   10   2   1   0       0.92468625  p_z
   10   2   1   1       0.89311575  p_x
   11   1   0   0       0.92728704  s
   12   1   0   0       1.40143178  s
   12   2   1  -1       1.39321945  p_y
   12   2   1   0       1.31440823  p_z
   12   2   1   1       1.09711707  p_x
   13   1   0   0       0.74468635  s
   14   1   0   0       0.76633956  s

Input / Output electrons (q):     32.0000000000

Energy H0:                         -16.3134618057 H         -443.9119 eV
Energy SCC:                          0.0973531406 H            2.6491 eV
Energy SPIN:                        -0.0000029695 H           -0.0001 eV
Energy Fock:                        -0.6651559767 H          -18.0998 eV
Total Electronic energy:           -16.8812676114 H         -459.3627 eV
Repulsive energy:                    0.4057435564 H           11.0408 eV

Excitation Energy:                   0.0000000000 H            0.0000 eV

Total energy:                      -16.4761706363 H         -448.3394 eV

SCC converged

Total Forces
    1      0.009182288285      0.002816680731     -0.029304253251
    2      0.000868483318     -0.019239298650      0.018631236453
    3     -0.000371247735      0.007143233155      0.014209620225
    4     -0.019773081338     -0.012498207607     -0.004071149377
    5      0.006117976533      0.017939511304     -0.011606016709
    6      0.076870697674     -0.024789571433     -0.054639524079
    7     -0.044244502626      0.056392118757      0.070141204365
    8      0.003229152224      0.010476831642      0.023479615391
    9     -0.007576546782     -0.012797037938     -0.014737977321
   10     -0.057548123219     -0.076300608249     -0.047109566956
   11     -0.019448961407      0.003283232537      0.002680777469
   12      0.110722360695      0.043026992779      0.086647643475
   13     -0.028623192716      0.008898269867     -0.017561118535
   14     -0.029405302905     -0.004352146894     -0.036760491149

Maximal derivative component:        0.110722E+00 au


