REKS do not use any electronic distribution function

Calculation with static geometry

********************************************************************************************
  iSCC       reks energy        Diff energy         x_a       SCC error   
   57       -6.2846690024      -0.0000000000     0.999950    0.00000095
********************************************************************************************

 SA-REKS optimizes the avergaed state, not individual states
 These charges do not mean the charges for individual states
 Similarly to this, the values in band.out file indicate
 the band energies and occupations for the averaged state
 If you want to compute the relaxed density,
 please, set 'RelaxedDensity = Yes' option

 Total charge:     1.00000000

 Atomic gross charges (e)
 Atom           Charge
    1       0.11409484
    2      -0.11322367
    3       0.18488322
    4       0.31289144
    5       0.31056097
    6       0.19079321

Nr. of electrons (up):     12.00000000
Atom populations (up)
 Atom       Population
    1       3.88590516
    2       5.11322367
    3       0.81511678
    4       0.68710856
    5       0.68943903
    6       0.80920679

l-shell populations (up)
 Atom Sh.   l       Population
    1   1   0       1.18189591
    1   2   1       2.70400926
    2   1   0       1.38242262
    2   2   1       3.73080105
    3   1   0       0.81511678
    4   1   0       0.68710856
    5   1   0       0.68943903
    6   1   0       0.80920679

Orbital populations (up)
 Atom Sh.   l   m       Population  Label
    1   1   0   0       1.18189591  s
    1   2   1  -1       0.85339345  p_y
    1   2   1   0       0.89574490  p_z
    1   2   1   1       0.95487090  p_x
    2   1   0   0       1.38242262  s
    2   2   1  -1       1.08804913  p_y
    2   2   1   0       1.12866469  p_z
    2   2   1   1       1.51408723  p_x
    3   1   0   0       0.81511678  s
    4   1   0   0       0.68710856  s
    5   1   0   0       0.68943903  s
    6   1   0   0       0.80920679  s

Input / Output electrons (q):     12.0000000000

Energy H0:                          -6.5234891898 H         -177.5132 eV
Energy SCC:                          0.1346590394 H            3.6643 eV
Energy SPIN:                        -0.0000274625 H           -0.0007 eV
Energy Fock:                        -0.2087085567 H           -5.6792 eV
Total Electronic energy:            -6.5975661696 H         -179.5289 eV
Repulsive energy:                    0.1868276375 H            5.0838 eV

Excitation Energy:                   0.0000000000 H            0.0000 eV

Total energy:                       -6.4110183579 H         -174.4527 eV

SCC converged

Total Forces
    1     -0.002161529228     -0.006117848028      0.000095357644
    2      0.007808657605     -0.000302370490     -0.000426630514
    3     -0.012153833877      0.001504475646     -0.009787435365
    4     -0.015409127440      0.000997045385      0.002701332243
    5      0.009999035789      0.003516748813      0.005976666336
    6      0.011916797151      0.000401948674      0.001440709657

Maximal derivative component:        0.154091E-01 au


