REKS do not use any electronic distribution function

Calculation with static geometry

********************************************************************************************
  iSCC       reks energy        Diff energy         x_a       SCC error   
   70       -6.2850630226      -0.0000000000     0.999923    0.00000097
********************************************************************************************

 SA-REKS optimizes the avergaed state, not individual states
 These charges do not mean the charges for individual states
 Similarly to this, the values in band.out file indicate
 the band energies and occupations for the averaged state
 If you want to compute the relaxed density,
 please, set 'RelaxedDensity = Yes' option

 Total charge:     1.00000000

 Atomic gross charges (e)
 Atom           Charge
    1       0.12817436
    2      -0.12592504
    3       0.18358891
    4       0.31542774
    5       0.31484854
    6       0.18388549

Nr. of electrons (up):     12.00000000
Atom populations (up)
 Atom       Population
    1       3.87182564
    2       5.12592504
    3       0.81641109
    4       0.68457226
    5       0.68515146
    6       0.81611451

l-shell populations (up)
 Atom Sh.   l       Population
    1   1   0       1.18694219
    1   2   1       2.68488345
    2   1   0       1.38916486
    2   2   1       3.73676018
    3   1   0       0.81641109
    4   1   0       0.68457226
    5   1   0       0.68515146
    6   1   0       0.81611451

Orbital populations (up)
 Atom Sh.   l   m       Population  Label
    1   1   0   0       1.18694219  s
    1   2   1  -1       0.85811967  p_y
    1   2   1   0       0.89722797  p_z
    1   2   1   1       0.92953581  p_x
    2   1   0   0       1.38916486  s
    2   2   1  -1       1.08305928  p_y
    2   2   1   0       1.13657440  p_z
    2   2   1   1       1.51712650  p_x
    3   1   0   0       0.81641109  s
    4   1   0   0       0.68457226  s
    5   1   0   0       0.68515146  s
    6   1   0   0       0.81611451  s

Input / Output electrons (q):     12.0000000000

Energy H0:                          -6.5107741954 H         -177.1672 eV
Energy SCC:                          0.1339334758 H            3.6445 eV
Energy SPIN:                        -0.0000399642 H           -0.0011 eV
Energy Fock:                        -0.2085713216 H           -5.6755 eV
Total Electronic energy:            -6.5854520054 H         -179.1993 eV
Repulsive energy:                    0.1790810693 H            4.8730 eV

Excitation Energy:                   0.0000000000 H            0.0000 eV

Total energy:                       -6.4070367886 H         -174.3443 eV

SCC converged

Total Forces
    1      0.006607768715     -0.001229382507      0.017135954862
    2     -0.016476254662      0.003301851396     -0.022292162560
    3     -0.014950776459      0.000498267943     -0.004513854129
    4     -0.010479938725     -0.005517347312      0.005737091235
    5      0.021061931618      0.001646455551      0.009263350219
    6      0.014237269514      0.001300154929     -0.005330379626

Maximal derivative component:        0.222922E-01 au


