REKS do not use any electronic distribution function

Calculation with static geometry

********************************************************************************************
  iSCC       reks energy        Diff energy         x_a       SCC error   
   37       -6.2819721425      -0.0000000000     0.999979    0.00000091
********************************************************************************************

 SA-REKS optimizes the avergaed state, not individual states
 These charges do not mean the charges for individual states
 Similarly to this, the values in band.out file indicate
 the band energies and occupations for the averaged state
 If you want to compute the relaxed density,
 please, set 'RelaxedDensity = Yes' option

 Total charge:     1.00000000

 Atomic gross charges (e)
 Atom           Charge
    1       0.09916873
    2      -0.09652645
    3       0.18643907
    4       0.30912241
    5       0.30758782
    6       0.19420843

Nr. of electrons (up):     12.00000000
Atom populations (up)
 Atom       Population
    1       3.90083127
    2       5.09652645
    3       0.81356093
    4       0.69087759
    5       0.69241218
    6       0.80579157

l-shell populations (up)
 Atom Sh.   l       Population
    1   1   0       1.17088074
    1   2   1       2.72995054
    2   1   0       1.37878016
    2   2   1       3.71774629
    3   1   0       0.81356093
    4   1   0       0.69087759
    5   1   0       0.69241218
    6   1   0       0.80579157

Orbital populations (up)
 Atom Sh.   l   m       Population  Label
    1   1   0   0       1.17088074  s
    1   2   1  -1       0.85801772  p_y
    1   2   1   0       0.89216743  p_z
    1   2   1   1       0.97976539  p_x
    2   1   0   0       1.37878016  s
    2   2   1  -1       1.10856089  p_y
    2   2   1   0       1.11979598  p_z
    2   2   1   1       1.48938942  p_x
    3   1   0   0       0.81356093  s
    4   1   0   0       0.69087759  s
    5   1   0   0       0.69241218  s
    6   1   0   0       0.80579157  s

Input / Output electrons (q):     12.0000000000

Energy H0:                          -6.5367976830 H         -177.8753 eV
Energy SCC:                          0.1360923471 H            3.7033 eV
Energy SPIN:                        -0.0000123213 H           -0.0003 eV
Energy Fock:                        -0.2097623655 H           -5.7079 eV
Total Electronic energy:            -6.6104800228 H         -179.8803 eV
Repulsive energy:                    0.1968095394 H            5.3555 eV

Excitation Energy:                   0.0000000000 H            0.0000 eV

Total energy:                       -6.4136713744 H         -174.5249 eV

SCC converged

Total Forces
    1     -0.006998811166      0.013410013449     -0.040330624089
    2      0.028656016279      0.005408758249      0.052499032971
    3     -0.000625988484     -0.002429680395     -0.005947328714
    4     -0.010582989001     -0.006887338240     -0.005534379456
    5     -0.011452990145     -0.006873839189     -0.007811415978
    6      0.001004762517     -0.002627913873      0.007124715266

Maximal derivative component:        0.524990E-01 au


