REKS do not use any electronic distribution function

Calculation with static geometry

********************************************************************************************
  iSCC       reks energy        Diff energy         x_a       SCC error   
   75       -6.2849495078      -0.0000000000     0.999918    0.00000088
********************************************************************************************

 SA-REKS optimizes the avergaed state, not individual states
 These charges do not mean the charges for individual states
 Similarly to this, the values in band.out file indicate
 the band energies and occupations for the averaged state
 If you want to compute the relaxed density,
 please, set 'RelaxedDensity = Yes' option

 Total charge:     1.00000000

 Atomic gross charges (e)
 Atom           Charge
    1       0.12805734
    2      -0.12865768
    3       0.18337201
    4       0.31470511
    5       0.31644426
    6       0.18607896

Nr. of electrons (up):     12.00000000
Atom populations (up)
 Atom       Population
    1       3.87194266
    2       5.12865768
    3       0.81662799
    4       0.68529489
    5       0.68355574
    6       0.81392104

l-shell populations (up)
 Atom Sh.   l       Population
    1   1   0       1.18898452
    1   2   1       2.68295814
    2   1   0       1.38864560
    2   2   1       3.74001207
    3   1   0       0.81662799
    4   1   0       0.68529489
    5   1   0       0.68355574
    6   1   0       0.81392104

Orbital populations (up)
 Atom Sh.   l   m       Population  Label
    1   1   0   0       1.18898452  s
    1   2   1  -1       0.92577049  p_y
    1   2   1   0       0.89713276  p_z
    1   2   1   1       0.86005490  p_x
    2   1   0   0       1.38864560  s
    2   2   1  -1       1.51616193  p_y
    2   2   1   0       1.13497044  p_z
    2   2   1   1       1.08887970  p_x
    3   1   0   0       0.81662799  s
    4   1   0   0       0.68529489  s
    5   1   0   0       0.68355574  s
    6   1   0   0       0.81392104  s

Input / Output electrons (q):     12.0000000000

Energy H0:                          -6.5078755997 H         -177.0883 eV
Energy SCC:                          0.1335225861 H            3.6333 eV
Energy SPIN:                        -0.0000424773 H           -0.0012 eV
Energy Fock:                        -0.2082875694 H           -5.6678 eV
Total Electronic energy:            -6.5826830603 H         -179.1239 eV
Repulsive energy:                    0.1762752727 H            4.7967 eV

Excitation Energy:                   0.0000000000 H            0.0000 eV

Total energy:                       -6.4071262772 H         -174.3468 eV

SCC converged

Total Forces
    1     -0.001206775271     -0.001052203491      0.029752732791
    2      0.002673256338      0.003265622338     -0.028733588486
    3     -0.001384536881     -0.015194971947     -0.009874373837
    4     -0.004042274525      0.015754964844      0.010182687684
    5      0.002651841205     -0.017825629140      0.003271857313
    6      0.001308489134      0.015052217396     -0.004599315465

Maximal derivative component:        0.297527E-01 au


