 KPT            1  SPIN            1  KWEIGHT    1.0000000000000000     
     1   -29.636  2.00000
     2   -27.173  2.00000
     3   -25.446  2.00000
     4   -23.102  2.00000
     5   -21.425  2.00000
     6   -20.022  2.00000
     7   -19.346  2.00000
     8   -18.662  2.00000
     9   -17.934  2.00000
    10   -17.386  2.00000
    11   -17.250  2.00000
    12   -16.783  2.00000
    13   -15.783  2.00000
    14   -15.257  2.00000
    15   -14.412  2.00000
    16   -14.045  1.50000
    17    -9.439  0.50000
    18    -3.492  0.00000
    19    -1.789  0.00000
    20     6.365  0.00000
    21     8.342  0.00000
    22    11.924  0.00000
    23    15.759  0.00000
    24    16.563  0.00000
    25    17.060  0.00000
    26    18.340  0.00000
    27    19.698  0.00000
    28    20.746  0.00000
    29    24.432  0.00000
    30    33.662  0.00000
    31    37.537  0.00000
    32    44.149  0.00000

