 KPT            1  SPIN            1  KWEIGHT    1.0000000000000000     
     1   -29.594  2.00000
     2   -27.064  2.00000
     3   -25.526  2.00000
     4   -23.250  2.00000
     5   -21.529  2.00000
     6   -20.319  2.00000
     7   -19.167  2.00000
     8   -18.676  2.00000
     9   -17.882  2.00000
    10   -17.633  2.00000
    11   -16.886  2.00000
    12   -16.531  2.00000
    13   -15.970  2.00000
    14   -15.335  2.00000
    15   -15.199  2.00000
    16   -13.534  1.49995
    17   -10.408  0.50005
    18    -4.169  0.00000
    19    -2.362  0.00000
    20     7.816  0.00000
    21     8.377  0.00000
    22    11.260  0.00000
    23    12.421  0.00000
    24    15.573  0.00000
    25    16.392  0.00000
    26    18.662  0.00000
    27    19.564  0.00000
    28    21.448  0.00000
    29    23.482  0.00000
    30    26.001  0.00000
    31    37.033  0.00000
    32    39.997  0.00000

