REKS do not use any electronic distribution function

Calculation with static geometry

********************************************************************************************
  iSCC       reks energy        Diff energy         x_a       SCC error   
   66      -16.4119321536      -0.0000000000     0.999953    0.00000094
********************************************************************************************

 SA-REKS optimizes the avergaed state, not individual states
 These charges do not mean the charges for individual states
 Similarly to this, the values in band.out file indicate
 the band energies and occupations for the averaged state
 If you want to compute the relaxed density,
 please, set 'RelaxedDensity = Yes' option

 Total charge:     1.00000000

 Atomic gross charges (e)
 Atom           Charge
    1      -0.03508500
    2      -0.05235177
    3       0.10401316
    4       0.13216280
    5       0.11929606
    6       0.06765751
    7      -0.13209548
    8       0.10976650
    9       0.10576689
   10       0.20943356
   11       0.10640990
   12      -0.26176550
   13       0.27746972
   14       0.24932165

Nr. of electrons (up):     32.00000000
Atom populations (up)
 Atom       Population
    1       4.03508500
    2       4.05235177
    3       0.89598684
    4       0.86783720
    5       0.88070394
    6       3.93234249
    7       4.13209548
    8       0.89023350
    9       0.89423311
   10       3.79056644
   11       0.89359010
   12       5.26176550
   13       0.72253028
   14       0.75067835

l-shell populations (up)
 Atom Sh.   l       Population
    1   1   0       1.20101825
    1   2   1       2.83406675
    2   1   0       1.17786753
    2   2   1       2.87448424
    3   1   0       0.89598684
    4   1   0       0.86783720
    5   1   0       0.88070394
    6   1   0       1.21124829
    6   2   1       2.72109421
    7   1   0       1.16995461
    7   2   1       2.96214087
    8   1   0       0.89023350
    9   1   0       0.89423311
   10   1   0       1.15996069
   10   2   1       2.63060575
   11   1   0       0.89359010
   12   1   0       1.41973378
   12   2   1       3.84203172
   13   1   0       0.72253028
   14   1   0       0.75067835

Orbital populations (up)
 Atom Sh.   l   m       Population  Label
    1   1   0   0       1.20101825  s
    1   2   1  -1       0.90211938  p_y
    1   2   1   0       0.95445296  p_z
    1   2   1   1       0.97749441  p_x
    2   1   0   0       1.17786753  s
    2   2   1  -1       0.94330171  p_y
    2   2   1   0       0.96015470  p_z
    2   2   1   1       0.97102783  p_x
    3   1   0   0       0.89598684  s
    4   1   0   0       0.86783720  s
    5   1   0   0       0.88070394  s
    6   1   0   0       1.21124829  s
    6   2   1  -1       0.93172697  p_y
    6   2   1   0       0.89091841  p_z
    6   2   1   1       0.89844883  p_x
    7   1   0   0       1.16995461  s
    7   2   1  -1       0.97408392  p_y
    7   2   1   0       1.05910787  p_z
    7   2   1   1       0.92894908  p_x
    8   1   0   0       0.89023350  s
    9   1   0   0       0.89423311  s
   10   1   0   0       1.15996069  s
   10   2   1  -1       0.92715890  p_y
   10   2   1   0       0.84634087  p_z
   10   2   1   1       0.85710599  p_x
   11   1   0   0       0.89359010  s
   12   1   0   0       1.41973378  s
   12   2   1  -1       1.25207454  p_y
   12   2   1   0       1.25602295  p_z
   12   2   1   1       1.33393423  p_x
   13   1   0   0       0.72253028  s
   14   1   0   0       0.75067835  s

Input / Output electrons (q):     32.0000000000

Energy H0:                         -16.2909269211 H         -443.2987 eV
Energy SCC:                          0.0958284457 H            2.6076 eV
Energy SPIN:                        -0.0000092124 H           -0.0003 eV
Energy Fock:                        -0.6593485349 H          -17.9418 eV
Total Electronic energy:           -16.8544562228 H         -458.6331 eV
Repulsive energy:                    0.3837310510 H           10.4419 eV

Excitation Energy:                   0.0000000000 H            0.0000 eV

Total energy:                      -16.4734078917 H         -448.2642 eV

SCC converged

Total Forces
    1      0.051741987468      0.010036421791     -0.005699496757
    2      0.003030319896      0.060241579452     -0.053484006845
    3     -0.000902788448     -0.018579370469      0.009698282258
    4     -0.009548673044     -0.002233565100      0.012944467984
    5     -0.017208939851      0.000882023093     -0.023814046357
    6      0.055845499423     -0.045714752930      0.055530801552
    7     -0.120135715943     -0.031382078994     -0.019364985956
    8     -0.005124757788     -0.009539302880      0.002723736281
    9     -0.008705266328     -0.014264019495      0.004445299996
   10      0.087426415843      0.100556970695      0.062735236608
   11     -0.021061466920     -0.035396414405     -0.013699189388
   12     -0.033280778392     -0.030246432393     -0.041757090996
   13     -0.017424568738     -0.014236418424     -0.002340747028
   14      0.035348732823      0.029875360059      0.012081738649

Maximal derivative component:        0.120136E+00 au


