REKS do not use any electronic distribution function

Calculation with static geometry

********************************************************************************************
  iSCC       reks energy        Diff energy         x_a       SCC error   
   66       -6.1956527263      -0.0000000000     0.999864    0.00000096
********************************************************************************************

 SA-REKS optimizes the avergaed state, not individual states
 These charges do not mean the charges for individual states
 Similarly to this, the values in band.out file indicate
 the band energies and occupations for the averaged state
 If you want to compute the relaxed density,
 please, set 'RelaxedDensity = Yes' option

 Total charge:     1.00000000

 Atomic gross charges (e)
 Atom           Charge
    1       0.20277917
    2      -0.14228290
    3       0.16080378
    4       0.30350667
    5       0.32573280
    6       0.14946049

Nr. of electrons (up):     12.00000000
Atom populations (up)
 Atom       Population
    1       3.79722083
    2       5.14228290
    3       0.83919622
    4       0.69649333
    5       0.67426720
    6       0.85053951

l-shell populations (up)
 Atom Sh.   l       Population
    1   1   0       1.23222163
    1   2   1       2.56499920
    2   1   0       1.39321629
    2   2   1       3.74906662
    3   1   0       0.83919622
    4   1   0       0.69649333
    5   1   0       0.67426720
    6   1   0       0.85053951

Orbital populations (up)
 Atom Sh.   l   m       Population  Label
    1   1   0   0       1.23222163  s
    1   2   1  -1       0.79863351  p_y
    1   2   1   0       0.77488947  p_z
    1   2   1   1       0.99147623  p_x
    2   1   0   0       1.39321629  s
    2   2   1  -1       1.49222121  p_y
    2   2   1   0       1.12363552  p_z
    2   2   1   1       1.13320989  p_x
    3   1   0   0       0.83919622  s
    4   1   0   0       0.69649333  s
    5   1   0   0       0.67426720  s
    6   1   0   0       0.85053951  s

Input / Output electrons (q):     12.0000000000

Energy H0:                          -6.2984288721 H         -171.3890 eV
Energy SCC:                          0.1377834591 H            3.7493 eV
Energy SPIN:                        -0.0000403848 H           -0.0011 eV
Energy Fock:                        -0.2279948963 H           -6.2041 eV
Total Electronic energy:            -6.3886806941 H         -173.8448 eV
Repulsive energy:                    0.1551477436 H            4.2218 eV

Excitation Energy:                   0.0000000000 H            0.0000 eV

Total energy:                       -6.2599182665 H         -170.3410 eV

SCC converged

Total Forces
    1     -0.013809439021      0.083105856799     -0.026935717201
    2     -0.249257521055      0.095717588271     -0.193228813423
    3      0.049961933203     -0.053081481113      0.045352923183
    4      0.160537960464     -0.049251535528      0.089851511038
    5      0.051487016266     -0.037576613104      0.030633222606
    6      0.001080050142     -0.038913815324      0.054326873797

Maximal derivative component:        0.249258E+00 au


