REKS do not use any electronic distribution function

Calculation with static geometry

********************************************************************************************
  iSCC       reks energy        Diff energy         x_a       SCC error   
   44       -6.2869230868      -0.0000000000     0.999971    0.00000098
********************************************************************************************

 SA-REKS optimizes the avergaed state, not individual states
 These charges do not mean the charges for individual states
 Similarly to this, the values in band.out file indicate
 the band energies and occupations for the averaged state
 If you want to compute the relaxed density,
 please, set 'RelaxedDensity = Yes' option

 Total charge:     1.00000000

 Atomic gross charges (e)
 Atom           Charge
    1       0.10624602
    2      -0.10345358
    3       0.18914759
    4       0.30813252
    5       0.31029389
    6       0.18963355

Nr. of electrons (up):     12.00000000
Atom populations (up)
 Atom       Population
    1       3.89375398
    2       5.10345358
    3       0.81085241
    4       0.69186748
    5       0.68970611
    6       0.81036645

l-shell populations (up)
 Atom Sh.   l       Population
    1   1   0       1.17153443
    1   2   1       2.72221955
    2   1   0       1.37987959
    2   2   1       3.72357399
    3   1   0       0.81085241
    4   1   0       0.69186748
    5   1   0       0.68970611
    6   1   0       0.81036645

Orbital populations (up)
 Atom Sh.   l   m       Population  Label
    1   1   0   0       1.17153443  s
    1   2   1  -1       0.97841892  p_y
    1   2   1   0       0.88238473  p_z
    1   2   1   1       0.86141590  p_x
    2   1   0   0       1.37987959  s
    2   2   1  -1       1.51294435  p_y
    2   2   1   0       1.10762109  p_z
    2   2   1   1       1.10300854  p_x
    3   1   0   0       0.81085241  s
    4   1   0   0       0.69186748  s
    5   1   0   0       0.68970611  s
    6   1   0   0       0.81036645  s

Input / Output electrons (q):     12.0000000000

Energy H0:                          -6.5327079826 H         -177.7640 eV
Energy SCC:                          0.1355099285 H            3.6874 eV
Energy SPIN:                        -0.0000165869 H           -0.0005 eV
Energy Fock:                        -0.2077081262 H           -5.6520 eV
Total Electronic energy:            -6.6049227671 H         -179.7291 eV
Repulsive energy:                    0.1880807536 H            5.1179 eV

Excitation Energy:                   0.0000000000 H            0.0000 eV

Total energy:                       -6.4168559091 H         -174.6115 eV

SCC converged

Total Forces
    1     -0.001467456316     -0.001467504944     -0.005303825144
    2     -0.005108478704      0.013752975949      0.010236946841
    3      0.006544590078      0.001930750073      0.003557628249
    4      0.004932994708     -0.008601641351     -0.003455551928
    5      0.001050697487     -0.001660853384     -0.009597091356
    6     -0.005952347254     -0.003953726343      0.004561893338

Maximal derivative component:        0.137530E-01 au


