REKS do not use any electronic distribution function

Calculation with static geometry

********************************************************************************************
  iSCC       reks energy        Diff energy         x_a       SCC error   
  159      -16.3715914033      -0.0000000000     1.000000    0.00000097
********************************************************************************************

 SA-REKS optimizes the avergaed state, not individual states
 These charges do not mean the charges for individual states
 Similarly to this, the values in band.out file indicate
 the band energies and occupations for the averaged state
 If you want to compute the relaxed density,
 please, set 'RelaxedDensity = Yes' option

 Total charge:     1.00000000

 Atomic gross charges (e)
 Atom           Charge
    1      -0.13689973
    2      -0.01516688
    3       0.12921365
    4       0.12112592
    5       0.12794677
    6       0.02991500
    7      -0.08763523
    8       0.12772780
    9       0.14389282
   10       0.13924392
   11       0.11467472
   12      -0.18048378
   13       0.25463613
   14       0.23180888

Nr. of electrons (up):     32.00000000
Atom populations (up)
 Atom       Population
    1       4.13689973
    2       4.01516688
    3       0.87078635
    4       0.87887408
    5       0.87205323
    6       3.97008500
    7       4.08763523
    8       0.87227220
    9       0.85610718
   10       3.86075608
   11       0.88532528
   12       5.18048378
   13       0.74536387
   14       0.76819112

l-shell populations (up)
 Atom Sh.   l       Population
    1   1   0       1.17430291
    1   2   1       2.96259681
    2   1   0       1.16786225
    2   2   1       2.84730463
    3   1   0       0.87078635
    4   1   0       0.87887408
    5   1   0       0.87205323
    6   1   0       1.15543256
    6   2   1       2.81465243
    7   1   0       1.14970971
    7   2   1       2.93792552
    8   1   0       0.87227220
    9   1   0       0.85610718
   10   1   0       1.11527502
   10   2   1       2.74548106
   11   1   0       0.88532528
   12   1   0       1.35311865
   12   2   1       3.82736513
   13   1   0       0.74536387
   14   1   0       0.76819112

Orbital populations (up)
 Atom Sh.   l   m       Population  Label
    1   1   0   0       1.17430291  s
    1   2   1  -1       1.03606478  p_y
    1   2   1   0       0.96496139  p_z
    1   2   1   1       0.96157065  p_x
    2   1   0   0       1.16786225  s
    2   2   1  -1       0.88102656  p_y
    2   2   1   0       0.97414642  p_z
    2   2   1   1       0.99213164  p_x
    3   1   0   0       0.87078635  s
    4   1   0   0       0.87887408  s
    5   1   0   0       0.87205323  s
    6   1   0   0       1.15543256  s
    6   2   1  -1       0.88640397  p_y
    6   2   1   0       0.96394528  p_z
    6   2   1   1       0.96430318  p_x
    7   1   0   0       1.14970971  s
    7   2   1  -1       0.98970541  p_y
    7   2   1   0       1.00790346  p_z
    7   2   1   1       0.94031665  p_x
    8   1   0   0       0.87227220  s
    9   1   0   0       0.85610718  s
   10   1   0   0       1.11527502  s
   10   2   1  -1       0.91210641  p_y
   10   2   1   0       0.94091833  p_z
   10   2   1   1       0.89245632  p_x
   11   1   0   0       0.88532528  s
   12   1   0   0       1.35311865  s
   12   2   1  -1       1.42900958  p_y
   12   2   1   0       1.30135370  p_z
   12   2   1   1       1.09700185  p_x
   13   1   0   0       0.74536387  s
   14   1   0   0       0.76819112  s

Input / Output electrons (q):     32.0000000000

Energy H0:                         -16.5374232028 H         -450.0062 eV
Energy SCC:                          0.1164425757 H            3.1686 eV
Energy SPIN:                        -0.0000000151 H           -0.0000 eV
Energy Fock:                        -0.6821124561 H          -18.5612 eV
Total Electronic energy:           -17.1030930984 H         -465.3988 eV
Repulsive energy:                    0.6427653573 H           17.4905 eV

Excitation Energy:                   0.0000000000 H            0.0000 eV

Total energy:                      -16.4603993740 H         -447.9103 eV

SCC converged

Total Forces
    1     -0.052739124973     -0.043401589706     -0.055256558064
    2      0.086015439170      0.013626593120      0.088587242470
    3     -0.014444422951      0.032094585396     -0.010066719699
    4      0.004295306278     -0.021347666032     -0.009894638891
    5     -0.030007957256      0.002793463951     -0.018615045273
    6     -0.076367623831     -0.091018027292     -0.000902396613
    7      0.066659894161      0.138133025218     -0.036980228804
    8     -0.048896896091      0.034414605513      0.034415563236
    9     -0.013968144110     -0.011296735825      0.035774685470
   10     -0.026630374763     -0.055683724898     -0.032432779827
   11     -0.016101659189     -0.013330957083     -0.029724531987
   12      0.155444049783      0.018909875767      0.032297977320
   13     -0.012853344335     -0.019114442985     -0.032141043264
   14     -0.020405141892      0.015220994856      0.034938473927

Maximal derivative component:        0.155444E+00 au


