REKS do not use any electronic distribution function

Calculation with static geometry

********************************************************************************************
  iSCC       reks energy        Diff energy         x_a       SCC error   
   40       -6.2809526892      -0.0000000000     0.999976    0.00000100
********************************************************************************************

 SA-REKS optimizes the avergaed state, not individual states
 These charges do not mean the charges for individual states
 Similarly to this, the values in band.out file indicate
 the band energies and occupations for the averaged state
 If you want to compute the relaxed density,
 please, set 'RelaxedDensity = Yes' option

 Total charge:     1.00000000

 Atomic gross charges (e)
 Atom           Charge
    1       0.10353146
    2      -0.09854037
    3       0.18592669
    4       0.31015550
    5       0.30679933
    6       0.19212739

Nr. of electrons (up):     12.00000000
Atom populations (up)
 Atom       Population
    1       3.89646854
    2       5.09854037
    3       0.81407331
    4       0.68984450
    5       0.69320067
    6       0.80787261

l-shell populations (up)
 Atom Sh.   l       Population
    1   1   0       1.16981401
    1   2   1       2.72665453
    2   1   0       1.37966779
    2   2   1       3.71887258
    3   1   0       0.81407331
    4   1   0       0.68984450
    5   1   0       0.69320067
    6   1   0       0.80787261

Orbital populations (up)
 Atom Sh.   l   m       Population  Label
    1   1   0   0       1.16981401  s
    1   2   1  -1       0.86375251  p_y
    1   2   1   0       0.89414370  p_z
    1   2   1   1       0.96875832  p_x
    2   1   0   0       1.37966779  s
    2   2   1  -1       1.12133392  p_y
    2   2   1   0       1.12416314  p_z
    2   2   1   1       1.47337552  p_x
    3   1   0   0       0.81407331  s
    4   1   0   0       0.68984450  s
    5   1   0   0       0.69320067  s
    6   1   0   0       0.80787261  s

Input / Output electrons (q):     12.0000000000

Energy H0:                          -6.5382056732 H         -177.9136 eV
Energy SCC:                          0.1360117024 H            3.7011 eV
Energy SPIN:                        -0.0000139546 H           -0.0004 eV
Energy Fock:                        -0.2100986665 H           -5.7171 eV
Total Electronic energy:            -6.6123065919 H         -179.9300 eV
Repulsive energy:                    0.2008568473 H            5.4656 eV

Excitation Energy:                   0.0000000000 H            0.0000 eV

Total energy:                       -6.4114843732 H         -174.4654 eV

SCC converged

Total Forces
    1     -0.007163048566      0.010798059269     -0.042172972581
    2      0.031849988185     -0.009855566688      0.057465721322
    3      0.004639606659      0.000281208465     -0.007727886307
    4     -0.007266089801     -0.001749790142     -0.009632142022
    5     -0.016862199939      0.003689551605     -0.002309199276
    6     -0.005198256538     -0.003163462509      0.004376478863

Maximal derivative component:        0.574657E-01 au


