REKS do not use any electronic distribution function

Calculation with static geometry

********************************************************************************************
  iSCC       reks energy        Diff energy         x_a       SCC error   
   54       -6.2846186505      -0.0000000000     0.999958    0.00000089
********************************************************************************************

 SA-REKS optimizes the avergaed state, not individual states
 These charges do not mean the charges for individual states
 Similarly to this, the values in band.out file indicate
 the band energies and occupations for the averaged state
 If you want to compute the relaxed density,
 please, set 'RelaxedDensity = Yes' option

 Total charge:     1.00000000

 Atomic gross charges (e)
 Atom           Charge
    1       0.11043024
    2      -0.11052316
    3       0.19243454
    4       0.30994827
    5       0.31215048
    6       0.18555964

Nr. of electrons (up):     12.00000000
Atom populations (up)
 Atom       Population
    1       3.88956976
    2       5.11052316
    3       0.80756546
    4       0.69005173
    5       0.68784952
    6       0.81444036

l-shell populations (up)
 Atom Sh.   l       Population
    1   1   0       1.18141610
    1   2   1       2.70815366
    2   1   0       1.38264417
    2   2   1       3.72787899
    3   1   0       0.80756546
    4   1   0       0.69005173
    5   1   0       0.68784952
    6   1   0       0.81444036

Orbital populations (up)
 Atom Sh.   l   m       Population  Label
    1   1   0   0       1.18141610  s
    1   2   1  -1       0.85247040  p_y
    1   2   1   0       0.89470294  p_z
    1   2   1   1       0.96098032  p_x
    2   1   0   0       1.38264417  s
    2   2   1  -1       1.08936507  p_y
    2   2   1   0       1.12862188  p_z
    2   2   1   1       1.50989204  p_x
    3   1   0   0       0.80756546  s
    4   1   0   0       0.69005173  s
    5   1   0   0       0.68784952  s
    6   1   0   0       0.81444036  s

Input / Output electrons (q):     12.0000000000

Energy H0:                          -6.5242213270 H         -177.5331 eV
Energy SCC:                          0.1349042846 H            3.6709 eV
Energy SPIN:                        -0.0000233691 H           -0.0006 eV
Energy Fock:                        -0.2087698629 H           -5.6809 eV
Total Electronic energy:            -6.5981102744 H         -179.5437 eV
Repulsive energy:                    0.1863653064 H            5.0713 eV

Excitation Energy:                   0.0000000000 H            0.0000 eV

Total energy:                       -6.4119337894 H         -174.4776 eV

SCC converged

Total Forces
    1      0.004259430149      0.007836639914     -0.003039751435
    2     -0.011342631896      0.005123744704      0.005090922663
    3     -0.010921786753      0.000362469588      0.002738417121
    4     -0.007185260822     -0.006929848101      0.003005640642
    5      0.014600653308     -0.003690273708      0.001958111954
    6      0.010589596014     -0.002702732398     -0.009753340946

Maximal derivative component:        0.146007E-01 au


