REKS do not use any electronic distribution function

Calculation with static geometry

********************************************************************************************
  iSCC       reks energy        Diff energy         x_a       SCC error   
   74       -6.2853104867      -0.0000000000     0.999915    0.00000099
********************************************************************************************

 SA-REKS optimizes the avergaed state, not individual states
 These charges do not mean the charges for individual states
 Similarly to this, the values in band.out file indicate
 the band energies and occupations for the averaged state
 If you want to compute the relaxed density,
 please, set 'RelaxedDensity = Yes' option

 Total charge:     1.00000000

 Atomic gross charges (e)
 Atom           Charge
    1       0.13354291
    2      -0.12872016
    3       0.18195199
    4       0.31505132
    5       0.31612434
    6       0.18204961

Nr. of electrons (up):     12.00000000
Atom populations (up)
 Atom       Population
    1       3.86645709
    2       5.12872016
    3       0.81804801
    4       0.68494868
    5       0.68387566
    6       0.81795039

l-shell populations (up)
 Atom Sh.   l       Population
    1   1   0       1.18703312
    1   2   1       2.67942398
    2   1   0       1.39125050
    2   2   1       3.73746966
    3   1   0       0.81804801
    4   1   0       0.68494868
    5   1   0       0.68387566
    6   1   0       0.81795039

Orbital populations (up)
 Atom Sh.   l   m       Population  Label
    1   1   0   0       1.18703312  s
    1   2   1  -1       0.86277374  p_y
    1   2   1   0       0.89577575  p_z
    1   2   1   1       0.92087449  p_x
    2   1   0   0       1.39125050  s
    2   2   1  -1       1.08254302  p_y
    2   2   1   0       1.13780575  p_z
    2   2   1   1       1.51712089  p_x
    3   1   0   0       0.81804801  s
    4   1   0   0       0.68494868  s
    5   1   0   0       0.68387566  s
    6   1   0   0       0.81795039  s

Input / Output electrons (q):     12.0000000000

Energy H0:                          -6.5081938121 H         -177.0970 eV
Energy SCC:                          0.1338099312 H            3.6412 eV
Energy SPIN:                        -0.0000434185 H           -0.0012 eV
Energy Fock:                        -0.2083929322 H           -5.6707 eV
Total Electronic energy:            -6.5828202316 H         -179.1277 eV
Repulsive energy:                    0.1777293748 H            4.8363 eV

Excitation Energy:                   0.0000000000 H            0.0000 eV

Total energy:                       -6.4058991596 H         -174.3134 eV

SCC converged

Total Forces
    1     -0.007942933991     -0.002657928244      0.022379627107
    2      0.020001636976     -0.000854188077     -0.027606927461
    3     -0.014331006132     -0.002542801692     -0.006490893235
    4     -0.022749385320     -0.001571501897      0.009846835304
    5      0.009991561287      0.005911457070      0.005270874255
    6      0.015030127181      0.001714962840     -0.003399515970

Maximal derivative component:        0.276069E-01 au


