REKS do not use any electronic distribution function

Calculation with static geometry

********************************************************************************************
  iSCC       reks energy        Diff energy         x_a       SCC error   
   49       -6.2838772409      -0.0000000000     0.999967    0.00000095
********************************************************************************************

 SA-REKS optimizes the avergaed state, not individual states
 These charges do not mean the charges for individual states
 Similarly to this, the values in band.out file indicate
 the band energies and occupations for the averaged state
 If you want to compute the relaxed density,
 please, set 'RelaxedDensity = Yes' option

 Total charge:     1.00000000

 Atomic gross charges (e)
 Atom           Charge
    1       0.10568191
    2      -0.10524262
    3       0.19361449
    4       0.30869803
    5       0.31107081
    6       0.18617738

Nr. of electrons (up):     12.00000000
Atom populations (up)
 Atom       Population
    1       3.89431809
    2       5.10524262
    3       0.80638551
    4       0.69130197
    5       0.68892919
    6       0.81382262

l-shell populations (up)
 Atom Sh.   l       Population
    1   1   0       1.17842679
    1   2   1       2.71589130
    2   1   0       1.38092491
    2   2   1       3.72431771
    3   1   0       0.80638551
    4   1   0       0.69130197
    5   1   0       0.68892919
    6   1   0       0.81382262

Orbital populations (up)
 Atom Sh.   l   m       Population  Label
    1   1   0   0       1.17842679  s
    1   2   1  -1       0.85216680  p_y
    1   2   1   0       0.89517750  p_z
    1   2   1   1       0.96854700  p_x
    2   1   0   0       1.38092491  s
    2   2   1  -1       1.09244757  p_y
    2   2   1   0       1.12692763  p_z
    2   2   1   1       1.50494252  p_x
    3   1   0   0       0.80638551  s
    4   1   0   0       0.69130197  s
    5   1   0   0       0.68892919  s
    6   1   0   0       0.81382262  s

Input / Output electrons (q):     12.0000000000

Energy H0:                          -6.5299660960 H         -177.6894 eV
Energy SCC:                          0.1353770871 H            3.6838 eV
Energy SPIN:                        -0.0000187455 H           -0.0005 eV
Energy Fock:                        -0.2090560811 H           -5.6887 eV
Total Electronic energy:            -6.6036638354 H         -179.6948 eV
Repulsive energy:                    0.1908872049 H            5.1943 eV

Excitation Energy:                   0.0000000000 H            0.0000 eV

Total energy:                       -6.4128882571 H         -174.5036 eV

SCC converged

Total Forces
    1      0.005082166656     -0.006270741941     -0.015188898801
    2     -0.016148275116     -0.007467929063      0.017671441391
    3     -0.009066588476     -0.000316658465      0.003991972237
    4     -0.002993684002      0.007026990299      0.002053091992
    5      0.014258832307      0.004603961357      0.001053984100
    6      0.008867548630      0.002424377813     -0.009581590919

Maximal derivative component:        0.176714E-01 au


