REKS do not use any electronic distribution function

Calculation with static geometry

********************************************************************************************
  iSCC       reks energy        Diff energy         x_a       SCC error   
   46       -6.2864463966      -0.0000000000     0.999966    0.00000080
********************************************************************************************

 SA-REKS optimizes the avergaed state, not individual states
 These charges do not mean the charges for individual states
 Similarly to this, the values in band.out file indicate
 the band energies and occupations for the averaged state
 If you want to compute the relaxed density,
 please, set 'RelaxedDensity = Yes' option

 Total charge:     1.00000000

 Atomic gross charges (e)
 Atom           Charge
    1       0.10704635
    2      -0.10248799
    3       0.18611085
    4       0.30834345
    5       0.30980983
    6       0.19117752

Nr. of electrons (up):     12.00000000
Atom populations (up)
 Atom       Population
    1       3.89295365
    2       5.10248799
    3       0.81388915
    4       0.69165655
    5       0.69019017
    6       0.80882248

l-shell populations (up)
 Atom Sh.   l       Population
    1   1   0       1.17665772
    1   2   1       2.71629593
    2   1   0       1.38051673
    2   2   1       3.72197126
    3   1   0       0.81388915
    4   1   0       0.69165655
    5   1   0       0.69019017
    6   1   0       0.80882248

Orbital populations (up)
 Atom Sh.   l   m       Population  Label
    1   1   0   0       1.17665772  s
    1   2   1  -1       0.97277058  p_y
    1   2   1   0       0.88594274  p_z
    1   2   1   1       0.85758260  p_x
    2   1   0   0       1.38051673  s
    2   2   1  -1       1.50385393  p_y
    2   2   1   0       1.11389880  p_z
    2   2   1   1       1.10421852  p_x
    3   1   0   0       0.81388915  s
    4   1   0   0       0.69165655  s
    5   1   0   0       0.69019017  s
    6   1   0   0       0.80882248  s

Input / Output electrons (q):     12.0000000000

Energy H0:                          -6.5248249369 H         -177.5495 eV
Energy SCC:                          0.1355982675 H            3.6898 eV
Energy SPIN:                        -0.0000191564 H           -0.0005 eV
Energy Fock:                        -0.2087102990 H           -5.6793 eV
Total Electronic energy:            -6.5979561248 H         -179.5395 eV
Repulsive energy:                    0.1836038754 H            4.9961 eV

Excitation Energy:                   0.0000000000 H            0.0000 eV

Total energy:                       -6.4143949550 H         -174.5446 eV

SCC converged

Total Forces
    1      0.011174821202     -0.010330750590     -0.025203193629
    2     -0.006541864980      0.019519604335      0.011971214597
    3     -0.004356501940     -0.003588056015      0.004524753217
    4      0.001634853484     -0.000229512475     -0.001213967402
    5     -0.001587361517     -0.012716835103     -0.004199273127
    6     -0.000323946249      0.007345549847      0.014120466345

Maximal derivative component:        0.252032E-01 au


