 KPT            1  SPIN            1  KWEIGHT    1.0000000000000000     
     1   -29.777  2.00000
     2   -27.176  2.00000
     3   -25.368  2.00000
     4   -23.237  2.00000
     5   -21.150  2.00000
     6   -20.508  2.00000
     7   -19.401  2.00000
     8   -18.676  2.00000
     9   -17.746  2.00000
    10   -17.361  2.00000
    11   -16.895  2.00000
    12   -16.203  2.00000
    13   -15.948  2.00000
    14   -15.656  2.00000
    15   -14.907  2.00000
    16   -13.696  1.49988
    17   -10.393  0.50012
    18    -4.050  0.00000
    19    -1.356  0.00000
    20     4.178  0.00000
    21     5.923  0.00000
    22     9.904  0.00000
    23    11.261  0.00000
    24    11.581  0.00000
    25    14.644  0.00000
    26    15.559  0.00000
    27    16.845  0.00000
    28    19.051  0.00000
    29    24.149  0.00000
    30    27.070  0.00000
    31    31.300  0.00000
    32    36.697  0.00000

