REKS do not use any electronic distribution function

Calculation with static geometry

********************************************************************************************
  iSCC       reks energy        Diff energy         x_a       SCC error   
   27       -6.1967064094      -0.0000000000     1.000000    0.00000096
********************************************************************************************

 SA-REKS optimizes the avergaed state, not individual states
 These charges do not mean the charges for individual states
 Similarly to this, the values in band.out file indicate
 the band energies and occupations for the averaged state
 If you want to compute the relaxed density,
 please, set 'RelaxedDensity = Yes' option

 Total charge:     1.00000000

 Atomic gross charges (e)
 Atom           Charge
    1       0.29102233
    2      -0.29327692
    3       0.12937433
    4       0.31000196
    5       0.37887667
    6       0.18400164

Nr. of electrons (up):     12.00000000
Atom populations (up)
 Atom       Population
    1       3.70897767
    2       5.29327692
    3       0.87062567
    4       0.68999804
    5       0.62112333
    6       0.81599836

l-shell populations (up)
 Atom Sh.   l       Population
    1   1   0       1.28086288
    1   2   1       2.42811479
    2   1   0       1.44125681
    2   2   1       3.85202011
    3   1   0       0.87062567
    4   1   0       0.68999804
    5   1   0       0.62112333
    6   1   0       0.81599836

Orbital populations (up)
 Atom Sh.   l   m       Population  Label
    1   1   0   0       1.28086288  s
    1   2   1  -1       0.69064268  p_y
    1   2   1   0       0.78180263  p_z
    1   2   1   1       0.95566948  p_x
    2   1   0   0       1.44125681  s
    2   2   1  -1       1.21683214  p_y
    2   2   1   0       1.11783882  p_z
    2   2   1   1       1.51734915  p_x
    3   1   0   0       0.87062567  s
    4   1   0   0       0.68999804  s
    5   1   0   0       0.62112333  s
    6   1   0   0       0.81599836  s

Input / Output electrons (q):     12.0000000000

Energy H0:                          -6.0734949722 H         -165.2682 eV
Energy SCC:                          0.1378291889 H            3.7505 eV
Energy SPIN:                        -0.0558240564 H           -1.5190 eV
Energy Fock:                        -0.2610972528 H           -7.1048 eV
Total Electronic energy:            -6.2525870924 H         -170.1416 eV
Repulsive energy:                    0.0593527183 H            1.6151 eV

Excitation Energy:                   0.0072120750 H            0.1963 eV

Total energy:                       -6.1931003719 H         -168.5228 eV

SCC converged

Total Forces
    1     -0.040004603344      0.051986707178      0.021671360969
    2      0.002348292234     -0.112195433559      0.006959465419
    3      0.061948319781     -0.022448078403     -0.032356504546
    4     -0.002410454808      0.030479948790     -0.054794106020
    5      0.024273634008      0.069543719368      0.023462951222
    6     -0.046155187871     -0.017366863374      0.035056832955

Maximal derivative component:        0.112195E+00 au


