REKS do not use any electronic distribution function

Calculation with static geometry

********************************************************************************************
  iSCC       reks energy        Diff energy         x_a       SCC error   
   53       -6.2845797848      -0.0000000000     0.999952    0.00000086
********************************************************************************************

 SA-REKS optimizes the avergaed state, not individual states
 These charges do not mean the charges for individual states
 Similarly to this, the values in band.out file indicate
 the band energies and occupations for the averaged state
 If you want to compute the relaxed density,
 please, set 'RelaxedDensity = Yes' option

 Total charge:     1.00000000

 Atomic gross charges (e)
 Atom           Charge
    1       0.11273070
    2      -0.10563799
    3       0.18546596
    4       0.31072763
    5       0.31094670
    6       0.18576700

Nr. of electrons (up):     12.00000000
Atom populations (up)
 Atom       Population
    1       3.88726930
    2       5.10563799
    3       0.81453404
    4       0.68927237
    5       0.68905330
    6       0.81423300

l-shell populations (up)
 Atom Sh.   l       Population
    1   1   0       1.17451451
    1   2   1       2.71275479
    2   1   0       1.37689726
    2   2   1       3.72874073
    3   1   0       0.81453404
    4   1   0       0.68927237
    5   1   0       0.68905330
    6   1   0       0.81423300

Orbital populations (up)
 Atom Sh.   l   m       Population  Label
    1   1   0   0       1.17451451  s
    1   2   1  -1       0.85931972  p_y
    1   2   1   0       0.89320436  p_z
    1   2   1   1       0.96023071  p_x
    2   1   0   0       1.37689726  s
    2   2   1  -1       1.09418833  p_y
    2   2   1   0       1.12313594  p_z
    2   2   1   1       1.51141646  p_x
    3   1   0   0       0.81453404  s
    4   1   0   0       0.68927237  s
    5   1   0   0       0.68905330  s
    6   1   0   0       0.81423300  s

Input / Output electrons (q):     12.0000000000

Energy H0:                          -6.5310116533 H         -177.7179 eV
Energy SCC:                          0.1349851719 H            3.6731 eV
Energy SPIN:                        -0.0000261086 H           -0.0007 eV
Energy Fock:                        -0.2093319608 H           -5.6962 eV
Total Electronic energy:            -6.6053845508 H         -179.7417 eV
Repulsive energy:                    0.1938751390 H            5.2756 eV

Excitation Energy:                   0.0000000000 H            0.0000 eV

Total energy:                       -6.4118034794 H         -174.4740 eV

SCC converged

Total Forces
    1      0.001157243928      0.003212245575     -0.029473264310
    2     -0.000153870453     -0.003431331161      0.025248236700
    3     -0.012451504615      0.002707521112      0.000670718976
    4     -0.013728881058      0.002223626835      0.001268384346
    5      0.013298379006     -0.001769888408      0.000616094158
    6      0.011878633192     -0.002942173955      0.001669830131

Maximal derivative component:        0.294733E-01 au


