REKS do not use any electronic distribution function

Calculation with static geometry

********************************************************************************************
  iSCC       reks energy        Diff energy         x_a       SCC error   
   35       -6.1927582834      -0.0000000000     0.999926    0.00000095
********************************************************************************************

 SA-REKS optimizes the avergaed state, not individual states
 These charges do not mean the charges for individual states
 Similarly to this, the values in band.out file indicate
 the band energies and occupations for the averaged state
 If you want to compute the relaxed density,
 please, set 'RelaxedDensity = Yes' option

 Total charge:     1.00000000

 Atomic gross charges (e)
 Atom           Charge
    1       0.06728039
    2      -0.15898941
    3       0.19695003
    4       0.33625946
    5       0.39011053
    6       0.16838900

Nr. of electrons (up):     12.00000000
Atom populations (up)
 Atom       Population
    1       3.93271961
    2       5.15898941
    3       0.80304997
    4       0.66374054
    5       0.60988947
    6       0.83161100

l-shell populations (up)
 Atom Sh.   l       Population
    1   1   0       1.18406787
    1   2   1       2.74865174
    2   1   0       1.42306968
    2   2   1       3.73591973
    3   1   0       0.80304997
    4   1   0       0.66374054
    5   1   0       0.60988947
    6   1   0       0.83161100

Orbital populations (up)
 Atom Sh.   l   m       Population  Label
    1   1   0   0       1.18406787  s
    1   2   1  -1       0.97095453  p_y
    1   2   1   0       0.94430557  p_z
    1   2   1   1       0.83339164  p_x
    2   1   0   0       1.42306968  s
    2   2   1  -1       1.49731953  p_y
    2   2   1   0       1.20702100  p_z
    2   2   1   1       1.03157919  p_x
    3   1   0   0       0.80304997  s
    4   1   0   0       0.66374054  s
    5   1   0   0       0.60988947  s
    6   1   0   0       0.83161100  s

Input / Output electrons (q):     12.0000000000

Energy H0:                          -6.4295558828 H         -174.9571 eV
Energy SCC:                          0.1353458819 H            3.6829 eV
Energy SPIN:                        -0.0000396940 H           -0.0011 eV
Energy Fock:                        -0.2301862695 H           -6.2637 eV
Total Electronic energy:            -6.5244359645 H         -177.5389 eV
Repulsive energy:                    0.2065514966 H            5.6206 eV

Excitation Energy:                   0.0000000000 H            0.0000 eV

Total energy:                       -6.3179538463 H         -171.9203 eV

SCC converged

Total Forces
    1     -0.046797754780     -0.040200823957     -0.030143157543
    2     -0.161877736392      0.021105573119      0.000514783155
    3      0.053710511975     -0.007832812912     -0.049083995616
    4      0.027445037914      0.012456043111      0.036754820903
    5      0.088399866447      0.001491088035      0.079962799484
    6      0.039120074836      0.012980932604     -0.038005250383

Maximal derivative component:        0.161878E+00 au


