 KPT            1  SPIN            1  KWEIGHT    1.0000000000000000     
     1   -29.105  2.00000
     2   -27.475  2.00000
     3   -25.267  2.00000
     4   -23.004  2.00000
     5   -21.474  2.00000
     6   -19.989  2.00000
     7   -18.987  2.00000
     8   -18.673  2.00000
     9   -17.902  2.00000
    10   -17.352  2.00000
    11   -16.900  2.00000
    12   -16.411  2.00000
    13   -15.924  2.00000
    14   -15.589  2.00000
    15   -14.445  2.00000
    16   -13.853  1.50000
    17   -10.047  0.50000
    18    -4.097  0.00000
    19    -2.978  0.00000
    20     7.017  0.00000
    21     7.850  0.00000
    22    10.687  0.00000
    23    11.960  0.00000
    24    13.099  0.00000
    25    14.169  0.00000
    26    15.096  0.00000
    27    17.730  0.00000
    28    20.540  0.00000
    29    23.008  0.00000
    30    25.882  0.00000
    31    28.686  0.00000
    32    42.183  0.00000

