REKS do not use any electronic distribution function

Calculation with static geometry

********************************************************************************************
  iSCC       reks energy        Diff energy         x_a       SCC error   
  134      -16.4119156408      -0.0000000000     1.000000    0.00000095
********************************************************************************************

 SA-REKS optimizes the avergaed state, not individual states
 These charges do not mean the charges for individual states
 Similarly to this, the values in band.out file indicate
 the band energies and occupations for the averaged state
 If you want to compute the relaxed density,
 please, set 'RelaxedDensity = Yes' option

 Total charge:     1.00000000

 Atomic gross charges (e)
 Atom           Charge
    1      -0.06258100
    2       0.01736597
    3       0.12087171
    4       0.12110247
    5       0.13786825
    6       0.01077150
    7      -0.12546813
    8       0.13856776
    9       0.12352187
   10       0.16706035
   11       0.07923485
   12      -0.23758435
   13       0.25187495
   14       0.25739380

Nr. of electrons (up):     32.00000000
Atom populations (up)
 Atom       Population
    1       4.06258100
    2       3.98263403
    3       0.87912829
    4       0.87889753
    5       0.86213175
    6       3.98922850
    7       4.12546813
    8       0.86143224
    9       0.87647813
   10       3.83293965
   11       0.92076515
   12       5.23758435
   13       0.74812505
   14       0.74260620

l-shell populations (up)
 Atom Sh.   l       Population
    1   1   0       1.22587385
    1   2   1       2.83670715
    2   1   0       1.18635280
    2   2   1       2.79628123
    3   1   0       0.87912829
    4   1   0       0.87889753
    5   1   0       0.86213175
    6   1   0       1.17240910
    6   2   1       2.81681940
    7   1   0       1.18777199
    7   2   1       2.93769615
    8   1   0       0.86143224
    9   1   0       0.87647813
   10   1   0       1.18870717
   10   2   1       2.64423248
   11   1   0       0.92076515
   12   1   0       1.41988304
   12   2   1       3.81770132
   13   1   0       0.74812505
   14   1   0       0.74260620

Orbital populations (up)
 Atom Sh.   l   m       Population  Label
    1   1   0   0       1.22587385  s
    1   2   1  -1       0.97871009  p_y
    1   2   1   0       0.95594396  p_z
    1   2   1   1       0.90205309  p_x
    2   1   0   0       1.18635280  s
    2   2   1  -1       0.93030529  p_y
    2   2   1   0       0.97583854  p_z
    2   2   1   1       0.89013739  p_x
    3   1   0   0       0.87912829  s
    4   1   0   0       0.87889753  s
    5   1   0   0       0.86213175  s
    6   1   0   0       1.17240910  s
    6   2   1  -1       0.93096008  p_y
    6   2   1   0       0.95267742  p_z
    6   2   1   1       0.93318191  p_x
    7   1   0   0       1.18777199  s
    7   2   1  -1       0.98388202  p_y
    7   2   1   0       1.00588080  p_z
    7   2   1   1       0.94793332  p_x
    8   1   0   0       0.86143224  s
    9   1   0   0       0.87647813  s
   10   1   0   0       1.18870717  s
   10   2   1  -1       0.92215336  p_y
   10   2   1   0       0.90709689  p_z
   10   2   1   1       0.81498223  p_x
   11   1   0   0       0.92076515  s
   12   1   0   0       1.41988304  s
   12   2   1  -1       1.36415568  p_y
   12   2   1   0       1.39164479  p_z
   12   2   1   1       1.06190085  p_x
   13   1   0   0       0.74812505  s
   14   1   0   0       0.74260620  s

Input / Output electrons (q):     32.0000000000

Energy H0:                         -16.2516881986 H         -442.2309 eV
Energy SCC:                          0.1045124391 H            2.8439 eV
Energy SPIN:                        -0.0000000093 H           -0.0000 eV
Energy Fock:                        -0.6608377265 H          -17.9823 eV
Total Electronic energy:           -16.8080134953 H         -457.3693 eV
Repulsive energy:                    0.3344527657 H            9.1009 eV

Excitation Energy:                   0.0000000000 H            0.0000 eV

Total energy:                      -16.4736228375 H         -448.2701 eV

SCC converged

Total Forces
    1     -0.015987627754     -0.019916470062     -0.052566012145
    2     -0.008853177074     -0.077055817400      0.012729541368
    3      0.018509640194     -0.017997747169     -0.017529539034
    4     -0.017503457003      0.031594008180      0.025955655908
    5      0.019842020475      0.050773926647     -0.013333742400
    6      0.044407866565      0.032623651095      0.003939969052
    7      0.042102012274     -0.078808402916     -0.017655092620
    8     -0.006218486617      0.015935300041      0.012021617227
    9      0.009140229195      0.031911711050      0.013125975975
   10      0.027387506826     -0.002473677393      0.039260477961
   11      0.001836476584      0.019950473097      0.006759348563
   12     -0.053453966908      0.029962967531     -0.010680725673
   13     -0.026489261992      0.009920655969      0.018462008780
   14     -0.034719774764     -0.026420578669     -0.020489482961

Maximal derivative component:        0.788084E-01 au


