REKS do not use any electronic distribution function

Calculation with static geometry

********************************************************************************************
  iSCC       reks energy        Diff energy         x_a       SCC error   
   57       -6.2851811651      -0.0000000000     0.999941    0.00000092
********************************************************************************************

 SA-REKS optimizes the avergaed state, not individual states
 These charges do not mean the charges for individual states
 Similarly to this, the values in band.out file indicate
 the band energies and occupations for the averaged state
 If you want to compute the relaxed density,
 please, set 'RelaxedDensity = Yes' option

 Total charge:     1.00000000

 Atomic gross charges (e)
 Atom           Charge
    1       0.12479204
    2      -0.11475029
    3       0.18672392
    4       0.31071895
    5       0.31158831
    6       0.18092707

Nr. of electrons (up):     12.00000000
Atom populations (up)
 Atom       Population
    1       3.87520796
    2       5.11475029
    3       0.81327608
    4       0.68928105
    5       0.68841169
    6       0.81907293

l-shell populations (up)
 Atom Sh.   l       Population
    1   1   0       1.18062769
    1   2   1       2.69458027
    2   1   0       1.38869971
    2   2   1       3.72605058
    3   1   0       0.81327608
    4   1   0       0.68928105
    5   1   0       0.68841169
    6   1   0       0.81907293

Orbital populations (up)
 Atom Sh.   l   m       Population  Label
    1   1   0   0       1.18062769  s
    1   2   1  -1       0.93756987  p_y
    1   2   1   0       0.88997543  p_z
    1   2   1   1       0.86703497  p_x
    2   1   0   0       1.38869971  s
    2   2   1  -1       1.48865880  p_y
    2   2   1   0       1.13693345  p_z
    2   2   1   1       1.10045833  p_x
    3   1   0   0       0.81327608  s
    4   1   0   0       0.68928105  s
    5   1   0   0       0.68841169  s
    6   1   0   0       0.81907293  s

Input / Output electrons (q):     12.0000000000

Energy H0:                          -6.5181870310 H         -177.3689 eV
Energy SCC:                          0.1349967372 H            3.6734 eV
Energy SPIN:                        -0.0000311789 H           -0.0008 eV
Energy Fock:                        -0.2089918318 H           -5.6870 eV
Total Electronic energy:            -6.5922133046 H         -179.3833 eV
Repulsive energy:                    0.1848951640 H            5.0313 eV

Excitation Energy:                   0.0000000000 H            0.0000 eV

Total energy:                       -6.4076169150 H         -174.3601 eV

SCC converged

Total Forces
    1     -0.014041027139      0.013241864515     -0.009342625886
    2     -0.002925204257     -0.029660620863     -0.002425546224
    3      0.003737441599     -0.011838450425      0.006563830082
    4      0.008897506057      0.019735659832      0.008587319702
    5      0.003635439381     -0.000971030312     -0.000106906927
    6      0.000695844359      0.009492577254     -0.003276070747

Maximal derivative component:        0.296606E-01 au


