REKS do not use any electronic distribution function

Calculation with static geometry

********************************************************************************************
  iSCC       reks energy        Diff energy         x_a       SCC error   
   55       -6.2851589581      -0.0000000000     0.999956    0.00000099
********************************************************************************************

 SA-REKS optimizes the avergaed state, not individual states
 These charges do not mean the charges for individual states
 Similarly to this, the values in band.out file indicate
 the band energies and occupations for the averaged state
 If you want to compute the relaxed density,
 please, set 'RelaxedDensity = Yes' option

 Total charge:     1.00000000

 Atomic gross charges (e)
 Atom           Charge
    1       0.11015723
    2      -0.11317674
    3       0.18743553
    4       0.31222272
    5       0.31142507
    6       0.19193618

Nr. of electrons (up):     12.00000000
Atom populations (up)
 Atom       Population
    1       3.88984277
    2       5.11317674
    3       0.81256447
    4       0.68777728
    5       0.68857493
    6       0.80806382

l-shell populations (up)
 Atom Sh.   l       Population
    1   1   0       1.18404481
    1   2   1       2.70579795
    2   1   0       1.38320380
    2   2   1       3.72997294
    3   1   0       0.81256447
    4   1   0       0.68777728
    5   1   0       0.68857493
    6   1   0       0.80806382

Orbital populations (up)
 Atom Sh.   l   m       Population  Label
    1   1   0   0       1.18404481  s
    1   2   1  -1       0.85004265  p_y
    1   2   1   0       0.89640893  p_z
    1   2   1   1       0.95934638  p_x
    2   1   0   0       1.38320380  s
    2   2   1  -1       1.08637056  p_y
    2   2   1   0       1.12896139  p_z
    2   2   1   1       1.51464099  p_x
    3   1   0   0       0.81256447  s
    4   1   0   0       0.68777728  s
    5   1   0   0       0.68857493  s
    6   1   0   0       0.80806382  s

Input / Output electrons (q):     12.0000000000

Energy H0:                          -6.5216212880 H         -177.4623 eV
Energy SCC:                          0.1347006152 H            3.6654 eV
Energy SPIN:                        -0.0000243051 H           -0.0007 eV
Energy Fock:                        -0.2086138397 H           -5.6767 eV
Total Electronic energy:            -6.5955588176 H         -179.4743 eV
Repulsive energy:                    0.1833224000 H            4.9885 eV

Excitation Energy:                   0.0000000000 H            0.0000 eV

Total energy:                       -6.4124469746 H         -174.4916 eV

SCC converged

Total Forces
    1     -0.000791562369      0.006532339636      0.002626113247
    2      0.006454426850      0.002198332575     -0.001916103043
    3     -0.012068448852     -0.003394285255     -0.008587273706
    4     -0.013749744680     -0.000260888383      0.004110257770
    5      0.008705083364     -0.007232499707      0.002788317558
    6      0.011450245686      0.002157001134      0.000978688172

Maximal derivative component:        0.137497E-01 au


