 KPT            1  SPIN            1  KWEIGHT    1.0000000000000000     
     1   -30.314  2.00000
     2   -27.555  2.00000
     3   -25.430  2.00000
     4   -22.995  2.00000
     5   -22.001  2.00000
     6   -20.581  2.00000
     7   -19.721  2.00000
     8   -19.444  2.00000
     9   -18.738  2.00000
    10   -17.501  2.00000
    11   -17.135  2.00000
    12   -16.732  2.00000
    13   -16.126  2.00000
    14   -14.871  2.00000
    15   -14.106  2.00000
    16   -14.835  1.50000
    17    -8.887  0.50000
    18    -4.246  0.00000
    19    -3.240  0.00000
    20     9.212  0.00000
    21    10.702  0.00000
    22    11.179  0.00000
    23    13.161  0.00000
    24    15.592  0.00000
    25    18.215  0.00000
    26    20.880  0.00000
    27    22.455  0.00000
    28    24.392  0.00000
    29    25.114  0.00000
    30    34.077  0.00000
    31    43.390  0.00000
    32    48.303  0.00000

