REKS do not use any electronic distribution function

Calculation with static geometry

********************************************************************************************
  iSCC       reks energy        Diff energy         x_a       SCC error   
   33       -6.2846816908      -0.0000000000     0.999981    0.00000098
********************************************************************************************

 SA-REKS optimizes the avergaed state, not individual states
 These charges do not mean the charges for individual states
 Similarly to this, the values in band.out file indicate
 the band energies and occupations for the averaged state
 If you want to compute the relaxed density,
 please, set 'RelaxedDensity = Yes' option

 Total charge:     1.00000000

 Atomic gross charges (e)
 Atom           Charge
    1       0.09408125
    2      -0.09651724
    3       0.19312904
    4       0.30947140
    5       0.30929231
    6       0.19054323

Nr. of electrons (up):     12.00000000
Atom populations (up)
 Atom       Population
    1       3.90591875
    2       5.09651724
    3       0.80687096
    4       0.69052860
    5       0.69070769
    6       0.80945677

l-shell populations (up)
 Atom Sh.   l       Population
    1   1   0       1.17226368
    1   2   1       2.73365507
    2   1   0       1.37722111
    2   2   1       3.71929613
    3   1   0       0.80687096
    4   1   0       0.69052860
    5   1   0       0.69070769
    6   1   0       0.80945677

Orbital populations (up)
 Atom Sh.   l   m       Population  Label
    1   1   0   0       1.17226368  s
    1   2   1  -1       0.85205322  p_y
    1   2   1   0       0.89198423  p_z
    1   2   1   1       0.98961762  p_x
    2   1   0   0       1.37722111  s
    2   2   1  -1       1.10169633  p_y
    2   2   1   0       1.11696197  p_z
    2   2   1   1       1.50063783  p_x
    3   1   0   0       0.80687096  s
    4   1   0   0       0.69052860  s
    5   1   0   0       0.69070769  s
    6   1   0   0       0.80945677  s

Input / Output electrons (q):     12.0000000000

Energy H0:                          -6.5384692092 H         -177.9208 eV
Energy SCC:                          0.1359960060 H            3.7006 eV
Energy SPIN:                        -0.0000113813 H           -0.0003 eV
Energy Fock:                        -0.2089240465 H           -5.6851 eV
Total Electronic energy:            -6.6114086310 H         -179.9056 eV
Repulsive energy:                    0.1930926057 H            5.2543 eV

Excitation Energy:                   0.0000000000 H            0.0000 eV

Total energy:                       -6.4183175675 H         -174.6513 eV

SCC converged

Total Forces
    1      0.002722038958      0.003996715997     -0.032532093554
    2     -0.008845173252      0.003090072898      0.041559489394
    3      0.000733268324      0.001870963611      0.004183167383
    4      0.005344841768     -0.006941203593     -0.007543602639
    5      0.001332482192      0.000286003881     -0.004729217483
    6     -0.001287457989     -0.002302552794     -0.000937743102

Maximal derivative component:        0.415595E-01 au


