REKS do not use any electronic distribution function

Calculation with static geometry

********************************************************************************************
  iSCC       reks energy        Diff energy         x_a       SCC error   
   34       -6.2226422889      -0.0000000000     0.999980    0.00000089
********************************************************************************************

 SA-REKS optimizes the avergaed state, not individual states
 These charges do not mean the charges for individual states
 Similarly to this, the values in band.out file indicate
 the band energies and occupations for the averaged state
 If you want to compute the relaxed density,
 please, set 'RelaxedDensity = Yes' option

 Total charge:     1.00000000

 Atomic gross charges (e)
 Atom           Charge
    1       0.07669134
    2      -0.07540104
    3       0.17751219
    4       0.31440712
    5       0.32370482
    6       0.18308557

Nr. of electrons (up):     12.00000000
Atom populations (up)
 Atom       Population
    1       3.92330866
    2       5.07540104
    3       0.82248781
    4       0.68559288
    5       0.67629518
    6       0.81691443

l-shell populations (up)
 Atom Sh.   l       Population
    1   1   0       1.16749179
    1   2   1       2.75581687
    2   1   0       1.35839036
    2   2   1       3.71701068
    3   1   0       0.82248781
    4   1   0       0.68559288
    5   1   0       0.67629518
    6   1   0       0.81691443

Orbital populations (up)
 Atom Sh.   l   m       Population  Label
    1   1   0   0       1.16749179  s
    1   2   1  -1       0.88720603  p_y
    1   2   1   0       0.93957645  p_z
    1   2   1   1       0.92903439  p_x
    2   1   0   0       1.35839036  s
    2   2   1  -1       1.32958514  p_y
    2   2   1   0       1.15736624  p_z
    2   2   1   1       1.23005930  p_x
    3   1   0   0       0.82248781  s
    4   1   0   0       0.68559288  s
    5   1   0   0       0.67629518  s
    6   1   0   0       0.81691443  s

Input / Output electrons (q):     12.0000000000

Energy H0:                          -6.5439153702 H         -178.0690 eV
Energy SCC:                          0.1390322906 H            3.7833 eV
Energy SPIN:                        -0.0000123956 H           -0.0003 eV
Energy Fock:                        -0.2241942167 H           -6.1006 eV
Total Electronic energy:            -6.6290896919 H         -180.3867 eV
Repulsive energy:                    0.2689554125 H            7.3186 eV

Excitation Energy:                   0.0000000000 H            0.0000 eV

Total energy:                       -6.3605283758 H         -173.0788 eV

SCC converged

Total Forces
    1      0.015512229370      0.109481868654     -0.285374916730
    2     -0.086138824147     -0.125014373977      0.214023460598
    3      0.014965307296      0.031931273144      0.022019227706
    4      0.004907732207      0.015017171406      0.026537625585
    5      0.043137171888     -0.002105510431      0.036257121134
    6      0.007616383386     -0.029310428795     -0.013462518293

Maximal derivative component:        0.285375E+00 au


