 KPT            1  SPIN            1  KWEIGHT    1.0000000000000000     
     1   -29.924  2.00000
     2   -27.251  2.00000
     3   -25.291  2.00000
     4   -22.920  2.00000
     5   -21.221  2.00000
     6   -20.669  2.00000
     7   -19.657  2.00000
     8   -18.868  2.00000
     9   -18.348  2.00000
    10   -17.372  2.00000
    11   -16.977  2.00000
    12   -16.416  2.00000
    13   -16.037  2.00000
    14   -15.380  2.00000
    15   -14.594  2.00000
    16   -13.563  1.50000
    17    -8.903  0.50000
    18    -4.234  0.00000
    19    -0.879  0.00000
    20     7.326  0.00000
    21    10.915  0.00000
    22    12.533  0.00000
    23    15.137  0.00000
    24    16.625  0.00000
    25    18.695  0.00000
    26    20.922  0.00000
    27    23.112  0.00000
    28    25.928  0.00000
    29    26.919  0.00000
    30    41.602  0.00000
    31    43.165  0.00000
    32    49.052  0.00000

