REKS do not use any electronic distribution function

Calculation with static geometry

********************************************************************************************
  iSCC       reks energy        Diff energy         x_a       SCC error   
   80      -16.3955805065      -0.0000000000     1.000000    0.00000095
********************************************************************************************

 SA-REKS optimizes the avergaed state, not individual states
 These charges do not mean the charges for individual states
 Similarly to this, the values in band.out file indicate
 the band energies and occupations for the averaged state
 If you want to compute the relaxed density,
 please, set 'RelaxedDensity = Yes' option

 Total charge:     1.00000000

 Atomic gross charges (e)
 Atom           Charge
    1      -0.02385703
    2      -0.01423045
    3       0.09399168
    4       0.12221628
    5       0.11426091
    6       0.02551332
    7      -0.08331035
    8       0.08414223
    9       0.09366373
   10       0.12723114
   11       0.11062293
   12      -0.15763042
   13       0.25563276
   14       0.25175325

Nr. of electrons (up):     32.00000000
Atom populations (up)
 Atom       Population
    1       4.02385703
    2       4.01423045
    3       0.90600832
    4       0.87778372
    5       0.88573909
    6       3.97448668
    7       4.08331035
    8       0.91585777
    9       0.90633627
   10       3.87276886
   11       0.88937707
   12       5.15763042
   13       0.74436724
   14       0.74824675

l-shell populations (up)
 Atom Sh.   l       Population
    1   1   0       1.21960986
    1   2   1       2.80424716
    2   1   0       1.15116537
    2   2   1       2.86306507
    3   1   0       0.90600832
    4   1   0       0.87778372
    5   1   0       0.88573909
    6   1   0       1.13790205
    6   2   1       2.83658463
    7   1   0       1.16345981
    7   2   1       2.91985054
    8   1   0       0.91585777
    9   1   0       0.90633627
   10   1   0       1.13643368
   10   2   1       2.73633517
   11   1   0       0.88937707
   12   1   0       1.37821115
   12   2   1       3.77941927
   13   1   0       0.74436724
   14   1   0       0.74824675

Orbital populations (up)
 Atom Sh.   l   m       Population  Label
    1   1   0   0       1.21960986  s
    1   2   1  -1       1.02625681  p_y
    1   2   1   0       0.81293777  p_z
    1   2   1   1       0.96505258  p_x
    2   1   0   0       1.15116537  s
    2   2   1  -1       0.95882061  p_y
    2   2   1   0       0.94700552  p_z
    2   2   1   1       0.95723894  p_x
    3   1   0   0       0.90600832  s
    4   1   0   0       0.87778372  s
    5   1   0   0       0.88573909  s
    6   1   0   0       1.13790205  s
    6   2   1  -1       0.98409258  p_y
    6   2   1   0       0.88866621  p_z
    6   2   1   1       0.96382584  p_x
    7   1   0   0       1.16345981  s
    7   2   1  -1       0.96417675  p_y
    7   2   1   0       0.98893973  p_z
    7   2   1   1       0.96673406  p_x
    8   1   0   0       0.91585777  s
    9   1   0   0       0.90633627  s
   10   1   0   0       1.13643368  s
   10   2   1  -1       0.88359728  p_y
   10   2   1   0       0.94506666  p_z
   10   2   1   1       0.90767124  p_x
   11   1   0   0       0.88937707  s
   12   1   0   0       1.37821115  s
   12   2   1  -1       1.47188264  p_y
   12   2   1   0       1.15113050  p_z
   12   2   1   1       1.15640613  p_x
   13   1   0   0       0.74436724  s
   14   1   0   0       0.74824675  s

Input / Output electrons (q):     32.0000000000

Energy H0:                         -16.4366790916 H         -447.2648 eV
Energy SCC:                          0.1120894308 H            3.0501 eV
Energy SPIN:                        -0.0000000539 H           -0.0000 eV
Energy Fock:                        -0.6723984271 H          -18.2969 eV
Total Electronic energy:           -16.9969881418 H         -462.5116 eV
Repulsive energy:                    0.5256213419 H           14.3029 eV

Excitation Energy:                   0.0000000000 H            0.0000 eV

Total energy:                      -16.4714595602 H         -448.2112 eV

SCC converged

Total Forces
    1      0.024669820219     -0.021142165791      0.000171651714
    2     -0.089891567939     -0.014699279974      0.008299942881
    3     -0.013315553637      0.008011384942     -0.006314385577
    4     -0.000910306790     -0.009098985208      0.007356341426
    5      0.018089684608     -0.046041754070      0.003854922802
    6     -0.011169902935      0.053439355217     -0.043754070986
    7      0.107362229768     -0.005767787915      0.013458297741
    8     -0.042903491832      0.057316950454     -0.007156775044
    9      0.026287039710      0.003038880026      0.013744430769
   10     -0.089488881476     -0.065058259646     -0.046330917061
   11      0.002144874283      0.008292521490      0.019852190949
   12      0.085664116920      0.027366859869      0.064917400653
   13     -0.025454064567     -0.004015780123      0.017610241256
   14      0.008916003667      0.008358060729     -0.045709271523

Maximal derivative component:        0.107362E+00 au


