REKS do not use any electronic distribution function

Calculation with static geometry

********************************************************************************************
  iSCC       reks energy        Diff energy         x_a       SCC error   
   54       -6.2852037345      -0.0000000000     0.999946    0.00000088
********************************************************************************************

 SA-REKS optimizes the avergaed state, not individual states
 These charges do not mean the charges for individual states
 Similarly to this, the values in band.out file indicate
 the band energies and occupations for the averaged state
 If you want to compute the relaxed density,
 please, set 'RelaxedDensity = Yes' option

 Total charge:     1.00000000

 Atomic gross charges (e)
 Atom           Charge
    1       0.11707337
    2      -0.10622640
    3       0.18350651
    4       0.31043731
    5       0.31009226
    6       0.18511696

Nr. of electrons (up):     12.00000000
Atom populations (up)
 Atom       Population
    1       3.88292663
    2       5.10622640
    3       0.81649349
    4       0.68956269
    5       0.68990774
    6       0.81488304

l-shell populations (up)
 Atom Sh.   l       Population
    1   1   0       1.17401551
    1   2   1       2.70891112
    2   1   0       1.37711851
    2   2   1       3.72910789
    3   1   0       0.81649349
    4   1   0       0.68956269
    5   1   0       0.68990774
    6   1   0       0.81488304

Orbital populations (up)
 Atom Sh.   l   m       Population  Label
    1   1   0   0       1.17401551  s
    1   2   1  -1       0.86295749  p_y
    1   2   1   0       0.88941086  p_z
    1   2   1   1       0.95654278  p_x
    2   1   0   0       1.37711851  s
    2   2   1  -1       1.09813240  p_y
    2   2   1   0       1.12117612  p_z
    2   2   1   1       1.50979937  p_x
    3   1   0   0       0.81649349  s
    4   1   0   0       0.68956269  s
    5   1   0   0       0.68990774  s
    6   1   0   0       0.81488304  s

Input / Output electrons (q):     12.0000000000

Energy H0:                          -6.5295657077 H         -177.6785 eV
Energy SCC:                          0.1350061670 H            3.6737 eV
Energy SPIN:                        -0.0000290320 H           -0.0008 eV
Energy Fock:                        -0.2091437170 H           -5.6911 eV
Total Electronic energy:            -6.6037322897 H         -179.6967 eV
Repulsive energy:                    0.1930416245 H            5.2529 eV

Excitation Energy:                   0.0000000000 H            0.0000 eV

Total energy:                       -6.4110020234 H         -174.4522 eV

SCC converged

Total Forces
    1     -0.002991768501     -0.003291419956     -0.028910964368
    2      0.010748933881      0.000700202249      0.017510746411
    3     -0.011885382349     -0.002728478979      0.002646807075
    4     -0.017253952780      0.002399679102      0.001853163880
    5      0.009438305036     -0.001447163871      0.001200902379
    6      0.011943864713      0.004367181454      0.005699344623

Maximal derivative component:        0.289110E-01 au


