 KPT            1  SPIN            1  KWEIGHT    1.0000000000000000     
     1   -29.869  2.00000
     2   -27.261  2.00000
     3   -25.520  2.00000
     4   -23.003  2.00000
     5   -21.438  2.00000
     6   -20.280  2.00000
     7   -19.731  2.00000
     8   -18.852  2.00000
     9   -18.046  2.00000
    10   -17.755  2.00000
    11   -17.110  2.00000
    12   -16.261  2.00000
    13   -15.808  2.00000
    14   -15.444  2.00000
    15   -14.566  2.00000
    16   -13.228  1.50000
    17   -10.272  0.50000
    18    -3.558  0.00000
    19    -2.399  0.00000
    20     6.665  0.00000
    21     8.714  0.00000
    22    11.338  0.00000
    23    14.597  0.00000
    24    18.547  0.00000
    25    19.103  0.00000
    26    20.792  0.00000
    27    23.825  0.00000
    28    24.777  0.00000
    29    28.667  0.00000
    30    30.223  0.00000
    31    39.296  0.00000
    32    41.569  0.00000

