 KPT            1  SPIN            1  KWEIGHT    1.0000000000000000     
     1   -29.854  2.00000
     2   -27.534  2.00000
     3   -25.418  2.00000
     4   -23.414  2.00000
     5   -21.611  2.00000
     6   -20.531  2.00000
     7   -19.725  2.00000
     8   -18.918  2.00000
     9   -18.418  2.00000
    10   -17.748  2.00000
    11   -17.061  2.00000
    12   -16.745  2.00000
    13   -16.306  2.00000
    14   -15.153  2.00000
    15   -14.514  2.00000
    16   -14.645  1.50000
    17   -10.228  0.50000
    18    -4.776  0.00000
    19    -3.410  0.00000
    20     8.286  0.00000
    21    11.270  0.00000
    22    11.655  0.00000
    23    15.836  0.00000
    24    16.113  0.00000
    25    17.850  0.00000
    26    17.899  0.00000
    27    21.265  0.00000
    28    22.398  0.00000
    29    22.997  0.00000
    30    28.364  0.00000
    31    31.607  0.00000
    32    34.496  0.00000

