REKS do not use any electronic distribution function

Calculation with static geometry

********************************************************************************************
  iSCC       reks energy        Diff energy         x_a       SCC error   
  104      -16.4266543719      -0.0000000000     1.000000    0.00000099
********************************************************************************************

 SA-REKS optimizes the avergaed state, not individual states
 These charges do not mean the charges for individual states
 Similarly to this, the values in band.out file indicate
 the band energies and occupations for the averaged state
 If you want to compute the relaxed density,
 please, set 'RelaxedDensity = Yes' option

 Total charge:     1.00000000

 Atomic gross charges (e)
 Atom           Charge
    1      -0.13195257
    2      -0.10214975
    3       0.09080928
    4       0.12739824
    5       0.13386813
    6       0.12035746
    7      -0.02226918
    8       0.13526702
    9       0.13386682
   10       0.11462667
   11       0.12626488
   12      -0.21245305
   13       0.25038731
   14       0.23597876

Nr. of electrons (up):     32.00000000
Atom populations (up)
 Atom       Population
    1       4.13195257
    2       4.10214975
    3       0.90919072
    4       0.87260176
    5       0.86613187
    6       3.87964254
    7       4.02226918
    8       0.86473298
    9       0.86613318
   10       3.88537333
   11       0.87373512
   12       5.21245305
   13       0.74961269
   14       0.76402124

l-shell populations (up)
 Atom Sh.   l       Population
    1   1   0       1.20754728
    1   2   1       2.92440529
    2   1   0       1.18311326
    2   2   1       2.91903649
    3   1   0       0.90919072
    4   1   0       0.87260176
    5   1   0       0.86613187
    6   1   0       1.21283154
    6   2   1       2.66681100
    7   1   0       1.20066166
    7   2   1       2.82160753
    8   1   0       0.86473298
    9   1   0       0.86613318
   10   1   0       1.15229543
   10   2   1       2.73307790
   11   1   0       0.87373512
   12   1   0       1.37843892
   12   2   1       3.83401414
   13   1   0       0.74961269
   14   1   0       0.76402124

Orbital populations (up)
 Atom Sh.   l   m       Population  Label
    1   1   0   0       1.20754728  s
    1   2   1  -1       0.97042718  p_y
    1   2   1   0       0.98065905  p_z
    1   2   1   1       0.97331906  p_x
    2   1   0   0       1.18311326  s
    2   2   1  -1       0.96336774  p_y
    2   2   1   0       0.93505264  p_z
    2   2   1   1       1.02061611  p_x
    3   1   0   0       0.90919072  s
    4   1   0   0       0.87260176  s
    5   1   0   0       0.86613187  s
    6   1   0   0       1.21283154  s
    6   2   1  -1       0.74625454  p_y
    6   2   1   0       0.97406124  p_z
    6   2   1   1       0.94649523  p_x
    7   1   0   0       1.20066166  s
    7   2   1  -1       0.93247987  p_y
    7   2   1   0       0.94862294  p_z
    7   2   1   1       0.94050472  p_x
    8   1   0   0       0.86473298  s
    9   1   0   0       0.86613318  s
   10   1   0   0       1.15229543  s
   10   2   1  -1       0.88937759  p_y
   10   2   1   0       0.91911518  p_z
   10   2   1   1       0.92458512  p_x
   11   1   0   0       0.87373512  s
   12   1   0   0       1.37843892  s
   12   2   1  -1       1.13363186  p_y
   12   2   1   0       1.21619650  p_z
   12   2   1   1       1.48418578  p_x
   13   1   0   0       0.74961269  s
   14   1   0   0       0.76402124  s

Input / Output electrons (q):     32.0000000000

Energy H0:                         -16.3510345699 H         -444.9343 eV
Energy SCC:                          0.1141983306 H            3.1075 eV
Energy SPIN:                        -0.0000000012 H           -0.0000 eV
Energy Fock:                        -0.6579100829 H          -17.9026 eV
Total Electronic energy:           -16.8947463234 H         -459.7294 eV
Repulsive energy:                    0.3996671633 H           10.8755 eV

Excitation Energy:                   0.0000000000 H            0.0000 eV

Total energy:                      -16.4951333390 H         -448.8554 eV

SCC converged

Total Forces
    1      0.004339858791      0.009296579943      0.024229199577
    2      0.018959812837     -0.063205419832      0.017007675849
    3     -0.005415819044      0.008368418596     -0.010005122308
    4     -0.000613528598      0.010769982945      0.002099000893
    5     -0.012902863397      0.022573114593     -0.006947380051
    6      0.048407360095      0.051778142871     -0.037681983980
    7     -0.016491986144     -0.025274530336     -0.009151114909
    8      0.002406008477     -0.018418461957      0.003240737064
    9     -0.018009993528      0.020701973673     -0.005161804333
   10     -0.027847048810      0.053844417771     -0.006737559990
   11      0.018554988170     -0.037935511059     -0.003972276056
   12     -0.032862010366     -0.024549502270      0.044878676269
   13      0.020249658873     -0.005184630677     -0.026320054421
   14      0.001225562644     -0.002764574261      0.014522006395

Maximal derivative component:        0.632054E-01 au


