REKS do not use any electronic distribution function

Calculation with static geometry

********************************************************************************************
  iSCC       reks energy        Diff energy         x_a       SCC error   
   42       -6.2863583358      -0.0000000000     0.999974    0.00000098
********************************************************************************************

 SA-REKS optimizes the avergaed state, not individual states
 These charges do not mean the charges for individual states
 Similarly to this, the values in band.out file indicate
 the band energies and occupations for the averaged state
 If you want to compute the relaxed density,
 please, set 'RelaxedDensity = Yes' option

 Total charge:     1.00000000

 Atomic gross charges (e)
 Atom           Charge
    1       0.10114357
    2      -0.09876593
    3       0.18929713
    4       0.30826574
    5       0.30976599
    6       0.19029351

Nr. of electrons (up):     12.00000000
Atom populations (up)
 Atom       Population
    1       3.89885643
    2       5.09876593
    3       0.81070287
    4       0.69173426
    5       0.69023401
    6       0.80970649

l-shell populations (up)
 Atom Sh.   l       Population
    1   1   0       1.17060858
    1   2   1       2.72824785
    2   1   0       1.37681043
    2   2   1       3.72195550
    3   1   0       0.81070287
    4   1   0       0.69173426
    5   1   0       0.69023401
    6   1   0       0.80970649

Orbital populations (up)
 Atom Sh.   l   m       Population  Label
    1   1   0   0       1.17060858  s
    1   2   1  -1       0.98544278  p_y
    1   2   1   0       0.88457371  p_z
    1   2   1   1       0.85823136  p_x
    2   1   0   0       1.37681043  s
    2   2   1  -1       1.50727555  p_y
    2   2   1   0       1.11181572  p_z
    2   2   1   1       1.10286423  p_x
    3   1   0   0       0.81070287  s
    4   1   0   0       0.69173426  s
    5   1   0   0       0.69023401  s
    6   1   0   0       0.80970649  s

Input / Output electrons (q):     12.0000000000

Energy H0:                          -6.5372187224 H         -177.8868 eV
Energy SCC:                          0.1358618661 H            3.6970 eV
Energy SPIN:                        -0.0000150872 H           -0.0004 eV
Energy Fock:                        -0.2081679466 H           -5.6645 eV
Total Electronic energy:            -6.6095398901 H         -179.8547 eV
Repulsive energy:                    0.1918256501 H            5.2198 eV

Excitation Energy:                   0.0000000000 H            0.0000 eV

Total energy:                       -6.4177298794 H         -174.6353 eV

SCC converged

Total Forces
    1     -0.000840745447     -0.000362954776     -0.020742951279
    2     -0.003113301285      0.006604288348      0.019213518637
    3      0.004135343553     -0.004119369034      0.003847717794
    4      0.002652195103      0.001376984279     -0.002225267470
    5      0.000415507087     -0.006671808556     -0.006638647728
    6     -0.003248999010      0.003172859739      0.006545630046

Maximal derivative component:        0.207430E-01 au


