REKS do not use any electronic distribution function

Calculation with static geometry

********************************************************************************************
  iSCC       reks energy        Diff energy         x_a       SCC error   
  104      -16.4436127046      -0.0000000000     0.999931    0.00000095
********************************************************************************************

 SA-REKS optimizes the avergaed state, not individual states
 These charges do not mean the charges for individual states
 Similarly to this, the values in band.out file indicate
 the band energies and occupations for the averaged state
 If you want to compute the relaxed density,
 please, set 'RelaxedDensity = Yes' option

 Total charge:     1.00000000

 Atomic gross charges (e)
 Atom           Charge
    1      -0.06494542
    2      -0.01264182
    3       0.08781404
    4       0.12440802
    5       0.13479379
    6       0.03880798
    7      -0.12626897
    8       0.10233345
    9       0.12285554
   10       0.18491062
   11       0.09244696
   12      -0.17516416
   13       0.26427642
   14       0.22637354

Nr. of electrons (up):     32.00000000
Atom populations (up)
 Atom       Population
    1       4.06494542
    2       4.01264182
    3       0.91218596
    4       0.87559198
    5       0.86520621
    6       3.96119202
    7       4.12626897
    8       0.89766655
    9       0.87714446
   10       3.81508938
   11       0.90755304
   12       5.17516416
   13       0.73572358
   14       0.77362646

l-shell populations (up)
 Atom Sh.   l       Population
    1   1   0       1.21299280
    1   2   1       2.85195262
    2   1   0       1.14408860
    2   2   1       2.86855322
    3   1   0       0.91218596
    4   1   0       0.87559198
    5   1   0       0.86520621
    6   1   0       1.15615781
    6   2   1       2.80503420
    7   1   0       1.17866843
    7   2   1       2.94760054
    8   1   0       0.89766655
    9   1   0       0.87714446
   10   1   0       1.12674458
   10   2   1       2.68834480
   11   1   0       0.90755304
   12   1   0       1.37207102
   12   2   1       3.80309314
   13   1   0       0.73572358
   14   1   0       0.77362646

Orbital populations (up)
 Atom Sh.   l   m       Population  Label
    1   1   0   0       1.21299280  s
    1   2   1  -1       0.94194780  p_y
    1   2   1   0       0.93402630  p_z
    1   2   1   1       0.97597853  p_x
    2   1   0   0       1.14408860  s
    2   2   1  -1       0.97447899  p_y
    2   2   1   0       0.91601958  p_z
    2   2   1   1       0.97805465  p_x
    3   1   0   0       0.91218596  s
    4   1   0   0       0.87559198  s
    5   1   0   0       0.86520621  s
    6   1   0   0       1.15615781  s
    6   2   1  -1       0.88976684  p_y
    6   2   1   0       0.99002826  p_z
    6   2   1   1       0.92523910  p_x
    7   1   0   0       1.17866843  s
    7   2   1  -1       1.05916955  p_y
    7   2   1   0       0.99630885  p_z
    7   2   1   1       0.89212214  p_x
    8   1   0   0       0.89766655  s
    9   1   0   0       0.87714446  s
   10   1   0   0       1.12674458  s
   10   2   1  -1       0.82892771  p_y
   10   2   1   0       0.86391142  p_z
   10   2   1   1       0.99550566  p_x
   11   1   0   0       0.90755304  s
   12   1   0   0       1.37207102  s
   12   2   1  -1       1.48775568  p_y
   12   2   1   0       1.12261241  p_z
   12   2   1   1       1.19272506  p_x
   13   1   0   0       0.73572358  s
   14   1   0   0       0.77362646  s

Input / Output electrons (q):     32.0000000000

Energy H0:                         -16.4102619758 H         -446.5459 eV
Energy SCC:                          0.0994566801 H            2.7064 eV
Energy SPIN:                        -0.0000143456 H           -0.0004 eV
Energy Fock:                        -0.6643489035 H          -18.0779 eV
Total Electronic energy:           -16.9751685448 H         -461.9178 eV
Repulsive energy:                    0.4689738204 H           12.7614 eV

Excitation Energy:                   0.0000000000 H            0.0000 eV

Total energy:                      -16.5082676199 H         -449.2128 eV

SCC converged

Total Forces
    1      0.047811321395     -0.044751953040     -0.050626445384
    2     -0.075985829361     -0.001874534522     -0.032966926456
    3     -0.016565582488      0.020881621087     -0.001430604591
    4      0.009276603615      0.001248514128      0.011033560339
    5      0.019946045779      0.021002118283      0.009394445290
    6      0.058437872141     -0.011191520953      0.089375555198
    7     -0.006758628498     -0.015507829443     -0.069461070244
    8     -0.006361999450      0.019740202923      0.024505766263
    9     -0.014376324192     -0.006212173221     -0.009616248824
   10     -0.029169730000      0.022729972052      0.058910419404
   11      0.045380013387      0.013400708300      0.023422238080
   12     -0.030270162291     -0.006289249454     -0.039873495495
   13      0.014088431914     -0.002427440312      0.006572764766
   14     -0.015452031952     -0.010748435829     -0.019239958345

Maximal derivative component:        0.893756E-01 au


