REKS do not use any electronic distribution function

Calculation with static geometry

********************************************************************************************
  iSCC       reks energy        Diff energy         x_a       SCC error   
   53       -6.2879573522      -0.0000000000     0.999964    0.00000085
********************************************************************************************

 SA-REKS optimizes the avergaed state, not individual states
 These charges do not mean the charges for individual states
 Similarly to this, the values in band.out file indicate
 the band energies and occupations for the averaged state
 If you want to compute the relaxed density,
 please, set 'RelaxedDensity = Yes' option

 Total charge:     1.00000000

 Atomic gross charges (e)
 Atom           Charge
    1       0.10964006
    2      -0.11020664
    3       0.18940236
    4       0.30906771
    5       0.31105725
    6       0.19103925

Nr. of electrons (up):     12.00000000
Atom populations (up)
 Atom       Population
    1       3.89035994
    2       5.11020664
    3       0.81059764
    4       0.69093229
    5       0.68894275
    6       0.80896075

l-shell populations (up)
 Atom Sh.   l       Population
    1   1   0       1.17954038
    1   2   1       2.71081956
    2   1   0       1.38210670
    2   2   1       3.72809994
    3   1   0       0.81059764
    4   1   0       0.69093229
    5   1   0       0.68894275
    6   1   0       0.80896075

Orbital populations (up)
 Atom Sh.   l   m       Population  Label
    1   1   0   0       1.17954038  s
    1   2   1  -1       0.97000390  p_y
    1   2   1   0       0.88649372  p_z
    1   2   1   1       0.85432194  p_x
    2   1   0   0       1.38210670  s
    2   2   1  -1       1.51658631  p_y
    2   2   1   0       1.11590258  p_z
    2   2   1   1       1.09561105  p_x
    3   1   0   0       0.81059764  s
    4   1   0   0       0.69093229  s
    5   1   0   0       0.68894275  s
    6   1   0   0       0.80896075  s

Input / Output electrons (q):     12.0000000000

Energy H0:                          -6.5277454110 H         -177.6290 eV
Energy SCC:                          0.1350183755 H            3.6740 eV
Energy SPIN:                        -0.0000200883 H           -0.0005 eV
Energy Fock:                        -0.2071540141 H           -5.6369 eV
Total Electronic energy:            -6.5999011379 H         -179.5924 eV
Repulsive energy:                    0.1833128563 H            4.9882 eV

Excitation Energy:                   0.0000000000 H            0.0000 eV

Total energy:                       -6.4166554805 H         -174.6061 eV

SCC converged

Total Forces
    1     -0.002437742771     -0.004267967449      0.013326825120
    2      0.003270910091      0.007883028119     -0.011520235621
    3      0.001412242190      0.007191598079     -0.000374720062
    4      0.001358204316     -0.009747934219      0.000702197220
    5     -0.002333179598      0.005160475449     -0.002697445577
    6     -0.001270434229     -0.006219199978      0.000563378920

Maximal derivative component:        0.133268E-01 au


