 KPT            1  SPIN            1  KWEIGHT    1.0000000000000000     
     1   -29.279  2.00000
     2   -27.412  2.00000
     3   -25.361  2.00000
     4   -23.069  2.00000
     5   -21.551  2.00000
     6   -20.293  2.00000
     7   -19.187  2.00000
     8   -18.360  2.00000
     9   -17.786  2.00000
    10   -17.285  2.00000
    11   -17.090  2.00000
    12   -16.536  2.00000
    13   -16.000  2.00000
    14   -15.641  2.00000
    15   -14.921  2.00000
    16   -13.551  1.49998
    17   -10.242  0.50002
    18    -4.480  0.00000
    19    -2.668  0.00000
    20     7.366  0.00000
    21     8.452  0.00000
    22    10.994  0.00000
    23    12.597  0.00000
    24    13.793  0.00000
    25    16.181  0.00000
    26    17.687  0.00000
    27    19.995  0.00000
    28    21.229  0.00000
    29    23.291  0.00000
    30    24.728  0.00000
    31    27.775  0.00000
    32    33.782  0.00000

