REKS do not use any electronic distribution function

Calculation with static geometry

********************************************************************************************
  iSCC       reks energy        Diff energy         x_a       SCC error   
   58      -16.4353484987      -0.0000000000     0.999984    0.00000092
********************************************************************************************

 SA-REKS optimizes the avergaed state, not individual states
 These charges do not mean the charges for individual states
 Similarly to this, the values in band.out file indicate
 the band energies and occupations for the averaged state
 If you want to compute the relaxed density,
 please, set 'RelaxedDensity = Yes' option

 Total charge:     1.00000000

 Atomic gross charges (e)
 Atom           Charge
    1       0.00877347
    2      -0.03143320
    3       0.09409390
    4       0.13291170
    5       0.10383607
    6       0.09005423
    7      -0.15180180
    8       0.10517744
    9       0.11030566
   10       0.19827452
   11       0.08422400
   12      -0.24157147
   13       0.24382573
   14       0.25332976

Nr. of electrons (up):     32.00000000
Atom populations (up)
 Atom       Population
    1       3.99122653
    2       4.03143320
    3       0.90590610
    4       0.86708830
    5       0.89616393
    6       3.90994577
    7       4.15180180
    8       0.89482256
    9       0.88969434
   10       3.80172548
   11       0.91577600
   12       5.24157147
   13       0.75617427
   14       0.74667024

l-shell populations (up)
 Atom Sh.   l       Population
    1   1   0       1.24002951
    1   2   1       2.75119702
    2   1   0       1.18795052
    2   2   1       2.84348268
    3   1   0       0.90590610
    4   1   0       0.86708830
    5   1   0       0.89616393
    6   1   0       1.19185437
    6   2   1       2.71809140
    7   1   0       1.18652139
    7   2   1       2.96528041
    8   1   0       0.89482256
    9   1   0       0.88969434
   10   1   0       1.15656077
   10   2   1       2.64516471
   11   1   0       0.91577600
   12   1   0       1.39704004
   12   2   1       3.84453143
   13   1   0       0.75617427
   14   1   0       0.74667024

Orbital populations (up)
 Atom Sh.   l   m       Population  Label
    1   1   0   0       1.24002951  s
    1   2   1  -1       0.81803712  p_y
    1   2   1   0       1.00969983  p_z
    1   2   1   1       0.92346007  p_x
    2   1   0   0       1.18795052  s
    2   2   1  -1       0.91103153  p_y
    2   2   1   0       0.99862152  p_z
    2   2   1   1       0.93382963  p_x
    3   1   0   0       0.90590610  s
    4   1   0   0       0.86708830  s
    5   1   0   0       0.89616393  s
    6   1   0   0       1.19185437  s
    6   2   1  -1       0.89242419  p_y
    6   2   1   0       0.95033085  p_z
    6   2   1   1       0.87533636  p_x
    7   1   0   0       1.18652139  s
    7   2   1  -1       1.00677694  p_y
    7   2   1   0       0.98134015  p_z
    7   2   1   1       0.97716332  p_x
    8   1   0   0       0.89482256  s
    9   1   0   0       0.88969434  s
   10   1   0   0       1.15656077  s
   10   2   1  -1       0.83636587  p_y
   10   2   1   0       0.94529338  p_z
   10   2   1   1       0.86350546  p_x
   11   1   0   0       0.91577600  s
   12   1   0   0       1.39704004  s
   12   2   1  -1       1.41345237  p_y
   12   2   1   0       1.26328810  p_z
   12   2   1   1       1.16779096  p_x
   13   1   0   0       0.75617427  s
   14   1   0   0       0.74667024  s

Input / Output electrons (q):     32.0000000000

Energy H0:                         -16.2571691086 H         -442.3801 eV
Energy SCC:                          0.0957677840 H            2.6060 eV
Energy SPIN:                        -0.0000029816 H           -0.0001 eV
Energy Fock:                        -0.6574713120 H          -17.8907 eV
Total Electronic energy:           -16.8188756181 H         -457.6649 eV
Repulsive energy:                    0.3241438077 H            8.8204 eV

Excitation Energy:                   0.0000000000 H            0.0000 eV

Total energy:                      -16.4949473793 H         -448.8504 eV

SCC converged

Total Forces
    1     -0.008279105160     -0.002514429087     -0.026514599822
    2     -0.016868833557      0.051407881871      0.006396416921
    3      0.013803246450     -0.010774234019      0.038911497955
    4      0.017475782145     -0.017516004107     -0.019341827498
    5     -0.009008673180     -0.016989337722      0.019775689796
    6      0.035510967067      0.017350695366      0.012407588775
    7     -0.020969352945      0.033607656808     -0.018583488034
    8      0.003427119677      0.005184767966      0.005383972310
    9      0.019481430795     -0.031855988331      0.012031255751
   10      0.017423553246      0.006108060867     -0.005183244036
   11      0.004996129731      0.005145598195     -0.026087225451
   12     -0.024921146471     -0.042947176687      0.015082966868
   13     -0.017564771800      0.002354026765      0.003232964996
   14     -0.014506345994      0.001438482114     -0.017511968532

Maximal derivative component:        0.514079E-01 au


