REKS do not use any electronic distribution function

Calculation with static geometry

********************************************************************************************
  iSCC       reks energy        Diff energy         x_a       SCC error   
   60      -16.4189191602      -0.0000000000     0.999996    0.00000100
********************************************************************************************

 SA-REKS optimizes the avergaed state, not individual states
 These charges do not mean the charges for individual states
 Similarly to this, the values in band.out file indicate
 the band energies and occupations for the averaged state
 If you want to compute the relaxed density,
 please, set 'RelaxedDensity = Yes' option

 Total charge:     1.00000000

 Atomic gross charges (e)
 Atom           Charge
    1       0.00488805
    2      -0.01352792
    3       0.10082156
    4       0.11735645
    5       0.11186537
    6       0.03656629
    7      -0.06291136
    8       0.08050822
    9       0.05485333
   10       0.18124959
   11       0.12258426
   12      -0.23489152
   13       0.25970812
   14       0.24092956

Nr. of electrons (up):     32.00000000
Atom populations (up)
 Atom       Population
    1       3.99511195
    2       4.01352792
    3       0.89917844
    4       0.88264355
    5       0.88813463
    6       3.96343371
    7       4.06291136
    8       0.91949178
    9       0.94514667
   10       3.81875041
   11       0.87741574
   12       5.23489152
   13       0.74029188
   14       0.75907044

l-shell populations (up)
 Atom Sh.   l       Population
    1   1   0       1.20624274
    1   2   1       2.78886921
    2   1   0       1.19047032
    2   2   1       2.82305760
    3   1   0       0.89917844
    4   1   0       0.88264355
    5   1   0       0.88813463
    6   1   0       1.17301452
    6   2   1       2.79041919
    7   1   0       1.15875934
    7   2   1       2.90415202
    8   1   0       0.91949178
    9   1   0       0.94514667
   10   1   0       1.16907403
   10   2   1       2.64967639
   11   1   0       0.87741574
   12   1   0       1.40471521
   12   2   1       3.83017631
   13   1   0       0.74029188
   14   1   0       0.75907044

Orbital populations (up)
 Atom Sh.   l   m       Population  Label
    1   1   0   0       1.20624274  s
    1   2   1  -1       0.85834452  p_y
    1   2   1   0       1.00445021  p_z
    1   2   1   1       0.92607448  p_x
    2   1   0   0       1.19047032  s
    2   2   1  -1       0.93370966  p_y
    2   2   1   0       0.97292341  p_z
    2   2   1   1       0.91642452  p_x
    3   1   0   0       0.89917844  s
    4   1   0   0       0.88264355  s
    5   1   0   0       0.88813463  s
    6   1   0   0       1.17301452  s
    6   2   1  -1       0.86946687  p_y
    6   2   1   0       1.02203070  p_z
    6   2   1   1       0.89892161  p_x
    7   1   0   0       1.15875934  s
    7   2   1  -1       0.98272162  p_y
    7   2   1   0       0.98363411  p_z
    7   2   1   1       0.93779629  p_x
    8   1   0   0       0.91949178  s
    9   1   0   0       0.94514667  s
   10   1   0   0       1.16907403  s
   10   2   1  -1       0.85131986  p_y
   10   2   1   0       0.92420145  p_z
   10   2   1   1       0.87415508  p_x
   11   1   0   0       0.87741574  s
   12   1   0   0       1.40471521  s
   12   2   1  -1       1.50822279  p_y
   12   2   1   0       1.14193474  p_z
   12   2   1   1       1.18001878  p_x
   13   1   0   0       0.74029188  s
   14   1   0   0       0.75907044  s

Input / Output electrons (q):     32.0000000000

Energy H0:                         -16.3572471462 H         -445.1033 eV
Energy SCC:                          0.1024218054 H            2.7870 eV
Energy SPIN:                        -0.0000009865 H           -0.0000 eV
Energy Fock:                        -0.6574181200 H          -17.8893 eV
Total Electronic energy:           -16.9122444472 H         -460.2056 eV
Repulsive energy:                    0.4263321306 H           11.6011 eV

Excitation Energy:                   0.0000000000 H            0.0000 eV

Total energy:                      -16.4859145089 H         -448.6046 eV

SCC converged

Total Forces
    1     -0.021624215627     -0.019757284783      0.005936318481
    2      0.075159542475      0.003744629225      0.012282633960
    3     -0.001215405889      0.001308082107     -0.010641862455
    4     -0.007699941178      0.005722560998      0.003257209642
    5     -0.007518073143      0.013343573375     -0.014775609886
    6     -0.130696182949     -0.040306976657      0.034939225560
    7      0.089638022322      0.022355741144     -0.028381595983
    8      0.011040079947     -0.002578014629     -0.024332366190
    9     -0.017264952044      0.008651819245      0.025354836852
   10      0.033225552195      0.024424177430     -0.055645956771
   11      0.007470133908     -0.006481536464     -0.020709275600
   12     -0.061620701392     -0.026051655365      0.061288403701
   13      0.019586821532      0.013273947393      0.012338351546
   14      0.011519319845      0.002350936981     -0.000910312856

Maximal derivative component:        0.130696E+00 au


