REKS do not use any electronic distribution function

Calculation with static geometry

********************************************************************************************
  iSCC       reks energy        Diff energy         x_a       SCC error   
   51       -6.2875789933      -0.0000000000     0.999967    0.00000088
********************************************************************************************

 SA-REKS optimizes the avergaed state, not individual states
 These charges do not mean the charges for individual states
 Similarly to this, the values in band.out file indicate
 the band energies and occupations for the averaged state
 If you want to compute the relaxed density,
 please, set 'RelaxedDensity = Yes' option

 Total charge:     1.00000000

 Atomic gross charges (e)
 Atom           Charge
    1       0.10948110
    2      -0.10922145
    3       0.18847950
    4       0.31138210
    5       0.30816598
    6       0.19171277

Nr. of electrons (up):     12.00000000
Atom populations (up)
 Atom       Population
    1       3.89051890
    2       5.10922145
    3       0.81152050
    4       0.68861790
    5       0.69183402
    6       0.80828723

l-shell populations (up)
 Atom Sh.   l       Population
    1   1   0       1.17781696
    1   2   1       2.71270194
    2   1   0       1.38244411
    2   2   1       3.72677734
    3   1   0       0.81152050
    4   1   0       0.68861790
    5   1   0       0.69183402
    6   1   0       0.80828723

Orbital populations (up)
 Atom Sh.   l   m       Population  Label
    1   1   0   0       1.17781696  s
    1   2   1  -1       0.85885680  p_y
    1   2   1   0       0.88489913  p_z
    1   2   1   1       0.96894601  p_x
    2   1   0   0       1.38244411  s
    2   2   1  -1       1.11122203  p_y
    2   2   1   0       1.11223978  p_z
    2   2   1   1       1.50331553  p_x
    3   1   0   0       0.81152050  s
    4   1   0   0       0.68861790  s
    5   1   0   0       0.69183402  s
    6   1   0   0       0.80828723  s

Input / Output electrons (q):     12.0000000000

Energy H0:                          -6.5284893292 H         -177.6492 eV
Energy SCC:                          0.1351461539 H            3.6775 eV
Energy SPIN:                        -0.0000187214 H           -0.0005 eV
Energy Fock:                        -0.2072314935 H           -5.6391 eV
Total Electronic energy:            -6.6005933902 H         -179.6113 eV
Repulsive energy:                    0.1841554073 H            5.0111 eV

Excitation Energy:                   0.0000000000 H            0.0000 eV

Total energy:                       -6.4164789453 H         -174.6013 eV

SCC converged

Total Forces
    1     -0.004774581060      0.000454583967      0.011486544154
    2      0.014120525362     -0.005111322183     -0.007514705838
    3      0.005756161583     -0.001329189799     -0.001208254347
    4      0.000879432044      0.005120728853     -0.004967570730
    5     -0.010551703745     -0.001504809102      0.000013577530
    6     -0.005429834185      0.002370008263      0.002190409231

Maximal derivative component:        0.141205E-01 au


