REKS do not use any electronic distribution function

Calculation with static geometry

********************************************************************************************
  iSCC       reks energy        Diff energy         x_a       SCC error   
   81      -16.4207508332      -0.0000000000     0.999998    0.00000091
********************************************************************************************

 SA-REKS optimizes the avergaed state, not individual states
 These charges do not mean the charges for individual states
 Similarly to this, the values in band.out file indicate
 the band energies and occupations for the averaged state
 If you want to compute the relaxed density,
 please, set 'RelaxedDensity = Yes' option

 Total charge:     1.00000000

 Atomic gross charges (e)
 Atom           Charge
    1      -0.09484903
    2      -0.01190082
    3       0.12023899
    4       0.13644886
    5       0.13618915
    6       0.00371591
    7      -0.10640779
    8       0.13134171
    9       0.13565354
   10       0.19389196
   11       0.09758528
   12      -0.25472298
   13       0.24770714
   14       0.26510808

Nr. of electrons (up):     32.00000000
Atom populations (up)
 Atom       Population
    1       4.09484903
    2       4.01190082
    3       0.87976101
    4       0.86355114
    5       0.86381085
    6       3.99628409
    7       4.10640779
    8       0.86865829
    9       0.86434646
   10       3.80610804
   11       0.90241472
   12       5.25472298
   13       0.75229286
   14       0.73489192

l-shell populations (up)
 Atom Sh.   l       Population
    1   1   0       1.19275881
    1   2   1       2.90209021
    2   1   0       1.20303036
    2   2   1       2.80887046
    3   1   0       0.87976101
    4   1   0       0.86355114
    5   1   0       0.86381085
    6   1   0       1.22354034
    6   2   1       2.77274375
    7   1   0       1.15395778
    7   2   1       2.95245001
    8   1   0       0.86865829
    9   1   0       0.86434646
   10   1   0       1.16558174
   10   2   1       2.64052630
   11   1   0       0.90241472
   12   1   0       1.40310292
   12   2   1       3.85162005
   13   1   0       0.75229286
   14   1   0       0.73489192

Orbital populations (up)
 Atom Sh.   l   m       Population  Label
    1   1   0   0       1.19275881  s
    1   2   1  -1       0.98953375  p_y
    1   2   1   0       1.00998567  p_z
    1   2   1   1       0.90257080  p_x
    2   1   0   0       1.20303036  s
    2   2   1  -1       0.87208834  p_y
    2   2   1   0       0.97398089  p_z
    2   2   1   1       0.96280122  p_x
    3   1   0   0       0.87976101  s
    4   1   0   0       0.86355114  s
    5   1   0   0       0.86381085  s
    6   1   0   0       1.22354034  s
    6   2   1  -1       0.90273818  p_y
    6   2   1   0       0.91742068  p_z
    6   2   1   1       0.95258489  p_x
    7   1   0   0       1.15395778  s
    7   2   1  -1       0.96716360  p_y
    7   2   1   0       1.04389174  p_z
    7   2   1   1       0.94139467  p_x
    8   1   0   0       0.86865829  s
    9   1   0   0       0.86434646  s
   10   1   0   0       1.16558174  s
   10   2   1  -1       0.94591353  p_y
   10   2   1   0       0.84868870  p_z
   10   2   1   1       0.84592408  p_x
   11   1   0   0       0.90241472  s
   12   1   0   0       1.40310292  s
   12   2   1  -1       1.21706302  p_y
   12   2   1   0       1.52593901  p_z
   12   2   1   1       1.10861803  p_x
   13   1   0   0       0.75229286  s
   14   1   0   0       0.73489192  s

Input / Output electrons (q):     32.0000000000

Energy H0:                         -16.3481848048 H         -444.8567 eV
Energy SCC:                          0.1023639939 H            2.7855 eV
Energy SPIN:                        -0.0000006484 H           -0.0000 eV
Energy Fock:                        -0.6588504223 H          -17.9282 eV
Total Electronic energy:           -16.9046718815 H         -459.9995 eV
Repulsive energy:                    0.4232929062 H           11.5184 eV

Excitation Energy:                   0.0000000000 H            0.0000 eV

Total energy:                      -16.4814113874 H         -448.4820 eV

SCC converged

Total Forces
    1     -0.011677628540     -0.020301473711     -0.024803380166
    2      0.054386724445      0.077907118676      0.082146039110
    3      0.023105586498      0.006010914245     -0.038427497655
    4     -0.011803186324     -0.011332700338     -0.012858803518
    5      0.001873901846     -0.004044859855      0.000056110209
    6     -0.115596140313     -0.066476373658      0.007011137478
    7      0.037145773638     -0.021564300104      0.011522766223
    8      0.021914841111     -0.004523966839     -0.008799003697
    9      0.020353097189      0.022474169467     -0.002155957254
   10      0.030224136469     -0.002615881529      0.018307477844
   11     -0.015911854758      0.040569275245     -0.030356467810
   12      0.007259805691     -0.000270599771      0.009158916768
   13     -0.017195386027      0.013284952801      0.016545150637
   14     -0.024079670924     -0.029116274628     -0.027346488170

Maximal derivative component:        0.115596E+00 au


