 KPT            1  SPIN            1  KWEIGHT    1.0000000000000000     
     1   -29.963  2.00000
     2   -27.168  2.00000
     3   -25.309  2.00000
     4   -22.974  2.00000
     5   -21.239  2.00000
     6   -20.486  2.00000
     7   -19.796  2.00000
     8   -18.618  2.00000
     9   -18.389  2.00000
    10   -17.340  2.00000
    11   -16.843  2.00000
    12   -16.318  2.00000
    13   -15.836  2.00000
    14   -15.176  2.00000
    15   -15.016  2.00000
    16   -13.679  1.50000
    17    -8.569  0.50000
    18    -4.494  0.00000
    19    -1.662  0.00000
    20     6.347  0.00000
    21     8.348  0.00000
    22     9.734  0.00000
    23    12.844  0.00000
    24    14.614  0.00000
    25    15.421  0.00000
    26    18.766  0.00000
    27    19.899  0.00000
    28    21.330  0.00000
    29    24.629  0.00000
    30    31.515  0.00000
    31    40.257  0.00000
    32    48.905  0.00000

