REKS do not use any electronic distribution function

Calculation with static geometry

********************************************************************************************
  iSCC       reks energy        Diff energy         x_a       SCC error   
   96      -16.4029045812      -0.0000000000     1.000000    0.00000095
********************************************************************************************

 SA-REKS optimizes the avergaed state, not individual states
 These charges do not mean the charges for individual states
 Similarly to this, the values in band.out file indicate
 the band energies and occupations for the averaged state
 If you want to compute the relaxed density,
 please, set 'RelaxedDensity = Yes' option

 Total charge:     1.00000000

 Atomic gross charges (e)
 Atom           Charge
    1      -0.03707821
    2      -0.05099457
    3       0.09789509
    4       0.12288656
    5       0.10989682
    6       0.06585780
    7      -0.07122813
    8       0.10195107
    9       0.10176760
   10       0.10373301
   11       0.10153086
   12      -0.13605319
   13       0.24973044
   14       0.24010484

Nr. of electrons (up):     32.00000000
Atom populations (up)
 Atom       Population
    1       4.03707821
    2       4.05099457
    3       0.90210491
    4       0.87711344
    5       0.89010318
    6       3.93414220
    7       4.07122813
    8       0.89804893
    9       0.89823240
   10       3.89626699
   11       0.89846914
   12       5.13605319
   13       0.75026956
   14       0.75989516

l-shell populations (up)
 Atom Sh.   l       Population
    1   1   0       1.22779077
    1   2   1       2.80928745
    2   1   0       1.18824754
    2   2   1       2.86274702
    3   1   0       0.90210491
    4   1   0       0.87711344
    5   1   0       0.89010318
    6   1   0       1.16861839
    6   2   1       2.76552381
    7   1   0       1.19885023
    7   2   1       2.87237790
    8   1   0       0.89804893
    9   1   0       0.89823240
   10   1   0       1.15254982
   10   2   1       2.74371717
   11   1   0       0.89846914
   12   1   0       1.35295391
   12   2   1       3.78309928
   13   1   0       0.75026956
   14   1   0       0.75989516

Orbital populations (up)
 Atom Sh.   l   m       Population  Label
    1   1   0   0       1.22779077  s
    1   2   1  -1       0.96168761  p_y
    1   2   1   0       0.89783794  p_z
    1   2   1   1       0.94976189  p_x
    2   1   0   0       1.18824754  s
    2   2   1  -1       0.97301077  p_y
    2   2   1   0       0.93728264  p_z
    2   2   1   1       0.95245361  p_x
    3   1   0   0       0.90210491  s
    4   1   0   0       0.87711344  s
    5   1   0   0       0.89010318  s
    6   1   0   0       1.16861839  s
    6   2   1  -1       0.91965443  p_y
    6   2   1   0       0.95455547  p_z
    6   2   1   1       0.89131390  p_x
    7   1   0   0       1.19885023  s
    7   2   1  -1       0.97418706  p_y
    7   2   1   0       0.98324729  p_z
    7   2   1   1       0.91494356  p_x
    8   1   0   0       0.89804893  s
    9   1   0   0       0.89823240  s
   10   1   0   0       1.15254982  s
   10   2   1  -1       0.90079592  p_y
   10   2   1   0       0.91437172  p_z
   10   2   1   1       0.92854952  p_x
   11   1   0   0       0.89846914  s
   12   1   0   0       1.35295391  s
   12   2   1  -1       1.11894950  p_y
   12   2   1   0       1.36136477  p_z
   12   2   1   1       1.30278500  p_x
   13   1   0   0       0.75026956  s
   14   1   0   0       0.75989516  s

Input / Output electrons (q):     32.0000000000

Energy H0:                         -16.3693893058 H         -445.4337 eV
Energy SCC:                          0.1171162836 H            3.1869 eV
Energy SPIN:                        -0.0000000024 H           -0.0000 eV
Energy Fock:                        -0.6682164092 H          -18.1831 eV
Total Electronic energy:           -16.9204894338 H         -460.4299 eV
Repulsive energy:                    0.4372447502 H           11.8980 eV

Excitation Energy:                   0.0000000000 H            0.0000 eV

Total energy:                      -16.4834017689 H         -448.5362 eV

SCC converged

Total Forces
    1     -0.003424170147     -0.001580335767      0.025915324333
    2     -0.029468310435      0.022109502617      0.017618257235
    3     -0.024194713580     -0.006390134988     -0.006569566191
    4      0.015590005048     -0.000643788523     -0.007519229711
    5      0.023410625840     -0.022686501880     -0.022460780868
    6      0.031220142489      0.041675679773      0.038516261703
    7      0.047814591045     -0.008192684364     -0.003066962868
    8      0.016881741842     -0.015318629220     -0.033422572694
    9     -0.011399757205      0.010823460134      0.027385681618
   10     -0.022753531667     -0.138003195391     -0.049649740168
   11     -0.042600131886      0.004876786519     -0.004935875158
   12      0.005015162910      0.093182725288      0.031492381049
   13      0.008115713020      0.003726779112     -0.009008792672
   14     -0.014207367274      0.016420336690     -0.004294385607

Maximal derivative component:        0.138003E+00 au


