REKS do not use any electronic distribution function

Calculation with static geometry

********************************************************************************************
  iSCC       reks energy        Diff energy         x_a       SCC error   
   46       -6.1639932732      -0.0000000000     0.999806    0.00000092
********************************************************************************************

 SA-REKS optimizes the avergaed state, not individual states
 These charges do not mean the charges for individual states
 Similarly to this, the values in band.out file indicate
 the band energies and occupations for the averaged state
 If you want to compute the relaxed density,
 please, set 'RelaxedDensity = Yes' option

 Total charge:     1.00000000

 Atomic gross charges (e)
 Atom           Charge
    1       0.14648957
    2      -0.17985737
    3       0.16756594
    4       0.35606301
    5       0.32409783
    6       0.18564102

Nr. of electrons (up):     12.00000000
Atom populations (up)
 Atom       Population
    1       3.85351043
    2       5.17985737
    3       0.83243406
    4       0.64393699
    5       0.67590217
    6       0.81435898

l-shell populations (up)
 Atom Sh.   l       Population
    1   1   0       1.18869106
    1   2   1       2.66481936
    2   1   0       1.40015244
    2   2   1       3.77970493
    3   1   0       0.83243406
    4   1   0       0.64393699
    5   1   0       0.67590217
    6   1   0       0.81435898

Orbital populations (up)
 Atom Sh.   l   m       Population  Label
    1   1   0   0       1.18869106  s
    1   2   1  -1       0.91366635  p_y
    1   2   1   0       0.84278314  p_z
    1   2   1   1       0.90836988  p_x
    2   1   0   0       1.40015244  s
    2   2   1  -1       1.40951288  p_y
    2   2   1   0       1.01499611  p_z
    2   2   1   1       1.35519594  p_x
    3   1   0   0       0.83243406  s
    4   1   0   0       0.64393699  s
    5   1   0   0       0.67590217  s
    6   1   0   0       0.81435898  s

Input / Output electrons (q):     12.0000000000

Energy H0:                          -6.3040098198 H         -171.5408 eV
Energy SCC:                          0.1288665767 H            3.5066 eV
Energy SPIN:                        -0.0000849964 H           -0.0023 eV
Energy Fock:                        -0.2387128155 H           -6.4957 eV
Total Electronic energy:            -6.4139410549 H         -174.5322 eV
Repulsive energy:                    0.1499461938 H            4.0802 eV

Excitation Energy:                   0.0000000000 H            0.0000 eV

Total energy:                       -6.2640498823 H         -170.4535 eV

SCC converged

Total Forces
    1      0.061670383413      0.007655435196     -0.049833943525
    2      0.088858241118      0.060945140810      0.044355815870
    3     -0.037186702438     -0.017867511121      0.000573807125
    4     -0.028840085877      0.015784190020     -0.090992874277
    5     -0.059324407040     -0.061775500830      0.011454269722
    6     -0.025177429176     -0.004741754075      0.084442925084

Maximal derivative component:        0.909929E-01 au


