REKS do not use any electronic distribution function

Calculation with static geometry

********************************************************************************************
  iSCC       reks energy        Diff energy         x_a       SCC error   
   61       -6.2234689477      -0.0000000000     0.999175    0.00000087
********************************************************************************************

 SA-REKS optimizes the avergaed state, not individual states
 These charges do not mean the charges for individual states
 Similarly to this, the values in band.out file indicate
 the band energies and occupations for the averaged state
 If you want to compute the relaxed density,
 please, set 'RelaxedDensity = Yes' option

 Total charge:     1.00000000

 Atomic gross charges (e)
 Atom           Charge
    1       0.10326852
    2      -0.14333748
    3       0.19220381
    4       0.32943645
    5       0.31254921
    6       0.20587950

Nr. of electrons (up):     12.00000000
Atom populations (up)
 Atom       Population
    1       3.89673148
    2       5.14333748
    3       0.80779619
    4       0.67056355
    5       0.68745079
    6       0.79412050

l-shell populations (up)
 Atom Sh.   l       Population
    1   1   0       1.28615288
    1   2   1       2.61057860
    2   1   0       1.44830741
    2   2   1       3.69503007
    3   1   0       0.80779619
    4   1   0       0.67056355
    5   1   0       0.68745079
    6   1   0       0.79412050

Orbital populations (up)
 Atom Sh.   l   m       Population  Label
    1   1   0   0       1.28615288  s
    1   2   1  -1       0.92011343  p_y
    1   2   1   0       0.89383659  p_z
    1   2   1   1       0.79662858  p_x
    2   1   0   0       1.44830741  s
    2   2   1  -1       1.46575576  p_y
    2   2   1   0       1.14747268  p_z
    2   2   1   1       1.08180163  p_x
    3   1   0   0       0.80779619  s
    4   1   0   0       0.67056355  s
    5   1   0   0       0.68745079  s
    6   1   0   0       0.79412050  s

Input / Output electrons (q):     12.0000000000

Energy H0:                          -6.3252755227 H         -172.1195 eV
Energy SCC:                          0.1327591961 H            3.6126 eV
Energy SPIN:                        -0.0003371154 H           -0.0092 eV
Energy Fock:                        -0.2231318158 H           -6.0717 eV
Total Electronic energy:            -6.4159852577 H         -174.5878 eV
Repulsive energy:                    0.0952428503 H            2.5917 eV

Excitation Energy:                   0.0000000000 H            0.0000 eV

Total energy:                       -6.3213033658 H         -172.0114 eV

SCC converged

Total Forces
    1     -0.091096887994      0.115970281477      0.117233519630
    2     -0.072192964042     -0.022667323625     -0.109091003441
    3      0.063191675888     -0.056681082818     -0.023075489177
    4      0.088083869579      0.005112448168     -0.013719902357
    5      0.021307705603     -0.011312236411      0.040019770070
    6     -0.009293399033     -0.030422086791     -0.011366894727

Maximal derivative component:        0.117234E+00 au


