REKS do not use any electronic distribution function

Calculation with static geometry

********************************************************************************************
  iSCC       reks energy        Diff energy         x_a       SCC error   
   43       -6.2852216769      -0.0000000000     0.999974    0.00000092
********************************************************************************************

 SA-REKS optimizes the avergaed state, not individual states
 These charges do not mean the charges for individual states
 Similarly to this, the values in band.out file indicate
 the band energies and occupations for the averaged state
 If you want to compute the relaxed density,
 please, set 'RelaxedDensity = Yes' option

 Total charge:     1.00000000

 Atomic gross charges (e)
 Atom           Charge
    1       0.10041130
    2      -0.09633302
    3       0.18935636
    4       0.30936900
    5       0.30850266
    6       0.18869370

Nr. of electrons (up):     12.00000000
Atom populations (up)
 Atom       Population
    1       3.89958870
    2       5.09633302
    3       0.81064364
    4       0.69063100
    5       0.69149734
    6       0.81130630

l-shell populations (up)
 Atom Sh.   l       Population
    1   1   0       1.16904616
    1   2   1       2.73054253
    2   1   0       1.37488712
    2   2   1       3.72144591
    3   1   0       0.81064364
    4   1   0       0.69063100
    5   1   0       0.69149734
    6   1   0       0.81130630

Orbital populations (up)
 Atom Sh.   l   m       Population  Label
    1   1   0   0       1.16904616  s
    1   2   1  -1       0.98548090  p_y
    1   2   1   0       0.88568569  p_z
    1   2   1   1       0.85937594  p_x
    2   1   0   0       1.37488712  s
    2   2   1  -1       1.50017062  p_y
    2   2   1   0       1.11527428  p_z
    2   2   1   1       1.10600100  p_x
    3   1   0   0       0.81064364  s
    4   1   0   0       0.69063100  s
    5   1   0   0       0.69149734  s
    6   1   0   0       0.81130630  s

Input / Output electrons (q):     12.0000000000

Energy H0:                          -6.5387991497 H         -177.9298 eV
Energy SCC:                          0.1359379819 H            3.6991 eV
Energy SPIN:                        -0.0000153101 H           -0.0004 eV
Energy Fock:                        -0.2087840832 H           -5.6813 eV
Total Electronic energy:            -6.6116605611 H         -179.9124 eV
Repulsive energy:                    0.1949730473 H            5.3055 eV

Excitation Energy:                   0.0000000000 H            0.0000 eV

Total energy:                       -6.4167253615 H         -174.6080 eV

SCC converged

Total Forces
    1      0.000184985871      0.002512373616     -0.035052994192
    2      0.002774244895     -0.006768356599      0.031902920834
    3      0.002547960355     -0.005798191877      0.006553849461
    4     -0.000461234166      0.008527197106     -0.005313882997
    5     -0.001971971918     -0.004091519144     -0.003482694972
    6     -0.003073985037      0.005618496897      0.005392801866

Maximal derivative component:        0.350530E-01 au


