REKS do not use any electronic distribution function

Calculation with static geometry

********************************************************************************************
  iSCC       reks energy        Diff energy         x_a       SCC error   
   59       -6.2835727547      -0.0000000000     0.999939    0.00000092
********************************************************************************************

 SA-REKS optimizes the avergaed state, not individual states
 These charges do not mean the charges for individual states
 Similarly to this, the values in band.out file indicate
 the band energies and occupations for the averaged state
 If you want to compute the relaxed density,
 please, set 'RelaxedDensity = Yes' option

 Total charge:     1.00000000

 Atomic gross charges (e)
 Atom           Charge
    1       0.11763925
    2      -0.11509816
    3       0.18232376
    4       0.31441756
    5       0.31332249
    6       0.18739510

Nr. of electrons (up):     12.00000000
Atom populations (up)
 Atom       Population
    1       3.88236075
    2       5.11509816
    3       0.81767624
    4       0.68558244
    5       0.68667751
    6       0.81260490

l-shell populations (up)
 Atom Sh.   l       Population
    1   1   0       1.18155884
    1   2   1       2.70080191
    2   1   0       1.38263315
    2   2   1       3.73246500
    3   1   0       0.81767624
    4   1   0       0.68558244
    5   1   0       0.68667751
    6   1   0       0.81260490

Orbital populations (up)
 Atom Sh.   l   m       Population  Label
    1   1   0   0       1.18155884  s
    1   2   1  -1       0.85477598  p_y
    1   2   1   0       0.89818295  p_z
    1   2   1   1       0.94784298  p_x
    2   1   0   0       1.38263315  s
    2   2   1  -1       1.08363651  p_y
    2   2   1   0       1.13477686  p_z
    2   2   1   1       1.51405163  p_x
    3   1   0   0       0.81767624  s
    4   1   0   0       0.68558244  s
    5   1   0   0       0.68667751  s
    6   1   0   0       0.81260490  s

Input / Output electrons (q):     12.0000000000

Energy H0:                          -6.5191851544 H         -177.3961 eV
Energy SCC:                          0.1345168576 H            3.6604 eV
Energy SPIN:                        -0.0000327686 H           -0.0009 eV
Energy Fock:                        -0.2096472408 H           -5.7048 eV
Total Electronic energy:            -6.5943483061 H         -179.4413 eV
Repulsive energy:                    0.1865350912 H            5.0759 eV

Excitation Energy:                   0.0000000000 H            0.0000 eV

Total energy:                       -6.4082738488 H         -174.3780 eV

SCC converged

Total Forces
    1      0.004746075951      0.007015611535     -0.016049880125
    2     -0.010355769881     -0.001461191024      0.006397145187
    3     -0.015393907165     -0.001635037884     -0.005743886105
    4     -0.011654119522      0.003349651613      0.005088880807
    5      0.018608640391     -0.006616897236      0.007612535164
    6      0.014049080226     -0.000652137004      0.002695205073

Maximal derivative component:        0.186086E-01 au


