REKS do not use any electronic distribution function

Calculation with static geometry

********************************************************************************************
  iSCC       reks energy        Diff energy         x_a       SCC error   
   71       -6.2856353460      -0.0000000000     0.999921    0.00000088
********************************************************************************************

 SA-REKS optimizes the avergaed state, not individual states
 These charges do not mean the charges for individual states
 Similarly to this, the values in band.out file indicate
 the band energies and occupations for the averaged state
 If you want to compute the relaxed density,
 please, set 'RelaxedDensity = Yes' option

 Total charge:     1.00000000

 Atomic gross charges (e)
 Atom           Charge
    1       0.12761009
    2      -0.12544583
    3       0.18230951
    4       0.31594441
    5       0.31329943
    6       0.18628239

Nr. of electrons (up):     12.00000000
Atom populations (up)
 Atom       Population
    1       3.87238991
    2       5.12544583
    3       0.81769049
    4       0.68405559
    5       0.68670057
    6       0.81371761

l-shell populations (up)
 Atom Sh.   l       Population
    1   1   0       1.18603714
    1   2   1       2.68635277
    2   1   0       1.38699696
    2   2   1       3.73844887
    3   1   0       0.81769049
    4   1   0       0.68405559
    5   1   0       0.68670057
    6   1   0       0.81371761

Orbital populations (up)
 Atom Sh.   l   m       Population  Label
    1   1   0   0       1.18603714  s
    1   2   1  -1       0.85781159  p_y
    1   2   1   0       0.89337992  p_z
    1   2   1   1       0.93516126  p_x
    2   1   0   0       1.38699696  s
    2   2   1  -1       1.08496678  p_y
    2   2   1   0       1.13035310  p_z
    2   2   1   1       1.52312899  p_x
    3   1   0   0       0.81769049  s
    4   1   0   0       0.68405559  s
    5   1   0   0       0.68670057  s
    6   1   0   0       0.81371761  s

Input / Output electrons (q):     12.0000000000

Energy H0:                          -6.5121536769 H         -177.2047 eV
Energy SCC:                          0.1337295705 H            3.6390 eV
Energy SPIN:                        -0.0000410119 H           -0.0011 eV
Energy Fock:                        -0.2079898440 H           -5.6597 eV
Total Electronic energy:            -6.5864549622 H         -179.2266 eV
Repulsive energy:                    0.1787476597 H            4.8640 eV

Excitation Energy:                   0.0000000000 H            0.0000 eV

Total energy:                       -6.4083078544 H         -174.3789 eV

SCC converged

Total Forces
    1     -0.000699609970     -0.002852385502      0.025810191247
    2     -0.001247363811     -0.003892272472     -0.027227251876
    3     -0.013829049529     -0.000107040815     -0.006778165349
    4     -0.015104612491     -0.001742691833      0.002400709651
    5      0.016515495765      0.004215099704      0.009597751801
    6      0.014365140035      0.004379290918     -0.003803235474

Maximal derivative component:        0.272273E-01 au


