REKS do not use any electronic distribution function

Calculation with static geometry

********************************************************************************************
  iSCC       reks energy        Diff energy         x_a       SCC error   
   57       -6.2843806320      -0.0000000000     0.999940    0.00000099
********************************************************************************************

 SA-REKS optimizes the avergaed state, not individual states
 These charges do not mean the charges for individual states
 Similarly to this, the values in band.out file indicate
 the band energies and occupations for the averaged state
 If you want to compute the relaxed density,
 please, set 'RelaxedDensity = Yes' option

 Total charge:     1.00000000

 Atomic gross charges (e)
 Atom           Charge
    1       0.11952403
    2      -0.10928419
    3       0.18346830
    4       0.31095722
    5       0.31142969
    6       0.18390494

Nr. of electrons (up):     12.00000000
Atom populations (up)
 Atom       Population
    1       3.88047597
    2       5.10928419
    3       0.81653170
    4       0.68904278
    5       0.68857031
    6       0.81609506

l-shell populations (up)
 Atom Sh.   l       Population
    1   1   0       1.17557564
    1   2   1       2.70490034
    2   1   0       1.37701057
    2   2   1       3.73227362
    3   1   0       0.81653170
    4   1   0       0.68904278
    5   1   0       0.68857031
    6   1   0       0.81609506

Orbital populations (up)
 Atom Sh.   l   m       Population  Label
    1   1   0   0       1.17557564  s
    1   2   1  -1       0.86209702  p_y
    1   2   1   0       0.89378078  p_z
    1   2   1   1       0.94902254  p_x
    2   1   0   0       1.37701057  s
    2   2   1  -1       1.09742376  p_y
    2   2   1   0       1.12451404  p_z
    2   2   1   1       1.51033582  p_x
    3   1   0   0       0.81653170  s
    4   1   0   0       0.68904278  s
    5   1   0   0       0.68857031  s
    6   1   0   0       0.81609506  s

Input / Output electrons (q):     12.0000000000

Energy H0:                          -6.5283684180 H         -177.6459 eV
Energy SCC:                          0.1346364032 H            3.6636 eV
Energy SPIN:                        -0.0000323285 H           -0.0009 eV
Energy Fock:                        -0.2094431285 H           -5.6992 eV
Total Electronic energy:            -6.6032074718 H         -179.6824 eV
Repulsive energy:                    0.1940768658 H            5.2811 eV

Excitation Energy:                   0.0000000000 H            0.0000 eV

Total energy:                       -6.4095987992 H         -174.4141 eV

SCC converged

Total Forces
    1     -0.000483237136     -0.004746379111     -0.026528092233
    2      0.003572868633      0.005365597414      0.020937704614
    3     -0.014115262698     -0.001507004312     -0.000829491154
    4     -0.017042975294     -0.000378285601      0.003226377310
    5      0.014031830933     -0.002082387576      0.001696837377
    6      0.014036775562      0.003348459187      0.001496664087

Maximal derivative component:        0.265281E-01 au


