 KPT            1  SPIN            1  KWEIGHT    1.0000000000000000     
     1   -29.143  2.00000
     2   -27.260  2.00000
     3   -25.489  2.00000
     4   -23.005  2.00000
     5   -21.269  2.00000
     6   -20.506  2.00000
     7   -18.756  2.00000
     8   -18.621  2.00000
     9   -17.655  2.00000
    10   -17.457  2.00000
    11   -17.091  2.00000
    12   -16.159  2.00000
    13   -15.890  2.00000
    14   -15.436  2.00000
    15   -14.499  2.00000
    16   -13.786  1.49997
    17   -10.498  0.50003
    18    -3.741  0.00000
    19    -1.963  0.00000
    20     6.328  0.00000
    21     8.282  0.00000
    22     9.994  0.00000
    23    12.128  0.00000
    24    15.362  0.00000
    25    16.822  0.00000
    26    19.390  0.00000
    27    19.814  0.00000
    28    20.627  0.00000
    29    23.287  0.00000
    30    28.642  0.00000
    31    34.148  0.00000
    32    39.107  0.00000

