REKS do not use any electronic distribution function

Calculation with static geometry

********************************************************************************************
  iSCC       reks energy        Diff energy         x_a       SCC error   
  230      -16.4113831944      -0.0000000000     0.999975    0.00000097
********************************************************************************************

 SA-REKS optimizes the avergaed state, not individual states
 These charges do not mean the charges for individual states
 Similarly to this, the values in band.out file indicate
 the band energies and occupations for the averaged state
 If you want to compute the relaxed density,
 please, set 'RelaxedDensity = Yes' option

 Total charge:     1.00000000

 Atomic gross charges (e)
 Atom           Charge
    1      -0.02110170
    2       0.02634405
    3       0.08700897
    4       0.13622912
    5       0.11480287
    6       0.04763983
    7      -0.12090871
    8       0.08854663
    9       0.11163475
   10       0.20894920
   11       0.10765268
   12      -0.28050605
   13       0.24131356
   14       0.25239479

Nr. of electrons (up):     32.00000000
Atom populations (up)
 Atom       Population
    1       4.02110170
    2       3.97365595
    3       0.91299103
    4       0.86377088
    5       0.88519713
    6       3.95236017
    7       4.12090871
    8       0.91145337
    9       0.88836525
   10       3.79105080
   11       0.89234732
   12       5.28050605
   13       0.75868644
   14       0.74760521

l-shell populations (up)
 Atom Sh.   l       Population
    1   1   0       1.21482410
    1   2   1       2.80627760
    2   1   0       1.15893596
    2   2   1       2.81471999
    3   1   0       0.91299103
    4   1   0       0.86377088
    5   1   0       0.88519713
    6   1   0       1.20530289
    6   2   1       2.74705728
    7   1   0       1.15760204
    7   2   1       2.96330667
    8   1   0       0.91145337
    9   1   0       0.88836525
   10   1   0       1.15543280
   10   2   1       2.63561800
   11   1   0       0.89234732
   12   1   0       1.40253088
   12   2   1       3.87797517
   13   1   0       0.75868644
   14   1   0       0.74760521

Orbital populations (up)
 Atom Sh.   l   m       Population  Label
    1   1   0   0       1.21482410  s
    1   2   1  -1       1.01203729  p_y
    1   2   1   0       0.88362037  p_z
    1   2   1   1       0.91061993  p_x
    2   1   0   0       1.15893596  s
    2   2   1  -1       0.96928565  p_y
    2   2   1   0       0.92365048  p_z
    2   2   1   1       0.92178386  p_x
    3   1   0   0       0.91299103  s
    4   1   0   0       0.86377088  s
    5   1   0   0       0.88519713  s
    6   1   0   0       1.20530289  s
    6   2   1  -1       0.93165654  p_y
    6   2   1   0       0.89347604  p_z
    6   2   1   1       0.92192470  p_x
    7   1   0   0       1.15760204  s
    7   2   1  -1       0.94678037  p_y
    7   2   1   0       1.06972019  p_z
    7   2   1   1       0.94680611  p_x
    8   1   0   0       0.91145337  s
    9   1   0   0       0.88836525  s
   10   1   0   0       1.15543280  s
   10   2   1  -1       0.91808315  p_y
   10   2   1   0       0.88569649  p_z
   10   2   1   1       0.83183836  p_x
   11   1   0   0       0.89234732  s
   12   1   0   0       1.40253088  s
   12   2   1  -1       1.40174529  p_y
   12   2   1   0       1.22154949  p_z
   12   2   1   1       1.25468039  p_x
   13   1   0   0       0.75868644  s
   14   1   0   0       0.74760521  s

Input / Output electrons (q):     32.0000000000

Energy H0:                         -16.2666089316 H         -442.6370 eV
Energy SCC:                          0.0940099609 H            2.5581 eV
Energy SPIN:                        -0.0000053760 H           -0.0001 eV
Energy Fock:                        -0.6638540488 H          -18.0644 eV
Total Electronic energy:           -16.8364583954 H         -458.1433 eV
Repulsive energy:                    0.3637322939 H            9.8977 eV

Excitation Energy:                   0.0000000000 H            0.0000 eV

Total energy:                      -16.4727414630 H         -448.2461 eV

SCC converged

Total Forces
    1     -0.021711558193      0.026957577960      0.012589063295
    2      0.031805512167     -0.002425510248      0.021124780352
    3     -0.006728454145     -0.001414934252     -0.000244123259
    4      0.021512960028     -0.012435018005     -0.021873955129
    5     -0.005852767040     -0.006288733158     -0.001635410575
    6      0.030284692783      0.117221283788     -0.051354173005
    7     -0.096845151318     -0.100377949234      0.008111124523
    8     -0.026675915303     -0.043978458391      0.010968422344
    9      0.037063173336      0.004947649433      0.015881390931
   10      0.057409859092      0.033302004904      0.038989296749
   11      0.016534154186     -0.040346649725      0.012669687869
   12      0.002383138649      0.054605199704     -0.020735091352
   13     -0.026746717249     -0.007228990344     -0.013798180631
   14     -0.012432926993     -0.022537472432     -0.010692832113

Maximal derivative component:        0.117221E+00 au


