 KPT            1  SPIN            1  KWEIGHT    1.0000000000000000     
     1   -29.467  2.00000
     2   -27.032  2.00000
     3   -25.309  2.00000
     4   -22.942  2.00000
     5   -21.289  2.00000
     6   -20.090  2.00000
     7   -19.196  2.00000
     8   -18.474  2.00000
     9   -17.614  2.00000
    10   -17.335  2.00000
    11   -16.871  2.00000
    12   -16.253  2.00000
    13   -15.902  2.00000
    14   -15.597  2.00000
    15   -13.942  2.00000
    16   -13.901  1.50000
    17   -10.459  0.50000
    18    -3.659  0.00000
    19    -1.084  0.00000
    20     7.443  0.00000
    21    10.336  0.00000
    22    11.552  0.00000
    23    12.588  0.00000
    24    15.592  0.00000
    25    17.488  0.00000
    26    19.068  0.00000
    27    20.372  0.00000
    28    21.218  0.00000
    29    24.789  0.00000
    30    29.576  0.00000
    31    31.249  0.00000
    32    38.380  0.00000

