REKS do not use any electronic distribution function

Calculation with static geometry

********************************************************************************************
  iSCC       reks energy        Diff energy         x_a       SCC error   
  314      -16.4419810088      -0.0000000000     0.999997    0.00000098
********************************************************************************************

 SA-REKS optimizes the avergaed state, not individual states
 These charges do not mean the charges for individual states
 Similarly to this, the values in band.out file indicate
 the band energies and occupations for the averaged state
 If you want to compute the relaxed density,
 please, set 'RelaxedDensity = Yes' option

 Total charge:     1.00000000

 Atomic gross charges (e)
 Atom           Charge
    1      -0.07656176
    2      -0.01647137
    3       0.13684322
    4       0.11994938
    5       0.15240900
    6       0.04754240
    7      -0.19903527
    8       0.10932381
    9       0.13572441
   10       0.21274941
   11       0.09969334
   12      -0.22710025
   13       0.23137885
   14       0.27355482

Nr. of electrons (up):     32.00000000
Atom populations (up)
 Atom       Population
    1       4.07656176
    2       4.01647137
    3       0.86315678
    4       0.88005062
    5       0.84759100
    6       3.95245760
    7       4.19903527
    8       0.89067619
    9       0.86427559
   10       3.78725059
   11       0.90030666
   12       5.22710025
   13       0.76862115
   14       0.72644518

l-shell populations (up)
 Atom Sh.   l       Population
    1   1   0       1.20575753
    1   2   1       2.87080423
    2   1   0       1.16279230
    2   2   1       2.85367908
    3   1   0       0.86315678
    4   1   0       0.88005062
    5   1   0       0.84759100
    6   1   0       1.18066306
    6   2   1       2.77179454
    7   1   0       1.18936537
    7   2   1       3.00966990
    8   1   0       0.89067619
    9   1   0       0.86427559
   10   1   0       1.16435330
   10   2   1       2.62289729
   11   1   0       0.90030666
   12   1   0       1.38330130
   12   2   1       3.84379895
   13   1   0       0.76862115
   14   1   0       0.72644518

Orbital populations (up)
 Atom Sh.   l   m       Population  Label
    1   1   0   0       1.20575753  s
    1   2   1  -1       0.98564293  p_y
    1   2   1   0       0.93077544  p_z
    1   2   1   1       0.95438586  p_x
    2   1   0   0       1.16279230  s
    2   2   1  -1       0.93085485  p_y
    2   2   1   0       0.98793106  p_z
    2   2   1   1       0.93489317  p_x
    3   1   0   0       0.86315678  s
    4   1   0   0       0.88005062  s
    5   1   0   0       0.84759100  s
    6   1   0   0       1.18066306  s
    6   2   1  -1       0.90889073  p_y
    6   2   1   0       0.94245033  p_z
    6   2   1   1       0.92045348  p_x
    7   1   0   0       1.18936537  s
    7   2   1  -1       0.96057248  p_y
    7   2   1   0       1.07825813  p_z
    7   2   1   1       0.97083929  p_x
    8   1   0   0       0.89067619  s
    9   1   0   0       0.86427559  s
   10   1   0   0       1.16435330  s
   10   2   1  -1       0.94408995  p_y
   10   2   1   0       0.83043421  p_z
   10   2   1   1       0.84837312  p_x
   11   1   0   0       0.90030666  s
   12   1   0   0       1.38330130  s
   12   2   1  -1       1.21045766  p_y
   12   2   1   0       1.53759158  p_z
   12   2   1   1       1.09574971  p_x
   13   1   0   0       0.76862115  s
   14   1   0   0       0.72644518  s

Input / Output electrons (q):     32.0000000000

Energy H0:                         -16.3207705205 H         -444.1108 eV
Energy SCC:                          0.0960425577 H            2.6135 eV
Energy SPIN:                        -0.0000009321 H           -0.0000 eV
Energy Fock:                        -0.6539825684 H          -17.7958 eV
Total Electronic energy:           -16.8787114633 H         -459.2931 eV
Repulsive energy:                    0.3756246322 H           10.2213 eV

Excitation Energy:                   0.0000000000 H            0.0000 eV

Total energy:                      -16.5032086268 H         -449.0752 eV

SCC converged

Total Forces
    1      0.006834340234      0.011298939983      0.002189181997
    2      0.036011712803     -0.050710805221      0.064166502678
    3      0.001954756773      0.002977537147     -0.006096480577
    4     -0.006483614094      0.004737738179     -0.009641819281
    5     -0.012598904423      0.004408595371     -0.012775421743
    6     -0.005363424251      0.012599258838     -0.048191287223
    7     -0.033432930259      0.034056307256     -0.038384837089
    8     -0.002877636513      0.002192873205      0.025970365947
    9     -0.011785284007      0.024236835963     -0.002960312515
   10      0.048282203301     -0.064459311400      0.040096651776
   11      0.002594873721     -0.024440800559     -0.000991284197
   12     -0.043436419346      0.067305608883     -0.020626686686
   13      0.021760704851      0.000770744651      0.000922585857
   14     -0.001460378789     -0.024973522295      0.006322841056

Maximal derivative component:        0.673056E-01 au


