REKS do not use any electronic distribution function

Calculation with static geometry

********************************************************************************************
  iSCC       reks energy        Diff energy         x_a       SCC error   
   47       -6.2831887822      -0.0000000000     0.999973    0.00000083
********************************************************************************************

 SA-REKS optimizes the avergaed state, not individual states
 These charges do not mean the charges for individual states
 Similarly to this, the values in band.out file indicate
 the band energies and occupations for the averaged state
 If you want to compute the relaxed density,
 please, set 'RelaxedDensity = Yes' option

 Total charge:     1.00000000

 Atomic gross charges (e)
 Atom           Charge
    1       0.09741498
    2      -0.10208053
    3       0.19449552
    4       0.31112494
    5       0.31051264
    6       0.18853245

Nr. of electrons (up):     12.00000000
Atom populations (up)
 Atom       Population
    1       3.90258502
    2       5.10208053
    3       0.80550448
    4       0.68887506
    5       0.68948736
    6       0.81146755

l-shell populations (up)
 Atom Sh.   l       Population
    1   1   0       1.17797958
    1   2   1       2.72460544
    2   1   0       1.37967983
    2   2   1       3.72240070
    3   1   0       0.80550448
    4   1   0       0.68887506
    5   1   0       0.68948736
    6   1   0       0.81146755

Orbital populations (up)
 Atom Sh.   l   m       Population  Label
    1   1   0   0       1.17797958  s
    1   2   1  -1       0.85048938  p_y
    1   2   1   0       0.89829818  p_z
    1   2   1   1       0.97581789  p_x
    2   1   0   0       1.37967983  s
    2   2   1  -1       1.09264302  p_y
    2   2   1   0       1.12679222  p_z
    2   2   1   1       1.50296547  p_x
    3   1   0   0       0.80550448  s
    4   1   0   0       0.68887506  s
    5   1   0   0       0.68948736  s
    6   1   0   0       0.81146755  s

Input / Output electrons (q):     12.0000000000

Energy H0:                          -6.5305509393 H         -177.7053 eV
Energy SCC:                          0.1355189417 H            3.6877 eV
Energy SPIN:                        -0.0000156792 H           -0.0004 eV
Energy Fock:                        -0.2095311708 H           -5.7016 eV
Total Electronic energy:            -6.6045788477 H         -179.7197 eV
Repulsive energy:                    0.1902287109 H            5.1764 eV

Excitation Energy:                   0.0000000000 H            0.0000 eV

Total energy:                       -6.4144285761 H         -174.5455 eV

SCC converged

Total Forces
    1     -0.000714722826     -0.012369184811     -0.027340047851
    2     -0.004901834756     -0.003309153467      0.030980603721
    3     -0.008785588896     -0.002130619230      0.004575632818
    4     -0.005212659554      0.013298849285     -0.002385214803
    5      0.009848075431     -0.001453814876      0.002841386384
    6      0.009766730601      0.005963923101     -0.008672360269

Maximal derivative component:        0.309806E-01 au


