REKS do not use any electronic distribution function

Calculation with static geometry

********************************************************************************************
  iSCC       reks energy        Diff energy         x_a       SCC error   
   52       -6.2843186723      -0.0000000000     0.999953    0.00000099
********************************************************************************************

 SA-REKS optimizes the avergaed state, not individual states
 These charges do not mean the charges for individual states
 Similarly to this, the values in band.out file indicate
 the band energies and occupations for the averaged state
 If you want to compute the relaxed density,
 please, set 'RelaxedDensity = Yes' option

 Total charge:     1.00000000

 Atomic gross charges (e)
 Atom           Charge
    1       0.11251507
    2      -0.10319008
    3       0.18451525
    4       0.31066328
    5       0.30960875
    6       0.18588774

Nr. of electrons (up):     12.00000000
Atom populations (up)
 Atom       Population
    1       3.88748493
    2       5.10319008
    3       0.81548475
    4       0.68933672
    5       0.69039125
    6       0.81411226

l-shell populations (up)
 Atom Sh.   l       Population
    1   1   0       1.17269690
    1   2   1       2.71478803
    2   1   0       1.37515247
    2   2   1       3.72803761
    3   1   0       0.81548475
    4   1   0       0.68933672
    5   1   0       0.69039125
    6   1   0       0.81411226

Orbital populations (up)
 Atom Sh.   l   m       Population  Label
    1   1   0   0       1.17269690  s
    1   2   1  -1       0.95974458  p_y
    1   2   1   0       0.89211262  p_z
    1   2   1   1       0.86293084  p_x
    2   1   0   0       1.37515247  s
    2   2   1  -1       1.49775785  p_y
    2   2   1   0       1.12223783  p_z
    2   2   1   1       1.10804192  p_x
    3   1   0   0       0.81548475  s
    4   1   0   0       0.68933672  s
    5   1   0   0       0.69039125  s
    6   1   0   0       0.81411226  s

Input / Output electrons (q):     12.0000000000

Energy H0:                          -6.5344478840 H         -177.8114 eV
Energy SCC:                          0.1352431193 H            3.6802 eV
Energy SPIN:                        -0.0000259895 H           -0.0007 eV
Energy Fock:                        -0.2093767791 H           -5.6974 eV
Total Electronic energy:            -6.6086075333 H         -179.8294 eV
Repulsive energy:                    0.1972166951 H            5.3665 eV

Excitation Energy:                   0.0000000000 H            0.0000 eV

Total energy:                       -6.4116640527 H         -174.4703 eV

SCC converged

Total Forces
    1      0.003001334357     -0.001556512230     -0.035349019318
    2      0.007750689555      0.002988322139      0.025733786189
    3      0.001048522238     -0.011657302307      0.001617234598
    4     -0.001438920049      0.011672574789     -0.000039642908
    5     -0.007567426236     -0.013937519884      0.004020538206
    6     -0.002794199865      0.012490437493      0.004017103233

Maximal derivative component:        0.353490E-01 au


