 KPT            1  SPIN            1  KWEIGHT    1.0000000000000000     
     1   -29.907  2.00000
     2   -27.612  2.00000
     3   -25.332  2.00000
     4   -23.450  2.00000
     5   -21.497  2.00000
     6   -20.320  2.00000
     7   -19.820  2.00000
     8   -18.851  2.00000
     9   -18.383  2.00000
    10   -17.898  2.00000
    11   -17.667  2.00000
    12   -16.407  2.00000
    13   -16.064  2.00000
    14   -15.396  2.00000
    15   -13.984  2.00000
    16   -13.701  1.49997
    17   -10.193  0.50003
    18    -4.467  0.00000
    19    -2.781  0.00000
    20     9.636  0.00000
    21    10.408  0.00000
    22    11.728  0.00000
    23    16.176  0.00000
    24    17.556  0.00000
    25    17.964  0.00000
    26    18.722  0.00000
    27    19.587  0.00000
    28    22.122  0.00000
    29    31.950  0.00000
    30    33.635  0.00000
    31    34.128  0.00000
    32    41.427  0.00000

