REKS do not use any electronic distribution function

Calculation with static geometry

********************************************************************************************
  iSCC       reks energy        Diff energy         x_a       SCC error   
   35       -6.1895766567      -0.0000000000     0.999862    0.00000100
********************************************************************************************

 SA-REKS optimizes the avergaed state, not individual states
 These charges do not mean the charges for individual states
 Similarly to this, the values in band.out file indicate
 the band energies and occupations for the averaged state
 If you want to compute the relaxed density,
 please, set 'RelaxedDensity = Yes' option

 Total charge:     1.00000000

 Atomic gross charges (e)
 Atom           Charge
    1       0.13050561
    2      -0.17622264
    3       0.18145287
    4       0.31748759
    5       0.34134974
    6       0.20542683

Nr. of electrons (up):     12.00000000
Atom populations (up)
 Atom       Population
    1       3.86949439
    2       5.17622264
    3       0.81854713
    4       0.68251241
    5       0.65865026
    6       0.79457317

l-shell populations (up)
 Atom Sh.   l       Population
    1   1   0       1.29369451
    1   2   1       2.57579988
    2   1   0       1.41597205
    2   2   1       3.76025059
    3   1   0       0.81854713
    4   1   0       0.68251241
    5   1   0       0.65865026
    6   1   0       0.79457317

Orbital populations (up)
 Atom Sh.   l   m       Population  Label
    1   1   0   0       1.29369451  s
    1   2   1  -1       0.90439889  p_y
    1   2   1   0       0.87233290  p_z
    1   2   1   1       0.79906809  p_x
    2   1   0   0       1.41597205  s
    2   2   1  -1       1.36434448  p_y
    2   2   1   0       1.18635743  p_z
    2   2   1   1       1.20954868  p_x
    3   1   0   0       0.81854713  s
    4   1   0   0       0.68251241  s
    5   1   0   0       0.65865026  s
    6   1   0   0       0.79457317  s

Input / Output electrons (q):     12.0000000000

Energy H0:                          -6.2546068297 H         -170.1965 eV
Energy SCC:                          0.1290104580 H            3.5106 eV
Energy SPIN:                        -0.0000604585 H           -0.0016 eV
Energy Fock:                        -0.2385447637 H           -6.4911 eV
Total Electronic energy:            -6.3642015939 H         -173.1787 eV
Repulsive energy:                    0.0780155308 H            2.1229 eV

Excitation Energy:                   0.0000000000 H            0.0000 eV

Total energy:                       -6.2863992257 H         -171.0616 eV

SCC converged

Total Forces
    1      0.005089625749      0.087491470684      0.036390927563
    2      0.033709623417     -0.087287893011      0.019569912921
    3     -0.076064658089     -0.051331481747     -0.001637691524
    4     -0.002080592819      0.052065103483     -0.033501560138
    5     -0.033917904317      0.042574434524     -0.042398920972
    6      0.073263906059     -0.043511633933      0.021577332150

Maximal derivative component:        0.874915E-01 au


