 KPT            1  SPIN            1  KWEIGHT    1.0000000000000000     
     1   -29.558  2.00000
     2   -27.404  2.00000
     3   -25.407  2.00000
     4   -22.958  2.00000
     5   -21.608  2.00000
     6   -20.415  2.00000
     7   -19.396  2.00000
     8   -18.472  2.00000
     9   -17.781  2.00000
    10   -17.662  2.00000
    11   -17.025  2.00000
    12   -16.350  2.00000
    13   -16.143  2.00000
    14   -15.690  2.00000
    15   -14.993  2.00000
    16   -13.711  1.49998
    17   -10.026  0.50002
    18    -4.285  0.00000
    19    -1.075  0.00000
    20     6.960  0.00000
    21     9.897  0.00000
    22    12.178  0.00000
    23    13.238  0.00000
    24    15.074  0.00000
    25    15.965  0.00000
    26    17.984  0.00000
    27    23.084  0.00000
    28    25.925  0.00000
    29    27.043  0.00000
    30    35.353  0.00000
    31    36.715  0.00000
    32    43.205  0.00000

