REKS do not use any electronic distribution function

Calculation with static geometry

********************************************************************************************
  iSCC       reks energy        Diff energy         x_a       SCC error   
   70      -16.4196423946      -0.0000000000     0.999976    0.00000095
********************************************************************************************

 SA-REKS optimizes the avergaed state, not individual states
 These charges do not mean the charges for individual states
 Similarly to this, the values in band.out file indicate
 the band energies and occupations for the averaged state
 If you want to compute the relaxed density,
 please, set 'RelaxedDensity = Yes' option

 Total charge:     1.00000000

 Atomic gross charges (e)
 Atom           Charge
    1       0.01145575
    2      -0.04073414
    3       0.11459158
    4       0.11011532
    5       0.10716111
    6       0.05501902
    7      -0.09851912
    8       0.09654954
    9       0.09730910
   10       0.15690248
   11       0.09617015
   12      -0.20809568
   13       0.25887443
   14       0.24320046

Nr. of electrons (up):     32.00000000
Atom populations (up)
 Atom       Population
    1       3.98854425
    2       4.04073414
    3       0.88540842
    4       0.88988468
    5       0.89283889
    6       3.94498098
    7       4.09851912
    8       0.90345046
    9       0.90269090
   10       3.84309752
   11       0.90382985
   12       5.20809568
   13       0.74112557
   14       0.75679954

l-shell populations (up)
 Atom Sh.   l       Population
    1   1   0       1.24020288
    1   2   1       2.74834137
    2   1   0       1.17072132
    2   2   1       2.87001282
    3   1   0       0.88540842
    4   1   0       0.88988468
    5   1   0       0.89283889
    6   1   0       1.14771824
    6   2   1       2.79726274
    7   1   0       1.14603868
    7   2   1       2.95248044
    8   1   0       0.90345046
    9   1   0       0.90269090
   10   1   0       1.16126725
   10   2   1       2.68183027
   11   1   0       0.90382985
   12   1   0       1.42647293
   12   2   1       3.78162275
   13   1   0       0.74112557
   14   1   0       0.75679954

Orbital populations (up)
 Atom Sh.   l   m       Population  Label
    1   1   0   0       1.24020288  s
    1   2   1  -1       0.82858151  p_y
    1   2   1   0       0.98027183  p_z
    1   2   1   1       0.93948802  p_x
    2   1   0   0       1.17072132  s
    2   2   1  -1       0.94688219  p_y
    2   2   1   0       0.96644688  p_z
    2   2   1   1       0.95668375  p_x
    3   1   0   0       0.88540842  s
    4   1   0   0       0.88988468  s
    5   1   0   0       0.89283889  s
    6   1   0   0       1.14771824  s
    6   2   1  -1       0.88580071  p_y
    6   2   1   0       0.97930176  p_z
    6   2   1   1       0.93216027  p_x
    7   1   0   0       1.14603868  s
    7   2   1  -1       0.99014526  p_y
    7   2   1   0       1.01926070  p_z
    7   2   1   1       0.94307448  p_x
    8   1   0   0       0.90345046  s
    9   1   0   0       0.90269090  s
   10   1   0   0       1.16126725  s
   10   2   1  -1       0.84065788  p_y
   10   2   1   0       0.97823764  p_z
   10   2   1   1       0.86293475  p_x
   11   1   0   0       0.90382985  s
   12   1   0   0       1.42647293  s
   12   2   1  -1       1.39092705  p_y
   12   2   1   0       1.15751395  p_z
   12   2   1   1       1.23318175  p_x
   13   1   0   0       0.74112557  s
   14   1   0   0       0.75679954  s

Input / Output electrons (q):     32.0000000000

Energy H0:                         -16.3587124897 H         -445.1432 eV
Energy SCC:                          0.0997339910 H            2.7139 eV
Energy SPIN:                        -0.0000050426 H           -0.0001 eV
Energy Fock:                        -0.6664149405 H          -18.1341 eV
Total Electronic energy:           -16.9253984819 H         -460.5635 eV
Repulsive energy:                    0.4403619713 H           11.9829 eV

Excitation Energy:                   0.0000000000 H            0.0000 eV

Total energy:                      -16.4850370561 H         -448.5807 eV

SCC converged

Total Forces
    1      0.015436260969     -0.036306819345      0.048489523925
    2     -0.065728252040     -0.056718275604     -0.010062476077
    3     -0.002321929695      0.008480188269      0.009633334753
    4      0.006179556661      0.025789267678     -0.025840737363
    5      0.001442841150      0.009664965606      0.009259683017
    6     -0.058234704933      0.026918374535      0.005265314722
    7      0.110211159062      0.016092337843      0.057122629590
    8      0.005224175687     -0.009972383125     -0.020637667572
    9      0.018111235193      0.030927765822     -0.090706338661
   10     -0.066864275617      0.024353315564      0.006661652049
   11      0.029212998883     -0.014035494441      0.001271340085
   12      0.045827429729     -0.034180649320     -0.031901615702
   13     -0.022437601916      0.004568679572     -0.017314059490
   14     -0.016058893134      0.004418726946      0.058759416724

Maximal derivative component:        0.110211E+00 au


