REKS do not use any electronic distribution function

Calculation with static geometry

********************************************************************************************
  iSCC       reks energy        Diff energy         x_a       SCC error   
   62       -6.2849262623      -0.0000000000     0.999943    0.00000093
********************************************************************************************

 SA-REKS optimizes the avergaed state, not individual states
 These charges do not mean the charges for individual states
 Similarly to this, the values in band.out file indicate
 the band energies and occupations for the averaged state
 If you want to compute the relaxed density,
 please, set 'RelaxedDensity = Yes' option

 Total charge:     1.00000000

 Atomic gross charges (e)
 Atom           Charge
    1       0.11669179
    2      -0.11919501
    3       0.18799982
    4       0.31371076
    5       0.31307850
    6       0.18771415

Nr. of electrons (up):     12.00000000
Atom populations (up)
 Atom       Population
    1       3.88330821
    2       5.11919501
    3       0.81200018
    4       0.68628924
    5       0.68692150
    6       0.81228585

l-shell populations (up)
 Atom Sh.   l       Population
    1   1   0       1.18649488
    1   2   1       2.69681333
    2   1   0       1.38507913
    2   2   1       3.73411588
    3   1   0       0.81200018
    4   1   0       0.68628924
    5   1   0       0.68692150
    6   1   0       0.81228585

Orbital populations (up)
 Atom Sh.   l   m       Population  Label
    1   1   0   0       1.18649488  s
    1   2   1  -1       0.85127135  p_y
    1   2   1   0       0.89847587  p_z
    1   2   1   1       0.94706612  p_x
    2   1   0   0       1.38507913  s
    2   2   1  -1       1.08315219  p_y
    2   2   1   0       1.13353283  p_z
    2   2   1   1       1.51743087  p_x
    3   1   0   0       0.81200018  s
    4   1   0   0       0.68628924  s
    5   1   0   0       0.68692150  s
    6   1   0   0       0.81228585  s

Input / Output electrons (q):     12.0000000000

Energy H0:                          -6.5175563946 H         -177.3517 eV
Energy SCC:                          0.1343352708 H            3.6554 eV
Energy SPIN:                        -0.0000309050 H           -0.0008 eV
Energy Fock:                        -0.2086273204 H           -5.6770 eV
Total Electronic energy:            -6.5918793492 H         -179.3742 eV
Repulsive energy:                    0.1820779079 H            4.9546 eV

Excitation Energy:                   0.0000000000 H            0.0000 eV

Total energy:                       -6.4101744199 H         -174.4297 eV

SCC converged

Total Forces
    1     -0.004198684204      0.002164562894      0.010311681426
    2      0.009446390444      0.000684992974     -0.013402492793
    3     -0.012971301792      0.002778643606     -0.004830934755
    4     -0.016782836387     -0.003435150083      0.005549348383
    5      0.010684766541      0.001117781524      0.007937866042
    6      0.013821665398     -0.003310830915     -0.005565468304

Maximal derivative component:        0.167828E-01 au


