REKS do not use any electronic distribution function

Calculation with static geometry

********************************************************************************************
  iSCC       reks energy        Diff energy         x_a       SCC error   
   60       -6.2853466602      -0.0000000000     0.999944    0.00000087
********************************************************************************************

 SA-REKS optimizes the avergaed state, not individual states
 These charges do not mean the charges for individual states
 Similarly to this, the values in band.out file indicate
 the band energies and occupations for the averaged state
 If you want to compute the relaxed density,
 please, set 'RelaxedDensity = Yes' option

 Total charge:     1.00000000

 Atomic gross charges (e)
 Atom           Charge
    1       0.11690122
    2      -0.11613647
    3       0.18454461
    4       0.31455613
    5       0.31212679
    6       0.18800771

Nr. of electrons (up):     12.00000000
Atom populations (up)
 Atom       Population
    1       3.88309878
    2       5.11613647
    3       0.81545539
    4       0.68544387
    5       0.68787321
    6       0.81199229

l-shell populations (up)
 Atom Sh.   l       Population
    1   1   0       1.18032585
    1   2   1       2.70277292
    2   1   0       1.38382882
    2   2   1       3.73230765
    3   1   0       0.81545539
    4   1   0       0.68544387
    5   1   0       0.68787321
    6   1   0       0.81199229

Orbital populations (up)
 Atom Sh.   l   m       Population  Label
    1   1   0   0       1.18032585  s
    1   2   1  -1       0.85689046  p_y
    1   2   1   0       0.89339210  p_z
    1   2   1   1       0.95249037  p_x
    2   1   0   0       1.38382882  s
    2   2   1  -1       1.08458022  p_y
    2   2   1   0       1.12971208  p_z
    2   2   1   1       1.51801535  p_x
    3   1   0   0       0.81545539  s
    4   1   0   0       0.68544387  s
    5   1   0   0       0.68787321  s
    6   1   0   0       0.81199229  s

Input / Output electrons (q):     12.0000000000

Energy H0:                          -6.5231500064 H         -177.5039 eV
Energy SCC:                          0.1344377217 H            3.6582 eV
Energy SPIN:                        -0.0000304916 H           -0.0008 eV
Energy Fock:                        -0.2082954151 H           -5.6680 eV
Total Electronic energy:            -6.5970381914 H         -179.5145 eV
Repulsive energy:                    0.1861240753 H            5.0647 eV

Excitation Energy:                   0.0000000000 H            0.0000 eV

Total energy:                       -6.4112424174 H         -174.4588 eV

SCC converged

Total Forces
    1      0.001644894080     -0.000259888543      0.007823568116
    2     -0.001396799303      0.004383309889     -0.006397884495
    3     -0.012148243451      0.003847721879     -0.006290626471
    4     -0.013009371272      0.003022099240      0.001232069959
    5      0.013972818897     -0.005908478922      0.006771494561
    6      0.010936701050     -0.005084763543     -0.003138621672

Maximal derivative component:        0.139728E-01 au


