 KPT            1  SPIN            1  KWEIGHT    1.0000000000000000     
     1   -29.845  2.00000
     2   -27.147  2.00000
     3   -25.238  2.00000
     4   -22.943  2.00000
     5   -21.444  2.00000
     6   -20.579  2.00000
     7   -19.451  2.00000
     8   -18.634  2.00000
     9   -17.987  2.00000
    10   -17.572  2.00000
    11   -16.658  2.00000
    12   -16.391  2.00000
    13   -15.967  2.00000
    14   -15.521  2.00000
    15   -14.845  2.00000
    16   -13.530  1.49996
    17    -9.574  0.50004
    18    -3.788  0.00000
    19    -1.123  0.00000
    20     6.977  0.00000
    21    10.987  0.00000
    22    12.236  0.00000
    23    12.756  0.00000
    24    13.345  0.00000
    25    15.606  0.00000
    26    20.618  0.00000
    27    22.610  0.00000
    28    25.884  0.00000
    29    29.607  0.00000
    30    34.140  0.00000
    31    37.774  0.00000
    32    42.698  0.00000

