REKS do not use any electronic distribution function

Calculation with static geometry

********************************************************************************************
  iSCC       reks energy        Diff energy         x_a       SCC error   
  138      -16.4277959895      -0.0000000000     0.999995    0.00000099
********************************************************************************************

 SA-REKS optimizes the avergaed state, not individual states
 These charges do not mean the charges for individual states
 Similarly to this, the values in band.out file indicate
 the band energies and occupations for the averaged state
 If you want to compute the relaxed density,
 please, set 'RelaxedDensity = Yes' option

 Total charge:     1.00000000

 Atomic gross charges (e)
 Atom           Charge
    1      -0.08910321
    2      -0.00371031
    3       0.10518999
    4       0.13820201
    5       0.12378631
    6       0.06759324
    7      -0.13301794
    8       0.10552635
    9       0.11782739
   10       0.19410672
   11       0.10181522
   12      -0.22811822
   13       0.25431375
   14       0.24558870

Nr. of electrons (up):     32.00000000
Atom populations (up)
 Atom       Population
    1       4.08910321
    2       4.00371031
    3       0.89481001
    4       0.86179799
    5       0.87621369
    6       3.93240676
    7       4.13301794
    8       0.89447365
    9       0.88217261
   10       3.80589328
   11       0.89818478
   12       5.22811822
   13       0.74568625
   14       0.75441130

l-shell populations (up)
 Atom Sh.   l       Population
    1   1   0       1.20639915
    1   2   1       2.88270407
    2   1   0       1.16307396
    2   2   1       2.84063636
    3   1   0       0.89481001
    4   1   0       0.86179799
    5   1   0       0.87621369
    6   1   0       1.19164552
    6   2   1       2.74076125
    7   1   0       1.16507586
    7   2   1       2.96794207
    8   1   0       0.89447365
    9   1   0       0.88217261
   10   1   0       1.14700631
   10   2   1       2.65888696
   11   1   0       0.89818478
   12   1   0       1.39907581
   12   2   1       3.82904241
   13   1   0       0.74568625
   14   1   0       0.75441130

Orbital populations (up)
 Atom Sh.   l   m       Population  Label
    1   1   0   0       1.20639915  s
    1   2   1  -1       0.98532345  p_y
    1   2   1   0       0.92826097  p_z
    1   2   1   1       0.96911965  p_x
    2   1   0   0       1.16307396  s
    2   2   1  -1       0.97443577  p_y
    2   2   1   0       0.96611086  p_z
    2   2   1   1       0.90008972  p_x
    3   1   0   0       0.89481001  s
    4   1   0   0       0.86179799  s
    5   1   0   0       0.87621369  s
    6   1   0   0       1.19164552  s
    6   2   1  -1       0.86272550  p_y
    6   2   1   0       0.99037557  p_z
    6   2   1   1       0.88766018  p_x
    7   1   0   0       1.16507586  s
    7   2   1  -1       1.07626971  p_y
    7   2   1   0       0.93425331  p_z
    7   2   1   1       0.95741906  p_x
    8   1   0   0       0.89447365  s
    9   1   0   0       0.88217261  s
   10   1   0   0       1.14700631  s
   10   2   1  -1       0.88069685  p_y
   10   2   1   0       0.93401475  p_z
   10   2   1   1       0.84417537  p_x
   11   1   0   0       0.89818478  s
   12   1   0   0       1.39907581  s
   12   2   1  -1       1.42899307  p_y
   12   2   1   0       1.26794480  p_z
   12   2   1   1       1.13210455  p_x
   13   1   0   0       0.74568625  s
   14   1   0   0       0.75441130  s

Input / Output electrons (q):     32.0000000000

Energy H0:                         -16.3201941650 H         -444.0951 eV
Energy SCC:                          0.0978776527 H            2.6634 eV
Energy SPIN:                        -0.0000012557 H           -0.0000 eV
Energy Fock:                        -0.6687935239 H          -18.1988 eV
Total Electronic energy:           -16.8911112918 H         -459.6305 eV
Repulsive energy:                    0.3935224359 H           10.7083 eV

Excitation Energy:                   0.0000000000 H            0.0000 eV

Total energy:                      -16.4982072120 H         -448.9391 eV

SCC converged

Total Forces
    1     -0.021504665861      0.026580495367      0.048101161034
    2      0.061256155330     -0.015816739246     -0.069873850703
    3     -0.027804115229     -0.026195134569      0.025689519774
    4      0.000354929175      0.020756210116     -0.000146160334
    5     -0.025783474378     -0.004408465253      0.012389788383
    6      0.009121596087     -0.005941069592     -0.002039287497
    7      0.005492762989      0.006166885941     -0.049718655039
    8      0.001650031198     -0.007885852658      0.011985664839
    9     -0.003760175758      0.008868421147      0.018762518669
   10      0.009604314585      0.015173172300      0.014232368370
   11      0.020100924472     -0.012292402703     -0.030460062599
   12      0.017323576090      0.012726993750     -0.002917548432
   13     -0.017881425021     -0.020528457484     -0.003949363368
   14     -0.028170433676      0.002795942884      0.027943906906

Maximal derivative component:        0.698739E-01 au


