REKS do not use any electronic distribution function

Calculation with static geometry

********************************************************************************************
  iSCC       reks energy        Diff energy         x_a       SCC error   
   38       -6.2848957202      -0.0000000000     0.999981    0.00000081
********************************************************************************************

 SA-REKS optimizes the avergaed state, not individual states
 These charges do not mean the charges for individual states
 Similarly to this, the values in band.out file indicate
 the band energies and occupations for the averaged state
 If you want to compute the relaxed density,
 please, set 'RelaxedDensity = Yes' option

 Total charge:     1.00000000

 Atomic gross charges (e)
 Atom           Charge
    1       0.09394782
    2      -0.09702507
    3       0.19353908
    4       0.30945075
    5       0.30940460
    6       0.19068282

Nr. of electrons (up):     12.00000000
Atom populations (up)
 Atom       Population
    1       3.90605218
    2       5.09702507
    3       0.80646092
    4       0.69054925
    5       0.69059540
    6       0.80931718

l-shell populations (up)
 Atom Sh.   l       Population
    1   1   0       1.17361220
    1   2   1       2.73243998
    2   1   0       1.37761172
    2   2   1       3.71941335
    3   1   0       0.80646092
    4   1   0       0.69054925
    5   1   0       0.69059540
    6   1   0       0.80931718

Orbital populations (up)
 Atom Sh.   l   m       Population  Label
    1   1   0   0       1.17361220  s
    1   2   1  -1       0.84917369  p_y
    1   2   1   0       0.89232937  p_z
    1   2   1   1       0.99093692  p_x
    2   1   0   0       1.37761172  s
    2   2   1  -1       1.09652821  p_y
    2   2   1   0       1.11770941  p_z
    2   2   1   1       1.50517573  p_x
    3   1   0   0       0.80646092  s
    4   1   0   0       0.69054925  s
    5   1   0   0       0.69059540  s
    6   1   0   0       0.80931718  s

Input / Output electrons (q):     12.0000000000

Energy H0:                          -6.5366624934 H         -177.8716 eV
Energy SCC:                          0.1359784049 H            3.7002 eV
Energy SPIN:                        -0.0000113814 H           -0.0003 eV
Energy Fock:                        -0.2089373804 H           -5.6855 eV
Total Electronic energy:            -6.6096328503 H         -179.8573 eV
Repulsive energy:                    0.1912689177 H            5.2047 eV

Excitation Energy:                   0.0000000000 H            0.0000 eV

Total energy:                       -6.4183639747 H         -174.6526 eV

SCC converged

Total Forces
    1      0.002614860304      0.007127518221     -0.031932363848
    2     -0.008835719845      0.001030131711      0.038813287585
    3     -0.000163362173      0.002501391491      0.005034003828
    4      0.003865348211     -0.006857143614     -0.006878825518
    5      0.002648011377      0.001049892978     -0.004310847573
    6     -0.000129137873     -0.004851790788     -0.000725254474

Maximal derivative component:        0.388133E-01 au


