REKS do not use any electronic distribution function

Calculation with static geometry

********************************************************************************************
  iSCC       reks energy        Diff energy         x_a       SCC error   
   70       -6.2855598790      -0.0000000000     0.999921    0.00000094
********************************************************************************************

 SA-REKS optimizes the avergaed state, not individual states
 These charges do not mean the charges for individual states
 Similarly to this, the values in band.out file indicate
 the band energies and occupations for the averaged state
 If you want to compute the relaxed density,
 please, set 'RelaxedDensity = Yes' option

 Total charge:     1.00000000

 Atomic gross charges (e)
 Atom           Charge
    1       0.13473251
    2      -0.12634564
    3       0.18015916
    4       0.31361037
    5       0.31543952
    6       0.18240407

Nr. of electrons (up):     12.00000000
Atom populations (up)
 Atom       Population
    1       3.86526749
    2       5.12634564
    3       0.81984084
    4       0.68638963
    5       0.68456048
    6       0.81759593

l-shell populations (up)
 Atom Sh.   l       Population
    1   1   0       1.18460654
    1   2   1       2.68066095
    2   1   0       1.39368203
    2   2   1       3.73266361
    3   1   0       0.81984084
    4   1   0       0.68638963
    5   1   0       0.68456048
    6   1   0       0.81759593

Orbital populations (up)
 Atom Sh.   l   m       Population  Label
    1   1   0   0       1.18460654  s
    1   2   1  -1       0.86867110  p_y
    1   2   1   0       0.89320720  p_z
    1   2   1   1       0.91878264  p_x
    2   1   0   0       1.39368203  s
    2   2   1  -1       1.08634165  p_y
    2   2   1   0       1.13759306  p_z
    2   2   1   1       1.50872889  p_x
    3   1   0   0       0.81984084  s
    4   1   0   0       0.68638963  s
    5   1   0   0       0.68456048  s
    6   1   0   0       0.81759593  s

Input / Output electrons (q):     12.0000000000

Energy H0:                          -6.5098376494 H         -177.1417 eV
Energy SCC:                          0.1342016048 H            3.6518 eV
Energy SPIN:                        -0.0000405068 H           -0.0011 eV
Energy Fock:                        -0.2083552811 H           -5.6696 eV
Total Electronic energy:            -6.5840318325 H         -179.1606 eV
Repulsive energy:                    0.1790502375 H            4.8722 eV

Excitation Energy:                   0.0000000000 H            0.0000 eV

Total energy:                       -6.4056404259 H         -174.3063 eV

SCC converged

Total Forces
    1     -0.010607348352     -0.009809721691      0.016362882942
    2      0.028030476862     -0.001517670271     -0.022600066658
    3     -0.012400452927     -0.003594301755     -0.006617162846
    4     -0.023393202079      0.002504587905      0.010833838817
    5      0.005357863624      0.007311140443      0.001551504601
    6      0.013012662871      0.005105965368      0.000469003144

Maximal derivative component:        0.280305E-01 au


