 KPT            1  SPIN            1  KWEIGHT    1.0000000000000000     
     1   -29.975  2.00000
     2   -27.587  2.00000
     3   -25.670  2.00000
     4   -23.471  2.00000
     5   -21.604  2.00000
     6   -20.678  2.00000
     7   -19.485  2.00000
     8   -19.142  2.00000
     9   -18.484  2.00000
    10   -17.726  2.00000
    11   -17.347  2.00000
    12   -16.664  2.00000
    13   -16.501  2.00000
    14   -15.411  2.00000
    15   -15.047  2.00000
    16   -14.023  1.49997
    17   -10.293  0.50003
    18    -3.360  0.00000
    19    -1.246  0.00000
    20     7.921  0.00000
    21    10.170  0.00000
    22    11.135  0.00000
    23    13.995  0.00000
    24    16.552  0.00000
    25    17.726  0.00000
    26    19.758  0.00000
    27    21.871  0.00000
    28    29.248  0.00000
    29    34.842  0.00000
    30    38.432  0.00000
    31    42.351  0.00000
    32    46.740  0.00000

