REKS do not use any electronic distribution function

Calculation with static geometry

********************************************************************************************
  iSCC       reks energy        Diff energy         x_a       SCC error   
   67      -16.4231041905      -0.0000000000     0.999970    0.00000098
********************************************************************************************

 SA-REKS optimizes the avergaed state, not individual states
 These charges do not mean the charges for individual states
 Similarly to this, the values in band.out file indicate
 the band energies and occupations for the averaged state
 If you want to compute the relaxed density,
 please, set 'RelaxedDensity = Yes' option

 Total charge:     1.00000000

 Atomic gross charges (e)
 Atom           Charge
    1      -0.07093710
    2      -0.01112505
    3       0.10024820
    4       0.12942124
    5       0.10445230
    6       0.04510163
    7      -0.10714289
    8       0.10104663
    9       0.14023456
   10       0.19906083
   11       0.08679283
   12      -0.20967727
   13       0.24541916
   14       0.24710492

Nr. of electrons (up):     32.00000000
Atom populations (up)
 Atom       Population
    1       4.07093710
    2       4.01112505
    3       0.89975180
    4       0.87057876
    5       0.89554770
    6       3.95489837
    7       4.10714289
    8       0.89895337
    9       0.85976544
   10       3.80093917
   11       0.91320717
   12       5.20967727
   13       0.75458084
   14       0.75289508

l-shell populations (up)
 Atom Sh.   l       Population
    1   1   0       1.19351166
    1   2   1       2.87742544
    2   1   0       1.15494478
    2   2   1       2.85618028
    3   1   0       0.89975180
    4   1   0       0.87057876
    5   1   0       0.89554770
    6   1   0       1.16734158
    6   2   1       2.78755679
    7   1   0       1.15036815
    7   2   1       2.95677475
    8   1   0       0.89895337
    9   1   0       0.85976544
   10   1   0       1.12111485
   10   2   1       2.67982432
   11   1   0       0.91320717
   12   1   0       1.38264482
   12   2   1       3.82703245
   13   1   0       0.75458084
   14   1   0       0.75289508

Orbital populations (up)
 Atom Sh.   l   m       Population  Label
    1   1   0   0       1.19351166  s
    1   2   1  -1       0.99568323  p_y
    1   2   1   0       0.96035745  p_z
    1   2   1   1       0.92138477  p_x
    2   1   0   0       1.15494478  s
    2   2   1  -1       0.95426066  p_y
    2   2   1   0       0.93482612  p_z
    2   2   1   1       0.96709349  p_x
    3   1   0   0       0.89975180  s
    4   1   0   0       0.87057876  s
    5   1   0   0       0.89554770  s
    6   1   0   0       1.16734158  s
    6   2   1  -1       0.90554768  p_y
    6   2   1   0       0.99333531  p_z
    6   2   1   1       0.88867381  p_x
    7   1   0   0       1.15036815  s
    7   2   1  -1       1.00724942  p_y
    7   2   1   0       0.94017078  p_z
    7   2   1   1       1.00935455  p_x
    8   1   0   0       0.89895337  s
    9   1   0   0       0.85976544  s
   10   1   0   0       1.12111485  s
   10   2   1  -1       0.83938733  p_y
   10   2   1   0       0.92170135  p_z
   10   2   1   1       0.91873564  p_x
   11   1   0   0       0.91320717  s
   12   1   0   0       1.38264482  s
   12   2   1  -1       1.53770649  p_y
   12   2   1   0       1.16728813  p_z
   12   2   1   1       1.12203783  p_x
   13   1   0   0       0.75458084  s
   14   1   0   0       0.75289508  s

Input / Output electrons (q):     32.0000000000

Energy H0:                         -16.4436757122 H         -447.4552 eV
Energy SCC:                          0.0995670955 H            2.7094 eV
Energy SPIN:                        -0.0000073906 H           -0.0002 eV
Energy Fock:                        -0.6754128444 H          -18.3789 eV
Total Electronic energy:           -17.0195288517 H         -463.1249 eV
Repulsive energy:                    0.5258335195 H           14.3087 eV

Excitation Energy:                   0.0000000000 H            0.0000 eV

Total energy:                      -16.4942757325 H         -448.8321 eV

SCC converged

Total Forces
    1     -0.005207562742      0.012379565244      0.021995863619
    2      0.020849804182     -0.073162076752     -0.012687405954
    3     -0.010375987382      0.019474620101      0.017188703043
    4     -0.023615628478     -0.001479966029      0.030142366148
    5     -0.004596959490      0.032906005095     -0.005693977802
    6      0.006153664241     -0.034448877523     -0.090953111288
    7     -0.033005618072      0.033316119658     -0.106708020481
    8     -0.002390928735      0.019508247885      0.010182214580
    9      0.000207058709     -0.033818552031      0.029999313811
   10      0.003621626455      0.023629929387      0.127829873367
   11     -0.027866701823     -0.009652271671     -0.030382881202
   12      0.046636527835     -0.004784092095      0.002422264370
   13      0.014781779878      0.009675242193      0.016580326110
   14      0.014808925422      0.006456106539     -0.009915528323

Maximal derivative component:        0.127830E+00 au


