REKS do not use any electronic distribution function

Calculation with static geometry

********************************************************************************************
  iSCC       reks energy        Diff energy         x_a       SCC error   
   36       -6.2819505899      -0.0000000000     0.999978    0.00000091
********************************************************************************************

 SA-REKS optimizes the avergaed state, not individual states
 These charges do not mean the charges for individual states
 Similarly to this, the values in band.out file indicate
 the band energies and occupations for the averaged state
 If you want to compute the relaxed density,
 please, set 'RelaxedDensity = Yes' option

 Total charge:     1.00000000

 Atomic gross charges (e)
 Atom           Charge
    1       0.10154361
    2      -0.09824682
    3       0.19348103
    4       0.30681366
    5       0.31010616
    6       0.18630236

Nr. of electrons (up):     12.00000000
Atom populations (up)
 Atom       Population
    1       3.89845639
    2       5.09824682
    3       0.80651897
    4       0.69318634
    5       0.68989384
    6       0.81369764

l-shell populations (up)
 Atom Sh.   l       Population
    1   1   0       1.17212557
    1   2   1       2.72633082
    2   1   0       1.38036804
    2   2   1       3.71787878
    3   1   0       0.80651897
    4   1   0       0.69318634
    5   1   0       0.68989384
    6   1   0       0.81369764

Orbital populations (up)
 Atom Sh.   l   m       Population  Label
    1   1   0   0       1.17212557  s
    1   2   1  -1       0.85711968  p_y
    1   2   1   0       0.89160367  p_z
    1   2   1   1       0.97760747  p_x
    2   1   0   0       1.38036804  s
    2   2   1  -1       1.10634959  p_y
    2   2   1   0       1.11986768  p_z
    2   2   1   1       1.49166151  p_x
    3   1   0   0       0.80651897  s
    4   1   0   0       0.69318634  s
    5   1   0   0       0.68989384  s
    6   1   0   0       0.81369764  s

Input / Output electrons (q):     12.0000000000

Energy H0:                          -6.5326905645 H         -177.7636 eV
Energy SCC:                          0.1359627645 H            3.6997 eV
Energy SPIN:                        -0.0000128469 H           -0.0003 eV
Energy Fock:                        -0.2099827124 H           -5.7139 eV
Total Electronic energy:            -6.6067233592 H         -179.7781 eV
Repulsive energy:                    0.1941220632 H            5.2823 eV

Excitation Energy:                   0.0000000000 H            0.0000 eV

Total energy:                       -6.4126032038 H         -174.4958 eV

SCC converged

Total Forces
    1      0.012036436664      0.012237485996     -0.041511554987
    2     -0.032987409470      0.000769868355      0.054631697940
    3     -0.000493177579     -0.001290637385      0.007602875569
    4      0.013870259054     -0.003196294165     -0.006094757094
    5      0.010148198855     -0.004243182056     -0.010049910936
    6     -0.002574307524     -0.004277240745     -0.004578350491

Maximal derivative component:        0.546317E-01 au


