REKS do not use any electronic distribution function

Calculation with static geometry

********************************************************************************************
  iSCC       reks energy        Diff energy         x_a       SCC error   
   73       -6.2854006983      -0.0000000000     0.999917    0.00000094
********************************************************************************************

 SA-REKS optimizes the avergaed state, not individual states
 These charges do not mean the charges for individual states
 Similarly to this, the values in band.out file indicate
 the band energies and occupations for the averaged state
 If you want to compute the relaxed density,
 please, set 'RelaxedDensity = Yes' option

 Total charge:     1.00000000

 Atomic gross charges (e)
 Atom           Charge
    1       0.13197020
    2      -0.12859085
    3       0.18286482
    4       0.31505406
    5       0.31610399
    6       0.18259777

Nr. of electrons (up):     12.00000000
Atom populations (up)
 Atom       Population
    1       3.86802980
    2       5.12859085
    3       0.81713518
    4       0.68494594
    5       0.68389601
    6       0.81740223

l-shell populations (up)
 Atom Sh.   l       Population
    1   1   0       1.18762645
    1   2   1       2.68040335
    2   1   0       1.39083398
    2   2   1       3.73775687
    3   1   0       0.81713518
    4   1   0       0.68494594
    5   1   0       0.68389601
    6   1   0       0.81740223

Orbital populations (up)
 Atom Sh.   l   m       Population  Label
    1   1   0   0       1.18762645  s
    1   2   1  -1       0.85691724  p_y
    1   2   1   0       0.89616669  p_z
    1   2   1   1       0.92731941  p_x
    2   1   0   0       1.39083398  s
    2   2   1  -1       1.08072607  p_y
    2   2   1   0       1.13594624  p_z
    2   2   1   1       1.52108456  p_x
    3   1   0   0       0.81713518  s
    4   1   0   0       0.68494594  s
    5   1   0   0       0.68389601  s
    6   1   0   0       0.81740223  s

Input / Output electrons (q):     12.0000000000

Energy H0:                          -6.5080597488 H         -177.0933 eV
Energy SCC:                          0.1337833322 H            3.6404 eV
Energy SPIN:                        -0.0000427467 H           -0.0012 eV
Energy Fock:                        -0.2083134472 H           -5.6685 eV
Total Electronic energy:            -6.5826326105 H         -179.1225 eV
Repulsive energy:                    0.1769674191 H            4.8155 eV

Excitation Energy:                   0.0000000000 H            0.0000 eV

Total energy:                       -6.4064206117 H         -174.3276 eV

SCC converged

Total Forces
    1     -0.007214415081     -0.000698038144      0.023797881120
    2      0.018357402460      0.001986609149     -0.028729905085
    3     -0.014060315803      0.004007624170     -0.005889303146
    4     -0.021764653092      0.003090375207      0.009819718420
    5      0.009786290679     -0.007017891642      0.004804591121
    6      0.014895690836     -0.001368678739     -0.003802982430

Maximal derivative component:        0.287299E-01 au


