REKS do not use any electronic distribution function

Calculation with static geometry

********************************************************************************************
  iSCC       reks energy        Diff energy         x_a       SCC error   
   62       -6.2850043214      -0.0000000000     0.999938    0.00000089
********************************************************************************************

 SA-REKS optimizes the avergaed state, not individual states
 These charges do not mean the charges for individual states
 Similarly to this, the values in band.out file indicate
 the band energies and occupations for the averaged state
 If you want to compute the relaxed density,
 please, set 'RelaxedDensity = Yes' option

 Total charge:     1.00000000

 Atomic gross charges (e)
 Atom           Charge
    1       0.11947665
    2      -0.11808303
    3       0.18789262
    4       0.31207318
    5       0.31486413
    6       0.18377644

Nr. of electrons (up):     12.00000000
Atom populations (up)
 Atom       Population
    1       3.88052335
    2       5.11808303
    3       0.81210738
    4       0.68792682
    5       0.68513587
    6       0.81622356

l-shell populations (up)
 Atom Sh.   l       Population
    1   1   0       1.18183634
    1   2   1       2.69868701
    2   1   0       1.38407085
    2   2   1       3.73401218
    3   1   0       0.81210738
    4   1   0       0.68792682
    5   1   0       0.68513587
    6   1   0       0.81622356

Orbital populations (up)
 Atom Sh.   l   m       Population  Label
    1   1   0   0       1.18183634  s
    1   2   1  -1       0.85589542  p_y
    1   2   1   0       0.89494857  p_z
    1   2   1   1       0.94784301  p_x
    2   1   0   0       1.38407085  s
    2   2   1  -1       1.08543317  p_y
    2   2   1   0       1.12992087  p_z
    2   2   1   1       1.51865814  p_x
    3   1   0   0       0.81210738  s
    4   1   0   0       0.68792682  s
    5   1   0   0       0.68513587  s
    6   1   0   0       0.81622356  s

Input / Output electrons (q):     12.0000000000

Energy H0:                          -6.5206573446 H         -177.4361 eV
Energy SCC:                          0.1342521806 H            3.6532 eV
Energy SPIN:                        -0.0000330748 H           -0.0009 eV
Energy Fock:                        -0.2084457535 H           -5.6721 eV
Total Electronic energy:            -6.5948839923 H         -179.4559 eV
Repulsive energy:                    0.1852550793 H            5.0410 eV

Excitation Energy:                   0.0000000000 H            0.0000 eV

Total energy:                       -6.4100406529 H         -174.4261 eV

SCC converged

Total Forces
    1     -0.001234905542     -0.002906998321      0.009425630568
    2     -0.000541142395     -0.001442817921     -0.008160229773
    3     -0.011912433868      0.005144395024     -0.002815900244
    4     -0.014193439438      0.004571296642      0.008043558322
    5      0.014550344872     -0.003430795906      0.001329756872
    6      0.013331576371     -0.001935079518     -0.007822815745

Maximal derivative component:        0.145503E-01 au


