REKS do not use any electronic distribution function

Calculation with static geometry

********************************************************************************************
  iSCC       reks energy        Diff energy         x_a       SCC error   
  155      -16.3848195632      -0.0000000000     1.000000    0.00000096
********************************************************************************************

 SA-REKS optimizes the avergaed state, not individual states
 These charges do not mean the charges for individual states
 Similarly to this, the values in band.out file indicate
 the band energies and occupations for the averaged state
 If you want to compute the relaxed density,
 please, set 'RelaxedDensity = Yes' option

 Total charge:     1.00000000

 Atomic gross charges (e)
 Atom           Charge
    1      -0.14812552
    2      -0.07024787
    3       0.07077138
    4       0.12805859
    5       0.13470218
    6       0.12321112
    7      -0.00969616
    8       0.12965816
    9       0.13135734
   10       0.08525274
   11       0.11675947
   12      -0.18289586
   13       0.24289121
   14       0.24830323

Nr. of electrons (up):     32.00000000
Atom populations (up)
 Atom       Population
    1       4.14812552
    2       4.07024787
    3       0.92922862
    4       0.87194141
    5       0.86529782
    6       3.87678888
    7       4.00969616
    8       0.87034184
    9       0.86864266
   10       3.91474726
   11       0.88324053
   12       5.18289586
   13       0.75710879
   14       0.75169677

l-shell populations (up)
 Atom Sh.   l       Population
    1   1   0       1.19109966
    1   2   1       2.95702586
    2   1   0       1.18316849
    2   2   1       2.88707938
    3   1   0       0.92922862
    4   1   0       0.87194141
    5   1   0       0.86529782
    6   1   0       1.20946845
    6   2   1       2.66732043
    7   1   0       1.16698233
    7   2   1       2.84271382
    8   1   0       0.87034184
    9   1   0       0.86864266
   10   1   0       1.12578367
   10   2   1       2.78896359
   11   1   0       0.88324053
   12   1   0       1.35557417
   12   2   1       3.82732169
   13   1   0       0.75710879
   14   1   0       0.75169677

Orbital populations (up)
 Atom Sh.   l   m       Population  Label
    1   1   0   0       1.19109966  s
    1   2   1  -1       0.99654453  p_y
    1   2   1   0       0.96140766  p_z
    1   2   1   1       0.99907366  p_x
    2   1   0   0       1.18316849  s
    2   2   1  -1       0.95487005  p_y
    2   2   1   0       0.96119664  p_z
    2   2   1   1       0.97101270  p_x
    3   1   0   0       0.92922862  s
    4   1   0   0       0.87194141  s
    5   1   0   0       0.86529782  s
    6   1   0   0       1.20946845  s
    6   2   1  -1       0.83892281  p_y
    6   2   1   0       0.97250144  p_z
    6   2   1   1       0.85589618  p_x
    7   1   0   0       1.16698233  s
    7   2   1  -1       0.95389280  p_y
    7   2   1   0       0.97062153  p_z
    7   2   1   1       0.91819949  p_x
    8   1   0   0       0.87034184  s
    9   1   0   0       0.86864266  s
   10   1   0   0       1.12578367  s
   10   2   1  -1       0.97850293  p_y
   10   2   1   0       0.90327050  p_z
   10   2   1   1       0.90719016  p_x
   11   1   0   0       0.88324053  s
   12   1   0   0       1.35557417  s
   12   2   1  -1       1.37578690  p_y
   12   2   1   0       1.31611217  p_z
   12   2   1   1       1.13542262  p_x
   13   1   0   0       0.75710879  s
   14   1   0   0       0.75169677  s

Input / Output electrons (q):     32.0000000000

Energy H0:                         -16.4048772968 H         -446.3994 eV
Energy SCC:                          0.1201929559 H            3.2706 eV
Energy SPIN:                        -0.0000000000 H           -0.0000 eV
Energy Fock:                        -0.6731900213 H          -18.3184 eV
Total Electronic energy:           -16.9578743622 H         -461.4472 eV
Repulsive energy:                    0.4816676226 H           13.1068 eV

Excitation Energy:                   0.0000000000 H            0.0000 eV

Total energy:                      -16.4765210612 H         -448.3489 eV

SCC converged

Total Forces
    1     -0.013562086088      0.072358835380      0.004283267254
    2      0.051457192254     -0.045893463148     -0.048853923332
    3     -0.003093038131     -0.009488987036      0.020027843701
    4     -0.017803325213     -0.014211887531      0.012712304182
    5      0.002186044709      0.006685224847     -0.010393756636
    6     -0.050997557878     -0.038419215351      0.025914950111
    7     -0.012971626905      0.043594576731     -0.029627430678
    8      0.017595284620      0.004214156223      0.030890728736
    9      0.015337622392     -0.003077937112     -0.030901155745
   10     -0.061368545225      0.009973247097     -0.005751985586
   11     -0.000865422561     -0.013961919647     -0.005871360252
   12      0.075679636599     -0.005135213784      0.046243791399
   13      0.001410207725     -0.000611672746     -0.000703502880
   14     -0.003004386298     -0.006025743924     -0.007969770274

Maximal derivative component:        0.756796E-01 au


