REKS do not use any electronic distribution function

Calculation with static geometry

********************************************************************************************
  iSCC       reks energy        Diff energy         x_a       SCC error   
   57       -6.2841388226      -0.0000000000     0.999951    0.00000085
********************************************************************************************

 SA-REKS optimizes the avergaed state, not individual states
 These charges do not mean the charges for individual states
 Similarly to this, the values in band.out file indicate
 the band energies and occupations for the averaged state
 If you want to compute the relaxed density,
 please, set 'RelaxedDensity = Yes' option

 Total charge:     1.00000000

 Atomic gross charges (e)
 Atom           Charge
    1       0.11111265
    2      -0.11360728
    3       0.18606663
    4       0.31311724
    5       0.31337824
    6       0.18993251

Nr. of electrons (up):     12.00000000
Atom populations (up)
 Atom       Population
    1       3.88888735
    2       5.11360728
    3       0.81393337
    4       0.68688276
    5       0.68662176
    6       0.81006749

l-shell populations (up)
 Atom Sh.   l       Population
    1   1   0       1.18343247
    1   2   1       2.70545488
    2   1   0       1.38299226
    2   2   1       3.73061502
    3   1   0       0.81393337
    4   1   0       0.68688276
    5   1   0       0.68662176
    6   1   0       0.81006749

Orbital populations (up)
 Atom Sh.   l   m       Population  Label
    1   1   0   0       1.18343247  s
    1   2   1  -1       0.85044042  p_y
    1   2   1   0       0.89889604  p_z
    1   2   1   1       0.95611842  p_x
    2   1   0   0       1.38299226  s
    2   2   1  -1       1.08486567  p_y
    2   2   1   0       1.13273687  p_z
    2   2   1   1       1.51301247  p_x
    3   1   0   0       0.81393337  s
    4   1   0   0       0.68688276  s
    5   1   0   0       0.68662176  s
    6   1   0   0       0.81006749  s

Input / Output electrons (q):     12.0000000000

Energy H0:                          -6.5202014190 H         -177.4237 eV
Energy SCC:                          0.1346827369 H            3.6649 eV
Energy SPIN:                        -0.0000269081 H           -0.0007 eV
Energy Fock:                        -0.2092962834 H           -5.6952 eV
Total Electronic energy:            -6.5948418736 H         -179.4548 eV
Repulsive energy:                    0.1844125577 H            5.0181 eV

Excitation Energy:                   0.0000000000 H            0.0000 eV

Total energy:                       -6.4107225685 H         -174.4446 eV

SCC converged

Total Forces
    1      0.003486692795     -0.007422622227     -0.010054058596
    2     -0.007835806145     -0.001411385781      0.003515987752
    3     -0.013701824176      0.005848982546     -0.006043691054
    4     -0.010713444681     -0.001698353141      0.006718190086
    5      0.016054059697      0.007748638918      0.004757203775
    6      0.012710322510     -0.003065260316      0.001106368036

Maximal derivative component:        0.160541E-01 au


