REKS do not use any electronic distribution function

Calculation with static geometry

********************************************************************************************
  iSCC       reks energy        Diff energy         x_a       SCC error   
   58       -6.2866531978      -0.0000000000     0.999942    0.00000099
********************************************************************************************

 SA-REKS optimizes the avergaed state, not individual states
 These charges do not mean the charges for individual states
 Similarly to this, the values in band.out file indicate
 the band energies and occupations for the averaged state
 If you want to compute the relaxed density,
 please, set 'RelaxedDensity = Yes' option

 Total charge:     1.00000000

 Atomic gross charges (e)
 Atom           Charge
    1       0.12486416
    2      -0.11867878
    3       0.18764131
    4       0.31191166
    5       0.31199956
    6       0.18226210

Nr. of electrons (up):     12.00000000
Atom populations (up)
 Atom       Population
    1       3.87513584
    2       5.11867878
    3       0.81235869
    4       0.68808834
    5       0.68800044
    6       0.81773790

l-shell populations (up)
 Atom Sh.   l       Population
    1   1   0       1.18375895
    1   2   1       2.69137689
    2   1   0       1.39161610
    2   2   1       3.72706269
    3   1   0       0.81235869
    4   1   0       0.68808834
    5   1   0       0.68800044
    6   1   0       0.81773790

Orbital populations (up)
 Atom Sh.   l   m       Population  Label
    1   1   0   0       1.18375895  s
    1   2   1  -1       0.86148553  p_y
    1   2   1   0       0.88940215  p_z
    1   2   1   1       0.94048920  p_x
    2   1   0   0       1.39161610  s
    2   2   1  -1       1.09017063  p_y
    2   2   1   0       1.12897682  p_z
    2   2   1   1       1.50791524  p_x
    3   1   0   0       0.81235869  s
    4   1   0   0       0.68808834  s
    5   1   0   0       0.68800044  s
    6   1   0   0       0.81773790  s

Input / Output electrons (q):     12.0000000000

Energy H0:                          -6.5121674577 H         -177.2051 eV
Energy SCC:                          0.1346831010 H            3.6649 eV
Energy SPIN:                        -0.0000307482 H           -0.0008 eV
Energy Fock:                        -0.2081945135 H           -5.6653 eV
Total Electronic energy:            -6.5857096184 H         -179.2063 eV
Repulsive energy:                    0.1768232682 H            4.8116 eV

Excitation Energy:                   0.0000000000 H            0.0000 eV

Total energy:                       -6.4091379885 H         -174.4015 eV

SCC converged

Total Forces
    1      0.008960607289      0.012501994437      0.007153240856
    2     -0.029177910883      0.000031737230     -0.015156351038
    3     -0.009546994212     -0.003686890777      0.006473484490
    4     -0.000249616899     -0.005015839477      0.000252251957
    5      0.020337893878     -0.002708238752      0.004179017381
    6      0.009676020827     -0.001122762661     -0.002901643646

Maximal derivative component:        0.291779E-01 au


