REKS do not use any electronic distribution function

Calculation with static geometry

********************************************************************************************
  iSCC       reks energy        Diff energy         x_a       SCC error   
   52       -6.2865537846      -0.0000000000     0.999967    0.00000084
********************************************************************************************

 SA-REKS optimizes the avergaed state, not individual states
 These charges do not mean the charges for individual states
 Similarly to this, the values in band.out file indicate
 the band energies and occupations for the averaged state
 If you want to compute the relaxed density,
 please, set 'RelaxedDensity = Yes' option

 Total charge:     1.00000000

 Atomic gross charges (e)
 Atom           Charge
    1       0.10620724
    2      -0.11121018
    3       0.19425492
    4       0.31117429
    5       0.31103001
    6       0.18854373

Nr. of electrons (up):     12.00000000
Atom populations (up)
 Atom       Population
    1       3.89379276
    2       5.11121018
    3       0.80574508
    4       0.68882571
    5       0.68896999
    6       0.81145627

l-shell populations (up)
 Atom Sh.   l       Population
    1   1   0       1.18332610
    1   2   1       2.71046666
    2   1   0       1.38549872
    2   2   1       3.72571146
    3   1   0       0.80574508
    4   1   0       0.68882571
    5   1   0       0.68896999
    6   1   0       0.81145627

Orbital populations (up)
 Atom Sh.   l   m       Population  Label
    1   1   0   0       1.18332610  s
    1   2   1  -1       0.96976180  p_y
    1   2   1   0       0.89091995  p_z
    1   2   1   1       0.84978491  p_x
    2   1   0   0       1.38549872  s
    2   2   1  -1       1.50548964  p_y
    2   2   1   0       1.12621481  p_z
    2   2   1   1       1.09400701  p_x
    3   1   0   0       0.80574508  s
    4   1   0   0       0.68882571  s
    5   1   0   0       0.68896999  s
    6   1   0   0       0.81145627  s

Input / Output electrons (q):     12.0000000000

Energy H0:                          -6.5197715817 H         -177.4120 eV
Energy SCC:                          0.1348846546 H            3.6704 eV
Energy SPIN:                        -0.0000186954 H           -0.0005 eV
Energy Fock:                        -0.2080144015 H           -5.6604 eV
Total Electronic energy:            -6.5929200241 H         -179.4025 eV
Repulsive energy:                    0.1778822401 H            4.8404 eV

Excitation Energy:                   0.0000000000 H            0.0000 eV

Total energy:                       -6.4151085258 H         -174.5640 eV

SCC converged

Total Forces
    1     -0.012087557401      0.004276679585      0.007617741318
    2     -0.008160109586     -0.010761377088     -0.002592873630
    3     -0.002537255898     -0.007565019626      0.003455124403
    4      0.003479844102      0.010882892272      0.001610401084
    5      0.011499915758     -0.003866538358     -0.003849182773
    6      0.007805163024      0.007033363215     -0.006241210403

Maximal derivative component:        0.120876E-01 au


