REKS do not use any electronic distribution function

Calculation with static geometry

********************************************************************************************
  iSCC       reks energy        Diff energy         x_a       SCC error   
   52       -6.2839248742      -0.0000000000     0.999961    0.00000096
********************************************************************************************

 SA-REKS optimizes the avergaed state, not individual states
 These charges do not mean the charges for individual states
 Similarly to this, the values in band.out file indicate
 the band energies and occupations for the averaged state
 If you want to compute the relaxed density,
 please, set 'RelaxedDensity = Yes' option

 Total charge:     1.00000000

 Atomic gross charges (e)
 Atom           Charge
    1       0.10502440
    2      -0.10913176
    3       0.19193143
    4       0.31247371
    5       0.31214368
    6       0.18755854

Nr. of electrons (up):     12.00000000
Atom populations (up)
 Atom       Population
    1       3.89497560
    2       5.10913176
    3       0.80806857
    4       0.68752629
    5       0.68785632
    6       0.81244146

l-shell populations (up)
 Atom Sh.   l       Population
    1   1   0       1.18175178
    1   2   1       2.71322382
    2   1   0       1.38158569
    2   2   1       3.72754608
    3   1   0       0.80806857
    4   1   0       0.68752629
    5   1   0       0.68785632
    6   1   0       0.81244146

Orbital populations (up)
 Atom Sh.   l   m       Population  Label
    1   1   0   0       1.18175178  s
    1   2   1  -1       0.84901851  p_y
    1   2   1   0       0.89907594  p_z
    1   2   1   1       0.96512937  p_x
    2   1   0   0       1.38158569  s
    2   2   1  -1       1.08510697  p_y
    2   2   1   0       1.13062000  p_z
    2   2   1   1       1.51181911  p_x
    3   1   0   0       0.80806857  s
    4   1   0   0       0.68752629  s
    5   1   0   0       0.68785632  s
    6   1   0   0       0.81244146  s

Input / Output electrons (q):     12.0000000000

Energy H0:                          -6.5242234765 H         -177.5332 eV
Energy SCC:                          0.1349940837 H            3.6734 eV
Energy SPIN:                        -0.0000217565 H           -0.0006 eV
Energy Fock:                        -0.2093594730 H           -5.6970 eV
Total Electronic energy:            -6.5986106223 H         -179.5573 eV
Repulsive energy:                    0.1863274283 H            5.0702 eV

Excitation Energy:                   0.0000000000 H            0.0000 eV

Total energy:                       -6.4124703125 H         -174.4922 eV

SCC converged

Total Forces
    1     -0.001822494759     -0.008481297393     -0.015801066537
    2      0.003187612399     -0.002456216877      0.013386802491
    3     -0.011805498382     -0.002957093632      0.001988880523
    4     -0.012236442542      0.010398168923      0.002178631155
    5      0.010289037495     -0.002192651628      0.005267872224
    6      0.012387785789      0.005689090608     -0.007021119855

Maximal derivative component:        0.158011E-01 au


