REKS do not use any electronic distribution function

Calculation with static geometry

********************************************************************************************
  iSCC       reks energy        Diff energy         x_a       SCC error   
   48       -6.2837145081      -0.0000000000     0.999964    0.00000081
********************************************************************************************

 SA-REKS optimizes the avergaed state, not individual states
 These charges do not mean the charges for individual states
 Similarly to this, the values in band.out file indicate
 the band energies and occupations for the averaged state
 If you want to compute the relaxed density,
 please, set 'RelaxedDensity = Yes' option

 Total charge:     1.00000000

 Atomic gross charges (e)
 Atom           Charge
    1       0.10625273
    2      -0.09747958
    3       0.18612873
    4       0.30904700
    5       0.30929118
    6       0.18675994

Nr. of electrons (up):     12.00000000
Atom populations (up)
 Atom       Population
    1       3.89374727
    2       5.09747958
    3       0.81387127
    4       0.69095300
    5       0.69070882
    6       0.81324006

l-shell populations (up)
 Atom Sh.   l       Population
    1   1   0       1.16936540
    1   2   1       2.72438187
    2   1   0       1.37283232
    2   2   1       3.72464726
    3   1   0       0.81387127
    4   1   0       0.69095300
    5   1   0       0.69070882
    6   1   0       0.81324006

Orbital populations (up)
 Atom Sh.   l   m       Population  Label
    1   1   0   0       1.16936540  s
    1   2   1  -1       0.86089381  p_y
    1   2   1   0       0.89022450  p_z
    1   2   1   1       0.97326356  p_x
    2   1   0   0       1.37283232  s
    2   2   1  -1       1.10044751  p_y
    2   2   1   0       1.11804380  p_z
    2   2   1   1       1.50615595  p_x
    3   1   0   0       0.81387127  s
    4   1   0   0       0.69095300  s
    5   1   0   0       0.69070882  s
    6   1   0   0       0.81324006  s

Input / Output electrons (q):     12.0000000000

Energy H0:                          -6.5391800097 H         -177.9401 eV
Energy SCC:                          0.1356794313 H            3.6920 eV
Energy SPIN:                        -0.0000205727 H           -0.0006 eV
Energy Fock:                        -0.2095646164 H           -5.7025 eV
Total Electronic energy:            -6.6130857675 H         -179.9512 eV
Repulsive energy:                    0.2000562324 H            5.4438 eV

Excitation Energy:                   0.0000000000 H            0.0000 eV

Total energy:                       -6.4131962142 H         -174.5119 eV

SCC converged

Total Forces
    1      0.000510737381      0.001251281137     -0.047251658218
    2      0.000615078651     -0.004216403570      0.039395076303
    3     -0.010427388562     -0.003151962804      0.004312900273
    4     -0.011608230190      0.002785894312     -0.000004023645
    5      0.011097906205     -0.000022631829     -0.001673551020
    6      0.009811896515      0.003353822754      0.005221256308

Maximal derivative component:        0.472517E-01 au


