 KPT            1  SPIN            1  KWEIGHT    1.0000000000000000     
     1   -29.899  2.00000
     2   -27.346  2.00000
     3   -25.663  2.00000
     4   -23.502  2.00000
     5   -21.761  2.00000
     6   -20.380  2.00000
     7   -19.788  2.00000
     8   -18.707  2.00000
     9   -18.250  2.00000
    10   -17.617  2.00000
    11   -17.414  2.00000
    12   -16.948  2.00000
    13   -16.229  2.00000
    14   -15.552  2.00000
    15   -14.998  2.00000
    16   -14.155  1.50000
    17   -10.182  0.50000
    18    -4.487  0.00000
    19    -2.817  0.00000
    20     6.077  0.00000
    21     8.945  0.00000
    22    10.888  0.00000
    23    14.774  0.00000
    24    15.457  0.00000
    25    17.249  0.00000
    26    19.703  0.00000
    27    20.902  0.00000
    28    22.954  0.00000
    29    26.996  0.00000
    30    27.503  0.00000
    31    31.540  0.00000
    32    33.955  0.00000

