REKS do not use any electronic distribution function

Calculation with static geometry

********************************************************************************************
  iSCC       reks energy        Diff energy         x_a       SCC error   
   38       -6.2840645834      -0.0000000000     0.999979    0.00000088
********************************************************************************************

 SA-REKS optimizes the avergaed state, not individual states
 These charges do not mean the charges for individual states
 Similarly to this, the values in band.out file indicate
 the band energies and occupations for the averaged state
 If you want to compute the relaxed density,
 please, set 'RelaxedDensity = Yes' option

 Total charge:     1.00000000

 Atomic gross charges (e)
 Atom           Charge
    1       0.09414032
    2      -0.09610913
    3       0.19254643
    4       0.30856019
    5       0.31051358
    6       0.19034862

Nr. of electrons (up):     12.00000000
Atom populations (up)
 Atom       Population
    1       3.90585968
    2       5.09610913
    3       0.80745357
    4       0.69143981
    5       0.68948642
    6       0.80965138

l-shell populations (up)
 Atom Sh.   l       Population
    1   1   0       1.17150224
    1   2   1       2.73435744
    2   1   0       1.37643976
    2   2   1       3.71966938
    3   1   0       0.80745357
    4   1   0       0.69143981
    5   1   0       0.68948642
    6   1   0       0.80965138

Orbital populations (up)
 Atom Sh.   l   m       Population  Label
    1   1   0   0       1.17150224  s
    1   2   1  -1       0.85331834  p_y
    1   2   1   0       0.89426197  p_z
    1   2   1   1       0.98677712  p_x
    2   1   0   0       1.37643976  s
    2   2   1  -1       1.09990011  p_y
    2   2   1   0       1.12652614  p_z
    2   2   1   1       1.49324312  p_x
    3   1   0   0       0.80745357  s
    4   1   0   0       0.69143981  s
    5   1   0   0       0.68948642  s
    6   1   0   0       0.80965138  s

Input / Output electrons (q):     12.0000000000

Energy H0:                          -6.5472291806 H         -178.1592 eV
Energy SCC:                          0.1364672337 H            3.7135 eV
Energy SPIN:                        -0.0000123927 H           -0.0003 eV
Energy Fock:                        -0.2087441649 H           -5.6802 eV
Total Electronic energy:            -6.6195185046 H         -180.1263 eV
Repulsive energy:                    0.2016633724 H            5.4875 eV

Excitation Energy:                   0.0000000000 H            0.0000 eV

Total energy:                       -6.4178611446 H         -174.6389 eV

SCC converged

Total Forces
    1      0.004221333093      0.001392165516     -0.028289448243
    2     -0.012434780642     -0.001764153407      0.026429026672
    3     -0.001763855406      0.002886327651      0.000295028578
    4      0.001405546918      0.000170889023      0.004531857400
    5      0.006549086708     -0.000540847001      0.000096693343
    6      0.002022669329     -0.002144381783     -0.003063157748

Maximal derivative component:        0.282894E-01 au


