REKS do not use any electronic distribution function

Calculation with static geometry

********************************************************************************************
  iSCC       reks energy        Diff energy         x_a       SCC error   
   54       -6.2848783286      -0.0000000000     0.999959    0.00000082
********************************************************************************************

 SA-REKS optimizes the avergaed state, not individual states
 These charges do not mean the charges for individual states
 Similarly to this, the values in band.out file indicate
 the band energies and occupations for the averaged state
 If you want to compute the relaxed density,
 please, set 'RelaxedDensity = Yes' option

 Total charge:     1.00000000

 Atomic gross charges (e)
 Atom           Charge
    1       0.11001000
    2      -0.10961251
    3       0.19162449
    4       0.31136401
    5       0.31068690
    6       0.18592711

Nr. of electrons (up):     12.00000000
Atom populations (up)
 Atom       Population
    1       3.88999000
    2       5.10961251
    3       0.80837551
    4       0.68863599
    5       0.68931310
    6       0.81407289

l-shell populations (up)
 Atom Sh.   l       Population
    1   1   0       1.17997721
    1   2   1       2.71001279
    2   1   0       1.38200005
    2   2   1       3.72761246
    3   1   0       0.80837551
    4   1   0       0.68863599
    5   1   0       0.68931310
    6   1   0       0.81407289

Orbital populations (up)
 Atom Sh.   l   m       Population  Label
    1   1   0   0       1.17997721  s
    1   2   1  -1       0.96051403  p_y
    1   2   1   0       0.89575366  p_z
    1   2   1   1       0.85374509  p_x
    2   1   0   0       1.38200005  s
    2   2   1  -1       1.51078920  p_y
    2   2   1   0       1.12375759  p_z
    2   2   1   1       1.09306567  p_x
    3   1   0   0       0.80837551  s
    4   1   0   0       0.68863599  s
    5   1   0   0       0.68931310  s
    6   1   0   0       0.81407289  s

Input / Output electrons (q):     12.0000000000

Energy H0:                          -6.5248979590 H         -177.5515 eV
Energy SCC:                          0.1348554541 H            3.6696 eV
Energy SPIN:                        -0.0000228262 H           -0.0006 eV
Energy Fock:                        -0.2088335214 H           -5.6826 eV
Total Electronic energy:            -6.5988988525 H         -179.5652 eV
Repulsive energy:                    0.1865812457 H            5.0771 eV

Excitation Energy:                   0.0000000000 H            0.0000 eV

Total energy:                       -6.4125117561 H         -174.4933 eV

SCC converged

Total Forces
    1     -0.009573554383     -0.001690873272     -0.007760286266
    2     -0.005263877306      0.009036526561      0.012453000453
    3     -0.000307364214      0.010130215060      0.002962216353
    4      0.003368294525     -0.014650665330      0.001360234993
    5      0.008080135633      0.007930311300     -0.000370140343
    6      0.003696365746     -0.010755514320     -0.008645025189

Maximal derivative component:        0.146507E-01 au


