REKS do not use any electronic distribution function

Calculation with static geometry

********************************************************************************************
  iSCC       reks energy        Diff energy         x_a       SCC error   
   27       -6.1435662190      -0.0000000000     0.999997    0.00000096
********************************************************************************************

 SA-REKS optimizes the avergaed state, not individual states
 These charges do not mean the charges for individual states
 Similarly to this, the values in band.out file indicate
 the band energies and occupations for the averaged state
 If you want to compute the relaxed density,
 please, set 'RelaxedDensity = Yes' option

 Total charge:     1.00000000

 Atomic gross charges (e)
 Atom           Charge
    1       0.01364799
    2      -0.06438965
    3       0.20749812
    4       0.32389286
    5       0.32485815
    6       0.19449253

Nr. of electrons (up):     12.00000000
Atom populations (up)
 Atom       Population
    1       3.98635201
    2       5.06438965
    3       0.79250188
    4       0.67610714
    5       0.67514185
    6       0.80550747

l-shell populations (up)
 Atom Sh.   l       Population
    1   1   0       1.19836935
    1   2   1       2.78798266
    2   1   0       1.36920389
    2   2   1       3.69518576
    3   1   0       0.79250188
    4   1   0       0.67610714
    5   1   0       0.67514185
    6   1   0       0.80550747

Orbital populations (up)
 Atom Sh.   l   m       Population  Label
    1   1   0   0       1.19836935  s
    1   2   1  -1       0.98547629  p_y
    1   2   1   0       0.98791609  p_z
    1   2   1   1       0.81459028  p_x
    2   1   0   0       1.36920389  s
    2   2   1  -1       1.37929960  p_y
    2   2   1   0       1.20191230  p_z
    2   2   1   1       1.11397386  p_x
    3   1   0   0       0.79250188  s
    4   1   0   0       0.67610714  s
    5   1   0   0       0.67514185  s
    6   1   0   0       0.80550747  s

Input / Output electrons (q):     12.0000000000

Energy H0:                          -6.4802463175 H         -176.3365 eV
Energy SCC:                          0.1398366894 H            3.8051 eV
Energy SPIN:                        -0.0000021939 H           -0.0001 eV
Energy Fock:                        -0.2405366552 H           -6.5453 eV
Total Electronic energy:            -6.5809484772 H         -179.0767 eV
Repulsive energy:                    0.2868469469 H            7.8055 eV

Excitation Energy:                   0.0000000000 H            0.0000 eV

Total energy:                       -6.2941406100 H         -171.2723 eV

SCC converged

Total Forces
    1     -0.076027835091     -0.005344958609     -0.425519979018
    2      0.009446174501     -0.006846713637      0.428923823134
    3     -0.044871957205     -0.036084410046     -0.006125308503
    4     -0.024753370498     -0.006717428630      0.041915856184
    5      0.056363898994      0.029701184676     -0.005859356511
    6      0.079843089299      0.025292326245     -0.033335035285

Maximal derivative component:        0.428924E+00 au


