REKS do not use any electronic distribution function

Calculation with static geometry

********************************************************************************************
  iSCC       reks energy        Diff energy         x_a       SCC error   
   69      -16.4250781668      -0.0000000000     0.999945    0.00000091
********************************************************************************************

 SA-REKS optimizes the avergaed state, not individual states
 These charges do not mean the charges for individual states
 Similarly to this, the values in band.out file indicate
 the band energies and occupations for the averaged state
 If you want to compute the relaxed density,
 please, set 'RelaxedDensity = Yes' option

 Total charge:     1.00000000

 Atomic gross charges (e)
 Atom           Charge
    1      -0.01067801
    2      -0.03287680
    3       0.11063010
    4       0.11148665
    5       0.09283562
    6       0.06897919
    7      -0.12968779
    8       0.11039791
    9       0.10267207
   10       0.20137788
   11       0.08544197
   12      -0.20253390
   13       0.23488663
   14       0.25706849

Nr. of electrons (up):     32.00000000
Atom populations (up)
 Atom       Population
    1       4.01067801
    2       4.03287680
    3       0.88936990
    4       0.88851335
    5       0.90716438
    6       3.93102081
    7       4.12968779
    8       0.88960209
    9       0.89732793
   10       3.79862212
   11       0.91455803
   12       5.20253390
   13       0.76511337
   14       0.74293151

l-shell populations (up)
 Atom Sh.   l       Population
    1   1   0       1.20257379
    1   2   1       2.80810422
    2   1   0       1.17124317
    2   2   1       2.86163362
    3   1   0       0.88936990
    4   1   0       0.88851335
    5   1   0       0.90716438
    6   1   0       1.18825799
    6   2   1       2.74276283
    7   1   0       1.17741126
    7   2   1       2.95227653
    8   1   0       0.88960209
    9   1   0       0.89732793
   10   1   0       1.13954117
   10   2   1       2.65908095
   11   1   0       0.91455803
   12   1   0       1.38071886
   12   2   1       3.82181504
   13   1   0       0.76511337
   14   1   0       0.74293151

Orbital populations (up)
 Atom Sh.   l   m       Population  Label
    1   1   0   0       1.20257379  s
    1   2   1  -1       0.85836177  p_y
    1   2   1   0       0.97788329  p_z
    1   2   1   1       0.97185916  p_x
    2   1   0   0       1.17124317  s
    2   2   1  -1       0.95863409  p_y
    2   2   1   0       0.97232354  p_z
    2   2   1   1       0.93067600  p_x
    3   1   0   0       0.88936990  s
    4   1   0   0       0.88851335  s
    5   1   0   0       0.90716438  s
    6   1   0   0       1.18825799  s
    6   2   1  -1       0.84873853  p_y
    6   2   1   0       0.95448335  p_z
    6   2   1   1       0.93954095  p_x
    7   1   0   0       1.17741126  s
    7   2   1  -1       0.97554091  p_y
    7   2   1   0       1.02048257  p_z
    7   2   1   1       0.95625304  p_x
    8   1   0   0       0.88960209  s
    9   1   0   0       0.89732793  s
   10   1   0   0       1.13954117  s
   10   2   1  -1       0.89943460  p_y
   10   2   1   0       0.92542549  p_z
   10   2   1   1       0.83422085  p_x
   11   1   0   0       0.91455803  s
   12   1   0   0       1.38071886  s
   12   2   1  -1       1.27594680  p_y
   12   2   1   0       1.24688446  p_z
   12   2   1   1       1.29898379  p_x
   13   1   0   0       0.76511337  s
   14   1   0   0       0.74293151  s

Input / Output electrons (q):     32.0000000000

Energy H0:                         -16.3865746036 H         -445.9014 eV
Energy SCC:                          0.0955700952 H            2.6006 eV
Energy SPIN:                        -0.0000106779 H           -0.0003 eV
Energy Fock:                        -0.6627290730 H          -18.0338 eV
Total Electronic energy:           -16.9537442592 H         -461.3349 eV
Repulsive energy:                    0.4622135579 H           12.5775 eV

Excitation Energy:                   0.0000000000 H            0.0000 eV

Total energy:                      -16.4932302935 H         -448.8036 eV

SCC converged

Total Forces
    1     -0.066307220698     -0.028110981789     -0.023493516167
    2      0.063242477849      0.012419634587      0.020199036080
    3      0.008867039450     -0.005189406430      0.016779257903
    4     -0.011629218005      0.003571085159     -0.004468177749
    5     -0.022906810534     -0.008670093313     -0.029820977445
    6     -0.001685574756      0.019873488791      0.032878732834
    7     -0.003105573166      0.044985174170     -0.015796714061
    8      0.015131621474     -0.011463373686     -0.007756933333
    9      0.024745742133     -0.014697158926      0.014345415300
   10      0.027781195912     -0.017783331022     -0.019716849883
   11     -0.022297706203      0.007820662941      0.025222456280
   12     -0.036917735544      0.008835321994      0.027805100887
   13      0.023661101242      0.016577639146      0.003951878007
   14      0.001420660846     -0.028168661621     -0.040128708651

Maximal derivative component:        0.663072E-01 au


