 Fermi distribution function

Calculation with static geometry


********************************************************************************
 iSCC Total electronic   Diff electronic      SCC error    
   10   -0.54232787E+01   -0.11013412E-12    0.10869948E-06
********************************************************************************

 Total charge:     1.00000000

 Atomic gross charges (e)
 Atom           Charge
    1       0.18418379
    2      -0.06900022
    3       0.17380862
    4       0.27022677
    5       0.28744874
    6       0.15333229

Nr. of electrons (up):     12.00000000
Atom populations (up)
 Atom       Population
    1       3.81581621
    2       5.06900022
    3       0.82619138
    4       0.72977323
    5       0.71255126
    6       0.84666771

l-shell populations (up)
 Atom Sh.   l       Population
    1   1   0       1.30336221
    1   2   1       2.51245400
    2   1   0       1.41771297
    2   2   1       3.65128724
    3   1   0       0.82619138
    4   1   0       0.72977323
    5   1   0       0.71255126
    6   1   0       0.84666771

Orbital populations (up)
 Atom Sh.   l   m       Population  Label
    1   1   0   0       1.30336221  s
    1   2   1  -1       0.60919763  p_y
    1   2   1   0       0.88609416  p_z
    1   2   1   1       1.01716221  p_x
    2   1   0   0       1.41771297  s
    2   2   1  -1       1.35326486  p_y
    2   2   1   0       1.11765976  p_z
    2   2   1   1       1.18036263  p_x
    3   1   0   0       0.82619138  s
    4   1   0   0       0.72977323  s
    5   1   0   0       0.71255126  s
    6   1   0   0       0.84666771  s

Fermi level:                        -0.4885768208 H          -13.2949 eV
Band energy:                        -8.9389925293 H         -243.2424 eV
TS:                                  0.0000000000 H            0.0000 eV
Band free energy (E-TS):            -8.9389925293 H         -243.2424 eV
Extrapolated E(0K):                 -8.9389925293 H         -243.2424 eV
Input / Output electrons (q):     12.0000000000     12.0000000000

Energy H0:                          -5.5567150298 H         -151.2059 eV
Energy SCC:                          0.1334363247 H            3.6310 eV
Total Electronic energy:            -5.4232787051 H         -147.5749 eV
Repulsive energy:                    0.1931843452 H            5.2568 eV
Total energy:                       -5.2300943599 H         -142.3181 eV
Extrapolated to 0:                  -5.2300943599 H         -142.3181 eV
Total Mermin free energy:           -5.2300943599 H         -142.3181 eV
Force related energy:               -5.2300943599 H         -142.3181 eV

SCC converged

Excitation Energy:                   0.1481413374 H            4.0311 eV

Total Forces
    1      0.008095141336     -0.000624760144      0.000435936103
    2      0.004136749356     -0.004301953063     -0.021457375965
    3     -0.012770564995     -0.004564173215      0.005604723911
    4     -0.013275711891      0.009247997583      0.005009260130
    5      0.008320256677     -0.007214627352      0.005061131275
    6      0.005494129518      0.007457516192      0.005346324546

Maximal derivative component:        0.214574E-01 au


