 KPT            1  SPIN            1  KWEIGHT    1.0000000000000000     
     1   -29.534  2.00000
     2   -27.275  2.00000
     3   -25.372  2.00000
     4   -22.950  2.00000
     5   -21.126  2.00000
     6   -20.665  2.00000
     7   -19.216  2.00000
     8   -18.575  2.00000
     9   -17.683  2.00000
    10   -17.437  2.00000
    11   -16.869  2.00000
    12   -16.277  2.00000
    13   -15.855  2.00000
    14   -15.626  2.00000
    15   -14.954  2.00000
    16   -13.569  1.49989
    17   -10.086  0.50011
    18    -3.764  0.00000
    19    -1.860  0.00000
    20     6.347  0.00000
    21     8.061  0.00000
    22    10.876  0.00000
    23    12.142  0.00000
    24    14.370  0.00000
    25    14.570  0.00000
    26    16.627  0.00000
    27    17.254  0.00000
    28    20.967  0.00000
    29    27.419  0.00000
    30    28.238  0.00000
    31    31.703  0.00000
    32    35.453  0.00000

