REKS do not use any electronic distribution function

Calculation with static geometry

********************************************************************************************
  iSCC       reks energy        Diff energy         x_a       SCC error   
  255      -16.3844904211      -0.0000000000     0.999997    0.00000099
********************************************************************************************

 SA-REKS optimizes the avergaed state, not individual states
 These charges do not mean the charges for individual states
 Similarly to this, the values in band.out file indicate
 the band energies and occupations for the averaged state
 If you want to compute the relaxed density,
 please, set 'RelaxedDensity = Yes' option

 Total charge:     1.00000000

 Atomic gross charges (e)
 Atom           Charge
    1      -0.13936002
    2      -0.01512892
    3       0.14110978
    4       0.10755113
    5       0.15694474
    6       0.09488908
    7      -0.09483607
    8       0.10591427
    9       0.11558015
   10       0.16409745
   11       0.10452831
   12      -0.24225372
   13       0.28021235
   14       0.22075145

Nr. of electrons (up):     32.00000000
Atom populations (up)
 Atom       Population
    1       4.13936002
    2       4.01512892
    3       0.85889022
    4       0.89244887
    5       0.84305526
    6       3.90511092
    7       4.09483607
    8       0.89408573
    9       0.88441985
   10       3.83590255
   11       0.89547169
   12       5.24225372
   13       0.71978765
   14       0.77924855

l-shell populations (up)
 Atom Sh.   l       Population
    1   1   0       1.19185280
    1   2   1       2.94750722
    2   1   0       1.14223174
    2   2   1       2.87289718
    3   1   0       0.85889022
    4   1   0       0.89244887
    5   1   0       0.84305526
    6   1   0       1.14840016
    6   2   1       2.75671076
    7   1   0       1.18893702
    7   2   1       2.90589905
    8   1   0       0.89408573
    9   1   0       0.88441985
   10   1   0       1.15938737
   10   2   1       2.67651517
   11   1   0       0.89547169
   12   1   0       1.40225841
   12   2   1       3.83999531
   13   1   0       0.71978765
   14   1   0       0.77924855

Orbital populations (up)
 Atom Sh.   l   m       Population  Label
    1   1   0   0       1.19185280  s
    1   2   1  -1       1.00233371  p_y
    1   2   1   0       0.96898499  p_z
    1   2   1   1       0.97618852  p_x
    2   1   0   0       1.14223174  s
    2   2   1  -1       0.95931668  p_y
    2   2   1   0       1.00356858  p_z
    2   2   1   1       0.91001192  p_x
    3   1   0   0       0.85889022  s
    4   1   0   0       0.89244887  s
    5   1   0   0       0.84305526  s
    6   1   0   0       1.14840016  s
    6   2   1  -1       0.84460595  p_y
    6   2   1   0       0.93694436  p_z
    6   2   1   1       0.97516045  p_x
    7   1   0   0       1.18893702  s
    7   2   1  -1       0.99733364  p_y
    7   2   1   0       0.96973799  p_z
    7   2   1   1       0.93882743  p_x
    8   1   0   0       0.89408573  s
    9   1   0   0       0.88441985  s
   10   1   0   0       1.15938737  s
   10   2   1  -1       0.85989058  p_y
   10   2   1   0       0.92282856  p_z
   10   2   1   1       0.89379603  p_x
   11   1   0   0       0.89547169  s
   12   1   0   0       1.40225841  s
   12   2   1  -1       1.52606741  p_y
   12   2   1   0       1.13087141  p_z
   12   2   1   1       1.18305650  p_x
   13   1   0   0       0.71978765  s
   14   1   0   0       0.77924855  s

Input / Output electrons (q):     32.0000000000

Energy H0:                         -16.3370372578 H         -444.5534 eV
Energy SCC:                          0.1037995191 H            2.8245 eV
Energy SPIN:                        -0.0000009547 H           -0.0000 eV
Energy Fock:                        -0.6756541739 H          -18.3855 eV
Total Electronic energy:           -16.9088928673 H         -460.1144 eV
Repulsive energy:                    0.4462052988 H           12.1419 eV

Excitation Energy:                   0.0000000000 H            0.0000 eV

Total energy:                      -16.4630277890 H         -447.9818 eV

SCC converged

Total Forces
    1     -0.079909530702     -0.061299284979      0.038524665102
    2      0.018659069613     -0.074690948306     -0.028897720851
    3      0.018901403506      0.009201161331     -0.021301586458
    4     -0.006141823863      0.020620911249     -0.008470680435
    5     -0.029133386006      0.019639252742      0.007205950427
    6     -0.002519083893      0.038914904429     -0.017276203872
    7      0.111247688746      0.039012427169     -0.079508240345
    8      0.027636208335      0.000920630071      0.046851411562
    9     -0.020080507735     -0.000452658212      0.049559578946
   10      0.025324818731      0.015790187100      0.043868390706
   11     -0.010357012983     -0.005911853145     -0.020209025086
   12     -0.031417377580     -0.017871846360      0.024836282725
   13     -0.022410906402      0.016875266584     -0.036666633786
   14      0.000200440234     -0.000748149673      0.001483811364

Maximal derivative component:        0.111248E+00 au


