REKS do not use any electronic distribution function

Calculation with static geometry

********************************************************************************************
  iSCC       reks energy        Diff energy         x_a       SCC error   
   39       -6.2858937959      -0.0000000000     0.999972    0.00000096
********************************************************************************************

 SA-REKS optimizes the avergaed state, not individual states
 These charges do not mean the charges for individual states
 Similarly to this, the values in band.out file indicate
 the band energies and occupations for the averaged state
 If you want to compute the relaxed density,
 please, set 'RelaxedDensity = Yes' option

 Total charge:     1.00000000

 Atomic gross charges (e)
 Atom           Charge
    1       0.10695026
    2      -0.10347932
    3       0.18634832
    4       0.31132698
    5       0.30675580
    6       0.19209796

Nr. of electrons (up):     12.00000000
Atom populations (up)
 Atom       Population
    1       3.89304974
    2       5.10347932
    3       0.81365168
    4       0.68867302
    5       0.69324420
    6       0.80790204

l-shell populations (up)
 Atom Sh.   l       Population
    1   1   0       1.17423275
    1   2   1       2.71881699
    2   1   0       1.38225542
    2   2   1       3.72122390
    3   1   0       0.81365168
    4   1   0       0.68867302
    5   1   0       0.69324420
    6   1   0       0.80790204

Orbital populations (up)
 Atom Sh.   l   m       Population  Label
    1   1   0   0       1.17423275  s
    1   2   1  -1       0.86211282  p_y
    1   2   1   0       0.88498575  p_z
    1   2   1   1       0.97171842  p_x
    2   1   0   0       1.38225542  s
    2   2   1  -1       1.11158569  p_y
    2   2   1   0       1.11261176  p_z
    2   2   1   1       1.49702645  p_x
    3   1   0   0       0.81365168  s
    4   1   0   0       0.68867302  s
    5   1   0   0       0.69324420  s
    6   1   0   0       0.80790204  s

Input / Output electrons (q):     12.0000000000

Energy H0:                          -6.5278474116 H         -177.6318 eV
Energy SCC:                          0.1357284838 H            3.6934 eV
Energy SPIN:                        -0.0000162295 H           -0.0004 eV
Energy Fock:                        -0.2084418230 H           -5.6720 eV
Total Electronic energy:            -6.6005769802 H         -179.6108 eV
Repulsive energy:                    0.1857932316 H            5.0557 eV

Excitation Energy:                   0.0000000000 H            0.0000 eV

Total energy:                       -6.4147838995 H         -174.5552 eV

SCC converged

Total Forces
    1     -0.004013880016      0.008290898614     -0.016594553665
    2      0.023543350172     -0.007588730088      0.014496046932
    3     -0.000693789444     -0.000983626007      0.002039449124
    4     -0.009659080193      0.000213050601     -0.009686940137
    5     -0.008034549415      0.004114509825     -0.000152487918
    6     -0.001142051103     -0.004046102945      0.009898485663

Maximal derivative component:        0.235434E-01 au


