REKS do not use any electronic distribution function

Calculation with static geometry

********************************************************************************************
  iSCC       reks energy        Diff energy         x_a       SCC error   
   70       -6.2854427888      -0.0000000000     0.999926    0.00000089
********************************************************************************************

 SA-REKS optimizes the avergaed state, not individual states
 These charges do not mean the charges for individual states
 Similarly to this, the values in band.out file indicate
 the band energies and occupations for the averaged state
 If you want to compute the relaxed density,
 please, set 'RelaxedDensity = Yes' option

 Total charge:     1.00000000

 Atomic gross charges (e)
 Atom           Charge
    1       0.12534199
    2      -0.12512673
    3       0.18361825
    4       0.31599363
    5       0.31368444
    6       0.18648842

Nr. of electrons (up):     12.00000000
Atom populations (up)
 Atom       Population
    1       3.87465801
    2       5.12512673
    3       0.81638175
    4       0.68400637
    5       0.68631556
    6       0.81351158

l-shell populations (up)
 Atom Sh.   l       Population
    1   1   0       1.18608172
    1   2   1       2.68857629
    2   1   0       1.38748633
    2   2   1       3.73764040
    3   1   0       0.81638175
    4   1   0       0.68400637
    5   1   0       0.68631556
    6   1   0       0.81351158

Orbital populations (up)
 Atom Sh.   l   m       Population  Label
    1   1   0   0       1.18608172  s
    1   2   1  -1       0.85785315  p_y
    1   2   1   0       0.89501713  p_z
    1   2   1   1       0.93570602  p_x
    2   1   0   0       1.38748633  s
    2   2   1  -1       1.08511949  p_y
    2   2   1   0       1.13141521  p_z
    2   2   1   1       1.52110570  p_x
    3   1   0   0       0.81638175  s
    4   1   0   0       0.68400637  s
    5   1   0   0       0.68631556  s
    6   1   0   0       0.81351158  s

Input / Output electrons (q):     12.0000000000

Energy H0:                          -6.5122675853 H         -177.2078 eV
Energy SCC:                          0.1337305810 H            3.6390 eV
Energy SPIN:                        -0.0000389858 H           -0.0011 eV
Energy Fock:                        -0.2081415573 H           -5.6638 eV
Total Electronic energy:            -6.5867175474 H         -179.2337 eV
Repulsive energy:                    0.1786523443 H            4.8614 eV

Excitation Energy:                   0.0000000000 H            0.0000 eV

Total energy:                       -6.4086396170 H         -174.3880 eV

SCC converged

Total Forces
    1      0.001660156768     -0.002815197524      0.024666416629
    2     -0.001722182286      0.001332876125     -0.022233585457
    3     -0.014540887326      0.000060832090     -0.007927790725
    4     -0.015392776664     -0.004867585939      0.001746638080
    5      0.016348965226      0.003562411478      0.008448057459
    6      0.013646724283      0.002726663770     -0.004699735985

Maximal derivative component:        0.246664E-01 au


