REKS do not use any electronic distribution function

Calculation with static geometry

********************************************************************************************
  iSCC       reks energy        Diff energy         x_a       SCC error   
   68       -6.2844179580      -0.0000000000     0.999921    0.00000092
********************************************************************************************

 SA-REKS optimizes the avergaed state, not individual states
 These charges do not mean the charges for individual states
 Similarly to this, the values in band.out file indicate
 the band energies and occupations for the averaged state
 If you want to compute the relaxed density,
 please, set 'RelaxedDensity = Yes' option

 Total charge:     1.00000000

 Atomic gross charges (e)
 Atom           Charge
    1       0.12756529
    2      -0.12032243
    3       0.18258020
    4       0.31312180
    5       0.31359965
    6       0.18345549

Nr. of electrons (up):     12.00000000
Atom populations (up)
 Atom       Population
    1       3.87243471
    2       5.12032243
    3       0.81741980
    4       0.68687820
    5       0.68640035
    6       0.81654451

l-shell populations (up)
 Atom Sh.   l       Population
    1   1   0       1.18157713
    1   2   1       2.69085758
    2   1   0       1.38198731
    2   2   1       3.73833512
    3   1   0       0.81741980
    4   1   0       0.68687820
    5   1   0       0.68640035
    6   1   0       0.81654451

Orbital populations (up)
 Atom Sh.   l   m       Population  Label
    1   1   0   0       1.18157713  s
    1   2   1  -1       0.85924120  p_y
    1   2   1   0       0.89730442  p_z
    1   2   1   1       0.93431196  p_x
    2   1   0   0       1.38198731  s
    2   2   1  -1       1.08676758  p_y
    2   2   1   0       1.13187088  p_z
    2   2   1   1       1.51969666  p_x
    3   1   0   0       0.81741980  s
    4   1   0   0       0.68687820  s
    5   1   0   0       0.68640035  s
    6   1   0   0       0.81654451  s

Input / Output electrons (q):     12.0000000000

Energy H0:                          -6.5213265922 H         -177.4543 eV
Energy SCC:                          0.1339892524 H            3.6460 eV
Energy SPIN:                        -0.0000412451 H           -0.0011 eV
Energy Fock:                        -0.2088694486 H           -5.6836 eV
Total Electronic energy:            -6.5962480335 H         -179.4930 eV
Repulsive energy:                    0.1895971439 H            5.1592 eV

Excitation Energy:                   0.0000000000 H            0.0000 eV

Total energy:                       -6.4074049277 H         -174.3544 eV

SCC converged

Total Forces
    1      0.002536553448      0.001571917534      0.006031572805
    2     -0.004273203983      0.002007868383     -0.006793157088
    3     -0.015412604843      0.004790896488     -0.006957259650
    4     -0.015961562722     -0.001336176943      0.007486022792
    5      0.018465030635     -0.002357896284      0.005918518667
    6      0.014645787465     -0.004676609178     -0.005685697526

Maximal derivative component:        0.184650E-01 au


