REKS do not use any electronic distribution function

Calculation with static geometry

********************************************************************************************
  iSCC       reks energy        Diff energy         x_a       SCC error   
   75       -6.2854481360      -0.0000000000     0.999914    0.00000098
********************************************************************************************

 SA-REKS optimizes the avergaed state, not individual states
 These charges do not mean the charges for individual states
 Similarly to this, the values in band.out file indicate
 the band energies and occupations for the averaged state
 If you want to compute the relaxed density,
 please, set 'RelaxedDensity = Yes' option

 Total charge:     1.00000000

 Atomic gross charges (e)
 Atom           Charge
    1       0.13496668
    2      -0.12942519
    3       0.18124916
    4       0.31492265
    5       0.31605937
    6       0.18222732

Nr. of electrons (up):     12.00000000
Atom populations (up)
 Atom       Population
    1       3.86503332
    2       5.12942519
    3       0.81875084
    4       0.68507735
    5       0.68394063
    6       0.81777268

l-shell populations (up)
 Atom Sh.   l       Population
    1   1   0       1.18724486
    1   2   1       2.67778845
    2   1   0       1.39206946
    2   2   1       3.73735573
    3   1   0       0.81875084
    4   1   0       0.68507735
    5   1   0       0.68394063
    6   1   0       0.81777268

Orbital populations (up)
 Atom Sh.   l   m       Population  Label
    1   1   0   0       1.18724486  s
    1   2   1  -1       0.86294110  p_y
    1   2   1   0       0.89536548  p_z
    1   2   1   1       0.91948187  p_x
    2   1   0   0       1.39206946  s
    2   2   1  -1       1.08163330  p_y
    2   2   1   0       1.13769570  p_z
    2   2   1   1       1.51802674  p_x
    3   1   0   0       0.81875084  s
    4   1   0   0       0.68507735  s
    5   1   0   0       0.68394063  s
    6   1   0   0       0.81777268  s

Input / Output electrons (q):     12.0000000000

Energy H0:                          -6.5076905033 H         -177.0833 eV
Energy SCC:                          0.1337918988 H            3.6407 eV
Energy SPIN:                        -0.0000438850 H           -0.0012 eV
Energy Fock:                        -0.2082642893 H           -5.6672 eV
Total Electronic energy:            -6.5822067789 H         -179.1110 eV
Repulsive energy:                    0.1773643223 H            4.8263 eV

Excitation Energy:                   0.0000000000 H            0.0000 eV

Total energy:                       -6.4056750317 H         -174.3073 eV

SCC converged

Total Forces
    1     -0.008518977150     -0.004194131905      0.025478899151
    2      0.021147486443     -0.002099987207     -0.029882904158
    3     -0.014076675149     -0.003007458501     -0.007356400223
    4     -0.022827635211     -0.000600948471      0.009918989832
    5      0.009452230077      0.006928626046      0.004990506490
    6      0.014823570991      0.002973900037     -0.003149091092

Maximal derivative component:        0.298829E-01 au


