REKS do not use any electronic distribution function

Calculation with static geometry

********************************************************************************************
  iSCC       reks energy        Diff energy         x_a       SCC error   
   59       -6.2843281667      -0.0000000000     0.999938    0.00000098
********************************************************************************************

 SA-REKS optimizes the avergaed state, not individual states
 These charges do not mean the charges for individual states
 Similarly to this, the values in band.out file indicate
 the band energies and occupations for the averaged state
 If you want to compute the relaxed density,
 please, set 'RelaxedDensity = Yes' option

 Total charge:     1.00000000

 Atomic gross charges (e)
 Atom           Charge
    1       0.12022364
    2      -0.11148547
    3       0.18384398
    4       0.31173642
    5       0.31176030
    6       0.18392113

Nr. of electrons (up):     12.00000000
Atom populations (up)
 Atom       Population
    1       3.87977636
    2       5.11148547
    3       0.81615602
    4       0.68826358
    5       0.68823970
    6       0.81607887

l-shell populations (up)
 Atom Sh.   l       Population
    1   1   0       1.17674731
    1   2   1       2.70302905
    2   1   0       1.37827299
    2   2   1       3.73321249
    3   1   0       0.81615602
    4   1   0       0.68826358
    5   1   0       0.68823970
    6   1   0       0.81607887

Orbital populations (up)
 Atom Sh.   l   m       Population  Label
    1   1   0   0       1.17674731  s
    1   2   1  -1       0.86141109  p_y
    1   2   1   0       0.89547644  p_z
    1   2   1   1       0.94614152  p_x
    2   1   0   0       1.37827299  s
    2   2   1  -1       1.09528249  p_y
    2   2   1   0       1.12722359  p_z
    2   2   1   1       1.51070641  p_x
    3   1   0   0       0.81615602  s
    4   1   0   0       0.68826358  s
    5   1   0   0       0.68823970  s
    6   1   0   0       0.81607887  s

Input / Output electrons (q):     12.0000000000

Energy H0:                          -6.5282704182 H         -177.6433 eV
Energy SCC:                          0.1345470425 H            3.6612 eV
Energy SPIN:                        -0.0000333701 H           -0.0009 eV
Energy Fock:                        -0.2092729979 H           -5.6946 eV
Total Electronic energy:            -6.6030297437 H         -179.6776 eV
Repulsive energy:                    0.1941180644 H            5.2822 eV

Excitation Energy:                   0.0000000000 H            0.0000 eV

Total energy:                       -6.4094124962 H         -174.4090 eV

SCC converged

Total Forces
    1     -0.002568805403      0.003809539200     -0.017697503235
    2      0.003746591845     -0.003280116578      0.014266291866
    3     -0.013525430789     -0.003984775977     -0.002826493825
    4     -0.016851597118      0.001313799761      0.004111795322
    5      0.014505366762     -0.000122881761      0.003858397669
    6      0.014693874703      0.002264435356     -0.001712487796

Maximal derivative component:        0.176975E-01 au


