REKS do not use any electronic distribution function

Calculation with static geometry

********************************************************************************************
  iSCC       reks energy        Diff energy         x_a       SCC error   
   45       -6.2870009856      -0.0000000000     0.999974    0.00000086
********************************************************************************************

 SA-REKS optimizes the avergaed state, not individual states
 These charges do not mean the charges for individual states
 Similarly to this, the values in band.out file indicate
 the band energies and occupations for the averaged state
 If you want to compute the relaxed density,
 please, set 'RelaxedDensity = Yes' option

 Total charge:     1.00000000

 Atomic gross charges (e)
 Atom           Charge
    1       0.10283375
    2      -0.10427193
    3       0.18978498
    4       0.31083198
    5       0.30820059
    6       0.19262062

Nr. of electrons (up):     12.00000000
Atom populations (up)
 Atom       Population
    1       3.89716625
    2       5.10427193
    3       0.81021502
    4       0.68916802
    5       0.69179941
    6       0.80737938

l-shell populations (up)
 Atom Sh.   l       Population
    1   1   0       1.17527954
    1   2   1       2.72188671
    2   1   0       1.38109011
    2   2   1       3.72318182
    3   1   0       0.81021502
    4   1   0       0.68916802
    5   1   0       0.69179941
    6   1   0       0.80737938

Orbital populations (up)
 Atom Sh.   l   m       Population  Label
    1   1   0   0       1.17527954  s
    1   2   1  -1       0.85394619  p_y
    1   2   1   0       0.88797159  p_z
    1   2   1   1       0.97996893  p_x
    2   1   0   0       1.38109011  s
    2   2   1  -1       1.09807227  p_y
    2   2   1   0       1.11412929  p_z
    2   2   1   1       1.51098026  p_x
    3   1   0   0       0.81021502  s
    4   1   0   0       0.68916802  s
    5   1   0   0       0.69179941  s
    6   1   0   0       0.80737938  s

Input / Output electrons (q):     12.0000000000

Energy H0:                          -6.5343649633 H         -177.8091 eV
Energy SCC:                          0.1356380751 H            3.6909 eV
Energy SPIN:                        -0.0000149273 H           -0.0004 eV
Energy Fock:                        -0.2075744001 H           -5.6484 eV
Total Electronic energy:            -6.6063162156 H         -179.7670 eV
Repulsive energy:                    0.1883403737 H            5.1250 eV

Excitation Energy:                   0.0000000000 H            0.0000 eV

Total energy:                       -6.4179800776 H         -174.6421 eV

SCC converged

Total Forces
    1     -0.002368920011     -0.003934530659      0.000061054930
    2      0.013137644513      0.003855691622      0.005358754370
    3      0.001538446981     -0.001363103608     -0.002157637640
    4     -0.002804548294     -0.000042423919     -0.005736960676
    5     -0.006813584467     -0.001977379271     -0.000290295364
    6     -0.002689038721      0.003461745835      0.002765084380

Maximal derivative component:        0.131376E-01 au


