REKS do not use any electronic distribution function

Calculation with static geometry

********************************************************************************************
  iSCC       reks energy        Diff energy         x_a       SCC error   
   76       -6.2855060140      -0.0000000000     0.999913    0.00000092
********************************************************************************************

 SA-REKS optimizes the avergaed state, not individual states
 These charges do not mean the charges for individual states
 Similarly to this, the values in band.out file indicate
 the band energies and occupations for the averaged state
 If you want to compute the relaxed density,
 please, set 'RelaxedDensity = Yes' option

 Total charge:     1.00000000

 Atomic gross charges (e)
 Atom           Charge
    1       0.13513040
    2      -0.12975606
    3       0.18217970
    4       0.31605954
    5       0.31503563
    6       0.18135079

Nr. of electrons (up):     12.00000000
Atom populations (up)
 Atom       Population
    1       3.86486960
    2       5.12975606
    3       0.81782030
    4       0.68394046
    5       0.68496437
    6       0.81864921

l-shell populations (up)
 Atom Sh.   l       Population
    1   1   0       1.18747949
    1   2   1       2.67739012
    2   1   0       1.39211651
    2   2   1       3.73763955
    3   1   0       0.81782030
    4   1   0       0.68394046
    5   1   0       0.68496437
    6   1   0       0.81864921

Orbital populations (up)
 Atom Sh.   l   m       Population  Label
    1   1   0   0       1.18747949  s
    1   2   1  -1       0.86260212  p_y
    1   2   1   0       0.89538593  p_z
    1   2   1   1       0.91940206  p_x
    2   1   0   0       1.39211651  s
    2   2   1  -1       1.08328643  p_y
    2   2   1   0       1.13686668  p_z
    2   2   1   1       1.51748644  p_x
    3   1   0   0       0.81782030  s
    4   1   0   0       0.68394046  s
    5   1   0   0       0.68496437  s
    6   1   0   0       0.81864921  s

Input / Output electrons (q):     12.0000000000

Energy H0:                          -6.5073523280 H         -177.0741 eV
Energy SCC:                          0.1337673760 H            3.6400 eV
Energy SPIN:                        -0.0000441855 H           -0.0012 eV
Energy Fock:                        -0.2082119019 H           -5.6657 eV
Total Electronic energy:            -6.5818410394 H         -179.1010 eV
Repulsive energy:                    0.1769601337 H            4.8153 eV

Excitation Energy:                   0.0000000000 H            0.0000 eV

Total energy:                       -6.4057162569 H         -174.3084 eV

SCC converged

Total Forces
    1      0.008012640555      0.000862150504      0.027000329938
    2     -0.020562548725      0.004098197290     -0.031145832434
    3     -0.014789127882     -0.002171977736     -0.003476735707
    4     -0.009672806441     -0.006720409768      0.004430899966
    5      0.022772993758      0.000045551442      0.010058600424
    6      0.014238848735      0.003886488268     -0.006867262187

Maximal derivative component:        0.311458E-01 au


