REKS do not use any electronic distribution function

Calculation with static geometry

********************************************************************************************
  iSCC       reks energy        Diff energy         x_a       SCC error   
   45       -6.2881536240      -0.0000000000     0.999973    0.00000099
********************************************************************************************

 SA-REKS optimizes the avergaed state, not individual states
 These charges do not mean the charges for individual states
 Similarly to this, the values in band.out file indicate
 the band energies and occupations for the averaged state
 If you want to compute the relaxed density,
 please, set 'RelaxedDensity = Yes' option

 Total charge:     1.00000000

 Atomic gross charges (e)
 Atom           Charge
    1       0.10277278
    2      -0.10444222
    3       0.19063784
    4       0.31034762
    5       0.30899411
    6       0.19168987

Nr. of electrons (up):     12.00000000
Atom populations (up)
 Atom       Population
    1       3.89722722
    2       5.10444222
    3       0.80936216
    4       0.68965238
    5       0.69100589
    6       0.80831013

l-shell populations (up)
 Atom Sh.   l       Population
    1   1   0       1.17526748
    1   2   1       2.72195974
    2   1   0       1.38055546
    2   2   1       3.72388675
    3   1   0       0.80936216
    4   1   0       0.68965238
    5   1   0       0.69100589
    6   1   0       0.80831013

Orbital populations (up)
 Atom Sh.   l   m       Population  Label
    1   1   0   0       1.17526748  s
    1   2   1  -1       0.85499540  p_y
    1   2   1   0       0.88226877  p_z
    1   2   1   1       0.98469557  p_x
    2   1   0   0       1.38055546  s
    2   2   1  -1       1.09840656  p_y
    2   2   1   0       1.11217859  p_z
    2   2   1   1       1.51330161  p_x
    3   1   0   0       0.80936216  s
    4   1   0   0       0.68965238  s
    5   1   0   0       0.69100589  s
    6   1   0   0       0.80831013  s

Input / Output electrons (q):     12.0000000000

Energy H0:                          -6.5321023618 H         -177.7475 eV
Energy SCC:                          0.1355246959 H            3.6878 eV
Energy SPIN:                        -0.0000154061 H           -0.0004 eV
Energy Fock:                        -0.2071620223 H           -5.6372 eV
Total Electronic energy:            -6.6037550942 H         -179.6973 eV
Repulsive energy:                    0.1847293274 H            5.0267 eV

Excitation Energy:                   0.0000000000 H            0.0000 eV

Total energy:                       -6.4190272240 H         -174.6706 eV

SCC converged

Total Forces
    1     -0.001151876089     -0.002811655265      0.004169235368
    2      0.001624857899      0.004165527077     -0.003263839289
    3     -0.000672953274     -0.002396985512      0.002107847272
    4     -0.001788055640     -0.001059437241     -0.005255144364
    5      0.000801990210     -0.001407564902     -0.001983802732
    6      0.001186036893      0.003510115843      0.004225703745

Maximal derivative component:        0.525514E-02 au


