REKS do not use any electronic distribution function

Calculation with static geometry

********************************************************************************************
  iSCC       reks energy        Diff energy         x_a       SCC error   
   33       -6.2826999895      -0.0000000000     0.999978    0.00000100
********************************************************************************************

 SA-REKS optimizes the avergaed state, not individual states
 These charges do not mean the charges for individual states
 Similarly to this, the values in band.out file indicate
 the band energies and occupations for the averaged state
 If you want to compute the relaxed density,
 please, set 'RelaxedDensity = Yes' option

 Total charge:     1.00000000

 Atomic gross charges (e)
 Atom           Charge
    1       0.09974351
    2      -0.09742118
    3       0.18646969
    4       0.30970286
    5       0.30749581
    6       0.19400931

Nr. of electrons (up):     12.00000000
Atom populations (up)
 Atom       Population
    1       3.90025649
    2       5.09742118
    3       0.81353031
    4       0.69029714
    5       0.69250419
    6       0.80599069

l-shell populations (up)
 Atom Sh.   l       Population
    1   1   0       1.17138529
    1   2   1       2.72887121
    2   1   0       1.37941011
    2   2   1       3.71801106
    3   1   0       0.81353031
    4   1   0       0.69029714
    5   1   0       0.69250419
    6   1   0       0.80599069

Orbital populations (up)
 Atom Sh.   l   m       Population  Label
    1   1   0   0       1.17138529  s
    1   2   1  -1       0.85598655  p_y
    1   2   1   0       0.89178854  p_z
    1   2   1   1       0.98109612  p_x
    2   1   0   0       1.37941011  s
    2   2   1  -1       1.10307411  p_y
    2   2   1   0       1.11825402  p_z
    2   2   1   1       1.49668294  p_x
    3   1   0   0       0.81353031  s
    4   1   0   0       0.69029714  s
    5   1   0   0       0.69250419  s
    6   1   0   0       0.80599069  s

Input / Output electrons (q):     12.0000000000

Energy H0:                          -6.5358508951 H         -177.8496 eV
Energy SCC:                          0.1360306947 H            3.7016 eV
Energy SPIN:                        -0.0000128656 H           -0.0004 eV
Energy Fock:                        -0.2095415010 H           -5.7019 eV
Total Electronic energy:            -6.6093745669 H         -179.8502 eV
Repulsive energy:                    0.1952512145 H            5.3131 eV

Excitation Energy:                   0.0000000000 H            0.0000 eV

Total energy:                       -6.4141277281 H         -174.5373 eV

SCC converged

Total Forces
    1     -0.007010012447     -0.009768202858     -0.037376552149
    2      0.026146642401     -0.006038381755      0.046621804501
    3     -0.001551551274      0.002555568586     -0.005531818751
    4     -0.011148529517      0.004620910597     -0.006056184425
    5     -0.008521825755      0.006238119181     -0.005284856576
    6      0.002085276592      0.002391986249      0.007627607399

Maximal derivative component:        0.466218E-01 au


