REKS do not use any electronic distribution function

Calculation with static geometry

********************************************************************************************
  iSCC       reks energy        Diff energy         x_a       SCC error   
   48       -6.2867264438      -0.0000000000     0.999961    0.00000095
********************************************************************************************

 SA-REKS optimizes the avergaed state, not individual states
 These charges do not mean the charges for individual states
 Similarly to this, the values in band.out file indicate
 the band energies and occupations for the averaged state
 If you want to compute the relaxed density,
 please, set 'RelaxedDensity = Yes' option

 Total charge:     1.00000000

 Atomic gross charges (e)
 Atom           Charge
    1       0.11528727
    2      -0.11074257
    3       0.18493426
    4       0.31076039
    5       0.30872540
    6       0.19103526

Nr. of electrons (up):     12.00000000
Atom populations (up)
 Atom       Population
    1       3.88471273
    2       5.11074257
    3       0.81506574
    4       0.68923961
    5       0.69127460
    6       0.80896474

l-shell populations (up)
 Atom Sh.   l       Population
    1   1   0       1.18095916
    1   2   1       2.70375357
    2   1   0       1.38799671
    2   2   1       3.72274586
    3   1   0       0.81506574
    4   1   0       0.68923961
    5   1   0       0.69127460
    6   1   0       0.80896474

Orbital populations (up)
 Atom Sh.   l   m       Population  Label
    1   1   0   0       1.18095916  s
    1   2   1  -1       0.85926145  p_y
    1   2   1   0       0.88700013  p_z
    1   2   1   1       0.95749199  p_x
    2   1   0   0       1.38799671  s
    2   2   1  -1       1.09982753  p_y
    2   2   1   0       1.12022674  p_z
    2   2   1   1       1.50269159  p_x
    3   1   0   0       0.81506574  s
    4   1   0   0       0.68923961  s
    5   1   0   0       0.69127460  s
    6   1   0   0       0.80896474  s

Input / Output electrons (q):     12.0000000000

Energy H0:                          -6.5179694901 H         -177.3630 eV
Energy SCC:                          0.1353704355 H            3.6836 eV
Energy SPIN:                        -0.0000216174 H           -0.0006 eV
Energy Fock:                        -0.2082887597 H           -5.6678 eV
Total Electronic energy:            -6.5909094316 H         -179.3478 eV
Repulsive energy:                    0.1788205553 H            4.8660 eV

Excitation Energy:                   0.0000000000 H            0.0000 eV

Total energy:                       -6.4121358951 H         -174.4831 eV

SCC converged

Total Forces
    1     -0.006858918120      0.014245826569     -0.005116275787
    2      0.029776335074     -0.007969855531     -0.005175108899
    3     -0.005728548646     -0.004036927926      0.000863203896
    4     -0.016568890971     -0.001336361894     -0.002059760295
    5     -0.005004080659      0.001854850201      0.000627013274
    6      0.004384103321     -0.002757531419      0.010860927811

Maximal derivative component:        0.297763E-01 au


