REKS do not use any electronic distribution function

Calculation with static geometry

********************************************************************************************
  iSCC       reks energy        Diff energy         x_a       SCC error   
   47       -6.2832227181      -0.0000000000     0.999966    0.00000100
********************************************************************************************

 SA-REKS optimizes the avergaed state, not individual states
 These charges do not mean the charges for individual states
 Similarly to this, the values in band.out file indicate
 the band energies and occupations for the averaged state
 If you want to compute the relaxed density,
 please, set 'RelaxedDensity = Yes' option

 Total charge:     1.00000000

 Atomic gross charges (e)
 Atom           Charge
    1       0.10801293
    2      -0.10297435
    3       0.18406171
    4       0.30977098
    5       0.30818416
    6       0.19294457

Nr. of electrons (up):     12.00000000
Atom populations (up)
 Atom       Population
    1       3.89198707
    2       5.10297435
    3       0.81593829
    4       0.69022902
    5       0.69181584
    6       0.80705543

l-shell populations (up)
 Atom Sh.   l       Population
    1   1   0       1.17596644
    1   2   1       2.71602063
    2   1   0       1.38020435
    2   2   1       3.72277000
    3   1   0       0.81593829
    4   1   0       0.69022902
    5   1   0       0.69181584
    6   1   0       0.80705543

Orbital populations (up)
 Atom Sh.   l   m       Population  Label
    1   1   0   0       1.17596644  s
    1   2   1  -1       0.85551628  p_y
    1   2   1   0       0.89329889  p_z
    1   2   1   1       0.96720546  p_x
    2   1   0   0       1.38020435  s
    2   2   1  -1       1.09737426  p_y
    2   2   1   0       1.12453768  p_z
    2   2   1   1       1.50085806  p_x
    3   1   0   0       0.81593829  s
    4   1   0   0       0.69022902  s
    5   1   0   0       0.69181584  s
    6   1   0   0       0.80705543  s

Input / Output electrons (q):     12.0000000000

Energy H0:                          -6.5294288377 H         -177.6748 eV
Energy SCC:                          0.1355153145 H            3.6876 eV
Energy SPIN:                        -0.0000189292 H           -0.0005 eV
Energy Fock:                        -0.2095397680 H           -5.7019 eV
Total Electronic energy:            -6.6034722204 H         -179.6896 eV
Repulsive energy:                    0.1921693794 H            5.2292 eV

Excitation Energy:                   0.0000000000 H            0.0000 eV

Total energy:                       -6.4114172648 H         -174.4635 eV

SCC converged

Total Forces
    1     -0.004323063834     -0.013237624106     -0.029064407580
    2      0.021497251831     -0.006490064163      0.029276819565
    3     -0.009296843542      0.004581680583     -0.007303293354
    4     -0.016049741837      0.007779967402      0.000981334228
    5      0.000301943452      0.006295568162     -0.001935993000
    6      0.007870453930      0.001070472123      0.008045540141

Maximal derivative component:        0.292768E-01 au


