REKS do not use any electronic distribution function

Calculation with static geometry

********************************************************************************************
  iSCC       reks energy        Diff energy         x_a       SCC error   
   53       -6.2882883109      -0.0000000000     0.999966    0.00000098
********************************************************************************************

 SA-REKS optimizes the avergaed state, not individual states
 These charges do not mean the charges for individual states
 Similarly to this, the values in band.out file indicate
 the band energies and occupations for the averaged state
 If you want to compute the relaxed density,
 please, set 'RelaxedDensity = Yes' option

 Total charge:     1.00000000

 Atomic gross charges (e)
 Atom           Charge
    1       0.10785636
    2      -0.11192725
    3       0.19183390
    4       0.31046077
    5       0.31085219
    6       0.19092405

Nr. of electrons (up):     12.00000000
Atom populations (up)
 Atom       Population
    1       3.89214364
    2       5.11192725
    3       0.80816610
    4       0.68953923
    5       0.68914781
    6       0.80907595

l-shell populations (up)
 Atom Sh.   l       Population
    1   1   0       1.18280545
    1   2   1       2.70933820
    2   1   0       1.38364747
    2   2   1       3.72827978
    3   1   0       0.80816610
    4   1   0       0.68953923
    5   1   0       0.68914781
    6   1   0       0.80907595

Orbital populations (up)
 Atom Sh.   l   m       Population  Label
    1   1   0   0       1.18280545  s
    1   2   1  -1       0.85510595  p_y
    1   2   1   0       0.88731372  p_z
    1   2   1   1       0.96691852  p_x
    2   1   0   0       1.38364747  s
    2   2   1  -1       1.11257889  p_y
    2   2   1   0       1.11786132  p_z
    2   2   1   1       1.49783957  p_x
    3   1   0   0       0.80816610  s
    4   1   0   0       0.68953923  s
    5   1   0   0       0.68914781  s
    6   1   0   0       0.80907595  s

Input / Output electrons (q):     12.0000000000

Energy H0:                          -6.5235010955 H         -177.5135 eV
Energy SCC:                          0.1348909711 H            3.6706 eV
Energy SPIN:                        -0.0000193686 H           -0.0005 eV
Energy Fock:                        -0.2071210517 H           -5.6361 eV
Total Electronic energy:            -6.5957505446 H         -179.4795 eV
Repulsive energy:                    0.1787054566 H            4.8628 eV

Excitation Energy:                   0.0000000000 H            0.0000 eV

Total energy:                       -6.4171059144 H         -174.6183 eV

SCC converged

Total Forces
    1      0.000460941631     -0.000875896001      0.017037336494
    2     -0.000022487973      0.000030015218     -0.016004873482
    3      0.005919314781     -0.003776246938      0.000791814372
    4      0.007125939390     -0.000232326204     -0.000186432312
    5     -0.007032930627      0.001372270777     -0.000779458362
    6     -0.006450777201      0.003482183148     -0.000858386710

Maximal derivative component:        0.170373E-01 au


