 KPT            1  SPIN            1  KWEIGHT    1.0000000000000000     
     1   -29.426  2.00000
     2   -27.173  2.00000
     3   -25.476  2.00000
     4   -23.047  2.00000
     5   -21.260  2.00000
     6   -20.303  2.00000
     7   -19.283  2.00000
     8   -18.429  2.00000
     9   -17.842  2.00000
    10   -17.526  2.00000
    11   -16.912  2.00000
    12   -16.360  2.00000
    13   -15.865  2.00000
    14   -15.447  2.00000
    15   -14.941  2.00000
    16   -13.174  1.50000
    17   -11.135  0.50000
    18    -3.995  0.00000
    19    -2.101  0.00000
    20     7.305  0.00000
    21    10.659  0.00000
    22    12.735  0.00000
    23    13.664  0.00000
    24    14.263  0.00000
    25    14.974  0.00000
    26    16.790  0.00000
    27    20.509  0.00000
    28    23.202  0.00000
    29    27.793  0.00000
    30    29.608  0.00000
    31    35.345  0.00000
    32    39.855  0.00000

