REKS do not use any electronic distribution function

Calculation with static geometry

********************************************************************************************
  iSCC       reks energy        Diff energy         x_a       SCC error   
   33       -6.2820005816      -0.0000000000     0.999976    0.00000079
********************************************************************************************

 SA-REKS optimizes the avergaed state, not individual states
 These charges do not mean the charges for individual states
 Similarly to this, the values in band.out file indicate
 the band energies and occupations for the averaged state
 If you want to compute the relaxed density,
 please, set 'RelaxedDensity = Yes' option

 Total charge:     1.00000000

 Atomic gross charges (e)
 Atom           Charge
    1       0.10353453
    2      -0.09852634
    3       0.18540949
    4       0.31007390
    5       0.30703127
    6       0.19247716

Nr. of electrons (up):     12.00000000
Atom populations (up)
 Atom       Population
    1       3.89646547
    2       5.09852634
    3       0.81459051
    4       0.68992610
    5       0.69296873
    6       0.80752284

l-shell populations (up)
 Atom Sh.   l       Population
    1   1   0       1.17013956
    1   2   1       2.72632591
    2   1   0       1.38016285
    2   2   1       3.71836349
    3   1   0       0.81459051
    4   1   0       0.68992610
    5   1   0       0.69296873
    6   1   0       0.80752284

Orbital populations (up)
 Atom Sh.   l   m       Population  Label
    1   1   0   0       1.17013956  s
    1   2   1  -1       0.86064097  p_y
    1   2   1   0       0.89037271  p_z
    1   2   1   1       0.97531224  p_x
    2   1   0   0       1.38016285  s
    2   2   1  -1       1.11239267  p_y
    2   2   1   0       1.11578488  p_z
    2   2   1   1       1.49018593  p_x
    3   1   0   0       0.81459051  s
    4   1   0   0       0.68992610  s
    5   1   0   0       0.69296873  s
    6   1   0   0       0.80752284  s

Input / Output electrons (q):     12.0000000000

Energy H0:                          -6.5336472315 H         -177.7896 eV
Energy SCC:                          0.1359424404 H            3.6992 eV
Energy SPIN:                        -0.0000137717 H           -0.0004 eV
Energy Fock:                        -0.2098723603 H           -5.7109 eV
Total Electronic energy:            -6.6075909231 H         -179.8017 eV
Repulsive energy:                    0.1953876532 H            5.3168 eV

Excitation Energy:                   0.0000000000 H            0.0000 eV

Total energy:                       -6.4122153122 H         -174.4853 eV

SCC converged

Total Forces
    1     -0.009422746349     -0.012958595014     -0.041694728526
    2      0.032224010902     -0.003545258334      0.053566804436
    3      0.003763675871      0.003760874267     -0.002862278323
    4     -0.008500464361      0.005110600140     -0.009573743056
    5     -0.015803352490      0.002408121226     -0.006462128296
    6     -0.002261123572      0.005224257716      0.007026073765

Maximal derivative component:        0.535668E-01 au


