REKS do not use any electronic distribution function

Calculation with static geometry

********************************************************************************************
  iSCC       reks energy        Diff energy         x_a       SCC error   
   43       -6.2088064573      -0.0000000000     0.999999    0.00000080
********************************************************************************************

 SA-REKS optimizes the avergaed state, not individual states
 These charges do not mean the charges for individual states
 Similarly to this, the values in band.out file indicate
 the band energies and occupations for the averaged state
 If you want to compute the relaxed density,
 please, set 'RelaxedDensity = Yes' option

 Total charge:     1.00000000

 Atomic gross charges (e)
 Atom           Charge
    1       0.21527086
    2      -0.21750396
    3       0.20335879
    4       0.32448793
    5       0.31277765
    6       0.16160873

Nr. of electrons (up):     12.00000000
Atom populations (up)
 Atom       Population
    1       3.78472914
    2       5.21750396
    3       0.79664121
    4       0.67551207
    5       0.68722235
    6       0.83839127

l-shell populations (up)
 Atom Sh.   l       Population
    1   1   0       1.26672709
    1   2   1       2.51800205
    2   1   0       1.47380510
    2   2   1       3.74369886
    3   1   0       0.79664121
    4   1   0       0.67551207
    5   1   0       0.68722235
    6   1   0       0.83839127

Orbital populations (up)
 Atom Sh.   l   m       Population  Label
    1   1   0   0       1.26672709  s
    1   2   1  -1       0.97801750  p_y
    1   2   1   0       0.87356074  p_z
    1   2   1   1       0.66642381  p_x
    2   1   0   0       1.47380510  s
    2   2   1  -1       1.15862263  p_y
    2   2   1   0       1.11889557  p_z
    2   2   1   1       1.46618065  p_x
    3   1   0   0       0.79664121  s
    4   1   0   0       0.67551207  s
    5   1   0   0       0.68722235  s
    6   1   0   0       0.83839127  s

Input / Output electrons (q):     12.0000000000

Energy H0:                          -6.2480609610 H         -170.0184 eV
Energy SCC:                          0.1436603537 H            3.9092 eV
Energy SPIN:                        -0.0000003096 H           -0.0000 eV
Energy Fock:                        -0.2231637713 H           -6.0726 eV
Total Electronic energy:            -6.3275646881 H         -172.1818 eV
Repulsive energy:                    0.0989128721 H            2.6916 eV

Excitation Energy:                   0.0000000000 H            0.0000 eV

Total energy:                       -6.2746529611 H         -170.7420 eV

SCC converged

Total Forces
    1     -0.043696267387     -0.037670032367      0.109275642874
    2      0.015965306831     -0.107286936001     -0.050741201518
    3      0.015615747803      0.040813215622      0.051238938658
    4      0.029590147142     -0.040275671757     -0.012757839251
    5     -0.041676479596      0.050400841462     -0.004692137285
    6      0.024201545208      0.094018583041     -0.092323403477

Maximal derivative component:        0.109276E+00 au


