REKS do not use any electronic distribution function

Calculation with static geometry

********************************************************************************************
  iSCC       reks energy        Diff energy         x_a       SCC error   
   52       -6.2846228439      -0.0000000000     0.999967    0.00000087
********************************************************************************************

 SA-REKS optimizes the avergaed state, not individual states
 These charges do not mean the charges for individual states
 Similarly to this, the values in band.out file indicate
 the band energies and occupations for the averaged state
 If you want to compute the relaxed density,
 please, set 'RelaxedDensity = Yes' option

 Total charge:     1.00000000

 Atomic gross charges (e)
 Atom           Charge
    1       0.10168534
    2      -0.10986819
    3       0.19306457
    4       0.31243499
    5       0.31127650
    6       0.19140679

Nr. of electrons (up):     12.00000000
Atom populations (up)
 Atom       Population
    1       3.89831466
    2       5.10986819
    3       0.80693543
    4       0.68756501
    5       0.68872350
    6       0.80859321

l-shell populations (up)
 Atom Sh.   l       Population
    1   1   0       1.18519115
    1   2   1       2.71312351
    2   1   0       1.38231332
    2   2   1       3.72755487
    3   1   0       0.80693543
    4   1   0       0.68756501
    5   1   0       0.68872350
    6   1   0       0.80859321

Orbital populations (up)
 Atom Sh.   l   m       Population  Label
    1   1   0   0       1.18519115  s
    1   2   1  -1       0.84338677  p_y
    1   2   1   0       0.89984512  p_z
    1   2   1   1       0.96989163  p_x
    2   1   0   0       1.38231332  s
    2   2   1  -1       1.08357888  p_y
    2   2   1   0       1.13054235  p_z
    2   2   1   1       1.51343363  p_x
    3   1   0   0       0.80693543  s
    4   1   0   0       0.68756501  s
    5   1   0   0       0.68872350  s
    6   1   0   0       0.80859321  s

Input / Output electrons (q):     12.0000000000

Energy H0:                          -6.5232729931 H         -177.5073 eV
Energy SCC:                          0.1350786410 H            3.6757 eV
Energy SPIN:                        -0.0000189249 H           -0.0005 eV
Energy Fock:                        -0.2090130570 H           -5.6875 eV
Total Electronic energy:            -6.5972263340 H         -179.5197 eV
Repulsive energy:                    0.1832377996 H            4.9862 eV

Excitation Energy:                   0.0000000000 H            0.0000 eV

Total energy:                       -6.4141110431 H         -174.5368 eV

SCC converged

Total Forces
    1     -0.002079493204      0.005720158189     -0.006379988763
    2      0.003773004643      0.002130661539      0.004975317043
    3     -0.010340285589      0.007938983870     -0.000505533642
    4     -0.010856446418     -0.007800960349      0.001014974342
    5      0.008462212797      0.000718905129      0.006624281069
    6      0.011041007772     -0.008707748378     -0.005729050050

Maximal derivative component:        0.110410E-01 au


