REKS do not use any electronic distribution function

Calculation with static geometry

********************************************************************************************
  iSCC       reks energy        Diff energy         x_a       SCC error   
   41       -6.2871953245      -0.0000000000     0.999974    0.00000095
********************************************************************************************

 SA-REKS optimizes the avergaed state, not individual states
 These charges do not mean the charges for individual states
 Similarly to this, the values in band.out file indicate
 the band energies and occupations for the averaged state
 If you want to compute the relaxed density,
 please, set 'RelaxedDensity = Yes' option

 Total charge:     1.00000000

 Atomic gross charges (e)
 Atom           Charge
    1       0.10177033
    2      -0.10110659
    3       0.18998899
    4       0.30836307
    5       0.31005595
    6       0.19092824

Nr. of electrons (up):     12.00000000
Atom populations (up)
 Atom       Population
    1       3.89822967
    2       5.10110659
    3       0.81001101
    4       0.69163693
    5       0.68994405
    6       0.80907176

l-shell populations (up)
 Atom Sh.   l       Population
    1   1   0       1.17233377
    1   2   1       2.72589589
    2   1   0       1.37842447
    2   2   1       3.72268212
    3   1   0       0.81001101
    4   1   0       0.69163693
    5   1   0       0.68994405
    6   1   0       0.80907176

Orbital populations (up)
 Atom Sh.   l   m       Population  Label
    1   1   0   0       1.17233377  s
    1   2   1  -1       0.98625816  p_y
    1   2   1   0       0.88266585  p_z
    1   2   1   1       0.85697188  p_x
    2   1   0   0       1.37842447  s
    2   2   1  -1       1.50786670  p_y
    2   2   1   0       1.11461688  p_z
    2   2   1   1       1.10019853  p_x
    3   1   0   0       0.81001101  s
    4   1   0   0       0.69163693  s
    5   1   0   0       0.68994405  s
    6   1   0   0       0.80907176  s

Input / Output electrons (q):     12.0000000000

Energy H0:                          -6.5354985512 H         -177.8400 eV
Energy SCC:                          0.1357450148 H            3.6938 eV
Energy SPIN:                        -0.0000149836 H           -0.0004 eV
Energy Fock:                        -0.2076872817 H           -5.6515 eV
Total Electronic energy:            -6.6074558018 H         -179.7980 eV
Repulsive energy:                    0.1890069795 H            5.1431 eV

Excitation Energy:                   0.0000000000 H            0.0000 eV

Total energy:                       -6.4184533784 H         -174.6550 eV

SCC converged

Total Forces
    1     -0.001330448664      0.001330949360     -0.008962581535
    2     -0.003347644212     -0.007099859073      0.008489150017
    3      0.004483026580      0.001915512780      0.003266072350
    4      0.002624964309      0.000248551875     -0.001905131055
    5      0.000983297478      0.005211938896     -0.006118326859
    6     -0.003413195490     -0.001607093839      0.005230817082

Maximal derivative component:        0.896258E-02 au


