REKS do not use any electronic distribution function

Calculation with static geometry

********************************************************************************************
  iSCC       reks energy        Diff energy         x_a       SCC error   
  153       -6.1139663715      -0.0000000000     0.999999    0.00000096
********************************************************************************************

 SA-REKS optimizes the avergaed state, not individual states
 These charges do not mean the charges for individual states
 Similarly to this, the values in band.out file indicate
 the band energies and occupations for the averaged state
 If you want to compute the relaxed density,
 please, set 'RelaxedDensity = Yes' option

 Total charge:     1.00000000

 Atomic gross charges (e)
 Atom           Charge
    1       0.22622101
    2      -0.22843814
    3       0.20068578
    4       0.32747257
    5       0.30487378
    6       0.16918500

Nr. of electrons (up):     12.00000000
Atom populations (up)
 Atom       Population
    1       3.77377899
    2       5.22843814
    3       0.79931422
    4       0.67252743
    5       0.69512622
    6       0.83081500

l-shell populations (up)
 Atom Sh.   l       Population
    1   1   0       1.27919707
    1   2   1       2.49458192
    2   1   0       1.54174920
    2   2   1       3.68668894
    3   1   0       0.79931422
    4   1   0       0.67252743
    5   1   0       0.69512622
    6   1   0       0.83081500

Orbital populations (up)
 Atom Sh.   l   m       Population  Label
    1   1   0   0       1.27919707  s
    1   2   1  -1       0.95311982  p_y
    1   2   1   0       0.88381776  p_z
    1   2   1   1       0.65764434  p_x
    2   1   0   0       1.54174920  s
    2   2   1  -1       1.23421265  p_y
    2   2   1   0       1.18452766  p_z
    2   2   1   1       1.26794864  p_x
    3   1   0   0       0.79931422  s
    4   1   0   0       0.67252743  s
    5   1   0   0       0.69512622  s
    6   1   0   0       0.83081500  s

Input / Output electrons (q):     12.0000000000

Energy H0:                          -6.1723851225 H         -167.9591 eV
Energy SCC:                          0.1296655131 H            3.5284 eV
Energy SPIN:                        -0.0000002583 H           -0.0000 eV
Energy Fock:                        -0.2545026500 H           -6.9254 eV
Total Electronic energy:            -6.2972225176 H         -171.3561 eV
Repulsive energy:                    0.1275828794 H            3.4717 eV

Excitation Energy:                   0.0000000000 H            0.0000 eV

Total energy:                       -6.1862535624 H         -168.3365 eV

SCC converged

Total Forces
    1     -0.138219041863      0.229237115039      0.107474149734
    2     -0.042013361191     -0.052440653040      0.065020985464
    3      0.063346914085     -0.078659910785      0.004399266342
    4      0.066996513499      0.023087454086     -0.117989844014
    5      0.018240366609     -0.001716236182      0.003225127078
    6      0.031648608862     -0.119507769118     -0.062129684604

Maximal derivative component:        0.229237E+00 au


