REKS do not use any electronic distribution function

Calculation with static geometry

********************************************************************************************
  iSCC       reks energy        Diff energy         x_a       SCC error   
   52       -6.2845314402      -0.0000000000     0.999964    0.00000096
********************************************************************************************

 SA-REKS optimizes the avergaed state, not individual states
 These charges do not mean the charges for individual states
 Similarly to this, the values in band.out file indicate
 the band energies and occupations for the averaged state
 If you want to compute the relaxed density,
 please, set 'RelaxedDensity = Yes' option

 Total charge:     1.00000000

 Atomic gross charges (e)
 Atom           Charge
    1       0.10315197
    2      -0.11049341
    3       0.18998644
    4       0.31199460
    5       0.31239287
    6       0.19296754

Nr. of electrons (up):     12.00000000
Atom populations (up)
 Atom       Population
    1       3.89684803
    2       5.11049341
    3       0.81001356
    4       0.68800540
    5       0.68760713
    6       0.80703246

l-shell populations (up)
 Atom Sh.   l       Population
    1   1   0       1.18427452
    1   2   1       2.71257351
    2   1   0       1.38267618
    2   2   1       3.72781723
    3   1   0       0.81001356
    4   1   0       0.68800540
    5   1   0       0.68760713
    6   1   0       0.80703246

Orbital populations (up)
 Atom Sh.   l   m       Population  Label
    1   1   0   0       1.18427452  s
    1   2   1  -1       0.84697447  p_y
    1   2   1   0       0.89934390  p_z
    1   2   1   1       0.96625515  p_x
    2   1   0   0       1.38267618  s
    2   2   1  -1       1.08606997  p_y
    2   2   1   0       1.13113922  p_z
    2   2   1   1       1.51060805  p_x
    3   1   0   0       0.81001356  s
    4   1   0   0       0.68800540  s
    5   1   0   0       0.68760713  s
    6   1   0   0       0.80703246  s

Input / Output electrons (q):     12.0000000000

Energy H0:                          -6.5234041911 H         -177.5109 eV
Energy SCC:                          0.1350139491 H            3.6739 eV
Energy SPIN:                        -0.0000200150 H           -0.0005 eV
Energy Fock:                        -0.2089591096 H           -5.6861 eV
Total Electronic energy:            -6.5973693666 H         -179.5236 eV
Repulsive energy:                    0.1838503922 H            5.0028 eV

Excitation Energy:                   0.0000000000 H            0.0000 eV

Total energy:                       -6.4136578897 H         -174.5245 eV

SCC converged

Total Forces
    1      0.000946970077      0.006554755935     -0.004811900451
    2     -0.002075911533      0.007510709670      0.004633014182
    3     -0.011465681456     -0.006886903050     -0.006436192668
    4     -0.009062848175      0.000270459099      0.005885117716
    5      0.010358152382     -0.011319177051      0.001768664676
    6      0.011299318706      0.003870155396     -0.001038703457

Maximal derivative component:        0.114657E-01 au


