 Fermi distribution function

Calculation with static geometry


********************************************************************************
 iSCC Total electronic   Diff electronic      SCC error    
   16   -0.52680759E+01   -0.40492054E-11    0.26727076E-06
********************************************************************************

 Total charge:     1.00000000

 Atomic gross charges (e)
 Atom           Charge
    1       0.27608269
    2      -0.19206168
    3       0.18801496
    4       0.27244319
    5       0.27100725
    6       0.18451359

Nr. of electrons (up):     12.00000000
Atom populations (up)
 Atom       Population
    1       3.72391731
    2       5.19206168
    3       0.81198504
    4       0.72755681
    5       0.72899275
    6       0.81548641

l-shell populations (up)
 Atom Sh.   l       Population
    1   1   0       1.41518289
    1   2   1       2.30873442
    2   1   0       1.52256726
    2   2   1       3.66949442
    3   1   0       0.81198504
    4   1   0       0.72755681
    5   1   0       0.72899275
    6   1   0       0.81548641

Orbital populations (up)
 Atom Sh.   l   m       Population  Label
    1   1   0   0       1.41518289  s
    1   2   1  -1       0.46275927  p_y
    1   2   1   0       0.83331601  p_z
    1   2   1   1       1.01265913  p_x
    2   1   0   0       1.52256726  s
    2   2   1  -1       1.44451076  p_y
    2   2   1   0       1.07075115  p_z
    2   2   1   1       1.15423251  p_x
    3   1   0   0       0.81198504  s
    4   1   0   0       0.72755681  s
    5   1   0   0       0.72899275  s
    6   1   0   0       0.81548641  s

Fermi level:                        -0.5033619960 H          -13.6972 eV
Band energy:                        -8.5882654061 H         -233.6986 eV
TS:                                  0.0000000000 H            0.0000 eV
Band free energy (E-TS):            -8.5882654061 H         -233.6986 eV
Extrapolated E(0K):                 -8.5882654061 H         -233.6986 eV
Input / Output electrons (q):     12.0000000000     12.0000000000

Energy H0:                          -5.3993094860 H         -146.9227 eV
Energy SCC:                          0.1312335377 H            3.5710 eV
Total Electronic energy:            -5.2680759483 H         -143.3516 eV
Repulsive energy:                    0.1281672381 H            3.4876 eV
Total energy:                       -5.1399087102 H         -139.8640 eV
Extrapolated to 0:                  -5.1399087102 H         -139.8640 eV
Total Mermin free energy:           -5.1399087102 H         -139.8640 eV
Force related energy:               -5.1399087102 H         -139.8640 eV

SCC converged

Excitation Energy:                   0.1229972151 H            3.3469 eV

Total Forces
    1      0.021901888104      0.008385183443      0.020898689238
    2      0.038087515987     -0.005043050265      0.003832515929
    3     -0.006921658464      0.000070328060      0.001877495441
    4     -0.036026601205      0.009563246531     -0.017375837784
    5     -0.001458875119     -0.002564349759     -0.000363313794
    6     -0.015582269304     -0.010411358010     -0.008869549029

Maximal derivative component:        0.380875E-01 au


