 KPT            1  SPIN            1  KWEIGHT    1.0000000000000000     
     1   -29.238  2.00000
     2   -27.269  2.00000
     3   -25.460  2.00000
     4   -23.116  2.00000
     5   -20.879  2.00000
     6   -20.605  2.00000
     7   -19.065  2.00000
     8   -18.463  2.00000
     9   -17.835  2.00000
    10   -17.128  2.00000
    11   -17.069  2.00000
    12   -15.999  2.00000
    13   -15.699  2.00000
    14   -15.550  2.00000
    15   -15.051  2.00000
    16   -13.636  1.49990
    17   -10.294  0.50010
    18    -3.756  0.00000
    19    -1.416  0.00000
    20     4.734  0.00000
    21     7.992  0.00000
    22     9.442  0.00000
    23    12.687  0.00000
    24    14.093  0.00000
    25    16.197  0.00000
    26    18.576  0.00000
    27    19.209  0.00000
    28    20.332  0.00000
    29    21.461  0.00000
    30    28.367  0.00000
    31    34.549  0.00000
    32    40.980  0.00000

