REKS do not use any electronic distribution function

Calculation with static geometry

********************************************************************************************
  iSCC       reks energy        Diff energy         x_a       SCC error   
   51       -6.2871350251      -0.0000000000     0.999962    0.00000097
********************************************************************************************

 SA-REKS optimizes the avergaed state, not individual states
 These charges do not mean the charges for individual states
 Similarly to this, the values in band.out file indicate
 the band energies and occupations for the averaged state
 If you want to compute the relaxed density,
 please, set 'RelaxedDensity = Yes' option

 Total charge:     1.00000000

 Atomic gross charges (e)
 Atom           Charge
    1       0.10889815
    2      -0.10793967
    3       0.18902214
    4       0.31132685
    5       0.31014972
    6       0.18854281

Nr. of electrons (up):     12.00000000
Atom populations (up)
 Atom       Population
    1       3.89110185
    2       5.10793967
    3       0.81097786
    4       0.68867315
    5       0.68985028
    6       0.81145719

l-shell populations (up)
 Atom Sh.   l       Population
    1   1   0       1.17813324
    1   2   1       2.71296861
    2   1   0       1.38134347
    2   2   1       3.72659620
    3   1   0       0.81097786
    4   1   0       0.68867315
    5   1   0       0.68985028
    6   1   0       0.81145719

Orbital populations (up)
 Atom Sh.   l   m       Population  Label
    1   1   0   0       1.17813324  s
    1   2   1  -1       0.85551945  p_y
    1   2   1   0       0.88853962  p_z
    1   2   1   1       0.96890954  p_x
    2   1   0   0       1.38134347  s
    2   2   1  -1       1.09312917  p_y
    2   2   1   0       1.12060764  p_z
    2   2   1   1       1.51285939  p_x
    3   1   0   0       0.81097786  s
    4   1   0   0       0.68867315  s
    5   1   0   0       0.68985028  s
    6   1   0   0       0.81145719  s

Input / Output electrons (q):     12.0000000000

Energy H0:                          -6.5275882019 H         -177.6247 eV
Energy SCC:                          0.1351819303 H            3.6785 eV
Energy SPIN:                        -0.0000212010 H           -0.0006 eV
Energy Fock:                        -0.2079686303 H           -5.6591 eV
Total Electronic energy:            -6.6003961029 H         -179.6059 eV
Repulsive energy:                    0.1850099196 H            5.0344 eV

Excitation Energy:                   0.0000000000 H            0.0000 eV

Total energy:                       -6.4154872085 H         -174.5743 eV

SCC converged

Total Forces
    1     -0.000210676810     -0.006297089524     -0.004972089686
    2     -0.009349255879      0.005623538162     -0.000907391341
    3     -0.006976478477      0.001636488017      0.003673126389
    4     -0.005080340346      0.001261724412     -0.001184427736
    5      0.012546438402     -0.001775197034      0.002371304965
    6      0.009070313109     -0.000449464033      0.001019477409

Maximal derivative component:        0.125464E-01 au


