REKS do not use any electronic distribution function

Calculation with static geometry

********************************************************************************************
  iSCC       reks energy        Diff energy         x_a       SCC error   
   61       -6.1879141642      -0.0000000000     1.000000    0.00000097
********************************************************************************************

 SA-REKS optimizes the avergaed state, not individual states
 These charges do not mean the charges for individual states
 Similarly to this, the values in band.out file indicate
 the band energies and occupations for the averaged state
 If you want to compute the relaxed density,
 please, set 'RelaxedDensity = Yes' option

 Total charge:     1.00000000

 Atomic gross charges (e)
 Atom           Charge
    1       0.22126371
    2      -0.14696249
    3       0.12037452
    4       0.31143686
    5       0.29104748
    6       0.20283992

Nr. of electrons (up):     12.00000000
Atom populations (up)
 Atom       Population
    1       3.77873629
    2       5.14696249
    3       0.87962548
    4       0.68856314
    5       0.70895252
    6       0.79716008

l-shell populations (up)
 Atom Sh.   l       Population
    1   1   0       1.33771603
    1   2   1       2.44102026
    2   1   0       1.48884085
    2   2   1       3.65812164
    3   1   0       0.87962548
    4   1   0       0.68856314
    5   1   0       0.70895252
    6   1   0       0.79716008

Orbital populations (up)
 Atom Sh.   l   m       Population  Label
    1   1   0   0       1.33771603  s
    1   2   1  -1       0.59640249  p_y
    1   2   1   0       0.77993389  p_z
    1   2   1   1       1.06468388  p_x
    2   1   0   0       1.48884085  s
    2   2   1  -1       1.41034063  p_y
    2   2   1   0       1.09143159  p_z
    2   2   1   1       1.15634942  p_x
    3   1   0   0       0.87962548  s
    4   1   0   0       0.68856314  s
    5   1   0   0       0.70895252  s
    6   1   0   0       0.79716008  s

Input / Output electrons (q):     12.0000000000

Energy H0:                          -6.1626161865 H         -167.6933 eV
Energy SCC:                          0.1453196417 H            3.9543 eV
Energy SPIN:                        -0.0000001615 H           -0.0000 eV
Energy Fock:                        -0.2293172037 H           -6.2400 eV
Total Electronic energy:            -6.2466139100 H         -169.9790 eV
Repulsive energy:                    0.0434652251 H            1.1827 eV

Excitation Energy:                   0.0000000000 H            0.0000 eV

Total energy:                       -6.2364863024 H         -169.7034 eV

SCC converged

Total Forces
    1      0.034687250947     -0.112602469746      0.025109907763
    2      0.035237577674     -0.012058119852     -0.151622195710
    3     -0.024271308122      0.066571034228      0.048269369857
    4     -0.057296600490     -0.003440634079     -0.007423695714
    5     -0.002756950923      0.013161644988      0.019368388951
    6      0.014400030914      0.048368544461      0.066298224853

Maximal derivative component:        0.151622E+00 au


