REKS do not use any electronic distribution function

Calculation with static geometry

********************************************************************************************
  iSCC       reks energy        Diff energy         x_a       SCC error   
   55       -6.2883535829      -0.0000000000     0.999965    0.00000086
********************************************************************************************

 SA-REKS optimizes the avergaed state, not individual states
 These charges do not mean the charges for individual states
 Similarly to this, the values in band.out file indicate
 the band energies and occupations for the averaged state
 If you want to compute the relaxed density,
 please, set 'RelaxedDensity = Yes' option

 Total charge:     1.00000000

 Atomic gross charges (e)
 Atom           Charge
    1       0.10787422
    2      -0.11444783
    3       0.19252243
    4       0.31068482
    5       0.31168286
    6       0.19168350

Nr. of electrons (up):     12.00000000
Atom populations (up)
 Atom       Population
    1       3.89212578
    2       5.11444783
    3       0.80747757
    4       0.68931518
    5       0.68831714
    6       0.80831650

l-shell populations (up)
 Atom Sh.   l       Population
    1   1   0       1.18578650
    1   2   1       2.70633929
    2   1   0       1.38545531
    2   2   1       3.72899253
    3   1   0       0.80747757
    4   1   0       0.68931518
    5   1   0       0.68831714
    6   1   0       0.80831650

Orbital populations (up)
 Atom Sh.   l   m       Population  Label
    1   1   0   0       1.18578650  s
    1   2   1  -1       0.84989294  p_y
    1   2   1   0       0.88811030  p_z
    1   2   1   1       0.96833606  p_x
    2   1   0   0       1.38545531  s
    2   2   1  -1       1.09869470  p_y
    2   2   1   0       1.12022059  p_z
    2   2   1   1       1.51007724  p_x
    3   1   0   0       0.80747757  s
    4   1   0   0       0.68931518  s
    5   1   0   0       0.68831714  s
    6   1   0   0       0.80831650  s

Input / Output electrons (q):     12.0000000000

Energy H0:                          -6.5196059084 H         -177.4075 eV
Energy SCC:                          0.1347477860 H            3.6667 eV
Energy SPIN:                        -0.0000196460 H           -0.0005 eV
Energy Fock:                        -0.2070183648 H           -5.6333 eV
Total Electronic energy:            -6.5918961332 H         -179.3746 eV
Repulsive energy:                    0.1751172943 H            4.7652 eV

Excitation Energy:                   0.0000000000 H            0.0000 eV

Total energy:                       -6.4168389831 H         -174.6111 eV

SCC converged

Total Forces
    1      0.001337656167     -0.001586342080      0.023086348152
    2     -0.001558072952      0.000758992951     -0.022638674432
    3      0.005928021503      0.005389496720      0.000449986008
    4      0.007591071384     -0.000478651465      0.001596707294
    5     -0.006682437844      0.001152680020     -0.000890371626
    6     -0.006616238258     -0.005236176145     -0.001603995396

Maximal derivative component:        0.230863E-01 au


