REKS do not use any electronic distribution function

Calculation with static geometry

********************************************************************************************
  iSCC       reks energy        Diff energy         x_a       SCC error   
   55      -16.4157999875      -0.0000000000     1.000000    0.00000085
********************************************************************************************

 SA-REKS optimizes the avergaed state, not individual states
 These charges do not mean the charges for individual states
 Similarly to this, the values in band.out file indicate
 the band energies and occupations for the averaged state
 If you want to compute the relaxed density,
 please, set 'RelaxedDensity = Yes' option

 Total charge:     1.00000000

 Atomic gross charges (e)
 Atom           Charge
    1      -0.02629514
    2      -0.03025783
    3       0.09030170
    4       0.12526604
    5       0.11937723
    6       0.00511514
    7       0.02723467
    8       0.09300233
    9       0.09851258
   10       0.09937313
   11       0.12515941
   12      -0.21567796
   13       0.26081652
   14       0.22807219

Nr. of electrons (up):     32.00000000
Atom populations (up)
 Atom       Population
    1       4.02629514
    2       4.03025783
    3       0.90969830
    4       0.87473396
    5       0.88062277
    6       3.99488486
    7       3.97276533
    8       0.90699767
    9       0.90148742
   10       3.90062687
   11       0.87484059
   12       5.21567796
   13       0.73918348
   14       0.77192781

l-shell populations (up)
 Atom Sh.   l       Population
    1   1   0       1.21649656
    1   2   1       2.80979858
    2   1   0       1.18794712
    2   2   1       2.84231071
    3   1   0       0.90969830
    4   1   0       0.87473396
    5   1   0       0.88062277
    6   1   0       1.17404324
    6   2   1       2.82084162
    7   1   0       1.15193652
    7   2   1       2.82082881
    8   1   0       0.90699767
    9   1   0       0.90148742
   10   1   0       1.15026816
   10   2   1       2.75035871
   11   1   0       0.87484059
   12   1   0       1.37511171
   12   2   1       3.84056625
   13   1   0       0.73918348
   14   1   0       0.77192781

Orbital populations (up)
 Atom Sh.   l   m       Population  Label
    1   1   0   0       1.21649656  s
    1   2   1  -1       1.01869319  p_y
    1   2   1   0       0.83215448  p_z
    1   2   1   1       0.95895091  p_x
    2   1   0   0       1.18794712  s
    2   2   1  -1       0.95367699  p_y
    2   2   1   0       0.93553995  p_z
    2   2   1   1       0.95309378  p_x
    3   1   0   0       0.90969830  s
    4   1   0   0       0.87473396  s
    5   1   0   0       0.88062277  s
    6   1   0   0       1.17404324  s
    6   2   1  -1       0.99524681  p_y
    6   2   1   0       0.87835773  p_z
    6   2   1   1       0.94723708  p_x
    7   1   0   0       1.15193652  s
    7   2   1  -1       0.97450269  p_y
    7   2   1   0       0.90367605  p_z
    7   2   1   1       0.94265007  p_x
    8   1   0   0       0.90699767  s
    9   1   0   0       0.90148742  s
   10   1   0   0       1.15026816  s
   10   2   1  -1       0.90590873  p_y
   10   2   1   0       0.91387869  p_z
   10   2   1   1       0.93057128  p_x
   11   1   0   0       0.87484059  s
   12   1   0   0       1.37511171  s
   12   2   1  -1       1.36607848  p_y
   12   2   1   0       1.12083392  p_z
   12   2   1   1       1.35365384  p_x
   13   1   0   0       0.73918348  s
   14   1   0   0       0.77192781  s

Input / Output electrons (q):     32.0000000000

Energy H0:                         -16.4097478468 H         -446.5320 eV
Energy SCC:                          0.1192661873 H            3.2454 eV
Energy SPIN:                        -0.0000000000 H           -0.0000 eV
Energy Fock:                        -0.6665026594 H          -18.1365 eV
Total Electronic energy:           -16.9569843190 H         -461.4230 eV
Repulsive energy:                    0.4743576010 H           12.9079 eV

Excitation Energy:                   0.0000000000 H            0.0000 eV

Total energy:                      -16.4827110086 H         -448.5174 eV

SCC converged

Total Forces
    1      0.009106350835     -0.016922572343      0.030301073753
    2     -0.001056410059      0.048606663870      0.006715572148
    3     -0.005767094308     -0.007523007433     -0.006633692873
    4      0.009946601645     -0.007107151487     -0.011653625639
    5     -0.016064716186     -0.006248176681     -0.006569997227
    6     -0.115246535479     -0.024963268319      0.003731549910
    7      0.092221981666     -0.061062049939     -0.042615113308
    8     -0.002379697692      0.027204709869      0.011527459697
    9     -0.000872338148      0.018753889367     -0.006815756815
   10      0.051575101134     -0.003946779893      0.053340063634
   11     -0.010335455098      0.015791664904     -0.008714802222
   12     -0.033742604359     -0.007424061479     -0.019692180775
   13      0.025425111075      0.019042339495     -0.008219016674
   14     -0.002810295026      0.005797800069      0.005298466391

Maximal derivative component:        0.115247E+00 au


