 KPT            1  SPIN            1  KWEIGHT    1.0000000000000000     
     1   -29.584  2.00000
     2   -26.976  2.00000
     3   -25.514  2.00000
     4   -23.191  2.00000
     5   -21.227  2.00000
     6   -20.027  2.00000
     7   -19.414  2.00000
     8   -18.356  2.00000
     9   -17.876  2.00000
    10   -17.549  2.00000
    11   -16.634  2.00000
    12   -16.356  2.00000
    13   -15.798  2.00000
    14   -15.259  2.00000
    15   -14.832  2.00000
    16   -13.730  1.49994
    17   -10.772  0.50006
    18    -3.957  0.00000
    19    -2.485  0.00000
    20     5.488  0.00000
    21     6.138  0.00000
    22     8.895  0.00000
    23    10.574  0.00000
    24    11.915  0.00000
    25    15.713  0.00000
    26    16.226  0.00000
    27    17.799  0.00000
    28    20.713  0.00000
    29    23.148  0.00000
    30    27.540  0.00000
    31    32.343  0.00000
    32    34.456  0.00000

