REKS do not use any electronic distribution function

Calculation with static geometry

********************************************************************************************
  iSCC       reks energy        Diff energy         x_a       SCC error   
   60      -16.4043819635      -0.0000000000     0.999945    0.00000090
********************************************************************************************

 SA-REKS optimizes the avergaed state, not individual states
 These charges do not mean the charges for individual states
 Similarly to this, the values in band.out file indicate
 the band energies and occupations for the averaged state
 If you want to compute the relaxed density,
 please, set 'RelaxedDensity = Yes' option

 Total charge:     1.00000000

 Atomic gross charges (e)
 Atom           Charge
    1      -0.04008346
    2      -0.03705634
    3       0.10931752
    4       0.12681477
    5       0.09721592
    6       0.03852900
    7      -0.10691172
    8       0.09418480
    9       0.13926474
   10       0.20916263
   11       0.08864359
   12      -0.22806627
   13       0.27060817
   14       0.23837666

Nr. of electrons (up):     32.00000000
Atom populations (up)
 Atom       Population
    1       4.04008346
    2       4.03705634
    3       0.89068248
    4       0.87318523
    5       0.90278408
    6       3.96147100
    7       4.10691172
    8       0.90581520
    9       0.86073526
   10       3.79083737
   11       0.91135641
   12       5.22806627
   13       0.72939183
   14       0.76162334

l-shell populations (up)
 Atom Sh.   l       Population
    1   1   0       1.20370668
    1   2   1       2.83637678
    2   1   0       1.21239683
    2   2   1       2.82465951
    3   1   0       0.89068248
    4   1   0       0.87318523
    5   1   0       0.90278408
    6   1   0       1.22492600
    6   2   1       2.73654500
    7   1   0       1.18990572
    7   2   1       2.91700600
    8   1   0       0.90581520
    9   1   0       0.86073526
   10   1   0       1.15965688
   10   2   1       2.63118048
   11   1   0       0.91135641
   12   1   0       1.39924426
   12   2   1       3.82882201
   13   1   0       0.72939183
   14   1   0       0.76162334

Orbital populations (up)
 Atom Sh.   l   m       Population  Label
    1   1   0   0       1.20370668  s
    1   2   1  -1       0.92087478  p_y
    1   2   1   0       1.01128230  p_z
    1   2   1   1       0.90421970  p_x
    2   1   0   0       1.21239683  s
    2   2   1  -1       0.97627118  p_y
    2   2   1   0       0.90391297  p_z
    2   2   1   1       0.94447535  p_x
    3   1   0   0       0.89068248  s
    4   1   0   0       0.87318523  s
    5   1   0   0       0.90278408  s
    6   1   0   0       1.22492600  s
    6   2   1  -1       0.83141420  p_y
    6   2   1   0       0.96810727  p_z
    6   2   1   1       0.93702353  p_x
    7   1   0   0       1.18990572  s
    7   2   1  -1       1.02258153  p_y
    7   2   1   0       1.00655879  p_z
    7   2   1   1       0.88786568  p_x
    8   1   0   0       0.90581520  s
    9   1   0   0       0.86073526  s
   10   1   0   0       1.15965688  s
   10   2   1  -1       0.81466572  p_y
   10   2   1   0       0.85448807  p_z
   10   2   1   1       0.96202669  p_x
   11   1   0   0       0.91135641  s
   12   1   0   0       1.39924426  s
   12   2   1  -1       1.48415217  p_y
   12   2   1   0       1.13033305  p_z
   12   2   1   1       1.21433680  p_x
   13   1   0   0       0.72939183  s
   14   1   0   0       0.76162334  s

Input / Output electrons (q):     32.0000000000

Energy H0:                         -16.2184241269 H         -441.3258 eV
Energy SCC:                          0.0950838243 H            2.5874 eV
Energy SPIN:                        -0.0000109728 H           -0.0003 eV
Energy Fock:                        -0.6604864996 H          -17.9728 eV
Total Electronic energy:           -16.7838377751 H         -456.7115 eV
Repulsive energy:                    0.3242674717 H            8.8238 eV

Excitation Energy:                   0.0000000000 H            0.0000 eV

Total energy:                      -16.4613674511 H         -447.9366 eV

SCC converged

Total Forces
    1      0.050355706183      0.036244552199      0.035240206332
    2      0.053632386976      0.031873408255      0.006070824644
    3     -0.011181216224      0.000853275835     -0.000187326905
    4     -0.017091485297     -0.012711334899     -0.027448475702
    5     -0.019069580240     -0.011570801337      0.036431636969
    6     -0.019029104607     -0.054491740392     -0.032718216179
    7      0.001685841861     -0.021941707252     -0.019735949286
    8     -0.015388115721      0.001239368386      0.001315217773
    9      0.012624337819      0.056054381908     -0.018362639274
   10      0.019366289549      0.000508562800      0.032079698107
   11     -0.036712798670     -0.018122238135     -0.035565511375
   12      0.000973660817     -0.015833848793     -0.019807077224
   13     -0.026070556456      0.019387511158      0.039791781338
   14      0.005904634011     -0.011489389735      0.002895830782

Maximal derivative component:        0.560544E-01 au


