REKS do not use any electronic distribution function

Calculation with static geometry

********************************************************************************************
  iSCC       reks energy        Diff energy         x_a       SCC error   
   61      -16.4264629253      -0.0000000000     0.999973    0.00000095
********************************************************************************************

 SA-REKS optimizes the avergaed state, not individual states
 These charges do not mean the charges for individual states
 Similarly to this, the values in band.out file indicate
 the band energies and occupations for the averaged state
 If you want to compute the relaxed density,
 please, set 'RelaxedDensity = Yes' option

 Total charge:     1.00000000

 Atomic gross charges (e)
 Atom           Charge
    1      -0.09173286
    2      -0.02559916
    3       0.11946466
    4       0.10722792
    5       0.12566300
    6       0.10175032
    7      -0.16718083
    8       0.12101382
    9       0.11120231
   10       0.20255744
   11       0.09004636
   12      -0.20961449
   13       0.26134250
   14       0.25385902

Nr. of electrons (up):     32.00000000
Atom populations (up)
 Atom       Population
    1       4.09173286
    2       4.02559916
    3       0.88053534
    4       0.89277208
    5       0.87433700
    6       3.89824968
    7       4.16718083
    8       0.87898618
    9       0.88879769
   10       3.79744256
   11       0.90995364
   12       5.20961449
   13       0.73865750
   14       0.74614098

l-shell populations (up)
 Atom Sh.   l       Population
    1   1   0       1.20056370
    1   2   1       2.89116916
    2   1   0       1.14355683
    2   2   1       2.88204233
    3   1   0       0.88053534
    4   1   0       0.89277208
    5   1   0       0.87433700
    6   1   0       1.16047397
    6   2   1       2.73777571
    7   1   0       1.16882910
    7   2   1       2.99835174
    8   1   0       0.87898618
    9   1   0       0.88879769
   10   1   0       1.15476434
   10   2   1       2.64267821
   11   1   0       0.90995364
   12   1   0       1.38754169
   12   2   1       3.82207280
   13   1   0       0.73865750
   14   1   0       0.74614098

Orbital populations (up)
 Atom Sh.   l   m       Population  Label
    1   1   0   0       1.20056370  s
    1   2   1  -1       0.95483082  p_y
    1   2   1   0       0.96340044  p_z
    1   2   1   1       0.97293789  p_x
    2   1   0   0       1.14355683  s
    2   2   1  -1       0.99575305  p_y
    2   2   1   0       0.93167257  p_z
    2   2   1   1       0.95461671  p_x
    3   1   0   0       0.88053534  s
    4   1   0   0       0.89277208  s
    5   1   0   0       0.87433700  s
    6   1   0   0       1.16047397  s
    6   2   1  -1       0.86650498  p_y
    6   2   1   0       0.97762568  p_z
    6   2   1   1       0.89364505  p_x
    7   1   0   0       1.16882910  s
    7   2   1  -1       1.06940910  p_y
    7   2   1   0       0.97879039  p_z
    7   2   1   1       0.95015225  p_x
    8   1   0   0       0.87898618  s
    9   1   0   0       0.88879769  s
   10   1   0   0       1.15476434  s
   10   2   1  -1       0.88319250  p_y
   10   2   1   0       0.89048085  p_z
   10   2   1   1       0.86900486  p_x
   11   1   0   0       0.90995364  s
   12   1   0   0       1.38754169  s
   12   2   1  -1       1.18511117  p_y
   12   2   1   0       1.30802616  p_z
   12   2   1   1       1.32893547  p_x
   13   1   0   0       0.73865750  s
   14   1   0   0       0.74614098  s

Input / Output electrons (q):     32.0000000000

Energy H0:                         -16.3188986624 H         -444.0598 eV
Energy SCC:                          0.0951135155 H            2.5882 eV
Energy SPIN:                        -0.0000057716 H           -0.0002 eV
Energy Fock:                        -0.6730820296 H          -18.3155 eV
Total Electronic energy:           -16.8968729481 H         -459.7873 eV
Repulsive energy:                    0.4090031108 H           11.1295 eV

Excitation Energy:                   0.0000000000 H            0.0000 eV

Total energy:                      -16.4902777747 H         -448.7233 eV

SCC converged

Total Forces
    1     -0.031757808798      0.014032914114      0.011973275204
    2     -0.013815217953     -0.005942652708      0.038861162385
    3      0.002849133246     -0.019017633102     -0.000748513831
    4      0.004327941938     -0.024617940038      0.004184231277
    5      0.002500536691      0.027364097237     -0.007474909540
    6      0.071052074046     -0.011677012866     -0.049409261897
    7      0.006237609776      0.035336739842     -0.029910517986
    8      0.000556354686      0.023862959886      0.002543069362
    9     -0.021556160980     -0.036853168823      0.013174614298
   10     -0.013105814584     -0.042826085362      0.042364623234
   11     -0.001333887189      0.061343315193     -0.025128156617
   12     -0.014254827719     -0.007312657348     -0.013972969309
   13      0.000259241574      0.001540628019     -0.007081929229
   14      0.008040825268     -0.015233504044      0.020625282649

Maximal derivative component:        0.710521E-01 au


