REKS do not use any electronic distribution function

Calculation with static geometry

********************************************************************************************
  iSCC       reks energy        Diff energy         x_a       SCC error   
   86      -16.4210142551      -0.0000000000     0.999988    0.00000093
********************************************************************************************

 SA-REKS optimizes the avergaed state, not individual states
 These charges do not mean the charges for individual states
 Similarly to this, the values in band.out file indicate
 the band energies and occupations for the averaged state
 If you want to compute the relaxed density,
 please, set 'RelaxedDensity = Yes' option

 Total charge:     1.00000000

 Atomic gross charges (e)
 Atom           Charge
    1      -0.00169737
    2      -0.01777795
    3       0.10984333
    4       0.11493478
    5       0.07782325
    6       0.01409809
    7      -0.08901716
    8       0.12062240
    9       0.11947010
   10       0.18489547
   11       0.08412291
   12      -0.21492156
   13       0.23435739
   14       0.26324632

Nr. of electrons (up):     32.00000000
Atom populations (up)
 Atom       Population
    1       4.00169737
    2       4.01777795
    3       0.89015667
    4       0.88506522
    5       0.92217675
    6       3.98590191
    7       4.08901716
    8       0.87937760
    9       0.88052990
   10       3.81510453
   11       0.91587709
   12       5.21492156
   13       0.76564261
   14       0.73675368

l-shell populations (up)
 Atom Sh.   l       Population
    1   1   0       1.20391791
    1   2   1       2.79777946
    2   1   0       1.18127241
    2   2   1       2.83650554
    3   1   0       0.89015667
    4   1   0       0.88506522
    5   1   0       0.92217675
    6   1   0       1.21233331
    6   2   1       2.77356860
    7   1   0       1.18332011
    7   2   1       2.90569705
    8   1   0       0.87937760
    9   1   0       0.88052990
   10   1   0       1.14676888
   10   2   1       2.66833565
   11   1   0       0.91587709
   12   1   0       1.40604515
   12   2   1       3.80887641
   13   1   0       0.76564261
   14   1   0       0.73675368

Orbital populations (up)
 Atom Sh.   l   m       Population  Label
    1   1   0   0       1.20391791  s
    1   2   1  -1       1.02283469  p_y
    1   2   1   0       0.79965660  p_z
    1   2   1   1       0.97528817  p_x
    2   1   0   0       1.18127241  s
    2   2   1  -1       0.93990261  p_y
    2   2   1   0       0.93105332  p_z
    2   2   1   1       0.96554961  p_x
    3   1   0   0       0.89015667  s
    4   1   0   0       0.88506522  s
    5   1   0   0       0.92217675  s
    6   1   0   0       1.21233331  s
    6   2   1  -1       0.95451150  p_y
    6   2   1   0       0.86062687  p_z
    6   2   1   1       0.95843022  p_x
    7   1   0   0       1.18332011  s
    7   2   1  -1       0.96624104  p_y
    7   2   1   0       1.00924634  p_z
    7   2   1   1       0.93020966  p_x
    8   1   0   0       0.87937760  s
    9   1   0   0       0.88052990  s
   10   1   0   0       1.14676888  s
   10   2   1  -1       0.93340364  p_y
   10   2   1   0       0.91012332  p_z
   10   2   1   1       0.82480869  p_x
   11   1   0   0       0.91587709  s
   12   1   0   0       1.40604515  s
   12   2   1  -1       1.27910708  p_y
   12   2   1   0       1.34335914  p_z
   12   2   1   1       1.18641019  p_x
   13   1   0   0       0.76564261  s
   14   1   0   0       0.73675368  s

Input / Output electrons (q):     32.0000000000

Energy H0:                         -16.3080940207 H         -443.7658 eV
Energy SCC:                          0.1009744035 H            2.7477 eV
Energy SPIN:                        -0.0000026887 H           -0.0001 eV
Energy Fock:                        -0.6585047899 H          -17.9188 eV
Total Electronic energy:           -16.8656270959 H         -458.9371 eV
Repulsive energy:                    0.3786245622 H           10.3029 eV

Excitation Energy:                   0.0000000000 H            0.0000 eV

Total energy:                      -16.4870395313 H         -448.6352 eV

SCC converged

Total Forces
    1     -0.047403382988      0.031943028553      0.008454223477
    2      0.034379414170      0.037425686515      0.002204518556
    3      0.020177445785     -0.011057231641      0.003747268204
    4     -0.007757001458     -0.018794192793     -0.009948553100
    5     -0.006443818244     -0.004414934238      0.008299735608
    6     -0.027646758194     -0.051320866903     -0.042505213147
    7      0.035814634593      0.048989572453      0.005703006267
    8      0.011328875486     -0.016425483717      0.023199640369
    9      0.028840720017      0.016848890866      0.005820828075
   10      0.011336492544      0.009717127685     -0.018410911089
   11     -0.034641227991     -0.009398724935      0.017778647116
   12     -0.000918922716      0.005056201214     -0.021297185285
   13      0.002376546078     -0.025176007518     -0.009410111317
   14     -0.019443017083     -0.013393065542      0.026364106266

Maximal derivative component:        0.513209E-01 au


