REKS do not use any electronic distribution function

Calculation with static geometry

********************************************************************************************
  iSCC       reks energy        Diff energy         x_a       SCC error   
   31       -6.2254162285      -0.0000000000     1.000000    0.00000089
********************************************************************************************

 SA-REKS optimizes the avergaed state, not individual states
 These charges do not mean the charges for individual states
 Similarly to this, the values in band.out file indicate
 the band energies and occupations for the averaged state
 If you want to compute the relaxed density,
 please, set 'RelaxedDensity = Yes' option

 Total charge:     1.00000000

 Atomic gross charges (e)
 Atom           Charge
    1       0.23125729
    2      -0.19543748
    3       0.17292477
    4       0.31949382
    5       0.32749244
    6       0.14426916

Nr. of electrons (up):     12.00000000
Atom populations (up)
 Atom       Population
    1       3.76874271
    2       5.19543748
    3       0.82707523
    4       0.68050618
    5       0.67250756
    6       0.85573084

l-shell populations (up)
 Atom Sh.   l       Population
    1   1   0       1.28998245
    1   2   1       2.47876026
    2   1   0       1.53523794
    2   2   1       3.66019954
    3   1   0       0.82707523
    4   1   0       0.68050618
    5   1   0       0.67250756
    6   1   0       0.85573084

Orbital populations (up)
 Atom Sh.   l   m       Population  Label
    1   1   0   0       1.28998245  s
    1   2   1  -1       0.99015589  p_y
    1   2   1   0       0.86736634  p_z
    1   2   1   1       0.62123804  p_x
    2   1   0   0       1.53523794  s
    2   2   1  -1       1.35411337  p_y
    2   2   1   0       1.16926912  p_z
    2   2   1   1       1.13681705  p_x
    3   1   0   0       0.82707523  s
    4   1   0   0       0.68050618  s
    5   1   0   0       0.67250756  s
    6   1   0   0       0.85573084  s

Input / Output electrons (q):     12.0000000000

Energy H0:                          -6.0889402249 H         -165.6885 eV
Energy SCC:                          0.1405992831 H            3.8259 eV
Energy SPIN:                        -0.0518989211 H           -1.4122 eV
Energy Fock:                        -0.2546644802 H           -6.9298 eV
Total Electronic energy:            -6.2549043431 H         -170.2046 eV
Repulsive energy:                    0.0533948733 H            1.4529 eV

Excitation Energy:                   0.0591447323 H            1.6094 eV

Total energy:                       -6.1958438624 H         -168.5975 eV

SCC converged

Total Forces
    1      0.065326942312      0.042651193497      0.024269059429
    2     -0.076863661591      0.080285331711     -0.081497052398
    3      0.008966310030     -0.002863093390     -0.008405004041
    4      0.059343989499     -0.011788793138      0.078348895232
    5     -0.028615897196     -0.047233584866     -0.012374103451
    6     -0.028157683055     -0.061051053814     -0.000341794771

Maximal derivative component:        0.814971E-01 au


