REKS do not use any electronic distribution function

Calculation with static geometry

********************************************************************************************
  iSCC       reks energy        Diff energy         x_a       SCC error   
   59       -6.2845577810      -0.0000000000     0.999938    0.00000090
********************************************************************************************

 SA-REKS optimizes the avergaed state, not individual states
 These charges do not mean the charges for individual states
 Similarly to this, the values in band.out file indicate
 the band energies and occupations for the averaged state
 If you want to compute the relaxed density,
 please, set 'RelaxedDensity = Yes' option

 Total charge:     1.00000000

 Atomic gross charges (e)
 Atom           Charge
    1       0.11997854
    2      -0.11168347
    3       0.18393063
    4       0.31158502
    5       0.31205616
    6       0.18413312

Nr. of electrons (up):     12.00000000
Atom populations (up)
 Atom       Population
    1       3.88002146
    2       5.11168347
    3       0.81606937
    4       0.68841498
    5       0.68794384
    6       0.81586688

l-shell populations (up)
 Atom Sh.   l       Population
    1   1   0       1.17734070
    1   2   1       2.70268076
    2   1   0       1.37860158
    2   2   1       3.73308189
    3   1   0       0.81606937
    4   1   0       0.68841498
    5   1   0       0.68794384
    6   1   0       0.81586688

Orbital populations (up)
 Atom Sh.   l   m       Population  Label
    1   1   0   0       1.17734070  s
    1   2   1  -1       0.85980913  p_y
    1   2   1   0       0.89498983  p_z
    1   2   1   1       0.94788179  p_x
    2   1   0   0       1.37860158  s
    2   2   1  -1       1.09194758  p_y
    2   2   1   0       1.12689564  p_z
    2   2   1   1       1.51423867  p_x
    3   1   0   0       0.81606937  s
    4   1   0   0       0.68841498  s
    5   1   0   0       0.68794384  s
    6   1   0   0       0.81586688  s

Input / Output electrons (q):     12.0000000000

Energy H0:                          -6.5271252462 H         -177.6121 eV
Energy SCC:                          0.1345390092 H            3.6610 eV
Energy SPIN:                        -0.0000332047 H           -0.0009 eV
Energy Fock:                        -0.2092343739 H           -5.6936 eV
Total Electronic energy:            -6.6018538155 H         -179.6456 eV
Repulsive energy:                    0.1927361564 H            5.2446 eV

Excitation Energy:                   0.0000000000 H            0.0000 eV

Total energy:                       -6.4096032508 H         -174.4142 eV

SCC converged

Total Forces
    1     -0.003084876180      0.000388353379     -0.017547301400
    2      0.003931787343      0.004070904878      0.013093090497
    3     -0.013241791389      0.003385712856     -0.001414140917
    4     -0.016603415736     -0.002063686460      0.004779384926
    5      0.014339830639     -0.002839623960      0.002779453709
    6      0.014658465323     -0.002941660694     -0.001690486816

Maximal derivative component:        0.175473E-01 au


