REKS do not use any electronic distribution function

Calculation with static geometry

********************************************************************************************
  iSCC       reks energy        Diff energy         x_a       SCC error   
   46       -6.2851531049      -0.0000000000     0.999970    0.00000082
********************************************************************************************

 SA-REKS optimizes the avergaed state, not individual states
 These charges do not mean the charges for individual states
 Similarly to this, the values in band.out file indicate
 the band energies and occupations for the averaged state
 If you want to compute the relaxed density,
 please, set 'RelaxedDensity = Yes' option

 Total charge:     1.00000000

 Atomic gross charges (e)
 Atom           Charge
    1       0.10308917
    2      -0.09793547
    3       0.18757923
    4       0.30873131
    5       0.30971709
    6       0.18881866

Nr. of electrons (up):     12.00000000
Atom populations (up)
 Atom       Population
    1       3.89691083
    2       5.09793547
    3       0.81242077
    4       0.69126869
    5       0.69028291
    6       0.81118134

l-shell populations (up)
 Atom Sh.   l       Population
    1   1   0       1.17051654
    1   2   1       2.72639429
    2   1   0       1.37524696
    2   2   1       3.72268851
    3   1   0       0.81242077
    4   1   0       0.69126869
    5   1   0       0.69028291
    6   1   0       0.81118134

Orbital populations (up)
 Atom Sh.   l   m       Population  Label
    1   1   0   0       1.17051654  s
    1   2   1  -1       0.98050093  p_y
    1   2   1   0       0.88706918  p_z
    1   2   1   1       0.85882418  p_x
    2   1   0   0       1.37524696  s
    2   2   1  -1       1.50242299  p_y
    2   2   1   0       1.11835146  p_z
    2   2   1   1       1.10191406  p_x
    3   1   0   0       0.81242077  s
    4   1   0   0       0.69126869  s
    5   1   0   0       0.69028291  s
    6   1   0   0       0.81118134  s

Input / Output electrons (q):     12.0000000000

Energy H0:                          -6.5366936070 H         -177.8725 eV
Energy SCC:                          0.1357757724 H            3.6946 eV
Energy SPIN:                        -0.0000174311 H           -0.0005 eV
Energy Fock:                        -0.2089669624 H           -5.6863 eV
Total Electronic energy:            -6.6099022281 H         -179.8646 eV
Repulsive energy:                    0.1944225575 H            5.2905 eV

Excitation Energy:                   0.0000000000 H            0.0000 eV

Total energy:                       -6.4155558927 H         -174.5762 eV

SCC converged

Total Forces
    1      0.000089709292      0.003693008129     -0.036352067638
    2     -0.002204842096     -0.008331475360      0.029975658161
    3      0.002305630296      0.007237242366      0.004901624781
    4      0.001250882239     -0.005763732941     -0.001948994763
    5      0.000207761728      0.011070575331     -0.003415928908
    6     -0.001649141458     -0.007905617525      0.006839708367

Maximal derivative component:        0.363521E-01 au


