REKS do not use any electronic distribution function

Calculation with static geometry

********************************************************************************************
  iSCC       reks energy        Diff energy         x_a       SCC error   
   50       -6.2842145979      -0.0000000000     0.999958    0.00000096
********************************************************************************************

 SA-REKS optimizes the avergaed state, not individual states
 These charges do not mean the charges for individual states
 Similarly to this, the values in band.out file indicate
 the band energies and occupations for the averaged state
 If you want to compute the relaxed density,
 please, set 'RelaxedDensity = Yes' option

 Total charge:     1.00000000

 Atomic gross charges (e)
 Atom           Charge
    1       0.10950403
    2      -0.10221936
    3       0.18616393
    4       0.31018833
    5       0.31026630
    6       0.18609678

Nr. of electrons (up):     12.00000000
Atom populations (up)
 Atom       Population
    1       3.89049597
    2       5.10221936
    3       0.81383607
    4       0.68981167
    5       0.68973370
    6       0.81390322

l-shell populations (up)
 Atom Sh.   l       Population
    1   1   0       1.17219608
    1   2   1       2.71829988
    2   1   0       1.37554493
    2   2   1       3.72667444
    3   1   0       0.81383607
    4   1   0       0.68981167
    5   1   0       0.68973370
    6   1   0       0.81390322

Orbital populations (up)
 Atom Sh.   l   m       Population  Label
    1   1   0   0       1.17219608  s
    1   2   1  -1       0.86028315  p_y
    1   2   1   0       0.89238996  p_z
    1   2   1   1       0.96562678  p_x
    2   1   0   0       1.37554493  s
    2   2   1  -1       1.09600226  p_y
    2   2   1   0       1.12156942  p_z
    2   2   1   1       1.50910276  p_x
    3   1   0   0       0.81383607  s
    4   1   0   0       0.68981167  s
    5   1   0   0       0.68973370  s
    6   1   0   0       0.81390322  s

Input / Output electrons (q):     12.0000000000

Energy H0:                          -6.5350265739 H         -177.8271 eV
Energy SCC:                          0.1352795094 H            3.6811 eV
Energy SPIN:                        -0.0000232177 H           -0.0006 eV
Energy Fock:                        -0.2093979390 H           -5.6980 eV
Total Electronic energy:            -6.6091682212 H         -179.8446 eV
Repulsive energy:                    0.1968059541 H            5.3554 eV

Excitation Energy:                   0.0000000000 H            0.0000 eV

Total energy:                       -6.4125905346 H         -174.4955 eV

SCC converged

Total Forces
    1      0.001645926249      0.001452181134     -0.035865795448
    2     -0.002635877937     -0.002293555261      0.032154316205
    3     -0.011237019334      0.003889859994      0.001847198042
    4     -0.011805720336      0.001768128767     -0.000113366483
    5      0.013289394059     -0.001275596248      0.000101342589
    6      0.010743297298     -0.003541018386      0.001876305094

Maximal derivative component:        0.358658E-01 au


