 KPT            1  SPIN            1  KWEIGHT    1.0000000000000000     
     1   -29.141  2.00000
     2   -27.438  2.00000
     3   -25.497  2.00000
     4   -23.193  2.00000
     5   -20.981  2.00000
     6   -20.666  2.00000
     7   -19.025  2.00000
     8   -18.514  2.00000
     9   -17.994  2.00000
    10   -17.454  2.00000
    11   -16.723  2.00000
    12   -16.678  2.00000
    13   -15.728  2.00000
    14   -15.231  2.00000
    15   -14.922  2.00000
    16   -13.898  1.49996
    17   -10.693  0.50004
    18    -3.205  0.00000
    19    -2.120  0.00000
    20     6.733  0.00000
    21     9.946  0.00000
    22    10.427  0.00000
    23    11.061  0.00000
    24    13.001  0.00000
    25    15.185  0.00000
    26    15.875  0.00000
    27    21.601  0.00000
    28    23.057  0.00000
    29    25.188  0.00000
    30    32.483  0.00000
    31    34.871  0.00000
    32    44.592  0.00000

