REKS do not use any electronic distribution function

Calculation with static geometry

********************************************************************************************
  iSCC       reks energy        Diff energy         x_a       SCC error   
  101      -16.4190126526      -0.0000000000     0.999962    0.00000094
********************************************************************************************

 SA-REKS optimizes the avergaed state, not individual states
 These charges do not mean the charges for individual states
 Similarly to this, the values in band.out file indicate
 the band energies and occupations for the averaged state
 If you want to compute the relaxed density,
 please, set 'RelaxedDensity = Yes' option

 Total charge:     1.00000000

 Atomic gross charges (e)
 Atom           Charge
    1      -0.05797648
    2      -0.01223051
    3       0.09064641
    4       0.13024055
    5       0.11565914
    6       0.09528142
    7      -0.13202901
    8       0.10647846
    9       0.10252275
   10       0.21129159
   11       0.10782310
   12      -0.28346724
   13       0.26442765
   14       0.26133216

Nr. of electrons (up):     32.00000000
Atom populations (up)
 Atom       Population
    1       4.05797648
    2       4.01223051
    3       0.90935359
    4       0.86975945
    5       0.88434086
    6       3.90471858
    7       4.13202901
    8       0.89352154
    9       0.89747725
   10       3.78870841
   11       0.89217690
   12       5.28346724
   13       0.73557235
   14       0.73866784

l-shell populations (up)
 Atom Sh.   l       Population
    1   1   0       1.20427160
    1   2   1       2.85370488
    2   1   0       1.14145210
    2   2   1       2.87077841
    3   1   0       0.90935359
    4   1   0       0.86975945
    5   1   0       0.88434086
    6   1   0       1.18972678
    6   2   1       2.71499180
    7   1   0       1.17721462
    7   2   1       2.95481439
    8   1   0       0.89352154
    9   1   0       0.89747725
   10   1   0       1.15145061
   10   2   1       2.63725780
   11   1   0       0.89217690
   12   1   0       1.44551088
   12   2   1       3.83795636
   13   1   0       0.73557235
   14   1   0       0.73866784

Orbital populations (up)
 Atom Sh.   l   m       Population  Label
    1   1   0   0       1.20427160  s
    1   2   1  -1       1.01610689  p_y
    1   2   1   0       0.94482135  p_z
    1   2   1   1       0.89277664  p_x
    2   1   0   0       1.14145210  s
    2   2   1  -1       0.95399734  p_y
    2   2   1   0       0.95323602  p_z
    2   2   1   1       0.96354505  p_x
    3   1   0   0       0.90935359  s
    4   1   0   0       0.86975945  s
    5   1   0   0       0.88434086  s
    6   1   0   0       1.18972678  s
    6   2   1  -1       0.90583808  p_y
    6   2   1   0       0.83835795  p_z
    6   2   1   1       0.97079577  p_x
    7   1   0   0       1.17721462  s
    7   2   1  -1       0.96459412  p_y
    7   2   1   0       1.01950373  p_z
    7   2   1   1       0.97071654  p_x
    8   1   0   0       0.89352154  s
    9   1   0   0       0.89747725  s
   10   1   0   0       1.15145061  s
   10   2   1  -1       0.95579370  p_y
   10   2   1   0       0.85002674  p_z
   10   2   1   1       0.83143736  p_x
   11   1   0   0       0.89217690  s
   12   1   0   0       1.44551088  s
   12   2   1  -1       1.31201249  p_y
   12   2   1   0       1.38029437  p_z
   12   2   1   1       1.14564949  p_x
   13   1   0   0       0.73557235  s
   14   1   0   0       0.73866784  s

Input / Output electrons (q):     32.0000000000

Energy H0:                         -16.3051645780 H         -443.6861 eV
Energy SCC:                          0.0962084126 H            2.6180 eV
Energy SPIN:                        -0.0000070954 H           -0.0002 eV
Energy Fock:                        -0.6632403971 H          -18.0477 eV
Total Electronic energy:           -16.8722036579 H         -459.1160 eV
Repulsive energy:                    0.3945110205 H           10.7352 eV

Excitation Energy:                   0.0000000000 H            0.0000 eV

Total energy:                      -16.4809392033 H         -448.4692 eV

SCC converged

Total Forces
    1     -0.060918025102      0.038680089491     -0.046303566648
    2      0.009939021412     -0.019599227001      0.037768110733
    3     -0.006742693936     -0.023064582429     -0.005785675348
    4      0.014361815440      0.008044961913      0.012537950396
    5      0.015354818966     -0.028520983556      0.004925729569
    6      0.035633334646      0.068240617175      0.022533791346
    7     -0.056359012688     -0.091409694151     -0.018238242095
    8     -0.016136404059     -0.020969692400     -0.013364434076
    9      0.029718378553      0.038889032313      0.019011608236
   10      0.147069917756     -0.014874797864     -0.051275759519
   11     -0.018073905684      0.028519333974     -0.000004613979
   12     -0.038107233757      0.006951383956      0.025486422707
   13     -0.020066203511     -0.031323933907      0.041137857635
   14     -0.035673808035      0.040437492484     -0.028429178957

Maximal derivative component:        0.147070E+00 au


