REKS do not use any electronic distribution function

Calculation with static geometry

********************************************************************************************
  iSCC       reks energy        Diff energy         x_a       SCC error   
   51       -6.2887902174      -0.0000000000     0.999971    0.00000086
********************************************************************************************

 SA-REKS optimizes the avergaed state, not individual states
 These charges do not mean the charges for individual states
 Similarly to this, the values in band.out file indicate
 the band energies and occupations for the averaged state
 If you want to compute the relaxed density,
 please, set 'RelaxedDensity = Yes' option

 Total charge:     1.00000000

 Atomic gross charges (e)
 Atom           Charge
    1       0.10561687
    2      -0.10891934
    3       0.19104358
    4       0.31021492
    5       0.30975905
    6       0.19228492

Nr. of electrons (up):     12.00000000
Atom populations (up)
 Atom       Population
    1       3.89438313
    2       5.10891934
    3       0.80895642
    4       0.68978508
    5       0.69024095
    6       0.80771508

l-shell populations (up)
 Atom Sh.   l       Population
    1   1   0       1.17899248
    1   2   1       2.71539065
    2   1   0       1.38278448
    2   2   1       3.72613486
    3   1   0       0.80895642
    4   1   0       0.68978508
    5   1   0       0.69024095
    6   1   0       0.80771508

Orbital populations (up)
 Atom Sh.   l   m       Population  Label
    1   1   0   0       1.17899248  s
    1   2   1  -1       0.85653666  p_y
    1   2   1   0       0.88235434  p_z
    1   2   1   1       0.97649965  p_x
    2   1   0   0       1.38278448  s
    2   2   1  -1       1.10955325  p_y
    2   2   1   0       1.11294235  p_z
    2   2   1   1       1.50363927  p_x
    3   1   0   0       0.80895642  s
    4   1   0   0       0.68978508  s
    5   1   0   0       0.69024095  s
    6   1   0   0       0.80771508  s

Input / Output electrons (q):     12.0000000000

Energy H0:                          -6.5278437929 H         -177.6317 eV
Energy SCC:                          0.1352055606 H            3.6791 eV
Energy SPIN:                        -0.0000166943 H           -0.0005 eV
Energy Fock:                        -0.2066977070 H           -5.6245 eV
Total Electronic energy:            -6.5993526336 H         -179.5775 eV
Repulsive energy:                    0.1806062403 H            4.9145 eV

Excitation Energy:                   0.0000000000 H            0.0000 eV

Total energy:                       -6.4187547972 H         -174.6632 eV

SCC converged

Total Forces
    1     -0.001090736292     -0.000076478123      0.018311740576
    2      0.001868247100      0.001515501019     -0.016035549346
    3      0.003092131707      0.001061730537      0.000498167797
    4      0.002099685586     -0.001646950334     -0.002938365950
    5     -0.003426838334      0.000419760880     -0.002513495040
    6     -0.002542489767     -0.001273563979      0.002677501964

Maximal derivative component:        0.183117E-01 au


