 KPT            1  SPIN            1  KWEIGHT    1.0000000000000000     
     1   -29.746  2.00000
     2   -27.481  2.00000
     3   -25.409  2.00000
     4   -23.428  2.00000
     5   -21.728  2.00000
     6   -20.372  2.00000
     7   -19.254  2.00000
     8   -19.146  2.00000
     9   -18.189  2.00000
    10   -17.428  2.00000
    11   -17.237  2.00000
    12   -16.732  2.00000
    13   -15.842  2.00000
    14   -15.804  2.00000
    15   -15.358  2.00000
    16   -13.789  1.49996
    17   -10.247  0.50004
    18    -4.307  0.00000
    19    -1.522  0.00000
    20     9.670  0.00000
    21    10.832  0.00000
    22    12.110  0.00000
    23    15.000  0.00000
    24    17.919  0.00000
    25    20.234  0.00000
    26    21.331  0.00000
    27    21.684  0.00000
    28    24.000  0.00000
    29    26.651  0.00000
    30    27.493  0.00000
    31    35.240  0.00000
    32    38.194  0.00000

