REKS do not use any electronic distribution function

Calculation with static geometry

********************************************************************************************
  iSCC       reks energy        Diff energy         x_a       SCC error   
   69      -16.4603716942      -0.0000000000     0.999957    0.00000096
********************************************************************************************

 SA-REKS optimizes the avergaed state, not individual states
 These charges do not mean the charges for individual states
 Similarly to this, the values in band.out file indicate
 the band energies and occupations for the averaged state
 If you want to compute the relaxed density,
 please, set 'RelaxedDensity = Yes' option

 Total charge:     1.00000000

 Atomic gross charges (e)
 Atom           Charge
    1      -0.05235648
    2      -0.00696164
    3       0.09104524
    4       0.11301797
    5       0.11935489
    6       0.05726810
    7      -0.10276421
    8       0.11239456
    9       0.11569498
   10       0.16063829
   11       0.09669221
   12      -0.20175211
   13       0.25126243
   14       0.24646577

Nr. of electrons (up):     32.00000000
Atom populations (up)
 Atom       Population
    1       4.05235648
    2       4.00696164
    3       0.90895476
    4       0.88698203
    5       0.88064511
    6       3.94273190
    7       4.10276421
    8       0.88760544
    9       0.88430502
   10       3.83936171
   11       0.90330779
   12       5.20175211
   13       0.74873757
   14       0.75353423

l-shell populations (up)
 Atom Sh.   l       Population
    1   1   0       1.21270636
    1   2   1       2.83965012
    2   1   0       1.15978561
    2   2   1       2.84717603
    3   1   0       0.90895476
    4   1   0       0.88698203
    5   1   0       0.88064511
    6   1   0       1.16913950
    6   2   1       2.77359240
    7   1   0       1.17596194
    7   2   1       2.92680227
    8   1   0       0.88760544
    9   1   0       0.88430502
   10   1   0       1.17027328
   10   2   1       2.66908843
   11   1   0       0.90330779
   12   1   0       1.37655346
   12   2   1       3.82519865
   13   1   0       0.74873757
   14   1   0       0.75353423

Orbital populations (up)
 Atom Sh.   l   m       Population  Label
    1   1   0   0       1.21270636  s
    1   2   1  -1       0.91288033  p_y
    1   2   1   0       0.93480302  p_z
    1   2   1   1       0.99196676  p_x
    2   1   0   0       1.15978561  s
    2   2   1  -1       0.93414921  p_y
    2   2   1   0       0.92209310  p_z
    2   2   1   1       0.99093373  p_x
    3   1   0   0       0.90895476  s
    4   1   0   0       0.88698203  s
    5   1   0   0       0.88064511  s
    6   1   0   0       1.16913950  s
    6   2   1  -1       0.90883571  p_y
    6   2   1   0       0.91297724  p_z
    6   2   1   1       0.95177945  p_x
    7   1   0   0       1.17596194  s
    7   2   1  -1       1.01482096  p_y
    7   2   1   0       0.96119274  p_z
    7   2   1   1       0.95078857  p_x
    8   1   0   0       0.88760544  s
    9   1   0   0       0.88430502  s
   10   1   0   0       1.17027328  s
   10   2   1  -1       0.85966427  p_y
   10   2   1   0       0.95384735  p_z
   10   2   1   1       0.85557681  p_x
   11   1   0   0       0.90330779  s
   12   1   0   0       1.37655346  s
   12   2   1  -1       1.53548398  p_y
   12   2   1   0       1.18339795  p_z
   12   2   1   1       1.10631672  p_x
   13   1   0   0       0.74873757  s
   14   1   0   0       0.75353423  s

Input / Output electrons (q):     32.0000000000

Energy H0:                         -16.4165662316 H         -446.7175 eV
Energy SCC:                          0.1005359389 H            2.7357 eV
Energy SPIN:                        -0.0000096903 H           -0.0003 eV
Energy Fock:                        -0.6543024839 H          -17.8045 eV
Total Electronic energy:           -16.9703424670 H         -461.7865 eV
Repulsive energy:                    0.4447812370 H           12.1031 eV

Excitation Energy:                   0.0000000000 H            0.0000 eV

Total energy:                      -16.5256765980 H         -449.6865 eV

SCC converged

Total Forces
    1      0.009788147630      0.023402517103     -0.034496714716
    2      0.033543586997     -0.033349970302     -0.004226175886
    3      0.007824546406     -0.002189480883      0.016797794565
    4     -0.016628977847     -0.013753336204      0.004444009881
    5     -0.023169631739      0.015878025473      0.004911653724
    6     -0.042443124119      0.037675966478      0.025506584802
    7      0.062809882160      0.012453996725     -0.076311518438
    8     -0.010167568572     -0.021914347568     -0.001823219753
    9      0.009048288849     -0.002498054108      0.006822163204
   10      0.029713421889      0.011495428315      0.021528143318
   11     -0.009895678198     -0.016583037426      0.020439204078
   12     -0.074416564682     -0.016085778174     -0.012745046697
   13     -0.000188155249      0.004090782649     -0.013370509128
   14      0.024181826476      0.001377287923      0.042523631046

Maximal derivative component:        0.763115E-01 au


