REKS do not use any electronic distribution function

Calculation with static geometry

********************************************************************************************
  iSCC       reks energy        Diff energy         x_a       SCC error   
   40       -6.1471458663      -0.0000000000     1.000000    0.00000092
********************************************************************************************

 SA-REKS optimizes the avergaed state, not individual states
 These charges do not mean the charges for individual states
 Similarly to this, the values in band.out file indicate
 the band energies and occupations for the averaged state
 If you want to compute the relaxed density,
 please, set 'RelaxedDensity = Yes' option

 Total charge:     1.00000000

 Atomic gross charges (e)
 Atom           Charge
    1       0.15853597
    2      -0.10686946
    3       0.27596035
    4       0.22542179
    5       0.21810961
    6       0.22884175

Nr. of electrons (up):     12.00000000
Atom populations (up)
 Atom       Population
    1       3.84146403
    2       5.10686946
    3       0.72403965
    4       0.77457821
    5       0.78189039
    6       0.77115825

l-shell populations (up)
 Atom Sh.   l       Population
    1   1   0       1.15243019
    1   2   1       2.68903384
    2   1   0       1.60459899
    2   2   1       3.50227047
    3   1   0       0.72403965
    4   1   0       0.77457821
    5   1   0       0.78189039
    6   1   0       0.77115825

Orbital populations (up)
 Atom Sh.   l   m       Population  Label
    1   1   0   0       1.15243019  s
    1   2   1  -1       0.89082298  p_y
    1   2   1   0       0.93522051  p_z
    1   2   1   1       0.86299035  p_x
    2   1   0   0       1.60459899  s
    2   2   1  -1       0.94293675  p_y
    2   2   1   0       1.41706393  p_z
    2   2   1   1       1.14226979  p_x
    3   1   0   0       0.72403965  s
    4   1   0   0       0.77457821  s
    5   1   0   0       0.78189039  s
    6   1   0   0       0.77115825  s

Input / Output electrons (q):     12.0000000000

Energy H0:                          -6.4214935385 H         -174.7377 eV
Energy SCC:                          0.1485019380 H            4.0409 eV
Energy SPIN:                        -0.0000000181 H           -0.0000 eV
Energy Fock:                        -0.2501413198 H           -6.8067 eV
Total Electronic energy:            -6.5231329385 H         -177.5035 eV
Repulsive energy:                    0.3086032869 H            8.3975 eV

Excitation Energy:                   0.0000000000 H            0.0000 eV

Total energy:                       -6.2294112107 H         -169.5109 eV

SCC converged

Total Forces
    1     -0.081010383927     -0.001515763392     -0.300664864238
    2      0.067229586593      0.025811602253      0.269338672150
    3      0.001352959790     -0.019725760310     -0.003314300534
    4      0.025988765792     -0.023131294067      0.020386596026
    5     -0.033842888107      0.000252349824     -0.011610138864
    6      0.020281959859      0.018308865692      0.025864035459

Maximal derivative component:        0.300665E+00 au


