REKS do not use any electronic distribution function

Calculation with static geometry

********************************************************************************************
  iSCC       reks energy        Diff energy         x_a       SCC error   
   27       -6.1838093072      -0.0000000000     1.000000    0.00000073
********************************************************************************************

 SA-REKS optimizes the avergaed state, not individual states
 These charges do not mean the charges for individual states
 Similarly to this, the values in band.out file indicate
 the band energies and occupations for the averaged state
 If you want to compute the relaxed density,
 please, set 'RelaxedDensity = Yes' option

 Total charge:     1.00000000

 Atomic gross charges (e)
 Atom           Charge
    1       0.22009521
    2      -0.20663657
    3       0.16777933
    4       0.33709158
    5       0.32593497
    6       0.15573549

Nr. of electrons (up):     12.00000000
Atom populations (up)
 Atom       Population
    1       3.77990479
    2       5.20663657
    3       0.83222067
    4       0.66290842
    5       0.67406503
    6       0.84426451

l-shell populations (up)
 Atom Sh.   l       Population
    1   1   0       1.20296770
    1   2   1       2.57693709
    2   1   0       1.50385792
    2   2   1       3.70277865
    3   1   0       0.83222067
    4   1   0       0.66290842
    5   1   0       0.67406503
    6   1   0       0.84426451

Orbital populations (up)
 Atom Sh.   l   m       Population  Label
    1   1   0   0       1.20296770  s
    1   2   1  -1       0.78459908  p_y
    1   2   1   0       0.95185887  p_z
    1   2   1   1       0.84047914  p_x
    2   1   0   0       1.50385792  s
    2   2   1  -1       1.31487102  p_y
    2   2   1   0       1.19675587  p_z
    2   2   1   1       1.19115177  p_x
    3   1   0   0       0.83222067  s
    4   1   0   0       0.66290842  s
    5   1   0   0       0.67406503  s
    6   1   0   0       0.84426451  s

Input / Output electrons (q):     12.0000000000

Energy H0:                          -6.2001231079 H         -168.7139 eV
Energy SCC:                          0.1429628194 H            3.8902 eV
Energy SPIN:                        -0.0542228550 H           -1.4755 eV
Energy Fock:                        -0.2604747422 H           -7.0879 eV
Total Electronic energy:            -6.3718578858 H         -173.3871 eV
Repulsive energy:                    0.2065843810 H            5.6214 eV

Excitation Energy:                   0.0604417223 H            1.6447 eV

Total energy:                       -6.1535884460 H         -167.4477 eV

SCC converged

Total Forces
    1     -0.125792969401      0.127678835221      0.090639030320
    2      0.018204617601      0.102072927623      0.055289629010
    3      0.135413133197     -0.188826506240     -0.156638071073
    4     -0.063463333964     -0.054122285429      0.004601908211
    5      0.031322656362     -0.014623083668      0.022462654287
    6      0.004315896204      0.027820112494     -0.016355150755

Maximal derivative component:        0.188827E+00 au


