REKS do not use any electronic distribution function

Calculation with static geometry

********************************************************************************************
  iSCC       reks energy        Diff energy         x_a       SCC error   
   68       -6.2861559581      -0.0000000000     0.999924    0.00000097
********************************************************************************************

 SA-REKS optimizes the avergaed state, not individual states
 These charges do not mean the charges for individual states
 Similarly to this, the values in band.out file indicate
 the band energies and occupations for the averaged state
 If you want to compute the relaxed density,
 please, set 'RelaxedDensity = Yes' option

 Total charge:     1.00000000

 Atomic gross charges (e)
 Atom           Charge
    1       0.12652240
    2      -0.12442991
    3       0.18321594
    4       0.31575321
    5       0.31310898
    6       0.18582938

Nr. of electrons (up):     12.00000000
Atom populations (up)
 Atom       Population
    1       3.87347760
    2       5.12442991
    3       0.81678406
    4       0.68424679
    5       0.68689102
    6       0.81417062

l-shell populations (up)
 Atom Sh.   l       Population
    1   1   0       1.18541346
    1   2   1       2.68806413
    2   1   0       1.38689408
    2   2   1       3.73753584
    3   1   0       0.81678406
    4   1   0       0.68424679
    5   1   0       0.68689102
    6   1   0       0.81417062

Orbital populations (up)
 Atom Sh.   l   m       Population  Label
    1   1   0   0       1.18541346  s
    1   2   1  -1       0.85620621  p_y
    1   2   1   0       0.89206583  p_z
    1   2   1   1       0.93979209  p_x
    2   1   0   0       1.38689408  s
    2   2   1  -1       1.08443158  p_y
    2   2   1   0       1.13011898  p_z
    2   2   1   1       1.52298528  p_x
    3   1   0   0       0.81678406  s
    4   1   0   0       0.68424679  s
    5   1   0   0       0.68689102  s
    6   1   0   0       0.81417062  s

Input / Output electrons (q):     12.0000000000

Energy H0:                          -6.5127893738 H         -177.2220 eV
Energy SCC:                          0.1337784577 H            3.6403 eV
Energy SPIN:                        -0.0000395295 H           -0.0011 eV
Energy Fock:                        -0.2079048593 H           -5.6574 eV
Total Electronic energy:            -6.5869553050 H         -179.2402 eV
Repulsive energy:                    0.1783289208 H            4.8526 eV

Excitation Energy:                   0.0000000000 H            0.0000 eV

Total energy:                       -6.4091735662 H         -174.4025 eV

SCC converged

Total Forces
    1      0.000161419294     -0.001852020788      0.023739350026
    2     -0.003097263316      0.003290206605     -0.024888389894
    3     -0.013271963428      0.002697939719     -0.004923938321
    4     -0.013688944429      0.005290130051      0.001399391494
    5      0.016274732589     -0.005033602807      0.008492413051
    6      0.013622019289     -0.004392652780     -0.003818826357

Maximal derivative component:        0.248884E-01 au


