REKS do not use any electronic distribution function

Calculation with static geometry

********************************************************************************************
  iSCC       reks energy        Diff energy         x_a       SCC error   
   45       -6.1742615105      -0.0000000000     1.000000    0.00000093
********************************************************************************************

 SA-REKS optimizes the avergaed state, not individual states
 These charges do not mean the charges for individual states
 Similarly to this, the values in band.out file indicate
 the band energies and occupations for the averaged state
 If you want to compute the relaxed density,
 please, set 'RelaxedDensity = Yes' option

 Total charge:     1.00000000

 Atomic gross charges (e)
 Atom           Charge
    1       0.37083940
    2      -0.28840028
    3       0.14258159
    4       0.28658295
    5       0.31490361
    6       0.17349274

Nr. of electrons (up):     12.00000000
Atom populations (up)
 Atom       Population
    1       3.62916060
    2       5.28840028
    3       0.85741841
    4       0.71341705
    5       0.68509639
    6       0.82650726

l-shell populations (up)
 Atom Sh.   l       Population
    1   1   0       1.35034971
    1   2   1       2.27881090
    2   1   0       1.56258243
    2   2   1       3.72581785
    3   1   0       0.85741841
    4   1   0       0.71341705
    5   1   0       0.68509639
    6   1   0       0.82650726

Orbital populations (up)
 Atom Sh.   l   m       Population  Label
    1   1   0   0       1.35034971  s
    1   2   1  -1       0.72476071  p_y
    1   2   1   0       0.71103290  p_z
    1   2   1   1       0.84301728  p_x
    2   1   0   0       1.56258243  s
    2   2   1  -1       1.35516749  p_y
    2   2   1   0       1.01857429  p_z
    2   2   1   1       1.35207607  p_x
    3   1   0   0       0.85741841  s
    4   1   0   0       0.71341705  s
    5   1   0   0       0.68509639  s
    6   1   0   0       0.82650726  s

Input / Output electrons (q):     12.0000000000

Energy H0:                          -6.1530760489 H         -167.4337 eV
Energy SCC:                          0.1687975982 H            4.5932 eV
Energy SPIN:                        -0.0000000048 H           -0.0000 eV
Energy Fock:                        -0.2231604979 H           -6.0725 eV
Total Electronic energy:            -6.2074389534 H         -168.9130 eV
Repulsive energy:                    0.0531605557 H            1.4466 eV

Excitation Energy:                   0.0000000000 H            0.0000 eV

Total energy:                       -6.2214146913 H         -169.2933 eV

SCC converged

Total Forces
    1      0.103806649438     -0.014908495269      0.100022804746
    2      0.028951211699      0.062980936776     -0.010597190290
    3     -0.056160778198     -0.013452836801      0.009897953485
    4     -0.010852750443     -0.034860412769     -0.053209501801
    5     -0.038986824950      0.002923365191     -0.057277013405
    6     -0.026757507546     -0.002682557127      0.011162947265

Maximal derivative component:        0.103807E+00 au


