 KPT            1  SPIN            1  KWEIGHT    1.0000000000000000     
     1   -29.483  2.00000
     2   -27.370  2.00000
     3   -25.631  2.00000
     4   -22.917  2.00000
     5   -21.304  2.00000
     6   -20.833  2.00000
     7   -19.498  2.00000
     8   -18.600  2.00000
     9   -18.124  2.00000
    10   -17.265  2.00000
    11   -16.953  2.00000
    12   -16.265  2.00000
    13   -16.002  2.00000
    14   -15.586  2.00000
    15   -15.362  2.00000
    16   -13.627  1.49986
    17   -10.567  0.50014
    18    -3.697  0.00000
    19    -1.244  0.00000
    20     7.269  0.00000
    21    10.842  0.00000
    22    12.532  0.00000
    23    15.273  0.00000
    24    16.749  0.00000
    25    17.012  0.00000
    26    17.531  0.00000
    27    20.438  0.00000
    28    23.113  0.00000
    29    29.382  0.00000
    30    30.620  0.00000
    31    38.847  0.00000
    32    45.443  0.00000

