REKS do not use any electronic distribution function

Calculation with static geometry

********************************************************************************************
  iSCC       reks energy        Diff energy         x_a       SCC error   
   62      -16.4170896669      -0.0000000000     0.999859    0.00000097
********************************************************************************************

 SA-REKS optimizes the avergaed state, not individual states
 These charges do not mean the charges for individual states
 Similarly to this, the values in band.out file indicate
 the band energies and occupations for the averaged state
 If you want to compute the relaxed density,
 please, set 'RelaxedDensity = Yes' option

 Total charge:     1.00000000

 Atomic gross charges (e)
 Atom           Charge
    1      -0.00895341
    2      -0.03270465
    3       0.09186561
    4       0.11335383
    5       0.12303651
    6       0.07275814
    7      -0.11163012
    8       0.07584277
    9       0.11960720
   10       0.18230931
   11       0.10129725
   12      -0.26553538
   13       0.27990294
   14       0.25885000

Nr. of electrons (up):     32.00000000
Atom populations (up)
 Atom       Population
    1       4.00895341
    2       4.03270465
    3       0.90813439
    4       0.88664617
    5       0.87696349
    6       3.92724186
    7       4.11163012
    8       0.92415723
    9       0.88039280
   10       3.81769069
   11       0.89870275
   12       5.26553538
   13       0.72009706
   14       0.74115000

l-shell populations (up)
 Atom Sh.   l       Population
    1   1   0       1.21303641
    1   2   1       2.79591700
    2   1   0       1.14662019
    2   2   1       2.88608446
    3   1   0       0.90813439
    4   1   0       0.88664617
    5   1   0       0.87696349
    6   1   0       1.18076566
    6   2   1       2.74647620
    7   1   0       1.16136307
    7   2   1       2.95026705
    8   1   0       0.92415723
    9   1   0       0.88039280
   10   1   0       1.16205821
   10   2   1       2.65563248
   11   1   0       0.89870275
   12   1   0       1.41098024
   12   2   1       3.85455514
   13   1   0       0.72009706
   14   1   0       0.74115000

Orbital populations (up)
 Atom Sh.   l   m       Population  Label
    1   1   0   0       1.21303641  s
    1   2   1  -1       0.93659144  p_y
    1   2   1   0       0.90355957  p_z
    1   2   1   1       0.95576599  p_x
    2   1   0   0       1.14662019  s
    2   2   1  -1       0.93679107  p_y
    2   2   1   0       0.98110603  p_z
    2   2   1   1       0.96818736  p_x
    3   1   0   0       0.90813439  s
    4   1   0   0       0.88664617  s
    5   1   0   0       0.87696349  s
    6   1   0   0       1.18076566  s
    6   2   1  -1       0.91766555  p_y
    6   2   1   0       0.93540947  p_z
    6   2   1   1       0.89340117  p_x
    7   1   0   0       1.16136307  s
    7   2   1  -1       0.97158602  p_y
    7   2   1   0       1.02890927  p_z
    7   2   1   1       0.94977175  p_x
    8   1   0   0       0.92415723  s
    9   1   0   0       0.88039280  s
   10   1   0   0       1.16205821  s
   10   2   1  -1       0.95948987  p_y
   10   2   1   0       0.83084738  p_z
   10   2   1   1       0.86529524  p_x
   11   1   0   0       0.89870275  s
   12   1   0   0       1.41098024  s
   12   2   1  -1       1.15111930  p_y
   12   2   1   0       1.50519952  p_z
   12   2   1   1       1.19823632  p_x
   13   1   0   0       0.72009706  s
   14   1   0   0       0.74115000  s

Input / Output electrons (q):     32.0000000000

Energy H0:                         -16.3500825567 H         -444.9084 eV
Energy SCC:                          0.0925659418 H            2.5188 eV
Energy SPIN:                        -0.0000240699 H           -0.0007 eV
Energy Fock:                        -0.6651003988 H          -18.0983 eV
Total Electronic energy:           -16.9226410835 H         -460.4885 eV
Repulsive energy:                    0.4488894688 H           12.2149 eV

Excitation Energy:                   0.0000000000 H            0.0000 eV

Total energy:                      -16.4774979677 H         -448.3755 eV

SCC converged

Total Forces
    1     -0.060456379028      0.007622106734      0.032572221370
    2      0.018014834105      0.016143998794     -0.003971763659
    3     -0.003148627198     -0.012049937800      0.001430997382
    4     -0.001842504321     -0.002380889730      0.006142068963
    5      0.014230483815     -0.028735659509     -0.032783343297
    6      0.103072995182      0.019060771226     -0.002434722313
    7     -0.104313596493     -0.092100046631     -0.041711757520
    8     -0.031669775426      0.026654304445      0.008940679678
    9     -0.002957910464      0.006947319518     -0.004466642899
   10      0.095281558190      0.117077727210      0.085319455905
   11     -0.002995304575     -0.042834989902     -0.026295922055
   12     -0.057255295642     -0.004972050539     -0.032953000318
   13     -0.008152083188     -0.017848684435      0.004002136169
   14      0.042191605043      0.007416030618      0.006209592594

Maximal derivative component:        0.117078E+00 au


