 KPT            1  SPIN            1  KWEIGHT    1.0000000000000000     
     1   -29.859  2.00000
     2   -27.253  2.00000
     3   -25.402  2.00000
     4   -23.007  2.00000
     5   -21.289  2.00000
     6   -20.445  2.00000
     7   -19.630  2.00000
     8   -19.012  2.00000
     9   -18.310  2.00000
    10   -17.657  2.00000
    11   -17.197  2.00000
    12   -16.169  2.00000
    13   -15.828  2.00000
    14   -15.160  2.00000
    15   -14.673  2.00000
    16   -13.374  1.49999
    17    -9.257  0.50001
    18    -3.888  0.00000
    19    -0.986  0.00000
    20     8.397  0.00000
    21    10.831  0.00000
    22    13.752  0.00000
    23    14.570  0.00000
    24    18.121  0.00000
    25    18.731  0.00000
    26    22.017  0.00000
    27    25.688  0.00000
    28    27.702  0.00000
    29    34.089  0.00000
    30    39.200  0.00000
    31    44.237  0.00000
    32    48.653  0.00000

