REKS do not use any electronic distribution function

Calculation with static geometry

********************************************************************************************
  iSCC       reks energy        Diff energy         x_a       SCC error   
  110      -16.3840242687      -0.0000000000     0.999991    0.00000097
********************************************************************************************

 SA-REKS optimizes the avergaed state, not individual states
 These charges do not mean the charges for individual states
 Similarly to this, the values in band.out file indicate
 the band energies and occupations for the averaged state
 If you want to compute the relaxed density,
 please, set 'RelaxedDensity = Yes' option

 Total charge:     1.00000000

 Atomic gross charges (e)
 Atom           Charge
    1      -0.02964495
    2       0.00075106
    3       0.09947748
    4       0.12554205
    5       0.11396220
    6       0.01773605
    7      -0.13174288
    8       0.09042668
    9       0.10871374
   10       0.19159713
   11       0.10180986
   12      -0.19139607
   13       0.25640613
   14       0.24636153

Nr. of electrons (up):     32.00000000
Atom populations (up)
 Atom       Population
    1       4.02964495
    2       3.99924894
    3       0.90052252
    4       0.87445795
    5       0.88603780
    6       3.98226395
    7       4.13174288
    8       0.90957332
    9       0.89128626
   10       3.80840287
   11       0.89819014
   12       5.19139607
   13       0.74359387
   14       0.75363847

l-shell populations (up)
 Atom Sh.   l       Population
    1   1   0       1.20086397
    1   2   1       2.82878098
    2   1   0       1.13659305
    2   2   1       2.86265589
    3   1   0       0.90052252
    4   1   0       0.87445795
    5   1   0       0.88603780
    6   1   0       1.13853030
    6   2   1       2.84373365
    7   1   0       1.14791093
    7   2   1       2.98383195
    8   1   0       0.90957332
    9   1   0       0.89128626
   10   1   0       1.11813487
   10   2   1       2.69026801
   11   1   0       0.89819014
   12   1   0       1.38006452
   12   2   1       3.81133156
   13   1   0       0.74359387
   14   1   0       0.75363847

Orbital populations (up)
 Atom Sh.   l   m       Population  Label
    1   1   0   0       1.20086397  s
    1   2   1  -1       0.98136215  p_y
    1   2   1   0       0.86184473  p_z
    1   2   1   1       0.98557410  p_x
    2   1   0   0       1.13659305  s
    2   2   1  -1       0.96479628  p_y
    2   2   1   0       0.95114579  p_z
    2   2   1   1       0.94671381  p_x
    3   1   0   0       0.90052252  s
    4   1   0   0       0.87445795  s
    5   1   0   0       0.88603780  s
    6   1   0   0       1.13853030  s
    6   2   1  -1       0.96927020  p_y
    6   2   1   0       0.89306036  p_z
    6   2   1   1       0.98140309  p_x
    7   1   0   0       1.14791093  s
    7   2   1  -1       0.97345354  p_y
    7   2   1   0       1.06856266  p_z
    7   2   1   1       0.94181574  p_x
    8   1   0   0       0.90957332  s
    9   1   0   0       0.89128626  s
   10   1   0   0       1.11813487  s
   10   2   1  -1       0.84985248  p_y
   10   2   1   0       0.94431253  p_z
   10   2   1   1       0.89610300  p_x
   11   1   0   0       0.89819014  s
   12   1   0   0       1.38006452  s
   12   2   1  -1       1.47118603  p_y
   12   2   1   0       1.21371202  p_z
   12   2   1   1       1.12643351  p_x
   13   1   0   0       0.74359387  s
   14   1   0   0       0.75363847  s

Input / Output electrons (q):     32.0000000000

Energy H0:                         -16.4332242615 H         -447.1708 eV
Energy SCC:                          0.1024832044 H            2.7887 eV
Energy SPIN:                        -0.0000023601 H           -0.0001 eV
Energy Fock:                        -0.6792132788 H          -18.4823 eV
Total Electronic energy:           -17.0099566959 H         -462.8645 eV
Repulsive energy:                    0.5527855860 H           15.0421 eV

Excitation Energy:                   0.0000000000 H            0.0000 eV

Total energy:                      -16.4571737392 H         -447.8225 eV

SCC converged

Total Forces
    1     -0.004575050291      0.044894574104      0.024867279760
    2     -0.005801569710     -0.058531352379      0.018954898264
    3     -0.009485320709     -0.014772703651     -0.019805797019
    4     -0.035120388442     -0.038886061006     -0.007274375909
    5     -0.000697263697     -0.033390592310     -0.011987650181
    6     -0.008931776368      0.107707428932     -0.045316530140
    7      0.035306092172     -0.062732015085      0.028376791960
    8     -0.034795908865      0.028580880593     -0.007706514478
    9      0.027690487841      0.005526521016      0.017920001571
   10     -0.042132989152     -0.021560134138     -0.042641010509
   11     -0.000430736859     -0.002182777061     -0.004375985419
   12      0.091476498504      0.071842445630      0.088988320728
   13     -0.030987594956      0.003568110244     -0.007322661638
   14      0.018485520530     -0.030064324889     -0.032676766991

Maximal derivative component:        0.107707E+00 au


