REKS do not use any electronic distribution function

Calculation with static geometry

********************************************************************************************
  iSCC       reks energy        Diff energy         x_a       SCC error   
   44       -6.2833875395      -0.0000000000     0.999974    0.00000085
********************************************************************************************

 SA-REKS optimizes the avergaed state, not individual states
 These charges do not mean the charges for individual states
 Similarly to this, the values in band.out file indicate
 the band energies and occupations for the averaged state
 If you want to compute the relaxed density,
 please, set 'RelaxedDensity = Yes' option

 Total charge:     1.00000000

 Atomic gross charges (e)
 Atom           Charge
    1       0.10159483
    2      -0.10033021
    3       0.18659837
    4       0.30960380
    5       0.30820603
    6       0.19432717

Nr. of electrons (up):     12.00000000
Atom populations (up)
 Atom       Population
    1       3.89840517
    2       5.10033021
    3       0.81340163
    4       0.69039620
    5       0.69179397
    6       0.80567283

l-shell populations (up)
 Atom Sh.   l       Population
    1   1   0       1.17505920
    1   2   1       2.72334597
    2   1   0       1.37981271
    2   2   1       3.72051749
    3   1   0       0.81340163
    4   1   0       0.69039620
    5   1   0       0.69179397
    6   1   0       0.80567283

Orbital populations (up)
 Atom Sh.   l   m       Population  Label
    1   1   0   0       1.17505920  s
    1   2   1  -1       0.85441766  p_y
    1   2   1   0       0.89357866  p_z
    1   2   1   1       0.97534964  p_x
    2   1   0   0       1.37981271  s
    2   2   1  -1       1.09853765  p_y
    2   2   1   0       1.12271526  p_z
    2   2   1   1       1.49926458  p_x
    3   1   0   0       0.81340163  s
    4   1   0   0       0.69039620  s
    5   1   0   0       0.69179397  s
    6   1   0   0       0.80567283  s

Input / Output electrons (q):     12.0000000000

Energy H0:                          -6.5332346255 H         -177.7784 eV
Energy SCC:                          0.1357698461 H            3.6945 eV
Energy SPIN:                        -0.0000148492 H           -0.0004 eV
Energy Fock:                        -0.2093356146 H           -5.6963 eV
Total Electronic energy:            -6.6068152432 H         -179.7806 eV
Repulsive energy:                    0.1929522986 H            5.2505 eV

Excitation Energy:                   0.0000000000 H            0.0000 eV

Total energy:                       -6.4139056226 H         -174.5313 eV

SCC converged

Total Forces
    1     -0.005235493633      0.012549728575     -0.027384113485
    2      0.021404303519      0.004210237547      0.034453362900
    3     -0.005898409596     -0.002657220163     -0.007912195156
    4     -0.013288033852     -0.005411320711     -0.001691667664
    5     -0.002964077698     -0.007751173040     -0.004122644748
    6      0.005981711260     -0.000940252207      0.006657258152

Maximal derivative component:        0.344534E-01 au


