REKS do not use any electronic distribution function

Calculation with static geometry

********************************************************************************************
  iSCC       reks energy        Diff energy         x_a       SCC error   
   44       -6.2849658851      -0.0000000000     0.999972    0.00000090
********************************************************************************************

 SA-REKS optimizes the avergaed state, not individual states
 These charges do not mean the charges for individual states
 Similarly to this, the values in band.out file indicate
 the band energies and occupations for the averaged state
 If you want to compute the relaxed density,
 please, set 'RelaxedDensity = Yes' option

 Total charge:     1.00000000

 Atomic gross charges (e)
 Atom           Charge
    1       0.10135287
    2      -0.09651107
    3       0.18792386
    4       0.30840886
    5       0.30951656
    6       0.18930893

Nr. of electrons (up):     12.00000000
Atom populations (up)
 Atom       Population
    1       3.89864713
    2       5.09651107
    3       0.81207614
    4       0.69159114
    5       0.69048344
    6       0.81069107

l-shell populations (up)
 Atom Sh.   l       Population
    1   1   0       1.16945327
    1   2   1       2.72919386
    2   1   0       1.37476023
    2   2   1       3.72175085
    3   1   0       0.81207614
    4   1   0       0.69159114
    5   1   0       0.69048344
    6   1   0       0.81069107

Orbital populations (up)
 Atom Sh.   l   m       Population  Label
    1   1   0   0       1.16945327  s
    1   2   1  -1       0.98384362  p_y
    1   2   1   0       0.88657547  p_z
    1   2   1   1       0.85877478  p_x
    2   1   0   0       1.37476023  s
    2   2   1  -1       1.50234384  p_y
    2   2   1   0       1.11724435  p_z
    2   2   1   1       1.10216266  p_x
    3   1   0   0       0.81207614  s
    4   1   0   0       0.69159114  s
    5   1   0   0       0.69048344  s
    6   1   0   0       0.81069107  s

Input / Output electrons (q):     12.0000000000

Energy H0:                          -6.5385673029 H         -177.9235 eV
Energy SCC:                          0.1359224633 H            3.6986 eV
Energy SPIN:                        -0.0000160972 H           -0.0004 eV
Energy Fock:                        -0.2089541327 H           -5.6859 eV
Total Electronic energy:            -6.6116150695 H         -179.9112 eV
Repulsive energy:                    0.1956134022 H            5.3229 eV

Excitation Energy:                   0.0000000000 H            0.0000 eV

Total energy:                       -6.4160555339 H         -174.5898 eV

SCC converged

Total Forces
    1      0.000507514603      0.003741276847     -0.037814680015
    2     -0.002591157754     -0.008903891683      0.032592030212
    3      0.002783880148      0.006221217474      0.004850103894
    4      0.001552055399     -0.004455055077     -0.002415806279
    5      0.000128650678      0.010209008740     -0.004308958145
    6     -0.002380943073     -0.006812556301      0.007097310333

Maximal derivative component:        0.378147E-01 au


