 KPT            1  SPIN            1  KWEIGHT    1.0000000000000000     
     1   -29.958  2.00000
     2   -27.107  2.00000
     3   -25.411  2.00000
     4   -22.879  2.00000
     5   -21.348  2.00000
     6   -20.364  2.00000
     7   -19.669  2.00000
     8   -18.760  2.00000
     9   -18.154  2.00000
    10   -17.612  2.00000
    11   -16.751  2.00000
    12   -16.039  2.00000
    13   -15.897  2.00000
    14   -15.693  2.00000
    15   -14.637  2.00000
    16   -13.656  1.49996
    17    -9.571  0.50004
    18    -3.294  0.00000
    19    -0.856  0.00000
    20     7.248  0.00000
    21     9.227  0.00000
    22    11.959  0.00000
    23    13.689  0.00000
    24    15.779  0.00000
    25    15.977  0.00000
    26    18.624  0.00000
    27    19.184  0.00000
    28    22.589  0.00000
    29    25.099  0.00000
    30    32.216  0.00000
    31    40.396  0.00000
    32    46.340  0.00000

