REKS do not use any electronic distribution function

Calculation with static geometry

********************************************************************************************
  iSCC       reks energy        Diff energy         x_a       SCC error   
   72      -16.4449892482      -0.0000000000     0.999961    0.00000096
********************************************************************************************

 SA-REKS optimizes the avergaed state, not individual states
 These charges do not mean the charges for individual states
 Similarly to this, the values in band.out file indicate
 the band energies and occupations for the averaged state
 If you want to compute the relaxed density,
 please, set 'RelaxedDensity = Yes' option

 Total charge:     1.00000000

 Atomic gross charges (e)
 Atom           Charge
    1      -0.00305027
    2      -0.01639868
    3       0.12402300
    4       0.09946300
    5       0.08693737
    6       0.05350661
    7      -0.13700720
    8       0.08510806
    9       0.11804988
   10       0.17608454
   11       0.06105953
   12      -0.15642397
   13       0.24980804
   14       0.25884010

Nr. of electrons (up):     32.00000000
Atom populations (up)
 Atom       Population
    1       4.00305027
    2       4.01639868
    3       0.87597700
    4       0.90053700
    5       0.91306263
    6       3.94649339
    7       4.13700720
    8       0.91489194
    9       0.88195012
   10       3.82391546
   11       0.93894047
   12       5.15642397
   13       0.75019196
   14       0.74115990

l-shell populations (up)
 Atom Sh.   l       Population
    1   1   0       1.21918924
    1   2   1       2.78386103
    2   1   0       1.16746073
    2   2   1       2.84893795
    3   1   0       0.87597700
    4   1   0       0.90053700
    5   1   0       0.91306263
    6   1   0       1.18119308
    6   2   1       2.76530031
    7   1   0       1.17921943
    7   2   1       2.95778777
    8   1   0       0.91489194
    9   1   0       0.88195012
   10   1   0       1.14224908
   10   2   1       2.68166638
   11   1   0       0.93894047
   12   1   0       1.36518944
   12   2   1       3.79123453
   13   1   0       0.75019196
   14   1   0       0.74115990

Orbital populations (up)
 Atom Sh.   l   m       Population  Label
    1   1   0   0       1.21918924  s
    1   2   1  -1       1.01975725  p_y
    1   2   1   0       0.79746046  p_z
    1   2   1   1       0.96664332  p_x
    2   1   0   0       1.16746073  s
    2   2   1  -1       0.95239205  p_y
    2   2   1   0       0.95664280  p_z
    2   2   1   1       0.93990310  p_x
    3   1   0   0       0.87597700  s
    4   1   0   0       0.90053700  s
    5   1   0   0       0.91306263  s
    6   1   0   0       1.18119308  s
    6   2   1  -1       0.94282092  p_y
    6   2   1   0       0.89005408  p_z
    6   2   1   1       0.93242531  p_x
    7   1   0   0       1.17921943  s
    7   2   1  -1       0.96272249  p_y
    7   2   1   0       1.03123053  p_z
    7   2   1   1       0.96383475  p_x
    8   1   0   0       0.91489194  s
    9   1   0   0       0.88195012  s
   10   1   0   0       1.14224908  s
   10   2   1  -1       0.93964957  p_y
   10   2   1   0       0.85972520  p_z
   10   2   1   1       0.88229162  p_x
   11   1   0   0       0.93894047  s
   12   1   0   0       1.36518944  s
   12   2   1  -1       1.18712110  p_y
   12   2   1   0       1.43719661  p_z
   12   2   1   1       1.16691683  p_x
   13   1   0   0       0.75019196  s
   14   1   0   0       0.74115990  s

Input / Output electrons (q):     32.0000000000

Energy H0:                         -16.3944661821 H         -446.1161 eV
Energy SCC:                          0.1002479193 H            2.7279 eV
Energy SPIN:                        -0.0000089566 H           -0.0002 eV
Energy Fock:                        -0.6639308383 H          -18.0665 eV
Total Electronic energy:           -16.9581580577 H         -461.4550 eV
Repulsive energy:                    0.4385625043 H           11.9339 eV

Excitation Energy:                   0.0000000000 H            0.0000 eV

Total energy:                      -16.5204045557 H         -449.5431 eV

SCC converged

Total Forces
    1     -0.015846771361     -0.035819242986      0.000456596986
    2      0.024785422615     -0.017334494852     -0.005316131625
    3      0.013372050233      0.001735970209      0.001989494027
    4     -0.019674001285      0.025960538815     -0.004249251219
    5      0.008750246698      0.031277924977     -0.005025686437
    6     -0.005314032035      0.003744369544      0.028104116005
    7      0.013777199116      0.030958182922      0.001303371067
    8     -0.002996139074     -0.022596947419     -0.004130436414
    9     -0.010112964041      0.001797424998     -0.017947680724
   10     -0.131704853038     -0.008280344201     -0.005667596900
   11      0.012279366067     -0.040162572145     -0.003094856466
   12      0.058018390925      0.029751526560      0.010545415196
   13      0.029897837179      0.014853435201     -0.000845978729
   14      0.024768248002     -0.015885771625      0.003878625232

Maximal derivative component:        0.131705E+00 au


