REKS do not use any electronic distribution function

Calculation with static geometry

********************************************************************************************
  iSCC       reks energy        Diff energy         x_a       SCC error   
   61       -6.2863740609      -0.0000000000     0.999942    0.00000098
********************************************************************************************

 SA-REKS optimizes the avergaed state, not individual states
 These charges do not mean the charges for individual states
 Similarly to this, the values in band.out file indicate
 the band energies and occupations for the averaged state
 If you want to compute the relaxed density,
 please, set 'RelaxedDensity = Yes' option

 Total charge:     1.00000000

 Atomic gross charges (e)
 Atom           Charge
    1       0.11864747
    2      -0.11926371
    3       0.18548825
    4       0.31504985
    5       0.31217326
    6       0.18790488

Nr. of electrons (up):     12.00000000
Atom populations (up)
 Atom       Population
    1       3.88135253
    2       5.11926371
    3       0.81451175
    4       0.68495015
    5       0.68782674
    6       0.81209512

l-shell populations (up)
 Atom Sh.   l       Population
    1   1   0       1.18333107
    1   2   1       2.69802146
    2   1   0       1.38598045
    2   2   1       3.73328326
    3   1   0       0.81451175
    4   1   0       0.68495015
    5   1   0       0.68782674
    6   1   0       0.81209512

Orbital populations (up)
 Atom Sh.   l   m       Population  Label
    1   1   0   0       1.18333107  s
    1   2   1  -1       0.85574207  p_y
    1   2   1   0       0.89122128  p_z
    1   2   1   1       0.95105811  p_x
    2   1   0   0       1.38598045  s
    2   2   1  -1       1.08438516  p_y
    2   2   1   0       1.12829933  p_z
    2   2   1   1       1.52059877  p_x
    3   1   0   0       0.81451175  s
    4   1   0   0       0.68495015  s
    5   1   0   0       0.68782674  s
    6   1   0   0       0.81209512  s

Input / Output electrons (q):     12.0000000000

Energy H0:                          -6.5177040611 H         -177.3558 eV
Energy SCC:                          0.1342404205 H            3.6529 eV
Energy SPIN:                        -0.0000312054 H           -0.0008 eV
Energy Fock:                        -0.2078473772 H           -5.6558 eV
Total Electronic energy:            -6.5913422232 H         -179.3595 eV
Repulsive energy:                    0.1800173665 H            4.8985 eV

Excitation Energy:                   0.0000000000 H            0.0000 eV

Total energy:                       -6.4116323377 H         -174.4694 eV

SCC converged

Total Forces
    1      0.001388669920     -0.003871905812      0.016917877404
    2     -0.004860170427      0.007866412232     -0.017288687597
    3     -0.011603186248      0.001415555447     -0.003156750501
    4     -0.011013356650      0.003767838160     -0.000171401042
    5      0.014737647219     -0.005929673464      0.007255932996
    6      0.011350396184     -0.003248226564     -0.003556971259

Maximal derivative component:        0.172887E-01 au


