 KPT            1  SPIN            1  KWEIGHT    1.0000000000000000     
     1   -29.897  2.00000
     2   -27.283  2.00000
     3   -25.409  2.00000
     4   -22.997  2.00000
     5   -21.630  2.00000
     6   -20.283  2.00000
     7   -19.477  2.00000
     8   -18.866  2.00000
     9   -18.096  2.00000
    10   -17.730  2.00000
    11   -17.190  2.00000
    12   -16.773  2.00000
    13   -16.128  2.00000
    14   -15.269  2.00000
    15   -14.582  2.00000
    16   -13.769  1.50000
    17   -10.003  0.50000
    18    -3.647  0.00000
    19    -1.338  0.00000
    20     4.002  0.00000
    21     8.202  0.00000
    22    10.944  0.00000
    23    14.280  0.00000
    24    14.988  0.00000
    25    18.200  0.00000
    26    20.156  0.00000
    27    20.927  0.00000
    28    23.297  0.00000
    29    26.512  0.00000
    30    37.368  0.00000
    31    44.749  0.00000
    32    54.462  0.00000

