 KPT            1  SPIN            1  KWEIGHT    1.0000000000000000     
     1   -29.748  2.00000
     2   -27.072  2.00000
     3   -25.431  2.00000
     4   -23.262  2.00000
     5   -21.419  2.00000
     6   -20.199  2.00000
     7   -19.168  2.00000
     8   -18.706  2.00000
     9   -17.864  2.00000
    10   -17.693  2.00000
    11   -17.086  2.00000
    12   -16.533  2.00000
    13   -15.783  2.00000
    14   -15.091  2.00000
    15   -14.690  2.00000
    16   -13.951  1.49999
    17    -9.894  0.50001
    18    -3.580  0.00000
    19    -1.101  0.00000
    20     7.278  0.00000
    21     9.662  0.00000
    22    11.032  0.00000
    23    11.491  0.00000
    24    14.878  0.00000
    25    16.109  0.00000
    26    18.133  0.00000
    27    20.849  0.00000
    28    21.685  0.00000
    29    28.036  0.00000
    30    33.566  0.00000
    31    38.319  0.00000
    32    42.443  0.00000

