 KPT            1  SPIN            1  KWEIGHT    1.0000000000000000     
     1   -29.834  2.00000
     2   -27.462  2.00000
     3   -25.558  2.00000
     4   -23.382  2.00000
     5   -21.496  2.00000
     6   -20.490  2.00000
     7   -19.502  2.00000
     8   -19.072  2.00000
     9   -18.335  2.00000
    10   -17.614  2.00000
    11   -17.046  2.00000
    12   -16.864  2.00000
    13   -15.824  2.00000
    14   -15.633  2.00000
    15   -14.884  2.00000
    16   -14.160  1.50000
    17   -10.524  0.50000
    18    -2.951  0.00000
    19    -0.436  0.00000
    20     6.174  0.00000
    21     7.440  0.00000
    22    10.653  0.00000
    23    13.532  0.00000
    24    15.553  0.00000
    25    16.387  0.00000
    26    19.379  0.00000
    27    20.272  0.00000
    28    24.181  0.00000
    29    37.389  0.00000
    30    40.426  0.00000
    31    44.072  0.00000
    32    50.801  0.00000

