REKS do not use any electronic distribution function

Calculation with static geometry

********************************************************************************************
  iSCC       reks energy        Diff energy         x_a       SCC error   
  119      -16.4183533383      -0.0000000000     0.999999    0.00000095
********************************************************************************************

 SA-REKS optimizes the avergaed state, not individual states
 These charges do not mean the charges for individual states
 Similarly to this, the values in band.out file indicate
 the band energies and occupations for the averaged state
 If you want to compute the relaxed density,
 please, set 'RelaxedDensity = Yes' option

 Total charge:     1.00000000

 Atomic gross charges (e)
 Atom           Charge
    1      -0.09667598
    2      -0.01615327
    3       0.11030844
    4       0.12650988
    5       0.12920995
    6       0.02955682
    7      -0.09860240
    8       0.11506275
    9       0.13644509
   10       0.19916113
   11       0.07966027
   12      -0.24630770
   13       0.25902646
   14       0.27279856

Nr. of electrons (up):     32.00000000
Atom populations (up)
 Atom       Population
    1       4.09667598
    2       4.01615327
    3       0.88969156
    4       0.87349012
    5       0.87079005
    6       3.97044318
    7       4.09860240
    8       0.88493725
    9       0.86355491
   10       3.80083887
   11       0.92033973
   12       5.24630770
   13       0.74097354
   14       0.72720144

l-shell populations (up)
 Atom Sh.   l       Population
    1   1   0       1.20101900
    1   2   1       2.89565697
    2   1   0       1.16941612
    2   2   1       2.84673715
    3   1   0       0.88969156
    4   1   0       0.87349012
    5   1   0       0.87079005
    6   1   0       1.19544357
    6   2   1       2.77499961
    7   1   0       1.12714886
    7   2   1       2.97145354
    8   1   0       0.88493725
    9   1   0       0.86355491
   10   1   0       1.11655474
   10   2   1       2.68428414
   11   1   0       0.92033973
   12   1   0       1.37790381
   12   2   1       3.86840389
   13   1   0       0.74097354
   14   1   0       0.72720144

Orbital populations (up)
 Atom Sh.   l   m       Population  Label
    1   1   0   0       1.20101900  s
    1   2   1  -1       1.01126444  p_y
    1   2   1   0       0.95982408  p_z
    1   2   1   1       0.92456845  p_x
    2   1   0   0       1.16941612  s
    2   2   1  -1       0.91675544  p_y
    2   2   1   0       0.94673247  p_z
    2   2   1   1       0.98324924  p_x
    3   1   0   0       0.88969156  s
    4   1   0   0       0.87349012  s
    5   1   0   0       0.87079005  s
    6   1   0   0       1.19544357  s
    6   2   1  -1       0.86588922  p_y
    6   2   1   0       0.95730355  p_z
    6   2   1   1       0.95180684  p_x
    7   1   0   0       1.12714886  s
    7   2   1  -1       1.04830434  p_y
    7   2   1   0       0.93659888  p_z
    7   2   1   1       0.98655031  p_x
    8   1   0   0       0.88493725  s
    9   1   0   0       0.86355491  s
   10   1   0   0       1.11655474  s
   10   2   1  -1       0.86662868  p_y
   10   2   1   0       0.93910120  p_z
   10   2   1   1       0.87855426  p_x
   11   1   0   0       0.92033973  s
   12   1   0   0       1.37790381  s
   12   2   1  -1       1.58159771  p_y
   12   2   1   0       1.13671917  p_z
   12   2   1   1       1.15008701  p_x
   13   1   0   0       0.74097354  s
   14   1   0   0       0.72720144  s

Input / Output electrons (q):     32.0000000000

Energy H0:                         -16.4450486532 H         -447.4925 eV
Energy SCC:                          0.1033568645 H            2.8125 eV
Energy SPIN:                        -0.0000004178 H           -0.0000 eV
Energy Fock:                        -0.6753701520 H          -18.3778 eV
Total Electronic energy:           -17.0170623585 H         -463.0578 eV
Repulsive energy:                    0.5326161132 H           14.4932 eV

Excitation Energy:                   0.0000000000 H            0.0000 eV

Total energy:                      -16.4845559417 H         -448.5676 eV

SCC converged

Total Forces
    1     -0.029702088817     -0.006250164727      0.085828249511
    2      0.025473599993      0.024621320363     -0.104068844536
    3      0.006950054074     -0.011539905237     -0.012702938525
    4      0.010973764574      0.018891701501     -0.014313603702
    5      0.003519936784     -0.006983904955      0.008562668550
    6     -0.181642776508     -0.061500010882     -0.033706503613
    7      0.060894692786      0.083591299520     -0.099184917036
    8      0.026084475580     -0.027230580570      0.050652942671
    9      0.019132080766      0.009284111148      0.013964995219
   10     -0.013621789896     -0.048702914662      0.087311192254
   11      0.000428965960      0.015998916210     -0.005495104409
   12     -0.015960932626     -0.005384753541      0.069476855671
   13      0.038149170377      0.000024194892     -0.010257277380
   14      0.049320846953      0.015180690941     -0.036067714675

Maximal derivative component:        0.181643E+00 au


