REKS do not use any electronic distribution function

Calculation with static geometry

********************************************************************************************
  iSCC       reks energy        Diff energy         x_a       SCC error   
   59       -6.1577404778      -0.0000000000     0.999752    0.00000091
********************************************************************************************

 SA-REKS optimizes the avergaed state, not individual states
 These charges do not mean the charges for individual states
 Similarly to this, the values in band.out file indicate
 the band energies and occupations for the averaged state
 If you want to compute the relaxed density,
 please, set 'RelaxedDensity = Yes' option

 Total charge:     1.00000000

 Atomic gross charges (e)
 Atom           Charge
    1       0.09861469
    2      -0.08987324
    3       0.17630242
    4       0.31871623
    5       0.31601753
    6       0.18022237

Nr. of electrons (up):     12.00000000
Atom populations (up)
 Atom       Population
    1       3.90138531
    2       5.08987324
    3       0.82369758
    4       0.68128377
    5       0.68398247
    6       0.81977763

l-shell populations (up)
 Atom Sh.   l       Population
    1   1   0       1.25936778
    1   2   1       2.64201753
    2   1   0       1.42948586
    2   2   1       3.66038738
    3   1   0       0.82369758
    4   1   0       0.68128377
    5   1   0       0.68398247
    6   1   0       0.81977763

Orbital populations (up)
 Atom Sh.   l   m       Population  Label
    1   1   0   0       1.25936778  s
    1   2   1  -1       0.86856683  p_y
    1   2   1   0       0.90042980  p_z
    1   2   1   1       0.87302091  p_x
    2   1   0   0       1.42948586  s
    2   2   1  -1       1.44037920  p_y
    2   2   1   0       1.10791047  p_z
    2   2   1   1       1.11209770  p_x
    3   1   0   0       0.82369758  s
    4   1   0   0       0.68128377  s
    5   1   0   0       0.68398247  s
    6   1   0   0       0.81977763  s

Input / Output electrons (q):     12.0000000000

Energy H0:                          -6.2442534819 H         -169.9148 eV
Energy SCC:                          0.1288631035 H            3.5065 eV
Energy SPIN:                        -0.0000984561 H           -0.0027 eV
Energy Fock:                        -0.2519722400 H           -6.8565 eV
Total Electronic energy:            -6.3674610745 H         -173.2674 eV
Repulsive energy:                    0.1209366705 H            3.2909 eV

Excitation Energy:                   0.0000000000 H            0.0000 eV

Total energy:                       -6.2465740548 H         -169.9779 eV

SCC converged

Total Forces
    1     -0.037611849507     -0.103629770709     -0.176483419499
    2      0.021367797287     -0.041038813547      0.204895406953
    3      0.066606898291      0.014468388254      0.045353049718
    4      0.040649279089      0.041641303360     -0.038935036360
    5     -0.061161402335      0.011485325888     -0.069922505432
    6     -0.029850722826      0.077073566754      0.035092504619

Maximal derivative component:        0.204895E+00 au


