 KPT            1  SPIN            1  KWEIGHT    1.0000000000000000     
     1   -29.645  2.00000
     2   -26.997  2.00000
     3   -25.160  2.00000
     4   -22.678  2.00000
     5   -21.247  2.00000
     6   -20.432  2.00000
     7   -19.396  2.00000
     8   -18.564  2.00000
     9   -17.745  2.00000
    10   -17.381  2.00000
    11   -16.732  2.00000
    12   -16.088  2.00000
    13   -15.768  2.00000
    14   -15.365  2.00000
    15   -15.046  2.00000
    16   -13.327  1.49995
    17    -9.688  0.50005
    18    -4.150  0.00000
    19    -1.816  0.00000
    20     6.447  0.00000
    21     8.804  0.00000
    22    10.417  0.00000
    23    12.134  0.00000
    24    13.027  0.00000
    25    15.371  0.00000
    26    16.058  0.00000
    27    21.351  0.00000
    28    22.757  0.00000
    29    23.980  0.00000
    30    26.456  0.00000
    31    32.701  0.00000
    32    36.942  0.00000

