REKS do not use any electronic distribution function

Calculation with static geometry

********************************************************************************************
  iSCC       reks energy        Diff energy         x_a       SCC error   
   72      -16.4247708975      -0.0000000000     0.999946    0.00000099
********************************************************************************************

 SA-REKS optimizes the avergaed state, not individual states
 These charges do not mean the charges for individual states
 Similarly to this, the values in band.out file indicate
 the band energies and occupations for the averaged state
 If you want to compute the relaxed density,
 please, set 'RelaxedDensity = Yes' option

 Total charge:     1.00000000

 Atomic gross charges (e)
 Atom           Charge
    1      -0.01109424
    2      -0.04478724
    3       0.12681499
    4       0.12821535
    5       0.11502785
    6       0.04204824
    7      -0.14791356
    8       0.08137091
    9       0.12790562
   10       0.16115274
   11       0.10142350
   12      -0.18562076
   13       0.25165459
   14       0.25380202

Nr. of electrons (up):     32.00000000
Atom populations (up)
 Atom       Population
    1       4.01109424
    2       4.04478724
    3       0.87318501
    4       0.87178465
    5       0.88497215
    6       3.95795176
    7       4.14791356
    8       0.91862909
    9       0.87209438
   10       3.83884726
   11       0.89857650
   12       5.18562076
   13       0.74834541
   14       0.74619798

l-shell populations (up)
 Atom Sh.   l       Population
    1   1   0       1.22974314
    1   2   1       2.78135110
    2   1   0       1.21545305
    2   2   1       2.82933419
    3   1   0       0.87318501
    4   1   0       0.87178465
    5   1   0       0.88497215
    6   1   0       1.20941659
    6   2   1       2.74853517
    7   1   0       1.20852963
    7   2   1       2.93938393
    8   1   0       0.91862909
    9   1   0       0.87209438
   10   1   0       1.15784998
   10   2   1       2.68099728
   11   1   0       0.89857650
   12   1   0       1.38862153
   12   2   1       3.79699923
   13   1   0       0.74834541
   14   1   0       0.74619798

Orbital populations (up)
 Atom Sh.   l   m       Population  Label
    1   1   0   0       1.22974314  s
    1   2   1  -1       0.99758349  p_y
    1   2   1   0       0.78521162  p_z
    1   2   1   1       0.99855599  p_x
    2   1   0   0       1.21545305  s
    2   2   1  -1       0.95383135  p_y
    2   2   1   0       0.93478333  p_z
    2   2   1   1       0.94071951  p_x
    3   1   0   0       0.87318501  s
    4   1   0   0       0.87178465  s
    5   1   0   0       0.88497215  s
    6   1   0   0       1.20941659  s
    6   2   1  -1       0.95509960  p_y
    6   2   1   0       0.85760278  p_z
    6   2   1   1       0.93583278  p_x
    7   1   0   0       1.20852963  s
    7   2   1  -1       0.92652928  p_y
    7   2   1   0       1.05254561  p_z
    7   2   1   1       0.96030904  p_x
    8   1   0   0       0.91862909  s
    9   1   0   0       0.87209438  s
   10   1   0   0       1.15784998  s
   10   2   1  -1       0.93814441  p_y
   10   2   1   0       0.85933334  p_z
   10   2   1   1       0.88351953  p_x
   11   1   0   0       0.89857650  s
   12   1   0   0       1.38862153  s
   12   2   1  -1       1.24172002  p_y
   12   2   1   0       1.39891321  p_z
   12   2   1   1       1.15636600  p_x
   13   1   0   0       0.74834541  s
   14   1   0   0       0.74619798  s

Input / Output electrons (q):     32.0000000000

Energy H0:                         -16.2982097305 H         -443.4969 eV
Energy SCC:                          0.0985090089 H            2.6806 eV
Energy SPIN:                        -0.0000111244 H           -0.0003 eV
Energy Fock:                        -0.6536306311 H          -17.7862 eV
Total Electronic energy:           -16.8533424771 H         -458.6028 eV
Repulsive energy:                    0.3632245364 H            9.8838 eV

Excitation Energy:                   0.0000000000 H            0.0000 eV

Total energy:                      -16.4908473042 H         -448.7388 eV

SCC converged

Total Forces
    1      0.109962712602     -0.168514116688     -0.002611274793
    2     -0.034648068056      0.025065572164     -0.024981582570
    3     -0.036016111749      0.080283368709      0.002665154358
    4     -0.004738515784      0.040452202137      0.004479958812
    5     -0.040232575318      0.049657795850      0.007261344078
    6      0.052273645972     -0.010455938525      0.025532086227
    7     -0.057193290071      0.110250409917     -0.020430608566
    8      0.011385255523     -0.038801787260      0.006461393619
    9      0.004244241466      0.002314366698     -0.001571130427
   10     -0.006538969439     -0.114914306389      0.008545937708
   11     -0.036852790863      0.025002525779     -0.018803933638
   12      0.042007860802      0.021371045030      0.025208785961
   13     -0.010376889945     -0.023563926692      0.010011833149
   14      0.006723494862      0.001852789270     -0.021767963918

Maximal derivative component:        0.168514E+00 au


