 KPT            1  SPIN            1  KWEIGHT    1.0000000000000000     
     1   -29.702  2.00000
     2   -27.619  2.00000
     3   -25.579  2.00000
     4   -23.335  2.00000
     5   -21.525  2.00000
     6   -20.607  2.00000
     7   -19.325  2.00000
     8   -19.173  2.00000
     9   -18.047  2.00000
    10   -17.824  2.00000
    11   -17.233  2.00000
    12   -16.574  2.00000
    13   -15.983  2.00000
    14   -15.346  2.00000
    15   -14.812  2.00000
    16   -14.398  1.50000
    17   -10.552  0.50000
    18    -3.872  0.00000
    19    -1.644  0.00000
    20     7.139  0.00000
    21     8.925  0.00000
    22    10.512  0.00000
    23    13.479  0.00000
    24    15.312  0.00000
    25    16.897  0.00000
    26    18.176  0.00000
    27    21.903  0.00000
    28    23.744  0.00000
    29    27.899  0.00000
    30    31.084  0.00000
    31    37.709  0.00000
    32    40.227  0.00000

