REKS do not use any electronic distribution function

Calculation with static geometry

********************************************************************************************
  iSCC       reks energy        Diff energy         x_a       SCC error   
  104      -16.4248912027      -0.0000000000     0.999999    0.00000094
********************************************************************************************

 SA-REKS optimizes the avergaed state, not individual states
 These charges do not mean the charges for individual states
 Similarly to this, the values in band.out file indicate
 the band energies and occupations for the averaged state
 If you want to compute the relaxed density,
 please, set 'RelaxedDensity = Yes' option

 Total charge:     1.00000000

 Atomic gross charges (e)
 Atom           Charge
    1      -0.04564481
    2       0.03566604
    3       0.09186643
    4       0.13730547
    5       0.13541756
    6      -0.03109102
    7      -0.10995387
    8       0.11812575
    9       0.13127252
   10       0.18958812
   11       0.06977696
   12      -0.23734346
   13       0.26296503
   14       0.25204927

Nr. of electrons (up):     32.00000000
Atom populations (up)
 Atom       Population
    1       4.04564481
    2       3.96433396
    3       0.90813357
    4       0.86269453
    5       0.86458244
    6       4.03109102
    7       4.10995387
    8       0.88187425
    9       0.86872748
   10       3.81041188
   11       0.93022304
   12       5.23734346
   13       0.73703497
   14       0.74795073

l-shell populations (up)
 Atom Sh.   l       Population
    1   1   0       1.21433239
    1   2   1       2.83131242
    2   1   0       1.17539431
    2   2   1       2.78893966
    3   1   0       0.90813357
    4   1   0       0.86269453
    5   1   0       0.86458244
    6   1   0       1.20822869
    6   2   1       2.82286234
    7   1   0       1.16112844
    7   2   1       2.94882543
    8   1   0       0.88187425
    9   1   0       0.86872748
   10   1   0       1.14045033
   10   2   1       2.66996155
   11   1   0       0.93022304
   12   1   0       1.38118817
   12   2   1       3.85615529
   13   1   0       0.73703497
   14   1   0       0.74795073

Orbital populations (up)
 Atom Sh.   l   m       Population  Label
    1   1   0   0       1.21433239  s
    1   2   1  -1       0.99884110  p_y
    1   2   1   0       0.97255539  p_z
    1   2   1   1       0.85991593  p_x
    2   1   0   0       1.17539431  s
    2   2   1  -1       0.93006781  p_y
    2   2   1   0       0.94371645  p_z
    2   2   1   1       0.91515539  p_x
    3   1   0   0       0.90813357  s
    4   1   0   0       0.86269453  s
    5   1   0   0       0.86458244  s
    6   1   0   0       1.20822869  s
    6   2   1  -1       0.92325972  p_y
    6   2   1   0       0.92587083  p_z
    6   2   1   1       0.97373179  p_x
    7   1   0   0       1.16112844  s
    7   2   1  -1       0.98286396  p_y
    7   2   1   0       1.02753582  p_z
    7   2   1   1       0.93842565  p_x
    8   1   0   0       0.88187425  s
    9   1   0   0       0.86872748  s
   10   1   0   0       1.14045033  s
   10   2   1  -1       0.94485988  p_y
   10   2   1   0       0.86436142  p_z
   10   2   1   1       0.86074025  p_x
   11   1   0   0       0.93022304  s
   12   1   0   0       1.38118817  s
   12   2   1  -1       1.14086461  p_y
   12   2   1   0       1.56427872  p_z
   12   2   1   1       1.15101196  p_x
   13   1   0   0       0.73703497  s
   14   1   0   0       0.74795073  s

Input / Output electrons (q):     32.0000000000

Energy H0:                         -16.3507540818 H         -444.9267 eV
Energy SCC:                          0.0991677865 H            2.6985 eV
Energy SPIN:                        -0.0000003100 H           -0.0000 eV
Energy Fock:                        -0.6651113534 H          -18.0986 eV
Total Electronic energy:           -16.9166979588 H         -460.3268 eV
Repulsive energy:                    0.4233462737 H           11.5198 eV

Excitation Energy:                   0.0000000000 H            0.0000 eV

Total energy:                      -16.4934569676 H         -448.8098 eV

SCC converged

Total Forces
    1      0.001186121660      0.062217382813      0.002227977781
    2      0.023691544177      0.066064008464     -0.007280873089
    3     -0.007503422813     -0.042409569954      0.003037348461
    4     -0.004018351420     -0.029203310743     -0.011383047314
    5     -0.017489437833     -0.034263572593      0.003148212772
    6     -0.023243593596      0.013066860227      0.092131579093
    7     -0.009144576855      0.028502297178     -0.026921823393
    8     -0.004265706505     -0.010035843180     -0.036180253036
    9     -0.023131023561     -0.018653196706      0.007215773865
   10      0.055436087158     -0.072333942067     -0.069827239533
   11     -0.001514177716      0.007756931339      0.028039589358
   12     -0.011762604957      0.043336990862      0.024250676629
   13      0.008174105774     -0.005115863005     -0.011880999634
   14      0.013585036486     -0.008929172635      0.003423078040

Maximal derivative component:        0.921316E-01 au


