REKS do not use any electronic distribution function

Calculation with static geometry

********************************************************************************************
  iSCC       reks energy        Diff energy         x_a       SCC error   
   40       -6.2811893486      -0.0000000000     0.999975    0.00000090
********************************************************************************************

 SA-REKS optimizes the avergaed state, not individual states
 These charges do not mean the charges for individual states
 Similarly to this, the values in band.out file indicate
 the band energies and occupations for the averaged state
 If you want to compute the relaxed density,
 please, set 'RelaxedDensity = Yes' option

 Total charge:     1.00000000

 Atomic gross charges (e)
 Atom           Charge
    1       0.10467690
    2      -0.09959208
    3       0.18563718
    4       0.31012051
    5       0.30690097
    6       0.19225652

Nr. of electrons (up):     12.00000000
Atom populations (up)
 Atom       Population
    1       3.89532310
    2       5.09959208
    3       0.81436282
    4       0.68987949
    5       0.69309903
    6       0.80774348

l-shell populations (up)
 Atom Sh.   l       Population
    1   1   0       1.17050465
    1   2   1       2.72481845
    2   1   0       1.38073390
    2   2   1       3.71885818
    3   1   0       0.81436282
    4   1   0       0.68987949
    5   1   0       0.69309903
    6   1   0       0.80774348

Orbital populations (up)
 Atom Sh.   l   m       Population  Label
    1   1   0   0       1.17050465  s
    1   2   1  -1       0.86388832  p_y
    1   2   1   0       0.89356623  p_z
    1   2   1   1       0.96736390  p_x
    2   1   0   0       1.38073390  s
    2   2   1  -1       1.12038865  p_y
    2   2   1   0       1.12472420  p_z
    2   2   1   1       1.47374533  p_x
    3   1   0   0       0.81436282  s
    4   1   0   0       0.68987949  s
    5   1   0   0       0.69309903  s
    6   1   0   0       0.80774348  s

Input / Output electrons (q):     12.0000000000

Energy H0:                          -6.5364292174 H         -177.8653 eV
Energy SCC:                          0.1359824897 H            3.7003 eV
Energy SPIN:                        -0.0000142630 H           -0.0004 eV
Energy Fock:                        -0.2100376066 H           -5.7154 eV
Total Electronic energy:            -6.6104985973 H         -179.8808 eV
Repulsive energy:                    0.1993137330 H            5.4236 eV

Excitation Energy:                   0.0000000000 H            0.0000 eV

Total energy:                       -6.4112148481 H         -174.4580 eV

SCC converged

Total Forces
    1     -0.007357954199      0.012454581779     -0.039238650555
    2      0.033448015071     -0.009772240461      0.053851211222
    3      0.004209396346     -0.000241445319     -0.007751046151
    4     -0.008328898680     -0.002359678831     -0.009116917621
    5     -0.017140784081      0.003518498087     -0.002559824527
    6     -0.004829774456     -0.003599715255      0.004815227632

Maximal derivative component:        0.538512E-01 au


