REKS do not use any electronic distribution function

Calculation with static geometry

********************************************************************************************
  iSCC       reks energy        Diff energy         x_a       SCC error   
   49       -6.2845379130      -0.0000000000     0.999962    0.00000082
********************************************************************************************

 SA-REKS optimizes the avergaed state, not individual states
 These charges do not mean the charges for individual states
 Similarly to this, the values in band.out file indicate
 the band energies and occupations for the averaged state
 If you want to compute the relaxed density,
 please, set 'RelaxedDensity = Yes' option

 Total charge:     1.00000000

 Atomic gross charges (e)
 Atom           Charge
    1       0.10756885
    2      -0.09984969
    3       0.18703517
    4       0.30945516
    5       0.30965659
    6       0.18613392

Nr. of electrons (up):     12.00000000
Atom populations (up)
 Atom       Population
    1       3.89243115
    2       5.09984969
    3       0.81296483
    4       0.69054484
    5       0.69034341
    6       0.81386608

l-shell populations (up)
 Atom Sh.   l       Population
    1   1   0       1.17098865
    1   2   1       2.72144249
    2   1   0       1.37455635
    2   2   1       3.72529334
    3   1   0       0.81296483
    4   1   0       0.69054484
    5   1   0       0.69034341
    6   1   0       0.81386608

Orbital populations (up)
 Atom Sh.   l   m       Population  Label
    1   1   0   0       1.17098865  s
    1   2   1  -1       0.86037813  p_y
    1   2   1   0       0.88959694  p_z
    1   2   1   1       0.97146742  p_x
    2   1   0   0       1.37455635  s
    2   2   1  -1       1.09973943  p_y
    2   2   1   0       1.11830332  p_z
    2   2   1   1       1.50725059  p_x
    3   1   0   0       0.81296483  s
    4   1   0   0       0.69054484  s
    5   1   0   0       0.69034341  s
    6   1   0   0       0.81386608  s

Input / Output electrons (q):     12.0000000000

Energy H0:                          -6.5359856399 H         -177.8532 eV
Energy SCC:                          0.1354923058 H            3.6869 eV
Energy SPIN:                        -0.0000213081 H           -0.0006 eV
Energy Fock:                        -0.2092920197 H           -5.6951 eV
Total Electronic energy:            -6.6098066619 H         -179.8620 eV
Repulsive energy:                    0.1964600890 H            5.3460 eV

Excitation Energy:                   0.0000000000 H            0.0000 eV

Total energy:                       -6.4135151473 H         -174.5206 eV

SCC converged

Total Forces
    1      0.000921507580      0.002484199555     -0.039111911061
    2     -0.003160489855     -0.000347348126      0.032590164020
    3     -0.010095850971     -0.003061966926      0.004922000272
    4     -0.010222557184     -0.000101642226     -0.001369647616
    5      0.012370933634     -0.001402724536     -0.000991167809
    6      0.010186456796      0.002429482258      0.003960562196

Maximal derivative component:        0.391119E-01 au


