REKS do not use any electronic distribution function

Calculation with static geometry

********************************************************************************************
  iSCC       reks energy        Diff energy         x_a       SCC error   
   46       -6.2831825792      -0.0000000000     0.999969    0.00000088
********************************************************************************************

 SA-REKS optimizes the avergaed state, not individual states
 These charges do not mean the charges for individual states
 Similarly to this, the values in band.out file indicate
 the band energies and occupations for the averaged state
 If you want to compute the relaxed density,
 please, set 'RelaxedDensity = Yes' option

 Total charge:     1.00000000

 Atomic gross charges (e)
 Atom           Charge
    1       0.10581372
    2      -0.09825700
    3       0.18897217
    4       0.30805473
    5       0.30956268
    6       0.18585369

Nr. of electrons (up):     12.00000000
Atom populations (up)
 Atom       Population
    1       3.89418628
    2       5.09825700
    3       0.81102783
    4       0.69194527
    5       0.69043732
    6       0.81414631

l-shell populations (up)
 Atom Sh.   l       Population
    1   1   0       1.16787691
    1   2   1       2.72630936
    2   1   0       1.37497890
    2   2   1       3.72327810
    3   1   0       0.81102783
    4   1   0       0.69194527
    5   1   0       0.69043732
    6   1   0       0.81414631

Orbital populations (up)
 Atom Sh.   l   m       Population  Label
    1   1   0   0       1.16787691  s
    1   2   1  -1       0.86561950  p_y
    1   2   1   0       0.88918405  p_z
    1   2   1   1       0.97150581  p_x
    2   1   0   0       1.37497890  s
    2   2   1  -1       1.12138881  p_y
    2   2   1   0       1.11349142  p_z
    2   2   1   1       1.48839787  p_x
    3   1   0   0       0.81102783  s
    4   1   0   0       0.69194527  s
    5   1   0   0       0.69043732  s
    6   1   0   0       0.81414631  s

Input / Output electrons (q):     12.0000000000

Energy H0:                          -6.5379453457 H         -177.9065 eV
Energy SCC:                          0.1355418548 H            3.6883 eV
Energy SPIN:                        -0.0000174168 H           -0.0005 eV
Energy Fock:                        -0.2095084891 H           -5.7010 eV
Total Electronic energy:            -6.6119293967 H         -179.9198 eV
Repulsive energy:                    0.1987388962 H            5.4080 eV

Excitation Energy:                   0.0000000000 H            0.0000 eV

Total energy:                       -6.4133044356 H         -174.5149 eV

SCC converged

Total Forces
    1      0.003400146132      0.009705315001     -0.040117520902
    2     -0.013707764567     -0.006488879166      0.051125400611
    3      0.008857072065     -0.005513425247      0.004121403693
    4      0.014605815293      0.002942027285     -0.005781640960
    5     -0.004317568843     -0.001663261624     -0.009136403011
    6     -0.008837700080      0.001018223750     -0.000211239431

Maximal derivative component:        0.511254E-01 au


