 KPT            1  SPIN            1  KWEIGHT    1.0000000000000000     
     1   -29.466  2.00000
     2   -27.431  2.00000
     3   -25.119  2.00000
     4   -23.342  2.00000
     5   -21.298  2.00000
     6   -20.326  2.00000
     7   -19.243  2.00000
     8   -18.749  2.00000
     9   -18.203  2.00000
    10   -17.718  2.00000
    11   -16.986  2.00000
    12   -16.289  2.00000
    13   -15.997  2.00000
    14   -14.978  2.00000
    15   -14.449  2.00000
    16   -14.495  1.50000
    17    -9.853  0.50000
    18    -4.470  0.00000
    19    -3.248  0.00000
    20     4.739  0.00000
    21     8.917  0.00000
    22     9.912  0.00000
    23    11.292  0.00000
    24    14.608  0.00000
    25    16.187  0.00000
    26    17.055  0.00000
    27    18.609  0.00000
    28    19.228  0.00000
    29    20.195  0.00000
    30    25.753  0.00000
    31    33.719  0.00000
    32    37.295  0.00000

