 KPT            1  SPIN            1  KWEIGHT    1.0000000000000000     
     1   -29.457  2.00000
     2   -27.269  2.00000
     3   -25.551  2.00000
     4   -22.995  2.00000
     5   -21.398  2.00000
     6   -20.101  2.00000
     7   -19.089  2.00000
     8   -18.792  2.00000
     9   -17.884  2.00000
    10   -17.542  2.00000
    11   -17.171  2.00000
    12   -16.528  2.00000
    13   -15.799  2.00000
    14   -15.161  2.00000
    15   -14.394  2.00000
    16   -13.914  1.49999
    17   -10.666  0.50001
    18    -3.376  0.00000
    19    -2.765  0.00000
    20     6.794  0.00000
    21     9.585  0.00000
    22    11.536  0.00000
    23    14.199  0.00000
    24    15.650  0.00000
    25    16.518  0.00000
    26    20.181  0.00000
    27    20.449  0.00000
    28    22.312  0.00000
    29    24.824  0.00000
    30    29.467  0.00000
    31    39.186  0.00000
    32    43.345  0.00000

