REKS do not use any electronic distribution function

Calculation with static geometry

********************************************************************************************
  iSCC       reks energy        Diff energy         x_a       SCC error   
  124      -16.4040210622      -0.0000000000     0.999993    0.00000095
********************************************************************************************

 SA-REKS optimizes the avergaed state, not individual states
 These charges do not mean the charges for individual states
 Similarly to this, the values in band.out file indicate
 the band energies and occupations for the averaged state
 If you want to compute the relaxed density,
 please, set 'RelaxedDensity = Yes' option

 Total charge:     1.00000000

 Atomic gross charges (e)
 Atom           Charge
    1      -0.07471389
    2      -0.00542881
    3       0.11192925
    4       0.12833958
    5       0.11762464
    6       0.08011303
    7      -0.17380332
    8       0.10662384
    9       0.16045448
   10       0.20063763
   11       0.07875996
   12      -0.24162345
   13       0.24024689
   14       0.27084017

Nr. of electrons (up):     32.00000000
Atom populations (up)
 Atom       Population
    1       4.07471389
    2       4.00542881
    3       0.88807075
    4       0.87166042
    5       0.88237536
    6       3.91988697
    7       4.17380332
    8       0.89337616
    9       0.83954552
   10       3.79936237
   11       0.92124004
   12       5.24162345
   13       0.75975311
   14       0.72915983

l-shell populations (up)
 Atom Sh.   l       Population
    1   1   0       1.20430698
    1   2   1       2.87040692
    2   1   0       1.16902627
    2   2   1       2.83640254
    3   1   0       0.88807075
    4   1   0       0.87166042
    5   1   0       0.88237536
    6   1   0       1.21175906
    6   2   1       2.70812791
    7   1   0       1.17141730
    7   2   1       3.00238602
    8   1   0       0.89337616
    9   1   0       0.83954552
   10   1   0       1.14457136
   10   2   1       2.65479101
   11   1   0       0.92124004
   12   1   0       1.40152978
   12   2   1       3.84009367
   13   1   0       0.75975311
   14   1   0       0.72915983

Orbital populations (up)
 Atom Sh.   l   m       Population  Label
    1   1   0   0       1.20430698  s
    1   2   1  -1       0.94708982  p_y
    1   2   1   0       0.98901481  p_z
    1   2   1   1       0.93430229  p_x
    2   1   0   0       1.16902627  s
    2   2   1  -1       0.92322819  p_y
    2   2   1   0       0.98037398  p_z
    2   2   1   1       0.93280037  p_x
    3   1   0   0       0.88807075  s
    4   1   0   0       0.87166042  s
    5   1   0   0       0.88237536  s
    6   1   0   0       1.21175906  s
    6   2   1  -1       0.94050771  p_y
    6   2   1   0       0.86319967  p_z
    6   2   1   1       0.90442052  p_x
    7   1   0   0       1.17141730  s
    7   2   1  -1       0.96251725  p_y
    7   2   1   0       1.07318017  p_z
    7   2   1   1       0.96668860  p_x
    8   1   0   0       0.89337616  s
    9   1   0   0       0.83954552  s
   10   1   0   0       1.14457136  s
   10   2   1  -1       0.95937203  p_y
   10   2   1   0       0.83613900  p_z
   10   2   1   1       0.85927998  p_x
   11   1   0   0       0.92124004  s
   12   1   0   0       1.40152978  s
   12   2   1  -1       1.17974028  p_y
   12   2   1   0       1.54645628  p_z
   12   2   1   1       1.11389710  p_x
   13   1   0   0       0.75975311  s
   14   1   0   0       0.72915983  s

Input / Output electrons (q):     32.0000000000

Energy H0:                         -16.3137496318 H         -443.9197 eV
Energy SCC:                          0.1000651903 H            2.7229 eV
Energy SPIN:                        -0.0000019136 H           -0.0001 eV
Energy Fock:                        -0.6696274248 H          -18.2215 eV
Total Electronic energy:           -16.8833137799 H         -459.4183 eV
Repulsive energy:                    0.4202279034 H           11.4350 eV

Excitation Energy:                   0.0000000000 H            0.0000 eV

Total energy:                      -16.4635622653 H         -447.9963 eV

SCC converged

Total Forces
    1      0.001174810050     -0.018590077435     -0.030589034399
    2      0.035704161207      0.011878332889      0.014024033421
    3     -0.013892972223     -0.007449187755      0.015219472656
    4      0.006582774166      0.007895845241     -0.016750644995
    5      0.008282884209     -0.002517671622      0.002716560280
    6     -0.125158341200      0.037299844283      0.016317820304
    7      0.035441733588      0.030470640317     -0.028612133043
    8      0.024536743155     -0.025237105340      0.011446187379
    9      0.024450455968     -0.050541409201      0.024158470695
   10      0.042066473269     -0.011495818669     -0.033767674339
   11     -0.008724242040      0.021046508212      0.019101781370
   12     -0.032654497618      0.010851917150     -0.015802614688
   13      0.022035220914     -0.007203048513      0.004804834709
   14     -0.019845203448      0.003591230443      0.017732940650

Maximal derivative component:        0.125158E+00 au


