REKS do not use any electronic distribution function

Calculation with static geometry

********************************************************************************************
  iSCC       reks energy        Diff energy         x_a       SCC error   
  112      -16.3933496692      -0.0000000000     0.999988    0.00000097
********************************************************************************************

 SA-REKS optimizes the avergaed state, not individual states
 These charges do not mean the charges for individual states
 Similarly to this, the values in band.out file indicate
 the band energies and occupations for the averaged state
 If you want to compute the relaxed density,
 please, set 'RelaxedDensity = Yes' option

 Total charge:     1.00000000

 Atomic gross charges (e)
 Atom           Charge
    1      -0.03720691
    2      -0.07783714
    3       0.11421999
    4       0.11763592
    5       0.12667291
    6       0.07818174
    7      -0.11447749
    8       0.10378050
    9       0.13593962
   10       0.18749752
   11       0.10198423
   12      -0.24612991
   13       0.26879498
   14       0.24094405

Nr. of electrons (up):     32.00000000
Atom populations (up)
 Atom       Population
    1       4.03720691
    2       4.07783714
    3       0.88578001
    4       0.88236408
    5       0.87332709
    6       3.92181826
    7       4.11447749
    8       0.89621950
    9       0.86406038
   10       3.81250248
   11       0.89801577
   12       5.24612991
   13       0.73120502
   14       0.75905595

l-shell populations (up)
 Atom Sh.   l       Population
    1   1   0       1.19863210
    1   2   1       2.83857481
    2   1   0       1.16925441
    2   2   1       2.90858273
    3   1   0       0.88578001
    4   1   0       0.88236408
    5   1   0       0.87332709
    6   1   0       1.19675533
    6   2   1       2.72506294
    7   1   0       1.17891506
    7   2   1       2.93556243
    8   1   0       0.89621950
    9   1   0       0.86406038
   10   1   0       1.13189239
   10   2   1       2.68061009
   11   1   0       0.89801577
   12   1   0       1.38305669
   12   2   1       3.86307322
   13   1   0       0.73120502
   14   1   0       0.75905595

Orbital populations (up)
 Atom Sh.   l   m       Population  Label
    1   1   0   0       1.19863210  s
    1   2   1  -1       1.00419185  p_y
    1   2   1   0       0.82368195  p_z
    1   2   1   1       1.01070101  p_x
    2   1   0   0       1.16925441  s
    2   2   1  -1       0.97734545  p_y
    2   2   1   0       0.98370117  p_z
    2   2   1   1       0.94753611  p_x
    3   1   0   0       0.88578001  s
    4   1   0   0       0.88236408  s
    5   1   0   0       0.87332709  s
    6   1   0   0       1.19675533  s
    6   2   1  -1       0.92970972  p_y
    6   2   1   0       0.86139296  p_z
    6   2   1   1       0.93396026  p_x
    7   1   0   0       1.17891506  s
    7   2   1  -1       1.00894299  p_y
    7   2   1   0       1.00719337  p_z
    7   2   1   1       0.91942607  p_x
    8   1   0   0       0.89621950  s
    9   1   0   0       0.86406038  s
   10   1   0   0       1.13189239  s
   10   2   1  -1       0.86732031  p_y
   10   2   1   0       0.92729221  p_z
   10   2   1   1       0.88599757  p_x
   11   1   0   0       0.89801577  s
   12   1   0   0       1.38305669  s
   12   2   1  -1       1.30918865  p_y
   12   2   1   0       1.43951669  p_z
   12   2   1   1       1.11436788  p_x
   13   1   0   0       0.73120502  s
   14   1   0   0       0.75905595  s

Input / Output electrons (q):     32.0000000000

Energy H0:                         -16.3353534661 H         -444.5076 eV
Energy SCC:                          0.0988532936 H            2.6899 eV
Energy SPIN:                        -0.0000028141 H           -0.0001 eV
Energy Fock:                        -0.6713286871 H          -18.2678 eV
Total Electronic energy:           -16.9078316737 H         -460.0855 eV
Repulsive energy:                    0.4479235836 H           12.1886 eV

Excitation Energy:                   0.0000000000 H            0.0000 eV

Total energy:                      -16.4604141658 H         -447.9107 eV

SCC converged

Total Forces
    1      0.012443896609     -0.020250665310      0.001228191136
    2      0.019228812915      0.038468993808     -0.020457405080
    3     -0.015041355025      0.009185352195      0.003694562345
    4     -0.031749090936     -0.017515346056     -0.002179128432
    5     -0.000487446111     -0.035637185306      0.013543398464
    6      0.044908990762      0.010513878675      0.031529702452
    7     -0.092514121657     -0.039209033783     -0.014391719806
    8      0.023999864581      0.006851835474      0.009320171669
    9     -0.026413467361      0.017423608382     -0.007601873264
   10      0.085833872964     -0.004903860244     -0.059383312525
   11     -0.028633701623     -0.008927159185     -0.004940905583
   12     -0.001773946432      0.066629966913      0.052933284927
   13     -0.010350066472     -0.008223448917     -0.023266327871
   14      0.020547757786     -0.014406936646      0.019971361568

Maximal derivative component:        0.925141E-01 au


