REKS do not use any electronic distribution function

Calculation with static geometry

********************************************************************************************
  iSCC       reks energy        Diff energy         x_a       SCC error   
   67      -16.4325541752      -0.0000000000     0.999925    0.00000097
********************************************************************************************

 SA-REKS optimizes the avergaed state, not individual states
 These charges do not mean the charges for individual states
 Similarly to this, the values in band.out file indicate
 the band energies and occupations for the averaged state
 If you want to compute the relaxed density,
 please, set 'RelaxedDensity = Yes' option

 Total charge:     1.00000000

 Atomic gross charges (e)
 Atom           Charge
    1      -0.07742997
    2      -0.00476779
    3       0.07599898
    4       0.13270221
    5       0.11854497
    6       0.07192728
    7      -0.14103661
    8       0.12064557
    9       0.11286302
   10       0.18055641
   11       0.10622164
   12      -0.22750800
   13       0.26983269
   14       0.26144960

Nr. of electrons (up):     32.00000000
Atom populations (up)
 Atom       Population
    1       4.07742997
    2       4.00476779
    3       0.92400102
    4       0.86729779
    5       0.88145503
    6       3.92807272
    7       4.14103661
    8       0.87935443
    9       0.88713698
   10       3.81944359
   11       0.89377836
   12       5.22750800
   13       0.73016731
   14       0.73855040

l-shell populations (up)
 Atom Sh.   l       Population
    1   1   0       1.20808735
    1   2   1       2.86934262
    2   1   0       1.15867164
    2   2   1       2.84609615
    3   1   0       0.92400102
    4   1   0       0.86729779
    5   1   0       0.88145503
    6   1   0       1.19457855
    6   2   1       2.73349417
    7   1   0       1.18132656
    7   2   1       2.95971004
    8   1   0       0.87935443
    9   1   0       0.88713698
   10   1   0       1.15282343
   10   2   1       2.66662015
   11   1   0       0.89377836
   12   1   0       1.41623771
   12   2   1       3.81127029
   13   1   0       0.73016731
   14   1   0       0.73855040

Orbital populations (up)
 Atom Sh.   l   m       Population  Label
    1   1   0   0       1.20808735  s
    1   2   1  -1       0.91887629  p_y
    1   2   1   0       0.98332785  p_z
    1   2   1   1       0.96713848  p_x
    2   1   0   0       1.15867164  s
    2   2   1  -1       0.93106045  p_y
    2   2   1   0       0.96504245  p_z
    2   2   1   1       0.94999324  p_x
    3   1   0   0       0.92400102  s
    4   1   0   0       0.86729779  s
    5   1   0   0       0.88145503  s
    6   1   0   0       1.19457855  s
    6   2   1  -1       0.97649375  p_y
    6   2   1   0       0.86842613  p_z
    6   2   1   1       0.88857429  p_x
    7   1   0   0       1.18132656  s
    7   2   1  -1       1.01980931  p_y
    7   2   1   0       1.01207911  p_z
    7   2   1   1       0.92782162  p_x
    8   1   0   0       0.87935443  s
    9   1   0   0       0.88713698  s
   10   1   0   0       1.15282343  s
   10   2   1  -1       0.88387899  p_y
   10   2   1   0       0.94248714  p_z
   10   2   1   1       0.84025403  p_x
   11   1   0   0       0.89377836  s
   12   1   0   0       1.41623771  s
   12   2   1  -1       1.36419809  p_y
   12   2   1   0       1.28996329  p_z
   12   2   1   1       1.15710891  p_x
   13   1   0   0       0.73016731  s
   14   1   0   0       0.73855040  s

Input / Output electrons (q):     32.0000000000

Energy H0:                         -16.3455970296 H         -444.7863 eV
Energy SCC:                          0.0960828687 H            2.6145 eV
Energy SPIN:                        -0.0000146367 H           -0.0004 eV
Energy Fock:                        -0.6579279713 H          -17.9031 eV
Total Electronic energy:           -16.9074567690 H         -460.0753 eV
Repulsive energy:                    0.4164869138 H           11.3332 eV

Excitation Energy:                   0.0000000000 H            0.0000 eV

Total energy:                      -16.4923511649 H         -448.7797 eV

SCC converged

Total Forces
    1      0.010704848427      0.042718488427     -0.047638951068
    2      0.064444063723      0.020334846755     -0.007961060700
    3      0.007142779939     -0.013096950939      0.000197415605
    4     -0.018129574976     -0.040602962313     -0.010661884855
    5     -0.049652843039     -0.026275087688      0.039046177065
    6      0.020355251223     -0.010278914384     -0.023769563342
    7     -0.054530173860     -0.018630569060      0.034313852715
    8      0.034307796579      0.019908937351      0.014230135228
    9      0.015586834209      0.011499274473     -0.015158035847
   10      0.013024159253      0.065004510560      0.040291643502
   11      0.000441476374     -0.026501540568     -0.020031583275
   12     -0.043187620982      0.002032355279      0.013394683383
   13     -0.015779131295      0.011000712256      0.024007918041
   14      0.015272134425     -0.037113100150     -0.040260746451

Maximal derivative component:        0.650045E-01 au


