REKS do not use any electronic distribution function

Calculation with static geometry

********************************************************************************************
  iSCC       reks energy        Diff energy         x_a       SCC error   
   51       -6.2834889447      -0.0000000000     0.999964    0.00000087
********************************************************************************************

 SA-REKS optimizes the avergaed state, not individual states
 These charges do not mean the charges for individual states
 Similarly to this, the values in band.out file indicate
 the band energies and occupations for the averaged state
 If you want to compute the relaxed density,
 please, set 'RelaxedDensity = Yes' option

 Total charge:     1.00000000

 Atomic gross charges (e)
 Atom           Charge
    1       0.10271343
    2      -0.10702634
    3       0.18772061
    4       0.31183653
    5       0.31217924
    6       0.19257653

Nr. of electrons (up):     12.00000000
Atom populations (up)
 Atom       Population
    1       3.89728657
    2       5.10702634
    3       0.81227939
    4       0.68816347
    5       0.68782076
    6       0.80742347

l-shell populations (up)
 Atom Sh.   l       Population
    1   1   0       1.18098383
    1   2   1       2.71630274
    2   1   0       1.38089899
    2   2   1       3.72612735
    3   1   0       0.81227939
    4   1   0       0.68816347
    5   1   0       0.68782076
    6   1   0       0.80742347

Orbital populations (up)
 Atom Sh.   l   m       Population  Label
    1   1   0   0       1.18098383  s
    1   2   1  -1       0.84766112  p_y
    1   2   1   0       0.89945552  p_z
    1   2   1   1       0.96918610  p_x
    2   1   0   0       1.38089899  s
    2   2   1  -1       1.08593110  p_y
    2   2   1   0       1.13002500  p_z
    2   2   1   1       1.51017125  p_x
    3   1   0   0       0.81227939  s
    4   1   0   0       0.68816347  s
    5   1   0   0       0.68782076  s
    6   1   0   0       0.80742347  s

Input / Output electrons (q):     12.0000000000

Energy H0:                          -6.5251138062 H         -177.5574 eV
Energy SCC:                          0.1351203051 H            3.6768 eV
Energy SPIN:                        -0.0000200556 H           -0.0005 eV
Energy Fock:                        -0.2095941326 H           -5.7033 eV
Total Electronic energy:            -6.5996076893 H         -179.5845 eV
Repulsive energy:                    0.1870876008 H            5.0909 eV

Excitation Energy:                   0.0000000000 H            0.0000 eV

Total energy:                       -6.4126828388 H         -174.4980 eV

SCC converged

Total Forces
    1      0.000800447981     -0.010883134612     -0.022109247212
    2     -0.001401805456     -0.002599308673      0.020600316248
    3     -0.011726972878      0.008186593997     -0.006971245730
    4     -0.010674899479     -0.001646700073      0.004551835468
    5      0.011790890607      0.010896639817      0.001012776339
    6      0.011212339226     -0.003954090456      0.002915564887

Maximal derivative component:        0.221092E-01 au


