REKS do not use any electronic distribution function

Calculation with static geometry

********************************************************************************************
  iSCC       reks energy        Diff energy         x_a       SCC error   
   41       -6.2821787896      -0.0000000000     0.999976    0.00000092
********************************************************************************************

 SA-REKS optimizes the avergaed state, not individual states
 These charges do not mean the charges for individual states
 Similarly to this, the values in band.out file indicate
 the band energies and occupations for the averaged state
 If you want to compute the relaxed density,
 please, set 'RelaxedDensity = Yes' option

 Total charge:     1.00000000

 Atomic gross charges (e)
 Atom           Charge
    1       0.10154706
    2      -0.09880458
    3       0.18590883
    4       0.30981942
    5       0.30732236
    6       0.19420690

Nr. of electrons (up):     12.00000000
Atom populations (up)
 Atom       Population
    1       3.89845294
    2       5.09880458
    3       0.81409117
    4       0.69018058
    5       0.69267764
    6       0.80579310

l-shell populations (up)
 Atom Sh.   l       Population
    1   1   0       1.17332276
    1   2   1       2.72513019
    2   1   0       1.37985230
    2   2   1       3.71895228
    3   1   0       0.81409117
    4   1   0       0.69018058
    5   1   0       0.69267764
    6   1   0       0.80579310

Orbital populations (up)
 Atom Sh.   l   m       Population  Label
    1   1   0   0       1.17332276  s
    1   2   1  -1       0.85426995  p_y
    1   2   1   0       0.89405339  p_z
    1   2   1   1       0.97680685  p_x
    2   1   0   0       1.37985230  s
    2   2   1  -1       1.09935931  p_y
    2   2   1   0       1.12235402  p_z
    2   2   1   1       1.49723894  p_x
    3   1   0   0       0.81409117  s
    4   1   0   0       0.69018058  s
    5   1   0   0       0.69267764  s
    6   1   0   0       0.80579310  s

Input / Output electrons (q):     12.0000000000

Energy H0:                          -6.5338569062 H         -177.7953 eV
Energy SCC:                          0.1359029553 H            3.6981 eV
Energy SPIN:                        -0.0000140684 H           -0.0004 eV
Energy Fock:                        -0.2097950318 H           -5.7088 eV
Total Electronic energy:            -6.6077630511 H         -179.8064 eV
Repulsive energy:                    0.1950686116 H            5.3081 eV

Excitation Energy:                   0.0000000000 H            0.0000 eV

Total energy:                       -6.4127273897 H         -174.4992 eV

SCC converged

Total Forces
    1     -0.006815928471     -0.010323107723     -0.037327955254
    2      0.026314415583     -0.006446804480      0.045593220486
    3     -0.005112610347      0.004140431235     -0.007793195353
    4     -0.014345925169      0.005482864294     -0.004292978156
    5     -0.005031148154      0.006440496212     -0.003525075926
    6      0.004991196558      0.000706120462      0.007345984203

Maximal derivative component:        0.455932E-01 au


