REKS do not use any electronic distribution function

Calculation with static geometry

********************************************************************************************
  iSCC       reks energy        Diff energy         x_a       SCC error   
   45       -6.2843904667      -0.0000000000     0.999968    0.00000080
********************************************************************************************

 SA-REKS optimizes the avergaed state, not individual states
 These charges do not mean the charges for individual states
 Similarly to this, the values in band.out file indicate
 the band energies and occupations for the averaged state
 If you want to compute the relaxed density,
 please, set 'RelaxedDensity = Yes' option

 Total charge:     1.00000000

 Atomic gross charges (e)
 Atom           Charge
    1       0.10355204
    2      -0.09550039
    3       0.18763916
    4       0.30805440
    5       0.30917268
    6       0.18708211

Nr. of electrons (up):     12.00000000
Atom populations (up)
 Atom       Population
    1       3.89644796
    2       5.09550039
    3       0.81236084
    4       0.69194560
    5       0.69082732
    6       0.81291789

l-shell populations (up)
 Atom Sh.   l       Population
    1   1   0       1.17001698
    1   2   1       2.72643098
    2   1   0       1.37264018
    2   2   1       3.72286020
    3   1   0       0.81236084
    4   1   0       0.69194560
    5   1   0       0.69082732
    6   1   0       0.81291789

Orbital populations (up)
 Atom Sh.   l   m       Population  Label
    1   1   0   0       1.17001698  s
    1   2   1  -1       0.86172566  p_y
    1   2   1   0       0.88615815  p_z
    1   2   1   1       0.97854717  p_x
    2   1   0   0       1.37264018  s
    2   2   1  -1       1.10521888  p_y
    2   2   1   0       1.11411530  p_z
    2   2   1   1       1.50352602  p_x
    3   1   0   0       0.81236084  s
    4   1   0   0       0.69194560  s
    5   1   0   0       0.69082732  s
    6   1   0   0       0.81291789  s

Input / Output electrons (q):     12.0000000000

Energy H0:                          -6.5354463955 H         -177.8385 eV
Energy SCC:                          0.1358962965 H            3.6979 eV
Energy SPIN:                        -0.0000183256 H           -0.0005 eV
Energy Fock:                        -0.2095351853 H           -5.7017 eV
Total Electronic energy:            -6.6091036100 H         -179.8429 eV
Repulsive energy:                    0.1949926491 H            5.3060 eV

Excitation Energy:                   0.0000000000 H            0.0000 eV

Total energy:                       -6.4142075095 H         -174.5395 eV

SCC converged

Total Forces
    1      0.002047348839      0.002505999815     -0.051904634276
    2     -0.005263483090     -0.000071455650      0.036121884817
    3     -0.008764270563      0.000850537476      0.010759284292
    4     -0.007439876726     -0.002116686682     -0.001171680000
    5      0.011160317911      0.000207034975     -0.003748083177
    6      0.008259963628     -0.001375429935      0.009943228344

Maximal derivative component:        0.519046E-01 au


