REKS do not use any electronic distribution function

Calculation with static geometry

********************************************************************************************
  iSCC       reks energy        Diff energy         x_a       SCC error   
   54       -6.2840176777      -0.0000000000     0.999956    0.00000094
********************************************************************************************

 SA-REKS optimizes the avergaed state, not individual states
 These charges do not mean the charges for individual states
 Similarly to this, the values in band.out file indicate
 the band energies and occupations for the averaged state
 If you want to compute the relaxed density,
 please, set 'RelaxedDensity = Yes' option

 Total charge:     1.00000000

 Atomic gross charges (e)
 Atom           Charge
    1       0.10815168
    2      -0.11138041
    3       0.18665269
    4       0.31276143
    5       0.31279960
    6       0.19101502

Nr. of electrons (up):     12.00000000
Atom populations (up)
 Atom       Population
    1       3.89184832
    2       5.11138041
    3       0.81334731
    4       0.68723857
    5       0.68720040
    6       0.80898498

l-shell populations (up)
 Atom Sh.   l       Population
    1   1   0       1.18243291
    1   2   1       2.70941541
    2   1   0       1.38215612
    2   2   1       3.72922429
    3   1   0       0.81334731
    4   1   0       0.68723857
    5   1   0       0.68720040
    6   1   0       0.80898498

Orbital populations (up)
 Atom Sh.   l   m       Population  Label
    1   1   0   0       1.18243291  s
    1   2   1  -1       0.84987933  p_y
    1   2   1   0       0.89887820  p_z
    1   2   1   1       0.96065788  p_x
    2   1   0   0       1.38215612  s
    2   2   1  -1       1.08374567  p_y
    2   2   1   0       1.13253574  p_z
    2   2   1   1       1.51294288  p_x
    3   1   0   0       0.81334731  s
    4   1   0   0       0.68723857  s
    5   1   0   0       0.68720040  s
    6   1   0   0       0.80898498  s

Input / Output electrons (q):     12.0000000000

Energy H0:                          -6.5228524879 H         -177.4958 eV
Energy SCC:                          0.1348615460 H            3.6698 eV
Energy SPIN:                        -0.0000244321 H           -0.0007 eV
Energy Fock:                        -0.2092748910 H           -5.6947 eV
Total Electronic energy:            -6.5972902650 H         -179.5214 eV
Repulsive energy:                    0.1859307482 H            5.0594 eV

Excitation Energy:                   0.0000000000 H            0.0000 eV

Total energy:                       -6.4115947238 H         -174.4684 eV

SCC converged

Total Forces
    1      0.002893122616      0.009042468782     -0.011090264510
    2     -0.005371441796      0.002005953371      0.007158955220
    3     -0.013128915603     -0.004112066174     -0.007308154177
    4     -0.010447195067      0.001352415213      0.006262682292
    5      0.013781640165     -0.009849810846      0.003368910914
    6      0.012272789684      0.001561039654      0.001607870260

Maximal derivative component:        0.137816E-01 au


