REKS do not use any electronic distribution function

Calculation with static geometry

********************************************************************************************
  iSCC       reks energy        Diff energy         x_a       SCC error   
  187      -16.3985958113      -0.0000000000     0.999998    0.00000097
********************************************************************************************

 SA-REKS optimizes the avergaed state, not individual states
 These charges do not mean the charges for individual states
 Similarly to this, the values in band.out file indicate
 the band energies and occupations for the averaged state
 If you want to compute the relaxed density,
 please, set 'RelaxedDensity = Yes' option

 Total charge:     1.00000000

 Atomic gross charges (e)
 Atom           Charge
    1      -0.06607985
    2       0.00445391
    3       0.11510293
    4       0.11685172
    5       0.12369907
    6      -0.01807466
    7      -0.12511909
    8       0.15223485
    9       0.11514326
   10       0.17136447
   11       0.11804566
   12      -0.22150170
   13       0.25598546
   14       0.25789397

Nr. of electrons (up):     32.00000000
Atom populations (up)
 Atom       Population
    1       4.06607985
    2       3.99554609
    3       0.88489707
    4       0.88314828
    5       0.87630093
    6       4.01807466
    7       4.12511909
    8       0.84776515
    9       0.88485674
   10       3.82863553
   11       0.88195434
   12       5.22150170
   13       0.74401454
   14       0.74210603

l-shell populations (up)
 Atom Sh.   l       Population
    1   1   0       1.19674740
    1   2   1       2.86933245
    2   1   0       1.20112557
    2   2   1       2.79442052
    3   1   0       0.88489707
    4   1   0       0.88314828
    5   1   0       0.87630093
    6   1   0       1.21933285
    6   2   1       2.79874181
    7   1   0       1.19377420
    7   2   1       2.93134490
    8   1   0       0.84776515
    9   1   0       0.88485674
   10   1   0       1.16514638
   10   2   1       2.66348915
   11   1   0       0.88195434
   12   1   0       1.41812378
   12   2   1       3.80337793
   13   1   0       0.74401454
   14   1   0       0.74210603

Orbital populations (up)
 Atom Sh.   l   m       Population  Label
    1   1   0   0       1.19674740  s
    1   2   1  -1       1.01228810  p_y
    1   2   1   0       0.95909842  p_z
    1   2   1   1       0.89794593  p_x
    2   1   0   0       1.20112557  s
    2   2   1  -1       0.95898143  p_y
    2   2   1   0       0.96715484  p_z
    2   2   1   1       0.86828425  p_x
    3   1   0   0       0.88489707  s
    4   1   0   0       0.88314828  s
    5   1   0   0       0.87630093  s
    6   1   0   0       1.21933285  s
    6   2   1  -1       0.95796563  p_y
    6   2   1   0       0.94459671  p_z
    6   2   1   1       0.89617948  p_x
    7   1   0   0       1.19377420  s
    7   2   1  -1       0.97695056  p_y
    7   2   1   0       0.99021374  p_z
    7   2   1   1       0.96418059  p_x
    8   1   0   0       0.84776515  s
    9   1   0   0       0.88485674  s
   10   1   0   0       1.16514638  s
   10   2   1  -1       0.93096554  p_y
   10   2   1   0       0.89240784  p_z
   10   2   1   1       0.84011577  p_x
   11   1   0   0       0.88195434  s
   12   1   0   0       1.41812378  s
   12   2   1  -1       1.23549323  p_y
   12   2   1   0       1.34221492  p_z
   12   2   1   1       1.22566978  p_x
   13   1   0   0       0.74401454  s
   14   1   0   0       0.74210603  s

Input / Output electrons (q):     32.0000000000

Energy H0:                         -16.2970291748 H         -443.4647 eV
Energy SCC:                          0.0995942757 H            2.7101 eV
Energy SPIN:                        -0.0000004633 H           -0.0000 eV
Energy Fock:                        -0.6551422800 H          -17.8273 eV
Total Electronic energy:           -16.8525776423 H         -458.5820 eV
Repulsive energy:                    0.3858823027 H           10.5004 eV

Excitation Energy:                   0.0000000000 H            0.0000 eV

Total energy:                      -16.4667229935 H         -448.0823 eV

SCC converged

Total Forces
    1     -0.048455399262     -0.021186842787      0.039697881088
    2     -0.015808673192      0.028360224522     -0.100399296460
    3      0.002320361741      0.026880573277      0.002265815123
    4     -0.003604020668     -0.011726873961      0.030668032866
    5     -0.006648320876      0.011552189706      0.000211618624
    6      0.066768904673     -0.075930349927      0.082169492906
    7     -0.027935079363     -0.027332053195     -0.021920697438
    8     -0.011662628980      0.023826830704     -0.018508330663
    9      0.008062674127     -0.012486657214      0.006357214002
   10      0.052830014047      0.087641508468     -0.026534923086
   11      0.023284606870     -0.003966769144      0.005568267836
   12      0.007159020114      0.031271744286      0.018058919569
   13     -0.022231576642      0.006141573058     -0.034612335589
   14     -0.024079882590     -0.063045097795      0.016978341225

Maximal derivative component:        0.100399E+00 au


