REKS do not use any electronic distribution function

Calculation with static geometry

********************************************************************************************
  iSCC       reks energy        Diff energy         x_a       SCC error   
   44       -6.2867609265      -0.0000000000     0.999969    0.00000089
********************************************************************************************

 SA-REKS optimizes the avergaed state, not individual states
 These charges do not mean the charges for individual states
 Similarly to this, the values in band.out file indicate
 the band energies and occupations for the averaged state
 If you want to compute the relaxed density,
 please, set 'RelaxedDensity = Yes' option

 Total charge:     1.00000000

 Atomic gross charges (e)
 Atom           Charge
    1       0.10528691
    2      -0.10153404
    3       0.18830885
    4       0.30982924
    5       0.30861663
    6       0.18949242

Nr. of electrons (up):     12.00000000
Atom populations (up)
 Atom       Population
    1       3.89471309
    2       5.10153404
    3       0.81169115
    4       0.69017076
    5       0.69138337
    6       0.81050758

l-shell populations (up)
 Atom Sh.   l       Population
    1   1   0       1.17597178
    1   2   1       2.71874131
    2   1   0       1.37925666
    2   2   1       3.72227738
    3   1   0       0.81169115
    4   1   0       0.69017076
    5   1   0       0.69138337
    6   1   0       0.81050758

Orbital populations (up)
 Atom Sh.   l   m       Population  Label
    1   1   0   0       1.17597178  s
    1   2   1  -1       0.85783363  p_y
    1   2   1   0       0.88323524  p_z
    1   2   1   1       0.97767244  p_x
    2   1   0   0       1.37925666  s
    2   2   1  -1       1.10398905  p_y
    2   2   1   0       1.11351926  p_z
    2   2   1   1       1.50476907  p_x
    3   1   0   0       0.81169115  s
    4   1   0   0       0.69017076  s
    5   1   0   0       0.69138337  s
    6   1   0   0       0.81050758  s

Input / Output electrons (q):     12.0000000000

Energy H0:                          -6.5240537955 H         -177.5285 eV
Energy SCC:                          0.1355972802 H            3.6898 eV
Energy SPIN:                        -0.0000175188 H           -0.0005 eV
Energy Fock:                        -0.2087740282 H           -5.6810 eV
Total Electronic energy:            -6.5972480623 H         -179.5203 eV
Repulsive energy:                    0.1818273152 H            4.9478 eV

Excitation Energy:                   0.0000000000 H            0.0000 eV

Total energy:                       -6.4154582508 H         -174.5735 eV

SCC converged

Total Forces
    1     -0.005564485651      0.003176167832     -0.030526120501
    2      0.016324370162     -0.004177202019      0.015152828819
    3     -0.005486529919     -0.004011247013      0.010627212136
    4     -0.011693588709      0.001920351028     -0.005394389017
    5     -0.000029222609      0.001006687352     -0.002761320444
    6      0.006449456727      0.002085242820      0.012901789008

Maximal derivative component:        0.305261E-01 au


