 KPT            1  SPIN            1  KWEIGHT    1.0000000000000000     
     1   -29.470  2.00000
     2   -27.227  2.00000
     3   -25.394  2.00000
     4   -22.916  2.00000
     5   -21.401  2.00000
     6   -20.234  2.00000
     7   -19.383  2.00000
     8   -18.568  2.00000
     9   -17.920  2.00000
    10   -17.124  2.00000
    11   -16.921  2.00000
    12   -16.458  2.00000
    13   -15.991  2.00000
    14   -15.131  2.00000
    15   -14.957  2.00000
    16   -13.459  1.49991
    17   -10.439  0.50009
    18    -3.905  0.00000
    19    -2.139  0.00000
    20     6.846  0.00000
    21     8.275  0.00000
    22     9.140  0.00000
    23    10.934  0.00000
    24    13.821  0.00000
    25    15.669  0.00000
    26    17.820  0.00000
    27    18.641  0.00000
    28    24.208  0.00000
    29    27.525  0.00000
    30    29.587  0.00000
    31    32.190  0.00000
    32    36.503  0.00000

