REKS do not use any electronic distribution function

Calculation with static geometry

********************************************************************************************
  iSCC       reks energy        Diff energy         x_a       SCC error   
   67      -16.4123036867      -0.0000000000     0.999905    0.00000099
********************************************************************************************

 SA-REKS optimizes the avergaed state, not individual states
 These charges do not mean the charges for individual states
 Similarly to this, the values in band.out file indicate
 the band energies and occupations for the averaged state
 If you want to compute the relaxed density,
 please, set 'RelaxedDensity = Yes' option

 Total charge:     1.00000000

 Atomic gross charges (e)
 Atom           Charge
    1      -0.02296120
    2      -0.07841361
    3       0.12008085
    4       0.11416504
    5       0.10589136
    6       0.07046016
    7      -0.13061174
    8       0.12281676
    9       0.12799901
   10       0.18459967
   11       0.08062594
   12      -0.28090159
   13       0.29761671
   14       0.28863262

Nr. of electrons (up):     32.00000000
Atom populations (up)
 Atom       Population
    1       4.02296120
    2       4.07841361
    3       0.87991915
    4       0.88583496
    5       0.89410864
    6       3.92953984
    7       4.13061174
    8       0.87718324
    9       0.87200099
   10       3.81540033
   11       0.91937406
   12       5.28090159
   13       0.70238329
   14       0.71136738

l-shell populations (up)
 Atom Sh.   l       Population
    1   1   0       1.22885180
    1   2   1       2.79410941
    2   1   0       1.19314366
    2   2   1       2.88526995
    3   1   0       0.87991915
    4   1   0       0.88583496
    5   1   0       0.89410864
    6   1   0       1.18083757
    6   2   1       2.74870227
    7   1   0       1.16970891
    7   2   1       2.96090283
    8   1   0       0.87718324
    9   1   0       0.87200099
   10   1   0       1.15980054
   10   2   1       2.65559979
   11   1   0       0.91937406
   12   1   0       1.41360958
   12   2   1       3.86729200
   13   1   0       0.70238329
   14   1   0       0.71136738

Orbital populations (up)
 Atom Sh.   l   m       Population  Label
    1   1   0   0       1.22885180  s
    1   2   1  -1       0.97121012  p_y
    1   2   1   0       0.86343126  p_z
    1   2   1   1       0.95946802  p_x
    2   1   0   0       1.19314366  s
    2   2   1  -1       0.98091620  p_y
    2   2   1   0       0.94874518  p_z
    2   2   1   1       0.95560857  p_x
    3   1   0   0       0.87991915  s
    4   1   0   0       0.88583496  s
    5   1   0   0       0.89410864  s
    6   1   0   0       1.18083757  s
    6   2   1  -1       0.95014042  p_y
    6   2   1   0       0.90559000  p_z
    6   2   1   1       0.89297184  p_x
    7   1   0   0       1.16970891  s
    7   2   1  -1       0.99954148  p_y
    7   2   1   0       0.96040307  p_z
    7   2   1   1       1.00095828  p_x
    8   1   0   0       0.87718324  s
    9   1   0   0       0.87200099  s
   10   1   0   0       1.15980054  s
   10   2   1  -1       0.86802473  p_y
   10   2   1   0       0.89187407  p_z
   10   2   1   1       0.89570098  p_x
   11   1   0   0       0.91937406  s
   12   1   0   0       1.41360958  s
   12   2   1  -1       1.24968072  p_y
   12   2   1   0       1.46553283  p_z
   12   2   1   1       1.15207845  p_x
   13   1   0   0       0.70238329  s
   14   1   0   0       0.71136738  s

Input / Output electrons (q):     32.0000000000

Energy H0:                         -16.2529832107 H         -442.2662 eV
Energy SCC:                          0.0949181466 H            2.5829 eV
Energy SPIN:                        -0.0000179743 H           -0.0005 eV
Energy Fock:                        -0.6688586035 H          -18.2006 eV
Total Electronic energy:           -16.8269416420 H         -457.8844 eV
Repulsive energy:                    0.3570498562 H            9.7158 eV

Excitation Energy:                   0.0000000000 H            0.0000 eV

Total energy:                      -16.4709698555 H         -448.1979 eV

SCC converged

Total Forces
    1      0.027709858307     -0.003758857274     -0.010364667640
    2     -0.009852668568     -0.012747725003     -0.029316848714
    3      0.007166748254      0.045055893839      0.016508803989
    4     -0.027832706276     -0.008181078713      0.006974382362
    5      0.009755816633     -0.016444473475      0.022486506023
    6     -0.027007193746      0.002246277312      0.031528510192
    7      0.004993143223      0.005317808685     -0.064211614814
    8      0.024234620132      0.003214304880     -0.024731546951
    9     -0.008382028471     -0.031793675484      0.041869719240
   10     -0.001475341939      0.017532154576      0.047924526356
   11      0.006930023005     -0.015968136400     -0.036277841356
   12     -0.061366107168     -0.027021810347     -0.024935969767
   13      0.054461006686      0.005568639294      0.007943928143
   14      0.000664829929      0.036980678111      0.014602112936

Maximal derivative component:        0.642116E-01 au


