REKS do not use any electronic distribution function

Calculation with static geometry

********************************************************************************************
  iSCC       reks energy        Diff energy         x_a       SCC error   
   51       -6.2876834188      -0.0000000000     0.999966    0.00000097
********************************************************************************************

 SA-REKS optimizes the avergaed state, not individual states
 These charges do not mean the charges for individual states
 Similarly to this, the values in band.out file indicate
 the band energies and occupations for the averaged state
 If you want to compute the relaxed density,
 please, set 'RelaxedDensity = Yes' option

 Total charge:     1.00000000

 Atomic gross charges (e)
 Atom           Charge
    1       0.10970011
    2      -0.10973365
    3       0.18849818
    4       0.31150468
    5       0.30812328
    6       0.19190740

Nr. of electrons (up):     12.00000000
Atom populations (up)
 Atom       Population
    1       3.89029989
    2       5.10973365
    3       0.81150182
    4       0.68849532
    5       0.69187672
    6       0.80809260

l-shell populations (up)
 Atom Sh.   l       Population
    1   1   0       1.17832468
    1   2   1       2.71197521
    2   1   0       1.38260313
    2   2   1       3.72713052
    3   1   0       0.81150182
    4   1   0       0.68849532
    5   1   0       0.69187672
    6   1   0       0.80809260

Orbital populations (up)
 Atom Sh.   l   m       Population  Label
    1   1   0   0       1.17832468  s
    1   2   1  -1       0.85739860  p_y
    1   2   1   0       0.88451710  p_z
    1   2   1   1       0.97005950  p_x
    2   1   0   0       1.38260313  s
    2   2   1  -1       1.10599582  p_y
    2   2   1   0       1.11228926  p_z
    2   2   1   1       1.50884544  p_x
    3   1   0   0       0.81150182  s
    4   1   0   0       0.68849532  s
    5   1   0   0       0.69187672  s
    6   1   0   0       0.80809260  s

Input / Output electrons (q):     12.0000000000

Energy H0:                          -6.5278898412 H         -177.6329 eV
Energy SCC:                          0.1350952268 H            3.6761 eV
Energy SPIN:                        -0.0000189333 H           -0.0005 eV
Energy Fock:                        -0.2071519547 H           -5.6369 eV
Total Electronic energy:            -6.5999655023 H         -179.5942 eV
Repulsive energy:                    0.1835028517 H            4.9934 eV

Excitation Energy:                   0.0000000000 H            0.0000 eV

Total energy:                       -6.4165053203 H         -174.6020 eV

SCC converged

Total Forces
    1     -0.005289368457      0.000198668856      0.013607517651
    2      0.012902304381     -0.005173808500     -0.009442915044
    3      0.006109013590     -0.001267320565     -0.001547184222
    4      0.001574718079      0.004964402817     -0.005100864563
    5     -0.010211733014     -0.001222035871      0.000265986021
    6     -0.005084934578      0.002500093263      0.002217460158

Maximal derivative component:        0.136075E-01 au


