REKS do not use any electronic distribution function

Calculation with static geometry

********************************************************************************************
  iSCC       reks energy        Diff energy         x_a       SCC error   
   60       -6.1208459540      -0.0000000000     1.000000    0.00000094
********************************************************************************************

 SA-REKS optimizes the avergaed state, not individual states
 These charges do not mean the charges for individual states
 Similarly to this, the values in band.out file indicate
 the band energies and occupations for the averaged state
 If you want to compute the relaxed density,
 please, set 'RelaxedDensity = Yes' option

 Total charge:     1.00000000

 Atomic gross charges (e)
 Atom           Charge
    1       0.26383999
    2      -0.26430715
    3       0.18612026
    4       0.30075409
    5       0.32677489
    6       0.18681791

Nr. of electrons (up):     12.00000000
Atom populations (up)
 Atom       Population
    1       3.73616001
    2       5.26430715
    3       0.81387974
    4       0.69924591
    5       0.67322511
    6       0.81318209

l-shell populations (up)
 Atom Sh.   l       Population
    1   1   0       1.42363847
    1   2   1       2.31252154
    2   1   0       1.59516709
    2   2   1       3.66914006
    3   1   0       0.81387974
    4   1   0       0.69924591
    5   1   0       0.67322511
    6   1   0       0.81318209

Orbital populations (up)
 Atom Sh.   l   m       Population  Label
    1   1   0   0       1.42363847  s
    1   2   1  -1       0.53868661  p_y
    1   2   1   0       0.79052724  p_z
    1   2   1   1       0.98330768  p_x
    2   1   0   0       1.59516709  s
    2   2   1  -1       1.31976221  p_y
    2   2   1   0       1.08247336  p_z
    2   2   1   1       1.26690449  p_x
    3   1   0   0       0.81387974  s
    4   1   0   0       0.69924591  s
    5   1   0   0       0.67322511  s
    6   1   0   0       0.81318209  s

Input / Output electrons (q):     12.0000000000

Energy H0:                          -6.1366613934 H         -166.9871 eV
Energy SCC:                          0.1812161290 H            4.9311 eV
Energy SPIN:                        -0.0000000000 H           -0.0000 eV
Energy Fock:                        -0.2213925856 H           -6.0244 eV
Total Electronic energy:            -6.1768378500 H         -168.0803 eV
Repulsive energy:                    0.0789039663 H            2.1471 eV

Excitation Energy:                   0.0000000000 H            0.0000 eV

Total energy:                       -6.1549882065 H         -167.4858 eV

SCC converged

Total Forces
    1     -0.034245538028     -0.020602718667      0.086059248070
    2     -0.098146722570      0.113499286813     -0.158482642198
    3      0.049044057768     -0.007733023205      0.017911158596
    4      0.061540878942     -0.076260861520      0.024574730283
    5      0.031007876666     -0.012629405079      0.026683787945
    6     -0.009200552777      0.003726721657      0.003253717305

Maximal derivative component:        0.158483E+00 au


