REKS do not use any electronic distribution function

Calculation with static geometry

********************************************************************************************
  iSCC       reks energy        Diff energy         x_a       SCC error   
   37       -6.2838682755      -0.0000000000     0.999983    0.00000087
********************************************************************************************

 SA-REKS optimizes the avergaed state, not individual states
 These charges do not mean the charges for individual states
 Similarly to this, the values in band.out file indicate
 the band energies and occupations for the averaged state
 If you want to compute the relaxed density,
 please, set 'RelaxedDensity = Yes' option

 Total charge:     1.00000000

 Atomic gross charges (e)
 Atom           Charge
    1       0.08964122
    2      -0.09811163
    3       0.19380938
    4       0.30987509
    5       0.31005753
    6       0.19472840

Nr. of electrons (up):     12.00000000
Atom populations (up)
 Atom       Population
    1       3.91035878
    2       5.09811163
    3       0.80619062
    4       0.69012491
    5       0.68994247
    6       0.80527160

l-shell populations (up)
 Atom Sh.   l       Population
    1   1   0       1.17689810
    1   2   1       2.73346068
    2   1   0       1.37861084
    2   2   1       3.71950079
    3   1   0       0.80619062
    4   1   0       0.69012491
    5   1   0       0.68994247
    6   1   0       0.80527160

Orbital populations (up)
 Atom Sh.   l   m       Population  Label
    1   1   0   0       1.17689810  s
    1   2   1  -1       0.84747769  p_y
    1   2   1   0       0.89899997  p_z
    1   2   1   1       0.98698302  p_x
    2   1   0   0       1.37861084  s
    2   2   1  -1       1.10377842  p_y
    2   2   1   0       1.12280266  p_z
    2   2   1   1       1.49291971  p_x
    3   1   0   0       0.80619062  s
    4   1   0   0       0.69012491  s
    5   1   0   0       0.68994247  s
    6   1   0   0       0.80527160  s

Input / Output electrons (q):     12.0000000000

Energy H0:                          -6.5369050048 H         -177.8782 eV
Energy SCC:                          0.1359669232 H            3.6998 eV
Energy SPIN:                        -0.0000103672 H           -0.0003 eV
Energy Fock:                        -0.2092023632 H           -5.6927 eV
Total Electronic energy:            -6.6101508119 H         -179.8714 eV
Repulsive energy:                    0.1917208094 H            5.2170 eV

Excitation Energy:                   0.0000000000 H            0.0000 eV

Total energy:                       -6.4184300670 H         -174.6544 eV

SCC converged

Total Forces
    1      0.000005945810      0.003887493216     -0.028213817057
    2      0.001941588845     -0.001579646285      0.040014107513
    3     -0.001111051801     -0.007213396940     -0.003928507942
    4      0.000520397185      0.005003794657     -0.002589652926
    5     -0.002345558082     -0.006817264038     -0.004374184287
    6      0.000988678043      0.006719019389     -0.000907945300

Maximal derivative component:        0.400141E-01 au


