REKS do not use any electronic distribution function

Calculation with static geometry

********************************************************************************************
  iSCC       reks energy        Diff energy         x_a       SCC error   
   47       -6.2842222859      -0.0000000000     0.999965    0.00000088
********************************************************************************************

 SA-REKS optimizes the avergaed state, not individual states
 These charges do not mean the charges for individual states
 Similarly to this, the values in band.out file indicate
 the band energies and occupations for the averaged state
 If you want to compute the relaxed density,
 please, set 'RelaxedDensity = Yes' option

 Total charge:     1.00000000

 Atomic gross charges (e)
 Atom           Charge
    1       0.10538678
    2      -0.09763070
    3       0.18748210
    4       0.30930731
    5       0.30919277
    6       0.18626174

Nr. of electrons (up):     12.00000000
Atom populations (up)
 Atom       Population
    1       3.89461322
    2       5.09763070
    3       0.81251790
    4       0.69069269
    5       0.69080723
    6       0.81373826

l-shell populations (up)
 Atom Sh.   l       Population
    1   1   0       1.16941091
    1   2   1       2.72520231
    2   1   0       1.37388831
    2   2   1       3.72374239
    3   1   0       0.81251790
    4   1   0       0.69069269
    5   1   0       0.69080723
    6   1   0       0.81373826

Orbital populations (up)
 Atom Sh.   l   m       Population  Label
    1   1   0   0       1.16941091  s
    1   2   1  -1       0.97494868  p_y
    1   2   1   0       0.88933518  p_z
    1   2   1   1       0.86091845  p_x
    2   1   0   0       1.37388831  s
    2   2   1  -1       1.50473941  p_y
    2   2   1   0       1.11711117  p_z
    2   2   1   1       1.10189181  p_x
    3   1   0   0       0.81251790  s
    4   1   0   0       0.69069269  s
    5   1   0   0       0.69080723  s
    6   1   0   0       0.81373826  s

Input / Output electrons (q):     12.0000000000

Energy H0:                          -6.5379949937 H         -177.9079 eV
Energy SCC:                          0.1357059924 H            3.6927 eV
Energy SPIN:                        -0.0000196225 H           -0.0005 eV
Energy Fock:                        -0.2093656997 H           -5.6971 eV
Total Electronic energy:            -6.6116743235 H         -179.9128 eV
Repulsive energy:                    0.1979042076 H            5.3852 eV

Excitation Energy:                   0.0000000000 H            0.0000 eV

Total energy:                       -6.4139026360 H         -174.5312 eV

SCC converged

Total Forces
    1     -0.001453968163      0.001065433802     -0.043811836780
    2     -0.001718918654      0.003350879956      0.036844141237
    3      0.003457411555      0.008822136790      0.006725881853
    4      0.002268022096     -0.012153770237     -0.001963562182
    5      0.000222253057      0.008542550447     -0.001840888872
    6     -0.002774799892     -0.009627230757      0.004046264744

Maximal derivative component:        0.438118E-01 au


