REKS do not use any electronic distribution function

Calculation with static geometry

********************************************************************************************
  iSCC       reks energy        Diff energy         x_a       SCC error   
   62      -16.4049798834      -0.0000000000     0.999959    0.00000088
********************************************************************************************

 SA-REKS optimizes the avergaed state, not individual states
 These charges do not mean the charges for individual states
 Similarly to this, the values in band.out file indicate
 the band energies and occupations for the averaged state
 If you want to compute the relaxed density,
 please, set 'RelaxedDensity = Yes' option

 Total charge:     1.00000000

 Atomic gross charges (e)
 Atom           Charge
    1      -0.05019114
    2      -0.03005861
    3       0.11540695
    4       0.10686676
    5       0.10263267
    6       0.10551825
    7      -0.16640907
    8       0.12154503
    9       0.07764538
   10       0.22885026
   11       0.08159394
   12      -0.20432884
   13       0.25071286
   14       0.26021555

Nr. of electrons (up):     32.00000000
Atom populations (up)
 Atom       Population
    1       4.05019114
    2       4.03005861
    3       0.88459305
    4       0.89313324
    5       0.89736733
    6       3.89448175
    7       4.16640907
    8       0.87845497
    9       0.92235462
   10       3.77114974
   11       0.91840606
   12       5.20432884
   13       0.74928714
   14       0.73978445

l-shell populations (up)
 Atom Sh.   l       Population
    1   1   0       1.21049974
    1   2   1       2.83969140
    2   1   0       1.17198094
    2   2   1       2.85807767
    3   1   0       0.88459305
    4   1   0       0.89313324
    5   1   0       0.89736733
    6   1   0       1.18767468
    6   2   1       2.70680707
    7   1   0       1.19009591
    7   2   1       2.97631315
    8   1   0       0.87845497
    9   1   0       0.92235462
   10   1   0       1.13322187
   10   2   1       2.63792787
   11   1   0       0.91840606
   12   1   0       1.42025174
   12   2   1       3.78407710
   13   1   0       0.74928714
   14   1   0       0.73978445

Orbital populations (up)
 Atom Sh.   l   m       Population  Label
    1   1   0   0       1.21049974  s
    1   2   1  -1       0.95361882  p_y
    1   2   1   0       1.03589913  p_z
    1   2   1   1       0.85017345  p_x
    2   1   0   0       1.17198094  s
    2   2   1  -1       0.96981784  p_y
    2   2   1   0       0.94832152  p_z
    2   2   1   1       0.93993831  p_x
    3   1   0   0       0.88459305  s
    4   1   0   0       0.89313324  s
    5   1   0   0       0.89736733  s
    6   1   0   0       1.18767468  s
    6   2   1  -1       0.82353968  p_y
    6   2   1   0       0.95779492  p_z
    6   2   1   1       0.92547248  p_x
    7   1   0   0       1.19009591  s
    7   2   1  -1       1.08287276  p_y
    7   2   1   0       0.95432878  p_z
    7   2   1   1       0.93911162  p_x
    8   1   0   0       0.87845497  s
    9   1   0   0       0.92235462  s
   10   1   0   0       1.13322187  s
   10   2   1  -1       0.86306502  p_y
   10   2   1   0       0.90832135  p_z
   10   2   1   1       0.86654150  p_x
   11   1   0   0       0.91840606  s
   12   1   0   0       1.42025174  s
   12   2   1  -1       1.32315993  p_y
   12   2   1   0       1.34311771  p_z
   12   2   1   1       1.11779946  p_x
   13   1   0   0       0.74928714  s
   14   1   0   0       0.73978445  s

Input / Output electrons (q):     32.0000000000

Energy H0:                         -16.2313847063 H         -441.6785 eV
Energy SCC:                          0.0932060767 H            2.5363 eV
Energy SPIN:                        -0.0000073826 H           -0.0002 eV
Energy Fock:                        -0.6683707248 H          -18.1873 eV
Total Electronic energy:           -16.8065567370 H         -457.3297 eV
Repulsive energy:                    0.3454567427 H            9.4004 eV

Excitation Energy:                   0.0000000000 H            0.0000 eV

Total energy:                      -16.4648948208 H         -448.0326 eV

SCC converged

Total Forces
    1      0.005763750567     -0.019223798129     -0.037620459285
    2      0.009928539660     -0.027287108134      0.021450711265
    3      0.001059771526      0.005944575101      0.017362764256
    4     -0.017587251273      0.004766997920      0.006180492040
    5      0.005077197237      0.011177125116      0.003883409593
    6      0.059840517795      0.036559247155     -0.081355386947
    7     -0.026956077720      0.029394228254      0.100285017762
    8      0.001423498546      0.008441090829      0.007224285749
    9     -0.007518521239     -0.030711031188     -0.042974436853
   10     -0.061391474573     -0.078230482388     -0.007059080234
   11     -0.018710830709      0.027315163577      0.010654961483
   12      0.138773372099      0.021096307786      0.037857889459
   13     -0.062745351919      0.049593625191      0.016996034445
   14     -0.026957139997     -0.038835941090     -0.052886202734

Maximal derivative component:        0.138773E+00 au


