REKS do not use any electronic distribution function

Calculation with static geometry

********************************************************************************************
  iSCC       reks energy        Diff energy         x_a       SCC error   
   35       -6.2851707979      -0.0000000000     0.999974    0.00000092
********************************************************************************************

 SA-REKS optimizes the avergaed state, not individual states
 These charges do not mean the charges for individual states
 Similarly to this, the values in band.out file indicate
 the band energies and occupations for the averaged state
 If you want to compute the relaxed density,
 please, set 'RelaxedDensity = Yes' option

 Total charge:     1.00000000

 Atomic gross charges (e)
 Atom           Charge
    1       0.10314463
    2      -0.09919911
    3       0.19041686
    4       0.30648418
    5       0.31159464
    6       0.18755879

Nr. of electrons (up):     12.00000000
Atom populations (up)
 Atom       Population
    1       3.89685537
    2       5.09919911
    3       0.80958314
    4       0.69351582
    5       0.68840536
    6       0.81244121

l-shell populations (up)
 Atom Sh.   l       Population
    1   1   0       1.16773486
    1   2   1       2.72912051
    2   1   0       1.37792355
    2   2   1       3.72127556
    3   1   0       0.80958314
    4   1   0       0.69351582
    5   1   0       0.68840536
    6   1   0       0.81244121

Orbital populations (up)
 Atom Sh.   l   m       Population  Label
    1   1   0   0       1.16773486  s
    1   2   1  -1       0.86599876  p_y
    1   2   1   0       0.88144839  p_z
    1   2   1   1       0.98167336  p_x
    2   1   0   0       1.37792355  s
    2   2   1  -1       1.11660088  p_y
    2   2   1   0       1.10746203  p_z
    2   2   1   1       1.49721265  p_x
    3   1   0   0       0.80958314  s
    4   1   0   0       0.69351582  s
    5   1   0   0       0.68840536  s
    6   1   0   0       0.81244121  s

Input / Output electrons (q):     12.0000000000

Energy H0:                          -6.5363983044 H         -177.8644 eV
Energy SCC:                          0.1357903474 H            3.6950 eV
Energy SPIN:                        -0.0000150261 H           -0.0004 eV
Energy Fock:                        -0.2083859463 H           -5.6705 eV
Total Electronic energy:            -6.6090089295 H         -179.8403 eV
Repulsive energy:                    0.1929171378 H            5.2495 eV

Excitation Energy:                   0.0000000000 H            0.0000 eV

Total energy:                       -6.4160973825 H         -174.5909 eV

SCC converged

Total Forces
    1      0.005464634081      0.000223875596     -0.020623853445
    2     -0.015318251888      0.001441544463      0.027557123766
    3      0.002652761709      0.008301640041      0.006393746319
    4      0.007354923155     -0.003918284117     -0.002795057108
    5      0.003440581065      0.000123346737     -0.013544889327
    6     -0.003594648121     -0.006172122720      0.003012929794

Maximal derivative component:        0.275571E-01 au


