REKS do not use any electronic distribution function

Calculation with static geometry

********************************************************************************************
  iSCC       reks energy        Diff energy         x_a       SCC error   
   91      -16.4026198380      -0.0000000000     0.999998    0.00000096
********************************************************************************************

 SA-REKS optimizes the avergaed state, not individual states
 These charges do not mean the charges for individual states
 Similarly to this, the values in band.out file indicate
 the band energies and occupations for the averaged state
 If you want to compute the relaxed density,
 please, set 'RelaxedDensity = Yes' option

 Total charge:     1.00000000

 Atomic gross charges (e)
 Atom           Charge
    1      -0.05351971
    2       0.05541976
    3       0.11294056
    4       0.13141071
    5       0.10990262
    6      -0.00485906
    7      -0.16960181
    8       0.12524644
    9       0.09531778
   10       0.18659071
   11       0.07740201
   12      -0.16596727
   13       0.24781474
   14       0.25190252

Nr. of electrons (up):     32.00000000
Atom populations (up)
 Atom       Population
    1       4.05351971
    2       3.94458024
    3       0.88705944
    4       0.86858929
    5       0.89009738
    6       4.00485906
    7       4.16960181
    8       0.87475356
    9       0.90468222
   10       3.81340929
   11       0.92259799
   12       5.16596727
   13       0.75218526
   14       0.74809748

l-shell populations (up)
 Atom Sh.   l       Population
    1   1   0       1.20773665
    1   2   1       2.84578306
    2   1   0       1.18225627
    2   2   1       2.76232397
    3   1   0       0.88705944
    4   1   0       0.86858929
    5   1   0       0.89009738
    6   1   0       1.16226249
    6   2   1       2.84259658
    7   1   0       1.17315490
    7   2   1       2.99644690
    8   1   0       0.87475356
    9   1   0       0.90468222
   10   1   0       1.11644004
   10   2   1       2.69696925
   11   1   0       0.92259799
   12   1   0       1.37139405
   12   2   1       3.79457322
   13   1   0       0.75218526
   14   1   0       0.74809748

Orbital populations (up)
 Atom Sh.   l   m       Population  Label
    1   1   0   0       1.20773665  s
    1   2   1  -1       1.02972989  p_y
    1   2   1   0       0.88965749  p_z
    1   2   1   1       0.92639568  p_x
    2   1   0   0       1.18225627  s
    2   2   1  -1       0.93090662  p_y
    2   2   1   0       0.88659206  p_z
    2   2   1   1       0.94482528  p_x
    3   1   0   0       0.88705944  s
    4   1   0   0       0.86858929  s
    5   1   0   0       0.89009738  s
    6   1   0   0       1.16226249  s
    6   2   1  -1       0.93702313  p_y
    6   2   1   0       0.93944124  p_z
    6   2   1   1       0.96613220  p_x
    7   1   0   0       1.17315490  s
    7   2   1  -1       0.96736608  p_y
    7   2   1   0       1.06970235  p_z
    7   2   1   1       0.95937848  p_x
    8   1   0   0       0.87475356  s
    9   1   0   0       0.90468222  s
   10   1   0   0       1.11644004  s
   10   2   1  -1       0.96786049  p_y
   10   2   1   0       0.85148082  p_z
   10   2   1   1       0.87762795  p_x
   11   1   0   0       0.92259799  s
   12   1   0   0       1.37139405  s
   12   2   1  -1       1.15314261  p_y
   12   2   1   0       1.51772760  p_z
   12   2   1   1       1.12370301  p_x
   13   1   0   0       0.75218526  s
   14   1   0   0       0.74809748  s

Input / Output electrons (q):     32.0000000000

Energy H0:                         -16.3971002066 H         -446.1878 eV
Energy SCC:                          0.1048834023 H            2.8540 eV
Energy SPIN:                        -0.0000005568 H           -0.0000 eV
Energy Fock:                        -0.6745321876 H          -18.3550 eV
Total Electronic energy:           -16.9667495488 H         -461.6887 eV
Repulsive energy:                    0.4933947333 H           13.4260 eV

Excitation Energy:                   0.0000000000 H            0.0000 eV

Total energy:                      -16.4736568161 H         -448.2710 eV

SCC converged

Total Forces
    1      0.036056978988      0.067823181529     -0.051422694437
    2     -0.103870367383     -0.055056932356      0.008331198862
    3     -0.030541954332     -0.102980315178      0.037227441576
    4      0.022078297886      0.015217151726     -0.001282858148
    5      0.003879015042      0.057220321267      0.014997567549
    6      0.030630977024     -0.026862062297     -0.029431619309
    7      0.035314194844     -0.029936009988      0.069020707729
    8     -0.029995024522      0.009578146150     -0.003338679070
    9     -0.007305966759      0.032447478962     -0.036955662354
   10     -0.079747825995      0.022336108066     -0.038218235138
   11     -0.002272197232      0.001175605927      0.013486097777
   12      0.138145730969     -0.003597147796      0.007058620342
   13      0.001169765283     -0.016872884550      0.004433169286
   14     -0.013541623812      0.029507358537      0.006094945336

Maximal derivative component:        0.138146E+00 au


