REKS do not use any electronic distribution function

Calculation with static geometry

********************************************************************************************
  iSCC       reks energy        Diff energy         x_a       SCC error   
   91      -16.4427966711      -0.0000000000     0.999999    0.00000098
********************************************************************************************

 SA-REKS optimizes the avergaed state, not individual states
 These charges do not mean the charges for individual states
 Similarly to this, the values in band.out file indicate
 the band energies and occupations for the averaged state
 If you want to compute the relaxed density,
 please, set 'RelaxedDensity = Yes' option

 Total charge:     1.00000000

 Atomic gross charges (e)
 Atom           Charge
    1      -0.04445986
    2       0.03725777
    3       0.10868195
    4       0.11532807
    5       0.12068855
    6      -0.00304760
    7      -0.12784415
    8       0.12718498
    9       0.10718900
   10       0.17368801
   11       0.10036944
   12      -0.21574681
   13       0.26392034
   14       0.23679032

Nr. of electrons (up):     32.00000000
Atom populations (up)
 Atom       Population
    1       4.04445986
    2       3.96274223
    3       0.89131805
    4       0.88467193
    5       0.87931145
    6       4.00304760
    7       4.12784415
    8       0.87281502
    9       0.89281100
   10       3.82631199
   11       0.89963056
   12       5.21574681
   13       0.73607966
   14       0.76320968

l-shell populations (up)
 Atom Sh.   l       Population
    1   1   0       1.19690081
    1   2   1       2.84755905
    2   1   0       1.17644178
    2   2   1       2.78630045
    3   1   0       0.89131805
    4   1   0       0.88467193
    5   1   0       0.87931145
    6   1   0       1.18495253
    6   2   1       2.81809507
    7   1   0       1.16362407
    7   2   1       2.96422008
    8   1   0       0.87281502
    9   1   0       0.89281100
   10   1   0       1.15836252
   10   2   1       2.66794948
   11   1   0       0.89963056
   12   1   0       1.39939521
   12   2   1       3.81635160
   13   1   0       0.73607966
   14   1   0       0.76320968

Orbital populations (up)
 Atom Sh.   l   m       Population  Label
    1   1   0   0       1.19690081  s
    1   2   1  -1       0.94751479  p_y
    1   2   1   0       0.89592477  p_z
    1   2   1   1       1.00411948  p_x
    2   1   0   0       1.17644178  s
    2   2   1  -1       0.93123960  p_y
    2   2   1   0       0.87307835  p_z
    2   2   1   1       0.98198250  p_x
    3   1   0   0       0.89131805  s
    4   1   0   0       0.88467193  s
    5   1   0   0       0.87931145  s
    6   1   0   0       1.18495253  s
    6   2   1  -1       0.92821332  p_y
    6   2   1   0       0.94798369  p_z
    6   2   1   1       0.94189806  p_x
    7   1   0   0       1.16362407  s
    7   2   1  -1       1.08374519  p_y
    7   2   1   0       0.96018991  p_z
    7   2   1   1       0.92028498  p_x
    8   1   0   0       0.87281502  s
    9   1   0   0       0.89281100  s
   10   1   0   0       1.15836252  s
   10   2   1  -1       0.85049372  p_y
   10   2   1   0       0.96654000  p_z
   10   2   1   1       0.85091575  p_x
   11   1   0   0       0.89963056  s
   12   1   0   0       1.39939521  s
   12   2   1  -1       1.53813802  p_y
   12   2   1   0       1.18031173  p_z
   12   2   1   1       1.09790185  p_x
   13   1   0   0       0.73607966  s
   14   1   0   0       0.76320968  s

Input / Output electrons (q):     32.0000000000

Energy H0:                         -16.3558603148 H         -445.0656 eV
Energy SCC:                          0.1040518455 H            2.8314 eV
Energy SPIN:                        -0.0000001870 H           -0.0000 eV
Energy Fock:                        -0.6619583648 H          -18.0128 eV
Total Electronic energy:           -16.9137670211 H         -460.2470 eV
Repulsive energy:                    0.4042546135 H           11.0003 eV

Excitation Energy:                   0.0000000000 H            0.0000 eV

Total energy:                      -16.5095986740 H         -449.2490 eV

SCC converged

Total Forces
    1      0.008470392493      0.030436381260      0.010769835440
    2      0.026904328106      0.023083903017     -0.012419976465
    3      0.001764650659      0.011770122553      0.007527695422
    4     -0.033989456642     -0.020174965465     -0.019727929535
    5      0.020238555754     -0.035162640498      0.004893936745
    6     -0.043978412091      0.018385669870      0.062048993701
    7      0.034183793873     -0.030627942236     -0.039934468796
    8     -0.021530016581     -0.018444328699     -0.024321674237
    9      0.012168431409      0.010551476487     -0.004277133669
   10     -0.006735412031      0.040939089349     -0.012474890647
   11      0.015748090585     -0.016805222404      0.020642825392
   12     -0.009899394804     -0.031284606675     -0.003815969108
   13     -0.022363632254      0.010992743191      0.001116834385
   14      0.019018081526      0.006340320251      0.009971921374

Maximal derivative component:        0.620490E-01 au


