REKS do not use any electronic distribution function

Calculation with static geometry

********************************************************************************************
  iSCC       reks energy        Diff energy         x_a       SCC error   
   77      -16.3943438830      -0.0000000000     1.000000    0.00000092
********************************************************************************************

 SA-REKS optimizes the avergaed state, not individual states
 These charges do not mean the charges for individual states
 Similarly to this, the values in band.out file indicate
 the band energies and occupations for the averaged state
 If you want to compute the relaxed density,
 please, set 'RelaxedDensity = Yes' option

 Total charge:     1.00000000

 Atomic gross charges (e)
 Atom           Charge
    1      -0.12719949
    2      -0.04166236
    3       0.11452556
    4       0.13103584
    5       0.11683602
    6       0.07350272
    7       0.01083787
    8       0.09113546
    9       0.10718811
   10       0.10183079
   11       0.10913043
   12      -0.18416978
   13       0.24084263
   14       0.25616618

Nr. of electrons (up):     32.00000000
Atom populations (up)
 Atom       Population
    1       4.12719949
    2       4.04166236
    3       0.88547444
    4       0.86896416
    5       0.88316398
    6       3.92649728
    7       3.98916213
    8       0.90886454
    9       0.89281189
   10       3.89816921
   11       0.89086957
   12       5.18416978
   13       0.75915737
   14       0.74383382

l-shell populations (up)
 Atom Sh.   l       Population
    1   1   0       1.19538484
    1   2   1       2.93181465
    2   1   0       1.17171483
    2   2   1       2.86994753
    3   1   0       0.88547444
    4   1   0       0.86896416
    5   1   0       0.88316398
    6   1   0       1.20282154
    6   2   1       2.72367574
    7   1   0       1.16624861
    7   2   1       2.82291352
    8   1   0       0.90886454
    9   1   0       0.89281189
   10   1   0       1.12968523
   10   2   1       2.76848398
   11   1   0       0.89086957
   12   1   0       1.36964329
   12   2   1       3.81452649
   13   1   0       0.75915737
   14   1   0       0.74383382

Orbital populations (up)
 Atom Sh.   l   m       Population  Label
    1   1   0   0       1.19538484  s
    1   2   1  -1       0.99860236  p_y
    1   2   1   0       0.95657875  p_z
    1   2   1   1       0.97663353  p_x
    2   1   0   0       1.17171483  s
    2   2   1  -1       0.93132859  p_y
    2   2   1   0       0.95108022  p_z
    2   2   1   1       0.98753871  p_x
    3   1   0   0       0.88547444  s
    4   1   0   0       0.86896416  s
    5   1   0   0       0.88316398  s
    6   1   0   0       1.20282154  s
    6   2   1  -1       0.92450789  p_y
    6   2   1   0       0.88587265  p_z
    6   2   1   1       0.91329520  p_x
    7   1   0   0       1.16624861  s
    7   2   1  -1       0.96421208  p_y
    7   2   1   0       0.96457293  p_z
    7   2   1   1       0.89412850  p_x
    8   1   0   0       0.90886454  s
    9   1   0   0       0.89281189  s
   10   1   0   0       1.12968523  s
   10   2   1  -1       0.94828954  p_y
   10   2   1   0       0.91705306  p_z
   10   2   1   1       0.90314138  p_x
   11   1   0   0       0.89086957  s
   12   1   0   0       1.36964329  s
   12   2   1  -1       1.34742311  p_y
   12   2   1   0       1.20973412  p_z
   12   2   1   1       1.25736926  p_x
   13   1   0   0       0.75915737  s
   14   1   0   0       0.74383382  s

Input / Output electrons (q):     32.0000000000

Energy H0:                         -16.3392255229 H         -444.6129 eV
Energy SCC:                          0.1183907796 H            3.2216 eV
Energy SPIN:                        -0.0000000000 H           -0.0000 eV
Energy Fock:                        -0.6727182831 H          -18.3056 eV
Total Electronic energy:           -16.8935530264 H         -459.6970 eV
Repulsive energy:                    0.4267263481 H           11.6118 eV

Excitation Energy:                   0.0000000000 H            0.0000 eV

Total energy:                      -16.4668842306 H         -448.0867 eV

SCC converged

Total Forces
    1     -0.009526952096      0.018303495131     -0.015077853390
    2      0.043807844534      0.051077961959     -0.022377937947
    3      0.013622321154     -0.043215056777      0.007161537959
    4      0.013985397937     -0.003503844646      0.021726392918
    5     -0.007152583644     -0.001578042829      0.001810758803
    6     -0.052476044277     -0.018137953736      0.019310378786
    7     -0.060674575769      0.020794469671      0.022772248677
    8      0.029462064701      0.013085633169     -0.005343542617
    9      0.018045698096     -0.010605215325     -0.007865286452
   10     -0.018902398629     -0.067156178922     -0.015376733560
   11      0.001268858627      0.028201668734      0.003084140950
   12      0.030831520200      0.018980094230     -0.017599527711
   13      0.007282199393      0.001777556061     -0.006406808765
   14     -0.009573350228     -0.008024586722      0.014182232350

Maximal derivative component:        0.671562E-01 au


