REKS do not use any electronic distribution function

Calculation with static geometry

********************************************************************************************
  iSCC       reks energy        Diff energy         x_a       SCC error   
  207      -16.4104649018      -0.0000000000     1.000000    0.00000098
********************************************************************************************

 SA-REKS optimizes the avergaed state, not individual states
 These charges do not mean the charges for individual states
 Similarly to this, the values in band.out file indicate
 the band energies and occupations for the averaged state
 If you want to compute the relaxed density,
 please, set 'RelaxedDensity = Yes' option

 Total charge:     1.00000000

 Atomic gross charges (e)
 Atom           Charge
    1      -0.09087331
    2       0.04765467
    3       0.09626140
    4       0.13449449
    5       0.13173947
    6       0.00580781
    7      -0.10967444
    8       0.12542919
    9       0.13710675
   10       0.12900701
   11       0.10749153
   12      -0.21716542
   13       0.23812035
   14       0.26460049

Nr. of electrons (up):     32.00000000
Atom populations (up)
 Atom       Population
    1       4.09087331
    2       3.95234533
    3       0.90373860
    4       0.86550551
    5       0.86826053
    6       3.99419219
    7       4.10967444
    8       0.87457081
    9       0.86289325
   10       3.87099299
   11       0.89250847
   12       5.21716542
   13       0.76187965
   14       0.73539951

l-shell populations (up)
 Atom Sh.   l       Population
    1   1   0       1.19381285
    1   2   1       2.89706046
    2   1   0       1.17572006
    2   2   1       2.77662527
    3   1   0       0.90373860
    4   1   0       0.86550551
    5   1   0       0.86826053
    6   1   0       1.18197362
    6   2   1       2.81221857
    7   1   0       1.17966970
    7   2   1       2.93000474
    8   1   0       0.87457081
    9   1   0       0.86289325
   10   1   0       1.17509836
   10   2   1       2.69589463
   11   1   0       0.89250847
   12   1   0       1.38248585
   12   2   1       3.83467957
   13   1   0       0.76187965
   14   1   0       0.73539951

Orbital populations (up)
 Atom Sh.   l   m       Population  Label
    1   1   0   0       1.19381285  s
    1   2   1  -1       1.07193637  p_y
    1   2   1   0       0.94047116  p_z
    1   2   1   1       0.88465293  p_x
    2   1   0   0       1.17572006  s
    2   2   1  -1       0.95975678  p_y
    2   2   1   0       0.91898653  p_z
    2   2   1   1       0.89788196  p_x
    3   1   0   0       0.90373860  s
    4   1   0   0       0.86550551  s
    5   1   0   0       0.86826053  s
    6   1   0   0       1.18197362  s
    6   2   1  -1       0.93932972  p_y
    6   2   1   0       0.92351564  p_z
    6   2   1   1       0.94937320  p_x
    7   1   0   0       1.17966970  s
    7   2   1  -1       0.95949066  p_y
    7   2   1   0       0.99814271  p_z
    7   2   1   1       0.97237137  p_x
    8   1   0   0       0.87457081  s
    9   1   0   0       0.86289325  s
   10   1   0   0       1.17509836  s
   10   2   1  -1       0.92861610  p_y
   10   2   1   0       0.91763394  p_z
   10   2   1   1       0.84964459  p_x
   11   1   0   0       0.89250847  s
   12   1   0   0       1.38248585  s
   12   2   1  -1       1.36627845  p_y
   12   2   1   0       1.34118289  p_z
   12   2   1   1       1.12721824  p_x
   13   1   0   0       0.76187965  s
   14   1   0   0       0.73539951  s

Input / Output electrons (q):     32.0000000000

Energy H0:                         -16.3620069057 H         -445.2329 eV
Energy SCC:                          0.1118852995 H            3.0446 eV
Energy SPIN:                        -0.0000000026 H           -0.0000 eV
Energy Fock:                        -0.6645383080 H          -18.0830 eV
Total Electronic energy:           -16.9146599168 H         -460.2713 eV
Repulsive energy:                    0.4390712060 H           11.9477 eV

Excitation Energy:                   0.0000000000 H            0.0000 eV

Total energy:                      -16.4755927010 H         -448.3237 eV

SCC converged

Total Forces
    1     -0.001839094175      0.033250627281     -0.009145470285
    2     -0.036592799892     -0.027040648683      0.024751845780
    3      0.006806235419      0.000189119997      0.024487472250
    4     -0.001795525795     -0.047768685225     -0.011410276343
    5     -0.008359151409      0.003844201208     -0.017304538931
    6     -0.015077877710      0.008707485385     -0.031118287575
    7      0.028591043894      0.005352350730     -0.046462051432
    8     -0.013397383024     -0.004250870228      0.023299894789
    9      0.013603971172      0.001478308228      0.021748680505
   10      0.067429982680      0.055334246350      0.059420670970
   11      0.023409502790      0.016856520544      0.008930087497
   12     -0.091529642533     -0.058692388092     -0.054140823949
   13      0.029325084483     -0.008893924660     -0.012159625657
   14     -0.000574345900      0.021633657164      0.019102422381

Maximal derivative component:        0.915296E-01 au


