REKS do not use any electronic distribution function

Calculation with static geometry

********************************************************************************************
  iSCC       reks energy        Diff energy         x_a       SCC error   
   40       -6.2823463272      -0.0000000000     0.999975    0.00000098
********************************************************************************************

 SA-REKS optimizes the avergaed state, not individual states
 These charges do not mean the charges for individual states
 Similarly to this, the values in band.out file indicate
 the band energies and occupations for the averaged state
 If you want to compute the relaxed density,
 please, set 'RelaxedDensity = Yes' option

 Total charge:     1.00000000

 Atomic gross charges (e)
 Atom           Charge
    1       0.10249891
    2      -0.09892746
    3       0.18546216
    4       0.30917599
    5       0.30767723
    6       0.19411317

Nr. of electrons (up):     12.00000000
Atom populations (up)
 Atom       Population
    1       3.89750109
    2       5.09892746
    3       0.81453784
    4       0.69082401
    5       0.69232277
    6       0.80588683

l-shell populations (up)
 Atom Sh.   l       Population
    1   1   0       1.17292563
    1   2   1       2.72457546
    2   1   0       1.37987268
    2   2   1       3.71905478
    3   1   0       0.81453784
    4   1   0       0.69082401
    5   1   0       0.69232277
    6   1   0       0.80588683

Orbital populations (up)
 Atom Sh.   l   m       Population  Label
    1   1   0   0       1.17292563  s
    1   2   1  -1       0.85734416  p_y
    1   2   1   0       0.89256800  p_z
    1   2   1   1       0.97466330  p_x
    2   1   0   0       1.37987268  s
    2   2   1  -1       1.10307923  p_y
    2   2   1   0       1.12254161  p_z
    2   2   1   1       1.49343395  p_x
    3   1   0   0       0.81453784  s
    4   1   0   0       0.69082401  s
    5   1   0   0       0.69232277  s
    6   1   0   0       0.80588683  s

Input / Output electrons (q):     12.0000000000

Energy H0:                          -6.5338969472 H         -177.7964 eV
Energy SCC:                          0.1359197289 H            3.6986 eV
Energy SPIN:                        -0.0000142810 H           -0.0004 eV
Energy Fock:                        -0.2096874600 H           -5.7059 eV
Total Electronic energy:            -6.6076789593 H         -179.8041 eV
Repulsive energy:                    0.1950734624 H            5.3082 eV

Excitation Energy:                   0.0000000000 H            0.0000 eV

Total energy:                       -6.4126346790 H         -174.4967 eV

SCC converged

Total Forces
    1     -0.005783859059      0.016106014456     -0.034385920974
    2      0.027502249071      0.004582817090      0.043443929116
    3     -0.004918551574     -0.002729285892     -0.007372500517
    4     -0.014273952811     -0.007549721299     -0.002895045858
    5     -0.006845166406     -0.007193810307     -0.006126444416
    6      0.004319280780     -0.003216014048      0.007335982649

Maximal derivative component:        0.434439E-01 au


