 Fermi distribution function

Calculation with static geometry


********************************************************************************
 iSCC Total electronic   Diff electronic      SCC error    
   13   -0.53170553E+01   -0.10088819E-10    0.29374502E-06
********************************************************************************

 Total charge:     1.00000000

 Atomic gross charges (e)
 Atom           Charge
    1       0.29236908
    2      -0.20581296
    3       0.17176764
    4       0.28569905
    5       0.28293480
    6       0.17304239

Nr. of electrons (up):     12.00000000
Atom populations (up)
 Atom       Population
    1       3.70763092
    2       5.20581296
    3       0.82823236
    4       0.71430095
    5       0.71706520
    6       0.82695761

l-shell populations (up)
 Atom Sh.   l       Population
    1   1   0       1.36776964
    1   2   1       2.33986128
    2   1   0       1.46091254
    2   2   1       3.74490042
    3   1   0       0.82823236
    4   1   0       0.71430095
    5   1   0       0.71706520
    6   1   0       0.82695761

Orbital populations (up)
 Atom Sh.   l   m       Population  Label
    1   1   0   0       1.36776964  s
    1   2   1  -1       0.51696787  p_y
    1   2   1   0       0.85094699  p_z
    1   2   1   1       0.97194642  p_x
    2   1   0   0       1.46091254  s
    2   2   1  -1       1.37895234  p_y
    2   2   1   0       1.05560533  p_z
    2   2   1   1       1.31034274  p_x
    3   1   0   0       0.82823236  s
    4   1   0   0       0.71430095  s
    5   1   0   0       0.71706520  s
    6   1   0   0       0.82695761  s

Fermi level:                        -0.4923421212 H          -13.3973 eV
Band energy:                        -8.6751382535 H         -236.0625 eV
TS:                                  0.0000000000 H            0.0000 eV
Band free energy (E-TS):            -8.6751382535 H         -236.0625 eV
Extrapolated E(0K):                 -8.6751382535 H         -236.0625 eV
Input / Output electrons (q):     12.0000000000     12.0000000000

Energy H0:                          -5.4472796794 H         -148.2280 eV
Energy SCC:                          0.1302243856 H            3.5436 eV
Total Electronic energy:            -5.3170552938 H         -144.6844 eV
Repulsive energy:                    0.1447901982 H            3.9399 eV
Total energy:                       -5.1722650956 H         -140.7445 eV
Extrapolated to 0:                  -5.1722650956 H         -140.7445 eV
Total Mermin free energy:           -5.1722650956 H         -140.7445 eV
Force related energy:               -5.1722650956 H         -140.7445 eV

SCC converged

Excitation Energy:                   0.1047015055 H            2.8491 eV

Total Forces
    1     -0.003459065325     -0.008976573238      0.092908562035
    2     -0.004754960247      0.013550546063     -0.083276934304
    3     -0.008548296878      0.012281531211      0.006312497489
    4     -0.013864276840     -0.010738154944     -0.004530064422
    5      0.022023366987      0.005125530240     -0.012239757504
    6      0.008603232302     -0.011242879332      0.000825696706

Maximal derivative component:        0.929086E-01 au


