 KPT            1  SPIN            1  KWEIGHT    1.0000000000000000     
     1   -29.816  2.00000
     2   -27.465  2.00000
     3   -25.235  2.00000
     4   -23.137  2.00000
     5   -21.922  2.00000
     6   -20.620  2.00000
     7   -19.385  2.00000
     8   -18.529  2.00000
     9   -18.184  2.00000
    10   -17.728  2.00000
    11   -17.323  2.00000
    12   -16.767  2.00000
    13   -16.413  2.00000
    14   -15.273  2.00000
    15   -14.553  2.00000
    16   -14.118  1.50000
    17    -9.729  0.50000
    18    -3.723  0.00000
    19    -2.424  0.00000
    20     6.873  0.00000
    21    10.970  0.00000
    22    11.188  0.00000
    23    14.123  0.00000
    24    15.768  0.00000
    25    18.729  0.00000
    26    21.371  0.00000
    27    23.161  0.00000
    28    23.730  0.00000
    29    25.604  0.00000
    30    34.053  0.00000
    31    37.143  0.00000
    32    42.227  0.00000

