REKS do not use any electronic distribution function

Calculation with static geometry

********************************************************************************************
  iSCC       reks energy        Diff energy         x_a       SCC error   
  140      -16.4129890513      -0.0000000000     1.000000    0.00000099
********************************************************************************************

 SA-REKS optimizes the avergaed state, not individual states
 These charges do not mean the charges for individual states
 Similarly to this, the values in band.out file indicate
 the band energies and occupations for the averaged state
 If you want to compute the relaxed density,
 please, set 'RelaxedDensity = Yes' option

 Total charge:     1.00000000

 Atomic gross charges (e)
 Atom           Charge
    1      -0.06559040
    2       0.05025741
    3       0.11183764
    4       0.12000836
    5       0.12125628
    6      -0.02182715
    7      -0.10572023
    8       0.13339226
    9       0.10526923
   10       0.13345465
   11       0.10574706
   12      -0.20187687
   13       0.26679839
   14       0.24699335

Nr. of electrons (up):     32.00000000
Atom populations (up)
 Atom       Population
    1       4.06559040
    2       3.94974259
    3       0.88816236
    4       0.87999164
    5       0.87874372
    6       4.02182715
    7       4.10572023
    8       0.86660774
    9       0.89473077
   10       3.86654535
   11       0.89425294
   12       5.20187687
   13       0.73320161
   14       0.75300665

l-shell populations (up)
 Atom Sh.   l       Population
    1   1   0       1.19682406
    1   2   1       2.86876634
    2   1   0       1.16590607
    2   2   1       2.78383652
    3   1   0       0.88816236
    4   1   0       0.87999164
    5   1   0       0.87874372
    6   1   0       1.17009920
    6   2   1       2.85172795
    7   1   0       1.16633010
    7   2   1       2.93939013
    8   1   0       0.86660774
    9   1   0       0.89473077
   10   1   0       1.14848931
   10   2   1       2.71805604
   11   1   0       0.89425294
   12   1   0       1.40939117
   12   2   1       3.79248570
   13   1   0       0.73320161
   14   1   0       0.75300665

Orbital populations (up)
 Atom Sh.   l   m       Population  Label
    1   1   0   0       1.19682406  s
    1   2   1  -1       1.05055572  p_y
    1   2   1   0       0.92593513  p_z
    1   2   1   1       0.89227549  p_x
    2   1   0   0       1.16590607  s
    2   2   1  -1       0.94597742  p_y
    2   2   1   0       0.91323565  p_z
    2   2   1   1       0.92462345  p_x
    3   1   0   0       0.88816236  s
    4   1   0   0       0.87999164  s
    5   1   0   0       0.87874372  s
    6   1   0   0       1.17009920  s
    6   2   1  -1       0.93050970  p_y
    6   2   1   0       0.97158469  p_z
    6   2   1   1       0.94963356  p_x
    7   1   0   0       1.16633010  s
    7   2   1  -1       1.01639730  p_y
    7   2   1   0       0.98052467  p_z
    7   2   1   1       0.94246816  p_x
    8   1   0   0       0.86660774  s
    9   1   0   0       0.89473077  s
   10   1   0   0       1.14848931  s
   10   2   1  -1       0.89700323  p_y
   10   2   1   0       0.91949096  p_z
   10   2   1   1       0.90156184  p_x
   11   1   0   0       0.89425294  s
   12   1   0   0       1.40939117  s
   12   2   1  -1       1.37072231  p_y
   12   2   1   0       1.31244337  p_z
   12   2   1   1       1.10932001  p_x
   13   1   0   0       0.73320161  s
   14   1   0   0       0.75300665  s

Input / Output electrons (q):     32.0000000000

Energy H0:                         -16.3727513239 H         -445.5252 eV
Energy SCC:                          0.1129033979 H            3.0723 eV
Energy SPIN:                        -0.0000000023 H           -0.0000 eV
Energy Fock:                        -0.6709650211 H          -18.2579 eV
Total Electronic energy:           -16.9308129494 H         -460.7109 eV
Repulsive energy:                    0.4473833185 H           12.1739 eV

Excitation Energy:                   0.0000000000 H            0.0000 eV

Total energy:                      -16.4834332154 H         -448.5370 eV

SCC converged

Total Forces
    1      0.008725083915     -0.017448744294     -0.028839290396
    2     -0.030896669240     -0.016241335013      0.030605957104
    3     -0.007993610090      0.024251813533     -0.005674498325
    4      0.004996682158     -0.025581602889      0.015831826222
    5     -0.012889636084     -0.021025445639      0.000964076718
    6      0.025235020000      0.039329986128      0.021823531340
    7     -0.051328697902      0.043795389987     -0.014999035879
    8      0.002840607486     -0.004511692558     -0.006846267160
    9     -0.011360972887      0.005026782894     -0.020904311368
   10      0.009856636618     -0.057393474400     -0.019709533996
   11     -0.007313372382      0.014868766174     -0.000152148398
   12      0.077565055064      0.028073055023     -0.006807715261
   13     -0.033809444163      0.023666011668     -0.006390341926
   14      0.026373317509     -0.036809510615      0.041097751324

Maximal derivative component:        0.775651E-01 au


