 KPT            1  SPIN            1  KWEIGHT    1.0000000000000000     
     1   -29.634  2.00000
     2   -27.226  2.00000
     3   -25.340  2.00000
     4   -22.878  2.00000
     5   -21.175  2.00000
     6   -20.549  2.00000
     7   -19.296  2.00000
     8   -18.581  2.00000
     9   -17.938  2.00000
    10   -17.662  2.00000
    11   -17.199  2.00000
    12   -16.083  2.00000
    13   -15.793  2.00000
    14   -15.379  2.00000
    15   -14.790  2.00000
    16   -13.687  1.50000
    17    -9.522  0.50000
    18    -3.682  0.00000
    19    -1.350  0.00000
    20     7.724  0.00000
    21     9.065  0.00000
    22    10.920  0.00000
    23    12.314  0.00000
    24    15.088  0.00000
    25    18.512  0.00000
    26    19.148  0.00000
    27    20.756  0.00000
    28    24.198  0.00000
    29    26.228  0.00000
    30    36.022  0.00000
    31    40.619  0.00000
    32    44.576  0.00000

