 KPT            1  SPIN            1  KWEIGHT    1.0000000000000000     
     1   -29.078  2.00000
     2   -27.193  2.00000
     3   -25.334  2.00000
     4   -23.330  2.00000
     5   -21.331  2.00000
     6   -20.164  2.00000
     7   -18.813  2.00000
     8   -18.347  2.00000
     9   -17.820  2.00000
    10   -17.588  2.00000
    11   -16.997  2.00000
    12   -16.628  2.00000
    13   -15.479  2.00000
    14   -15.350  2.00000
    15   -14.326  2.00000
    16   -13.933  1.50000
    17   -11.056  0.50000
    18    -4.178  0.00000
    19    -2.940  0.00000
    20     6.545  0.00000
    21     7.131  0.00000
    22    10.671  0.00000
    23    12.406  0.00000
    24    12.766  0.00000
    25    14.139  0.00000
    26    15.654  0.00000
    27    16.812  0.00000
    28    18.949  0.00000
    29    21.554  0.00000
    30    23.961  0.00000
    31    31.433  0.00000
    32    32.727  0.00000

