REKS do not use any electronic distribution function

Calculation with static geometry

********************************************************************************************
  iSCC       reks energy        Diff energy         x_a       SCC error   
  128      -16.4089376105      -0.0000000000     0.999998    0.00000097
********************************************************************************************

 SA-REKS optimizes the avergaed state, not individual states
 These charges do not mean the charges for individual states
 Similarly to this, the values in band.out file indicate
 the band energies and occupations for the averaged state
 If you want to compute the relaxed density,
 please, set 'RelaxedDensity = Yes' option

 Total charge:     1.00000000

 Atomic gross charges (e)
 Atom           Charge
    1      -0.03676328
    2       0.01100621
    3       0.10841243
    4       0.12420061
    5       0.13901072
    6       0.05391523
    7      -0.15982095
    8       0.12133598
    9       0.10591549
   10       0.21143390
   11       0.10175818
   12      -0.28363483
   13       0.25814909
   14       0.24508122

Nr. of electrons (up):     32.00000000
Atom populations (up)
 Atom       Population
    1       4.03676328
    2       3.98899379
    3       0.89158757
    4       0.87579939
    5       0.86098928
    6       3.94608477
    7       4.15982095
    8       0.87866402
    9       0.89408451
   10       3.78856610
   11       0.89824182
   12       5.28363483
   13       0.74185091
   14       0.75491878

l-shell populations (up)
 Atom Sh.   l       Population
    1   1   0       1.22450369
    1   2   1       2.81225960
    2   1   0       1.20984305
    2   2   1       2.77915074
    3   1   0       0.89158757
    4   1   0       0.87579939
    5   1   0       0.86098928
    6   1   0       1.22182101
    6   2   1       2.72426375
    7   1   0       1.18581488
    7   2   1       2.97400607
    8   1   0       0.87866402
    9   1   0       0.89408451
   10   1   0       1.13928812
   10   2   1       2.64927798
   11   1   0       0.89824182
   12   1   0       1.42328956
   12   2   1       3.86034527
   13   1   0       0.74185091
   14   1   0       0.75491878

Orbital populations (up)
 Atom Sh.   l   m       Population  Label
    1   1   0   0       1.22450369  s
    1   2   1  -1       1.00612165  p_y
    1   2   1   0       0.94555071  p_z
    1   2   1   1       0.86058724  p_x
    2   1   0   0       1.20984305  s
    2   2   1  -1       0.95824767  p_y
    2   2   1   0       0.94015527  p_z
    2   2   1   1       0.88074779  p_x
    3   1   0   0       0.89158757  s
    4   1   0   0       0.87579939  s
    5   1   0   0       0.86098928  s
    6   1   0   0       1.22182101  s
    6   2   1  -1       0.83841696  p_y
    6   2   1   0       0.99474521  p_z
    6   2   1   1       0.89110158  p_x
    7   1   0   0       1.18581488  s
    7   2   1  -1       1.04063950  p_y
    7   2   1   0       0.96551019  p_z
    7   2   1   1       0.96785638  p_x
    8   1   0   0       0.87866402  s
    9   1   0   0       0.89408451  s
   10   1   0   0       1.13928812  s
   10   2   1  -1       0.89712408  p_y
   10   2   1   0       0.91454736  p_z
   10   2   1   1       0.83760654  p_x
   11   1   0   0       0.89824182  s
   12   1   0   0       1.42328956  s
   12   2   1  -1       1.29878369  p_y
   12   2   1   0       1.51280788  p_z
   12   2   1   1       1.04875370  p_x
   13   1   0   0       0.74185091  s
   14   1   0   0       0.75491878  s

Input / Output electrons (q):     32.0000000000

Energy H0:                         -16.1930815068 H         -440.6362 eV
Energy SCC:                          0.0966731887 H            2.6306 eV
Energy SPIN:                        -0.0000003849 H           -0.0000 eV
Energy Fock:                        -0.6593591893 H          -17.9421 eV
Total Electronic energy:           -16.7557678924 H         -455.9476 eV
Repulsive energy:                    0.2967283234 H            8.0744 eV

Excitation Energy:                   0.0000000000 H            0.0000 eV

Total energy:                      -16.4593019141 H         -447.8804 eV

SCC converged

Total Forces
    1      0.002004063555      0.016209763611     -0.031674847373
    2      0.045788178308      0.023766126174     -0.002317126722
    3      0.014657662150     -0.038400623651     -0.009585142645
    4     -0.017060550745     -0.005338752425      0.002750433866
    5     -0.001665248373      0.040415725287      0.021473044363
    6      0.031211271551     -0.002802737529      0.072040493740
    7     -0.074511968220     -0.017641237833     -0.091912545716
    8     -0.001358301908     -0.012984169410     -0.008096789733
    9     -0.013251798533     -0.004400502669      0.013060911712
   10      0.055661223952     -0.036839285530      0.006758904853
   11      0.014805267598      0.018407468673      0.009870554455
   12      0.042267905826      0.038636227785      0.015368969537
   13     -0.053585844339     -0.046051741402     -0.008301697704
   14     -0.044961860822      0.027023738918      0.010564837367

Maximal derivative component:        0.919125E-01 au


