REKS do not use any electronic distribution function

Calculation with static geometry

********************************************************************************************
  iSCC       reks energy        Diff energy         x_a       SCC error   
   47       -6.1680347923      -0.0000000000     0.999955    0.00000084
********************************************************************************************

 SA-REKS optimizes the avergaed state, not individual states
 These charges do not mean the charges for individual states
 Similarly to this, the values in band.out file indicate
 the band energies and occupations for the averaged state
 If you want to compute the relaxed density,
 please, set 'RelaxedDensity = Yes' option

 Total charge:     1.00000000

 Atomic gross charges (e)
 Atom           Charge
    1       0.06347187
    2      -0.14085308
    3       0.19272136
    4       0.31645094
    5       0.33532183
    6       0.23288708

Nr. of electrons (up):     12.00000000
Atom populations (up)
 Atom       Population
    1       3.93652813
    2       5.14085308
    3       0.80727864
    4       0.68354906
    5       0.66467817
    6       0.76711292

l-shell populations (up)
 Atom Sh.   l       Population
    1   1   0       1.31521274
    1   2   1       2.62131538
    2   1   0       1.39513914
    2   2   1       3.74571395
    3   1   0       0.80727864
    4   1   0       0.68354906
    5   1   0       0.66467817
    6   1   0       0.76711292

Orbital populations (up)
 Atom Sh.   l   m       Population  Label
    1   1   0   0       1.31521274  s
    1   2   1  -1       0.84233413  p_y
    1   2   1   0       0.96141029  p_z
    1   2   1   1       0.81757096  p_x
    2   1   0   0       1.39513914  s
    2   2   1  -1       1.27193032  p_y
    2   2   1   0       1.19354615  p_z
    2   2   1   1       1.28023748  p_x
    3   1   0   0       0.80727864  s
    4   1   0   0       0.68354906  s
    5   1   0   0       0.66467817  s
    6   1   0   0       0.76711292  s

Input / Output electrons (q):     12.0000000000

Energy H0:                          -6.3038574608 H         -171.5367 eV
Energy SCC:                          0.1346214874 H            3.6632 eV
Energy SPIN:                        -0.0000235024 H           -0.0006 eV
Energy Fock:                        -0.2412918242 H           -6.5659 eV
Total Electronic energy:            -6.4105513001 H         -174.4400 eV
Repulsive energy:                    0.1332528314 H            3.6260 eV

Excitation Energy:                   0.0000000000 H            0.0000 eV

Total energy:                       -6.2773185623 H         -170.8145 eV

SCC converged

Total Forces
    1     -0.013951089097      0.053437117141     -0.000556016027
    2      0.083879957820      0.121158326297     -0.092562543499
    3     -0.074014136108     -0.080574827030     -0.001867959715
    4     -0.039848889733     -0.061560565267      0.062712875739
    5     -0.034355147072     -0.060878097576      0.030197977699
    6      0.078289304189      0.028418046435      0.002075665803

Maximal derivative component:        0.121158E+00 au


