REKS do not use any electronic distribution function

Calculation with static geometry

********************************************************************************************
  iSCC       reks energy        Diff energy         x_a       SCC error   
   76       -6.2856516267      -0.0000000000     0.999914    0.00000087
********************************************************************************************

 SA-REKS optimizes the avergaed state, not individual states
 These charges do not mean the charges for individual states
 Similarly to this, the values in band.out file indicate
 the band energies and occupations for the averaged state
 If you want to compute the relaxed density,
 please, set 'RelaxedDensity = Yes' option

 Total charge:     1.00000000

 Atomic gross charges (e)
 Atom           Charge
    1       0.13064326
    2      -0.12894514
    3       0.18588280
    4       0.31377762
    5       0.31646609
    6       0.18217536

Nr. of electrons (up):     12.00000000
Atom populations (up)
 Atom       Population
    1       3.86935674
    2       5.12894514
    3       0.81411720
    4       0.68622238
    5       0.68353391
    6       0.81782464

l-shell populations (up)
 Atom Sh.   l       Population
    1   1   0       1.18898257
    1   2   1       2.68037417
    2   1   0       1.38858905
    2   2   1       3.74035609
    3   1   0       0.81411720
    4   1   0       0.68622238
    5   1   0       0.68353391
    6   1   0       0.81782464

Orbital populations (up)
 Atom Sh.   l   m       Population  Label
    1   1   0   0       1.18898257  s
    1   2   1  -1       0.85985744  p_y
    1   2   1   0       0.89338243  p_z
    1   2   1   1       0.92713429  p_x
    2   1   0   0       1.38858905  s
    2   2   1  -1       1.08619489  p_y
    2   2   1   0       1.13225951  p_z
    2   2   1   1       1.52190169  p_x
    3   1   0   0       0.81411720  s
    4   1   0   0       0.68622238  s
    5   1   0   0       0.68353391  s
    6   1   0   0       0.81782464  s

Input / Output electrons (q):     12.0000000000

Energy H0:                          -6.5069006934 H         -177.0618 eV
Energy SCC:                          0.1334583568 H            3.6316 eV
Energy SPIN:                        -0.0000443764 H           -0.0012 eV
Energy Fock:                        -0.2079693442 H           -5.6591 eV
Total Electronic energy:            -6.5814560572 H         -179.0905 eV
Repulsive energy:                    0.1749093817 H            4.7595 eV

Excitation Energy:                   0.0000000000 H            0.0000 eV

Total energy:                       -6.4072671412 H         -174.3506 eV

SCC converged

Total Forces
    1      0.002815128918      0.000420228148      0.032583651071
    2     -0.000491874839      0.003205358034     -0.033024073091
    3     -0.016169800545     -0.001313343372     -0.004231099940
    4     -0.016890729617     -0.003583327426      0.009511385467
    5      0.016511721673      0.002706414293      0.002617727314
    6      0.014225554410     -0.001435329678     -0.007457590822

Maximal derivative component:        0.330241E-01 au


