 KPT            1  SPIN            1  KWEIGHT    1.0000000000000000     
     1   -29.419  2.00000
     2   -27.335  2.00000
     3   -25.402  2.00000
     4   -22.899  2.00000
     5   -21.205  2.00000
     6   -20.571  2.00000
     7   -19.103  2.00000
     8   -18.731  2.00000
     9   -17.809  2.00000
    10   -17.738  2.00000
    11   -16.994  2.00000
    12   -16.519  2.00000
    13   -15.744  2.00000
    14   -15.121  2.00000
    15   -14.850  2.00000
    16   -13.729  1.50000
    17    -9.674  0.50000
    18    -4.452  0.00000
    19    -1.522  0.00000
    20     7.602  0.00000
    21     9.302  0.00000
    22    11.435  0.00000
    23    12.852  0.00000
    24    16.465  0.00000
    25    16.865  0.00000
    26    19.704  0.00000
    27    21.687  0.00000
    28    26.277  0.00000
    29    30.814  0.00000
    30    31.893  0.00000
    31    32.887  0.00000
    32    49.273  0.00000

