REKS do not use any electronic distribution function

Calculation with static geometry

********************************************************************************************
  iSCC       reks energy        Diff energy         x_a       SCC error   
   70       -6.2848399143      -0.0000000000     0.999919    0.00000092
********************************************************************************************

 SA-REKS optimizes the avergaed state, not individual states
 These charges do not mean the charges for individual states
 Similarly to this, the values in band.out file indicate
 the band energies and occupations for the averaged state
 If you want to compute the relaxed density,
 please, set 'RelaxedDensity = Yes' option

 Total charge:     1.00000000

 Atomic gross charges (e)
 Atom           Charge
    1       0.13202614
    2      -0.12346234
    3       0.18051799
    4       0.31452308
    5       0.31352640
    6       0.18286872

Nr. of electrons (up):     12.00000000
Atom populations (up)
 Atom       Population
    1       3.86797386
    2       5.12346234
    3       0.81948201
    4       0.68547692
    5       0.68647360
    6       0.81713128

l-shell populations (up)
 Atom Sh.   l       Population
    1   1   0       1.18150802
    1   2   1       2.68646583
    2   1   0       1.38802957
    2   2   1       3.73543277
    3   1   0       0.81948201
    4   1   0       0.68547692
    5   1   0       0.68647360
    6   1   0       0.81713128

Orbital populations (up)
 Atom Sh.   l   m       Population  Label
    1   1   0   0       1.18150802  s
    1   2   1  -1       0.92654907  p_y
    1   2   1   0       0.89426844  p_z
    1   2   1   1       0.86564833  p_x
    2   1   0   0       1.38802957  s
    2   2   1  -1       1.50990581  p_y
    2   2   1   0       1.13845526  p_z
    2   2   1   1       1.08707171  p_x
    3   1   0   0       0.81948201  s
    4   1   0   0       0.68547692  s
    5   1   0   0       0.68647360  s
    6   1   0   0       0.81713128  s

Input / Output electrons (q):     12.0000000000

Energy H0:                          -6.5174029345 H         -177.3476 eV
Energy SCC:                          0.1340057821 H            3.6465 eV
Energy SPIN:                        -0.0000416021 H           -0.0011 eV
Energy Fock:                        -0.2085359907 H           -5.6746 eV
Total Electronic energy:            -6.5919747452 H         -179.3768 eV
Repulsive energy:                    0.1863768165 H            5.0716 eV

Excitation Energy:                   0.0000000000 H            0.0000 eV

Total energy:                       -6.4063495697 H         -174.3256 eV

SCC converged

Total Forces
    1      0.008287659208      0.007356902247      0.016018102908
    2      0.001798295934     -0.018104585929     -0.013262600169
    3      0.006633922942      0.013253405320     -0.008800375486
    4     -0.006082530982     -0.010314334344      0.001634515688
    5     -0.001882676675      0.021736314149      0.009657943391
    6     -0.008754670427     -0.013927701444     -0.005247586333

Maximal derivative component:        0.217363E-01 au


