REKS do not use any electronic distribution function

Calculation with static geometry

********************************************************************************************
  iSCC       reks energy        Diff energy         x_a       SCC error   
   28       -6.2302901265      -0.0000000000     1.000000    0.00000087
********************************************************************************************

 SA-REKS optimizes the avergaed state, not individual states
 These charges do not mean the charges for individual states
 Similarly to this, the values in band.out file indicate
 the band energies and occupations for the averaged state
 If you want to compute the relaxed density,
 please, set 'RelaxedDensity = Yes' option

 Total charge:     1.00000000

 Atomic gross charges (e)
 Atom           Charge
    1       0.28482774
    2      -0.25015995
    3       0.19058101
    4       0.31203055
    5       0.31104359
    6       0.15167705

Nr. of electrons (up):     12.00000000
Atom populations (up)
 Atom       Population
    1       3.71517226
    2       5.25015995
    3       0.80941899
    4       0.68796945
    5       0.68895641
    6       0.84832295

l-shell populations (up)
 Atom Sh.   l       Population
    1   1   0       1.33371169
    1   2   1       2.38146057
    2   1   0       1.50617419
    2   2   1       3.74398576
    3   1   0       0.80941899
    4   1   0       0.68796945
    5   1   0       0.68895641
    6   1   0       0.84832295

Orbital populations (up)
 Atom Sh.   l   m       Population  Label
    1   1   0   0       1.33371169  s
    1   2   1  -1       0.74264707  p_y
    1   2   1   0       0.80973313  p_z
    1   2   1   1       0.82908037  p_x
    2   1   0   0       1.50617419  s
    2   2   1  -1       1.32126833  p_y
    2   2   1   0       1.10116940  p_z
    2   2   1   1       1.32154803  p_x
    3   1   0   0       0.80941899  s
    4   1   0   0       0.68796945  s
    5   1   0   0       0.68895641  s
    6   1   0   0       0.84832295  s

Input / Output electrons (q):     12.0000000000

Energy H0:                          -6.2157190720 H         -169.1383 eV
Energy SCC:                          0.1549365930 H            4.2160 eV
Energy SPIN:                        -0.0000000000 H           -0.0000 eV
Energy Fock:                        -0.2155305351 H           -5.8649 eV
Total Electronic energy:            -6.2763130141 H         -170.7872 eV
Repulsive energy:                    0.0635831504 H            1.7302 eV

Excitation Energy:                   0.0000000000 H            0.0000 eV

Total energy:                       -6.2489390226 H         -170.0423 eV

SCC converged

Total Forces
    1      0.011149781761      0.009137650246      0.067591498479
    2      0.037958277625      0.066636265806     -0.050448650568
    3      0.019220244783     -0.046192233205      0.027233319267
    4     -0.004991654140      0.001431279415      0.006777139191
    5     -0.049913207108     -0.045251817077     -0.020231404142
    6     -0.013423442920      0.014238854815     -0.030921902227

Maximal derivative component:        0.675915E-01 au


