REKS do not use any electronic distribution function

Calculation with static geometry

********************************************************************************************
  iSCC       reks energy        Diff energy         x_a       SCC error   
  198      -16.4367715450      -0.0000000000     0.999997    0.00000099
********************************************************************************************

 SA-REKS optimizes the avergaed state, not individual states
 These charges do not mean the charges for individual states
 Similarly to this, the values in band.out file indicate
 the band energies and occupations for the averaged state
 If you want to compute the relaxed density,
 please, set 'RelaxedDensity = Yes' option

 Total charge:     1.00000000

 Atomic gross charges (e)
 Atom           Charge
    1      -0.12180105
    2      -0.04875649
    3       0.11154673
    4       0.12708728
    5       0.15360911
    6       0.05873647
    7      -0.09162568
    8       0.13037870
    9       0.13915276
   10       0.17381680
   11       0.09917155
   12      -0.22982964
   13       0.24089575
   14       0.25761770

Nr. of electrons (up):     32.00000000
Atom populations (up)
 Atom       Population
    1       4.12180105
    2       4.04875649
    3       0.88845327
    4       0.87291272
    5       0.84639089
    6       3.94126353
    7       4.09162568
    8       0.86962130
    9       0.86084724
   10       3.82618320
   11       0.90082845
   12       5.22982964
   13       0.75910425
   14       0.74238230

l-shell populations (up)
 Atom Sh.   l       Population
    1   1   0       1.19599788
    1   2   1       2.92580317
    2   1   0       1.16868963
    2   2   1       2.88006686
    3   1   0       0.88845327
    4   1   0       0.87291272
    5   1   0       0.84639089
    6   1   0       1.17913053
    6   2   1       2.76213300
    7   1   0       1.15272007
    7   2   1       2.93890561
    8   1   0       0.86962130
    9   1   0       0.86084724
   10   1   0       1.14574943
   10   2   1       2.68043377
   11   1   0       0.90082845
   12   1   0       1.41181493
   12   2   1       3.81801470
   13   1   0       0.75910425
   14   1   0       0.74238230

Orbital populations (up)
 Atom Sh.   l   m       Population  Label
    1   1   0   0       1.19599788  s
    1   2   1  -1       1.00273718  p_y
    1   2   1   0       0.95197463  p_z
    1   2   1   1       0.97109136  p_x
    2   1   0   0       1.16868963  s
    2   2   1  -1       0.93270526  p_y
    2   2   1   0       0.95206643  p_z
    2   2   1   1       0.99529517  p_x
    3   1   0   0       0.88845327  s
    4   1   0   0       0.87291272  s
    5   1   0   0       0.84639089  s
    6   1   0   0       1.17913053  s
    6   2   1  -1       0.94033257  p_y
    6   2   1   0       0.87887009  p_z
    6   2   1   1       0.94293035  p_x
    7   1   0   0       1.15272007  s
    7   2   1  -1       0.97487656  p_y
    7   2   1   0       1.03227731  p_z
    7   2   1   1       0.93175174  p_x
    8   1   0   0       0.86962130  s
    9   1   0   0       0.86084724  s
   10   1   0   0       1.14574943  s
   10   2   1  -1       0.90747512  p_y
   10   2   1   0       0.92697923  p_z
   10   2   1   1       0.84597941  p_x
   11   1   0   0       0.90082845  s
   12   1   0   0       1.41181493  s
   12   2   1  -1       1.41648980  p_y
   12   2   1   0       1.28596955  p_z
   12   2   1   1       1.11555535  p_x
   13   1   0   0       0.75910425  s
   14   1   0   0       0.74238230  s

Input / Output electrons (q):     32.0000000000

Energy H0:                         -16.3971577798 H         -446.1894 eV
Energy SCC:                          0.1049572047 H            2.8560 eV
Energy SPIN:                        -0.0000009529 H           -0.0000 eV
Energy Fock:                        -0.6640815453 H          -18.0706 eV
Total Electronic energy:           -16.9562830733 H         -461.4039 eV
Repulsive energy:                    0.4512647774 H           12.2795 eV

Excitation Energy:                   0.0000000000 H            0.0000 eV

Total energy:                      -16.5050276388 H         -449.1247 eV

SCC converged

Total Forces
    1     -0.009714605032      0.034912691934     -0.006569859805
    2      0.027588627672      0.024070530250      0.016238393799
    3      0.006837690720     -0.024259895290      0.006031412480
    4     -0.009212758901     -0.030687205286     -0.008685622285
    5     -0.009933724050     -0.028649231847     -0.004758467451
    6      0.028693657804     -0.037836348953     -0.024671425701
    7     -0.042349484389      0.020727993530      0.027958707729
    8     -0.033630576408      0.042144415363      0.012678791426
    9      0.018033737457      0.013254508355      0.013846766486
   10      0.054267645321     -0.001744705014     -0.065585525731
   11     -0.010179697002     -0.000755499818      0.026146758868
   12      0.002684863940     -0.033334982428      0.032229176111
   13     -0.006644986896      0.016010130845      0.005860963922
   14     -0.016440390235      0.006147598360     -0.030720069848

Maximal derivative component:        0.655855E-01 au


