 KPT            1  SPIN            1  KWEIGHT    1.0000000000000000     
     1   -29.638  2.00000
     2   -27.242  2.00000
     3   -25.076  2.00000
     4   -23.473  2.00000
     5   -21.437  2.00000
     6   -19.990  2.00000
     7   -19.144  2.00000
     8   -18.811  2.00000
     9   -17.909  2.00000
    10   -17.281  2.00000
    11   -16.673  2.00000
    12   -16.443  2.00000
    13   -16.195  2.00000
    14   -15.117  2.00000
    15   -14.986  2.00000
    16   -13.512  1.50000
    17   -10.021  0.50000
    18    -4.830  0.00000
    19    -1.900  0.00000
    20     4.885  0.00000
    21     7.427  0.00000
    22    10.114  0.00000
    23    12.245  0.00000
    24    13.079  0.00000
    25    13.809  0.00000
    26    15.330  0.00000
    27    16.537  0.00000
    28    17.372  0.00000
    29    25.192  0.00000
    30    27.508  0.00000
    31    30.273  0.00000
    32    33.272  0.00000

