REKS do not use any electronic distribution function

Calculation with static geometry

********************************************************************************************
  iSCC       reks energy        Diff energy         x_a       SCC error   
   53       -6.2852702483      -0.0000000000     0.999953    0.00000097
********************************************************************************************

 SA-REKS optimizes the avergaed state, not individual states
 These charges do not mean the charges for individual states
 Similarly to this, the values in band.out file indicate
 the band energies and occupations for the averaged state
 If you want to compute the relaxed density,
 please, set 'RelaxedDensity = Yes' option

 Total charge:     1.00000000

 Atomic gross charges (e)
 Atom           Charge
    1       0.11603522
    2      -0.10465167
    3       0.18534050
    4       0.30907567
    5       0.30881657
    6       0.18538371

Nr. of electrons (up):     12.00000000
Atom populations (up)
 Atom       Population
    1       3.88396478
    2       5.10465167
    3       0.81465950
    4       0.69092433
    5       0.69118343
    6       0.81461629

l-shell populations (up)
 Atom Sh.   l       Population
    1   1   0       1.17045591
    1   2   1       2.71350887
    2   1   0       1.37477771
    2   2   1       3.72987396
    3   1   0       0.81465950
    4   1   0       0.69092433
    5   1   0       0.69118343
    6   1   0       0.81461629

Orbital populations (up)
 Atom Sh.   l   m       Population  Label
    1   1   0   0       1.17045591  s
    1   2   1  -1       0.87492975  p_y
    1   2   1   0       0.88612153  p_z
    1   2   1   1       0.95245759  p_x
    2   1   0   0       1.37477771  s
    2   2   1  -1       1.14478067  p_y
    2   2   1   0       1.11096703  p_z
    2   2   1   1       1.47412627  p_x
    3   1   0   0       0.81465950  s
    4   1   0   0       0.69092433  s
    5   1   0   0       0.69118343  s
    6   1   0   0       0.81461629  s

Input / Output electrons (q):     12.0000000000

Energy H0:                          -6.5352884050 H         -177.8342 eV
Energy SCC:                          0.1349733581 H            3.6728 eV
Energy SPIN:                        -0.0000260344 H           -0.0007 eV
Energy Fock:                        -0.2086134968 H           -5.6767 eV
Total Electronic energy:            -6.6089545781 H         -179.8388 eV
Repulsive energy:                    0.1967130047 H            5.3528 eV

Excitation Energy:                   0.0000000000 H            0.0000 eV

Total energy:                       -6.4124838825 H         -174.4926 eV

SCC converged

Total Forces
    1      0.000105660054      0.001658716038     -0.018648772247
    2     -0.000584472951     -0.003579464834      0.021796837083
    3      0.011891058133      0.004621410840      0.001643530390
    4      0.010844730255     -0.007099533108     -0.004006492569
    5     -0.010332634502      0.009419971834     -0.002140867612
    6     -0.011924340989     -0.005021100770      0.001355764955

Maximal derivative component:        0.217968E-01 au


