REKS do not use any electronic distribution function

Calculation with static geometry

********************************************************************************************
  iSCC       reks energy        Diff energy         x_a       SCC error   
   45       -6.2829663930      -0.0000000000     0.999971    0.00000097
********************************************************************************************

 SA-REKS optimizes the avergaed state, not individual states
 These charges do not mean the charges for individual states
 Similarly to this, the values in band.out file indicate
 the band energies and occupations for the averaged state
 If you want to compute the relaxed density,
 please, set 'RelaxedDensity = Yes' option

 Total charge:     1.00000000

 Atomic gross charges (e)
 Atom           Charge
    1       0.10423011
    2      -0.10084597
    3       0.18512573
    4       0.30963436
    5       0.30809521
    6       0.19376055

Nr. of electrons (up):     12.00000000
Atom populations (up)
 Atom       Population
    1       3.89576989
    2       5.10084597
    3       0.81487427
    4       0.69036564
    5       0.69190479
    6       0.80623945

l-shell populations (up)
 Atom Sh.   l       Population
    1   1   0       1.17475080
    1   2   1       2.72101909
    2   1   0       1.37962317
    2   2   1       3.72122280
    3   1   0       0.81487427
    4   1   0       0.69036564
    5   1   0       0.69190479
    6   1   0       0.80623945

Orbital populations (up)
 Atom Sh.   l   m       Population  Label
    1   1   0   0       1.17475080  s
    1   2   1  -1       0.85631096  p_y
    1   2   1   0       0.89348647  p_z
    1   2   1   1       0.97122166  p_x
    2   1   0   0       1.37962317  s
    2   2   1  -1       1.09840196  p_y
    2   2   1   0       1.12429593  p_z
    2   2   1   1       1.49852491  p_x
    3   1   0   0       0.81487427  s
    4   1   0   0       0.69036564  s
    5   1   0   0       0.69190479  s
    6   1   0   0       0.80623945  s

Input / Output electrons (q):     12.0000000000

Energy H0:                          -6.5327689116 H         -177.7657 eV
Energy SCC:                          0.1357104313 H            3.6929 eV
Energy SPIN:                        -0.0000166496 H           -0.0005 eV
Energy Fock:                        -0.2095012646 H           -5.7008 eV
Total Electronic energy:            -6.6065763944 H         -179.7741 eV
Repulsive energy:                    0.1941284549 H            5.2825 eV

Excitation Energy:                   0.0000000000 H            0.0000 eV

Total energy:                       -6.4125215678 H         -174.4936 eV

SCC converged

Total Forces
    1     -0.004430333231      0.014111225487     -0.028937712283
    2      0.021625353938      0.002271474171      0.033793687232
    3     -0.007519007985     -0.001250969052     -0.008682223431
    4     -0.015121297207     -0.005991881835     -0.000632339726
    5     -0.001495492464     -0.006891277801     -0.003035480616
    6      0.006940776949     -0.002248570969      0.007494068823

Maximal derivative component:        0.337937E-01 au


