REKS do not use any electronic distribution function

Calculation with static geometry

********************************************************************************************
  iSCC       reks energy        Diff energy         x_a       SCC error   
   55       -6.2841709824      -0.0000000000     0.999953    0.00000091
********************************************************************************************

 SA-REKS optimizes the avergaed state, not individual states
 These charges do not mean the charges for individual states
 Similarly to this, the values in band.out file indicate
 the band energies and occupations for the averaged state
 If you want to compute the relaxed density,
 please, set 'RelaxedDensity = Yes' option

 Total charge:     1.00000000

 Atomic gross charges (e)
 Atom           Charge
    1       0.11258157
    2      -0.11032602
    3       0.18435664
    4       0.31204015
    5       0.31002118
    6       0.19132648

Nr. of electrons (up):     12.00000000
Atom populations (up)
 Atom       Population
    1       3.88741843
    2       5.11032602
    3       0.81564336
    4       0.68795985
    5       0.68997882
    6       0.80867352

l-shell populations (up)
 Atom Sh.   l       Population
    1   1   0       1.17996238
    1   2   1       2.70745605
    2   1   0       1.38138893
    2   2   1       3.72893709
    3   1   0       0.81564336
    4   1   0       0.68795985
    5   1   0       0.68997882
    6   1   0       0.80867352

Orbital populations (up)
 Atom Sh.   l   m       Population  Label
    1   1   0   0       1.17996238  s
    1   2   1  -1       0.85441709  p_y
    1   2   1   0       0.89561064  p_z
    1   2   1   1       0.95742831  p_x
    2   1   0   0       1.38138893  s
    2   2   1  -1       1.09085637  p_y
    2   2   1   0       1.12767539  p_z
    2   2   1   1       1.51040533  p_x
    3   1   0   0       0.81564336  s
    4   1   0   0       0.68795985  s
    5   1   0   0       0.68997882  s
    6   1   0   0       0.80867352  s

Input / Output electrons (q):     12.0000000000

Energy H0:                          -6.5259239638 H         -177.5794 eV
Energy SCC:                          0.1348551609 H            3.6696 eV
Energy SPIN:                        -0.0000255628 H           -0.0007 eV
Energy Fock:                        -0.2089499424 H           -5.6858 eV
Total Electronic energy:            -6.6000443082 H         -179.5963 eV
Repulsive energy:                    0.1892919126 H            5.1509 eV

Excitation Energy:                   0.0000000000 H            0.0000 eV

Total energy:                       -6.4110008952 H         -174.4522 eV

SCC converged

Total Forces
    1     -0.002670094476     -0.008262744564     -0.007577678149
    2      0.009961433080     -0.004244273538      0.007961669753
    3     -0.011801938080      0.002093062399     -0.010065973333
    4     -0.015487956183      0.003941411916      0.003058729884
    5      0.008717660001      0.005332666069      0.003961210627
    6      0.011280895658      0.001139877719      0.002662041218

Maximal derivative component:        0.154880E-01 au


