REKS do not use any electronic distribution function

Calculation with static geometry

********************************************************************************************
  iSCC       reks energy        Diff energy         x_a       SCC error   
   91       -6.1933781900      -0.0000000000     0.999577    0.00000099
********************************************************************************************

 SA-REKS optimizes the avergaed state, not individual states
 These charges do not mean the charges for individual states
 Similarly to this, the values in band.out file indicate
 the band energies and occupations for the averaged state
 If you want to compute the relaxed density,
 please, set 'RelaxedDensity = Yes' option

 Total charge:     1.00000000

 Atomic gross charges (e)
 Atom           Charge
    1       0.17403600
    2      -0.27043081
    3       0.18674748
    4       0.37423827
    5       0.35870361
    6       0.17670545

Nr. of electrons (up):     12.00000000
Atom populations (up)
 Atom       Population
    1       3.82596400
    2       5.27043081
    3       0.81325252
    4       0.62576173
    5       0.64129639
    6       0.82329455

l-shell populations (up)
 Atom Sh.   l       Population
    1   1   0       1.23593234
    1   2   1       2.59003167
    2   1   0       1.50068573
    2   2   1       3.76974508
    3   1   0       0.81325252
    4   1   0       0.62576173
    5   1   0       0.64129639
    6   1   0       0.82329455

Orbital populations (up)
 Atom Sh.   l   m       Population  Label
    1   1   0   0       1.23593234  s
    1   2   1  -1       0.82823509  p_y
    1   2   1   0       0.84196855  p_z
    1   2   1   1       0.91982802  p_x
    2   1   0   0       1.50068573  s
    2   2   1  -1       1.27067498  p_y
    2   2   1   0       1.16567663  p_z
    2   2   1   1       1.33339348  p_x
    3   1   0   0       0.81325252  s
    4   1   0   0       0.62576173  s
    5   1   0   0       0.64129639  s
    6   1   0   0       0.82329455  s

Input / Output electrons (q):     12.0000000000

Energy H0:                          -6.2775472331 H         -170.8208 eV
Energy SCC:                          0.1341812055 H            3.6513 eV
Energy SPIN:                        -0.0001746784 H           -0.0048 eV
Energy Fock:                        -0.2246306374 H           -6.1125 eV
Total Electronic energy:            -6.3681713434 H         -173.2868 eV
Repulsive energy:                    0.0850273154 H            2.3137 eV

Excitation Energy:                   0.0000000000 H            0.0000 eV

Total energy:                       -6.2842911217 H         -171.0043 eV

SCC converged

Total Forces
    1      0.055934754734     -0.125784190961      0.129626164293
    2      0.005825466411      0.107165093461     -0.079114488576
    3     -0.011623342934      0.015210890219     -0.054228138326
    4     -0.050665353095      0.041071076639     -0.073277072627
    5     -0.016959044456     -0.033273984157      0.077550788198
    6      0.017487519339     -0.004388885201     -0.000557252962

Maximal derivative component:        0.129626E+00 au


