 KPT            1  SPIN            1  KWEIGHT    1.0000000000000000     
     1   -29.620  2.00000
     2   -27.063  2.00000
     3   -25.484  2.00000
     4   -23.147  2.00000
     5   -21.566  2.00000
     6   -20.018  2.00000
     7   -18.959  2.00000
     8   -18.791  2.00000
     9   -18.040  2.00000
    10   -17.657  2.00000
    11   -16.658  2.00000
    12   -16.523  2.00000
    13   -15.884  2.00000
    14   -15.661  2.00000
    15   -14.021  2.00000
    16   -13.471  1.49999
    17    -9.703  0.50001
    18    -3.959  0.00000
    19    -1.835  0.00000
    20     5.543  0.00000
    21     7.404  0.00000
    22    10.890  0.00000
    23    11.511  0.00000
    24    14.972  0.00000
    25    19.439  0.00000
    26    20.268  0.00000
    27    21.403  0.00000
    28    21.975  0.00000
    29    25.809  0.00000
    30    28.971  0.00000
    31    34.186  0.00000
    32    35.247  0.00000

