REKS do not use any electronic distribution function

Calculation with static geometry

********************************************************************************************
  iSCC       reks energy        Diff energy         x_a       SCC error   
  190      -16.3925357773      -0.0000000000     0.999994    0.00000098
********************************************************************************************

 SA-REKS optimizes the avergaed state, not individual states
 These charges do not mean the charges for individual states
 Similarly to this, the values in band.out file indicate
 the band energies and occupations for the averaged state
 If you want to compute the relaxed density,
 please, set 'RelaxedDensity = Yes' option

 Total charge:     1.00000000

 Atomic gross charges (e)
 Atom           Charge
    1      -0.04530503
    2       0.04496733
    3       0.11455134
    4       0.14278232
    5       0.09114123
    6      -0.02594283
    7      -0.14469621
    8       0.11184427
    9       0.13222568
   10       0.20193379
   11       0.08355474
   12      -0.20201446
   13       0.25224948
   14       0.24270833

Nr. of electrons (up):     32.00000000
Atom populations (up)
 Atom       Population
    1       4.04530503
    2       3.95503267
    3       0.88544866
    4       0.85721768
    5       0.90885877
    6       4.02594283
    7       4.14469621
    8       0.88815573
    9       0.86777432
   10       3.79806621
   11       0.91644526
   12       5.20201446
   13       0.74775052
   14       0.75729167

l-shell populations (up)
 Atom Sh.   l       Population
    1   1   0       1.22866531
    1   2   1       2.81663972
    2   1   0       1.18214117
    2   2   1       2.77289149
    3   1   0       0.88544866
    4   1   0       0.85721768
    5   1   0       0.90885877
    6   1   0       1.20132783
    6   2   1       2.82461499
    7   1   0       1.16995895
    7   2   1       2.97473726
    8   1   0       0.88815573
    9   1   0       0.86777432
   10   1   0       1.13181626
   10   2   1       2.66624995
   11   1   0       0.91644526
   12   1   0       1.36734055
   12   2   1       3.83467390
   13   1   0       0.74775052
   14   1   0       0.75729167

Orbital populations (up)
 Atom Sh.   l   m       Population  Label
    1   1   0   0       1.22866531  s
    1   2   1  -1       0.97689243  p_y
    1   2   1   0       0.86447968  p_z
    1   2   1   1       0.97526761  p_x
    2   1   0   0       1.18214117  s
    2   2   1  -1       0.91641543  p_y
    2   2   1   0       0.88619410  p_z
    2   2   1   1       0.97028197  p_x
    3   1   0   0       0.88544866  s
    4   1   0   0       0.85721768  s
    5   1   0   0       0.90885877  s
    6   1   0   0       1.20132783  s
    6   2   1  -1       0.97754777  p_y
    6   2   1   0       0.96559208  p_z
    6   2   1   1       0.88147515  p_x
    7   1   0   0       1.16995895  s
    7   2   1  -1       0.99978588  p_y
    7   2   1   0       1.05497412  p_z
    7   2   1   1       0.91997726  p_x
    8   1   0   0       0.88815573  s
    9   1   0   0       0.86777432  s
   10   1   0   0       1.13181626  s
   10   2   1  -1       0.91559295  p_y
   10   2   1   0       0.90495420  p_z
   10   2   1   1       0.84570280  p_x
   11   1   0   0       0.91644526  s
   12   1   0   0       1.36734055  s
   12   2   1  -1       1.36324424  p_y
   12   2   1   0       1.36217989  p_z
   12   2   1   1       1.10924977  p_x
   13   1   0   0       0.74775052  s
   14   1   0   0       0.75729167  s

Input / Output electrons (q):     32.0000000000

Energy H0:                         -16.2734648278 H         -442.8235 eV
Energy SCC:                          0.1026357970 H            2.7929 eV
Energy SPIN:                        -0.0000020864 H           -0.0001 eV
Energy Fock:                        -0.6651987938 H          -18.1010 eV
Total Electronic energy:           -16.8360299109 H         -458.1317 eV
Repulsive energy:                    0.3787548311 H           10.3064 eV

Excitation Energy:                   0.0000000000 H            0.0000 eV

Total energy:                      -16.4577179935 H         -447.8373 eV

SCC converged

Total Forces
    1      0.089517464836      0.081765702833      0.072505626141
    2     -0.027103890095     -0.029140513695     -0.104303378153
    3     -0.038118745020     -0.010763966418     -0.017771058782
    4     -0.018290639144     -0.018471088252     -0.010244399153
    5      0.015142958464     -0.031695053655      0.016134730171
    6     -0.039868521232      0.089689051923      0.082911329591
    7     -0.071389885956     -0.091275595774     -0.051007418063
    8      0.042773015887     -0.004849327689     -0.003770779237
    9      0.007499230540      0.009388507041      0.009228492160
   10      0.002729248615     -0.013443408071      0.003785772565
   11      0.008376714713      0.010016659697      0.005468572054
   12      0.019991599354      0.000295167247     -0.007947963364
   13      0.000750119068     -0.003444852688     -0.008371668850
   14      0.007991329969      0.011928717501      0.013382142920

Maximal derivative component:        0.104303E+00 au


