 KPT            1  SPIN            1  KWEIGHT    1.0000000000000000     
     1   -29.154  2.00000
     2   -27.335  2.00000
     3   -25.474  2.00000
     4   -23.122  2.00000
     5   -20.919  2.00000
     6   -20.621  2.00000
     7   -19.056  2.00000
     8   -18.422  2.00000
     9   -18.060  2.00000
    10   -17.137  2.00000
    11   -16.878  2.00000
    12   -15.948  2.00000
    13   -15.799  2.00000
    14   -15.571  2.00000
    15   -15.132  2.00000
    16   -13.326  1.49952
    17   -10.394  0.50048
    18    -4.217  0.00000
    19    -1.813  0.00000
    20     7.437  0.00000
    21     9.271  0.00000
    22    11.717  0.00000
    23    15.608  0.00000
    24    16.009  0.00000
    25    16.096  0.00000
    26    17.311  0.00000
    27    19.141  0.00000
    28    23.812  0.00000
    29    25.519  0.00000
    30    29.329  0.00000
    31    33.087  0.00000
    32    36.340  0.00000

