REKS do not use any electronic distribution function

Calculation with static geometry

********************************************************************************************
  iSCC       reks energy        Diff energy         x_a       SCC error   
   96      -16.4218676348      -0.0000000000     0.999519    0.00000093
********************************************************************************************

 SA-REKS optimizes the avergaed state, not individual states
 These charges do not mean the charges for individual states
 Similarly to this, the values in band.out file indicate
 the band energies and occupations for the averaged state
 If you want to compute the relaxed density,
 please, set 'RelaxedDensity = Yes' option

 Total charge:     1.00000000

 Atomic gross charges (e)
 Atom           Charge
    1      -0.00643085
    2      -0.03130669
    3       0.10581895
    4       0.13469089
    5       0.09128705
    6       0.06415230
    7      -0.11582790
    8       0.09732799
    9       0.11423963
   10       0.20939411
   11       0.09229207
   12      -0.25879035
   13       0.26191395
   14       0.24123885

Nr. of electrons (up):     32.00000000
Atom populations (up)
 Atom       Population
    1       4.00643085
    2       4.03130669
    3       0.89418105
    4       0.86530911
    5       0.90871295
    6       3.93584770
    7       4.11582790
    8       0.90267201
    9       0.88576037
   10       3.79060589
   11       0.90770793
   12       5.25879035
   13       0.73808605
   14       0.75876115

l-shell populations (up)
 Atom Sh.   l       Population
    1   1   0       1.21575426
    1   2   1       2.79067659
    2   1   0       1.17579591
    2   2   1       2.85551078
    3   1   0       0.89418105
    4   1   0       0.86530911
    5   1   0       0.90871295
    6   1   0       1.18327276
    6   2   1       2.75257493
    7   1   0       1.16478432
    7   2   1       2.95104358
    8   1   0       0.90267201
    9   1   0       0.88576037
   10   1   0       1.13773783
   10   2   1       2.65286806
   11   1   0       0.90770793
   12   1   0       1.42381145
   12   2   1       3.83497890
   13   1   0       0.73808605
   14   1   0       0.75876115

Orbital populations (up)
 Atom Sh.   l   m       Population  Label
    1   1   0   0       1.21575426  s
    1   2   1  -1       0.89248381  p_y
    1   2   1   0       0.92808828  p_z
    1   2   1   1       0.97010450  p_x
    2   1   0   0       1.17579591  s
    2   2   1  -1       0.97334640  p_y
    2   2   1   0       0.95638115  p_z
    2   2   1   1       0.92578323  p_x
    3   1   0   0       0.89418105  s
    4   1   0   0       0.86530911  s
    5   1   0   0       0.90871295  s
    6   1   0   0       1.18327276  s
    6   2   1  -1       0.93549124  p_y
    6   2   1   0       0.87182905  p_z
    6   2   1   1       0.94525464  p_x
    7   1   0   0       1.16478432  s
    7   2   1  -1       0.95320974  p_y
    7   2   1   0       1.02358566  p_z
    7   2   1   1       0.97424818  p_x
    8   1   0   0       0.90267201  s
    9   1   0   0       0.88576037  s
   10   1   0   0       1.13773783  s
   10   2   1  -1       0.89983998  p_y
   10   2   1   0       0.89307839  p_z
   10   2   1   1       0.85994969  p_x
   11   1   0   0       0.90770793  s
   12   1   0   0       1.42381145  s
   12   2   1  -1       1.41959443  p_y
   12   2   1   0       1.34312813  p_z
   12   2   1   1       1.07225634  p_x
   13   1   0   0       0.73808605  s
   14   1   0   0       0.75876115  s

Input / Output electrons (q):     32.0000000000

Energy H0:                         -16.2821164007 H         -443.0589 eV
Energy SCC:                          0.0909259962 H            2.4742 eV
Energy SPIN:                        -0.0000735392 H           -0.0020 eV
Energy Fock:                        -0.6604144747 H          -17.9708 eV
Total Electronic energy:           -16.8516784183 H         -458.5575 eV
Repulsive energy:                    0.3745804191 H           10.1929 eV

Excitation Energy:                   0.0000000000 H            0.0000 eV

Total energy:                      -16.4784933513 H         -448.4026 eV

SCC converged

Total Forces
    1      0.055529731406      0.006574546438     -0.019742095852
    2      0.000341061734     -0.051336434148      0.009033395720
    3     -0.028772009504      0.002737350786     -0.000135452363
    4     -0.006177212481     -0.001397880871      0.010769720980
    5     -0.034732796266      0.010570242648     -0.011614183960
    6      0.034798179618      0.068521454417      0.027393878669
    7     -0.000208121268     -0.045948618782      0.007543947528
    8     -0.016494280132     -0.009934422887     -0.008489770808
    9      0.010551594292      0.012057100734     -0.002400942549
   10      0.082623025075      0.049643046046     -0.009544669828
   11     -0.040057967774      0.017709874944      0.015691718756
   12      0.008726767907     -0.069351595395     -0.015587607659
   13     -0.026893963350     -0.005510777539     -0.020546523732
   14     -0.039234009256      0.015666113610      0.017628585098

Maximal derivative component:        0.826230E-01 au


