 KPT            1  SPIN            1  KWEIGHT    1.0000000000000000     
     1   -29.856  2.00000
     2   -27.683  2.00000
     3   -25.467  2.00000
     4   -23.391  2.00000
     5   -22.019  2.00000
     6   -20.193  2.00000
     7   -19.715  2.00000
     8   -18.951  2.00000
     9   -18.507  2.00000
    10   -18.102  2.00000
    11   -17.100  2.00000
    12   -16.700  2.00000
    13   -16.206  2.00000
    14   -15.490  2.00000
    15   -14.556  2.00000
    16   -14.494  1.50000
    17   -10.124  0.50000
    18    -4.077  0.00000
    19    -3.039  0.00000
    20     6.002  0.00000
    21    10.863  0.00000
    22    11.513  0.00000
    23    14.882  0.00000
    24    15.803  0.00000
    25    16.347  0.00000
    26    18.459  0.00000
    27    20.405  0.00000
    28    22.019  0.00000
    29    24.944  0.00000
    30    28.843  0.00000
    31    37.888  0.00000
    32    43.404  0.00000

