REKS do not use any electronic distribution function

Calculation with static geometry

********************************************************************************************
  iSCC       reks energy        Diff energy         x_a       SCC error   
   48      -16.4180255346      -0.0000000000     1.000000    0.00000096
********************************************************************************************

 SA-REKS optimizes the avergaed state, not individual states
 These charges do not mean the charges for individual states
 Similarly to this, the values in band.out file indicate
 the band energies and occupations for the averaged state
 If you want to compute the relaxed density,
 please, set 'RelaxedDensity = Yes' option

 Total charge:     1.00000000

 Atomic gross charges (e)
 Atom           Charge
    1      -0.18220835
    2      -0.02686527
    3       0.13771368
    4       0.11558893
    5       0.13772183
    6       0.06376159
    7      -0.01466485
    8       0.14721556
    9       0.12859206
   10       0.10449485
   11       0.10826329
   12      -0.22710570
   13       0.25647596
   14       0.25101644

Nr. of electrons (up):     32.00000000
Atom populations (up)
 Atom       Population
    1       4.18220835
    2       4.02686527
    3       0.86228632
    4       0.88441107
    5       0.86227817
    6       3.93623841
    7       4.01466485
    8       0.85278444
    9       0.87140794
   10       3.89550515
   11       0.89173671
   12       5.22710570
   13       0.74352404
   14       0.74898356

l-shell populations (up)
 Atom Sh.   l       Population
    1   1   0       1.19552126
    1   2   1       2.98668709
    2   1   0       1.18257722
    2   2   1       2.84428805
    3   1   0       0.86228632
    4   1   0       0.88441107
    5   1   0       0.86227817
    6   1   0       1.16574578
    6   2   1       2.77049263
    7   1   0       1.17188861
    7   2   1       2.84277624
    8   1   0       0.85278444
    9   1   0       0.87140794
   10   1   0       1.16780386
   10   2   1       2.72770129
   11   1   0       0.89173671
   12   1   0       1.38930141
   12   2   1       3.83780429
   13   1   0       0.74352404
   14   1   0       0.74898356

Orbital populations (up)
 Atom Sh.   l   m       Population  Label
    1   1   0   0       1.19552126  s
    1   2   1  -1       1.03443538  p_y
    1   2   1   0       0.93277485  p_z
    1   2   1   1       1.01947686  p_x
    2   1   0   0       1.18257722  s
    2   2   1  -1       0.91743192  p_y
    2   2   1   0       0.94701089  p_z
    2   2   1   1       0.97984524  p_x
    3   1   0   0       0.86228632  s
    4   1   0   0       0.88441107  s
    5   1   0   0       0.86227817  s
    6   1   0   0       1.16574578  s
    6   2   1  -1       0.87001888  p_y
    6   2   1   0       0.97683379  p_z
    6   2   1   1       0.92363996  p_x
    7   1   0   0       1.17188861  s
    7   2   1  -1       0.93285681  p_y
    7   2   1   0       0.94495940  p_z
    7   2   1   1       0.96496002  p_x
    8   1   0   0       0.85278444  s
    9   1   0   0       0.87140794  s
   10   1   0   0       1.16780386  s
   10   2   1  -1       0.94736300  p_y
   10   2   1   0       0.87122873  p_z
   10   2   1   1       0.90910957  p_x
   11   1   0   0       0.89173671  s
   12   1   0   0       1.38930141  s
   12   2   1  -1       1.18181041  p_y
   12   2   1   0       1.14920488  p_z
   12   2   1   1       1.50678900  p_x
   13   1   0   0       0.74352404  s
   14   1   0   0       0.74898356  s

Input / Output electrons (q):     32.0000000000

Energy H0:                         -16.3572353407 H         -445.1030 eV
Energy SCC:                          0.1160900512 H            3.1590 eV
Energy SPIN:                        -0.0000000000 H           -0.0000 eV
Energy Fock:                        -0.6684358507 H          -18.1891 eV
Total Electronic energy:           -16.9095811402 H         -460.1331 eV
Repulsive energy:                    0.4241510352 H           11.5417 eV

Excitation Energy:                   0.0000000000 H            0.0000 eV

Total energy:                      -16.4855569896 H         -448.5948 eV

SCC converged

Total Forces
    1     -0.026718573472     -0.005946906339      0.005874652903
    2     -0.010965570601      0.079873108602      0.000167864900
    3      0.015905361387     -0.010135015296     -0.006439765881
    4      0.002851915060      0.005708504050     -0.008745261570
    5     -0.005483588129     -0.035264740815      0.020372150460
    6     -0.043109367219      0.002541253897      0.013958555045
    7      0.042828143169      0.017277852454     -0.017049192925
    8      0.016028789232     -0.038232160377     -0.023456037975
    9     -0.006534144391      0.000084302547     -0.002029828031
   10     -0.000263855336     -0.008495674717      0.073046496294
   11      0.007461928816     -0.016578157522     -0.009753383663
   12      0.014291753694     -0.003101089971     -0.066641472050
   13      0.001649713978      0.002073546291      0.012353836860
   14     -0.007942506188      0.010195177197      0.008341385633

Maximal derivative component:        0.798731E-01 au


