REKS do not use any electronic distribution function

Calculation with static geometry

********************************************************************************************
  iSCC       reks energy        Diff energy         x_a       SCC error   
   68       -6.2843796932      -0.0000000000     0.999924    0.00000098
********************************************************************************************

 SA-REKS optimizes the avergaed state, not individual states
 These charges do not mean the charges for individual states
 Similarly to this, the values in band.out file indicate
 the band energies and occupations for the averaged state
 If you want to compute the relaxed density,
 please, set 'RelaxedDensity = Yes' option

 Total charge:     1.00000000

 Atomic gross charges (e)
 Atom           Charge
    1       0.12839595
    2      -0.12254594
    3       0.18236560
    4       0.31472073
    5       0.31451199
    6       0.18255166

Nr. of electrons (up):     12.00000000
Atom populations (up)
 Atom       Population
    1       3.87160405
    2       5.12254594
    3       0.81763440
    4       0.68527927
    5       0.68548801
    6       0.81744834

l-shell populations (up)
 Atom Sh.   l       Population
    1   1   0       1.18208892
    1   2   1       2.68951512
    2   1   0       1.38743455
    2   2   1       3.73511140
    3   1   0       0.81763440
    4   1   0       0.68527927
    5   1   0       0.68548801
    6   1   0       0.81744834

Orbital populations (up)
 Atom Sh.   l   m       Population  Label
    1   1   0   0       1.18208892  s
    1   2   1  -1       0.92409289  p_y
    1   2   1   0       0.89884224  p_z
    1   2   1   1       0.86657999  p_x
    2   1   0   0       1.38743455  s
    2   2   1  -1       1.50591760  p_y
    2   2   1   0       1.13441616  p_z
    2   2   1   1       1.09477764  p_x
    3   1   0   0       0.81763440  s
    4   1   0   0       0.68527927  s
    5   1   0   0       0.68548801  s
    6   1   0   0       0.81744834  s

Input / Output electrons (q):     12.0000000000

Energy H0:                          -6.5168024334 H         -177.3312 eV
Energy SCC:                          0.1340679423 H            3.6482 eV
Energy SPIN:                        -0.0000394712 H           -0.0011 eV
Energy Fock:                        -0.2089461324 H           -5.6857 eV
Total Electronic energy:            -6.5917200947 H         -179.3698 eV
Repulsive energy:                    0.1858112073 H            5.0562 eV

Excitation Energy:                   0.0000000000 H            0.0000 eV

Total energy:                       -6.4066198360 H         -174.3330 eV

SCC converged

Total Forces
    1      0.002270521562     -0.008202120211      0.006962161673
    2      0.001179019724      0.018153186586     -0.005940135287
    3      0.003299858263     -0.013397546420     -0.007639756961
    4     -0.003816276820      0.010925143244      0.005200719075
    5      0.000751495064     -0.023019296557      0.006148523519
    6     -0.003684617792      0.015540633358     -0.004731512020

Maximal derivative component:        0.230193E-01 au


