REKS do not use any electronic distribution function

Calculation with static geometry

********************************************************************************************
  iSCC       reks energy        Diff energy         x_a       SCC error   
   42       -6.2866671691      -0.0000000000     0.999974    0.00000091
********************************************************************************************

 SA-REKS optimizes the avergaed state, not individual states
 These charges do not mean the charges for individual states
 Similarly to this, the values in band.out file indicate
 the band energies and occupations for the averaged state
 If you want to compute the relaxed density,
 please, set 'RelaxedDensity = Yes' option

 Total charge:     1.00000000

 Atomic gross charges (e)
 Atom           Charge
    1       0.10124447
    2      -0.09965618
    3       0.19060467
    4       0.30992373
    5       0.30835489
    6       0.18952842

Nr. of electrons (up):     12.00000000
Atom populations (up)
 Atom       Population
    1       3.89875553
    2       5.09965618
    3       0.80939533
    4       0.69007627
    5       0.69164511
    6       0.81047158

l-shell populations (up)
 Atom Sh.   l       Population
    1   1   0       1.17126962
    1   2   1       2.72748591
    2   1   0       1.37754826
    2   2   1       3.72210792
    3   1   0       0.80939533
    4   1   0       0.69007627
    5   1   0       0.69164511
    6   1   0       0.81047158

Orbital populations (up)
 Atom Sh.   l   m       Population  Label
    1   1   0   0       1.17126962  s
    1   2   1  -1       0.98540096  p_y
    1   2   1   0       0.88454925  p_z
    1   2   1   1       0.85753571  p_x
    2   1   0   0       1.37754826  s
    2   2   1  -1       1.51004488  p_y
    2   2   1   0       1.11191205  p_z
    2   2   1   1       1.10015099  p_x
    3   1   0   0       0.80939533  s
    4   1   0   0       0.69007627  s
    5   1   0   0       0.69164511  s
    6   1   0   0       0.81047158  s

Input / Output electrons (q):     12.0000000000

Energy H0:                          -6.5365337230 H         -177.8681 eV
Energy SCC:                          0.1358169609 H            3.6958 eV
Energy SPIN:                        -0.0000149666 H           -0.0004 eV
Energy Fock:                        -0.2079978553 H           -5.6599 eV
Total Electronic energy:            -6.6087295840 H         -179.8327 eV
Repulsive energy:                    0.1907070441 H            5.1894 eV

Excitation Energy:                   0.0000000000 H            0.0000 eV

Total energy:                       -6.4180335113 H         -174.6436 eV

SCC converged

Total Forces
    1      0.001213368790     -0.000446858060     -0.016419281265
    2      0.003322352160      0.006456397204      0.015979313043
    3      0.003302713435      0.002239598230      0.006156982026
    4     -0.001106916955     -0.005955059034     -0.006732271890
    5     -0.002192925687      0.000927245392     -0.002219004699
    6     -0.004538591743     -0.003221323732      0.003234262785

Maximal derivative component:        0.164193E-01 au


