REKS do not use any electronic distribution function

Calculation with static geometry

********************************************************************************************
  iSCC       reks energy        Diff energy         x_a       SCC error   
   62       -6.2845973556      -0.0000000000     0.999937    0.00000094
********************************************************************************************

 SA-REKS optimizes the avergaed state, not individual states
 These charges do not mean the charges for individual states
 Similarly to this, the values in band.out file indicate
 the band energies and occupations for the averaged state
 If you want to compute the relaxed density,
 please, set 'RelaxedDensity = Yes' option

 Total charge:     1.00000000

 Atomic gross charges (e)
 Atom           Charge
    1       0.11911074
    2      -0.11948273
    3       0.18732758
    4       0.31410910
    5       0.31447250
    6       0.18446280

Nr. of electrons (up):     12.00000000
Atom populations (up)
 Atom       Population
    1       3.88088926
    2       5.11948273
    3       0.81267242
    4       0.68589090
    5       0.68552750
    6       0.81553720

l-shell populations (up)
 Atom Sh.   l       Population
    1   1   0       1.18491285
    1   2   1       2.69597641
    2   1   0       1.38547860
    2   2   1       3.73400413
    3   1   0       0.81267242
    4   1   0       0.68589090
    5   1   0       0.68552750
    6   1   0       0.81553720

Orbital populations (up)
 Atom Sh.   l   m       Population  Label
    1   1   0   0       1.18491285  s
    1   2   1  -1       0.85284238  p_y
    1   2   1   0       0.89822613  p_z
    1   2   1   1       0.94490790  p_x
    2   1   0   0       1.38547860  s
    2   2   1  -1       1.08226338  p_y
    2   2   1   0       1.13425662  p_z
    2   2   1   1       1.51748412  p_x
    3   1   0   0       0.81267242  s
    4   1   0   0       0.68589090  s
    5   1   0   0       0.68552750  s
    6   1   0   0       0.81553720  s

Input / Output electrons (q):     12.0000000000

Energy H0:                          -6.5160962243 H         -177.3120 eV
Energy SCC:                          0.1343089118 H            3.6547 eV
Energy SPIN:                        -0.0000334440 H           -0.0009 eV
Energy Fock:                        -0.2089581609 H           -5.6860 eV
Total Electronic energy:            -6.5907789174 H         -179.3442 eV
Repulsive energy:                    0.1822379755 H            4.9589 eV

Excitation Energy:                   0.0000000000 H            0.0000 eV

Total energy:                       -6.4089867952 H         -174.3974 eV

SCC converged

Total Forces
    1     -0.005065127348     -0.004629222402      0.002146590304
    2      0.011779047048     -0.000591475086     -0.009380316866
    3     -0.013612933724      0.000345269207     -0.001558244873
    4     -0.018370435059      0.006126942062      0.007617292232
    5      0.010581877675     -0.003667792470      0.006507154251
    6      0.014687571407      0.002416278690     -0.005332475047

Maximal derivative component:        0.183704E-01 au


