REKS do not use any electronic distribution function

Calculation with static geometry

********************************************************************************************
  iSCC       reks energy        Diff energy         x_a       SCC error   
  116      -16.4383369460      -0.0000000000     1.000000    0.00000096
********************************************************************************************

 SA-REKS optimizes the avergaed state, not individual states
 These charges do not mean the charges for individual states
 Similarly to this, the values in band.out file indicate
 the band energies and occupations for the averaged state
 If you want to compute the relaxed density,
 please, set 'RelaxedDensity = Yes' option

 Total charge:     1.00000000

 Atomic gross charges (e)
 Atom           Charge
    1      -0.04923368
    2       0.02855290
    3       0.12412643
    4       0.11988745
    5       0.12257348
    6       0.00345650
    7      -0.13147713
    8       0.13212497
    9       0.12039600
   10       0.20223023
   11       0.08725590
   12      -0.25709320
   13       0.24089607
   14       0.25630408

Nr. of electrons (up):     32.00000000
Atom populations (up)
 Atom       Population
    1       4.04923368
    2       3.97144710
    3       0.87587357
    4       0.88011255
    5       0.87742652
    6       3.99654350
    7       4.13147713
    8       0.86787503
    9       0.87960400
   10       3.79776977
   11       0.91274410
   12       5.25709320
   13       0.75910393
   14       0.74369592

l-shell populations (up)
 Atom Sh.   l       Population
    1   1   0       1.20737222
    1   2   1       2.84186146
    2   1   0       1.18360873
    2   2   1       2.78783837
    3   1   0       0.87587357
    4   1   0       0.88011255
    5   1   0       0.87742652
    6   1   0       1.18295288
    6   2   1       2.81359062
    7   1   0       1.15467700
    7   2   1       2.97680013
    8   1   0       0.86787503
    9   1   0       0.87960400
   10   1   0       1.15612966
   10   2   1       2.64164011
   11   1   0       0.91274410
   12   1   0       1.41419927
   12   2   1       3.84289393
   13   1   0       0.75910393
   14   1   0       0.74369592

Orbital populations (up)
 Atom Sh.   l   m       Population  Label
    1   1   0   0       1.20737222  s
    1   2   1  -1       0.96804826  p_y
    1   2   1   0       0.96831387  p_z
    1   2   1   1       0.90549932  p_x
    2   1   0   0       1.18360873  s
    2   2   1  -1       0.94833995  p_y
    2   2   1   0       0.87057173  p_z
    2   2   1   1       0.96892669  p_x
    3   1   0   0       0.87587357  s
    4   1   0   0       0.88011255  s
    5   1   0   0       0.87742652  s
    6   1   0   0       1.18295288  s
    6   2   1  -1       0.96632812  p_y
    6   2   1   0       0.91927372  p_z
    6   2   1   1       0.92798878  p_x
    7   1   0   0       1.15467700  s
    7   2   1  -1       1.05971037  p_y
    7   2   1   0       1.01651229  p_z
    7   2   1   1       0.90057748  p_x
    8   1   0   0       0.86787503  s
    9   1   0   0       0.87960400  s
   10   1   0   0       1.15612966  s
   10   2   1  -1       0.94025599  p_y
   10   2   1   0       0.86545134  p_z
   10   2   1   1       0.83593278  p_x
   11   1   0   0       0.91274410  s
   12   1   0   0       1.41419927  s
   12   2   1  -1       1.14212431  p_y
   12   2   1   0       1.45307301  p_z
   12   2   1   1       1.24769661  p_x
   13   1   0   0       0.75910393  s
   14   1   0   0       0.74369592  s

Input / Output electrons (q):     32.0000000000

Energy H0:                         -16.3031932367 H         -443.6325 eV
Energy SCC:                          0.1047316978 H            2.8499 eV
Energy SPIN:                        -0.0000000051 H           -0.0000 eV
Energy Fock:                        -0.6595044173 H          -17.9460 eV
Total Electronic energy:           -16.8579659613 H         -458.7286 eV
Repulsive energy:                    0.3550811782 H            9.6623 eV

Excitation Energy:                   0.0000000000 H            0.0000 eV

Total energy:                      -16.5028905017 H         -449.0665 eV

SCC converged

Total Forces
    1     -0.003331847335      0.052263526158     -0.021204918056
    2      0.003974691087     -0.007696053874      0.014538071414
    3      0.008673424955     -0.006038182321      0.001515011749
    4     -0.008176881040     -0.011183772895      0.007621211109
    5      0.014691560232     -0.025245449349     -0.003387715732
    6     -0.037226085278     -0.013831065633      0.032008756474
    7      0.054932968821      0.038428404692     -0.008084333970
    8      0.008624672337     -0.005068052151     -0.038122357072
    9      0.009775192537     -0.003368350671      0.005397005000
   10      0.019229860567      0.016430912410     -0.034855179782
   11     -0.013889229867     -0.003469588309      0.022802006508
   12     -0.026864356388     -0.007466300076     -0.024028288120
   13     -0.025255437610      0.001015135008      0.027565477498
   14     -0.005158533018     -0.024771162990      0.018235252982

Maximal derivative component:        0.549330E-01 au


