REKS do not use any electronic distribution function

Calculation with static geometry

********************************************************************************************
  iSCC       reks energy        Diff energy         x_a       SCC error   
   72       -6.2849073433      -0.0000000000     0.999918    0.00000095
********************************************************************************************

 SA-REKS optimizes the avergaed state, not individual states
 These charges do not mean the charges for individual states
 Similarly to this, the values in band.out file indicate
 the band energies and occupations for the averaged state
 If you want to compute the relaxed density,
 please, set 'RelaxedDensity = Yes' option

 Total charge:     1.00000000

 Atomic gross charges (e)
 Atom           Charge
    1       0.12932383
    2      -0.12496797
    3       0.18472608
    4       0.31558889
    5       0.31304747
    6       0.18228170

Nr. of electrons (up):     12.00000000
Atom populations (up)
 Atom       Population
    1       3.87067617
    2       5.12496797
    3       0.81527392
    4       0.68441111
    5       0.68695253
    6       0.81771830

l-shell populations (up)
 Atom Sh.   l       Population
    1   1   0       1.18524771
    1   2   1       2.68542846
    2   1   0       1.38530698
    2   2   1       3.73966099
    3   1   0       0.81527392
    4   1   0       0.68441111
    5   1   0       0.68695253
    6   1   0       0.81771830

Orbital populations (up)
 Atom Sh.   l   m       Population  Label
    1   1   0   0       1.18524771  s
    1   2   1  -1       0.92707794  p_y
    1   2   1   0       0.89676576  p_z
    1   2   1   1       0.86158476  p_x
    2   1   0   0       1.38530698  s
    2   2   1  -1       1.51683359  p_y
    2   2   1   0       1.13162635  p_z
    2   2   1   1       1.09120106  p_x
    3   1   0   0       0.81527392  s
    4   1   0   0       0.68441111  s
    5   1   0   0       0.68695253  s
    6   1   0   0       0.81771830  s

Input / Output electrons (q):     12.0000000000

Energy H0:                          -6.5135586236 H         -177.2429 eV
Energy SCC:                          0.1336476154 H            3.6367 eV
Energy SPIN:                        -0.0000426534 H           -0.0012 eV
Energy Fock:                        -0.2085620190 H           -5.6753 eV
Total Electronic energy:            -6.5885156807 H         -179.2826 eV
Repulsive energy:                    0.1821396482 H            4.9563 eV

Excitation Energy:                   0.0000000000 H            0.0000 eV

Total energy:                       -6.4071577332 H         -174.3476 eV

SCC converged

Total Forces
    1      0.002407280879      0.001210971782      0.018743816867
    2     -0.002319274434      0.000887346026     -0.016822859935
    3      0.001425687651      0.015025419872     -0.004997710642
    4     -0.001658679831     -0.017706308664      0.001308538102
    5      0.000949377664      0.016679945945      0.010151432953
    6     -0.000804391928     -0.016097374961     -0.008383217346

Maximal derivative component:        0.187438E-01 au


