REKS do not use any electronic distribution function

Calculation with static geometry

********************************************************************************************
  iSCC       reks energy        Diff energy         x_a       SCC error   
   29       -6.2256620109      -0.0000000000     1.000000    0.00000081
********************************************************************************************

 SA-REKS optimizes the avergaed state, not individual states
 These charges do not mean the charges for individual states
 Similarly to this, the values in band.out file indicate
 the band energies and occupations for the averaged state
 If you want to compute the relaxed density,
 please, set 'RelaxedDensity = Yes' option

 Total charge:     1.00000000

 Atomic gross charges (e)
 Atom           Charge
    1       0.20529418
    2      -0.15295472
    3       0.18547509
    4       0.29341809
    5       0.29287766
    6       0.17588970

Nr. of electrons (up):     12.00000000
Atom populations (up)
 Atom       Population
    1       3.79470582
    2       5.15295472
    3       0.81452491
    4       0.70658191
    5       0.70712234
    6       0.82411030

l-shell populations (up)
 Atom Sh.   l       Population
    1   1   0       1.34236229
    1   2   1       2.45234354
    2   1   0       1.43968454
    2   2   1       3.71327018
    3   1   0       0.81452491
    4   1   0       0.70658191
    5   1   0       0.70712234
    6   1   0       0.82411030

Orbital populations (up)
 Atom Sh.   l   m       Population  Label
    1   1   0   0       1.34236229  s
    1   2   1  -1       0.77823168  p_y
    1   2   1   0       0.90749746  p_z
    1   2   1   1       0.76661440  p_x
    2   1   0   0       1.43968454  s
    2   2   1  -1       1.37825111  p_y
    2   2   1   0       1.14169878  p_z
    2   2   1   1       1.19332029  p_x
    3   1   0   0       0.81452491  s
    4   1   0   0       0.70658191  s
    5   1   0   0       0.70712234  s
    6   1   0   0       0.82411030  s

Input / Output electrons (q):     12.0000000000

Energy H0:                          -6.2552224825 H         -170.2133 eV
Energy SCC:                          0.1417040919 H            3.8560 eV
Energy SPIN:                        -0.0000000107 H           -0.0000 eV
Energy Fock:                        -0.2280311243 H           -6.2050 eV
Total Electronic energy:            -6.3415495257 H         -172.5623 eV
Repulsive energy:                    0.0966565428 H            2.6302 eV

Excitation Energy:                   0.0000000000 H            0.0000 eV

Total energy:                       -6.2571059483 H         -170.2645 eV

SCC converged

Total Forces
    1     -0.045748252084     -0.007566794919      0.045553500960
    2     -0.049821170060      0.046635012026     -0.136645487580
    3      0.063421562954      0.048330504732      0.036633601842
    4     -0.002413547415     -0.027952041587      0.010483350727
    5      0.068151218705      0.007429147795      0.052149025513
    6     -0.033589812100     -0.066875828047     -0.008173991461

Maximal derivative component:        0.136645E+00 au


