REKS do not use any electronic distribution function

Calculation with static geometry

********************************************************************************************
  iSCC       reks energy        Diff energy         x_a       SCC error   
   46       -6.2864420476      -0.0000000000     0.999966    0.00000096
********************************************************************************************

 SA-REKS optimizes the avergaed state, not individual states
 These charges do not mean the charges for individual states
 Similarly to this, the values in band.out file indicate
 the band energies and occupations for the averaged state
 If you want to compute the relaxed density,
 please, set 'RelaxedDensity = Yes' option

 Total charge:     1.00000000

 Atomic gross charges (e)
 Atom           Charge
    1       0.10663355
    2      -0.10160965
    3       0.18826716
    4       0.30910742
    5       0.30971709
    6       0.18788443

Nr. of electrons (up):     12.00000000
Atom populations (up)
 Atom       Population
    1       3.89336645
    2       5.10160965
    3       0.81173284
    4       0.69089258
    5       0.69028291
    6       0.81211557

l-shell populations (up)
 Atom Sh.   l       Population
    1   1   0       1.17548804
    1   2   1       2.71787840
    2   1   0       1.37805760
    2   2   1       3.72355205
    3   1   0       0.81173284
    4   1   0       0.69089258
    5   1   0       0.69028291
    6   1   0       0.81211557

Orbital populations (up)
 Atom Sh.   l   m       Population  Label
    1   1   0   0       1.17548804  s
    1   2   1  -1       0.85793426  p_y
    1   2   1   0       0.88434966  p_z
    1   2   1   1       0.97559448  p_x
    2   1   0   0       1.37805760  s
    2   2   1  -1       1.10162519  p_y
    2   2   1   0       1.11484054  p_z
    2   2   1   1       1.50708632  p_x
    3   1   0   0       0.81173284  s
    4   1   0   0       0.69089258  s
    5   1   0   0       0.69028291  s
    6   1   0   0       0.81211557  s

Input / Output electrons (q):     12.0000000000

Energy H0:                          -6.5250023230 H         -177.5543 eV
Energy SCC:                          0.1354825498 H            3.6867 eV
Energy SPIN:                        -0.0000192394 H           -0.0005 eV
Energy Fock:                        -0.2089415222 H           -5.6856 eV
Total Electronic energy:            -6.5984805348 H         -179.5538 eV
Repulsive energy:                    0.1837689441 H            5.0006 eV

Excitation Energy:                   0.0000000000 H            0.0000 eV

Total energy:                       -6.4147895601 H         -174.5553 eV

SCC converged

Total Forces
    1      0.004874730403      0.001073799758     -0.033674225525
    2     -0.013076125850      0.003297389446      0.018246990401
    3     -0.008662683374     -0.003301753166      0.011539818409
    4     -0.003455090428     -0.000939243354     -0.002511836896
    5      0.012821959782     -0.001958223475     -0.004182173254
    6      0.007497209468      0.001828030792      0.010581426865

Maximal derivative component:        0.336742E-01 au


