REKS do not use any electronic distribution function

Calculation with static geometry

********************************************************************************************
  iSCC       reks energy        Diff energy         x_a       SCC error   
   50       -6.2860472115      -0.0000000000     0.999956    0.00000094
********************************************************************************************

 SA-REKS optimizes the avergaed state, not individual states
 These charges do not mean the charges for individual states
 Similarly to this, the values in band.out file indicate
 the band energies and occupations for the averaged state
 If you want to compute the relaxed density,
 please, set 'RelaxedDensity = Yes' option

 Total charge:     1.00000000

 Atomic gross charges (e)
 Atom           Charge
    1       0.11268823
    2      -0.10517646
    3       0.18372955
    4       0.30915242
    5       0.30986997
    6       0.18973627

Nr. of electrons (up):     12.00000000
Atom populations (up)
 Atom       Population
    1       3.88731177
    2       5.10517646
    3       0.81627045
    4       0.69084758
    5       0.69013003
    6       0.81026373

l-shell populations (up)
 Atom Sh.   l       Population
    1   1   0       1.17645602
    1   2   1       2.71085575
    2   1   0       1.37974114
    2   2   1       3.72543532
    3   1   0       0.81627045
    4   1   0       0.69084758
    5   1   0       0.69013003
    6   1   0       0.81026373

Orbital populations (up)
 Atom Sh.   l   m       Population  Label
    1   1   0   0       1.17645602  s
    1   2   1  -1       0.96198011  p_y
    1   2   1   0       0.88734706  p_z
    1   2   1   1       0.86152859  p_x
    2   1   0   0       1.37974114  s
    2   2   1  -1       1.50112099  p_y
    2   2   1   0       1.11542478  p_z
    2   2   1   1       1.10888955  p_x
    3   1   0   0       0.81627045  s
    4   1   0   0       0.69084758  s
    5   1   0   0       0.69013003  s
    6   1   0   0       0.81026373  s

Input / Output electrons (q):     12.0000000000

Energy H0:                          -6.5238416524 H         -177.5228 eV
Energy SCC:                          0.1352102517 H            3.6793 eV
Energy SPIN:                        -0.0000240166 H           -0.0007 eV
Energy Fock:                        -0.2088561318 H           -5.6833 eV
Total Electronic energy:            -6.5975115491 H         -179.5274 eV
Repulsive energy:                    0.1851721624 H            5.0388 eV

Excitation Energy:                   0.0000000000 H            0.0000 eV

Total energy:                       -6.4124796090 H         -174.4924 eV

SCC converged

Total Forces
    1      0.013849064646     -0.006047085936     -0.024110177653
    2     -0.004041024049      0.015987339810      0.012168625234
    3     -0.003940048730     -0.008395569009      0.001976751547
    4      0.000436233262      0.004247935898     -0.001449046059
    5     -0.004556564464     -0.015170887694     -0.001645360668
    6     -0.001747660666      0.009378266930      0.013059207599

Maximal derivative component:        0.241102E-01 au


