 KPT            1  SPIN            1  KWEIGHT    1.0000000000000000     
     1   -29.758  2.00000
     2   -27.381  2.00000
     3   -25.603  2.00000
     4   -23.229  2.00000
     5   -21.312  2.00000
     6   -20.242  2.00000
     7   -19.679  2.00000
     8   -18.785  2.00000
     9   -18.442  2.00000
    10   -17.692  2.00000
    11   -17.041  2.00000
    12   -16.487  2.00000
    13   -15.995  2.00000
    14   -15.039  2.00000
    15   -14.887  2.00000
    16   -14.259  1.50000
    17   -10.075  0.50000
    18    -4.505  0.00000
    19    -2.828  0.00000
    20     7.816  0.00000
    21     9.131  0.00000
    22    13.045  0.00000
    23    13.841  0.00000
    24    14.320  0.00000
    25    15.335  0.00000
    26    16.458  0.00000
    27    18.453  0.00000
    28    23.288  0.00000
    29    25.004  0.00000
    30    31.601  0.00000
    31    33.838  0.00000
    32    40.247  0.00000

