REKS do not use any electronic distribution function

Calculation with static geometry

********************************************************************************************
  iSCC       reks energy        Diff energy         x_a       SCC error   
  192      -16.4066741694      -0.0000000000     1.000000    0.00000098
********************************************************************************************

 SA-REKS optimizes the avergaed state, not individual states
 These charges do not mean the charges for individual states
 Similarly to this, the values in band.out file indicate
 the band energies and occupations for the averaged state
 If you want to compute the relaxed density,
 please, set 'RelaxedDensity = Yes' option

 Total charge:     1.00000000

 Atomic gross charges (e)
 Atom           Charge
    1      -0.02513348
    2       0.04792074
    3       0.10294617
    4       0.11826020
    5       0.13066818
    6       0.00398516
    7      -0.11743873
    8       0.13109904
    9       0.11353436
   10       0.15715888
   11       0.11896999
   12      -0.29709010
   13       0.26986418
   14       0.24525544

Nr. of electrons (up):     32.00000000
Atom populations (up)
 Atom       Population
    1       4.02513348
    2       3.95207926
    3       0.89705383
    4       0.88173980
    5       0.86933182
    6       3.99601484
    7       4.11743873
    8       0.86890096
    9       0.88646564
   10       3.84284112
   11       0.88103001
   12       5.29709010
   13       0.73013582
   14       0.75474456

l-shell populations (up)
 Atom Sh.   l       Population
    1   1   0       1.19659426
    1   2   1       2.82853922
    2   1   0       1.15526467
    2   2   1       2.79681459
    3   1   0       0.89705383
    4   1   0       0.88173980
    5   1   0       0.86933182
    6   1   0       1.17753722
    6   2   1       2.81847762
    7   1   0       1.18725005
    7   2   1       2.93018868
    8   1   0       0.86890096
    9   1   0       0.88646564
   10   1   0       1.20014016
   10   2   1       2.64270096
   11   1   0       0.88103001
   12   1   0       1.40683281
   12   2   1       3.89025729
   13   1   0       0.73013582
   14   1   0       0.75474456

Orbital populations (up)
 Atom Sh.   l   m       Population  Label
    1   1   0   0       1.19659426  s
    1   2   1  -1       0.96352169  p_y
    1   2   1   0       0.91779964  p_z
    1   2   1   1       0.94721789  p_x
    2   1   0   0       1.15526467  s
    2   2   1  -1       0.93309121  p_y
    2   2   1   0       0.90350665  p_z
    2   2   1   1       0.96021673  p_x
    3   1   0   0       0.89705383  s
    4   1   0   0       0.88173980  s
    5   1   0   0       0.86933182  s
    6   1   0   0       1.17753722  s
    6   2   1  -1       0.97144568  p_y
    6   2   1   0       0.91732436  p_z
    6   2   1   1       0.92970758  p_x
    7   1   0   0       1.18725005  s
    7   2   1  -1       0.96173745  p_y
    7   2   1   0       1.02064112  p_z
    7   2   1   1       0.94781011  p_x
    8   1   0   0       0.86890096  s
    9   1   0   0       0.88646564  s
   10   1   0   0       1.20014016  s
   10   2   1  -1       0.92234168  p_y
   10   2   1   0       0.87719652  p_z
   10   2   1   1       0.84316276  p_x
   11   1   0   0       0.88103001  s
   12   1   0   0       1.40683281  s
   12   2   1  -1       1.17973616  p_y
   12   2   1   0       1.55698305  p_z
   12   2   1   1       1.15353809  p_x
   13   1   0   0       0.73013582  s
   14   1   0   0       0.75474456  s

Input / Output electrons (q):     32.0000000000

Energy H0:                         -16.3403341756 H         -444.6431 eV
Energy SCC:                          0.1021795132 H            2.7804 eV
Energy SPIN:                        -0.0000000151 H           -0.0000 eV
Energy Fock:                        -0.6599046118 H          -17.9569 eV
Total Electronic energy:           -16.8980592893 H         -459.8196 eV
Repulsive energy:                    0.4329456772 H           11.7811 eV

Excitation Energy:                   0.0000000000 H            0.0000 eV

Total energy:                      -16.4651508737 H         -448.0396 eV

SCC converged

Total Forces
    1     -0.050678972786      0.012328839348      0.029560384059
    2      0.025083116090      0.019888726857     -0.007677358495
    3      0.008569919048     -0.007461123770     -0.019345947419
    4     -0.009408370682     -0.026827339973      0.008745666103
    5     -0.005957078674     -0.015860765608     -0.010539615747
    6      0.074197569568     -0.010108991982      0.059475347400
    7     -0.004168422699     -0.035411135320     -0.021095239131
    8     -0.043148019766      0.060953092853     -0.050369215920
    9     -0.003748359703      0.025930085004     -0.014518672621
   10      0.082026877464     -0.042568868363      0.004477646631
   11      0.001940239134     -0.004569229554      0.050891850165
   12     -0.105536431825      0.042248030577     -0.057017515953
   13      0.008391906424      0.000003530257     -0.003308417059
   14      0.022436028406     -0.018544850325      0.030721087987

Maximal derivative component:        0.105536E+00 au


