REKS do not use any electronic distribution function

Calculation with static geometry

********************************************************************************************
  iSCC       reks energy        Diff energy         x_a       SCC error   
   36       -6.2820659089      -0.0000000000     0.999978    0.00000094
********************************************************************************************

 SA-REKS optimizes the avergaed state, not individual states
 These charges do not mean the charges for individual states
 Similarly to this, the values in band.out file indicate
 the band energies and occupations for the averaged state
 If you want to compute the relaxed density,
 please, set 'RelaxedDensity = Yes' option

 Total charge:     1.00000000

 Atomic gross charges (e)
 Atom           Charge
    1       0.10088016
    2      -0.09772352
    3       0.18602073
    4       0.30933987
    5       0.30744204
    6       0.19404072

Nr. of electrons (up):     12.00000000
Atom populations (up)
 Atom       Population
    1       3.89911984
    2       5.09772352
    3       0.81397927
    4       0.69066013
    5       0.69255796
    6       0.80595928

l-shell populations (up)
 Atom Sh.   l       Population
    1   1   0       1.17166615
    1   2   1       2.72745369
    2   1   0       1.37979967
    2   2   1       3.71792385
    3   1   0       0.81397927
    4   1   0       0.69066013
    5   1   0       0.69255796
    6   1   0       0.80595928

Orbital populations (up)
 Atom Sh.   l   m       Population  Label
    1   1   0   0       1.17166615  s
    1   2   1  -1       0.85658660  p_y
    1   2   1   0       0.89215763  p_z
    1   2   1   1       0.97870946  p_x
    2   1   0   0       1.37979967  s
    2   2   1  -1       1.10576851  p_y
    2   2   1   0       1.11907981  p_z
    2   2   1   1       1.49307553  p_x
    3   1   0   0       0.81397927  s
    4   1   0   0       0.69066013  s
    5   1   0   0       0.69255796  s
    6   1   0   0       0.80595928  s

Input / Output electrons (q):     12.0000000000

Energy H0:                          -6.5349018965 H         -177.8237 eV
Energy SCC:                          0.1360386291 H            3.7018 eV
Energy SPIN:                        -0.0000128250 H           -0.0003 eV
Energy Fock:                        -0.2097746465 H           -5.7083 eV
Total Electronic energy:            -6.6086507389 H         -179.8305 eV
Repulsive energy:                    0.1955866354 H            5.3222 eV

Excitation Energy:                   0.0000000000 H            0.0000 eV

Total energy:                       -6.4130670804 H         -174.5084 eV

SCC converged

Total Forces
    1     -0.008460685220     -0.009095157920     -0.039606103996
    2      0.030456026532     -0.012809830785      0.048866753149
    3     -0.001072198787      0.003503265271     -0.005437453275
    4     -0.011563789915      0.008597297390     -0.004730075824
    5     -0.011205963311      0.007924709330     -0.006490526770
    6      0.001846610700      0.001879716715      0.007397406715

Maximal derivative component:        0.488668E-01 au


