REKS do not use any electronic distribution function

Calculation with static geometry

********************************************************************************************
  iSCC       reks energy        Diff energy         x_a       SCC error   
   47       -6.2858468415      -0.0000000000     0.999975    0.00000086
********************************************************************************************

 SA-REKS optimizes the avergaed state, not individual states
 These charges do not mean the charges for individual states
 Similarly to this, the values in band.out file indicate
 the band energies and occupations for the averaged state
 If you want to compute the relaxed density,
 please, set 'RelaxedDensity = Yes' option

 Total charge:     1.00000000

 Atomic gross charges (e)
 Atom           Charge
    1       0.09787855
    2      -0.10357239
    3       0.19365299
    4       0.31038294
    5       0.30996893
    6       0.19168898

Nr. of electrons (up):     12.00000000
Atom populations (up)
 Atom       Population
    1       3.90212145
    2       5.10357239
    3       0.80634701
    4       0.68961706
    5       0.69003107
    6       0.80831102

l-shell populations (up)
 Atom Sh.   l       Population
    1   1   0       1.18006827
    1   2   1       2.72205319
    2   1   0       1.37997930
    2   2   1       3.72359308
    3   1   0       0.80634701
    4   1   0       0.68961706
    5   1   0       0.69003107
    6   1   0       0.80831102

Orbital populations (up)
 Atom Sh.   l   m       Population  Label
    1   1   0   0       1.18006827  s
    1   2   1  -1       0.84574562  p_y
    1   2   1   0       0.89482141  p_z
    1   2   1   1       0.98148616  p_x
    2   1   0   0       1.37997930  s
    2   2   1  -1       1.09048766  p_y
    2   2   1   0       1.12281250  p_z
    2   2   1   1       1.51029293  p_x
    3   1   0   0       0.80634701  s
    4   1   0   0       0.68961706  s
    5   1   0   0       0.69003107  s
    6   1   0   0       0.80831102  s

Input / Output electrons (q):     12.0000000000

Energy H0:                          -6.5307676955 H         -177.7112 eV
Energy SCC:                          0.1355611393 H            3.6888 eV
Energy SPIN:                        -0.0000143328 H           -0.0004 eV
Energy Fock:                        -0.2085490513 H           -5.6749 eV
Total Electronic energy:            -6.6037699404 H         -179.6977 eV
Repulsive energy:                    0.1863363294 H            5.0705 eV

Excitation Energy:                   0.0000000000 H            0.0000 eV

Total energy:                       -6.4174694446 H         -174.6282 eV

SCC converged

Total Forces
    1      0.001167782361      0.005305076914     -0.013295808637
    2     -0.004701396387      0.003926914213      0.015056640419
    3     -0.006381994375      0.004955031124      0.001592826151
    4     -0.003937679941     -0.006645589332     -0.002363904571
    5      0.007376448010     -0.000415694835      0.001295753412
    6      0.006476840332     -0.007125738085     -0.002285506774

Maximal derivative component:        0.150566E-01 au


