REKS do not use any electronic distribution function

Calculation with static geometry

********************************************************************************************
  iSCC       reks energy        Diff energy         x_a       SCC error   
   38       -6.2831835330      -0.0000000000     0.999978    0.00000083
********************************************************************************************

 SA-REKS optimizes the avergaed state, not individual states
 These charges do not mean the charges for individual states
 Similarly to this, the values in band.out file indicate
 the band energies and occupations for the averaged state
 If you want to compute the relaxed density,
 please, set 'RelaxedDensity = Yes' option

 Total charge:     1.00000000

 Atomic gross charges (e)
 Atom           Charge
    1       0.09940530
    2      -0.09750948
    3       0.18680551
    4       0.30926570
    5       0.30808424
    6       0.19394875

Nr. of electrons (up):     12.00000000
Atom populations (up)
 Atom       Population
    1       3.90059470
    2       5.09750948
    3       0.81319449
    4       0.69073430
    5       0.69191576
    6       0.80605125

l-shell populations (up)
 Atom Sh.   l       Population
    1   1   0       1.17119135
    1   2   1       2.72940336
    2   1   0       1.37916589
    2   2   1       3.71834360
    3   1   0       0.81319449
    4   1   0       0.69073430
    5   1   0       0.69191576
    6   1   0       0.80605125

Orbital populations (up)
 Atom Sh.   l   m       Population  Label
    1   1   0   0       1.17119135  s
    1   2   1  -1       0.85918772  p_y
    1   2   1   0       0.89038685  p_z
    1   2   1   1       0.97982879  p_x
    2   1   0   0       1.37916589  s
    2   2   1  -1       1.11127314  p_y
    2   2   1   0       1.11822735  p_z
    2   2   1   1       1.48884311  p_x
    3   1   0   0       0.81319449  s
    4   1   0   0       0.69073430  s
    5   1   0   0       0.69191576  s
    6   1   0   0       0.80605125  s

Input / Output electrons (q):     12.0000000000

Energy H0:                          -6.5355954069 H         -177.8426 eV
Energy SCC:                          0.1359944744 H            3.7006 eV
Energy SPIN:                        -0.0000126928 H           -0.0003 eV
Energy Fock:                        -0.2093608364 H           -5.6970 eV
Total Electronic energy:            -6.6089744617 H         -179.8393 eV
Repulsive energy:                    0.1941561960 H            5.2833 eV

Excitation Energy:                   0.0000000000 H            0.0000 eV

Total energy:                       -6.4148182895 H         -174.5561 eV

SCC converged

Total Forces
    1     -0.005008959560      0.015428643578     -0.033918997908
    2      0.025141749144      0.001320016558      0.044994101681
    3      0.000126785055     -0.002569844635     -0.004418200029
    4     -0.008693384076     -0.004497453383     -0.005716824099
    5     -0.011236810193     -0.006011186004     -0.008138136854
    6     -0.000329380370     -0.003670176114      0.007198057208

Maximal derivative component:        0.449941E-01 au


