REKS do not use any electronic distribution function

Calculation with static geometry

********************************************************************************************
  iSCC       reks energy        Diff energy         x_a       SCC error   
  150      -16.4130830572      -0.0000000000     0.999999    0.00000096
********************************************************************************************

 SA-REKS optimizes the avergaed state, not individual states
 These charges do not mean the charges for individual states
 Similarly to this, the values in band.out file indicate
 the band energies and occupations for the averaged state
 If you want to compute the relaxed density,
 please, set 'RelaxedDensity = Yes' option

 Total charge:     1.00000000

 Atomic gross charges (e)
 Atom           Charge
    1      -0.02664136
    2       0.01040558
    3       0.11808935
    4       0.11186913
    5       0.12103112
    6      -0.00278034
    7      -0.15088062
    8       0.11393694
    9       0.09161514
   10       0.18250940
   11       0.11507397
   12      -0.17339506
   13       0.23574315
   14       0.25342361

Nr. of electrons (up):     32.00000000
Atom populations (up)
 Atom       Population
    1       4.02664136
    2       3.98959442
    3       0.88191065
    4       0.88813087
    5       0.87896888
    6       4.00278034
    7       4.15088062
    8       0.88606306
    9       0.90838486
   10       3.81749060
   11       0.88492603
   12       5.17339506
   13       0.76425685
   14       0.74657639

l-shell populations (up)
 Atom Sh.   l       Population
    1   1   0       1.22006087
    1   2   1       2.80658049
    2   1   0       1.19137342
    2   2   1       2.79822100
    3   1   0       0.88191065
    4   1   0       0.88813087
    5   1   0       0.87896888
    6   1   0       1.21322681
    6   2   1       2.78955353
    7   1   0       1.21646175
    7   2   1       2.93441887
    8   1   0       0.88606306
    9   1   0       0.90838486
   10   1   0       1.12729269
   10   2   1       2.69019790
   11   1   0       0.88492603
   12   1   0       1.36665966
   12   2   1       3.80673540
   13   1   0       0.76425685
   14   1   0       0.74657639

Orbital populations (up)
 Atom Sh.   l   m       Population  Label
    1   1   0   0       1.22006087  s
    1   2   1  -1       0.96235146  p_y
    1   2   1   0       0.93013742  p_z
    1   2   1   1       0.91409161  p_x
    2   1   0   0       1.19137342  s
    2   2   1  -1       0.96437045  p_y
    2   2   1   0       0.90544274  p_z
    2   2   1   1       0.92840781  p_x
    3   1   0   0       0.88191065  s
    4   1   0   0       0.88813087  s
    5   1   0   0       0.87896888  s
    6   1   0   0       1.21322681  s
    6   2   1  -1       0.92314632  p_y
    6   2   1   0       0.97679756  p_z
    6   2   1   1       0.88960965  p_x
    7   1   0   0       1.21646175  s
    7   2   1  -1       1.03137753  p_y
    7   2   1   0       0.98282870  p_z
    7   2   1   1       0.92021264  p_x
    8   1   0   0       0.88606306  s
    9   1   0   0       0.90838486  s
   10   1   0   0       1.12729269  s
   10   2   1  -1       0.84999331  p_y
   10   2   1   0       0.97794356  p_z
   10   2   1   1       0.86226103  p_x
   11   1   0   0       0.88492603  s
   12   1   0   0       1.36665966  s
   12   2   1  -1       1.49518448  p_y
   12   2   1   0       1.23523747  p_z
   12   2   1   1       1.07631345  p_x
   13   1   0   0       0.76425685  s
   14   1   0   0       0.74657639  s

Input / Output electrons (q):     32.0000000000

Energy H0:                         -16.3362559514 H         -444.5321 eV
Energy SCC:                          0.1041225899 H            2.8333 eV
Energy SPIN:                        -0.0000003469 H           -0.0000 eV
Energy Fock:                        -0.6573718788 H          -17.8880 eV
Total Electronic energy:           -16.8895055871 H         -459.5868 eV
Repulsive energy:                    0.4055335743 H           11.0351 eV

Excitation Energy:                   0.0000000000 H            0.0000 eV

Total energy:                      -16.4840990410 H         -448.5552 eV

SCC converged

Total Forces
    1     -0.013383280318      0.049147677182     -0.018258288642
    2      0.068479608850     -0.059695438524      0.054416774838
    3     -0.001247279107      0.008877376452      0.002369406177
    4      0.015366584198     -0.003795862341      0.017697982939
    5     -0.025783992576      0.035979672566     -0.026982228521
    6      0.039187654413      0.005136819513     -0.060834736182
    7     -0.035897146023     -0.043238868570      0.013900960430
    8      0.006861426415     -0.006216136570      0.033836777468
    9     -0.046452445658      0.029331280008     -0.039856894466
   10     -0.042623796812     -0.056165885921      0.107531169458
   11     -0.011561392779      0.021176737150     -0.050766923792
   12      0.078841590998      0.009627176806     -0.055784379176
   13     -0.016286655951      0.007455288134     -0.002691890035
   14     -0.015500875650      0.002380164113      0.025422269504

Maximal derivative component:        0.107531E+00 au


