 KPT            1  SPIN            1  KWEIGHT    1.0000000000000000     
     1   -29.420  2.00000
     2   -26.904  2.00000
     3   -25.482  2.00000
     4   -22.679  2.00000
     5   -21.170  2.00000
     6   -20.545  2.00000
     7   -19.291  2.00000
     8   -18.647  2.00000
     9   -17.656  2.00000
    10   -17.249  2.00000
    11   -16.706  2.00000
    12   -16.205  2.00000
    13   -15.835  2.00000
    14   -15.167  2.00000
    15   -14.768  2.00000
    16   -14.078  1.50000
    17   -10.172  0.50000
    18    -4.226  0.00000
    19    -1.398  0.00000
    20     5.758  0.00000
    21     7.573  0.00000
    22     9.658  0.00000
    23    11.837  0.00000
    24    13.713  0.00000
    25    14.937  0.00000
    26    17.950  0.00000
    27    18.585  0.00000
    28    23.871  0.00000
    29    25.587  0.00000
    30    26.770  0.00000
    31    36.043  0.00000
    32    42.255  0.00000

