REKS do not use any electronic distribution function

Calculation with static geometry

********************************************************************************************
  iSCC       reks energy        Diff energy         x_a       SCC error   
  110      -16.4060915244      -0.0000000000     1.000000    0.00000094
********************************************************************************************

 SA-REKS optimizes the avergaed state, not individual states
 These charges do not mean the charges for individual states
 Similarly to this, the values in band.out file indicate
 the band energies and occupations for the averaged state
 If you want to compute the relaxed density,
 please, set 'RelaxedDensity = Yes' option

 Total charge:     1.00000000

 Atomic gross charges (e)
 Atom           Charge
    1      -0.00637955
    2       0.02985062
    3       0.12493548
    4       0.11055553
    5       0.12895534
    6      -0.02318532
    7      -0.16084276
    8       0.11015759
    9       0.11835700
   10       0.19755900
   11       0.07615133
   12      -0.23058417
   13       0.26290316
   14       0.26156673

Nr. of electrons (up):     32.00000000
Atom populations (up)
 Atom       Population
    1       4.00637955
    2       3.97014938
    3       0.87506452
    4       0.88944447
    5       0.87104466
    6       4.02318532
    7       4.16084276
    8       0.88984241
    9       0.88164300
   10       3.80244100
   11       0.92384867
   12       5.23058417
   13       0.73709684
   14       0.73843327

l-shell populations (up)
 Atom Sh.   l       Population
    1   1   0       1.25946280
    1   2   1       2.74691674
    2   1   0       1.23043299
    2   2   1       2.73971639
    3   1   0       0.87506452
    4   1   0       0.88944447
    5   1   0       0.87104466
    6   1   0       1.25482282
    6   2   1       2.76836250
    7   1   0       1.15979813
    7   2   1       3.00104463
    8   1   0       0.88984241
    9   1   0       0.88164300
   10   1   0       1.13049472
   10   2   1       2.67194628
   11   1   0       0.92384867
   12   1   0       1.36987892
   12   2   1       3.86070524
   13   1   0       0.73709684
   14   1   0       0.73843327

Orbital populations (up)
 Atom Sh.   l   m       Population  Label
    1   1   0   0       1.25946280  s
    1   2   1  -1       0.93292087  p_y
    1   2   1   0       0.91285591  p_z
    1   2   1   1       0.90113996  p_x
    2   1   0   0       1.23043299  s
    2   2   1  -1       0.90398466  p_y
    2   2   1   0       0.92822126  p_z
    2   2   1   1       0.90751048  p_x
    3   1   0   0       0.87506452  s
    4   1   0   0       0.88944447  s
    5   1   0   0       0.87104466  s
    6   1   0   0       1.25482282  s
    6   2   1  -1       0.91937435  p_y
    6   2   1   0       0.90043131  p_z
    6   2   1   1       0.94855684  p_x
    7   1   0   0       1.15979813  s
    7   2   1  -1       0.95945090  p_y
    7   2   1   0       1.06937941  p_z
    7   2   1   1       0.97221432  p_x
    8   1   0   0       0.88984241  s
    9   1   0   0       0.88164300  s
   10   1   0   0       1.13049472  s
   10   2   1  -1       0.95727661  p_y
   10   2   1   0       0.85289768  p_z
   10   2   1   1       0.86177199  p_x
   11   1   0   0       0.92384867  s
   12   1   0   0       1.36987892  s
   12   2   1  -1       1.17522044  p_y
   12   2   1   0       1.52156048  p_z
   12   2   1   1       1.16392432  p_x
   13   1   0   0       0.73709684  s
   14   1   0   0       0.73843327  s

Input / Output electrons (q):     32.0000000000

Energy H0:                         -16.3026371968 H         -443.6173 eV
Energy SCC:                          0.1025524513 H            2.7906 eV
Energy SPIN:                        -0.0000000667 H           -0.0000 eV
Energy Fock:                        -0.6607812824 H          -17.9808 eV
Total Electronic energy:           -16.8608660946 H         -458.8075 eV
Repulsive energy:                    0.3912030892 H           10.6452 eV

Excitation Energy:                   0.0000000000 H            0.0000 eV

Total energy:                      -16.4698052840 H         -448.1662 eV

SCC converged

Total Forces
    1      0.079454632956     -0.051260550993      0.024089438892
    2     -0.066580213706      0.079652921989     -0.067058569051
    3     -0.003202832878      0.002594363065      0.020152921409
    4      0.009450447451      0.048836386784     -0.008075983744
    5      0.023434086971      0.009707588175      0.003235140453
    6      0.003906885777     -0.046163709253      0.049526816930
    7     -0.141595331549     -0.079428489299     -0.004754314329
    8     -0.012665949387     -0.049464566675     -0.011311804861
    9      0.020989468781      0.001025849938      0.004685906278
   10      0.041711926659      0.089446926764     -0.025694241815
   11      0.020928784807     -0.020698435475      0.013172289252
   12     -0.057980050040      0.061563245328     -0.028925570820
   13      0.026872780839      0.001083345490      0.006372101443
   14      0.055275363318     -0.046894875837      0.024585869961

Maximal derivative component:        0.141595E+00 au


