REKS do not use any electronic distribution function

Calculation with static geometry

********************************************************************************************
  iSCC       reks energy        Diff energy         x_a       SCC error   
   71       -6.2847218844      -0.0000000000     0.999920    0.00000096
********************************************************************************************

 SA-REKS optimizes the avergaed state, not individual states
 These charges do not mean the charges for individual states
 Similarly to this, the values in band.out file indicate
 the band energies and occupations for the averaged state
 If you want to compute the relaxed density,
 please, set 'RelaxedDensity = Yes' option

 Total charge:     1.00000000

 Atomic gross charges (e)
 Atom           Charge
    1       0.12831964
    2      -0.12432457
    3       0.18506058
    4       0.31560214
    5       0.31280698
    6       0.18253522

Nr. of electrons (up):     12.00000000
Atom populations (up)
 Atom       Population
    1       3.87168036
    2       5.12432457
    3       0.81493942
    4       0.68439786
    5       0.68719302
    6       0.81746478

l-shell populations (up)
 Atom Sh.   l       Population
    1   1   0       1.18489101
    1   2   1       2.68678934
    2   1   0       1.38509982
    2   2   1       3.73922475
    3   1   0       0.81493942
    4   1   0       0.68439786
    5   1   0       0.68719302
    6   1   0       0.81746478

Orbital populations (up)
 Atom Sh.   l   m       Population  Label
    1   1   0   0       1.18489101  s
    1   2   1  -1       0.92838202  p_y
    1   2   1   0       0.89711515  p_z
    1   2   1   1       0.86129218  p_x
    2   1   0   0       1.38509982  s
    2   2   1  -1       1.51631002  p_y
    2   2   1   0       1.13155308  p_z
    2   2   1   1       1.09136165  p_x
    3   1   0   0       0.81493942  s
    4   1   0   0       0.68439786  s
    5   1   0   0       0.68719302  s
    6   1   0   0       0.81746478  s

Input / Output electrons (q):     12.0000000000

Energy H0:                          -6.5144292630 H         -177.2666 eV
Energy SCC:                          0.1336927231 H            3.6380 eV
Energy SPIN:                        -0.0000416420 H           -0.0011 eV
Energy Fock:                        -0.2086176115 H           -5.6768 eV
Total Electronic energy:            -6.5893957934 H         -179.3066 eV
Repulsive energy:                    0.1828879670 H            4.9766 eV

Excitation Energy:                   0.0000000000 H            0.0000 eV

Total energy:                       -6.4072592736 H         -174.3504 eV

SCC converged

Total Forces
    1      0.002046010145      0.002148363051      0.017723603831
    2     -0.002399356920     -0.000218657550     -0.014636062740
    3      0.001883441366      0.014654509157     -0.005567134856
    4     -0.001813292771     -0.017269543208      0.000766752179
    5      0.000840116908      0.016832259792      0.010294714594
    6     -0.000556918728     -0.016146931243     -0.008581873008

Maximal derivative component:        0.177236E-01 au


