REKS do not use any electronic distribution function

Calculation with static geometry

********************************************************************************************
  iSCC       reks energy        Diff energy         x_a       SCC error   
   54       -6.2869307406      -0.0000000000     0.999949    0.00000097
********************************************************************************************

 SA-REKS optimizes the avergaed state, not individual states
 These charges do not mean the charges for individual states
 Similarly to this, the values in band.out file indicate
 the band energies and occupations for the averaged state
 If you want to compute the relaxed density,
 please, set 'RelaxedDensity = Yes' option

 Total charge:     1.00000000

 Atomic gross charges (e)
 Atom           Charge
    1       0.12201078
    2      -0.11632707
    3       0.18334643
    4       0.31120329
    5       0.31074512
    6       0.18902145

Nr. of electrons (up):     12.00000000
Atom populations (up)
 Atom       Population
    1       3.87798922
    2       5.11632707
    3       0.81665357
    4       0.68879671
    5       0.68925488
    6       0.81097855

l-shell populations (up)
 Atom Sh.   l       Population
    1   1   0       1.18341342
    1   2   1       2.69457580
    2   1   0       1.39083106
    2   2   1       3.72549601
    3   1   0       0.81665357
    4   1   0       0.68879671
    5   1   0       0.68925488
    6   1   0       0.81097855

Orbital populations (up)
 Atom Sh.   l   m       Population  Label
    1   1   0   0       1.18341342  s
    1   2   1  -1       0.85996172  p_y
    1   2   1   0       0.88824730  p_z
    1   2   1   1       0.94636678  p_x
    2   1   0   0       1.39083106  s
    2   2   1  -1       1.09402910  p_y
    2   2   1   0       1.12447847  p_z
    2   2   1   1       1.50698843  p_x
    3   1   0   0       0.81665357  s
    4   1   0   0       0.68879671  s
    5   1   0   0       0.68925488  s
    6   1   0   0       0.81097855  s

Input / Output electrons (q):     12.0000000000

Energy H0:                          -6.5130772889 H         -177.2299 eV
Energy SCC:                          0.1349381399 H            3.6719 eV
Energy SPIN:                        -0.0000273401 H           -0.0007 eV
Energy Fock:                        -0.2081150054 H           -5.6631 eV
Total Electronic energy:            -6.5862814945 H         -179.2218 eV
Repulsive energy:                    0.1762012218 H            4.7947 eV

Excitation Energy:                   0.0000000000 H            0.0000 eV

Total energy:                       -6.4102282366 H         -174.4312 eV

SCC converged

Total Forces
    1     -0.006735095934      0.014257283563      0.004154643652
    2      0.030204714017     -0.004630844962     -0.014653869592
    3     -0.008753023205     -0.002325253945     -0.000892238802
    4     -0.019256022975     -0.002032608690      0.002343376557
    5     -0.002405118775     -0.001908814222     -0.000044145037
    6      0.006944546872     -0.003359761743      0.009092233222

Maximal derivative component:        0.302047E-01 au


