 Fermi distribution function

Calculation with static geometry


********************************************************************************
 iSCC Total electronic   Diff electronic      SCC error    
   13   -0.53548938E+01   -0.31619152E-12    0.28460763E-08
********************************************************************************

 Total charge:     1.00000000

 Atomic gross charges (e)
 Atom           Charge
    1       0.31348991
    2      -0.21704483
    3       0.16518853
    4       0.28534359
    5       0.29528352
    6       0.15773929

Nr. of electrons (up):     12.00000000
Atom populations (up)
 Atom       Population
    1       3.68651009
    2       5.21704483
    3       0.83481147
    4       0.71465641
    5       0.70471648
    6       0.84226071

l-shell populations (up)
 Atom Sh.   l       Population
    1   1   0       1.33162935
    1   2   1       2.35488075
    2   1   0       1.43219422
    2   2   1       3.78485061
    3   1   0       0.83481147
    4   1   0       0.71465641
    5   1   0       0.70471648
    6   1   0       0.84226071

Orbital populations (up)
 Atom Sh.   l   m       Population  Label
    1   1   0   0       1.33162935  s
    1   2   1  -1       0.54478758  p_y
    1   2   1   0       0.87541027  p_z
    1   2   1   1       0.93468290  p_x
    2   1   0   0       1.43219422  s
    2   2   1  -1       1.38108552  p_y
    2   2   1   0       1.06339499  p_z
    2   2   1   1       1.34037010  p_x
    3   1   0   0       0.83481147  s
    4   1   0   0       0.71465641  s
    5   1   0   0       0.70471648  s
    6   1   0   0       0.84226071  s

Fermi level:                        -0.4880644591 H          -13.2809 eV
Band energy:                        -8.7553155929 H         -238.2443 eV
TS:                                  0.0000000000 H            0.0000 eV
Band free energy (E-TS):            -8.7553155929 H         -238.2443 eV
Extrapolated E(0K):                 -8.7553155929 H         -238.2443 eV
Input / Output electrons (q):     12.0000000000     12.0000000000

Energy H0:                          -5.4862349271 H         -149.2880 eV
Energy SCC:                          0.1313410970 H            3.5740 eV
Total Electronic energy:            -5.3548938301 H         -145.7141 eV
Repulsive energy:                    0.1655860577 H            4.5058 eV
Total energy:                       -5.1893077724 H         -141.2082 eV
Extrapolated to 0:                  -5.1893077724 H         -141.2082 eV
Total Mermin free energy:           -5.1893077724 H         -141.2082 eV
Force related energy:               -5.1893077724 H         -141.2082 eV

SCC converged

Excitation Energy:                   0.0943086401 H            2.5663 eV

Total Forces
    1      0.003071956990     -0.008059619742      0.076273333435
    2     -0.005536369930      0.002216489966     -0.071817401834
    3     -0.009998030918     -0.012079004653      0.001776045657
    4     -0.013674559059      0.011854161233     -0.005181927699
    5      0.017865561715     -0.008413427917     -0.005557206140
    6      0.008271441202      0.014481401113      0.004507156580

Maximal derivative component:        0.762733E-01 au


