REKS do not use any electronic distribution function

Calculation with static geometry

********************************************************************************************
  iSCC       reks energy        Diff energy         x_a       SCC error   
   41       -6.2823581582      -0.0000000000     0.999976    0.00000092
********************************************************************************************

 SA-REKS optimizes the avergaed state, not individual states
 These charges do not mean the charges for individual states
 Similarly to this, the values in band.out file indicate
 the band energies and occupations for the averaged state
 If you want to compute the relaxed density,
 please, set 'RelaxedDensity = Yes' option

 Total charge:     1.00000000

 Atomic gross charges (e)
 Atom           Charge
    1       0.10153685
    2      -0.09693026
    3       0.18626042
    4       0.30955627
    5       0.30795150
    6       0.19162522

Nr. of electrons (up):     12.00000000
Atom populations (up)
 Atom       Population
    1       3.89846315
    2       5.09693026
    3       0.81373958
    4       0.69044373
    5       0.69204850
    6       0.80837478

l-shell populations (up)
 Atom Sh.   l       Population
    1   1   0       1.16827958
    1   2   1       2.73018357
    2   1   0       1.37735633
    2   2   1       3.71957393
    3   1   0       0.81373958
    4   1   0       0.69044373
    5   1   0       0.69204850
    6   1   0       0.80837478

Orbital populations (up)
 Atom Sh.   l   m       Population  Label
    1   1   0   0       1.16827958  s
    1   2   1  -1       0.86427516  p_y
    1   2   1   0       0.89036671  p_z
    1   2   1   1       0.97554169  p_x
    2   1   0   0       1.37735633  s
    2   2   1  -1       1.12287679  p_y
    2   2   1   0       1.11533168  p_z
    2   2   1   1       1.48136546  p_x
    3   1   0   0       0.81373958  s
    4   1   0   0       0.69044373  s
    5   1   0   0       0.69204850  s
    6   1   0   0       0.80837478  s

Input / Output electrons (q):     12.0000000000

Energy H0:                          -6.5376107593 H         -177.8974 eV
Energy SCC:                          0.1358397319 H            3.6964 eV
Energy SPIN:                        -0.0000138720 H           -0.0004 eV
Energy Fock:                        -0.2096811785 H           -5.7057 eV
Total Electronic energy:            -6.6114660778 H         -179.9071 eV
Repulsive energy:                    0.1978333083 H            5.3833 eV

Excitation Energy:                   0.0000000000 H            0.0000 eV

Total energy:                       -6.4136713458 H         -174.5249 eV

SCC converged

Total Forces
    1     -0.005806137892      0.013779794549     -0.041514402340
    2      0.023777229396     -0.001841025613      0.057273214768
    3      0.005968550254     -0.001279104238     -0.002551169886
    4     -0.002694397980     -0.003226404200     -0.009186210108
    5     -0.015931381615     -0.002122425413     -0.008795027268
    6     -0.005313862164     -0.005310835084      0.004773594833

Maximal derivative component:        0.572732E-01 au


