 KPT            1  SPIN            1  KWEIGHT    1.0000000000000000     
     1   -27.237  2.00000
     2   -23.718  2.00000
     3   -22.213  2.00000
     4   -20.365  2.00000
     5   -18.780  2.00000
     6   -17.950  2.00000
     7   -16.991  2.00000
     8   -16.587  2.00000
     9   -15.343  2.00000
    10   -15.179  2.00000
    11   -14.746  2.00000
    12   -13.756  2.00000
    13   -13.445  2.00000
    14   -13.267  2.00000
    15   -12.644  2.00000
    16   -11.431  2.00000
    17    -8.824  0.00000
    18    -6.115  0.00000
    19    -3.981  0.00000
    20     1.589  0.00000
    21     3.224  0.00000
    22     3.536  0.00000
    23     5.184  0.00000
    24     6.520  0.00000
    25     7.301  0.00000
    26     7.575  0.00000
    27     9.736  0.00000
    28    12.729  0.00000
    29    14.883  0.00000
    30    16.475  0.00000
    31    19.645  0.00000
    32    21.991  0.00000

