 KPT            1  SPIN            1  KWEIGHT    1.0000000000000000     
     1   -29.551  2.00000
     2   -27.240  2.00000
     3   -25.402  2.00000
     4   -23.102  2.00000
     5   -21.577  2.00000
     6   -20.229  2.00000
     7   -18.962  2.00000
     8   -18.716  2.00000
     9   -17.968  2.00000
    10   -17.504  2.00000
    11   -16.988  2.00000
    12   -16.795  2.00000
    13   -15.772  2.00000
    14   -15.525  2.00000
    15   -14.830  2.00000
    16   -13.451  1.50000
    17    -9.882  0.50000
    18    -3.723  0.00000
    19    -1.918  0.00000
    20     6.903  0.00000
    21     9.795  0.00000
    22    10.700  0.00000
    23    14.119  0.00000
    24    14.627  0.00000
    25    16.093  0.00000
    26    18.254  0.00000
    27    20.179  0.00000
    28    23.354  0.00000
    29    24.114  0.00000
    30    32.044  0.00000
    31    39.457  0.00000
    32    43.803  0.00000

