REKS do not use any electronic distribution function

Calculation with static geometry

********************************************************************************************
  iSCC       reks energy        Diff energy         x_a       SCC error   
   73      -16.4251173766      -0.0000000000     1.000000    0.00000094
********************************************************************************************

 SA-REKS optimizes the avergaed state, not individual states
 These charges do not mean the charges for individual states
 Similarly to this, the values in band.out file indicate
 the band energies and occupations for the averaged state
 If you want to compute the relaxed density,
 please, set 'RelaxedDensity = Yes' option

 Total charge:     1.00000000

 Atomic gross charges (e)
 Atom           Charge
    1      -0.07500417
    2       0.03934086
    3       0.10526227
    4       0.13139072
    5       0.12781049
    6      -0.00969849
    7      -0.09730242
    8       0.12268912
    9       0.09614415
   10       0.16036449
   11       0.12820818
   12      -0.22184773
   13       0.24961659
   14       0.24302595

Nr. of electrons (up):     32.00000000
Atom populations (up)
 Atom       Population
    1       4.07500417
    2       3.96065914
    3       0.89473773
    4       0.86860928
    5       0.87218951
    6       4.00969849
    7       4.09730242
    8       0.87731088
    9       0.90385585
   10       3.83963551
   11       0.87179182
   12       5.22184773
   13       0.75038341
   14       0.75697405

l-shell populations (up)
 Atom Sh.   l       Population
    1   1   0       1.21254334
    1   2   1       2.86246083
    2   1   0       1.16035014
    2   2   1       2.80030900
    3   1   0       0.89473773
    4   1   0       0.86860928
    5   1   0       0.87218951
    6   1   0       1.16885096
    6   2   1       2.84084752
    7   1   0       1.16168875
    7   2   1       2.93561368
    8   1   0       0.87731088
    9   1   0       0.90385585
   10   1   0       1.16941391
   10   2   1       2.67022160
   11   1   0       0.87179182
   12   1   0       1.39362184
   12   2   1       3.82822589
   13   1   0       0.75038341
   14   1   0       0.75697405

Orbital populations (up)
 Atom Sh.   l   m       Population  Label
    1   1   0   0       1.21254334  s
    1   2   1  -1       0.94067201  p_y
    1   2   1   0       0.94063103  p_z
    1   2   1   1       0.98115779  p_x
    2   1   0   0       1.16035014  s
    2   2   1  -1       0.94176830  p_y
    2   2   1   0       0.92219891  p_z
    2   2   1   1       0.93634179  p_x
    3   1   0   0       0.89473773  s
    4   1   0   0       0.86860928  s
    5   1   0   0       0.87218951  s
    6   1   0   0       1.16885096  s
    6   2   1  -1       0.96126715  p_y
    6   2   1   0       0.98911357  p_z
    6   2   1   1       0.89046681  p_x
    7   1   0   0       1.16168875  s
    7   2   1  -1       1.04917578  p_y
    7   2   1   0       0.93471764  p_z
    7   2   1   1       0.95172026  p_x
    8   1   0   0       0.87731088  s
    9   1   0   0       0.90385585  s
   10   1   0   0       1.16941391  s
   10   2   1  -1       0.90050139  p_y
   10   2   1   0       0.89236437  p_z
   10   2   1   1       0.87735585  p_x
   11   1   0   0       0.87179182  s
   12   1   0   0       1.39362184  s
   12   2   1  -1       1.36549917  p_y
   12   2   1   0       1.33986687  p_z
   12   2   1   1       1.12285985  p_x
   13   1   0   0       0.75038341  s
   14   1   0   0       0.75697405  s

Input / Output electrons (q):     32.0000000000

Energy H0:                         -16.3423434039 H         -444.6978 eV
Energy SCC:                          0.1091698163 H            2.9707 eV
Energy SPIN:                        -0.0000000952 H           -0.0000 eV
Energy Fock:                        -0.6694918465 H          -18.2178 eV
Total Electronic energy:           -16.9026655292 H         -459.9449 eV
Repulsive energy:                    0.4194727246 H           11.4144 eV

Excitation Energy:                   0.0000000000 H            0.0000 eV

Total energy:                      -16.4835066932 H         -448.5390 eV

SCC converged

Total Forces
    1      0.016214119018     -0.063338513093      0.044826119263
    2      0.011709884599      0.053187974576      0.004612840445
    3     -0.019207648867      0.024217520689      0.021614934331
    4      0.004067593785     -0.005972167706     -0.018369290440
    5     -0.003152578198      0.013762136453     -0.002393902952
    6     -0.051187339386     -0.044773282037     -0.055538882905
    7     -0.003673048127      0.005470018965     -0.046156383169
    8      0.015370451907      0.010194261436     -0.006142014942
    9     -0.021976486738      0.006314273256      0.038745732831
   10      0.074500610464      0.025368103074     -0.013838000951
   11     -0.005759618238     -0.047842719019     -0.001525000290
   12     -0.027632723395      0.028821810798      0.038493129991
   13      0.003795421338      0.002000282445     -0.005541278254
   14      0.006931361838     -0.007409699837      0.001211997043

Maximal derivative component:        0.745006E-01 au


