REKS do not use any electronic distribution function

Calculation with static geometry

********************************************************************************************
  iSCC       reks energy        Diff energy         x_a       SCC error   
   54       -6.2841227387      -0.0000000000     0.999947    0.00000092
********************************************************************************************

 SA-REKS optimizes the avergaed state, not individual states
 These charges do not mean the charges for individual states
 Similarly to this, the values in band.out file indicate
 the band energies and occupations for the averaged state
 If you want to compute the relaxed density,
 please, set 'RelaxedDensity = Yes' option

 Total charge:     1.00000000

 Atomic gross charges (e)
 Atom           Charge
    1       0.11595380
    2      -0.10505215
    3       0.18366887
    4       0.31036170
    5       0.31054152
    6       0.18452626

Nr. of electrons (up):     12.00000000
Atom populations (up)
 Atom       Population
    1       3.88404620
    2       5.10505215
    3       0.81633113
    4       0.68963830
    5       0.68945848
    6       0.81547374

l-shell populations (up)
 Atom Sh.   l       Population
    1   1   0       1.17237568
    1   2   1       2.71167052
    2   1   0       1.37517242
    2   2   1       3.72987973
    3   1   0       0.81633113
    4   1   0       0.68963830
    5   1   0       0.68945848
    6   1   0       0.81547374

Orbital populations (up)
 Atom Sh.   l   m       Population  Label
    1   1   0   0       1.17237568  s
    1   2   1  -1       0.86273254  p_y
    1   2   1   0       0.89220965  p_z
    1   2   1   1       0.95672833  p_x
    2   1   0   0       1.37517242  s
    2   2   1  -1       1.09736037  p_y
    2   2   1   0       1.12247426  p_z
    2   2   1   1       1.51004511  p_x
    3   1   0   0       0.81633113  s
    4   1   0   0       0.68963830  s
    5   1   0   0       0.68945848  s
    6   1   0   0       0.81547374  s

Input / Output electrons (q):     12.0000000000

Energy H0:                          -6.5336643947 H         -177.7901 eV
Energy SCC:                          0.1349940517 H            3.6734 eV
Energy SPIN:                        -0.0000290614 H           -0.0008 eV
Energy Fock:                        -0.2094403337 H           -5.6992 eV
Total Electronic energy:            -6.6081397382 H         -179.8166 eV
Repulsive energy:                    0.1979194716 H            5.3857 eV

Excitation Energy:                   0.0000000000 H            0.0000 eV

Total energy:                       -6.4105840987 H         -174.4409 eV

SCC converged

Total Forces
    1     -0.000190431018      0.001636182509     -0.033235784575
    2      0.002142837875     -0.004770739700      0.026434686816
    3     -0.012858573080     -0.005030983854      0.000631708933
    4     -0.015217964939      0.002998328261      0.002824964404
    5      0.013687713480      0.000470850836      0.001052210991
    6      0.012436417682      0.004696361948      0.002292213431

Maximal derivative component:        0.332358E-01 au


