 KPT            1  SPIN            1  KWEIGHT    1.0000000000000000     
     1   -29.838  2.00000
     2   -27.327  2.00000
     3   -25.444  2.00000
     4   -23.289  2.00000
     5   -21.574  2.00000
     6   -20.340  2.00000
     7   -19.402  2.00000
     8   -18.655  2.00000
     9   -18.036  2.00000
    10   -17.542  2.00000
    11   -17.133  2.00000
    12   -16.763  2.00000
    13   -16.075  2.00000
    14   -15.380  2.00000
    15   -14.676  2.00000
    16   -14.015  1.49999
    17    -9.988  0.50001
    18    -3.644  0.00000
    19    -0.807  0.00000
    20     7.051  0.00000
    21     8.138  0.00000
    22    10.521  0.00000
    23    10.930  0.00000
    24    12.545  0.00000
    25    15.318  0.00000
    26    17.316  0.00000
    27    21.978  0.00000
    28    24.594  0.00000
    29    30.654  0.00000
    30    36.417  0.00000
    31    37.833  0.00000
    32    42.820  0.00000

