REKS do not use any electronic distribution function

Calculation with static geometry

********************************************************************************************
  iSCC       reks energy        Diff energy         x_a       SCC error   
  514      -16.4207413668      -0.0000000000     0.999993    0.00000100
********************************************************************************************

 SA-REKS optimizes the avergaed state, not individual states
 These charges do not mean the charges for individual states
 Similarly to this, the values in band.out file indicate
 the band energies and occupations for the averaged state
 If you want to compute the relaxed density,
 please, set 'RelaxedDensity = Yes' option

 Total charge:     1.00000000

 Atomic gross charges (e)
 Atom           Charge
    1      -0.05691116
    2      -0.04495737
    3       0.12867290
    4       0.12565047
    5       0.12961785
    6       0.05011388
    7      -0.11493655
    8       0.10804309
    9       0.10495476
   10       0.18160050
   11       0.07402681
   12      -0.19787194
   13       0.26999381
   14       0.24200297

Nr. of electrons (up):     32.00000000
Atom populations (up)
 Atom       Population
    1       4.05691116
    2       4.04495737
    3       0.87132710
    4       0.87434953
    5       0.87038215
    6       3.94988612
    7       4.11493655
    8       0.89195691
    9       0.89504524
   10       3.81839950
   11       0.92597319
   12       5.19787194
   13       0.73000619
   14       0.75799703

l-shell populations (up)
 Atom Sh.   l       Population
    1   1   0       1.23041405
    1   2   1       2.82649711
    2   1   0       1.18698885
    2   2   1       2.85796852
    3   1   0       0.87132710
    4   1   0       0.87434953
    5   1   0       0.87038215
    6   1   0       1.15965687
    6   2   1       2.79022925
    7   1   0       1.15349427
    7   2   1       2.96144229
    8   1   0       0.89195691
    9   1   0       0.89504524
   10   1   0       1.12452626
   10   2   1       2.69387324
   11   1   0       0.92597319
   12   1   0       1.40108313
   12   2   1       3.79678882
   13   1   0       0.73000619
   14   1   0       0.75799703

Orbital populations (up)
 Atom Sh.   l   m       Population  Label
    1   1   0   0       1.23041405  s
    1   2   1  -1       0.96500868  p_y
    1   2   1   0       0.91105394  p_z
    1   2   1   1       0.95043449  p_x
    2   1   0   0       1.18698885  s
    2   2   1  -1       0.95920255  p_y
    2   2   1   0       0.94200387  p_z
    2   2   1   1       0.95676210  p_x
    3   1   0   0       0.87132710  s
    4   1   0   0       0.87434953  s
    5   1   0   0       0.87038215  s
    6   1   0   0       1.15965687  s
    6   2   1  -1       0.91758503  p_y
    6   2   1   0       0.94196910  p_z
    6   2   1   1       0.93067511  p_x
    7   1   0   0       1.15349427  s
    7   2   1  -1       0.98638261  p_y
    7   2   1   0       1.01374163  p_z
    7   2   1   1       0.96131805  p_x
    8   1   0   0       0.89195691  s
    9   1   0   0       0.89504524  s
   10   1   0   0       1.12452626  s
   10   2   1  -1       0.89097283  p_y
   10   2   1   0       0.88996278  p_z
   10   2   1   1       0.91293762  p_x
   11   1   0   0       0.92597319  s
   12   1   0   0       1.40108313  s
   12   2   1  -1       1.23834060  p_y
   12   2   1   0       1.37950060  p_z
   12   2   1   1       1.17894762  p_x
   13   1   0   0       0.73000619  s
   14   1   0   0       0.75799703  s

Input / Output electrons (q):     32.0000000000

Energy H0:                         -16.3531368789 H         -444.9915 eV
Energy SCC:                          0.1004602802 H            2.7337 eV
Energy SPIN:                        -0.0000017711 H           -0.0000 eV
Energy Fock:                        -0.6692317477 H          -18.2107 eV
Total Electronic energy:           -16.9219101176 H         -460.4686 eV
Repulsive energy:                    0.4273177073 H           11.6279 eV

Excitation Energy:                   0.0000000000 H            0.0000 eV

Total energy:                      -16.4947498911 H         -448.8450 eV

SCC converged

Total Forces
    1      0.018056247223     -0.038690631556      0.011868432288
    2     -0.043435841318     -0.009772094204     -0.060257935269
    3     -0.004779322663     -0.016488942747     -0.010106672996
    4      0.010483420159      0.046999466602      0.001497721033
    5      0.007887659546     -0.005777850094      0.022848702864
    6     -0.034730947239     -0.000533548312      0.049719291302
    7      0.058496123420      0.038271060809     -0.023015092226
    8     -0.000996736362     -0.019565341720     -0.030720807935
    9     -0.009609312607     -0.022756037950     -0.011228921977
   10     -0.045962206098      0.002034655932      0.068332014627
   11     -0.011947182963     -0.000051580144     -0.007210645458
   12      0.081988685498      0.062222967032     -0.013373239937
   13     -0.002597623228     -0.056923909542     -0.026137284624
   14     -0.022852963366      0.021031785897      0.027784438308

Maximal derivative component:        0.819887E-01 au


