 KPT            1  SPIN            1  KWEIGHT    1.0000000000000000     
     1   -30.068  2.00000
     2   -27.573  2.00000
     3   -25.430  2.00000
     4   -23.344  2.00000
     5   -21.686  2.00000
     6   -20.397  2.00000
     7   -19.752  2.00000
     8   -19.334  2.00000
     9   -18.220  2.00000
    10   -17.729  2.00000
    11   -17.262  2.00000
    12   -16.767  2.00000
    13   -16.220  2.00000
    14   -15.482  2.00000
    15   -14.891  2.00000
    16   -13.723  1.50000
    17    -9.305  0.50000
    18    -4.588  0.00000
    19    -1.356  0.00000
    20     8.794  0.00000
    21     9.653  0.00000
    22    11.227  0.00000
    23    12.934  0.00000
    24    13.752  0.00000
    25    16.879  0.00000
    26    18.664  0.00000
    27    25.341  0.00000
    28    26.378  0.00000
    29    30.543  0.00000
    30    38.856  0.00000
    31    41.907  0.00000
    32    44.406  0.00000

