REKS do not use any electronic distribution function

Calculation with static geometry

********************************************************************************************
  iSCC       reks energy        Diff energy         x_a       SCC error   
   89      -16.4128517411      -0.0000000000     1.000000    0.00000098
********************************************************************************************

 SA-REKS optimizes the avergaed state, not individual states
 These charges do not mean the charges for individual states
 Similarly to this, the values in band.out file indicate
 the band energies and occupations for the averaged state
 If you want to compute the relaxed density,
 please, set 'RelaxedDensity = Yes' option

 Total charge:     1.00000000

 Atomic gross charges (e)
 Atom           Charge
    1      -0.04536435
    2      -0.03616491
    3       0.07980925
    4       0.13143667
    5       0.09769760
    6       0.06368070
    7      -0.07650586
    8       0.11037768
    9       0.10437677
   10       0.14133098
   11       0.09393505
   12      -0.18650773
   13       0.27001994
   14       0.25187820

Nr. of electrons (up):     32.00000000
Atom populations (up)
 Atom       Population
    1       4.04536435
    2       4.03616491
    3       0.92019075
    4       0.86856333
    5       0.90230240
    6       3.93631930
    7       4.07650586
    8       0.88962232
    9       0.89562323
   10       3.85866902
   11       0.90606495
   12       5.18650773
   13       0.72998006
   14       0.74812180

l-shell populations (up)
 Atom Sh.   l       Population
    1   1   0       1.22602367
    1   2   1       2.81934068
    2   1   0       1.15840065
    2   2   1       2.87776426
    3   1   0       0.92019075
    4   1   0       0.86856333
    5   1   0       0.90230240
    6   1   0       1.14477116
    6   2   1       2.79154814
    7   1   0       1.16274927
    7   2   1       2.91375659
    8   1   0       0.88962232
    9   1   0       0.89562323
   10   1   0       1.12579604
   10   2   1       2.73287297
   11   1   0       0.90606495
   12   1   0       1.38088385
   12   2   1       3.80562388
   13   1   0       0.72998006
   14   1   0       0.74812180

Orbital populations (up)
 Atom Sh.   l   m       Population  Label
    1   1   0   0       1.22602367  s
    1   2   1  -1       0.98824807  p_y
    1   2   1   0       0.85474101  p_z
    1   2   1   1       0.97635160  p_x
    2   1   0   0       1.15840065  s
    2   2   1  -1       0.92928179  p_y
    2   2   1   0       0.95314355  p_z
    2   2   1   1       0.99533892  p_x
    3   1   0   0       0.92019075  s
    4   1   0   0       0.86856333  s
    5   1   0   0       0.90230240  s
    6   1   0   0       1.14477116  s
    6   2   1  -1       0.97800208  p_y
    6   2   1   0       0.86509075  p_z
    6   2   1   1       0.94845531  p_x
    7   1   0   0       1.16274927  s
    7   2   1  -1       0.96750237  p_y
    7   2   1   0       1.01246685  p_z
    7   2   1   1       0.93378737  p_x
    8   1   0   0       0.88962232  s
    9   1   0   0       0.89562323  s
   10   1   0   0       1.12579604  s
   10   2   1  -1       0.94191727  p_y
   10   2   1   0       0.90655904  p_z
   10   2   1   1       0.88439667  p_x
   11   1   0   0       0.90606495  s
   12   1   0   0       1.38088385  s
   12   2   1  -1       1.26101810  p_y
   12   2   1   0       1.31039148  p_z
   12   2   1   1       1.23421431  p_x
   13   1   0   0       0.72998006  s
   14   1   0   0       0.74812180  s

Input / Output electrons (q):     32.0000000000

Energy H0:                         -16.4171423644 H         -446.7332 eV
Energy SCC:                          0.1127189643 H            3.0672 eV
Energy SPIN:                        -0.0000000838 H           -0.0000 eV
Energy Fock:                        -0.6760782222 H          -18.3970 eV
Total Electronic energy:           -16.9805017061 H         -462.0630 eV
Repulsive energy:                    0.4931232992 H           13.4186 eV

Excitation Energy:                   0.0000000000 H            0.0000 eV

Total energy:                      -16.4875240400 H         -448.6484 eV

SCC converged

Total Forces
    1      0.039382763012     -0.024758946868     -0.017352524369
    2     -0.082389679837     -0.001255303423     -0.053421494113
    3     -0.021299033538     -0.025960678939      0.004614233979
    4      0.019901054444      0.017877092777      0.023618704208
    5     -0.001972107784      0.009314518159      0.026694551765
    6     -0.003772018663     -0.015217770122      0.024816382619
    7      0.074157693592     -0.058309486186      0.012349690382
    8     -0.027868422718      0.056038768741     -0.027555200887
    9     -0.006036803318      0.005282798362     -0.009056903795
   10     -0.008387598931      0.085129141829      0.070743321356
   11     -0.010286405777     -0.005015587259     -0.007446391621
   12     -0.021822964525     -0.048913246840     -0.043876516653
   13      0.012795775925     -0.006625710371     -0.006843999472
   14      0.037597748119      0.012414410139      0.002716146601

Maximal derivative component:        0.851291E-01 au


