 KPT            1  SPIN            1  KWEIGHT    1.0000000000000000     
     1   -29.654  2.00000
     2   -27.173  2.00000
     3   -25.357  2.00000
     4   -22.981  2.00000
     5   -21.162  2.00000
     6   -20.291  2.00000
     7   -19.301  2.00000
     8   -18.796  2.00000
     9   -17.734  2.00000
    10   -17.468  2.00000
    11   -16.846  2.00000
    12   -16.383  2.00000
    13   -15.921  2.00000
    14   -15.214  2.00000
    15   -14.765  2.00000
    16   -13.654  1.49995
    17   -10.514  0.50005
    18    -3.456  0.00000
    19    -1.444  0.00000
    20     6.272  0.00000
    21     8.474  0.00000
    22     9.219  0.00000
    23    10.290  0.00000
    24    15.305  0.00000
    25    16.347  0.00000
    26    16.581  0.00000
    27    18.900  0.00000
    28    19.997  0.00000
    29    26.052  0.00000
    30    29.713  0.00000
    31    33.620  0.00000
    32    39.360  0.00000

