REKS do not use any electronic distribution function

Calculation with static geometry

********************************************************************************************
  iSCC       reks energy        Diff energy         x_a       SCC error   
   67      -16.4522968374      -0.0000000000     0.999953    0.00000096
********************************************************************************************

 SA-REKS optimizes the avergaed state, not individual states
 These charges do not mean the charges for individual states
 Similarly to this, the values in band.out file indicate
 the band energies and occupations for the averaged state
 If you want to compute the relaxed density,
 please, set 'RelaxedDensity = Yes' option

 Total charge:     1.00000000

 Atomic gross charges (e)
 Atom           Charge
    1      -0.01388068
    2      -0.03946917
    3       0.09901136
    4       0.11629034
    5       0.09267929
    6       0.08361445
    7      -0.16619611
    8       0.09783044
    9       0.12465624
   10       0.21258537
   11       0.09917308
   12      -0.20709390
   13       0.25909139
   14       0.24170791

Nr. of electrons (up):     32.00000000
Atom populations (up)
 Atom       Population
    1       4.01388068
    2       4.03946917
    3       0.90098864
    4       0.88370966
    5       0.90732071
    6       3.91638555
    7       4.16619611
    8       0.90216956
    9       0.87534376
   10       3.78741463
   11       0.90082692
   12       5.20709390
   13       0.74090861
   14       0.75829209

l-shell populations (up)
 Atom Sh.   l       Population
    1   1   0       1.21260696
    1   2   1       2.80127372
    2   1   0       1.16564283
    2   2   1       2.87382634
    3   1   0       0.90098864
    4   1   0       0.88370966
    5   1   0       0.90732071
    6   1   0       1.21207690
    6   2   1       2.70430865
    7   1   0       1.18714022
    7   2   1       2.97905590
    8   1   0       0.90216956
    9   1   0       0.87534376
   10   1   0       1.13303901
   10   2   1       2.65437562
   11   1   0       0.90082692
   12   1   0       1.40103807
   12   2   1       3.80605583
   13   1   0       0.74090861
   14   1   0       0.75829209

Orbital populations (up)
 Atom Sh.   l   m       Population  Label
    1   1   0   0       1.21260696  s
    1   2   1  -1       1.01356322  p_y
    1   2   1   0       0.84312642  p_z
    1   2   1   1       0.94458407  p_x
    2   1   0   0       1.16564283  s
    2   2   1  -1       0.93733392  p_y
    2   2   1   0       0.98559141  p_z
    2   2   1   1       0.95090101  p_x
    3   1   0   0       0.90098864  s
    4   1   0   0       0.88370966  s
    5   1   0   0       0.90732071  s
    6   1   0   0       1.21207690  s
    6   2   1  -1       0.93858722  p_y
    6   2   1   0       0.80486941  p_z
    6   2   1   1       0.96085202  p_x
    7   1   0   0       1.18714022  s
    7   2   1  -1       0.97679424  p_y
    7   2   1   0       1.03841443  p_z
    7   2   1   1       0.96384723  p_x
    8   1   0   0       0.90216956  s
    9   1   0   0       0.87534376  s
   10   1   0   0       1.13303901  s
   10   2   1  -1       0.90006435  p_y
   10   2   1   0       0.89576563  p_z
   10   2   1   1       0.85854564  p_x
   11   1   0   0       0.90082692  s
   12   1   0   0       1.40103807  s
   12   2   1  -1       1.31300341  p_y
   12   2   1   0       1.40133278  p_z
   12   2   1   1       1.09171963  p_x
   13   1   0   0       0.74090861  s
   14   1   0   0       0.75829209  s

Input / Output electrons (q):     32.0000000000

Energy H0:                         -16.2966767038 H         -443.4551 eV
Energy SCC:                          0.0924791112 H            2.5165 eV
Energy SPIN:                        -0.0000085118 H           -0.0002 eV
Energy Fock:                        -0.6630792263 H          -18.0433 eV
Total Electronic energy:           -16.8672853307 H         -458.9822 eV
Repulsive energy:                    0.3571881208 H            9.7196 eV

Excitation Energy:                   0.0000000000 H            0.0000 eV

Total energy:                      -16.5138775172 H         -449.3655 eV

SCC converged

Total Forces
    1     -0.057984668134      0.021251536693     -0.006327567618
    2      0.038871087695     -0.007119402991     -0.009024661821
    3      0.024943559881     -0.018434799475      0.010170420809
    4      0.014042568682      0.006933619430     -0.004096287273
    5     -0.019738203617      0.018120245838     -0.001977319326
    6     -0.001177923367      0.021261011587      0.018327082323
    7     -0.042779281626     -0.009156696529     -0.015440598473
    8      0.020160036562     -0.051415713879     -0.005463078121
    9      0.017590260822      0.026968880707      0.032770775173
   10     -0.013783502407     -0.022120464021     -0.017477512709
   11      0.005534259722      0.016968776801     -0.000171806315
   12      0.047541638328     -0.035105050586      0.009844538220
   13     -0.027302876082      0.001814716799     -0.010182332103
   14     -0.005916956457      0.030033339624     -0.000951652766

Maximal derivative component:        0.579847E-01 au


