 KPT            1  SPIN            1  KWEIGHT    1.0000000000000000     
     1   -29.540  2.00000
     2   -27.045  2.00000
     3   -25.219  2.00000
     4   -23.421  2.00000
     5   -21.415  2.00000
     6   -20.181  2.00000
     7   -18.927  2.00000
     8   -18.404  2.00000
     9   -17.889  2.00000
    10   -17.529  2.00000
    11   -16.741  2.00000
    12   -16.313  2.00000
    13   -15.750  2.00000
    14   -15.492  2.00000
    15   -14.857  2.00000
    16   -13.617  1.49993
    17   -10.668  0.50007
    18    -4.100  0.00000
    19    -1.945  0.00000
    20     2.670  0.00000
    21     7.000  0.00000
    22     9.315  0.00000
    23    10.509  0.00000
    24    11.889  0.00000
    25    12.261  0.00000
    26    14.738  0.00000
    27    19.511  0.00000
    28    21.020  0.00000
    29    21.153  0.00000
    30    22.810  0.00000
    31    31.136  0.00000
    32    32.834  0.00000

