REKS do not use any electronic distribution function

Calculation with static geometry

********************************************************************************************
  iSCC       reks energy        Diff energy         x_a       SCC error   
   88      -16.4114145049      -0.0000000000     0.999928    0.00000093
********************************************************************************************

 SA-REKS optimizes the avergaed state, not individual states
 These charges do not mean the charges for individual states
 Similarly to this, the values in band.out file indicate
 the band energies and occupations for the averaged state
 If you want to compute the relaxed density,
 please, set 'RelaxedDensity = Yes' option

 Total charge:     1.00000000

 Atomic gross charges (e)
 Atom           Charge
    1      -0.04149661
    2      -0.03474235
    3       0.09427726
    4       0.13830198
    5       0.12122701
    6       0.05772139
    7      -0.13736910
    8       0.10436344
    9       0.08785154
   10       0.19710089
   11       0.12196331
   12      -0.22692599
   13       0.26273232
   14       0.25499491

Nr. of electrons (up):     32.00000000
Atom populations (up)
 Atom       Population
    1       4.04149661
    2       4.03474235
    3       0.90572274
    4       0.86169802
    5       0.87877299
    6       3.94227861
    7       4.13736910
    8       0.89563656
    9       0.91214846
   10       3.80289911
   11       0.87803669
   12       5.22692599
   13       0.73726768
   14       0.74500509

l-shell populations (up)
 Atom Sh.   l       Population
    1   1   0       1.22138221
    1   2   1       2.82011440
    2   1   0       1.19317174
    2   2   1       2.84157061
    3   1   0       0.90572274
    4   1   0       0.86169802
    5   1   0       0.87877299
    6   1   0       1.21589635
    6   2   1       2.72638227
    7   1   0       1.21335525
    7   2   1       2.92401385
    8   1   0       0.89563656
    9   1   0       0.91214846
   10   1   0       1.15863106
   10   2   1       2.64426804
   11   1   0       0.87803669
   12   1   0       1.42541708
   12   2   1       3.80150890
   13   1   0       0.73726768
   14   1   0       0.74500509

Orbital populations (up)
 Atom Sh.   l   m       Population  Label
    1   1   0   0       1.22138221  s
    1   2   1  -1       0.93120889  p_y
    1   2   1   0       0.98097020  p_z
    1   2   1   1       0.90793531  p_x
    2   1   0   0       1.19317174  s
    2   2   1  -1       0.92694556  p_y
    2   2   1   0       0.93686520  p_z
    2   2   1   1       0.97775984  p_x
    3   1   0   0       0.90572274  s
    4   1   0   0       0.86169802  s
    5   1   0   0       0.87877299  s
    6   1   0   0       1.21589635  s
    6   2   1  -1       0.83124228  p_y
    6   2   1   0       0.99892536  p_z
    6   2   1   1       0.89621463  p_x
    7   1   0   0       1.21335525  s
    7   2   1  -1       1.05056718  p_y
    7   2   1   0       0.91734173  p_z
    7   2   1   1       0.95610493  p_x
    8   1   0   0       0.89563656  s
    9   1   0   0       0.91214846  s
   10   1   0   0       1.15863106  s
   10   2   1  -1       0.84162608  p_y
   10   2   1   0       0.96109481  p_z
   10   2   1   1       0.84154715  p_x
   11   1   0   0       0.87803669  s
   12   1   0   0       1.42541708  s
   12   2   1  -1       1.52931495  p_y
   12   2   1   0       1.16441200  p_z
   12   2   1   1       1.10778196  p_x
   13   1   0   0       0.73726768  s
   14   1   0   0       0.74500509  s

Input / Output electrons (q):     32.0000000000

Energy H0:                         -16.1821814439 H         -440.3396 eV
Energy SCC:                          0.0959146201 H            2.6100 eV
Energy SPIN:                        -0.0000136420 H           -0.0004 eV
Energy Fock:                        -0.6607095251 H          -17.9788 eV
Total Electronic energy:           -16.7469899910 H         -455.7088 eV
Repulsive energy:                    0.2800946492 H            7.6218 eV

Excitation Energy:                   0.0000000000 H            0.0000 eV

Total energy:                      -16.4676981272 H         -448.1089 eV

SCC converged

Total Forces
    1      0.009639679515      0.024846769431     -0.066983398285
    2      0.059843603912      0.014798367913      0.006926672980
    3     -0.007784586798     -0.018001651217      0.006633968163
    4     -0.002916909374      0.007319254387      0.011468907401
    5     -0.014338711327     -0.013472049979      0.011412910484
    6      0.002609033625     -0.022259594391      0.054091279797
    7     -0.059677109650      0.051213647358     -0.096197298482
    8      0.003319402028      0.010092315182      0.022528689789
    9     -0.005753186134     -0.050847706281      0.055638926535
   10      0.020016678612     -0.028244862448     -0.045724940190
   11      0.032970305800      0.024423361394     -0.008933015872
   12      0.015664064889      0.009870135749      0.014882313390
   13     -0.033333217954     -0.021137592840     -0.031894279462
   14     -0.020259047145      0.011399605742      0.066149263752

Maximal derivative component:        0.961973E-01 au


