 KPT            1  SPIN            1  KWEIGHT    1.0000000000000000     
     1   -29.723  2.00000
     2   -27.604  2.00000
     3   -25.285  2.00000
     4   -23.465  2.00000
     5   -21.433  2.00000
     6   -20.504  2.00000
     7   -19.300  2.00000
     8   -18.994  2.00000
     9   -18.586  2.00000
    10   -17.953  2.00000
    11   -16.982  2.00000
    12   -16.599  2.00000
    13   -16.098  2.00000
    14   -15.131  2.00000
    15   -14.693  2.00000
    16   -14.419  1.50000
    17    -9.787  0.50000
    18    -4.484  0.00000
    19    -2.867  0.00000
    20     8.330  0.00000
    21    10.468  0.00000
    22    10.670  0.00000
    23    11.761  0.00000
    24    16.652  0.00000
    25    18.892  0.00000
    26    19.852  0.00000
    27    20.269  0.00000
    28    23.820  0.00000
    29    25.520  0.00000
    30    31.054  0.00000
    31    36.867  0.00000
    32    45.157  0.00000

