REKS do not use any electronic distribution function

Calculation with static geometry

********************************************************************************************
  iSCC       reks energy        Diff energy         x_a       SCC error   
   79      -16.3869015986      -0.0000000000     1.000000    0.00000092
********************************************************************************************

 SA-REKS optimizes the avergaed state, not individual states
 These charges do not mean the charges for individual states
 Similarly to this, the values in band.out file indicate
 the band energies and occupations for the averaged state
 If you want to compute the relaxed density,
 please, set 'RelaxedDensity = Yes' option

 Total charge:     1.00000000

 Atomic gross charges (e)
 Atom           Charge
    1      -0.14617771
    2      -0.03569034
    3       0.10040873
    4       0.12669403
    5       0.12590352
    6       0.11449310
    7      -0.03278534
    8       0.13223813
    9       0.12785248
   10       0.10359608
   11       0.12968374
   12      -0.23639645
   13       0.23568012
   14       0.25449990

Nr. of electrons (up):     32.00000000
Atom populations (up)
 Atom       Population
    1       4.14617771
    2       4.03569034
    3       0.89959127
    4       0.87330597
    5       0.87409648
    6       3.88550690
    7       4.03278534
    8       0.86776187
    9       0.87214752
   10       3.89640392
   11       0.87031626
   12       5.23639645
   13       0.76431988
   14       0.74550010

l-shell populations (up)
 Atom Sh.   l       Population
    1   1   0       1.18555864
    1   2   1       2.96061907
    2   1   0       1.18298402
    2   2   1       2.85270632
    3   1   0       0.89959127
    4   1   0       0.87330597
    5   1   0       0.87409648
    6   1   0       1.19728247
    6   2   1       2.68822443
    7   1   0       1.17660087
    7   2   1       2.85618447
    8   1   0       0.86776187
    9   1   0       0.87214752
   10   1   0       1.14910374
   10   2   1       2.74730018
   11   1   0       0.87031626
   12   1   0       1.38655926
   12   2   1       3.84983718
   13   1   0       0.76431988
   14   1   0       0.74550010

Orbital populations (up)
 Atom Sh.   l   m       Population  Label
    1   1   0   0       1.18555864  s
    1   2   1  -1       1.00802848  p_y
    1   2   1   0       0.97484041  p_z
    1   2   1   1       0.97775018  p_x
    2   1   0   0       1.18298402  s
    2   2   1  -1       0.89154076  p_y
    2   2   1   0       0.97517505  p_z
    2   2   1   1       0.98599052  p_x
    3   1   0   0       0.89959127  s
    4   1   0   0       0.87330597  s
    5   1   0   0       0.87409648  s
    6   1   0   0       1.19728247  s
    6   2   1  -1       0.95492885  p_y
    6   2   1   0       0.81203204  p_z
    6   2   1   1       0.92126354  p_x
    7   1   0   0       1.17660087  s
    7   2   1  -1       1.01389161  p_y
    7   2   1   0       0.94704562  p_z
    7   2   1   1       0.89524724  p_x
    8   1   0   0       0.86776187  s
    9   1   0   0       0.87214752  s
   10   1   0   0       1.14910374  s
   10   2   1  -1       0.91375586  p_y
   10   2   1   0       0.93351172  p_z
   10   2   1   1       0.90003260  p_x
   11   1   0   0       0.87031626  s
   12   1   0   0       1.38655926  s
   12   2   1  -1       1.54375208  p_y
   12   2   1   0       1.18164483  p_z
   12   2   1   1       1.12444028  p_x
   13   1   0   0       0.76431988  s
   14   1   0   0       0.74550010  s

Input / Output electrons (q):     32.0000000000

Energy H0:                         -16.3484448618 H         -444.8638 eV
Energy SCC:                          0.1171356925 H            3.1874 eV
Energy SPIN:                        -0.0000000000 H           -0.0000 eV
Energy Fock:                        -0.6724059874 H          -18.2971 eV
Total Electronic energy:           -16.9037151567 H         -459.9735 eV
Repulsive energy:                    0.4472728911 H           12.1709 eV

Excitation Energy:                   0.0000000000 H            0.0000 eV

Total energy:                      -16.4565566299 H         -447.8057 eV

SCC converged

Total Forces
    1     -0.006624627489     -0.012895347188     -0.021924906480
    2      0.004234389014     -0.019542803366      0.067386568986
    3     -0.005509941456      0.015561551516     -0.020147084148
    4     -0.012050262480     -0.024154855858     -0.017598992064
    5     -0.007221716201      0.036840125364     -0.011024835165
    6      0.048707811218     -0.013505771186     -0.015572989005
    7     -0.041626876865      0.063405911456     -0.029000722345
    8     -0.007773945420     -0.015258059244     -0.001319116044
    9     -0.008351621949      0.009675056859      0.029950321034
   10      0.019602343622     -0.043479347963      0.078842615026
   11     -0.003018877256      0.007958726989     -0.005765848403
   12      0.026634139286      0.009609078143     -0.056127307653
   13      0.013163170713     -0.009580679608      0.001669721409
   14     -0.020163984737     -0.004633585913      0.000632574851

Maximal derivative component:        0.788426E-01 au


