 KPT            1  SPIN            1  KWEIGHT    1.0000000000000000     
     1   -29.564  2.00000
     2   -27.657  2.00000
     3   -25.269  2.00000
     4   -23.302  2.00000
     5   -21.597  2.00000
     6   -20.642  2.00000
     7   -19.186  2.00000
     8   -18.906  2.00000
     9   -18.565  2.00000
    10   -17.855  2.00000
    11   -17.124  2.00000
    12   -16.709  2.00000
    13   -16.182  2.00000
    14   -15.251  2.00000
    15   -14.768  2.00000
    16   -14.379  1.50000
    17    -9.863  0.50000
    18    -3.636  0.00000
    19    -3.309  0.00000
    20     9.309  0.00000
    21    11.065  0.00000
    22    12.520  0.00000
    23    13.271  0.00000
    24    14.892  0.00000
    25    17.981  0.00000
    26    19.575  0.00000
    27    20.234  0.00000
    28    23.965  0.00000
    29    28.445  0.00000
    30    30.194  0.00000
    31    36.095  0.00000
    32    47.850  0.00000

