REKS do not use any electronic distribution function

Calculation with static geometry

********************************************************************************************
  iSCC       reks energy        Diff energy         x_a       SCC error   
  209      -16.3883343108      -0.0000000000     1.000000    0.00000097
********************************************************************************************

 SA-REKS optimizes the avergaed state, not individual states
 These charges do not mean the charges for individual states
 Similarly to this, the values in band.out file indicate
 the band energies and occupations for the averaged state
 If you want to compute the relaxed density,
 please, set 'RelaxedDensity = Yes' option

 Total charge:     1.00000000

 Atomic gross charges (e)
 Atom           Charge
    1      -0.09106973
    2       0.07331119
    3       0.11336603
    4       0.11704394
    5       0.11328048
    6      -0.01072638
    7      -0.07741459
    8       0.14159984
    9       0.13791485
   10       0.10040214
   11       0.12603978
   12      -0.23464371
   13       0.23494558
   14       0.25595057

Nr. of electrons (up):     32.00000000
Atom populations (up)
 Atom       Population
    1       4.09106973
    2       3.92668881
    3       0.88663397
    4       0.88295606
    5       0.88671952
    6       4.01072638
    7       4.07741459
    8       0.85840016
    9       0.86208515
   10       3.89959786
   11       0.87396022
   12       5.23464371
   13       0.76505442
   14       0.74404943

l-shell populations (up)
 Atom Sh.   l       Population
    1   1   0       1.22097963
    1   2   1       2.87009010
    2   1   0       1.18866334
    2   2   1       2.73802547
    3   1   0       0.88663397
    4   1   0       0.88295606
    5   1   0       0.88671952
    6   1   0       1.16177945
    6   2   1       2.84894693
    7   1   0       1.15495801
    7   2   1       2.92245657
    8   1   0       0.85840016
    9   1   0       0.86208515
   10   1   0       1.17558374
   10   2   1       2.72401412
   11   1   0       0.87396022
   12   1   0       1.39696913
   12   2   1       3.83767458
   13   1   0       0.76505442
   14   1   0       0.74404943

Orbital populations (up)
 Atom Sh.   l   m       Population  Label
    1   1   0   0       1.22097963  s
    1   2   1  -1       0.96169368  p_y
    1   2   1   0       0.98205776  p_z
    1   2   1   1       0.92633866  p_x
    2   1   0   0       1.18866334  s
    2   2   1  -1       0.87468435  p_y
    2   2   1   0       0.97068972  p_z
    2   2   1   1       0.89265139  p_x
    3   1   0   0       0.88663397  s
    4   1   0   0       0.88295606  s
    5   1   0   0       0.88671952  s
    6   1   0   0       1.16177945  s
    6   2   1  -1       0.96163496  p_y
    6   2   1   0       0.94945237  p_z
    6   2   1   1       0.93785959  p_x
    7   1   0   0       1.15495801  s
    7   2   1  -1       0.99923770  p_y
    7   2   1   0       0.93881879  p_z
    7   2   1   1       0.98440008  p_x
    8   1   0   0       0.85840016  s
    9   1   0   0       0.86208515  s
   10   1   0   0       1.17558374  s
   10   2   1  -1       0.89645925  p_y
   10   2   1   0       0.92452380  p_z
   10   2   1   1       0.90303107  p_x
   11   1   0   0       0.87396022  s
   12   1   0   0       1.39696913  s
   12   2   1  -1       1.56385697  p_y
   12   2   1   0       1.16986100  p_z
   12   2   1   1       1.10395662  p_x
   13   1   0   0       0.76505442  s
   14   1   0   0       0.74404943  s

Input / Output electrons (q):     32.0000000000

Energy H0:                         -16.3772615691 H         -445.6480 eV
Energy SCC:                          0.1225962329 H            3.3360 eV
Energy SPIN:                        -0.0000000000 H           -0.0000 eV
Energy Fock:                        -0.6681633249 H          -18.1816 eV
Total Electronic energy:           -16.9228286610 H         -460.4936 eV
Repulsive energy:                    0.4704706214 H           12.8022 eV

Excitation Energy:                   0.0000000000 H            0.0000 eV

Total energy:                      -16.4524199096 H         -447.6931 eV

SCC converged

Total Forces
    1     -0.008383165824     -0.022519714194     -0.003119703501
    2     -0.060335643424     -0.030374567568      0.022491365294
    3      0.012782875177     -0.005482185229      0.014995676381
    4     -0.001180782114      0.007064964573     -0.010058016474
    5     -0.004201616828      0.022788484615     -0.012475742253
    6     -0.006624746203     -0.065784702890      0.068504966776
    7      0.029845690276      0.085602227399      0.038461562372
    8     -0.019261282900     -0.003850495137     -0.046194590664
    9      0.038937985020      0.050758083768     -0.041513920352
   10      0.057505240608     -0.057770232592     -0.063560163438
   11     -0.012091414031     -0.008970661534     -0.006661712602
   12     -0.040784686746      0.049392156829      0.055356099325
   13      0.012623114666     -0.005016533141     -0.001928900030
   14      0.001168432323     -0.015836824898     -0.014296920834

Maximal derivative component:        0.856022E-01 au


