REKS do not use any electronic distribution function

Calculation with static geometry

********************************************************************************************
  iSCC       reks energy        Diff energy         x_a       SCC error   
   55       -6.2885507966      -0.0000000000     0.999964    0.00000093
********************************************************************************************

 SA-REKS optimizes the avergaed state, not individual states
 These charges do not mean the charges for individual states
 Similarly to this, the values in band.out file indicate
 the band energies and occupations for the averaged state
 If you want to compute the relaxed density,
 please, set 'RelaxedDensity = Yes' option

 Total charge:     1.00000000

 Atomic gross charges (e)
 Atom           Charge
    1       0.10982887
    2      -0.11495363
    3       0.19089486
    4       0.30996573
    5       0.31236631
    6       0.19189785

Nr. of electrons (up):     12.00000000
Atom populations (up)
 Atom       Population
    1       3.89017113
    2       5.11495363
    3       0.80910514
    4       0.69003427
    5       0.68763369
    6       0.80810215

l-shell populations (up)
 Atom Sh.   l       Population
    1   1   0       1.18409113
    1   2   1       2.70607999
    2   1   0       1.38579123
    2   2   1       3.72916240
    3   1   0       0.80910514
    4   1   0       0.69003427
    5   1   0       0.68763369
    6   1   0       0.80810215

Orbital populations (up)
 Atom Sh.   l   m       Population  Label
    1   1   0   0       1.18409113  s
    1   2   1  -1       0.96890732  p_y
    1   2   1   0       0.88641079  p_z
    1   2   1   1       0.85076189  p_x
    2   1   0   0       1.38579123  s
    2   2   1  -1       1.51979624  p_y
    2   2   1   0       1.11803223  p_z
    2   2   1   1       1.09133392  p_x
    3   1   0   0       0.80910514  s
    4   1   0   0       0.69003427  s
    5   1   0   0       0.68763369  s
    6   1   0   0       0.80810215  s

Input / Output electrons (q):     12.0000000000

Energy H0:                          -6.5202317232 H         -177.4245 eV
Energy SCC:                          0.1346676014 H            3.6645 eV
Energy SPIN:                        -0.0000202525 H           -0.0006 eV
Energy Fock:                        -0.2067703068 H           -5.6265 eV
Total Electronic energy:            -6.5923546811 H         -179.3871 eV
Repulsive energy:                    0.1756262899 H            4.7790 eV

Excitation Energy:                   0.0000000000 H            0.0000 eV

Total energy:                       -6.4167888673 H         -174.6097 eV

SCC converged

Total Forces
    1     -0.001994814256      0.000006797795      0.026941324145
    2     -0.000043333602      0.003139796922     -0.022804608385
    3     -0.001847054762      0.005779192046     -0.000867924565
    4     -0.000117171290     -0.007974259082      0.001490935979
    5      0.002564759850      0.006336745061     -0.003925011204
    6      0.001437614060     -0.007288272742     -0.000834715970

Maximal derivative component:        0.269413E-01 au


