REKS do not use any electronic distribution function

Calculation with static geometry

********************************************************************************************
  iSCC       reks energy        Diff energy         x_a       SCC error   
   61       -6.2836763668      -0.0000000000     0.999936    0.00000085
********************************************************************************************

 SA-REKS optimizes the avergaed state, not individual states
 These charges do not mean the charges for individual states
 Similarly to this, the values in band.out file indicate
 the band energies and occupations for the averaged state
 If you want to compute the relaxed density,
 please, set 'RelaxedDensity = Yes' option

 Total charge:     1.00000000

 Atomic gross charges (e)
 Atom           Charge
    1       0.11898599
    2      -0.11631662
    3       0.18227560
    4       0.31483205
    5       0.31339057
    6       0.18683242

Nr. of electrons (up):     12.00000000
Atom populations (up)
 Atom       Population
    1       3.88101401
    2       5.11631662
    3       0.81772440
    4       0.68516795
    5       0.68660943
    6       0.81316758

l-shell populations (up)
 Atom Sh.   l       Population
    1   1   0       1.18202968
    1   2   1       2.69898434
    2   1   0       1.38327317
    2   2   1       3.73304345
    3   1   0       0.81772440
    4   1   0       0.68516795
    5   1   0       0.68660943
    6   1   0       0.81316758

Orbital populations (up)
 Atom Sh.   l   m       Population  Label
    1   1   0   0       1.18202968  s
    1   2   1  -1       0.85627929  p_y
    1   2   1   0       0.89855132  p_z
    1   2   1   1       0.94415373  p_x
    2   1   0   0       1.38327317  s
    2   2   1  -1       1.08822140  p_y
    2   2   1   0       1.13392203  p_z
    2   2   1   1       1.51090003  p_x
    3   1   0   0       0.81772440  s
    4   1   0   0       0.68516795  s
    5   1   0   0       0.68660943  s
    6   1   0   0       0.81316758  s

Input / Output electrons (q):     12.0000000000

Energy H0:                          -6.5181525360 H         -177.3680 eV
Energy SCC:                          0.1344394850 H            3.6583 eV
Energy SPIN:                        -0.0000338018 H           -0.0009 eV
Energy Fock:                        -0.2096071988 H           -5.7037 eV
Total Electronic energy:            -6.5933540516 H         -179.4143 eV
Repulsive energy:                    0.1858566850 H            5.0574 eV

Excitation Energy:                   0.0000000000 H            0.0000 eV

Total energy:                       -6.4079917217 H         -174.3703 eV

SCC converged

Total Forces
    1      0.004747638415     -0.004555107057     -0.014422060197
    2     -0.010952282123      0.003654697041      0.004725815477
    3     -0.015444866126      0.002931013103     -0.005294556512
    4     -0.011884717221     -0.004440485541      0.004037387510
    5      0.019349133940      0.003081536226      0.008979469422
    6      0.014185093116     -0.000671653772      0.001973944299

Maximal derivative component:        0.193491E-01 au


