REKS do not use any electronic distribution function

Calculation with static geometry

********************************************************************************************
  iSCC       reks energy        Diff energy         x_a       SCC error   
   87      -16.4235068659      -0.0000000000     0.999985    0.00000094
********************************************************************************************

 SA-REKS optimizes the avergaed state, not individual states
 These charges do not mean the charges for individual states
 Similarly to this, the values in band.out file indicate
 the band energies and occupations for the averaged state
 If you want to compute the relaxed density,
 please, set 'RelaxedDensity = Yes' option

 Total charge:     1.00000000

 Atomic gross charges (e)
 Atom           Charge
    1      -0.00758782
    2      -0.04094655
    3       0.07174066
    4       0.13849204
    5       0.10490884
    6       0.09068171
    7      -0.13525826
    8       0.11959449
    9       0.07999885
   10       0.21423544
   11       0.09150925
   12      -0.23121330
   13       0.26558399
   14       0.23826068

Nr. of electrons (up):     32.00000000
Atom populations (up)
 Atom       Population
    1       4.00758782
    2       4.04094655
    3       0.92825934
    4       0.86150796
    5       0.89509116
    6       3.90931829
    7       4.13525826
    8       0.88040551
    9       0.92000115
   10       3.78576456
   11       0.90849075
   12       5.23121330
   13       0.73441601
   14       0.76173932

l-shell populations (up)
 Atom Sh.   l       Population
    1   1   0       1.20143547
    1   2   1       2.80615234
    2   1   0       1.18578163
    2   2   1       2.85516492
    3   1   0       0.92825934
    4   1   0       0.86150796
    5   1   0       0.89509116
    6   1   0       1.20144828
    6   2   1       2.70787001
    7   1   0       1.17032533
    7   2   1       2.96493293
    8   1   0       0.88040551
    9   1   0       0.92000115
   10   1   0       1.15361721
   10   2   1       2.63214735
   11   1   0       0.90849075
   12   1   0       1.39390715
   12   2   1       3.83730616
   13   1   0       0.73441601
   14   1   0       0.76173932

Orbital populations (up)
 Atom Sh.   l   m       Population  Label
    1   1   0   0       1.20143547  s
    1   2   1  -1       0.85583996  p_y
    1   2   1   0       0.96274860  p_z
    1   2   1   1       0.98756378  p_x
    2   1   0   0       1.18578163  s
    2   2   1  -1       0.91266233  p_y
    2   2   1   0       0.98374777  p_z
    2   2   1   1       0.95875482  p_x
    3   1   0   0       0.92825934  s
    4   1   0   0       0.86150796  s
    5   1   0   0       0.89509116  s
    6   1   0   0       1.20144828  s
    6   2   1  -1       0.94066227  p_y
    6   2   1   0       0.88488138  p_z
    6   2   1   1       0.88232636  p_x
    7   1   0   0       1.17032533  s
    7   2   1  -1       0.98807888  p_y
    7   2   1   0       1.03284754  p_z
    7   2   1   1       0.94400651  p_x
    8   1   0   0       0.88040551  s
    9   1   0   0       0.92000115  s
   10   1   0   0       1.15361721  s
   10   2   1  -1       0.91652694  p_y
   10   2   1   0       0.85747728  p_z
   10   2   1   1       0.85814313  p_x
   11   1   0   0       0.90849075  s
   12   1   0   0       1.39390715  s
   12   2   1  -1       1.38836460  p_y
   12   2   1   0       1.33734503  p_z
   12   2   1   1       1.11159652  p_x
   13   1   0   0       0.73441601  s
   14   1   0   0       0.76173932  s

Input / Output electrons (q):     32.0000000000

Energy H0:                         -16.3287181043 H         -444.3270 eV
Energy SCC:                          0.0980636558 H            2.6684 eV
Energy SPIN:                        -0.0000032473 H           -0.0001 eV
Energy Fock:                        -0.6598890941 H          -17.9565 eV
Total Electronic energy:           -16.8905467900 H         -459.6152 eV
Repulsive energy:                    0.4010058908 H           10.9119 eV

Excitation Energy:                   0.0000000000 H            0.0000 eV

Total energy:                      -16.4900741059 H         -448.7177 eV

SCC converged

Total Forces
    1      0.039701593635     -0.007687989549     -0.089115731342
    2     -0.022777594916      0.068189358591      0.062726523435
    3     -0.003982647173      0.007385767342      0.000425815714
    4     -0.010024572823     -0.008276697259      0.027323338586
    5     -0.001316870616     -0.016067002805      0.017415881758
    6     -0.020974377079     -0.029971918339     -0.018954061371
    7      0.035914255708     -0.032427932776      0.007741877416
    8      0.020977256951      0.003512133116     -0.010746958180
    9     -0.010947913475      0.006649683921     -0.019167726978
   10      0.016186245303      0.034922400926      0.027757764399
   11     -0.002245198002     -0.029258656296     -0.016872456654
   12     -0.041435766006     -0.001077445076      0.020390002166
   13     -0.004102284148      0.013572751258     -0.005937981522
   14      0.005027872640     -0.009464453054     -0.002986287428

Maximal derivative component:        0.891157E-01 au


