REKS do not use any electronic distribution function

Calculation with static geometry

********************************************************************************************
  iSCC       reks energy        Diff energy         x_a       SCC error   
   48       -6.1232759085      -0.0000000000     1.000000    0.00000093
********************************************************************************************

 SA-REKS optimizes the avergaed state, not individual states
 These charges do not mean the charges for individual states
 Similarly to this, the values in band.out file indicate
 the band energies and occupations for the averaged state
 If you want to compute the relaxed density,
 please, set 'RelaxedDensity = Yes' option

 Total charge:     1.00000000

 Atomic gross charges (e)
 Atom           Charge
    1       0.19212965
    2      -0.20567802
    3       0.17136916
    4       0.32329651
    5       0.32039301
    6       0.19848969

Nr. of electrons (up):     12.00000000
Atom populations (up)
 Atom       Population
    1       3.80787035
    2       5.20567802
    3       0.82863084
    4       0.67670349
    5       0.67960699
    6       0.80151031

l-shell populations (up)
 Atom Sh.   l       Population
    1   1   0       1.46894055
    1   2   1       2.33892980
    2   1   0       1.52665248
    2   2   1       3.67902554
    3   1   0       0.82863084
    4   1   0       0.67670349
    5   1   0       0.67960699
    6   1   0       0.80151031

Orbital populations (up)
 Atom Sh.   l   m       Population  Label
    1   1   0   0       1.46894055  s
    1   2   1  -1       0.77267527  p_y
    1   2   1   0       0.81215563  p_z
    1   2   1   1       0.75409890  p_x
    2   1   0   0       1.52665248  s
    2   2   1  -1       1.40545854  p_y
    2   2   1   0       1.07113814  p_z
    2   2   1   1       1.20242887  p_x
    3   1   0   0       0.82863084  s
    4   1   0   0       0.67670349  s
    5   1   0   0       0.67960699  s
    6   1   0   0       0.80151031  s

Input / Output electrons (q):     12.0000000000

Energy H0:                          -6.0517886476 H         -164.6775 eV
Energy SCC:                          0.1481797302 H            4.0322 eV
Energy SPIN:                        -0.0000000008 H           -0.0000 eV
Energy Fock:                        -0.2423249334 H           -6.5940 eV
Total Electronic energy:            -6.1459338517 H         -167.2394 eV
Repulsive energy:                    0.0198593653 H            0.5404 eV

Excitation Energy:                   0.0000000000 H            0.0000 eV

Total energy:                       -6.1797207668 H         -168.1588 eV

SCC converged

Total Forces
    1      0.042694091023      0.028594388063      0.025260279260
    2      0.036494089706     -0.047045801711     -0.152313481100
    3     -0.061789214059      0.045825380811      0.051970967574
    4     -0.078249129731      0.034698620371      0.004060483330
    5      0.025148561471     -0.007660397332      0.001625962686
    6      0.035701601591     -0.054412190202      0.069395788249

Maximal derivative component:        0.152313E+00 au


