REKS do not use any electronic distribution function

Calculation with static geometry

********************************************************************************************
  iSCC       reks energy        Diff energy         x_a       SCC error   
   47       -6.2838429871      -0.0000000000     0.999971    0.00000088
********************************************************************************************

 SA-REKS optimizes the avergaed state, not individual states
 These charges do not mean the charges for individual states
 Similarly to this, the values in band.out file indicate
 the band energies and occupations for the averaged state
 If you want to compute the relaxed density,
 please, set 'RelaxedDensity = Yes' option

 Total charge:     1.00000000

 Atomic gross charges (e)
 Atom           Charge
    1       0.10327866
    2      -0.10279628
    3       0.18663775
    4       0.31043210
    5       0.30842153
    6       0.19402623

Nr. of electrons (up):     12.00000000
Atom populations (up)
 Atom       Population
    1       3.89672134
    2       5.10279628
    3       0.81336225
    4       0.68956790
    5       0.69157847
    6       0.80597377

l-shell populations (up)
 Atom Sh.   l       Population
    1   1   0       1.17729038
    1   2   1       2.71943096
    2   1   0       1.38041770
    2   2   1       3.72237858
    3   1   0       0.81336225
    4   1   0       0.68956790
    5   1   0       0.69157847
    6   1   0       0.80597377

Orbital populations (up)
 Atom Sh.   l   m       Population  Label
    1   1   0   0       1.17729038  s
    1   2   1  -1       0.85156908  p_y
    1   2   1   0       0.89474497  p_z
    1   2   1   1       0.97311692  p_x
    2   1   0   0       1.38041770  s
    2   2   1  -1       1.09404645  p_y
    2   2   1   0       1.12329683  p_z
    2   2   1   1       1.50503530  p_x
    3   1   0   0       0.81336225  s
    4   1   0   0       0.68956790  s
    5   1   0   0       0.69157847  s
    6   1   0   0       0.80597377  s

Input / Output electrons (q):     12.0000000000

Energy H0:                          -6.5303832795 H         -177.7008 eV
Energy SCC:                          0.1355269067 H            3.6879 eV
Energy SPIN:                        -0.0000167195 H           -0.0005 eV
Energy Fock:                        -0.2092375564 H           -5.6936 eV
Total Electronic energy:            -6.6041106487 H         -179.7070 eV
Repulsive energy:                    0.1906040748 H            5.1866 eV

Excitation Energy:                   0.0000000000 H            0.0000 eV

Total energy:                       -6.4135820274 H         -174.5224 eV

SCC converged

Total Forces
    1     -0.005726249516     -0.008559728344     -0.022941527243
    2      0.017624134981     -0.004112440697      0.026972637667
    3     -0.007341692183      0.004166335420     -0.008397015717
    4     -0.013817826660      0.003604685926     -0.001272153733
    5      0.001176308538      0.006537655767     -0.000690034740
    6      0.008085324841     -0.001636508072      0.006328093766

Maximal derivative component:        0.269726E-01 au


