REKS do not use any electronic distribution function

Calculation with static geometry

********************************************************************************************
  iSCC       reks energy        Diff energy         x_a       SCC error   
   73      -16.4201447169      -0.0000000000     1.000000    0.00000096
********************************************************************************************

 SA-REKS optimizes the avergaed state, not individual states
 These charges do not mean the charges for individual states
 Similarly to this, the values in band.out file indicate
 the band energies and occupations for the averaged state
 If you want to compute the relaxed density,
 please, set 'RelaxedDensity = Yes' option

 Total charge:     1.00000000

 Atomic gross charges (e)
 Atom           Charge
    1      -0.06177346
    2      -0.01269522
    3       0.10873697
    4       0.13512741
    5       0.10241316
    6       0.06387996
    7      -0.11510032
    8       0.12843020
    9       0.10552664
   10       0.13048845
   11       0.10697374
   12      -0.19274872
   13       0.26049896
   14       0.24024224

Nr. of electrons (up):     32.00000000
Atom populations (up)
 Atom       Population
    1       4.06177346
    2       4.01269522
    3       0.89126303
    4       0.86487259
    5       0.89758684
    6       3.93612004
    7       4.11510032
    8       0.87156980
    9       0.89447336
   10       3.86951155
   11       0.89302626
   12       5.19274872
   13       0.73950104
   14       0.75975776

l-shell populations (up)
 Atom Sh.   l       Population
    1   1   0       1.23024733
    1   2   1       2.83152613
    2   1   0       1.18107019
    2   2   1       2.83162503
    3   1   0       0.89126303
    4   1   0       0.86487259
    5   1   0       0.89758684
    6   1   0       1.20386024
    6   2   1       2.73225981
    7   1   0       1.18761217
    7   2   1       2.92748815
    8   1   0       0.87156980
    9   1   0       0.89447336
   10   1   0       1.14612472
   10   2   1       2.72338683
   11   1   0       0.89302626
   12   1   0       1.38800321
   12   2   1       3.80474551
   13   1   0       0.73950104
   14   1   0       0.75975776

Orbital populations (up)
 Atom Sh.   l   m       Population  Label
    1   1   0   0       1.23024733  s
    1   2   1  -1       0.95575069  p_y
    1   2   1   0       0.91100536  p_z
    1   2   1   1       0.96477009  p_x
    2   1   0   0       1.18107019  s
    2   2   1  -1       0.91213087  p_y
    2   2   1   0       0.95816837  p_z
    2   2   1   1       0.96132578  p_x
    3   1   0   0       0.89126303  s
    4   1   0   0       0.86487259  s
    5   1   0   0       0.89758684  s
    6   1   0   0       1.20386024  s
    6   2   1  -1       0.94277834  p_y
    6   2   1   0       0.86938238  p_z
    6   2   1   1       0.92009909  p_x
    7   1   0   0       1.18761217  s
    7   2   1  -1       1.00100463  p_y
    7   2   1   0       0.99943005  p_z
    7   2   1   1       0.92705347  p_x
    8   1   0   0       0.87156980  s
    9   1   0   0       0.89447336  s
   10   1   0   0       1.14612472  s
   10   2   1  -1       0.91840482  p_y
   10   2   1   0       0.93156781  p_z
   10   2   1   1       0.87341420  p_x
   11   1   0   0       0.89302626  s
   12   1   0   0       1.38800321  s
   12   2   1  -1       1.35921609  p_y
   12   2   1   0       1.32400105  p_z
   12   2   1   1       1.12152838  p_x
   13   1   0   0       0.73950104  s
   14   1   0   0       0.75975776  s

Input / Output electrons (q):     32.0000000000

Energy H0:                         -16.3075278154 H         -443.7504 eV
Energy SCC:                          0.1111842884 H            3.0255 eV
Energy SPIN:                        -0.0000000070 H           -0.0000 eV
Energy Fock:                        -0.6667516843 H          -18.1432 eV
Total Electronic energy:           -16.8630952183 H         -458.8682 eV
Repulsive energy:                    0.3807871425 H           10.3617 eV

Excitation Energy:                   0.0000000000 H            0.0000 eV

Total energy:                      -16.4823182045 H         -448.5067 eV

SCC converged

Total Forces
    1      0.013046553097      0.015615924837     -0.001704207835
    2     -0.030373859787     -0.002268516571      0.005010861912
    3     -0.017662567513     -0.028154148529      0.017709656220
    4     -0.006702239664      0.020830359526     -0.023000549834
    5      0.003149950366      0.014116744842     -0.011391715404
    6      0.078030886655      0.000132564867      0.020792654539
    7     -0.020625414432      0.040189559362     -0.003755534148
    8     -0.016875403820     -0.031132163318      0.016100815328
    9      0.008694276227     -0.027601879831      0.005176808472
   10     -0.052256104043      0.020106335484     -0.048276035402
   11      0.017517294912     -0.012261138528      0.008567622382
   12      0.013065696315     -0.044054554842      0.005614114316
   13      0.001607443171      0.010438102397     -0.007532085225
   14      0.009383488514      0.024042810305      0.016687594679

Maximal derivative component:        0.780309E-01 au


