REKS do not use any electronic distribution function

Calculation with static geometry

********************************************************************************************
  iSCC       reks energy        Diff energy         x_a       SCC error   
   48       -6.2859469648      -0.0000000000     0.999974    0.00000092
********************************************************************************************

 SA-REKS optimizes the avergaed state, not individual states
 These charges do not mean the charges for individual states
 Similarly to this, the values in band.out file indicate
 the band energies and occupations for the averaged state
 If you want to compute the relaxed density,
 please, set 'RelaxedDensity = Yes' option

 Total charge:     1.00000000

 Atomic gross charges (e)
 Atom           Charge
    1       0.09890767
    2      -0.10503209
    3       0.19176757
    4       0.31038134
    5       0.31066586
    6       0.19330965

Nr. of electrons (up):     12.00000000
Atom populations (up)
 Atom       Population
    1       3.90109233
    2       5.10503209
    3       0.80823243
    4       0.68961866
    5       0.68933414
    6       0.80669035

l-shell populations (up)
 Atom Sh.   l       Population
    1   1   0       1.18121339
    1   2   1       2.71987895
    2   1   0       1.38058050
    2   2   1       3.72445159
    3   1   0       0.80823243
    4   1   0       0.68961866
    5   1   0       0.68933414
    6   1   0       0.80669035

Orbital populations (up)
 Atom Sh.   l   m       Population  Label
    1   1   0   0       1.18121339  s
    1   2   1  -1       0.84518745  p_y
    1   2   1   0       0.89523462  p_z
    1   2   1   1       0.97945688  p_x
    2   1   0   0       1.38058050  s
    2   2   1  -1       1.08908310  p_y
    2   2   1   0       1.12364616  p_z
    2   2   1   1       1.51172233  p_x
    3   1   0   0       0.80823243  s
    4   1   0   0       0.68961866  s
    5   1   0   0       0.68933414  s
    6   1   0   0       0.80669035  s

Input / Output electrons (q):     12.0000000000

Energy H0:                          -6.5288769138 H         -177.6598 eV
Energy SCC:                          0.1354417926 H            3.6856 eV
Energy SPIN:                        -0.0000152360 H           -0.0004 eV
Energy Fock:                        -0.2085355737 H           -5.6745 eV
Total Electronic energy:            -6.6019859308 H         -179.6492 eV
Repulsive energy:                    0.1849614063 H            5.0331 eV

Excitation Energy:                   0.0000000000 H            0.0000 eV

Total energy:                       -6.4170733762 H         -174.6175 eV

SCC converged

Total Forces
    1     -0.000301143116     -0.002299210891     -0.011206705835
    2      0.002859266574     -0.003909357345      0.011104502342
    3     -0.007442885245      0.007238234328     -0.001586703053
    4     -0.007714416805     -0.000966263658      0.001425078545
    5      0.005484594647      0.006122374328     -0.000479677578
    6      0.007114583945     -0.006185776762      0.000743505579

Maximal derivative component:        0.112067E-01 au


