 KPT            1  SPIN            1  KWEIGHT    1.0000000000000000     
     1   -29.971  2.00000
     2   -27.018  2.00000
     3   -25.370  2.00000
     4   -22.917  2.00000
     5   -21.164  2.00000
     6   -20.268  2.00000
     7   -19.679  2.00000
     8   -18.783  2.00000
     9   -18.079  2.00000
    10   -17.581  2.00000
    11   -16.972  2.00000
    12   -16.485  2.00000
    13   -15.631  2.00000
    14   -14.757  2.00000
    15   -14.383  2.00000
    16   -14.027  1.49999
    17    -9.775  0.50001
    18    -3.051  0.00000
    19    -1.798  0.00000
    20     6.953  0.00000
    21    10.123  0.00000
    22    11.170  0.00000
    23    12.863  0.00000
    24    14.820  0.00000
    25    15.292  0.00000
    26    16.802  0.00000
    27    18.451  0.00000
    28    26.237  0.00000
    29    28.306  0.00000
    30    35.463  0.00000
    31    45.743  0.00000
    32    47.041  0.00000

