REKS do not use any electronic distribution function

Calculation with static geometry

********************************************************************************************
  iSCC       reks energy        Diff energy         x_a       SCC error   
  185      -16.3922747736      -0.0000000000     0.999994    0.00000098
********************************************************************************************

 SA-REKS optimizes the avergaed state, not individual states
 These charges do not mean the charges for individual states
 Similarly to this, the values in band.out file indicate
 the band energies and occupations for the averaged state
 If you want to compute the relaxed density,
 please, set 'RelaxedDensity = Yes' option

 Total charge:     1.00000000

 Atomic gross charges (e)
 Atom           Charge
    1      -0.02279589
    2      -0.00403342
    3       0.12893192
    4       0.10242619
    5       0.08890121
    6       0.02330882
    7      -0.18009488
    8       0.11306708
    9       0.11663532
   10       0.19800236
   11       0.08278205
   12      -0.15232351
   13       0.25539280
   14       0.24979997

Nr. of electrons (up):     32.00000000
Atom populations (up)
 Atom       Population
    1       4.02279589
    2       4.00403342
    3       0.87106808
    4       0.89757381
    5       0.91109879
    6       3.97669118
    7       4.18009488
    8       0.88693292
    9       0.88336468
   10       3.80199764
   11       0.91721795
   12       5.15232351
   13       0.74460720
   14       0.75020003

l-shell populations (up)
 Atom Sh.   l       Population
    1   1   0       1.20944740
    1   2   1       2.81334850
    2   1   0       1.19635602
    2   2   1       2.80767740
    3   1   0       0.87106808
    4   1   0       0.89757381
    5   1   0       0.91109879
    6   1   0       1.22786938
    6   2   1       2.74882180
    7   1   0       1.17087693
    7   2   1       3.00921795
    8   1   0       0.88693292
    9   1   0       0.88336468
   10   1   0       1.10734229
   10   2   1       2.69465535
   11   1   0       0.91721795
   12   1   0       1.36989680
   12   2   1       3.78242672
   13   1   0       0.74460720
   14   1   0       0.75020003

Orbital populations (up)
 Atom Sh.   l   m       Population  Label
    1   1   0   0       1.20944740  s
    1   2   1  -1       0.94178338  p_y
    1   2   1   0       0.98720420  p_z
    1   2   1   1       0.88436091  p_x
    2   1   0   0       1.19635602  s
    2   2   1  -1       0.90292702  p_y
    2   2   1   0       0.96550323  p_z
    2   2   1   1       0.93924714  p_x
    3   1   0   0       0.87106808  s
    4   1   0   0       0.89757381  s
    5   1   0   0       0.91109879  s
    6   1   0   0       1.22786938  s
    6   2   1  -1       0.92540542  p_y
    6   2   1   0       0.87189161  p_z
    6   2   1   1       0.95152476  p_x
    7   1   0   0       1.17087693  s
    7   2   1  -1       0.97634937  p_y
    7   2   1   0       1.06202690  p_z
    7   2   1   1       0.97084168  p_x
    8   1   0   0       0.88693292  s
    9   1   0   0       0.88336468  s
   10   1   0   0       1.10734229  s
   10   2   1  -1       0.99015931  p_y
   10   2   1   0       0.83645317  p_z
   10   2   1   1       0.86804287  p_x
   11   1   0   0       0.91721795  s
   12   1   0   0       1.36989680  s
   12   2   1  -1       1.14747517  p_y
   12   2   1   0       1.48738347  p_z
   12   2   1   1       1.14756808  p_x
   13   1   0   0       0.74460720  s
   14   1   0   0       0.75020003  s

Input / Output electrons (q):     32.0000000000

Energy H0:                         -16.3729126218 H         -445.5296 eV
Energy SCC:                          0.1017368759 H            2.7684 eV
Energy SPIN:                        -0.0000015228 H           -0.0000 eV
Energy Fock:                        -0.6712462587 H          -18.2655 eV
Total Electronic energy:           -16.9424235274 H         -461.0268 eV
Repulsive energy:                    0.4736628142 H           12.8890 eV

Excitation Energy:                   0.0000000000 H            0.0000 eV

Total energy:                      -16.4700089194 H         -448.1717 eV

SCC converged

Total Forces
    1     -0.042829517330     -0.048476170956     -0.000112725171
    2      0.041373362234      0.103505342486      0.049990874820
    3      0.015078048651      0.005960297808      0.013395529751
    4     -0.022399503063     -0.004153201232     -0.028771350187
    5      0.017497193902      0.003324538584     -0.045200525640
    6     -0.008157805151     -0.066026626849     -0.041554808783
    7     -0.066336169922      0.010885539317      0.031688632732
    8      0.001189433454     -0.021919751457      0.035687259064
    9      0.022864657037     -0.033419957782      0.008026469326
   10     -0.052584475858      0.011884508182     -0.034144285506
   11     -0.026237865047      0.048179815657      0.011330623835
   12      0.119238553497     -0.029701930296     -0.006701744043
   13      0.003622903990     -0.006686308657      0.004181268432
   14     -0.002318816394      0.026643905195      0.002184781370

Maximal derivative component:        0.119239E+00 au


