REKS do not use any electronic distribution function

Calculation with static geometry

********************************************************************************************
  iSCC       reks energy        Diff energy         x_a       SCC error   
   45       -6.2880970412      -0.0000000000     0.999973    0.00000089
********************************************************************************************

 SA-REKS optimizes the avergaed state, not individual states
 These charges do not mean the charges for individual states
 Similarly to this, the values in band.out file indicate
 the band energies and occupations for the averaged state
 If you want to compute the relaxed density,
 please, set 'RelaxedDensity = Yes' option

 Total charge:     1.00000000

 Atomic gross charges (e)
 Atom           Charge
    1       0.10315501
    2      -0.10419762
    3       0.19110106
    4       0.30932737
    5       0.30939980
    6       0.19121437

Nr. of electrons (up):     12.00000000
Atom populations (up)
 Atom       Population
    1       3.89684499
    2       5.10419762
    3       0.80889894
    4       0.69067263
    5       0.69060020
    6       0.80878563

l-shell populations (up)
 Atom Sh.   l       Population
    1   1   0       1.17490292
    1   2   1       2.72194207
    2   1   0       1.37994365
    2   2   1       3.72425396
    3   1   0       0.80889894
    4   1   0       0.69067263
    5   1   0       0.69060020
    6   1   0       0.80878563

Orbital populations (up)
 Atom Sh.   l   m       Population  Label
    1   1   0   0       1.17490292  s
    1   2   1  -1       0.98428429  p_y
    1   2   1   0       0.88261899  p_z
    1   2   1   1       0.85503878  p_x
    2   1   0   0       1.37994365  s
    2   2   1  -1       1.51352300  p_y
    2   2   1   0       1.11144624  p_z
    2   2   1   1       1.09928472  p_x
    3   1   0   0       0.80889894  s
    4   1   0   0       0.69067263  s
    5   1   0   0       0.69060020  s
    6   1   0   0       0.80878563  s

Input / Output electrons (q):     12.0000000000

Energy H0:                          -6.5331142017 H         -177.7751 eV
Energy SCC:                          0.1355448582 H            3.6884 eV
Energy SPIN:                        -0.0000153669 H           -0.0004 eV
Energy Fock:                        -0.2071453463 H           -5.6367 eV
Total Electronic energy:            -6.6047300567 H         -179.7238 eV
Repulsive energy:                    0.1857198982 H            5.0537 eV

Excitation Energy:                   0.0000000000 H            0.0000 eV

Total energy:                       -6.4190111685 H         -174.6702 eV

SCC converged

Total Forces
    1      0.000299301992     -0.000005354477      0.004375035949
    2     -0.000650660594      0.003027323530     -0.002984832561
    3      0.003179046872     -0.001555419093      0.002821976228
    4      0.001643607570     -0.000005734418     -0.003540167929
    5     -0.001209315104     -0.001968699211     -0.003884445656
    6     -0.003261980736      0.000507883670      0.003212433969

Maximal derivative component:        0.437504E-02 au


