REKS do not use any electronic distribution function

Calculation with static geometry

********************************************************************************************
  iSCC       reks energy        Diff energy         x_a       SCC error   
   66       -6.2851302695      -0.0000000000     0.999933    0.00000098
********************************************************************************************

 SA-REKS optimizes the avergaed state, not individual states
 These charges do not mean the charges for individual states
 Similarly to this, the values in band.out file indicate
 the band energies and occupations for the averaged state
 If you want to compute the relaxed density,
 please, set 'RelaxedDensity = Yes' option

 Total charge:     1.00000000

 Atomic gross charges (e)
 Atom           Charge
    1       0.12199118
    2      -0.12289694
    3       0.18624726
    4       0.31390368
    5       0.31439604
    6       0.18635878

Nr. of electrons (up):     12.00000000
Atom populations (up)
 Atom       Population
    1       3.87800882
    2       5.12289694
    3       0.81375274
    4       0.68609632
    5       0.68560396
    6       0.81364122

l-shell populations (up)
 Atom Sh.   l       Population
    1   1   0       1.18731662
    1   2   1       2.69069220
    2   1   0       1.38697707
    2   2   1       3.73591987
    3   1   0       0.81375274
    4   1   0       0.68609632
    5   1   0       0.68560396
    6   1   0       0.81364122

Orbital populations (up)
 Atom Sh.   l   m       Population  Label
    1   1   0   0       1.18731662  s
    1   2   1  -1       0.85397431  p_y
    1   2   1   0       0.89748616  p_z
    1   2   1   1       0.93923173  p_x
    2   1   0   0       1.38697707  s
    2   2   1  -1       1.08306049  p_y
    2   2   1   0       1.13458607  p_z
    2   2   1   1       1.51827332  p_x
    3   1   0   0       0.81375274  s
    4   1   0   0       0.68609632  s
    5   1   0   0       0.68560396  s
    6   1   0   0       0.81364122  s

Input / Output electrons (q):     12.0000000000

Energy H0:                          -6.5144315179 H         -177.2667 eV
Energy SCC:                          0.1341115865 H            3.6494 eV
Energy SPIN:                        -0.0000353401 H           -0.0010 eV
Energy Fock:                        -0.2084208665 H           -5.6714 eV
Total Electronic energy:            -6.5887761380 H         -179.2897 eV
Repulsive energy:                    0.1803467681 H            4.9075 eV

Excitation Energy:                   0.0000000000 H            0.0000 eV

Total energy:                       -6.4089115542 H         -174.3954 eV

SCC converged

Total Forces
    1      0.005176088141     -0.003254453546      0.017239485911
    2     -0.012104459052      0.000504986015     -0.021629199296
    3     -0.014242280043      0.002561915604     -0.005032717573
    4     -0.010735753686     -0.002110559023      0.008080678730
    5      0.018489582425      0.002589461561      0.007136313602
    6      0.013416822215     -0.000291350611     -0.005794561375

Maximal derivative component:        0.216292E-01 au


