 KPT            1  SPIN            1  KWEIGHT    1.0000000000000000     
     1   -29.647  2.00000
     2   -27.573  2.00000
     3   -25.407  2.00000
     4   -23.343  2.00000
     5   -21.642  2.00000
     6   -20.420  2.00000
     7   -19.203  2.00000
     8   -19.094  2.00000
     9   -18.145  2.00000
    10   -17.766  2.00000
    11   -17.115  2.00000
    12   -16.673  2.00000
    13   -16.199  2.00000
    14   -15.340  2.00000
    15   -14.675  2.00000
    16   -14.259  1.50000
    17    -9.865  0.50000
    18    -3.919  0.00000
    19    -2.427  0.00000
    20     8.704  0.00000
    21     9.835  0.00000
    22    11.725  0.00000
    23    12.863  0.00000
    24    16.891  0.00000
    25    17.317  0.00000
    26    20.087  0.00000
    27    21.272  0.00000
    28    21.937  0.00000
    29    26.739  0.00000
    30    30.353  0.00000
    31    36.073  0.00000
    32    43.208  0.00000

