REKS do not use any electronic distribution function

Calculation with static geometry

********************************************************************************************
  iSCC       reks energy        Diff energy         x_a       SCC error   
  100      -16.4320748719      -0.0000000000     1.000000    0.00000097
********************************************************************************************

 SA-REKS optimizes the avergaed state, not individual states
 These charges do not mean the charges for individual states
 Similarly to this, the values in band.out file indicate
 the band energies and occupations for the averaged state
 If you want to compute the relaxed density,
 please, set 'RelaxedDensity = Yes' option

 Total charge:     1.00000000

 Atomic gross charges (e)
 Atom           Charge
    1      -0.09705333
    2       0.01797188
    3       0.07405452
    4       0.13340416
    5       0.12385455
    6       0.05889234
    7      -0.06882703
    8       0.10801344
    9       0.11433060
   10       0.12606452
   11       0.10272241
   12      -0.21888114
   13       0.27882871
   14       0.24662436

Nr. of electrons (up):     32.00000000
Atom populations (up)
 Atom       Population
    1       4.09705333
    2       3.98202812
    3       0.92594548
    4       0.86659584
    5       0.87614545
    6       3.94110766
    7       4.06882703
    8       0.89198656
    9       0.88566940
   10       3.87393548
   11       0.89727759
   12       5.21888114
   13       0.72117129
   14       0.75337564

l-shell populations (up)
 Atom Sh.   l       Population
    1   1   0       1.20713981
    1   2   1       2.88991352
    2   1   0       1.16008478
    2   2   1       2.82194333
    3   1   0       0.92594548
    4   1   0       0.86659584
    5   1   0       0.87614545
    6   1   0       1.16260512
    6   2   1       2.77850255
    7   1   0       1.16888618
    7   2   1       2.89994085
    8   1   0       0.89198656
    9   1   0       0.88566940
   10   1   0       1.15289862
   10   2   1       2.72103686
   11   1   0       0.89727759
   12   1   0       1.40247981
   12   2   1       3.81640133
   13   1   0       0.72117129
   14   1   0       0.75337564

Orbital populations (up)
 Atom Sh.   l   m       Population  Label
    1   1   0   0       1.20713981  s
    1   2   1  -1       1.00047384  p_y
    1   2   1   0       0.94718985  p_z
    1   2   1   1       0.94224983  p_x
    2   1   0   0       1.16008478  s
    2   2   1  -1       0.94038065  p_y
    2   2   1   0       0.95140885  p_z
    2   2   1   1       0.93015384  p_x
    3   1   0   0       0.92594548  s
    4   1   0   0       0.86659584  s
    5   1   0   0       0.87614545  s
    6   1   0   0       1.16260512  s
    6   2   1  -1       0.95789746  p_y
    6   2   1   0       0.91249728  p_z
    6   2   1   1       0.90810781  p_x
    7   1   0   0       1.16888618  s
    7   2   1  -1       0.98839728  p_y
    7   2   1   0       0.95291253  p_z
    7   2   1   1       0.95863103  p_x
    8   1   0   0       0.89198656  s
    9   1   0   0       0.88566940  s
   10   1   0   0       1.15289862  s
   10   2   1  -1       0.90115744  p_y
   10   2   1   0       0.96762402  p_z
   10   2   1   1       0.85225539  p_x
   11   1   0   0       0.89727759  s
   12   1   0   0       1.40247981  s
   12   2   1  -1       1.51818230  p_y
   12   2   1   0       1.19239154  p_z
   12   2   1   1       1.10582749  p_x
   13   1   0   0       0.72117129  s
   14   1   0   0       0.75337564  s

Input / Output electrons (q):     32.0000000000

Energy H0:                         -16.3749223154 H         -445.5843 eV
Energy SCC:                          0.1103211934 H            3.0020 eV
Energy SPIN:                        -0.0000000108 H           -0.0000 eV
Energy Fock:                        -0.6669530968 H          -18.1487 eV
Total Electronic energy:           -16.9315542296 H         -460.7310 eV
Repulsive energy:                    0.4279505231 H           11.6451 eV

Excitation Energy:                   0.0000000000 H            0.0000 eV

Total energy:                      -16.5036065325 H         -449.0860 eV

SCC converged

Total Forces
    1     -0.020829602698      0.028818516104     -0.052768014867
    2      0.026788992463     -0.066474571630      0.004252562558
    3      0.009775654292     -0.009957302369      0.003340557239
    4     -0.005568973210     -0.028741323509      0.008143464521
    5     -0.009308892996      0.011659699185     -0.013669589519
    6     -0.031385020773      0.062532765114      0.033420339136
    7      0.036860218283     -0.019443043467     -0.019758446562
    8      0.014603827059      0.007296400671      0.013955621501
    9     -0.001908214259      0.008535204497      0.006787032921
   10      0.035410932206     -0.001992281110      0.010570272985
   11     -0.004188314412     -0.003022798297     -0.000902644076
   12     -0.039032664061     -0.005167727336     -0.001970346802
   13     -0.040974119946      0.015668666318      0.018138316178
   14      0.029756178052      0.000287795828     -0.009539125212

Maximal derivative component:        0.664746E-01 au


