REKS do not use any electronic distribution function

Calculation with static geometry

********************************************************************************************
  iSCC       reks energy        Diff energy         x_a       SCC error   
   45       -6.2833362137      -0.0000000000     0.999970    0.00000095
********************************************************************************************

 SA-REKS optimizes the avergaed state, not individual states
 These charges do not mean the charges for individual states
 Similarly to this, the values in band.out file indicate
 the band energies and occupations for the averaged state
 If you want to compute the relaxed density,
 please, set 'RelaxedDensity = Yes' option

 Total charge:     1.00000000

 Atomic gross charges (e)
 Atom           Charge
    1       0.10637543
    2      -0.10224061
    3       0.18453125
    4       0.30925848
    5       0.30826778
    6       0.19380766

Nr. of electrons (up):     12.00000000
Atom populations (up)
 Atom       Population
    1       3.89362457
    2       5.10224061
    3       0.81546875
    4       0.69074152
    5       0.69173222
    6       0.80619234

l-shell populations (up)
 Atom Sh.   l       Population
    1   1   0       1.17557220
    1   2   1       2.71805237
    2   1   0       1.38096920
    2   2   1       3.72127140
    3   1   0       0.81546875
    4   1   0       0.69074152
    5   1   0       0.69173222
    6   1   0       0.80619234

Orbital populations (up)
 Atom Sh.   l   m       Population  Label
    1   1   0   0       1.17557220  s
    1   2   1  -1       0.85684783  p_y
    1   2   1   0       0.89186580  p_z
    1   2   1   1       0.96933874  p_x
    2   1   0   0       1.38096920  s
    2   2   1  -1       1.10012179  p_y
    2   2   1   0       1.12334079  p_z
    2   2   1   1       1.49780881  p_x
    3   1   0   0       0.81546875  s
    4   1   0   0       0.69074152  s
    5   1   0   0       0.69173222  s
    6   1   0   0       0.80619234  s

Input / Output electrons (q):     12.0000000000

Energy H0:                          -6.5291275892 H         -177.6666 eV
Energy SCC:                          0.1356198111 H            3.6904 eV
Energy SPIN:                        -0.0000171969 H           -0.0005 eV
Energy Fock:                        -0.2094362181 H           -5.6990 eV
Total Electronic energy:            -6.6029611931 H         -179.6757 eV
Repulsive energy:                    0.1910030722 H            5.1975 eV

Excitation Energy:                   0.0000000000 H            0.0000 eV

Total energy:                       -6.4120258251 H         -174.4801 eV

SCC converged

Total Forces
    1     -0.004081949898      0.017807609312     -0.026241117675
    2      0.024364677593      0.002846711692      0.030387869207
    3     -0.007537581006     -0.003240766085     -0.007595569676
    4     -0.015583779380     -0.007479790565     -0.000322149154
    5     -0.003430009151     -0.007225024659     -0.005083132477
    6      0.006268641841     -0.002708739696      0.008854099775

Maximal derivative component:        0.303879E-01 au


