REKS do not use any electronic distribution function

Calculation with static geometry

********************************************************************************************
  iSCC       reks energy        Diff energy         x_a       SCC error   
   52       -6.2889011315      -0.0000000000     0.999969    0.00000096
********************************************************************************************

 SA-REKS optimizes the avergaed state, not individual states
 These charges do not mean the charges for individual states
 Similarly to this, the values in band.out file indicate
 the band energies and occupations for the averaged state
 If you want to compute the relaxed density,
 please, set 'RelaxedDensity = Yes' option

 Total charge:     1.00000000

 Atomic gross charges (e)
 Atom           Charge
    1       0.10718270
    2      -0.11103370
    3       0.19119240
    4       0.31043514
    5       0.31003244
    6       0.19219102

Nr. of electrons (up):     12.00000000
Atom populations (up)
 Atom       Population
    1       3.89281730
    2       5.11103370
    3       0.80880760
    4       0.68956486
    5       0.68996756
    6       0.80780898

l-shell populations (up)
 Atom Sh.   l       Population
    1   1   0       1.18077335
    1   2   1       2.71204396
    2   1   0       1.38375358
    2   2   1       3.72728012
    3   1   0       0.80880760
    4   1   0       0.68956486
    5   1   0       0.68996756
    6   1   0       0.80780898

Orbital populations (up)
 Atom Sh.   l   m       Population  Label
    1   1   0   0       1.18077335  s
    1   2   1  -1       0.85832358  p_y
    1   2   1   0       0.88295323  p_z
    1   2   1   1       0.97076715  p_x
    2   1   0   0       1.38375358  s
    2   2   1  -1       1.11782827  p_y
    2   2   1   0       1.11394083  p_z
    2   2   1   1       1.49551102  p_x
    3   1   0   0       0.80880760  s
    4   1   0   0       0.68956486  s
    5   1   0   0       0.68996756  s
    6   1   0   0       0.80780898  s

Input / Output electrons (q):     12.0000000000

Energy H0:                          -6.5256490859 H         -177.5719 eV
Energy SCC:                          0.1350367701 H            3.6745 eV
Energy SPIN:                        -0.0000177435 H           -0.0005 eV
Energy Fock:                        -0.2065888658 H           -5.6216 eV
Total Electronic energy:            -6.5972189251 H         -179.5195 eV
Repulsive energy:                    0.1789293348 H            4.8689 eV

Excitation Energy:                   0.0000000000 H            0.0000 eV

Total energy:                       -6.4183089336 H         -174.6511 eV

SCC converged

Total Forces
    1     -0.000639720842     -0.000449132299      0.023063589753
    2      0.001805534935      0.001327393832     -0.020564113489
    3      0.004020011391     -0.000094988619     -0.000110641420
    4      0.003365082758     -0.001779030351     -0.002344705337
    5     -0.004732138786      0.000985921967     -0.001826726267
    6     -0.003818769455      0.000009835469      0.001782596760

Maximal derivative component:        0.230636E-01 au


