 KPT            1  SPIN            1  KWEIGHT    1.0000000000000000     
     1   -29.405  2.00000
     2   -27.330  2.00000
     3   -25.433  2.00000
     4   -23.223  2.00000
     5   -21.491  2.00000
     6   -20.097  2.00000
     7   -19.216  2.00000
     8   -18.567  2.00000
     9   -17.964  2.00000
    10   -17.808  2.00000
    11   -16.951  2.00000
    12   -16.749  2.00000
    13   -15.911  2.00000
    14   -15.176  2.00000
    15   -14.890  2.00000
    16   -14.007  1.49998
    17   -10.898  0.50002
    18    -3.507  0.00000
    19    -2.665  0.00000
    20     7.082  0.00000
    21     8.787  0.00000
    22     9.937  0.00000
    23    14.445  0.00000
    24    16.903  0.00000
    25    17.863  0.00000
    26    18.453  0.00000
    27    19.134  0.00000
    28    22.025  0.00000
    29    24.929  0.00000
    30    27.239  0.00000
    31    30.478  0.00000
    32    41.781  0.00000

