REKS do not use any electronic distribution function

Calculation with static geometry

********************************************************************************************
  iSCC       reks energy        Diff energy         x_a       SCC error   
   83      -16.4430904604      -0.0000000000     0.999981    0.00000093
********************************************************************************************

 SA-REKS optimizes the avergaed state, not individual states
 These charges do not mean the charges for individual states
 Similarly to this, the values in band.out file indicate
 the band energies and occupations for the averaged state
 If you want to compute the relaxed density,
 please, set 'RelaxedDensity = Yes' option

 Total charge:     1.00000000

 Atomic gross charges (e)
 Atom           Charge
    1      -0.09993486
    2      -0.03726180
    3       0.11944395
    4       0.12014778
    5       0.14615611
    6       0.07471420
    7      -0.12949511
    8       0.13683742
    9       0.13105765
   10       0.22068452
   11       0.08622250
   12      -0.26347133
   13       0.23118265
   14       0.26371630

Nr. of electrons (up):     32.00000000
Atom populations (up)
 Atom       Population
    1       4.09993486
    2       4.03726180
    3       0.88055605
    4       0.87985222
    5       0.85384389
    6       3.92528580
    7       4.12949511
    8       0.86316258
    9       0.86894235
   10       3.77931548
   11       0.91377750
   12       5.26347133
   13       0.76881735
   14       0.73628370

l-shell populations (up)
 Atom Sh.   l       Population
    1   1   0       1.19292096
    1   2   1       2.90701390
    2   1   0       1.17508495
    2   2   1       2.86217685
    3   1   0       0.88055605
    4   1   0       0.87985222
    5   1   0       0.85384389
    6   1   0       1.21258518
    6   2   1       2.71270061
    7   1   0       1.18350904
    7   2   1       2.94598607
    8   1   0       0.86316258
    9   1   0       0.86894235
   10   1   0       1.14905007
   10   2   1       2.63026541
   11   1   0       0.91377750
   12   1   0       1.42678594
   12   2   1       3.83668538
   13   1   0       0.76881735
   14   1   0       0.73628370

Orbital populations (up)
 Atom Sh.   l   m       Population  Label
    1   1   0   0       1.19292096  s
    1   2   1  -1       1.01347346  p_y
    1   2   1   0       0.94349071  p_z
    1   2   1   1       0.95004974  p_x
    2   1   0   0       1.17508495  s
    2   2   1  -1       0.94819767  p_y
    2   2   1   0       0.93843770  p_z
    2   2   1   1       0.97554147  p_x
    3   1   0   0       0.88055605  s
    4   1   0   0       0.87985222  s
    5   1   0   0       0.85384389  s
    6   1   0   0       1.21258518  s
    6   2   1  -1       0.84808787  p_y
    6   2   1   0       0.97044053  p_z
    6   2   1   1       0.89417220  p_x
    7   1   0   0       1.18350904  s
    7   2   1  -1       0.98960013  p_y
    7   2   1   0       0.97383125  p_z
    7   2   1   1       0.98255470  p_x
    8   1   0   0       0.86316258  s
    9   1   0   0       0.86894235  s
   10   1   0   0       1.14905007  s
   10   2   1  -1       0.93228907  p_y
   10   2   1   0       0.86915903  p_z
   10   2   1   1       0.82881732  p_x
   11   1   0   0       0.91377750  s
   12   1   0   0       1.42678594  s
   12   2   1  -1       1.15937878  p_y
   12   2   1   0       1.43505169  p_z
   12   2   1   1       1.24225492  p_x
   13   1   0   0       0.76881735  s
   14   1   0   0       0.73628370  s

Input / Output electrons (q):     32.0000000000

Energy H0:                         -16.3290636422 H         -444.3364 eV
Energy SCC:                          0.0983691809 H            2.6768 eV
Energy SPIN:                        -0.0000042033 H           -0.0001 eV
Energy Fock:                        -0.6589998270 H          -17.9323 eV
Total Electronic energy:           -16.8896984916 H         -459.5921 eV
Repulsive energy:                    0.3876229166 H           10.5478 eV

Excitation Energy:                   0.0000000000 H            0.0000 eV

Total energy:                      -16.5027225487 H         -449.0619 eV

SCC converged

Total Forces
    1     -0.032579159440      0.024845804860     -0.025887886580
    2      0.047919598577      0.022265999526      0.075090171858
    3      0.019767802788     -0.008613551875      0.006493772174
    4     -0.006579576078     -0.019985483539     -0.009899385852
    5     -0.003797869182     -0.008014177742     -0.013267460926
    6      0.013222716047     -0.001113330015     -0.087598318493
    7     -0.045534429999      0.004389897472      0.067394841058
    8     -0.000791897972      0.011685375162      0.005541422674
    9      0.021550268491     -0.033729022678     -0.019450517391
   10     -0.009944723360      0.000410266269     -0.004748289869
   11     -0.003107794390      0.009451498884      0.022467681062
   12     -0.005378465269      0.019694719728     -0.058870380343
   13      0.010605821105     -0.006852339232      0.011873959836
   14     -0.005352291318     -0.014435656819      0.030860390792

Maximal derivative component:        0.875983E-01 au


