REKS do not use any electronic distribution function

Calculation with static geometry

********************************************************************************************
  iSCC       reks energy        Diff energy         x_a       SCC error   
   52       -6.2877571456      -0.0000000000     0.999970    0.00000082
********************************************************************************************

 SA-REKS optimizes the avergaed state, not individual states
 These charges do not mean the charges for individual states
 Similarly to this, the values in band.out file indicate
 the band energies and occupations for the averaged state
 If you want to compute the relaxed density,
 please, set 'RelaxedDensity = Yes' option

 Total charge:     1.00000000

 Atomic gross charges (e)
 Atom           Charge
    1       0.10338441
    2      -0.11025069
    3       0.19283768
    4       0.31018943
    5       0.31170492
    6       0.19213426

Nr. of electrons (up):     12.00000000
Atom populations (up)
 Atom       Population
    1       3.89661559
    2       5.11025069
    3       0.80716232
    4       0.68981057
    5       0.68829508
    6       0.80786574

l-shell populations (up)
 Atom Sh.   l       Population
    1   1   0       1.18279616
    1   2   1       2.71381943
    2   1   0       1.38368870
    2   2   1       3.72656199
    3   1   0       0.80716232
    4   1   0       0.68981057
    5   1   0       0.68829508
    6   1   0       0.80786574

Orbital populations (up)
 Atom Sh.   l   m       Population  Label
    1   1   0   0       1.18279616  s
    1   2   1  -1       0.84938805  p_y
    1   2   1   0       0.88991664  p_z
    1   2   1   1       0.97451474  p_x
    2   1   0   0       1.38368870  s
    2   2   1  -1       1.09944255  p_y
    2   2   1   0       1.12123047  p_z
    2   2   1   1       1.50588897  p_x
    3   1   0   0       0.80716232  s
    4   1   0   0       0.68981057  s
    5   1   0   0       0.68829508  s
    6   1   0   0       0.80786574  s

Input / Output electrons (q):     12.0000000000

Energy H0:                          -6.5254739891 H         -177.5672 eV
Energy SCC:                          0.1351251367 H            3.6769 eV
Energy SPIN:                        -0.0000169461 H           -0.0005 eV
Energy Fock:                        -0.2073627284 H           -5.6426 eV
Total Electronic energy:            -6.5977285268 H         -179.5333 eV
Repulsive energy:                    0.1799893086 H            4.8978 eV

Excitation Energy:                   0.0000000000 H            0.0000 eV

Total energy:                       -6.4177758092 H         -174.6366 eV

SCC converged

Total Forces
    1      0.000904931388     -0.001611301505      0.013119058937
    2     -0.000808012559      0.000566631799     -0.011399520976
    3      0.004902649659      0.004088759130     -0.000662840898
    4      0.006205568189     -0.000799682125      0.002160547762
    5     -0.005952681017      0.002220407360     -0.001648908432
    6     -0.005252455659     -0.004464814658     -0.001568336393

Maximal derivative component:        0.131191E-01 au


