REKS do not use any electronic distribution function

Calculation with static geometry

********************************************************************************************
  iSCC       reks energy        Diff energy         x_a       SCC error   
   54       -6.2883697081      -0.0000000000     0.999963    0.00000095
********************************************************************************************

 SA-REKS optimizes the avergaed state, not individual states
 These charges do not mean the charges for individual states
 Similarly to this, the values in band.out file indicate
 the band energies and occupations for the averaged state
 If you want to compute the relaxed density,
 please, set 'RelaxedDensity = Yes' option

 Total charge:     1.00000000

 Atomic gross charges (e)
 Atom           Charge
    1       0.11000223
    2      -0.11261219
    3       0.19080729
    4       0.31046586
    5       0.31043688
    6       0.19089994

Nr. of electrons (up):     12.00000000
Atom populations (up)
 Atom       Population
    1       3.88999777
    2       5.11261219
    3       0.80919271
    4       0.68953414
    5       0.68956312
    6       0.80910006

l-shell populations (up)
 Atom Sh.   l       Population
    1   1   0       1.18286902
    1   2   1       2.70712875
    2   1   0       1.38340609
    2   2   1       3.72920611
    3   1   0       0.80919271
    4   1   0       0.68953414
    5   1   0       0.68956312
    6   1   0       0.80910006

Orbital populations (up)
 Atom Sh.   l   m       Population  Label
    1   1   0   0       1.18286902  s
    1   2   1  -1       0.96802032  p_y
    1   2   1   0       0.88704505  p_z
    1   2   1   1       0.85206337  p_x
    2   1   0   0       1.38340609  s
    2   2   1  -1       1.51535241  p_y
    2   2   1   0       1.11690032  p_z
    2   2   1   1       1.09695338  p_x
    3   1   0   0       0.80919271  s
    4   1   0   0       0.68953414  s
    5   1   0   0       0.68956312  s
    6   1   0   0       0.80910006  s

Input / Output electrons (q):     12.0000000000

Energy H0:                          -6.5228617872 H         -177.4961 eV
Energy SCC:                          0.1347990605 H            3.6681 eV
Energy SPIN:                        -0.0000206290 H           -0.0006 eV
Energy Fock:                        -0.2070873390 H           -5.6351 eV
Total Electronic energy:            -6.5951706947 H         -179.4637 eV
Repulsive energy:                    0.1786281441 H            4.8607 eV

Excitation Energy:                   0.0000000000 H            0.0000 eV

Total energy:                       -6.4166193348 H         -174.6051 eV

SCC converged

Total Forces
    1      0.000444246345     -0.000031610401      0.017835979256
    2     -0.002535095064      0.004071911102     -0.017166314532
    3     -0.002228192877     -0.007861425280     -0.000529317104
    4      0.001841823241      0.006325080333     -0.000275326819
    5     -0.000264909659     -0.009030405831     -0.001030563129
    6      0.002742128013      0.006526450076      0.001165542328

Maximal derivative component:        0.178360E-01 au


