REKS do not use any electronic distribution function

Calculation with static geometry

********************************************************************************************
  iSCC       reks energy        Diff energy         x_a       SCC error   
   53       -6.2839863121      -0.0000000000     0.999958    0.00000092
********************************************************************************************

 SA-REKS optimizes the avergaed state, not individual states
 These charges do not mean the charges for individual states
 Similarly to this, the values in band.out file indicate
 the band energies and occupations for the averaged state
 If you want to compute the relaxed density,
 please, set 'RelaxedDensity = Yes' option

 Total charge:     1.00000000

 Atomic gross charges (e)
 Atom           Charge
    1       0.10674804
    2      -0.11022312
    3       0.18711952
    4       0.31237695
    5       0.31267982
    6       0.19129879

Nr. of electrons (up):     12.00000000
Atom populations (up)
 Atom       Population
    1       3.89325196
    2       5.11022312
    3       0.81288048
    4       0.68762305
    5       0.68732018
    6       0.80870121

l-shell populations (up)
 Atom Sh.   l       Population
    1   1   0       1.18212281
    1   2   1       2.71112915
    2   1   0       1.38182244
    2   2   1       3.72840068
    3   1   0       0.81288048
    4   1   0       0.68762305
    5   1   0       0.68732018
    6   1   0       0.80870121

Orbital populations (up)
 Atom Sh.   l   m       Population  Label
    1   1   0   0       1.18212281  s
    1   2   1  -1       0.85017891  p_y
    1   2   1   0       0.89900273  p_z
    1   2   1   1       0.96194751  p_x
    2   1   0   0       1.38182244  s
    2   2   1  -1       1.08594227  p_y
    2   2   1   0       1.13153363  p_z
    2   2   1   1       1.51092477  p_x
    3   1   0   0       0.81288048  s
    4   1   0   0       0.68762305  s
    5   1   0   0       0.68732018  s
    6   1   0   0       0.80870121  s

Input / Output electrons (q):     12.0000000000

Energy H0:                          -6.5231075338 H         -177.5028 eV
Energy SCC:                          0.1349003170 H            3.6708 eV
Energy SPIN:                        -0.0000231496 H           -0.0006 eV
Energy Fock:                        -0.2093692040 H           -5.6972 eV
Total Electronic energy:            -6.5975995704 H         -179.5298 eV
Repulsive energy:                    0.1858448224 H            5.0571 eV

Excitation Energy:                   0.0000000000 H            0.0000 eV

Total energy:                       -6.4119715081 H         -174.4786 eV

SCC converged

Total Forces
    1      0.003005271849      0.009686865156     -0.014097025005
    2     -0.004354572169      0.001054395181      0.011628291024
    3     -0.013174410472     -0.004405142103     -0.007161804490
    4     -0.010476339199      0.002322529710      0.005661734923
    5      0.012746835083     -0.010657988767      0.001833326600
    6      0.012253214908      0.001999340823      0.002135476949

Maximal derivative component:        0.140970E-01 au


