REKS do not use any electronic distribution function

Calculation with static geometry

********************************************************************************************
  iSCC       reks energy        Diff energy         x_a       SCC error   
   34       -6.2849486506      -0.0000000000     0.999980    0.00000089
********************************************************************************************

 SA-REKS optimizes the avergaed state, not individual states
 These charges do not mean the charges for individual states
 Similarly to this, the values in band.out file indicate
 the band energies and occupations for the averaged state
 If you want to compute the relaxed density,
 please, set 'RelaxedDensity = Yes' option

 Total charge:     1.00000000

 Atomic gross charges (e)
 Atom           Charge
    1       0.09565812
    2      -0.09874487
    3       0.19010259
    4       0.30977810
    5       0.30888322
    6       0.19432283

Nr. of electrons (up):     12.00000000
Atom populations (up)
 Atom       Population
    1       3.90434188
    2       5.09874487
    3       0.80989741
    4       0.69022190
    5       0.69111678
    6       0.80567717

l-shell populations (up)
 Atom Sh.   l       Population
    1   1   0       1.17485028
    1   2   1       2.72949160
    2   1   0       1.37865007
    2   2   1       3.72009480
    3   1   0       0.80989741
    4   1   0       0.69022190
    5   1   0       0.69111678
    6   1   0       0.80567717

Orbital populations (up)
 Atom Sh.   l   m       Population  Label
    1   1   0   0       1.17485028  s
    1   2   1  -1       0.85259221  p_y
    1   2   1   0       0.89274962  p_z
    1   2   1   1       0.98414977  p_x
    2   1   0   0       1.37865007  s
    2   2   1  -1       1.10372983  p_y
    2   2   1   0       1.11915071  p_z
    2   2   1   1       1.49721426  p_x
    3   1   0   0       0.80989741  s
    4   1   0   0       0.69022190  s
    5   1   0   0       0.69111678  s
    6   1   0   0       0.80567717  s

Input / Output electrons (q):     12.0000000000

Energy H0:                          -6.5359300557 H         -177.8517 eV
Energy SCC:                          0.1359107916 H            3.6983 eV
Energy SPIN:                        -0.0000120878 H           -0.0003 eV
Energy Fock:                        -0.2088019474 H           -5.6818 eV
Total Electronic energy:            -6.6088332993 H         -179.8355 eV
Repulsive energy:                    0.1910462960 H            5.1986 eV

Excitation Energy:                   0.0000000000 H            0.0000 eV

Total energy:                       -6.4177901865 H         -174.6370 eV

SCC converged

Total Forces
    1     -0.002960122062      0.008212584287     -0.024966125664
    2      0.012474061628     -0.000965911800      0.032279547346
    3     -0.002162952565     -0.003807403315     -0.003805433365
    4     -0.006097142278      0.000528106838     -0.003920554690
    5     -0.003689233374     -0.005612152856     -0.004639050804
    6      0.002435388651      0.001644776847      0.005051617177

Maximal derivative component:        0.322795E-01 au


