REKS do not use any electronic distribution function

Calculation with static geometry

********************************************************************************************
  iSCC       reks energy        Diff energy         x_a       SCC error   
   55       -6.2851530761      -0.0000000000     0.999953    0.00000085
********************************************************************************************

 SA-REKS optimizes the avergaed state, not individual states
 These charges do not mean the charges for individual states
 Similarly to this, the values in band.out file indicate
 the band energies and occupations for the averaged state
 If you want to compute the relaxed density,
 please, set 'RelaxedDensity = Yes' option

 Total charge:     1.00000000

 Atomic gross charges (e)
 Atom           Charge
    1       0.11357227
    2      -0.11065365
    3       0.18398892
    4       0.31199373
    5       0.31037947
    6       0.19071927

Nr. of electrons (up):     12.00000000
Atom populations (up)
 Atom       Population
    1       3.88642773
    2       5.11065365
    3       0.81601108
    4       0.68800627
    5       0.68962053
    6       0.80928073

l-shell populations (up)
 Atom Sh.   l       Population
    1   1   0       1.18003193
    1   2   1       2.70639580
    2   1   0       1.38224842
    2   2   1       3.72840523
    3   1   0       0.81601108
    4   1   0       0.68800627
    5   1   0       0.68962053
    6   1   0       0.80928073

Orbital populations (up)
 Atom Sh.   l   m       Population  Label
    1   1   0   0       1.18003193  s
    1   2   1  -1       0.85534213  p_y
    1   2   1   0       0.89295798  p_z
    1   2   1   1       0.95809570  p_x
    2   1   0   0       1.38224842  s
    2   2   1  -1       1.09166014  p_y
    2   2   1   0       1.12701162  p_z
    2   2   1   1       1.50973347  p_x
    3   1   0   0       0.81601108  s
    4   1   0   0       0.68800627  s
    5   1   0   0       0.68962053  s
    6   1   0   0       0.80928073  s

Input / Output electrons (q):     12.0000000000

Energy H0:                          -6.5231687750 H         -177.5045 eV
Energy SCC:                          0.1348383003 H            3.6691 eV
Energy SPIN:                        -0.0000256182 H           -0.0007 eV
Energy Fock:                        -0.2087936035 H           -5.6816 eV
Total Electronic energy:            -6.5971496963 H         -179.5176 eV
Repulsive energy:                    0.1857955584 H            5.0558 eV

Excitation Energy:                   0.0000000000 H            0.0000 eV

Total energy:                       -6.4115856685 H         -174.4681 eV

SCC converged

Total Forces
    1     -0.000232925221     -0.010260471509     -0.009072771583
    2      0.011748589486     -0.002941124222      0.005535966982
    3     -0.012544346458      0.003444883842     -0.006267059757
    4     -0.016017557919      0.002848088646      0.002642048340
    5      0.007201386581      0.005990079816      0.002272473288
    6      0.009844853532      0.000918543427      0.004889342730

Maximal derivative component:        0.160176E-01 au


