REKS do not use any electronic distribution function

Calculation with static geometry

********************************************************************************************
  iSCC       reks energy        Diff energy         x_a       SCC error   
   50       -6.2846042676      -0.0000000000     0.999958    0.00000090
********************************************************************************************

 SA-REKS optimizes the avergaed state, not individual states
 These charges do not mean the charges for individual states
 Similarly to this, the values in band.out file indicate
 the band energies and occupations for the averaged state
 If you want to compute the relaxed density,
 please, set 'RelaxedDensity = Yes' option

 Total charge:     1.00000000

 Atomic gross charges (e)
 Atom           Charge
    1       0.11003532
    2      -0.10182027
    3       0.18643484
    4       0.31002412
    5       0.30981554
    6       0.18551045

Nr. of electrons (up):     12.00000000
Atom populations (up)
 Atom       Population
    1       3.88996468
    2       5.10182027
    3       0.81356516
    4       0.68997588
    5       0.69018446
    6       0.81448955

l-shell populations (up)
 Atom Sh.   l       Population
    1   1   0       1.17211598
    1   2   1       2.71784870
    2   1   0       1.37512378
    2   2   1       3.72669649
    3   1   0       0.81356516
    4   1   0       0.68997588
    5   1   0       0.69018446
    6   1   0       0.81448955

Orbital populations (up)
 Atom Sh.   l   m       Population  Label
    1   1   0   0       1.17211598  s
    1   2   1  -1       0.86099764  p_y
    1   2   1   0       0.89041864  p_z
    1   2   1   1       0.96643242  p_x
    2   1   0   0       1.37512378  s
    2   2   1  -1       1.09804694  p_y
    2   2   1   0       1.11959380  p_z
    2   2   1   1       1.50905575  p_x
    3   1   0   0       0.81356516  s
    4   1   0   0       0.68997588  s
    5   1   0   0       0.69018446  s
    6   1   0   0       0.81448955  s

Input / Output electrons (q):     12.0000000000

Energy H0:                          -6.5339357144 H         -177.7974 eV
Energy SCC:                          0.1352954960 H            3.6816 eV
Energy SPIN:                        -0.0000234404 H           -0.0006 eV
Energy Fock:                        -0.2093288834 H           -5.6961 eV
Total Electronic energy:            -6.6079925422 H         -179.8126 eV
Repulsive energy:                    0.1954796064 H            5.3193 eV

Excitation Energy:                   0.0000000000 H            0.0000 eV

Total energy:                       -6.4127306208 H         -174.4993 eV

SCC converged

Total Forces
    1      0.000849523615      0.002174870778     -0.036911620945
    2     -0.002594744802     -0.005750389473      0.029726317404
    3     -0.010882351037      0.003030854009      0.004581826765
    4     -0.011408673477      0.002774152439     -0.001209117156
    5      0.013132780823      0.001380263966      0.000654533736
    6      0.010903464879     -0.003609751719      0.003158060197

Maximal derivative component:        0.369116E-01 au


