 KPT            1  SPIN            1  KWEIGHT    1.0000000000000000     
     1   -29.379  2.00000
     2   -27.141  2.00000
     3   -25.317  2.00000
     4   -23.326  2.00000
     5   -21.384  2.00000
     6   -19.894  2.00000
     7   -19.208  2.00000
     8   -18.617  2.00000
     9   -17.875  2.00000
    10   -17.568  2.00000
    11   -17.061  2.00000
    12   -16.292  2.00000
    13   -15.766  2.00000
    14   -15.120  2.00000
    15   -14.204  2.00000
    16   -13.911  1.50000
    17   -10.460  0.50000
    18    -3.917  0.00000
    19    -3.186  0.00000
    20     7.956  0.00000
    21     9.709  0.00000
    22    13.113  0.00000
    23    15.781  0.00000
    24    15.973  0.00000
    25    18.745  0.00000
    26    19.435  0.00000
    27    21.003  0.00000
    28    23.339  0.00000
    29    25.003  0.00000
    30    26.349  0.00000
    31    28.853  0.00000
    32    31.431  0.00000

