 Fermi distribution function

Calculation with static geometry


********************************************************************************
 iSCC Total electronic   Diff electronic      SCC error    
   10   -0.53943682E+01   -0.29665159E-12    0.34174118E-06
********************************************************************************

 Total charge:     1.00000000

 Atomic gross charges (e)
 Atom           Charge
    1       0.18366602
    2      -0.08282632
    3       0.14204765
    4       0.28788337
    5       0.27433686
    6       0.19489241

Nr. of electrons (up):     12.00000000
Atom populations (up)
 Atom       Population
    1       3.81633398
    2       5.08282632
    3       0.85795235
    4       0.71211663
    5       0.72566314
    6       0.80510759

l-shell populations (up)
 Atom Sh.   l       Population
    1   1   0       1.31556505
    1   2   1       2.50076893
    2   1   0       1.42142525
    2   2   1       3.66140106
    3   1   0       0.85795235
    4   1   0       0.71211663
    5   1   0       0.72566314
    6   1   0       0.80510759

Orbital populations (up)
 Atom Sh.   l   m       Population  Label
    1   1   0   0       1.31556505  s
    1   2   1  -1       0.58322811  p_y
    1   2   1   0       0.88324760  p_z
    1   2   1   1       1.03429321  p_x
    2   1   0   0       1.42142525  s
    2   2   1  -1       1.30678792  p_y
    2   2   1   0       1.11492030  p_z
    2   2   1   1       1.23969285  p_x
    3   1   0   0       0.85795235  s
    4   1   0   0       0.71211663  s
    5   1   0   0       0.72566314  s
    6   1   0   0       0.80510759  s

Fermi level:                        -0.4925963781 H          -13.4042 eV
Band energy:                        -8.8964239122 H         -242.0840 eV
TS:                                  0.0000000000 H            0.0000 eV
Band free energy (E-TS):            -8.8964239122 H         -242.0840 eV
Extrapolated E(0K):                 -8.8964239122 H         -242.0840 eV
Input / Output electrons (q):     12.0000000000     12.0000000000

Energy H0:                          -5.5273596076 H         -150.4071 eV
Energy SCC:                          0.1329913702 H            3.6189 eV
Total Electronic energy:            -5.3943682374 H         -146.7882 eV
Repulsive energy:                    0.1855082704 H            5.0479 eV
Total energy:                       -5.2088599670 H         -141.7403 eV
Extrapolated to 0:                  -5.2088599670 H         -141.7403 eV
Total Mermin free energy:           -5.2088599670 H         -141.7403 eV
Force related energy:               -5.2088599670 H         -141.7403 eV

SCC converged

Excitation Energy:                   0.1201941213 H            3.2706 eV

Total Forces
    1     -0.004199978544     -0.014319853208      0.032083342013
    2      0.007907086940     -0.000613329799     -0.044107712444
    3     -0.004801881367      0.009913455883      0.003677820981
    4     -0.015155539326     -0.001140260937     -0.001897754520
    5      0.006563350685      0.008192061432      0.008474672701
    6      0.009686961613     -0.002032073370      0.001769631270

Maximal derivative component:        0.441077E-01 au


