REKS do not use any electronic distribution function

Calculation with static geometry

********************************************************************************************
  iSCC       reks energy        Diff energy         x_a       SCC error   
   60       -6.2868440151      -0.0000000000     0.999940    0.00000090
********************************************************************************************

 SA-REKS optimizes the avergaed state, not individual states
 These charges do not mean the charges for individual states
 Similarly to this, the values in band.out file indicate
 the band energies and occupations for the averaged state
 If you want to compute the relaxed density,
 please, set 'RelaxedDensity = Yes' option

 Total charge:     1.00000000

 Atomic gross charges (e)
 Atom           Charge
    1       0.12671549
    2      -0.12067225
    3       0.18231939
    4       0.31199076
    5       0.31231633
    6       0.18733028

Nr. of electrons (up):     12.00000000
Atom populations (up)
 Atom       Population
    1       3.87328451
    2       5.12067225
    3       0.81768061
    4       0.68800924
    5       0.68768367
    6       0.81266972

l-shell populations (up)
 Atom Sh.   l       Population
    1   1   0       1.18484971
    1   2   1       2.68843480
    2   1   0       1.39290677
    2   2   1       3.72776548
    3   1   0       0.81768061
    4   1   0       0.68800924
    5   1   0       0.68768367
    6   1   0       0.81266972

Orbital populations (up)
 Atom Sh.   l   m       Population  Label
    1   1   0   0       1.18484971  s
    1   2   1  -1       0.86294978  p_y
    1   2   1   0       0.88923552  p_z
    1   2   1   1       0.93624950  p_x
    2   1   0   0       1.39290677  s
    2   2   1  -1       1.08965516  p_y
    2   2   1   0       1.12873179  p_z
    2   2   1   1       1.50937853  p_x
    3   1   0   0       0.81768061  s
    4   1   0   0       0.68800924  s
    5   1   0   0       0.68768367  s
    6   1   0   0       0.81266972  s

Input / Output electrons (q):     12.0000000000

Energy H0:                          -6.5100167881 H         -177.1466 eV
Energy SCC:                          0.1346091885 H            3.6629 eV
Energy SPIN:                        -0.0000316009 H           -0.0009 eV
Energy Fock:                        -0.2080153062 H           -5.6604 eV
Total Electronic energy:            -6.5834545067 H         -179.1449 eV
Repulsive energy:                    0.1748669017 H            4.7584 eV

Excitation Energy:                   0.0000000000 H            0.0000 eV

Total energy:                       -6.4088473800 H         -174.3936 eV

SCC converged

Total Forces
    1     -0.008127905792     -0.013455018051      0.010241995406
    2      0.030479978665      0.002752622384     -0.019673514445
    3     -0.010199445398      0.001621376977     -0.002861774456
    4     -0.020714388808      0.002623115973      0.004908117934
    5     -0.000173129305      0.004393267528      0.000259437898
    6      0.008734890638      0.002064635188      0.007125737663

Maximal derivative component:        0.304800E-01 au


