 KPT            1  SPIN            1  KWEIGHT    1.0000000000000000     
     1   -29.127  2.00000
     2   -27.255  2.00000
     3   -25.377  2.00000
     4   -23.193  2.00000
     5   -20.982  2.00000
     6   -20.541  2.00000
     7   -18.909  2.00000
     8   -18.316  2.00000
     9   -17.988  2.00000
    10   -17.003  2.00000
    11   -16.755  2.00000
    12   -16.204  2.00000
    13   -15.983  2.00000
    14   -15.544  2.00000
    15   -14.995  2.00000
    16   -13.687  1.50000
    17    -9.936  0.50000
    18    -5.348  0.00000
    19    -2.007  0.00000
    20     7.358  0.00000
    21     7.850  0.00000
    22    10.829  0.00000
    23    12.720  0.00000
    24    13.595  0.00000
    25    19.126  0.00000
    26    20.802  0.00000
    27    22.080  0.00000
    28    23.141  0.00000
    29    23.674  0.00000
    30    24.971  0.00000
    31    30.529  0.00000
    32    34.648  0.00000

