REKS do not use any electronic distribution function

Calculation with static geometry

********************************************************************************************
  iSCC       reks energy        Diff energy         x_a       SCC error   
   53      -16.4291083886      -0.0000000000     1.000000    0.00000094
********************************************************************************************

 SA-REKS optimizes the avergaed state, not individual states
 These charges do not mean the charges for individual states
 Similarly to this, the values in band.out file indicate
 the band energies and occupations for the averaged state
 If you want to compute the relaxed density,
 please, set 'RelaxedDensity = Yes' option

 Total charge:     1.00000000

 Atomic gross charges (e)
 Atom           Charge
    1      -0.01282832
    2      -0.04292187
    3       0.11504829
    4       0.11357669
    5       0.09356466
    6       0.07286320
    7      -0.01345573
    8       0.09427826
    9       0.10230196
   10       0.13192534
   11       0.11700575
   12      -0.26951413
   13       0.23815629
   14       0.25999960

Nr. of electrons (up):     32.00000000
Atom populations (up)
 Atom       Population
    1       4.01282832
    2       4.04292187
    3       0.88495171
    4       0.88642331
    5       0.90643534
    6       3.92713680
    7       4.01345573
    8       0.90572174
    9       0.89769804
   10       3.86807466
   11       0.88299425
   12       5.26951413
   13       0.76184371
   14       0.74000040

l-shell populations (up)
 Atom Sh.   l       Population
    1   1   0       1.20084653
    1   2   1       2.81198179
    2   1   0       1.16221405
    2   2   1       2.88070782
    3   1   0       0.88495171
    4   1   0       0.88642331
    5   1   0       0.90643534
    6   1   0       1.19282776
    6   2   1       2.73430904
    7   1   0       1.19050367
    7   2   1       2.82295206
    8   1   0       0.90572174
    9   1   0       0.89769804
   10   1   0       1.17738095
   10   2   1       2.69069371
   11   1   0       0.88299425
   12   1   0       1.39838936
   12   2   1       3.87112477
   13   1   0       0.76184371
   14   1   0       0.74000040

Orbital populations (up)
 Atom Sh.   l   m       Population  Label
    1   1   0   0       1.20084653  s
    1   2   1  -1       1.04033664  p_y
    1   2   1   0       0.84427501  p_z
    1   2   1   1       0.92737013  p_x
    2   1   0   0       1.16221405  s
    2   2   1  -1       0.96479302  p_y
    2   2   1   0       0.97339527  p_z
    2   2   1   1       0.94251953  p_x
    3   1   0   0       0.88495171  s
    4   1   0   0       0.88642331  s
    5   1   0   0       0.90643534  s
    6   1   0   0       1.19282776  s
    6   2   1  -1       0.95277512  p_y
    6   2   1   0       0.84647893  p_z
    6   2   1   1       0.93505499  p_x
    7   1   0   0       1.19050367  s
    7   2   1  -1       0.97106714  p_y
    7   2   1   0       0.93929307  p_z
    7   2   1   1       0.91259185  p_x
    8   1   0   0       0.90572174  s
    9   1   0   0       0.89769804  s
   10   1   0   0       1.17738095  s
   10   2   1  -1       0.91723474  p_y
   10   2   1   0       0.87340335  p_z
   10   2   1   1       0.90005562  p_x
   11   1   0   0       0.88299425  s
   12   1   0   0       1.39838936  s
   12   2   1  -1       1.30642171  p_y
   12   2   1   0       1.17983764  p_z
   12   2   1   1       1.38486542  p_x
   13   1   0   0       0.76184371  s
   14   1   0   0       0.74000040  s

Input / Output electrons (q):     32.0000000000

Energy H0:                         -16.2924029414 H         -443.3388 eV
Energy SCC:                          0.1122148625 H            3.0535 eV
Energy SPIN:                        -0.0000000000 H           -0.0000 eV
Energy Fock:                        -0.6588145788 H          -17.9273 eV
Total Electronic energy:           -16.8390026577 H         -458.2126 eV
Repulsive energy:                    0.3591785875 H            9.7737 eV

Excitation Energy:                   0.0000000000 H            0.0000 eV

Total energy:                      -16.4798667220 H         -448.4400 eV

SCC converged

Total Forces
    1      0.044107015799      0.000858498970     -0.018958555797
    2     -0.024495008197      0.015886587250      0.015424126806
    3     -0.008744646357      0.027076831855      0.006960364443
    4     -0.006910617106     -0.022964394440     -0.006109320771
    5      0.006208382001     -0.029373940096      0.000612164456
    6      0.028745710391      0.044101325006      0.020817615844
    7      0.006096251840     -0.023462832940     -0.013276695909
    8      0.005815756662     -0.026715887757     -0.018484172657
    9     -0.006041664512      0.030082462831      0.009572889723
   10      0.019352403664      0.053754494694      0.080469002242
   11     -0.023589880098     -0.043426502168      0.004358054350
   12      0.005032767601      0.015495916761     -0.067022484949
   13     -0.020949438581     -0.006806988023     -0.024719182636
   14     -0.024627033108     -0.034505571943      0.010356194855

Maximal derivative component:        0.804690E-01 au


