 KPT            1  SPIN            1  KWEIGHT    1.0000000000000000     
     1   -29.603  2.00000
     2   -27.474  2.00000
     3   -25.586  2.00000
     4   -23.040  2.00000
     5   -21.674  2.00000
     6   -19.975  2.00000
     7   -19.519  2.00000
     8   -18.663  2.00000
     9   -18.215  2.00000
    10   -17.499  2.00000
    11   -16.890  2.00000
    12   -16.829  2.00000
    13   -15.954  2.00000
    14   -15.349  2.00000
    15   -14.676  2.00000
    16   -14.001  1.50000
    17    -9.971  0.50000
    18    -3.504  0.00000
    19    -1.059  0.00000
    20     6.354  0.00000
    21     7.238  0.00000
    22    11.979  0.00000
    23    13.293  0.00000
    24    14.499  0.00000
    25    15.576  0.00000
    26    18.225  0.00000
    27    19.950  0.00000
    28    26.114  0.00000
    29    28.271  0.00000
    30    31.452  0.00000
    31    38.846  0.00000
    32    44.612  0.00000

