REKS do not use any electronic distribution function

Calculation with static geometry

********************************************************************************************
  iSCC       reks energy        Diff energy         x_a       SCC error   
   59       -6.2845350499      -0.0000000000     0.999934    0.00000099
********************************************************************************************

 SA-REKS optimizes the avergaed state, not individual states
 These charges do not mean the charges for individual states
 Similarly to this, the values in band.out file indicate
 the band energies and occupations for the averaged state
 If you want to compute the relaxed density,
 please, set 'RelaxedDensity = Yes' option

 Total charge:     1.00000000

 Atomic gross charges (e)
 Atom           Charge
    1       0.12219538
    2      -0.11039491
    3       0.18257459
    4       0.31093779
    5       0.31135516
    6       0.18333199

Nr. of electrons (up):     12.00000000
Atom populations (up)
 Atom       Population
    1       3.87780462
    2       5.11039491
    3       0.81742541
    4       0.68906221
    5       0.68864484
    6       0.81666801

l-shell populations (up)
 Atom Sh.   l       Population
    1   1   0       1.17468676
    1   2   1       2.70311787
    2   1   0       1.37670494
    2   2   1       3.73368997
    3   1   0       0.81742541
    4   1   0       0.68906221
    5   1   0       0.68864484
    6   1   0       0.81666801

Orbital populations (up)
 Atom Sh.   l   m       Population  Label
    1   1   0   0       1.17468676  s
    1   2   1  -1       0.86380087  p_y
    1   2   1   0       0.89298619  p_z
    1   2   1   1       0.94633080  p_x
    2   1   0   0       1.37670494  s
    2   2   1  -1       1.09648163  p_y
    2   2   1   0       1.12461328  p_z
    2   2   1   1       1.51259507  p_x
    3   1   0   0       0.81742541  s
    4   1   0   0       0.68906221  s
    5   1   0   0       0.68864484  s
    6   1   0   0       0.81666801  s

Input / Output electrons (q):     12.0000000000

Energy H0:                          -6.5309341379 H         -177.7158 eV
Energy SCC:                          0.1346015174 H            3.6627 eV
Energy SPIN:                        -0.0000351107 H           -0.0010 eV
Energy Fock:                        -0.2091078240 H           -5.6901 eV
Total Electronic energy:            -6.6054755551 H         -179.7441 eV
Repulsive energy:                    0.1966591667 H            5.3514 eV

Excitation Energy:                   0.0000000000 H            0.0000 eV

Total energy:                       -6.4093340852 H         -174.4069 eV

SCC converged

Total Forces
    1      0.000152111791      0.001550187879     -0.018608603552
    2      0.000852643156     -0.005459779793      0.012640314092
    3     -0.013856161840     -0.006255970113     -0.002064669462
    4     -0.015981595805      0.004788878466      0.005411349656
    5      0.015391407006     -0.000470321327      0.002957976473
    6      0.013441595692      0.005847004887     -0.000336367207

Maximal derivative component:        0.186086E-01 au


