 KPT            1  SPIN            1  KWEIGHT    1.0000000000000000     
     1   -29.626  2.00000
     2   -27.476  2.00000
     3   -25.286  2.00000
     4   -23.220  2.00000
     5   -21.493  2.00000
     6   -20.450  2.00000
     7   -19.339  2.00000
     8   -18.933  2.00000
     9   -18.043  2.00000
    10   -17.505  2.00000
    11   -17.004  2.00000
    12   -16.771  2.00000
    13   -16.400  2.00000
    14   -15.329  2.00000
    15   -15.083  2.00000
    16   -13.712  1.50000
    17    -9.719  0.50000
    18    -4.361  0.00000
    19    -2.416  0.00000
    20     8.105  0.00000
    21     9.598  0.00000
    22    11.781  0.00000
    23    12.709  0.00000
    24    13.803  0.00000
    25    15.109  0.00000
    26    19.102  0.00000
    27    19.962  0.00000
    28    24.418  0.00000
    29    25.765  0.00000
    30    31.821  0.00000
    31    36.852  0.00000
    32    43.496  0.00000

