REKS do not use any electronic distribution function

Calculation with static geometry

********************************************************************************************
  iSCC       reks energy        Diff energy         x_a       SCC error   
   54      -16.4129836788      -0.0000000000     1.000000    0.00000098
********************************************************************************************

 SA-REKS optimizes the avergaed state, not individual states
 These charges do not mean the charges for individual states
 Similarly to this, the values in band.out file indicate
 the band energies and occupations for the averaged state
 If you want to compute the relaxed density,
 please, set 'RelaxedDensity = Yes' option

 Total charge:     1.00000000

 Atomic gross charges (e)
 Atom           Charge
    1      -0.08413441
    2       0.01218340
    3       0.11665464
    4       0.14393617
    5       0.12448273
    6       0.00649506
    7      -0.10517526
    8       0.13313579
    9       0.11959296
   10       0.12344495
   11       0.11525764
   12      -0.19566392
   13       0.23573397
   14       0.25405628

Nr. of electrons (up):     32.00000000
Atom populations (up)
 Atom       Population
    1       4.08413441
    2       3.98781660
    3       0.88334536
    4       0.85606383
    5       0.87551727
    6       3.99350494
    7       4.10517526
    8       0.86686421
    9       0.88040704
   10       3.87655505
   11       0.88474236
   12       5.19566392
   13       0.76426603
   14       0.74594372

l-shell populations (up)
 Atom Sh.   l       Population
    1   1   0       1.22195963
    1   2   1       2.86217478
    2   1   0       1.21047600
    2   2   1       2.77734059
    3   1   0       0.88334536
    4   1   0       0.85606383
    5   1   0       0.87551727
    6   1   0       1.19256317
    6   2   1       2.80094177
    7   1   0       1.16533344
    7   2   1       2.93984183
    8   1   0       0.86686421
    9   1   0       0.88040704
   10   1   0       1.16344326
   10   2   1       2.71311178
   11   1   0       0.88474236
   12   1   0       1.37166472
   12   2   1       3.82399920
   13   1   0       0.76426603
   14   1   0       0.74594372

Orbital populations (up)
 Atom Sh.   l   m       Population  Label
    1   1   0   0       1.22195963  s
    1   2   1  -1       0.95374636  p_y
    1   2   1   0       0.97810018  p_z
    1   2   1   1       0.93032824  p_x
    2   1   0   0       1.21047600  s
    2   2   1  -1       0.92942097  p_y
    2   2   1   0       0.97213059  p_z
    2   2   1   1       0.87578903  p_x
    3   1   0   0       0.88334536  s
    4   1   0   0       0.85606383  s
    5   1   0   0       0.87551727  s
    6   1   0   0       1.19256317  s
    6   2   1  -1       0.91220598  p_y
    6   2   1   0       0.92586131  p_z
    6   2   1   1       0.96287448  p_x
    7   1   0   0       1.16533344  s
    7   2   1  -1       0.97413713  p_y
    7   2   1   0       0.99241259  p_z
    7   2   1   1       0.97329211  p_x
    8   1   0   0       0.86686421  s
    9   1   0   0       0.88040704  s
   10   1   0   0       1.16344326  s
   10   2   1  -1       0.92849902  p_y
   10   2   1   0       0.91937145  p_z
   10   2   1   1       0.86524131  p_x
   11   1   0   0       0.88474236  s
   12   1   0   0       1.37166472  s
   12   2   1  -1       1.35904766  p_y
   12   2   1   0       1.37334699  p_z
   12   2   1   1       1.09160456  p_x
   13   1   0   0       0.76426603  s
   14   1   0   0       0.74594372  s

Input / Output electrons (q):     32.0000000000

Energy H0:                         -16.3625353833 H         -445.2472 eV
Energy SCC:                          0.1129924300 H            3.0747 eV
Energy SPIN:                        -0.0000000014 H           -0.0000 eV
Energy Fock:                        -0.6645753671 H          -18.0840 eV
Total Electronic energy:           -16.9141183217 H         -460.2566 eV
Repulsive energy:                    0.4388888522 H           11.9428 eV

Excitation Energy:                   0.0000000000 H            0.0000 eV

Total energy:                      -16.4752813065 H         -448.3152 eV

SCC converged

Total Forces
    1     -0.031562862149     -0.033538511878      0.024353669182
    2     -0.050453414349      0.061082411692      0.011444817877
    3     -0.003480912794     -0.003811561338     -0.002187538660
    4      0.023864087287      0.000131125103     -0.028320392871
    5      0.012457228757      0.016342623989     -0.011152532397
    6     -0.036147611072     -0.064577759435      0.012577826808
    7      0.055291703773     -0.037933741830     -0.065877687092
    8      0.005525900635     -0.028561861118      0.005352925858
    9      0.024594881906      0.056316755524      0.010116101629
   10     -0.010398964724      0.051948761688      0.066964345054
   11      0.020762190952      0.011163626776      0.023256167711
   12     -0.011570391512     -0.011063646218     -0.042304594210
   13      0.022466858793     -0.023562773829     -0.021988307055
   14     -0.021348695504      0.006064550874      0.017765198165

Maximal derivative component:        0.669643E-01 au


