 KPT            1  SPIN            1  KWEIGHT    1.0000000000000000     
     1   -29.696  2.00000
     2   -27.137  2.00000
     3   -25.399  2.00000
     4   -23.369  2.00000
     5   -21.448  2.00000
     6   -20.043  2.00000
     7   -19.367  2.00000
     8   -18.701  2.00000
     9   -17.888  2.00000
    10   -17.721  2.00000
    11   -16.980  2.00000
    12   -16.872  2.00000
    13   -15.826  2.00000
    14   -15.035  2.00000
    15   -14.546  2.00000
    16   -13.993  1.49998
    17   -10.178  0.50002
    18    -3.386  0.00000
    19    -2.147  0.00000
    20     6.823  0.00000
    21     8.228  0.00000
    22    12.714  0.00000
    23    14.699  0.00000
    24    15.657  0.00000
    25    16.821  0.00000
    26    20.204  0.00000
    27    23.052  0.00000
    28    24.247  0.00000
    29    26.573  0.00000
    30    29.357  0.00000
    31    32.662  0.00000
    32    46.073  0.00000

