REKS do not use any electronic distribution function

Calculation with static geometry

********************************************************************************************
  iSCC       reks energy        Diff energy         x_a       SCC error   
  116      -16.4210442527      -0.0000000000     0.999983    0.00000099
********************************************************************************************

 SA-REKS optimizes the avergaed state, not individual states
 These charges do not mean the charges for individual states
 Similarly to this, the values in band.out file indicate
 the band energies and occupations for the averaged state
 If you want to compute the relaxed density,
 please, set 'RelaxedDensity = Yes' option

 Total charge:     1.00000000

 Atomic gross charges (e)
 Atom           Charge
    1      -0.05018163
    2      -0.02227697
    3       0.08671369
    4       0.12061986
    5       0.12278851
    6       0.08354793
    7      -0.14614687
    8       0.11339709
    9       0.10494504
   10       0.18204228
   11       0.08351013
   12      -0.18839065
   13       0.27008752
   14       0.23934408

Nr. of electrons (up):     32.00000000
Atom populations (up)
 Atom       Population
    1       4.05018163
    2       4.02227697
    3       0.91328631
    4       0.87938014
    5       0.87721149
    6       3.91645207
    7       4.14614687
    8       0.88660291
    9       0.89505496
   10       3.81795772
   11       0.91648987
   12       5.18839065
   13       0.72991248
   14       0.76065592

l-shell populations (up)
 Atom Sh.   l       Population
    1   1   0       1.18908972
    1   2   1       2.86109191
    2   1   0       1.16379776
    2   2   1       2.85847920
    3   1   0       0.91328631
    4   1   0       0.87938014
    5   1   0       0.87721149
    6   1   0       1.19574661
    6   2   1       2.72070546
    7   1   0       1.17925274
    7   2   1       2.96689413
    8   1   0       0.88660291
    9   1   0       0.89505496
   10   1   0       1.12931717
   10   2   1       2.68864055
   11   1   0       0.91648987
   12   1   0       1.39031199
   12   2   1       3.79807866
   13   1   0       0.72991248
   14   1   0       0.76065592

Orbital populations (up)
 Atom Sh.   l   m       Population  Label
    1   1   0   0       1.18908972  s
    1   2   1  -1       0.99211421  p_y
    1   2   1   0       0.94022993  p_z
    1   2   1   1       0.92874776  p_x
    2   1   0   0       1.16379776  s
    2   2   1  -1       0.90171851  p_y
    2   2   1   0       0.95396402  p_z
    2   2   1   1       1.00279667  p_x
    3   1   0   0       0.91328631  s
    4   1   0   0       0.87938014  s
    5   1   0   0       0.87721149  s
    6   1   0   0       1.19574661  s
    6   2   1  -1       0.92175849  p_y
    6   2   1   0       0.87349331  p_z
    6   2   1   1       0.92545366  p_x
    7   1   0   0       1.17925274  s
    7   2   1  -1       1.03102696  p_y
    7   2   1   0       1.04696420  p_z
    7   2   1   1       0.88890297  p_x
    8   1   0   0       0.88660291  s
    9   1   0   0       0.89505496  s
   10   1   0   0       1.12931717  s
   10   2   1  -1       1.00048695  p_y
   10   2   1   0       0.83408310  p_z
   10   2   1   1       0.85407051  p_x
   11   1   0   0       0.91648987  s
   12   1   0   0       1.39031199  s
   12   2   1  -1       1.17880898  p_y
   12   2   1   0       1.51797026  p_z
   12   2   1   1       1.10129941  p_x
   13   1   0   0       0.72991248  s
   14   1   0   0       0.76065592  s

Input / Output electrons (q):     32.0000000000

Energy H0:                         -16.3670783734 H         -445.3709 eV
Energy SCC:                          0.0976895214 H            2.6583 eV
Energy SPIN:                        -0.0000039398 H           -0.0001 eV
Energy Fock:                        -0.6608461919 H          -17.9825 eV
Total Electronic energy:           -16.9302389837 H         -460.6952 eV
Repulsive energy:                    0.4397109890 H           11.9651 eV

Excitation Energy:                   0.0000000000 H            0.0000 eV

Total energy:                      -16.4924789743 H         -448.7832 eV

SCC converged

Total Forces
    1      0.076378831721     -0.052868182489      0.040053171236
    2     -0.010039493443      0.114819640238      0.009048394875
    3     -0.022409431057      0.014323031588     -0.014649454327
    4     -0.030083875844     -0.030545339245     -0.040783638367
    5     -0.002993218866     -0.016794032324      0.005407240717
    6      0.060987721723     -0.055314274836      0.022065217168
    7     -0.005935405644     -0.002424830021     -0.049806946143
    8     -0.006457357915      0.014094498575     -0.019387328479
    9      0.008714479043      0.035728432984      0.030458126280
   10     -0.042254415778      0.004355847332      0.012813434419
   11      0.004664968378     -0.052461059868     -0.003392816534
   12      0.006262284680      0.068172421113     -0.001023875189
   13     -0.035807330651     -0.002142882127      0.002069184653
   14     -0.001027756347     -0.038943270919      0.007129289692

Maximal derivative component:        0.114820E+00 au


