REKS do not use any electronic distribution function

Calculation with static geometry

********************************************************************************************
  iSCC       reks energy        Diff energy         x_a       SCC error   
   52       -6.2877267794      -0.0000000000     0.999967    0.00000087
********************************************************************************************

 SA-REKS optimizes the avergaed state, not individual states
 These charges do not mean the charges for individual states
 Similarly to this, the values in band.out file indicate
 the band energies and occupations for the averaged state
 If you want to compute the relaxed density,
 please, set 'RelaxedDensity = Yes' option

 Total charge:     1.00000000

 Atomic gross charges (e)
 Atom           Charge
    1       0.10608651
    2      -0.10938752
    3       0.19122860
    4       0.31019316
    5       0.31049703
    6       0.19138223

Nr. of electrons (up):     12.00000000
Atom populations (up)
 Atom       Population
    1       3.89391349
    2       5.10938752
    3       0.80877140
    4       0.68980684
    5       0.68950297
    6       0.80861777

l-shell populations (up)
 Atom Sh.   l       Population
    1   1   0       1.18166676
    1   2   1       2.71224673
    2   1   0       1.38188720
    2   2   1       3.72750031
    3   1   0       0.80877140
    4   1   0       0.68980684
    5   1   0       0.68950297
    6   1   0       0.80861777

Orbital populations (up)
 Atom Sh.   l   m       Population  Label
    1   1   0   0       1.18166676  s
    1   2   1  -1       0.85500404  p_y
    1   2   1   0       0.88928974  p_z
    1   2   1   1       0.96795295  p_x
    2   1   0   0       1.38188720  s
    2   2   1  -1       1.11603214  p_y
    2   2   1   0       1.11899027  p_z
    2   2   1   1       1.49247791  p_x
    3   1   0   0       0.80877140  s
    4   1   0   0       0.68980684  s
    5   1   0   0       0.68950297  s
    6   1   0   0       0.80861777  s

Input / Output electrons (q):     12.0000000000

Energy H0:                          -6.5262805806 H         -177.5891 eV
Energy SCC:                          0.1350783871 H            3.6757 eV
Energy SPIN:                        -0.0000186213 H           -0.0005 eV
Energy Fock:                        -0.2075382607 H           -5.6474 eV
Total Electronic energy:            -6.5987590755 H         -179.5614 eV
Repulsive energy:                    0.1817633907 H            4.9460 eV

Excitation Energy:                   0.0000000000 H            0.0000 eV

Total energy:                       -6.4170608373 H         -174.6171 eV

SCC converged

Total Forces
    1      0.000480375313      0.000878304212      0.007347839528
    2     -0.001730878578     -0.001173825013     -0.007932247582
    3      0.006454108879     -0.004446713492     -0.000513706766
    4      0.007816564677     -0.001281560198      0.000317559997
    5     -0.006733509131      0.001493562627     -0.000257680304
    6     -0.006286661159      0.004530231863      0.001038235128

Maximal derivative component:        0.793225E-02 au


