 KPT            1  SPIN            1  KWEIGHT    1.0000000000000000     
     1   -29.771  2.00000
     2   -27.412  2.00000
     3   -25.486  2.00000
     4   -22.891  2.00000
     5   -21.701  2.00000
     6   -20.617  2.00000
     7   -19.626  2.00000
     8   -18.890  2.00000
     9   -18.070  2.00000
    10   -17.771  2.00000
    11   -17.083  2.00000
    12   -16.913  2.00000
    13   -15.985  2.00000
    14   -15.486  2.00000
    15   -14.487  2.00000
    16   -14.149  1.50000
    17   -10.072  0.50000
    18    -3.855  0.00000
    19    -1.919  0.00000
    20     9.177  0.00000
    21    12.402  0.00000
    22    14.494  0.00000
    23    16.546  0.00000
    24    17.464  0.00000
    25    19.114  0.00000
    26    21.601  0.00000
    27    22.714  0.00000
    28    23.454  0.00000
    29    25.979  0.00000
    30    33.936  0.00000
    31    43.065  0.00000
    32    44.930  0.00000

