REKS do not use any electronic distribution function

Calculation with static geometry

********************************************************************************************
  iSCC       reks energy        Diff energy         x_a       SCC error   
  117      -16.4244733607      -0.0000000000     1.000000    0.00000098
********************************************************************************************

 SA-REKS optimizes the avergaed state, not individual states
 These charges do not mean the charges for individual states
 Similarly to this, the values in band.out file indicate
 the band energies and occupations for the averaged state
 If you want to compute the relaxed density,
 please, set 'RelaxedDensity = Yes' option

 Total charge:     1.00000000

 Atomic gross charges (e)
 Atom           Charge
    1      -0.02179481
    2      -0.00353038
    3       0.10634602
    4       0.12480129
    5       0.13940497
    6      -0.00034068
    7      -0.18628295
    8       0.13055530
    9       0.11973589
   10       0.20761827
   11       0.08617858
   12      -0.19730444
   13       0.26317242
   14       0.23144053

Nr. of electrons (up):     32.00000000
Atom populations (up)
 Atom       Population
    1       4.02179481
    2       4.00353038
    3       0.89365398
    4       0.87519871
    5       0.86059503
    6       4.00034068
    7       4.18628295
    8       0.86944470
    9       0.88026411
   10       3.79238173
   11       0.91382142
   12       5.19730444
   13       0.73682758
   14       0.76855947

l-shell populations (up)
 Atom Sh.   l       Population
    1   1   0       1.20927271
    1   2   1       2.81252210
    2   1   0       1.18271443
    2   2   1       2.82081595
    3   1   0       0.89365398
    4   1   0       0.87519871
    5   1   0       0.86059503
    6   1   0       1.19054679
    6   2   1       2.80979389
    7   1   0       1.17098443
    7   2   1       3.01529852
    8   1   0       0.86944470
    9   1   0       0.88026411
   10   1   0       1.11197258
   10   2   1       2.68040915
   11   1   0       0.91382142
   12   1   0       1.36030948
   12   2   1       3.83699496
   13   1   0       0.73682758
   14   1   0       0.76855947

Orbital populations (up)
 Atom Sh.   l   m       Population  Label
    1   1   0   0       1.20927271  s
    1   2   1  -1       0.98627248  p_y
    1   2   1   0       0.91226580  p_z
    1   2   1   1       0.91398382  p_x
    2   1   0   0       1.18271443  s
    2   2   1  -1       0.98546310  p_y
    2   2   1   0       0.87530088  p_z
    2   2   1   1       0.96005197  p_x
    3   1   0   0       0.89365398  s
    4   1   0   0       0.87519871  s
    5   1   0   0       0.86059503  s
    6   1   0   0       1.19054679  s
    6   2   1  -1       0.95423947  p_y
    6   2   1   0       0.92595502  p_z
    6   2   1   1       0.92959940  p_x
    7   1   0   0       1.17098443  s
    7   2   1  -1       1.09452597  p_y
    7   2   1   0       0.97459553  p_z
    7   2   1   1       0.94617702  p_x
    8   1   0   0       0.86944470  s
    9   1   0   0       0.88026411  s
   10   1   0   0       1.11197258  s
   10   2   1  -1       0.87698286  p_y
   10   2   1   0       0.93806442  p_z
   10   2   1   1       0.86536187  p_x
   11   1   0   0       0.91382142  s
   12   1   0   0       1.36030948  s
   12   2   1  -1       1.25929286  p_y
   12   2   1   0       1.31979745  p_z
   12   2   1   1       1.25790465  p_x
   13   1   0   0       0.73682758  s
   14   1   0   0       0.76855947  s

Input / Output electrons (q):     32.0000000000

Energy H0:                         -16.4434404908 H         -447.4488 eV
Energy SCC:                          0.1048583223 H            2.8533 eV
Energy SPIN:                        -0.0000000368 H           -0.0000 eV
Energy Fock:                        -0.6677010254 H          -18.1691 eV
Total Electronic energy:           -17.0062832308 H         -462.7645 eV
Repulsive energy:                    0.5127408173 H           13.9524 eV

Excitation Energy:                   0.0000000000 H            0.0000 eV

Total energy:                      -16.4935886147 H         -448.8134 eV

SCC converged

Total Forces
    1     -0.024307389951     -0.040236823477      0.020144802474
    2      0.015871012333     -0.015143846797     -0.033823138646
    3      0.005100892330     -0.006065683889      0.019490756216
    4      0.010282184545      0.006792939810     -0.007502524635
    5     -0.001587921175      0.037736097819      0.008837626932
    6      0.035722537217      0.007982926672     -0.009813836936
    7     -0.046724088082     -0.046847992728     -0.021726191402
    8      0.004118410023      0.007312473747     -0.014704749446
    9     -0.021554751678     -0.001242376836      0.003487959623
   10     -0.050690046834     -0.009275229638     -0.002995020333
   11     -0.025293457813      0.006052440153      0.029421278016
   12      0.074180756828      0.038286785228      0.001649105172
   13     -0.000479328512      0.008471156318      0.033146128691
   14      0.025361190770      0.006177133617     -0.025612195726

Maximal derivative component:        0.741808E-01 au


