 Fermi distribution function

Calculation with static geometry


********************************************************************************
 iSCC Total electronic   Diff electronic      SCC error    
   13   -0.52820963E+01   -0.44266812E-11    0.77207616E-07
********************************************************************************

 Total charge:     1.00000000

 Atomic gross charges (e)
 Atom           Charge
    1       0.28367485
    2      -0.20365150
    3       0.18510469
    4       0.27253082
    5       0.28152479
    6       0.18081635

Nr. of electrons (up):     12.00000000
Atom populations (up)
 Atom       Population
    1       3.71632515
    2       5.20365150
    3       0.81489531
    4       0.72746918
    5       0.71847521
    6       0.81918365

l-shell populations (up)
 Atom Sh.   l       Population
    1   1   0       1.40278486
    1   2   1       2.31354029
    2   1   0       1.50082269
    2   2   1       3.70282882
    3   1   0       0.81489531
    4   1   0       0.72746918
    5   1   0       0.71847521
    6   1   0       0.81918365

Orbital populations (up)
 Atom Sh.   l   m       Population  Label
    1   1   0   0       1.40278486  s
    1   2   1  -1       0.50222756  p_y
    1   2   1   0       0.83991901  p_z
    1   2   1   1       0.97139372  p_x
    2   1   0   0       1.50082269  s
    2   2   1  -1       1.42888689  p_y
    2   2   1   0       1.06463529  p_z
    2   2   1   1       1.20930663  p_x
    3   1   0   0       0.81489531  s
    4   1   0   0       0.72746918  s
    5   1   0   0       0.71847521  s
    6   1   0   0       0.81918365  s

Fermi level:                        -0.4989716244 H          -13.5777 eV
Band energy:                        -8.6103053222 H         -234.2983 eV
TS:                                  0.0000000000 H            0.0000 eV
Band free energy (E-TS):            -8.6103053222 H         -234.2983 eV
Extrapolated E(0K):                 -8.6103053222 H         -234.2983 eV
Input / Output electrons (q):     12.0000000000     12.0000000000

Energy H0:                          -5.4128922374 H         -147.2923 eV
Energy SCC:                          0.1307959381 H            3.5591 eV
Total Electronic energy:            -5.2820962993 H         -143.7332 eV
Repulsive energy:                    0.1324709555 H            3.6047 eV
Total energy:                       -5.1496253438 H         -140.1284 eV
Extrapolated to 0:                  -5.1496253438 H         -140.1284 eV
Total Mermin free energy:           -5.1496253438 H         -140.1284 eV
Force related energy:               -5.1496253438 H         -140.1284 eV

SCC converged

Excitation Energy:                   0.1124724240 H            3.0605 eV

Total Forces
    1      0.016147659256     -0.007854841689      0.060695886973
    2      0.015425211875      0.008790793812     -0.039662823481
    3     -0.012484484420     -0.007638298942      0.003519550298
    4     -0.025753093587      0.006214857861     -0.011119981382
    5      0.013371385352     -0.010930042556     -0.005515466935
    6     -0.006706678476      0.011417531513     -0.007917165473

Maximal derivative component:        0.606959E-01 au


