REKS do not use any electronic distribution function

Calculation with static geometry

********************************************************************************************
  iSCC       reks energy        Diff energy         x_a       SCC error   
   55       -6.2840673340      -0.0000000000     0.999949    0.00000097
********************************************************************************************

 SA-REKS optimizes the avergaed state, not individual states
 These charges do not mean the charges for individual states
 Similarly to this, the values in band.out file indicate
 the band energies and occupations for the averaged state
 If you want to compute the relaxed density,
 please, set 'RelaxedDensity = Yes' option

 Total charge:     1.00000000

 Atomic gross charges (e)
 Atom           Charge
    1       0.11458294
    2      -0.10866116
    3       0.18259455
    4       0.31300351
    5       0.31079241
    6       0.18768776

Nr. of electrons (up):     12.00000000
Atom populations (up)
 Atom       Population
    1       3.88541706
    2       5.10866116
    3       0.81740545
    4       0.68699649
    5       0.68920759
    6       0.81231224

l-shell populations (up)
 Atom Sh.   l       Population
    1   1   0       1.17441558
    1   2   1       2.71100149
    2   1   0       1.37977714
    2   2   1       3.72888402
    3   1   0       0.81740545
    4   1   0       0.68699649
    5   1   0       0.68920759
    6   1   0       0.81231224

Orbital populations (up)
 Atom Sh.   l   m       Population  Label
    1   1   0   0       1.17441558  s
    1   2   1  -1       0.86161296  p_y
    1   2   1   0       0.89335417  p_z
    1   2   1   1       0.95603436  p_x
    2   1   0   0       1.37977714  s
    2   2   1  -1       1.09494271  p_y
    2   2   1   0       1.12821032  p_z
    2   2   1   1       1.50573100  p_x
    3   1   0   0       0.81740545  s
    4   1   0   0       0.68699649  s
    5   1   0   0       0.68920759  s
    6   1   0   0       0.81231224  s

Input / Output electrons (q):     12.0000000000

Energy H0:                          -6.5300697624 H         -177.6922 eV
Energy SCC:                          0.1348659724 H            3.6699 eV
Energy SPIN:                        -0.0000279616 H           -0.0008 eV
Energy Fock:                        -0.2091239533 H           -5.6906 eV
Total Electronic energy:            -6.6043557048 H         -179.7137 eV
Repulsive energy:                    0.1939426692 H            5.2774 eV

Excitation Energy:                   0.0000000000 H            0.0000 eV

Total energy:                       -6.4107290874 H         -174.4448 eV

SCC converged

Total Forces
    1      0.001938170921     -0.004454394048     -0.017871387174
    2      0.006373065550     -0.004360869414      0.017736856913
    3     -0.013684572957     -0.003058836700     -0.005787743113
    4     -0.016327122991      0.000638922997      0.000963006457
    5      0.011527796849      0.004653884582      0.003729301043
    6      0.010172662628      0.006581292584      0.001229965873

Maximal derivative component:        0.178714E-01 au


