REKS do not use any electronic distribution function

Calculation with static geometry

********************************************************************************************
  iSCC       reks energy        Diff energy         x_a       SCC error   
   48       -6.2885622652      -0.0000000000     0.999970    0.00000097
********************************************************************************************

 SA-REKS optimizes the avergaed state, not individual states
 These charges do not mean the charges for individual states
 Similarly to this, the values in band.out file indicate
 the band energies and occupations for the averaged state
 If you want to compute the relaxed density,
 please, set 'RelaxedDensity = Yes' option

 Total charge:     1.00000000

 Atomic gross charges (e)
 Atom           Charge
    1       0.10595965
    2      -0.10658169
    3       0.19060382
    4       0.30967894
    5       0.30959979
    6       0.19073949

Nr. of electrons (up):     12.00000000
Atom populations (up)
 Atom       Population
    1       3.89404035
    2       5.10658169
    3       0.80939618
    4       0.69032106
    5       0.69040021
    6       0.80926051

l-shell populations (up)
 Atom Sh.   l       Population
    1   1   0       1.17648192
    1   2   1       2.71755842
    2   1   0       1.38109790
    2   2   1       3.72548379
    3   1   0       0.80939618
    4   1   0       0.69032106
    5   1   0       0.69040021
    6   1   0       0.80926051

Orbital populations (up)
 Atom Sh.   l   m       Population  Label
    1   1   0   0       1.17648192  s
    1   2   1  -1       0.98091979  p_y
    1   2   1   0       0.88076095  p_z
    1   2   1   1       0.85587768  p_x
    2   1   0   0       1.38109790  s
    2   2   1  -1       1.51532610  p_y
    2   2   1   0       1.11107488  p_z
    2   2   1   1       1.09908281  p_x
    3   1   0   0       0.80939618  s
    4   1   0   0       0.69032106  s
    5   1   0   0       0.69040021  s
    6   1   0   0       0.80926051  s

Input / Output electrons (q):     12.0000000000

Energy H0:                          -6.5281967944 H         -177.6413 eV
Energy SCC:                          0.1352725237 H            3.6810 eV
Energy SPIN:                        -0.0000170775 H           -0.0005 eV
Energy Fock:                        -0.2070386508 H           -5.6338 eV
Total Electronic energy:            -6.5999799990 H         -179.5946 eV
Repulsive energy:                    0.1816445221 H            4.9428 eV

Excitation Energy:                   0.0000000000 H            0.0000 eV

Total energy:                       -6.4183491618 H         -174.6522 eV

SCC converged

Total Forces
    1     -0.000550299277     -0.000482526982      0.008034935735
    2      0.000904955125      0.000538210228     -0.008242387363
    3      0.002666312529      0.003007690400      0.004345217954
    4      0.000471927392     -0.003526423691     -0.004589903978
    5     -0.001238830430      0.003873031849     -0.003882807256
    6     -0.002254065339     -0.003409981804      0.004334944907

Maximal derivative component:        0.824239E-02 au


