 KPT            1  SPIN            1  KWEIGHT    1.0000000000000000     
     1   -29.997  2.00000
     2   -27.355  2.00000
     3   -25.400  2.00000
     4   -23.217  2.00000
     5   -21.326  2.00000
     6   -20.335  2.00000
     7   -19.409  2.00000
     8   -18.937  2.00000
     9   -18.309  2.00000
    10   -17.602  2.00000
    11   -16.874  2.00000
    12   -16.563  2.00000
    13   -16.055  2.00000
    14   -15.128  2.00000
    15   -14.817  2.00000
    16   -13.613  1.49999
    17    -9.820  0.50001
    18    -3.112  0.00000
    19    -1.545  0.00000
    20     4.692  0.00000
    21     7.031  0.00000
    22     8.382  0.00000
    23     9.475  0.00000
    24    11.346  0.00000
    25    13.457  0.00000
    26    15.181  0.00000
    27    21.424  0.00000
    28    25.450  0.00000
    29    32.958  0.00000
    30    38.502  0.00000
    31    42.663  0.00000
    32    45.197  0.00000

