REKS do not use any electronic distribution function

Calculation with static geometry

********************************************************************************************
  iSCC       reks energy        Diff energy         x_a       SCC error   
   65      -16.4133269107      -0.0000000000     0.999991    0.00000093
********************************************************************************************

 SA-REKS optimizes the avergaed state, not individual states
 These charges do not mean the charges for individual states
 Similarly to this, the values in band.out file indicate
 the band energies and occupations for the averaged state
 If you want to compute the relaxed density,
 please, set 'RelaxedDensity = Yes' option

 Total charge:     1.00000000

 Atomic gross charges (e)
 Atom           Charge
    1      -0.10064745
    2      -0.01357587
    3       0.09413171
    4       0.11785547
    5       0.12732560
    6       0.03309055
    7      -0.12678148
    8       0.11161521
    9       0.13490710
   10       0.22274319
   11       0.07368602
   12      -0.20017681
   13       0.27294188
   14       0.25288488

Nr. of electrons (up):     32.00000000
Atom populations (up)
 Atom       Population
    1       4.10064745
    2       4.01357587
    3       0.90586829
    4       0.88214453
    5       0.87267440
    6       3.96690945
    7       4.12678148
    8       0.88838479
    9       0.86509290
   10       3.77725681
   11       0.92631398
   12       5.20017681
   13       0.72705812
   14       0.74711512

l-shell populations (up)
 Atom Sh.   l       Population
    1   1   0       1.20601206
    1   2   1       2.89463539
    2   1   0       1.15286469
    2   2   1       2.86071118
    3   1   0       0.90586829
    4   1   0       0.88214453
    5   1   0       0.87267440
    6   1   0       1.18005628
    6   2   1       2.78685317
    7   1   0       1.14906334
    7   2   1       2.97771814
    8   1   0       0.88838479
    9   1   0       0.86509290
   10   1   0       1.10754049
   10   2   1       2.66971632
   11   1   0       0.92631398
   12   1   0       1.40454294
   12   2   1       3.79563386
   13   1   0       0.72705812
   14   1   0       0.74711512

Orbital populations (up)
 Atom Sh.   l   m       Population  Label
    1   1   0   0       1.20601206  s
    1   2   1  -1       0.99826687  p_y
    1   2   1   0       0.97115442  p_z
    1   2   1   1       0.92521410  p_x
    2   1   0   0       1.15286469  s
    2   2   1  -1       0.92011760  p_y
    2   2   1   0       0.94997947  p_z
    2   2   1   1       0.99061411  p_x
    3   1   0   0       0.90586829  s
    4   1   0   0       0.88214453  s
    5   1   0   0       0.87267440  s
    6   1   0   0       1.18005628  s
    6   2   1  -1       0.92037044  p_y
    6   2   1   0       0.94791988  p_z
    6   2   1   1       0.91856285  p_x
    7   1   0   0       1.14906334  s
    7   2   1  -1       0.96545626  p_y
    7   2   1   0       1.04142782  p_z
    7   2   1   1       0.97083407  p_x
    8   1   0   0       0.88838479  s
    9   1   0   0       0.86509290  s
   10   1   0   0       1.10754049  s
   10   2   1  -1       0.89580599  p_y
   10   2   1   0       0.92251250  p_z
   10   2   1   1       0.85139783  p_x
   11   1   0   0       0.92631398  s
   12   1   0   0       1.40454294  s
   12   2   1  -1       1.39830126  p_y
   12   2   1   0       1.28159721  p_z
   12   2   1   1       1.11573539  p_x
   13   1   0   0       0.72705812  s
   14   1   0   0       0.74711512  s

Input / Output electrons (q):     32.0000000000

Energy H0:                         -16.3379350945 H         -444.5778 eV
Energy SCC:                          0.0998162386 H            2.7161 eV
Energy SPIN:                        -0.0000023952 H           -0.0001 eV
Energy Fock:                        -0.6804402752 H          -18.5157 eV
Total Electronic energy:           -16.9185615264 H         -460.3775 eV
Repulsive energy:                    0.4345186623 H           11.8239 eV

Excitation Energy:                   0.0000000000 H            0.0000 eV

Total energy:                      -16.4848787664 H         -448.5764 eV

SCC converged

Total Forces
    1     -0.012311839607     -0.006396156850     -0.071008821481
    2      0.037079375043      0.010935489017      0.047483691205
    3     -0.006104556709     -0.024710919446      0.025557294201
    4      0.002950533403      0.002929249659     -0.004658845215
    5     -0.014252109797     -0.017844577071     -0.003879975371
    6     -0.044288335874      0.029030108084      0.018485304914
    7     -0.100420124483      0.125873337822      0.085110458174
    8      0.029761316164     -0.002206775367     -0.019027533064
    9      0.015524621289     -0.055259854542      0.004540754565
   10      0.028634414860     -0.106992965667     -0.153908896066
   11      0.002323984784      0.015136173476      0.040803602982
   12      0.120040418501      0.043492077361      0.022520662897
   13     -0.051176659405      0.023720497146      0.052293695402
   14     -0.007761038168     -0.037705683621     -0.044311393143

Maximal derivative component:        0.153909E+00 au


