REKS do not use any electronic distribution function

Calculation with static geometry

********************************************************************************************
  iSCC       reks energy        Diff energy         x_a       SCC error   
   51       -6.2888622689      -0.0000000000     0.999970    0.00000093
********************************************************************************************

 SA-REKS optimizes the avergaed state, not individual states
 These charges do not mean the charges for individual states
 Similarly to this, the values in band.out file indicate
 the band energies and occupations for the averaged state
 If you want to compute the relaxed density,
 please, set 'RelaxedDensity = Yes' option

 Total charge:     1.00000000

 Atomic gross charges (e)
 Atom           Charge
    1       0.10586454
    2      -0.10946110
    3       0.19101714
    4       0.31028125
    5       0.31016260
    6       0.19213557

Nr. of electrons (up):     12.00000000
Atom populations (up)
 Atom       Population
    1       3.89413546
    2       5.10946110
    3       0.80898286
    4       0.68971875
    5       0.68983740
    6       0.80786443

l-shell populations (up)
 Atom Sh.   l       Population
    1   1   0       1.17926859
    1   2   1       2.71486687
    2   1   0       1.38333220
    2   2   1       3.72612890
    3   1   0       0.80898286
    4   1   0       0.68971875
    5   1   0       0.68983740
    6   1   0       0.80786443

Orbital populations (up)
 Atom Sh.   l   m       Population  Label
    1   1   0   0       1.17926859  s
    1   2   1  -1       0.85327614  p_y
    1   2   1   0       0.88230975  p_z
    1   2   1   1       0.97928098  p_x
    2   1   0   0       1.38333220  s
    2   2   1  -1       1.09712457  p_y
    2   2   1   0       1.11319770  p_z
    2   2   1   1       1.51580663  p_x
    3   1   0   0       0.80898286  s
    4   1   0   0       0.68971875  s
    5   1   0   0       0.68983740  s
    6   1   0   0       0.80786443  s

Input / Output electrons (q):     12.0000000000

Energy H0:                          -6.5267911444 H         -177.6030 eV
Energy SCC:                          0.1351515867 H            3.6777 eV
Energy SPIN:                        -0.0000169558 H           -0.0005 eV
Energy Fock:                        -0.2066796674 H           -5.6240 eV
Total Electronic energy:            -6.5983361809 H         -179.5499 eV
Repulsive energy:                    0.1796803312 H            4.8894 eV

Excitation Energy:                   0.0000000000 H            0.0000 eV

Total energy:                       -6.4186663848 H         -174.6608 eV

SCC converged

Total Forces
    1     -0.001222871059     -0.002098668174      0.019079576838
    2     -0.000457539218     -0.000569854166     -0.016859460271
    3      0.003525136253     -0.001323609878      0.000528356491
    4      0.003512519272      0.001291977454     -0.002435828118
    5     -0.002956691186      0.001385031222     -0.003028243534
    6     -0.002400554063      0.001315123542      0.002715598592

Maximal derivative component:        0.190796E-01 au


