REKS do not use any electronic distribution function

Calculation with static geometry

********************************************************************************************
  iSCC       reks energy        Diff energy         x_a       SCC error   
   64       -6.2844760908      -0.0000000000     0.999933    0.00000087
********************************************************************************************

 SA-REKS optimizes the avergaed state, not individual states
 These charges do not mean the charges for individual states
 Similarly to this, the values in band.out file indicate
 the band energies and occupations for the averaged state
 If you want to compute the relaxed density,
 please, set 'RelaxedDensity = Yes' option

 Total charge:     1.00000000

 Atomic gross charges (e)
 Atom           Charge
    1       0.12112362
    2      -0.12000258
    3       0.18337741
    4       0.31490438
    5       0.31407146
    6       0.18652571

Nr. of electrons (up):     12.00000000
Atom populations (up)
 Atom       Population
    1       3.87887638
    2       5.12000258
    3       0.81662259
    4       0.68509562
    5       0.68592854
    6       0.81347429

l-shell populations (up)
 Atom Sh.   l       Population
    1   1   0       1.18431385
    1   2   1       2.69456253
    2   1   0       1.38545268
    2   2   1       3.73454989
    3   1   0       0.81662259
    4   1   0       0.68509562
    5   1   0       0.68592854
    6   1   0       0.81347429

Orbital populations (up)
 Atom Sh.   l   m       Population  Label
    1   1   0   0       1.18431385  s
    1   2   1  -1       0.85575860  p_y
    1   2   1   0       0.89795208  p_z
    1   2   1   1       0.94085185  p_x
    2   1   0   0       1.38545268  s
    2   2   1  -1       1.08536508  p_y
    2   2   1   0       1.13468604  p_z
    2   2   1   1       1.51449877  p_x
    3   1   0   0       0.81662259  s
    4   1   0   0       0.68509562  s
    5   1   0   0       0.68592854  s
    6   1   0   0       0.81347429  s

Input / Output electrons (q):     12.0000000000

Energy H0:                          -6.5160819498 H         -177.3116 eV
Energy SCC:                          0.1342803394 H            3.6540 eV
Energy SPIN:                        -0.0000352432 H           -0.0010 eV
Energy Fock:                        -0.2090171766 H           -5.6876 eV
Total Electronic energy:            -6.5908540302 H         -179.3463 eV
Repulsive energy:                    0.1830107834 H            4.9800 eV

Excitation Energy:                   0.0000000000 H            0.0000 eV

Total energy:                       -6.4083436935 H         -174.3799 eV

SCC converged

Total Forces
    1      0.004890575408     -0.004550021918      0.001063308584
    2     -0.012452506315      0.001201301181     -0.009454478865
    3     -0.014711110844      0.002605938705     -0.005216811627
    4     -0.011069300710     -0.003246479669      0.005896366851
    5      0.019442132446      0.003552092786      0.008968501624
    6      0.013900210016      0.000437168916     -0.001256886566

Maximal derivative component:        0.194421E-01 au


