 Fermi distribution function

Calculation with static geometry


********************************************************************************
 iSCC Total electronic   Diff electronic      SCC error    
    9   -0.54068139E+01   -0.11466383E-11    0.81876950E-06
********************************************************************************

 Total charge:     1.00000000

 Atomic gross charges (e)
 Atom           Charge
    1       0.15681383
    2      -0.03698759
    3       0.17536743
    4       0.27186835
    5       0.26848117
    6       0.16445681

Nr. of electrons (up):     12.00000000
Atom populations (up)
 Atom       Population
    1       3.84318617
    2       5.03698759
    3       0.82463257
    4       0.72813165
    5       0.73151883
    6       0.83554319

l-shell populations (up)
 Atom Sh.   l       Population
    1   1   0       1.33357006
    1   2   1       2.50961611
    2   1   0       1.44144928
    2   2   1       3.59553831
    3   1   0       0.82463257
    4   1   0       0.72813165
    5   1   0       0.73151883
    6   1   0       0.83554319

Orbital populations (up)
 Atom Sh.   l   m       Population  Label
    1   1   0   0       1.33357006  s
    1   2   1  -1       0.59419519  p_y
    1   2   1   0       0.87202096  p_z
    1   2   1   1       1.04339996  p_x
    2   1   0   0       1.44144928  s
    2   2   1  -1       1.33440465  p_y
    2   2   1   0       1.10743534  p_z
    2   2   1   1       1.15369832  p_x
    3   1   0   0       0.82463257  s
    4   1   0   0       0.72813165  s
    5   1   0   0       0.73151883  s
    6   1   0   0       0.83554319  s

Fermi level:                        -0.5048649313 H          -13.7381 eV
Band energy:                        -8.9327326206 H         -243.0720 eV
TS:                                  0.0000000000 H            0.0000 eV
Band free energy (E-TS):            -8.9327326206 H         -243.0720 eV
Extrapolated E(0K):                 -8.9327326206 H         -243.0720 eV
Input / Output electrons (q):     12.0000000000     12.0000000000

Energy H0:                          -5.5405183602 H         -150.7652 eV
Energy SCC:                          0.1337044827 H            3.6383 eV
Total Electronic energy:            -5.4068138775 H         -147.1269 eV
Repulsive energy:                    0.1781681698 H            4.8482 eV
Total energy:                       -5.2286457077 H         -142.2787 eV
Extrapolated to 0:                  -5.2286457077 H         -142.2787 eV
Total Mermin free energy:           -5.2286457077 H         -142.2787 eV
Force related energy:               -5.2286457077 H         -142.2787 eV

SCC converged

Excitation Energy:                   0.1547657147 H            4.2114 eV

Total Forces
    1      0.001847110176     -0.003560361857      0.049391054550
    2      0.008311854488      0.005358577099     -0.054753442298
    3     -0.008216677067     -0.002479530533     -0.000296606575
    4     -0.008513030860      0.002057518436      0.001662217154
    5      0.000892291107     -0.000545255229      0.004346070180
    6      0.005678452155     -0.000830947916     -0.000349293010

Maximal derivative component:        0.547534E-01 au


