REKS do not use any electronic distribution function

Calculation with static geometry

********************************************************************************************
  iSCC       reks energy        Diff energy         x_a       SCC error   
  116      -16.4026022328      -0.0000000000     1.000000    0.00000099
********************************************************************************************

 SA-REKS optimizes the avergaed state, not individual states
 These charges do not mean the charges for individual states
 Similarly to this, the values in band.out file indicate
 the band energies and occupations for the averaged state
 If you want to compute the relaxed density,
 please, set 'RelaxedDensity = Yes' option

 Total charge:     1.00000000

 Atomic gross charges (e)
 Atom           Charge
    1      -0.03832840
    2      -0.04733299
    3       0.10083211
    4       0.12155958
    5       0.09083373
    6       0.04895872
    7      -0.02858049
    8       0.12872183
    9       0.12629580
   10       0.13083905
   11       0.10832831
   12      -0.26292015
   13       0.26057556
   14       0.26021735

Nr. of electrons (up):     32.00000000
Atom populations (up)
 Atom       Population
    1       4.03832840
    2       4.04733299
    3       0.89916789
    4       0.87844042
    5       0.90916627
    6       3.95104128
    7       4.02858049
    8       0.87127817
    9       0.87370420
   10       3.86916095
   11       0.89167169
   12       5.26292015
   13       0.73942444
   14       0.73978265

l-shell populations (up)
 Atom Sh.   l       Population
    1   1   0       1.18804105
    1   2   1       2.85028735
    2   1   0       1.17881105
    2   2   1       2.86852194
    3   1   0       0.89916789
    4   1   0       0.87844042
    5   1   0       0.90916627
    6   1   0       1.17934269
    6   2   1       2.77169859
    7   1   0       1.13764521
    7   2   1       2.89093528
    8   1   0       0.87127817
    9   1   0       0.87370420
   10   1   0       1.15110670
   10   2   1       2.71805425
   11   1   0       0.89167169
   12   1   0       1.42521625
   12   2   1       3.83770390
   13   1   0       0.73942444
   14   1   0       0.73978265

Orbital populations (up)
 Atom Sh.   l   m       Population  Label
    1   1   0   0       1.18804105  s
    1   2   1  -1       0.98144466  p_y
    1   2   1   0       0.89190553  p_z
    1   2   1   1       0.97693716  p_x
    2   1   0   0       1.17881105  s
    2   2   1  -1       0.93159053  p_y
    2   2   1   0       0.94402588  p_z
    2   2   1   1       0.99290554  p_x
    3   1   0   0       0.89916789  s
    4   1   0   0       0.87844042  s
    5   1   0   0       0.90916627  s
    6   1   0   0       1.17934269  s
    6   2   1  -1       0.95228344  p_y
    6   2   1   0       0.87521902  p_z
    6   2   1   1       0.94419613  p_x
    7   1   0   0       1.13764521  s
    7   2   1  -1       1.00592450  p_y
    7   2   1   0       0.96121975  p_z
    7   2   1   1       0.92379103  p_x
    8   1   0   0       0.87127817  s
    9   1   0   0       0.87370420  s
   10   1   0   0       1.15110670  s
   10   2   1  -1       0.90908240  p_y
   10   2   1   0       0.95487457  p_z
   10   2   1   1       0.85409728  p_x
   11   1   0   0       0.89167169  s
   12   1   0   0       1.42521625  s
   12   2   1  -1       1.39331888  p_y
   12   2   1   0       1.23699221  p_z
   12   2   1   1       1.20739281  p_x
   13   1   0   0       0.73942444  s
   14   1   0   0       0.73978265  s

Input / Output electrons (q):     32.0000000000

Energy H0:                         -16.4044946380 H         -446.3890 eV
Energy SCC:                          0.1117607538 H            3.0412 eV
Energy SPIN:                        -0.0000000089 H           -0.0000 eV
Energy Fock:                        -0.6665571043 H          -18.1379 eV
Total Electronic energy:           -16.9592909974 H         -461.4858 eV
Repulsive energy:                    0.4875451555 H           13.2668 eV

Excitation Energy:                   0.0000000000 H            0.0000 eV

Total energy:                      -16.4718727358 H         -448.2225 eV

SCC converged

Total Forces
    1     -0.036855073545     -0.022584410936     -0.002054647955
    2      0.036516083214     -0.004276014518     -0.000420597846
    3     -0.022519455813      0.028372500913     -0.002614307532
    4      0.019124047374     -0.014884916875     -0.001354969915
    5     -0.003317755068      0.019451106838     -0.002493023485
    6     -0.079627204991     -0.089627849956      0.034452612604
    7      0.020994726919      0.016489895313      0.010077792312
    8      0.024247546366      0.031834721066     -0.022785157820
    9     -0.002093475785      0.073643790034      0.035829028833
   10      0.095445470657      0.016820217478      0.029191279188
   11      0.013637279075     -0.034817826689     -0.028717158915
   12     -0.101491556269     -0.004450010728     -0.019139054000
   13      0.026624024930      0.002888451776      0.011342064122
   14      0.009315342935     -0.018859653717     -0.041313859590

Maximal derivative component:        0.101492E+00 au


