REKS do not use any electronic distribution function

Calculation with static geometry

********************************************************************************************
  iSCC       reks energy        Diff energy         x_a       SCC error   
   92       -6.2020432549      -0.0000000000     0.999928    0.00000100
********************************************************************************************

 SA-REKS optimizes the avergaed state, not individual states
 These charges do not mean the charges for individual states
 Similarly to this, the values in band.out file indicate
 the band energies and occupations for the averaged state
 If you want to compute the relaxed density,
 please, set 'RelaxedDensity = Yes' option

 Total charge:     1.00000000

 Atomic gross charges (e)
 Atom           Charge
    1       0.13157047
    2      -0.21579779
    3       0.18679045
    4       0.36996263
    5       0.33388368
    6       0.19359055

Nr. of electrons (up):     12.00000000
Atom populations (up)
 Atom       Population
    1       3.86842953
    2       5.21579779
    3       0.81320955
    4       0.63003737
    5       0.66611632
    6       0.80640945

l-shell populations (up)
 Atom Sh.   l       Population
    1   1   0       1.22394345
    1   2   1       2.64448608
    2   1   0       1.49224396
    2   2   1       3.72355383
    3   1   0       0.81320955
    4   1   0       0.63003737
    5   1   0       0.66611632
    6   1   0       0.80640945

Orbital populations (up)
 Atom Sh.   l   m       Population  Label
    1   1   0   0       1.22394345  s
    1   2   1  -1       0.86225016  p_y
    1   2   1   0       0.90090950  p_z
    1   2   1   1       0.88132642  p_x
    2   1   0   0       1.49224396  s
    2   2   1  -1       1.03291224  p_y
    2   2   1   0       1.16072957  p_z
    2   2   1   1       1.52991201  p_x
    3   1   0   0       0.81320955  s
    4   1   0   0       0.63003737  s
    5   1   0   0       0.66611632  s
    6   1   0   0       0.80640945  s

Input / Output electrons (q):     12.0000000000

Energy H0:                          -6.3515125594 H         -172.8335 eV
Energy SCC:                          0.1310409257 H            3.5658 eV
Energy SPIN:                        -0.0000357735 H           -0.0010 eV
Energy Fock:                        -0.2208359645 H           -6.0093 eV
Total Electronic energy:            -6.4413433717 H         -175.2779 eV
Repulsive energy:                    0.1293167578 H            3.5189 eV

Excitation Energy:                   0.0000000000 H            0.0000 eV

Total energy:                       -6.3122100396 H         -171.7640 eV

SCC converged

Total Forces
    1     -0.060124437560      0.151086568749      0.166292716696
    2      0.071918587837     -0.035535439935     -0.043553777697
    3      0.013031444636     -0.063525204462     -0.023664984238
    4      0.003758540456      0.076155199903     -0.067411186569
    5     -0.031374768837     -0.024073995207      0.040261546491
    6      0.002790633468     -0.104107129048     -0.071924314683

Maximal derivative component:        0.166293E+00 au


