REKS do not use any electronic distribution function

Calculation with static geometry

********************************************************************************************
  iSCC       reks energy        Diff energy         x_a       SCC error   
   73       -6.2856928319      -0.0000000000     0.999915    0.00000095
********************************************************************************************

 SA-REKS optimizes the avergaed state, not individual states
 These charges do not mean the charges for individual states
 Similarly to this, the values in band.out file indicate
 the band energies and occupations for the averaged state
 If you want to compute the relaxed density,
 please, set 'RelaxedDensity = Yes' option

 Total charge:     1.00000000

 Atomic gross charges (e)
 Atom           Charge
    1       0.13690018
    2      -0.12879913
    3       0.18003352
    4       0.31424741
    5       0.31594814
    6       0.18166988

Nr. of electrons (up):     12.00000000
Atom populations (up)
 Atom       Population
    1       3.86309982
    2       5.12879913
    3       0.81996648
    4       0.68575259
    5       0.68405186
    6       0.81833012

l-shell populations (up)
 Atom Sh.   l       Population
    1   1   0       1.18589646
    1   2   1       2.67720336
    2   1   0       1.39377789
    2   2   1       3.73502124
    3   1   0       0.81996648
    4   1   0       0.68575259
    5   1   0       0.68405186
    6   1   0       0.81833012

Orbital populations (up)
 Atom Sh.   l   m       Population  Label
    1   1   0   0       1.18589646  s
    1   2   1  -1       0.86216326  p_y
    1   2   1   0       0.89414684  p_z
    1   2   1   1       0.92089326  p_x
    2   1   0   0       1.39377789  s
    2   2   1  -1       1.08256746  p_y
    2   2   1   0       1.13589095  p_z
    2   2   1   1       1.51656283  p_x
    3   1   0   0       0.81996648  s
    4   1   0   0       0.68575259  s
    5   1   0   0       0.68405186  s
    6   1   0   0       0.81833012  s

Input / Output electrons (q):     12.0000000000

Energy H0:                          -6.5077417294 H         -177.0847 eV
Energy SCC:                          0.1339725661 H            3.6456 eV
Energy SPIN:                        -0.0000431771 H           -0.0012 eV
Energy Fock:                        -0.2082047372 H           -5.6655 eV
Total Electronic energy:            -6.5820170776 H         -179.1058 eV
Repulsive energy:                    0.1774751876 H            4.8293 eV

Excitation Energy:                   0.0000000000 H            0.0000 eV

Total energy:                       -6.4053260238 H         -174.2978 eV

SCC converged

Total Forces
    1     -0.009061615118      0.006449132122      0.023496290285
    2      0.026258050802      0.001350975395     -0.028208351517
    3     -0.012833259286      0.005966237312     -0.006474527537
    4     -0.023821895900      0.000061891118      0.010594154504
    5      0.006288336777     -0.008008391238      0.001831620242
    6      0.013170382725     -0.005819844708     -0.001239185978

Maximal derivative component:        0.282084E-01 au


