REKS do not use any electronic distribution function

Calculation with static geometry

********************************************************************************************
  iSCC       reks energy        Diff energy         x_a       SCC error   
   45       -6.2881570778      -0.0000000000     0.999974    0.00000097
********************************************************************************************

 SA-REKS optimizes the avergaed state, not individual states
 These charges do not mean the charges for individual states
 Similarly to this, the values in band.out file indicate
 the band energies and occupations for the averaged state
 If you want to compute the relaxed density,
 please, set 'RelaxedDensity = Yes' option

 Total charge:     1.00000000

 Atomic gross charges (e)
 Atom           Charge
    1       0.10281554
    2      -0.10452626
    3       0.19065653
    4       0.31027216
    5       0.30888130
    6       0.19190073

Nr. of electrons (up):     12.00000000
Atom populations (up)
 Atom       Population
    1       3.89718446
    2       5.10452626
    3       0.80934347
    4       0.68972784
    5       0.69111870
    6       0.80809927

l-shell populations (up)
 Atom Sh.   l       Population
    1   1   0       1.17547106
    1   2   1       2.72171339
    2   1   0       1.38051308
    2   2   1       3.72401318
    3   1   0       0.80934347
    4   1   0       0.68972784
    5   1   0       0.69111870
    6   1   0       0.80809927

Orbital populations (up)
 Atom Sh.   l   m       Population  Label
    1   1   0   0       1.17547106  s
    1   2   1  -1       0.85476490  p_y
    1   2   1   0       0.88238988  p_z
    1   2   1   1       0.98455862  p_x
    2   1   0   0       1.38051308  s
    2   2   1  -1       1.09910101  p_y
    2   2   1   0       1.11187019  p_z
    2   2   1   1       1.51304198  p_x
    3   1   0   0       0.80934347  s
    4   1   0   0       0.68972784  s
    5   1   0   0       0.69111870  s
    6   1   0   0       0.80809927  s

Input / Output electrons (q):     12.0000000000

Energy H0:                          -6.5321265011 H         -177.7482 eV
Energy SCC:                          0.1355241755 H            3.6878 eV
Energy SPIN:                        -0.0000152933 H           -0.0004 eV
Energy Fock:                        -0.2071495983 H           -5.6368 eV
Total Electronic energy:            -6.6037672172 H         -179.6976 eV
Repulsive energy:                    0.1847143596 H            5.0263 eV

Excitation Energy:                   0.0000000000 H            0.0000 eV

Total energy:                       -6.4190531324 H         -174.6713 eV

SCC converged

Total Forces
    1     -0.001366107176     -0.002851400483      0.004620246142
    2      0.002755091437      0.004092789100     -0.003428665686
    3     -0.000097662573     -0.002153069700      0.001796549424
    4     -0.001527658522     -0.000548997836     -0.005249334306
    5     -0.000290231265     -0.001672392757     -0.002047958188
    6      0.000526568097      0.003133071676      0.004309162614

Maximal derivative component:        0.524933E-02 au


