REKS do not use any electronic distribution function

Calculation with static geometry

********************************************************************************************
  iSCC       reks energy        Diff energy         x_a       SCC error   
   49       -6.2839542443      -0.0000000000     0.999967    0.00000087
********************************************************************************************

 SA-REKS optimizes the avergaed state, not individual states
 These charges do not mean the charges for individual states
 Similarly to this, the values in band.out file indicate
 the band energies and occupations for the averaged state
 If you want to compute the relaxed density,
 please, set 'RelaxedDensity = Yes' option

 Total charge:     1.00000000

 Atomic gross charges (e)
 Atom           Charge
    1       0.10575484
    2      -0.10485900
    3       0.18598019
    4       0.31129827
    5       0.30844806
    6       0.19337763

Nr. of electrons (up):     12.00000000
Atom populations (up)
 Atom       Population
    1       3.89424516
    2       5.10485900
    3       0.81401981
    4       0.68870173
    5       0.69155194
    6       0.80662237

l-shell populations (up)
 Atom Sh.   l       Population
    1   1   0       1.17787041
    1   2   1       2.71637475
    2   1   0       1.38086550
    2   2   1       3.72399350
    3   1   0       0.81401981
    4   1   0       0.68870173
    5   1   0       0.69155194
    6   1   0       0.80662237

Orbital populations (up)
 Atom Sh.   l   m       Population  Label
    1   1   0   0       1.17787041  s
    1   2   1  -1       0.85385004  p_y
    1   2   1   0       0.89429862  p_z
    1   2   1   1       0.96822609  p_x
    2   1   0   0       1.38086550  s
    2   2   1  -1       1.09317270  p_y
    2   2   1   0       1.12671389  p_z
    2   2   1   1       1.50410691  p_x
    3   1   0   0       0.81401981  s
    4   1   0   0       0.68870173  s
    5   1   0   0       0.69155194  s
    6   1   0   0       0.80662237  s

Input / Output electrons (q):     12.0000000000

Energy H0:                          -6.5302119336 H         -177.6961 eV
Energy SCC:                          0.1354152030 H            3.6848 eV
Energy SPIN:                        -0.0000187978 H           -0.0005 eV
Energy Fock:                        -0.2090452773 H           -5.6884 eV
Total Electronic energy:            -6.6038608057 H         -179.7002 eV
Repulsive energy:                    0.1910072664 H            5.1976 eV

Excitation Energy:                   0.0000000000 H            0.0000 eV

Total energy:                       -6.4129600107 H         -174.5055 eV

SCC converged

Total Forces
    1     -0.003967228689      0.011717367526     -0.015268591405
    2      0.016069742596      0.000832718476      0.018929342878
    3     -0.008821648460     -0.002011356804     -0.009178206450
    4     -0.014526366817     -0.002448325851     -0.000437155316
    5      0.002770382460     -0.005904494724      0.001869176761
    6      0.008475118909     -0.002185908623      0.004085433531

Maximal derivative component:        0.189293E-01 au


