REKS do not use any electronic distribution function

Calculation with static geometry

********************************************************************************************
  iSCC       reks energy        Diff energy         x_a       SCC error   
   39       -6.1674609386      -0.0000000000     0.999780    0.00000097
********************************************************************************************

 SA-REKS optimizes the avergaed state, not individual states
 These charges do not mean the charges for individual states
 Similarly to this, the values in band.out file indicate
 the band energies and occupations for the averaged state
 If you want to compute the relaxed density,
 please, set 'RelaxedDensity = Yes' option

 Total charge:     1.00000000

 Atomic gross charges (e)
 Atom           Charge
    1       0.18946472
    2      -0.21296149
    3       0.15902262
    4       0.41382309
    5       0.30636233
    6       0.14428874

Nr. of electrons (up):     12.00000000
Atom populations (up)
 Atom       Population
    1       3.81053528
    2       5.21296149
    3       0.84097738
    4       0.58617691
    5       0.69363767
    6       0.85571126

l-shell populations (up)
 Atom Sh.   l       Population
    1   1   0       1.13790864
    1   2   1       2.67262664
    2   1   0       1.39734792
    2   2   1       3.81561357
    3   1   0       0.84097738
    4   1   0       0.58617691
    5   1   0       0.69363767
    6   1   0       0.85571126

Orbital populations (up)
 Atom Sh.   l   m       Population  Label
    1   1   0   0       1.13790864  s
    1   2   1  -1       0.89175282  p_y
    1   2   1   0       0.83821852  p_z
    1   2   1   1       0.94265530  p_x
    2   1   0   0       1.39734792  s
    2   2   1  -1       1.24493095  p_y
    2   2   1   0       1.05693710  p_z
    2   2   1   1       1.51374552  p_x
    3   1   0   0       0.84097738  s
    4   1   0   0       0.58617691  s
    5   1   0   0       0.69363767  s
    6   1   0   0       0.85571126  s

Input / Output electrons (q):     12.0000000000

Energy H0:                          -6.4094673719 H         -174.4105 eV
Energy SCC:                          0.1343039448 H            3.6546 eV
Energy SPIN:                        -0.0000974915 H           -0.0027 eV
Energy Fock:                        -0.2329021751 H           -6.3376 eV
Total Electronic energy:            -6.5081630937 H         -177.0961 eV
Repulsive energy:                    0.2383911946 H            6.4870 eV

Excitation Energy:                   0.0000000000 H            0.0000 eV

Total energy:                       -6.2709240152 H         -170.6405 eV

SCC converged

Total Forces
    1      0.129819762885      0.181777406435     -0.028203899687
    2      0.014401199096     -0.024545973781      0.132790497727
    3     -0.113635006178     -0.113713257818     -0.080797158681
    4      0.022140523010      0.045629166134     -0.081534064953
    5     -0.044517578416     -0.069788089979      0.009450893725
    6     -0.008208900397     -0.019359250991      0.048293731869

Maximal derivative component:        0.181777E+00 au


