REKS do not use any electronic distribution function

Calculation with static geometry

********************************************************************************************
  iSCC       reks energy        Diff energy         x_a       SCC error   
   42       -6.1969437229      -0.0000000000     0.999780    0.00000096
********************************************************************************************

 SA-REKS optimizes the avergaed state, not individual states
 These charges do not mean the charges for individual states
 Similarly to this, the values in band.out file indicate
 the band energies and occupations for the averaged state
 If you want to compute the relaxed density,
 please, set 'RelaxedDensity = Yes' option

 Total charge:     1.00000000

 Atomic gross charges (e)
 Atom           Charge
    1       0.22540082
    2      -0.17650082
    3       0.13072889
    4       0.32744082
    5       0.33116200
    6       0.16176829

Nr. of electrons (up):     12.00000000
Atom populations (up)
 Atom       Population
    1       3.77459918
    2       5.17650082
    3       0.86927111
    4       0.67255918
    5       0.66883800
    6       0.83823171

l-shell populations (up)
 Atom Sh.   l       Population
    1   1   0       1.23637882
    1   2   1       2.53822036
    2   1   0       1.46849168
    2   2   1       3.70800914
    3   1   0       0.86927111
    4   1   0       0.67255918
    5   1   0       0.66883800
    6   1   0       0.83823171

Orbital populations (up)
 Atom Sh.   l   m       Population  Label
    1   1   0   0       1.23637882  s
    1   2   1  -1       0.85355683  p_y
    1   2   1   0       0.90262129  p_z
    1   2   1   1       0.78204225  p_x
    2   1   0   0       1.46849168  s
    2   2   1  -1       1.30470514  p_y
    2   2   1   0       1.20917033  p_z
    2   2   1   1       1.19413367  p_x
    3   1   0   0       0.86927111  s
    4   1   0   0       0.67255918  s
    5   1   0   0       0.66883800  s
    6   1   0   0       0.83823171  s

Input / Output electrons (q):     12.0000000000

Energy H0:                          -6.2959610411 H         -171.3218 eV
Energy SCC:                          0.1436160164 H            3.9080 eV
Energy SPIN:                        -0.0000789183 H           -0.0021 eV
Energy Fock:                        -0.2352903017 H           -6.4026 eV
Total Electronic energy:            -6.3877142447 H         -173.8185 eV
Repulsive energy:                    0.1176796156 H            3.2022 eV

Excitation Energy:                   0.0000000000 H            0.0000 eV

Total energy:                       -6.2710236367 H         -170.6432 eV

SCC converged

Total Forces
    1     -0.020217184607      0.128328980335     -0.103329787301
    2      0.061532268128      0.090594396610      0.044147706258
    3      0.009095225602     -0.082752629583      0.036987747390
    4      0.014567411374     -0.049750416420      0.032444252221
    5     -0.041491743051     -0.060903367939     -0.028782848715
    6     -0.023485977446     -0.025516963002      0.018532930147

Maximal derivative component:        0.128329E+00 au


