REKS do not use any electronic distribution function

Calculation with static geometry

********************************************************************************************
  iSCC       reks energy        Diff energy         x_a       SCC error   
   42       -6.2828219941      -0.0000000000     0.999972    0.00000098
********************************************************************************************

 SA-REKS optimizes the avergaed state, not individual states
 These charges do not mean the charges for individual states
 Similarly to this, the values in band.out file indicate
 the band energies and occupations for the averaged state
 If you want to compute the relaxed density,
 please, set 'RelaxedDensity = Yes' option

 Total charge:     1.00000000

 Atomic gross charges (e)
 Atom           Charge
    1       0.10606152
    2      -0.10159814
    3       0.19370353
    4       0.30792728
    5       0.30934055
    6       0.18456526

Nr. of electrons (up):     12.00000000
Atom populations (up)
 Atom       Population
    1       3.89393848
    2       5.10159814
    3       0.80629647
    4       0.69207272
    5       0.69065945
    6       0.81543474

l-shell populations (up)
 Atom Sh.   l       Population
    1   1   0       1.17443089
    1   2   1       2.71950759
    2   1   0       1.38192514
    2   2   1       3.71967300
    3   1   0       0.80629647
    4   1   0       0.69207272
    5   1   0       0.69065945
    6   1   0       0.81543474

Orbital populations (up)
 Atom Sh.   l   m       Population  Label
    1   1   0   0       1.17443089  s
    1   2   1  -1       0.85692605  p_y
    1   2   1   0       0.89114782  p_z
    1   2   1   1       0.97143372  p_x
    2   1   0   0       1.38192514  s
    2   2   1  -1       1.10036473  p_y
    2   2   1   0       1.12347845  p_z
    2   2   1   1       1.49582982  p_x
    3   1   0   0       0.80629647  s
    4   1   0   0       0.69207272  s
    5   1   0   0       0.69065945  s
    6   1   0   0       0.81543474  s

Input / Output electrons (q):     12.0000000000

Energy H0:                          -6.5292791499 H         -177.6707 eV
Energy SCC:                          0.1357304558 H            3.6934 eV
Energy SPIN:                        -0.0000156779 H           -0.0004 eV
Energy Fock:                        -0.2096135773 H           -5.7039 eV
Total Electronic energy:            -6.6031779493 H         -179.6816 eV
Repulsive energy:                    0.1915304125 H            5.2118 eV

Excitation Energy:                   0.0000000000 H            0.0000 eV

Total energy:                       -6.4116882700 H         -174.4709 eV

SCC converged

Total Forces
    1      0.008043688983      0.016498687008     -0.029356583525
    2     -0.029596430133      0.008360073696      0.037544921774
    3     -0.005270596491     -0.002925020777      0.008003567368
    4      0.006788925293     -0.008254270378     -0.006740831752
    5      0.014836406117     -0.009807868382     -0.002699064257
    6      0.005198006231     -0.003871601167     -0.006752009608

Maximal derivative component:        0.375449E-01 au


