REKS do not use any electronic distribution function

Calculation with static geometry

********************************************************************************************
  iSCC       reks energy        Diff energy         x_a       SCC error   
   35       -6.2862347138      -0.0000000000     0.999969    0.00000091
********************************************************************************************

 SA-REKS optimizes the avergaed state, not individual states
 These charges do not mean the charges for individual states
 Similarly to this, the values in band.out file indicate
 the band energies and occupations for the averaged state
 If you want to compute the relaxed density,
 please, set 'RelaxedDensity = Yes' option

 Total charge:     1.00000000

 Atomic gross charges (e)
 Atom           Charge
    1       0.10972031
    2      -0.10637097
    3       0.18604832
    4       0.31090660
    5       0.30742285
    6       0.19227290

Nr. of electrons (up):     12.00000000
Atom populations (up)
 Atom       Population
    1       3.89027969
    2       5.10637097
    3       0.81395168
    4       0.68909340
    5       0.69257715
    6       0.80772710

l-shell populations (up)
 Atom Sh.   l       Population
    1   1   0       1.17748315
    1   2   1       2.71279655
    2   1   0       1.38499502
    2   2   1       3.72137596
    3   1   0       0.81395168
    4   1   0       0.68909340
    5   1   0       0.69257715
    6   1   0       0.80772710

Orbital populations (up)
 Atom Sh.   l   m       Population  Label
    1   1   0   0       1.17748315  s
    1   2   1  -1       0.85811422  p_y
    1   2   1   0       0.88690314  p_z
    1   2   1   1       0.96777919  p_x
    2   1   0   0       1.38499502  s
    2   2   1  -1       1.10289614  p_y
    2   2   1   0       1.11465910  p_z
    2   2   1   1       1.50382072  p_x
    3   1   0   0       0.81395168  s
    4   1   0   0       0.68909340  s
    5   1   0   0       0.69257715  s
    6   1   0   0       0.80772710  s

Input / Output electrons (q):     12.0000000000

Energy H0:                          -6.5237950552 H         -177.5215 eV
Energy SCC:                          0.1356418376 H            3.6910 eV
Energy SPIN:                        -0.0000175426 H           -0.0005 eV
Energy Fock:                        -0.2083898625 H           -5.6706 eV
Total Electronic energy:            -6.5965606228 H         -179.5015 eV
Repulsive energy:                    0.1827107795 H            4.9718 eV

Excitation Energy:                   0.0000000000 H            0.0000 eV

Total energy:                       -6.4138540616 H         -174.5298 eV

SCC converged

Total Forces
    1     -0.006005782322     -0.010151258000     -0.012587131468
    2      0.027879947587      0.006816990666      0.007201165060
    3     -0.002070731722      0.003118423286      0.001148519788
    4     -0.012444173097      0.001814031971     -0.006456253365
    5     -0.008073375018     -0.003300837709     -0.000065485347
    6      0.000714114573      0.001702649786      0.010759185333

Maximal derivative component:        0.278799E-01 au


