REKS do not use any electronic distribution function

Calculation with static geometry

********************************************************************************************
  iSCC       reks energy        Diff energy         x_a       SCC error   
   66       -6.2842949445      -0.0000000000     0.999923    0.00000092
********************************************************************************************

 SA-REKS optimizes the avergaed state, not individual states
 These charges do not mean the charges for individual states
 Similarly to this, the values in band.out file indicate
 the band energies and occupations for the averaged state
 If you want to compute the relaxed density,
 please, set 'RelaxedDensity = Yes' option

 Total charge:     1.00000000

 Atomic gross charges (e)
 Atom           Charge
    1       0.12682631
    2      -0.11814015
    3       0.18311558
    4       0.31259107
    5       0.31298594
    6       0.18262125

Nr. of electrons (up):     12.00000000
Atom populations (up)
 Atom       Population
    1       3.87317369
    2       5.11814015
    3       0.81688442
    4       0.68740893
    5       0.68701406
    6       0.81737875

l-shell populations (up)
 Atom Sh.   l       Population
    1   1   0       1.18016935
    1   2   1       2.69300435
    2   1   0       1.38051198
    2   2   1       3.73762817
    3   1   0       0.81688442
    4   1   0       0.68740893
    5   1   0       0.68701406
    6   1   0       0.81737875

Orbital populations (up)
 Atom Sh.   l   m       Population  Label
    1   1   0   0       1.18016935  s
    1   2   1  -1       0.85946321  p_y
    1   2   1   0       0.89709559  p_z
    1   2   1   1       0.93644555  p_x
    2   1   0   0       1.38051198  s
    2   2   1  -1       1.08847271  p_y
    2   2   1   0       1.13023242  p_z
    2   2   1   1       1.51892304  p_x
    3   1   0   0       0.81688442  s
    4   1   0   0       0.68740893  s
    5   1   0   0       0.68701406  s
    6   1   0   0       0.81737875  s

Input / Output electrons (q):     12.0000000000

Energy H0:                          -6.5237488321 H         -177.5202 eV
Energy SCC:                          0.1341116979 H            3.6494 eV
Energy SPIN:                        -0.0000402640 H           -0.0011 eV
Energy Fock:                        -0.2090182600 H           -5.6877 eV
Total Electronic energy:            -6.5986956583 H         -179.5596 eV
Repulsive energy:                    0.1918738403 H            5.2212 eV

Excitation Energy:                   0.0000000000 H            0.0000 eV

Total energy:                       -6.4075530921 H         -174.3584 eV

SCC converged

Total Forces
    1     -0.003635275090     -0.003300516885     -0.000848798949
    2      0.004175480035      0.003880945743     -0.001012936877
    3     -0.014053610172      0.006385652192     -0.004889001898
    4     -0.018228091116     -0.001730744640      0.006902500083
    5      0.015954271835     -0.001400981332      0.005891514034
    6      0.015787224509     -0.003834355078     -0.006043276393

Maximal derivative component:        0.182281E-01 au


