REKS do not use any electronic distribution function

Calculation with static geometry

********************************************************************************************
  iSCC       reks energy        Diff energy         x_a       SCC error   
   54       -6.2883081784      -0.0000000000     0.999973    0.00000086
********************************************************************************************

 SA-REKS optimizes the avergaed state, not individual states
 These charges do not mean the charges for individual states
 Similarly to this, the values in band.out file indicate
 the band energies and occupations for the averaged state
 If you want to compute the relaxed density,
 please, set 'RelaxedDensity = Yes' option

 Total charge:     1.00000000

 Atomic gross charges (e)
 Atom           Charge
    1       0.10316285
    2      -0.10512635
    3       0.19191501
    4       0.30909101
    5       0.31012179
    6       0.19083569

Nr. of electrons (up):     12.00000000
Atom populations (up)
 Atom       Population
    1       3.89683715
    2       5.10512635
    3       0.80808499
    4       0.69090899
    5       0.68987821
    6       0.80916431

l-shell populations (up)
 Atom Sh.   l       Population
    1   1   0       1.17592906
    1   2   1       2.72090808
    2   1   0       1.38078816
    2   2   1       3.72433819
    3   1   0       0.80808499
    4   1   0       0.69090899
    5   1   0       0.68987821
    6   1   0       0.80916431

Orbital populations (up)
 Atom Sh.   l   m       Population  Label
    1   1   0   0       1.17592906  s
    1   2   1  -1       0.85717061  p_y
    1   2   1   0       0.88223443  p_z
    1   2   1   1       0.98150304  p_x
    2   1   0   0       1.38078816  s
    2   2   1  -1       1.10768228  p_y
    2   2   1   0       1.11199180  p_z
    2   2   1   1       1.50466411  p_x
    3   1   0   0       0.80808499  s
    4   1   0   0       0.69090899  s
    5   1   0   0       0.68987821  s
    6   1   0   0       0.80916431  s

Input / Output electrons (q):     12.0000000000

Energy H0:                          -6.5317751691 H         -177.7386 eV
Energy SCC:                          0.1354917660 H            3.6869 eV
Energy SPIN:                        -0.0000154399 H           -0.0004 eV
Energy Fock:                        -0.2070428749 H           -5.6339 eV
Total Electronic energy:            -6.6033417179 H         -179.6861 eV
Repulsive energy:                    0.1842304037 H            5.0132 eV

Excitation Energy:                   0.0000000000 H            0.0000 eV

Total energy:                       -6.4191113429 H         -174.6729 eV

SCC converged

Total Forces
    1      0.001000972226     -0.002319708133      0.007223810083
    2     -0.001811197402      0.002630041941     -0.006150410654
    3      0.000319493496      0.002936015377      0.003883607710
    4      0.000681461851     -0.001261242888     -0.002295453026
    5      0.000611306770      0.000244317335     -0.004426084772
    6     -0.000802036940     -0.002229423633      0.001764530658

Maximal derivative component:        0.722381E-02 au


