REKS do not use any electronic distribution function

Calculation with static geometry

********************************************************************************************
  iSCC       reks energy        Diff energy         x_a       SCC error   
   39       -6.2865959432      -0.0000000000     0.999968    0.00000082
********************************************************************************************

 SA-REKS optimizes the avergaed state, not individual states
 These charges do not mean the charges for individual states
 Similarly to this, the values in band.out file indicate
 the band energies and occupations for the averaged state
 If you want to compute the relaxed density,
 please, set 'RelaxedDensity = Yes' option

 Total charge:     1.00000000

 Atomic gross charges (e)
 Atom           Charge
    1       0.11103946
    2      -0.10855390
    3       0.18626650
    4       0.31086366
    5       0.30784055
    6       0.19254373

Nr. of electrons (up):     12.00000000
Atom populations (up)
 Atom       Population
    1       3.88896054
    2       5.10855390
    3       0.81373350
    4       0.68913634
    5       0.69215945
    6       0.80745627

l-shell populations (up)
 Atom Sh.   l       Population
    1   1   0       1.17939750
    1   2   1       2.70956304
    2   1   0       1.38661792
    2   2   1       3.72193598
    3   1   0       0.81373350
    4   1   0       0.68913634
    5   1   0       0.69215945
    6   1   0       0.80745627

Orbital populations (up)
 Atom Sh.   l   m       Population  Label
    1   1   0   0       1.17939750  s
    1   2   1  -1       0.85812145  p_y
    1   2   1   0       0.88705861  p_z
    1   2   1   1       0.96438297  p_x
    2   1   0   0       1.38661792  s
    2   2   1  -1       1.10244657  p_y
    2   2   1   0       1.11644723  p_z
    2   2   1   1       1.50304217  p_x
    3   1   0   0       0.81373350  s
    4   1   0   0       0.68913634  s
    5   1   0   0       0.69215945  s
    6   1   0   0       0.80745627  s

Input / Output electrons (q):     12.0000000000

Energy H0:                          -6.5211790946 H         -177.4503 eV
Energy SCC:                          0.1355215103 H            3.6877 eV
Energy SPIN:                        -0.0000180474 H           -0.0005 eV
Energy Fock:                        -0.2081953200 H           -5.6653 eV
Total Electronic energy:            -6.5938709517 H         -179.4284 eV
Repulsive energy:                    0.1801628641 H            4.9025 eV

Excitation Energy:                   0.0000000000 H            0.0000 eV

Total energy:                       -6.4137115599 H         -174.5260 eV

SCC converged

Total Forces
    1     -0.005679500542      0.012896713040     -0.004969208381
    2      0.028657360717     -0.008707259268      0.000543141819
    3     -0.002276251233     -0.004234999391     -0.000083234247
    4     -0.012542281049     -0.000883843740     -0.005599690721
    5     -0.008522976638      0.003091557080     -0.000120405809
    6      0.000363648745     -0.002162167722      0.010229397339

Maximal derivative component:        0.286574E-01 au


