 KPT            1  SPIN            1  KWEIGHT    1.0000000000000000     
     1   -29.618  2.00000
     2   -27.606  2.00000
     3   -25.536  2.00000
     4   -23.253  2.00000
     5   -21.994  2.00000
     6   -20.243  2.00000
     7   -19.535  2.00000
     8   -18.894  2.00000
     9   -18.199  2.00000
    10   -17.657  2.00000
    11   -16.719  2.00000
    12   -16.630  2.00000
    13   -16.451  2.00000
    14   -15.972  2.00000
    15   -14.586  2.00000
    16   -14.242  1.50000
    17    -9.482  0.50000
    18    -5.016  0.00000
    19    -2.386  0.00000
    20     6.358  0.00000
    21    10.835  0.00000
    22    13.496  0.00000
    23    14.408  0.00000
    24    16.203  0.00000
    25    16.922  0.00000
    26    18.627  0.00000
    27    18.985  0.00000
    28    21.254  0.00000
    29    25.373  0.00000
    30    33.004  0.00000
    31    36.934  0.00000
    32    44.022  0.00000

