REKS do not use any electronic distribution function

Calculation with static geometry

********************************************************************************************
  iSCC       reks energy        Diff energy         x_a       SCC error   
   66      -16.4103396363      -0.0000000000     1.000000    0.00000088
********************************************************************************************

 SA-REKS optimizes the avergaed state, not individual states
 These charges do not mean the charges for individual states
 Similarly to this, the values in band.out file indicate
 the band energies and occupations for the averaged state
 If you want to compute the relaxed density,
 please, set 'RelaxedDensity = Yes' option

 Total charge:     1.00000000

 Atomic gross charges (e)
 Atom           Charge
    1      -0.00550536
    2      -0.04906553
    3       0.12968115
    4       0.09867807
    5       0.06748268
    6       0.07643995
    7      -0.01093368
    8       0.11238022
    9       0.13656295
   10       0.07630786
   11       0.11851556
   12      -0.23650174
   13       0.24953290
   14       0.23642496

Nr. of electrons (up):     32.00000000
Atom populations (up)
 Atom       Population
    1       4.00550536
    2       4.04906553
    3       0.87031885
    4       0.90132193
    5       0.93251732
    6       3.92356005
    7       4.01093368
    8       0.88761978
    9       0.86343705
   10       3.92369214
   11       0.88148444
   12       5.23650174
   13       0.75046710
   14       0.76357504

l-shell populations (up)
 Atom Sh.   l       Population
    1   1   0       1.21700959
    1   2   1       2.78849577
    2   1   0       1.19699029
    2   2   1       2.85207524
    3   1   0       0.87031885
    4   1   0       0.90132193
    5   1   0       0.93251732
    6   1   0       1.16561104
    6   2   1       2.75794901
    7   1   0       1.17925269
    7   2   1       2.83168098
    8   1   0       0.88761978
    9   1   0       0.86343705
   10   1   0       1.15186569
   10   2   1       2.77182644
   11   1   0       0.88148444
   12   1   0       1.38477837
   12   2   1       3.85172337
   13   1   0       0.75046710
   14   1   0       0.76357504

Orbital populations (up)
 Atom Sh.   l   m       Population  Label
    1   1   0   0       1.21700959  s
    1   2   1  -1       1.03198811  p_y
    1   2   1   0       0.80963966  p_z
    1   2   1   1       0.94686800  p_x
    2   1   0   0       1.19699029  s
    2   2   1  -1       0.95989700  p_y
    2   2   1   0       0.96664361  p_z
    2   2   1   1       0.92553463  p_x
    3   1   0   0       0.87031885  s
    4   1   0   0       0.90132193  s
    5   1   0   0       0.93251732  s
    6   1   0   0       1.16561104  s
    6   2   1  -1       0.96755727  p_y
    6   2   1   0       0.88655305  p_z
    6   2   1   1       0.90383869  p_x
    7   1   0   0       1.17925269  s
    7   2   1  -1       0.95341407  p_y
    7   2   1   0       0.92998277  p_z
    7   2   1   1       0.94828414  p_x
    8   1   0   0       0.88761978  s
    9   1   0   0       0.86343705  s
   10   1   0   0       1.15186569  s
   10   2   1  -1       0.93412030  p_y
   10   2   1   0       0.93980112  p_z
   10   2   1   1       0.89790502  p_x
   11   1   0   0       0.88148444  s
   12   1   0   0       1.38477837  s
   12   2   1  -1       1.19823252  p_y
   12   2   1   0       1.30614445  p_z
   12   2   1   1       1.34734640  p_x
   13   1   0   0       0.75046710  s
   14   1   0   0       0.76357504  s

Input / Output electrons (q):     32.0000000000

Energy H0:                         -16.3620442378 H         -445.2339 eV
Energy SCC:                          0.1125542743 H            3.0628 eV
Energy SPIN:                        -0.0000000000 H           -0.0000 eV
Energy Fock:                        -0.6648924389 H          -18.0926 eV
Total Electronic energy:           -16.9143824024 H         -460.2638 eV
Repulsive energy:                    0.4308139984 H           11.7230 eV

Excitation Energy:                   0.0000000000 H            0.0000 eV

Total energy:                      -16.4836070308 H         -448.5418 eV

SCC converged

Total Forces
    1     -0.024252500884     -0.001835109618      0.017134813874
    2      0.001972984135      0.037091679669     -0.021138968614
    3      0.030766663919      0.006332095646     -0.004079378581
    4     -0.008474129788     -0.009638605109      0.002341716488
    5     -0.005845773588     -0.022764175022      0.011524250508
    6     -0.057016605276     -0.047889981840      0.010463001991
    7      0.030695950931      0.044749007196     -0.040747057204
    8      0.010018566283     -0.004508457609     -0.004774702502
    9     -0.007480491739     -0.020487156618      0.016868536431
   10      0.068645707967      0.004257656203      0.034648049721
   11     -0.029232280353      0.020315501262     -0.029500760556
   12     -0.016061489105     -0.016212472835      0.009289560848
   13      0.006614879657      0.005649986575     -0.005163516836
   14     -0.000351482159      0.004940032099      0.003134454432

Maximal derivative component:        0.686457E-01 au


