REKS do not use any electronic distribution function

Calculation with static geometry

********************************************************************************************
  iSCC       reks energy        Diff energy         x_a       SCC error   
   40       -6.2880564356      -0.0000000000     0.999973    0.00000082
********************************************************************************************

 SA-REKS optimizes the avergaed state, not individual states
 These charges do not mean the charges for individual states
 Similarly to this, the values in band.out file indicate
 the band energies and occupations for the averaged state
 If you want to compute the relaxed density,
 please, set 'RelaxedDensity = Yes' option

 Total charge:     1.00000000

 Atomic gross charges (e)
 Atom           Charge
    1       0.10348461
    2      -0.10420836
    3       0.19065448
    4       0.30877389
    5       0.31001632
    6       0.19127906

Nr. of electrons (up):     12.00000000
Atom populations (up)
 Atom       Population
    1       3.89651539
    2       5.10420836
    3       0.80934552
    4       0.69122611
    5       0.68998368
    6       0.80872094

l-shell populations (up)
 Atom Sh.   l       Population
    1   1   0       1.17452859
    1   2   1       2.72198680
    2   1   0       1.38012506
    2   2   1       3.72408329
    3   1   0       0.80934552
    4   1   0       0.69122611
    5   1   0       0.68998368
    6   1   0       0.80872094

Orbital populations (up)
 Atom Sh.   l   m       Population  Label
    1   1   0   0       1.17452859  s
    1   2   1  -1       0.98407480  p_y
    1   2   1   0       0.88227062  p_z
    1   2   1   1       0.85564138  p_x
    2   1   0   0       1.38012506  s
    2   2   1  -1       1.51441816  p_y
    2   2   1   0       1.11104105  p_z
    2   2   1   1       1.09862408  p_x
    3   1   0   0       0.80934552  s
    4   1   0   0       0.69122611  s
    5   1   0   0       0.68998368  s
    6   1   0   0       0.80872094  s

Input / Output electrons (q):     12.0000000000

Energy H0:                          -6.5330401068 H         -177.7731 eV
Energy SCC:                          0.1355569648 H            3.6887 eV
Energy SPIN:                        -0.0000155469 H           -0.0004 eV
Energy Fock:                        -0.2071403164 H           -5.6366 eV
Total Electronic energy:            -6.6046390054 H         -179.7214 eV
Repulsive energy:                    0.1857981405 H            5.0558 eV

Excitation Energy:                   0.0000000000 H            0.0000 eV

Total energy:                       -6.4188408975 H         -174.6655 eV

SCC converged

Total Forces
    1     -0.001121781369     -0.000242041714      0.004402910820
    2     -0.000935928894      0.005533243609     -0.003376579125
    3      0.004128998031     -0.000494839589      0.002730990829
    4      0.002235374895     -0.002127683814     -0.002250692842
    5     -0.000604507507     -0.001715246978     -0.005278669415
    6     -0.003702155157     -0.000953431513      0.003772039732

Maximal derivative component:        0.553324E-02 au


