REKS do not use any electronic distribution function

Calculation with static geometry

********************************************************************************************
  iSCC       reks energy        Diff energy         x_a       SCC error   
   41       -6.2829988957      -0.0000000000     0.999976    0.00000100
********************************************************************************************

 SA-REKS optimizes the avergaed state, not individual states
 These charges do not mean the charges for individual states
 Similarly to this, the values in band.out file indicate
 the band energies and occupations for the averaged state
 If you want to compute the relaxed density,
 please, set 'RelaxedDensity = Yes' option

 Total charge:     1.00000000

 Atomic gross charges (e)
 Atom           Charge
    1       0.10123088
    2      -0.09910514
    3       0.18628023
    4       0.30932813
    5       0.30792851
    6       0.19433738

Nr. of electrons (up):     12.00000000
Atom populations (up)
 Atom       Population
    1       3.89876912
    2       5.09910514
    3       0.81371977
    4       0.69067187
    5       0.69207149
    6       0.80566262

l-shell populations (up)
 Atom Sh.   l       Population
    1   1   0       1.17379277
    1   2   1       2.72497634
    2   1   0       1.37959573
    2   2   1       3.71950940
    3   1   0       0.81371977
    4   1   0       0.69067187
    5   1   0       0.69207149
    6   1   0       0.80566262

Orbital populations (up)
 Atom Sh.   l   m       Population  Label
    1   1   0   0       1.17379277  s
    1   2   1  -1       0.85378405  p_y
    1   2   1   0       0.89311527  p_z
    1   2   1   1       0.97807703  p_x
    2   1   0   0       1.37959573  s
    2   2   1  -1       1.09885723  p_y
    2   2   1   0       1.12111818  p_z
    2   2   1   1       1.49953399  p_x
    3   1   0   0       0.81371977  s
    4   1   0   0       0.69067187  s
    5   1   0   0       0.69207149  s
    6   1   0   0       0.80566262  s

Input / Output electrons (q):     12.0000000000

Energy H0:                          -6.5341237832 H         -177.8026 eV
Energy SCC:                          0.1358975881 H            3.6980 eV
Energy SPIN:                        -0.0000141602 H           -0.0004 eV
Energy Fock:                        -0.2094698659 H           -5.7000 eV
Total Electronic energy:            -6.6077102213 H         -179.8049 eV
Repulsive energy:                    0.1940340872 H            5.2799 eV

Excitation Energy:                   0.0000000000 H            0.0000 eV

Total energy:                       -6.4137042620 H         -174.5258 eV

SCC converged

Total Forces
    1     -0.006096699688     -0.011015941543     -0.032824294508
    2      0.023628058246     -0.009176945068      0.038315641447
    3     -0.004749787161      0.004061008147     -0.006831336052
    4     -0.012733568604      0.007132339816     -0.001725761374
    5     -0.004756438431      0.008038693878     -0.004345143773
    6      0.004708435638      0.000960844769      0.007410894259

Maximal derivative component:        0.383156E-01 au


