 Fermi distribution function

Calculation with static geometry


********************************************************************************
 iSCC Total electronic   Diff electronic      SCC error    
   13   -0.53174544E+01   -0.24158453E-12    0.12854277E-07
********************************************************************************

 Total charge:     1.00000000

 Atomic gross charges (e)
 Atom           Charge
    1       0.34005789
    2      -0.23159484
    3       0.17057151
    4       0.29403722
    5       0.26389748
    6       0.16303074

Nr. of electrons (up):     12.00000000
Atom populations (up)
 Atom       Population
    1       3.65994211
    2       5.23159484
    3       0.82942849
    4       0.70596278
    5       0.73610252
    6       0.83696926

l-shell populations (up)
 Atom Sh.   l       Population
    1   1   0       1.35695422
    1   2   1       2.30298789
    2   1   0       1.47574785
    2   2   1       3.75584700
    3   1   0       0.82942849
    4   1   0       0.70596278
    5   1   0       0.73610252
    6   1   0       0.83696926

Orbital populations (up)
 Atom Sh.   l   m       Population  Label
    1   1   0   0       1.35695422  s
    1   2   1  -1       0.50556880  p_y
    1   2   1   0       0.88069173  p_z
    1   2   1   1       0.91672736  p_x
    2   1   0   0       1.47574785  s
    2   2   1  -1       1.37034479  p_y
    2   2   1   0       1.07330635  p_z
    2   2   1   1       1.31219586  p_x
    3   1   0   0       0.82942849  s
    4   1   0   0       0.70596278  s
    5   1   0   0       0.73610252  s
    6   1   0   0       0.83696926  s

Fermi level:                        -0.5015249185 H          -13.6472 eV
Band energy:                        -8.7279615153 H         -237.4999 eV
TS:                                  0.0000000000 H            0.0000 eV
Band free energy (E-TS):            -8.7279615153 H         -237.4999 eV
Extrapolated E(0K):                 -8.7279615153 H         -237.4999 eV
Input / Output electrons (q):     12.0000000000     12.0000000000

Energy H0:                          -5.4529615190 H         -148.3826 eV
Energy SCC:                          0.1355071519 H            3.6873 eV
Total Electronic energy:            -5.3174543672 H         -144.6953 eV
Repulsive energy:                    0.1515738835 H            4.1245 eV
Total energy:                       -5.1658804837 H         -140.5708 eV
Extrapolated to 0:                  -5.1658804837 H         -140.5708 eV
Total Mermin free energy:           -5.1658804837 H         -140.5708 eV
Force related energy:               -5.1658804837 H         -140.5708 eV

SCC converged

Excitation Energy:                   0.0873881968 H            2.3780 eV

Total Forces
    1     -0.003567876129      0.000290694189      0.073177991790
    2      0.012048140750      0.019760000074     -0.070398513890
    3     -0.007676971856     -0.016515836304      0.002885428767
    4     -0.017383055708      0.002653345256     -0.004001145244
    5      0.007167246780     -0.017256019589     -0.002804743910
    6      0.009412516163      0.011067816374      0.001140982488

Maximal derivative component:        0.731780E-01 au


