REKS do not use any electronic distribution function

Calculation with static geometry

********************************************************************************************
  iSCC       reks energy        Diff energy         x_a       SCC error   
   38       -6.2870000277      -0.0000000000     0.999975    0.00000092
********************************************************************************************

 SA-REKS optimizes the avergaed state, not individual states
 These charges do not mean the charges for individual states
 Similarly to this, the values in band.out file indicate
 the band energies and occupations for the averaged state
 If you want to compute the relaxed density,
 please, set 'RelaxedDensity = Yes' option

 Total charge:     1.00000000

 Atomic gross charges (e)
 Atom           Charge
    1       0.10126524
    2      -0.10037701
    3       0.19001110
    4       0.30819003
    5       0.30995967
    6       0.19095096

Nr. of electrons (up):     12.00000000
Atom populations (up)
 Atom       Population
    1       3.89873476
    2       5.10037701
    3       0.80998890
    4       0.69180997
    5       0.69004033
    6       0.80904904

l-shell populations (up)
 Atom Sh.   l       Population
    1   1   0       1.17180910
    1   2   1       2.72692566
    2   1   0       1.37792477
    2   2   1       3.72245224
    3   1   0       0.80998890
    4   1   0       0.69180997
    5   1   0       0.69004033
    6   1   0       0.80904904

Orbital populations (up)
 Atom Sh.   l   m       Population  Label
    1   1   0   0       1.17180910  s
    1   2   1  -1       0.98618181  p_y
    1   2   1   0       0.88382109  p_z
    1   2   1   1       0.85692275  p_x
    2   1   0   0       1.37792477  s
    2   2   1  -1       1.51023278  p_y
    2   2   1   0       1.11096746  p_z
    2   2   1   1       1.10125199  p_x
    3   1   0   0       0.80998890  s
    4   1   0   0       0.69180997  s
    5   1   0   0       0.69004033  s
    6   1   0   0       0.80904904  s

Input / Output electrons (q):     12.0000000000

Energy H0:                          -6.5362287248 H         -177.8598 eV
Energy SCC:                          0.1357894682 H            3.6950 eV
Energy SPIN:                        -0.0000146342 H           -0.0004 eV
Energy Fock:                        -0.2077769368 H           -5.6539 eV
Total Electronic energy:            -6.6082308276 H         -179.8191 eV
Repulsive energy:                    0.1897622631 H            5.1637 eV

Excitation Energy:                   0.0000000000 H            0.0000 eV

Total energy:                       -6.4184713620 H         -174.6555 eV

SCC converged

Total Forces
    1     -0.000688927665     -0.000219892818     -0.011447957206
    2     -0.003472533290      0.006198082621      0.012105216573
    3      0.004009940099     -0.002202312804      0.003236474287
    4      0.003023303846     -0.000691375556     -0.002223952429
    5      0.000635237081     -0.004079920274     -0.007129425485
    6     -0.003507020072      0.000995418831      0.005459644259

Maximal derivative component:        0.121052E-01 au


