REKS do not use any electronic distribution function

Calculation with static geometry

********************************************************************************************
  iSCC       reks energy        Diff energy         x_a       SCC error   
   78      -16.3933885650      -0.0000000000     0.999991    0.00000092
********************************************************************************************

 SA-REKS optimizes the avergaed state, not individual states
 These charges do not mean the charges for individual states
 Similarly to this, the values in band.out file indicate
 the band energies and occupations for the averaged state
 If you want to compute the relaxed density,
 please, set 'RelaxedDensity = Yes' option

 Total charge:     1.00000000

 Atomic gross charges (e)
 Atom           Charge
    1      -0.03708548
    2      -0.03207826
    3       0.10954799
    4       0.12757796
    5       0.12324372
    6       0.05304255
    7      -0.13282455
    8       0.08590137
    9       0.15570212
   10       0.17294231
   11       0.09762312
   12      -0.22634666
   13       0.25714896
   14       0.24560486

Nr. of electrons (up):     32.00000000
Atom populations (up)
 Atom       Population
    1       4.03708548
    2       4.03207826
    3       0.89045201
    4       0.87242204
    5       0.87675628
    6       3.94695745
    7       4.13282455
    8       0.91409863
    9       0.84429788
   10       3.82705769
   11       0.90237688
   12       5.22634666
   13       0.74285104
   14       0.75439514

l-shell populations (up)
 Atom Sh.   l       Population
    1   1   0       1.21110192
    1   2   1       2.82598356
    2   1   0       1.17363497
    2   2   1       2.85844329
    3   1   0       0.89045201
    4   1   0       0.87242204
    5   1   0       0.87675628
    6   1   0       1.18550534
    6   2   1       2.76145211
    7   1   0       1.21566300
    7   2   1       2.91716155
    8   1   0       0.91409863
    9   1   0       0.84429788
   10   1   0       1.18396801
   10   2   1       2.64308969
   11   1   0       0.90237688
   12   1   0       1.42172290
   12   2   1       3.80462376
   13   1   0       0.74285104
   14   1   0       0.75439514

Orbital populations (up)
 Atom Sh.   l   m       Population  Label
    1   1   0   0       1.21110192  s
    1   2   1  -1       0.94057170  p_y
    1   2   1   0       0.89227585  p_z
    1   2   1   1       0.99313601  p_x
    2   1   0   0       1.17363497  s
    2   2   1  -1       0.92375412  p_y
    2   2   1   0       0.96453372  p_z
    2   2   1   1       0.97015545  p_x
    3   1   0   0       0.89045201  s
    4   1   0   0       0.87242204  s
    5   1   0   0       0.87675628  s
    6   1   0   0       1.18550534  s
    6   2   1  -1       0.87564479  p_y
    6   2   1   0       0.97074123  p_z
    6   2   1   1       0.91506609  p_x
    7   1   0   0       1.21566300  s
    7   2   1  -1       0.99885835  p_y
    7   2   1   0       0.92652106  p_z
    7   2   1   1       0.99178214  p_x
    8   1   0   0       0.91409863  s
    9   1   0   0       0.84429788  s
   10   1   0   0       1.18396801  s
   10   2   1  -1       0.84189093  p_y
   10   2   1   0       0.93639749  p_z
   10   2   1   1       0.86480127  p_x
   11   1   0   0       0.90237688  s
   12   1   0   0       1.42172290  s
   12   2   1  -1       1.37855818  p_y
   12   2   1   0       1.30027717  p_z
   12   2   1   1       1.12578841  p_x
   13   1   0   0       0.74285104  s
   14   1   0   0       0.75439514  s

Input / Output electrons (q):     32.0000000000

Energy H0:                         -16.2526434598 H         -442.2569 eV
Energy SCC:                          0.1012169693 H            2.7543 eV
Energy SPIN:                        -0.0000021349 H           -0.0001 eV
Energy Fock:                        -0.6615227649 H          -18.0010 eV
Total Electronic energy:           -16.8129513903 H         -457.5037 eV
Repulsive energy:                    0.3512943994 H            9.5592 eV

Excitation Energy:                   0.0000000000 H            0.0000 eV

Total energy:                      -16.4621472660 H         -447.9578 eV

SCC converged

Total Forces
    1      0.012031098261      0.006045895103     -0.016843897675
    2      0.015756894860      0.014933608357     -0.029241988310
    3     -0.024863913793      0.001864827947      0.011234623962
    4     -0.004926811223     -0.015952579066      0.008416519870
    5     -0.010212915338     -0.016288105852      0.028786207394
    6     -0.052460926457     -0.032267369980      0.071601926401
    7      0.064747621770      0.030261138509     -0.134645679938
    8     -0.000068142162      0.009992691775     -0.023140605227
    9     -0.007566474404      0.009677758180     -0.024696358495
   10      0.052745497222      0.013393413945      0.086369291417
   11     -0.023290271201     -0.002972095206      0.013877027074
   12      0.015572758814     -0.059924021522      0.023149349122
   13     -0.027531467455     -0.007719805158      0.011270079829
   14     -0.009932948894      0.048954642969     -0.026136495422

Maximal derivative component:        0.134646E+00 au


