REKS do not use any electronic distribution function

Calculation with static geometry

********************************************************************************************
  iSCC       reks energy        Diff energy         x_a       SCC error   
  109      -16.4017896438      -0.0000000000     0.999999    0.00000095
********************************************************************************************

 SA-REKS optimizes the avergaed state, not individual states
 These charges do not mean the charges for individual states
 Similarly to this, the values in band.out file indicate
 the band energies and occupations for the averaged state
 If you want to compute the relaxed density,
 please, set 'RelaxedDensity = Yes' option

 Total charge:     1.00000000

 Atomic gross charges (e)
 Atom           Charge
    1      -0.10253828
    2      -0.01791729
    3       0.12568312
    4       0.12132986
    5       0.13448570
    6       0.05775693
    7      -0.12783940
    8       0.10923985
    9       0.11839204
   10       0.17027452
   11       0.12668023
   12      -0.22681717
   13       0.26940792
   14       0.24186198

Nr. of electrons (up):     32.00000000
Atom populations (up)
 Atom       Population
    1       4.10253828
    2       4.01791729
    3       0.87431688
    4       0.87867014
    5       0.86551430
    6       3.94224307
    7       4.12783940
    8       0.89076015
    9       0.88160796
   10       3.82972548
   11       0.87331977
   12       5.22681717
   13       0.73059208
   14       0.75813802

l-shell populations (up)
 Atom Sh.   l       Population
    1   1   0       1.17847008
    1   2   1       2.92406820
    2   1   0       1.15679708
    2   2   1       2.86112021
    3   1   0       0.87431688
    4   1   0       0.87867014
    5   1   0       0.86551430
    6   1   0       1.21750864
    6   2   1       2.72473443
    7   1   0       1.19973727
    7   2   1       2.92810213
    8   1   0       0.89076015
    9   1   0       0.88160796
   10   1   0       1.14794945
   10   2   1       2.68177603
   11   1   0       0.87331977
   12   1   0       1.40238648
   12   2   1       3.82443068
   13   1   0       0.73059208
   14   1   0       0.75813802

Orbital populations (up)
 Atom Sh.   l   m       Population  Label
    1   1   0   0       1.17847008  s
    1   2   1  -1       0.98910072  p_y
    1   2   1   0       0.94553455  p_z
    1   2   1   1       0.98943293  p_x
    2   1   0   0       1.15679708  s
    2   2   1  -1       0.95158948  p_y
    2   2   1   0       0.96854772  p_z
    2   2   1   1       0.94098300  p_x
    3   1   0   0       0.87431688  s
    4   1   0   0       0.87867014  s
    5   1   0   0       0.86551430  s
    6   1   0   0       1.21750864  s
    6   2   1  -1       0.88222390  p_y
    6   2   1   0       0.96795508  p_z
    6   2   1   1       0.87455546  p_x
    7   1   0   0       1.19973727  s
    7   2   1  -1       1.01976611  p_y
    7   2   1   0       0.94975500  p_z
    7   2   1   1       0.95858102  p_x
    8   1   0   0       0.89076015  s
    9   1   0   0       0.88160796  s
   10   1   0   0       1.14794945  s
   10   2   1  -1       0.83842883  p_y
   10   2   1   0       0.96161632  p_z
   10   2   1   1       0.88173088  p_x
   11   1   0   0       0.87331977  s
   12   1   0   0       1.40238648  s
   12   2   1  -1       1.21513916  p_y
   12   2   1   0       1.22356687  p_z
   12   2   1   1       1.38572465  p_x
   13   1   0   0       0.73059208  s
   14   1   0   0       0.75813802  s

Input / Output electrons (q):     32.0000000000

Energy H0:                         -16.2981231366 H         -443.4945 eV
Energy SCC:                          0.1039095755 H            2.8275 eV
Energy SPIN:                        -0.0000002315 H           -0.0000 eV
Energy Fock:                        -0.6628927099 H          -18.0382 eV
Total Electronic energy:           -16.8571065024 H         -458.7052 eV
Repulsive energy:                    0.3873053751 H           10.5391 eV

Excitation Energy:                   0.0000000000 H            0.0000 eV

Total energy:                      -16.4699771492 H         -448.1709 eV

SCC converged

Total Forces
    1     -0.027826966205     -0.062345271316      0.071281729884
    2      0.109153124848      0.089809220299     -0.102503391669
    3      0.001815029389     -0.005852969787     -0.006584385039
    4     -0.017959577814     -0.006198205238     -0.000270114339
    5     -0.023088961662      0.012819239531      0.010838504374
    6      0.024122644622     -0.022407883431      0.024770855780
    7     -0.022058026907      0.053388874197     -0.012823742034
    8     -0.019891445439     -0.014372391551      0.013385573790
    9      0.009063008767     -0.002826640994      0.014810403325
   10     -0.003923595621     -0.002184814445     -0.032250269259
   11      0.016112237756      0.039459766819      0.018579232777
   12     -0.007859928896     -0.018750885861     -0.019623501061
   13     -0.026200494637     -0.033333583533     -0.012723981379
   14     -0.011457048201     -0.027204454692      0.033113084850

Maximal derivative component:        0.109153E+00 au


