REKS do not use any electronic distribution function

Calculation with static geometry

********************************************************************************************
  iSCC       reks energy        Diff energy         x_a       SCC error   
   48       -6.2830800051      -0.0000000000     0.999967    0.00000082
********************************************************************************************

 SA-REKS optimizes the avergaed state, not individual states
 These charges do not mean the charges for individual states
 Similarly to this, the values in band.out file indicate
 the band energies and occupations for the averaged state
 If you want to compute the relaxed density,
 please, set 'RelaxedDensity = Yes' option

 Total charge:     1.00000000

 Atomic gross charges (e)
 Atom           Charge
    1       0.10678927
    2      -0.10276903
    3       0.18470332
    4       0.31013329
    5       0.30815321
    6       0.19298994

Nr. of electrons (up):     12.00000000
Atom populations (up)
 Atom       Population
    1       3.89321073
    2       5.10276903
    3       0.81529668
    4       0.68986671
    5       0.69184679
    6       0.80701006

l-shell populations (up)
 Atom Sh.   l       Population
    1   1   0       1.17603144
    1   2   1       2.71717930
    2   1   0       1.37970298
    2   2   1       3.72306604
    3   1   0       0.81529668
    4   1   0       0.68986671
    5   1   0       0.69184679
    6   1   0       0.80701006

Orbital populations (up)
 Atom Sh.   l   m       Population  Label
    1   1   0   0       1.17603144  s
    1   2   1  -1       0.85661396  p_y
    1   2   1   0       0.89436238  p_z
    1   2   1   1       0.96620295  p_x
    2   1   0   0       1.37970298  s
    2   2   1  -1       1.09778360  p_y
    2   2   1   0       1.12576517  p_z
    2   2   1   1       1.49951727  p_x
    3   1   0   0       0.81529668  s
    4   1   0   0       0.68986671  s
    5   1   0   0       0.69184679  s
    6   1   0   0       0.80701006  s

Input / Output electrons (q):     12.0000000000

Energy H0:                          -6.5313685330 H         -177.7276 eV
Energy SCC:                          0.1355185743 H            3.6876 eV
Energy SPIN:                        -0.0000186693 H           -0.0005 eV
Energy Fock:                        -0.2095053991 H           -5.7009 eV
Total Electronic energy:            -6.6053740271 H         -179.7414 eV
Repulsive energy:                    0.1937238839 H            5.2715 eV

Excitation Energy:                   0.0000000000 H            0.0000 eV

Total energy:                       -6.4117701196 H         -174.4731 eV

SCC converged

Total Forces
    1     -0.004220878679      0.012852306219     -0.026276616825
    2      0.020055733472      0.002933993839      0.029946993095
    3     -0.009223674578     -0.001328065353     -0.008813863395
    4     -0.016227197843     -0.005659089243      0.000135936373
    5      0.001017766492     -0.006541445229     -0.001092775162
    6      0.008598251136     -0.002257700233      0.006100325914

Maximal derivative component:        0.299470E-01 au


