REKS do not use any electronic distribution function

Calculation with static geometry

********************************************************************************************
  iSCC       reks energy        Diff energy         x_a       SCC error   
   40       -6.2865847668      -0.0000000000     0.999973    0.00000100
********************************************************************************************

 SA-REKS optimizes the avergaed state, not individual states
 These charges do not mean the charges for individual states
 Similarly to this, the values in band.out file indicate
 the band energies and occupations for the averaged state
 If you want to compute the relaxed density,
 please, set 'RelaxedDensity = Yes' option

 Total charge:     1.00000000

 Atomic gross charges (e)
 Atom           Charge
    1       0.10386367
    2      -0.10145276
    3       0.18942998
    4       0.30790784
    5       0.31059943
    6       0.18965184

Nr. of electrons (up):     12.00000000
Atom populations (up)
 Atom       Population
    1       3.89613633
    2       5.10145276
    3       0.81057002
    4       0.69209216
    5       0.68940057
    6       0.81034816

l-shell populations (up)
 Atom Sh.   l       Population
    1   1   0       1.17002154
    1   2   1       2.72611479
    2   1   0       1.37885256
    2   2   1       3.72260020
    3   1   0       0.81057002
    4   1   0       0.69209216
    5   1   0       0.68940057
    6   1   0       0.81034816

Orbital populations (up)
 Atom Sh.   l   m       Population  Label
    1   1   0   0       1.17002154  s
    1   2   1  -1       0.98434495  p_y
    1   2   1   0       0.87987396  p_z
    1   2   1   1       0.86189588  p_x
    2   1   0   0       1.37885256  s
    2   2   1  -1       1.50536519  p_y
    2   2   1   0       1.11190206  p_z
    2   2   1   1       1.10533295  p_x
    3   1   0   0       0.81057002  s
    4   1   0   0       0.69209216  s
    5   1   0   0       0.68940057  s
    6   1   0   0       0.81034816  s

Input / Output electrons (q):     12.0000000000

Energy H0:                          -6.5335581184 H         -177.7872 eV
Energy SCC:                          0.1355929132 H            3.6897 eV
Energy SPIN:                        -0.0000154981 H           -0.0004 eV
Energy Fock:                        -0.2078995232 H           -5.6572 eV
Total Electronic energy:            -6.6058802265 H         -179.7551 eV
Repulsive energy:                    0.1886470913 H            5.1333 eV

Excitation Energy:                   0.0000000000 H            0.0000 eV

Total energy:                       -6.4172399280 H         -174.6220 eV

SCC converged

Total Forces
    1     -0.002567031073      0.001184224247     -0.011002793096
    2     -0.005069399038     -0.011819515615      0.015807920794
    3      0.006546958993     -0.001831005608      0.004556738695
    4      0.004294216955      0.006786014460     -0.003504905696
    5      0.002539522045      0.002573964838     -0.011361364364
    6     -0.005744267883      0.003106317678      0.005504403668

Maximal derivative component:        0.158079E-01 au


