REKS do not use any electronic distribution function

Calculation with static geometry

********************************************************************************************
  iSCC       reks energy        Diff energy         x_a       SCC error   
   41       -6.2131435374      -0.0000000000     1.000000    0.00000093
********************************************************************************************

 SA-REKS optimizes the avergaed state, not individual states
 These charges do not mean the charges for individual states
 Similarly to this, the values in band.out file indicate
 the band energies and occupations for the averaged state
 If you want to compute the relaxed density,
 please, set 'RelaxedDensity = Yes' option

 Total charge:     1.00000000

 Atomic gross charges (e)
 Atom           Charge
    1       0.29241425
    2      -0.24999777
    3       0.17092653
    4       0.27208728
    5       0.33416050
    6       0.18040921

Nr. of electrons (up):     12.00000000
Atom populations (up)
 Atom       Population
    1       3.70758575
    2       5.24999777
    3       0.82907347
    4       0.72791272
    5       0.66583950
    6       0.81959079

l-shell populations (up)
 Atom Sh.   l       Population
    1   1   0       1.31076839
    1   2   1       2.39681735
    2   1   0       1.51086901
    2   2   1       3.73912876
    3   1   0       0.82907347
    4   1   0       0.72791272
    5   1   0       0.66583950
    6   1   0       0.81959079

Orbital populations (up)
 Atom Sh.   l   m       Population  Label
    1   1   0   0       1.31076839  s
    1   2   1  -1       0.67280697  p_y
    1   2   1   0       0.86572283  p_z
    1   2   1   1       0.85828755  p_x
    2   1   0   0       1.51086901  s
    2   2   1  -1       1.26279482  p_y
    2   2   1   0       1.12992669  p_z
    2   2   1   1       1.34640725  p_x
    3   1   0   0       0.82907347  s
    4   1   0   0       0.72791272  s
    5   1   0   0       0.66583950  s
    6   1   0   0       0.81959079  s

Input / Output electrons (q):     12.0000000000

Energy H0:                          -6.2333576560 H         -169.6183 eV
Energy SCC:                          0.1534276159 H            4.1750 eV
Energy SPIN:                        -0.0000000379 H           -0.0000 eV
Energy Fock:                        -0.2176900168 H           -5.9236 eV
Total Electronic energy:            -6.2976200948 H         -171.3670 eV
Repulsive energy:                    0.0679866731 H            1.8500 eV

Excitation Energy:                   0.0000000000 H            0.0000 eV

Total energy:                       -6.2792137359 H         -170.8661 eV

SCC converged

Total Forces
    1     -0.005436159410     -0.055662567603      0.158312335119
    2     -0.047925397447     -0.024566138047     -0.077599399693
    3      0.055646798428     -0.009719835274     -0.010111818738
    4      0.000152994696      0.001234079253      0.029916971376
    5      0.010246494436      0.071937436369     -0.060815257521
    6     -0.012684730704      0.016777025301     -0.039702830544

Maximal derivative component:        0.158312E+00 au


