REKS do not use any electronic distribution function

Calculation with static geometry

********************************************************************************************
  iSCC       reks energy        Diff energy         x_a       SCC error   
   42       -6.2826919291      -0.0000000000     0.999975    0.00000087
********************************************************************************************

 SA-REKS optimizes the avergaed state, not individual states
 These charges do not mean the charges for individual states
 Similarly to this, the values in band.out file indicate
 the band energies and occupations for the averaged state
 If you want to compute the relaxed density,
 please, set 'RelaxedDensity = Yes' option

 Total charge:     1.00000000

 Atomic gross charges (e)
 Atom           Charge
    1       0.10261636
    2      -0.09789696
    3       0.19115413
    4       0.30745177
    5       0.31040905
    6       0.18626564

Nr. of electrons (up):     12.00000000
Atom populations (up)
 Atom       Population
    1       3.89738364
    2       5.09789696
    3       0.80884587
    4       0.69254823
    5       0.68959095
    6       0.81373436

l-shell populations (up)
 Atom Sh.   l       Population
    1   1   0       1.16922322
    1   2   1       2.72816042
    2   1   0       1.37804432
    2   2   1       3.71985264
    3   1   0       0.80884587
    4   1   0       0.69254823
    5   1   0       0.68959095
    6   1   0       0.81373436

Orbital populations (up)
 Atom Sh.   l   m       Population  Label
    1   1   0   0       1.16922322  s
    1   2   1  -1       0.86516161  p_y
    1   2   1   0       0.89044590  p_z
    1   2   1   1       0.97255290  p_x
    2   1   0   0       1.37804432  s
    2   2   1  -1       1.13111894  p_y
    2   2   1   0       1.11336490  p_z
    2   2   1   1       1.47536880  p_x
    3   1   0   0       0.80884587  s
    4   1   0   0       0.69254823  s
    5   1   0   0       0.68959095  s
    6   1   0   0       0.81373436  s

Input / Output electrons (q):     12.0000000000

Energy H0:                          -6.5355446941 H         -177.8412 eV
Energy SCC:                          0.1357598698 H            3.6942 eV
Energy SPIN:                        -0.0000144086 H           -0.0004 eV
Energy Fock:                        -0.2097005337 H           -5.7062 eV
Total Electronic energy:            -6.6094997667 H         -179.8536 eV
Repulsive energy:                    0.1960600330 H            5.3351 eV

Excitation Energy:                   0.0000000000 H            0.0000 eV

Total energy:                       -6.4134859016 H         -174.5198 eV

SCC converged

Total Forces
    1      0.007719725155     -0.005202021775     -0.042514847581
    2     -0.024161242367      0.000631718237      0.055635083157
    3      0.005092389410      0.002379941808      0.006179756883
    4      0.015596349668     -0.000333670875     -0.005997722439
    5      0.002451923262      0.001169780996     -0.011507492976
    6     -0.006699145128      0.001354251609     -0.001794777045

Maximal derivative component:        0.556351E-01 au


