 KPT            1  SPIN            1  KWEIGHT    1.0000000000000000     
     1   -30.020  2.00000
     2   -26.871  2.00000
     3   -25.168  2.00000
     4   -23.180  2.00000
     5   -21.225  2.00000
     6   -19.982  2.00000
     7   -19.663  2.00000
     8   -18.529  2.00000
     9   -17.919  2.00000
    10   -17.473  2.00000
    11   -17.151  2.00000
    12   -16.053  2.00000
    13   -15.614  2.00000
    14   -15.059  2.00000
    15   -14.105  2.00000
    16   -14.102  1.50000
    17   -10.049  0.50000
    18    -3.541  0.00000
    19    -1.729  0.00000
    20     6.366  0.00000
    21     8.085  0.00000
    22     9.347  0.00000
    23    12.216  0.00000
    24    12.282  0.00000
    25    16.199  0.00000
    26    17.136  0.00000
    27    17.991  0.00000
    28    22.435  0.00000
    29    25.077  0.00000
    30    34.818  0.00000
    31    37.672  0.00000
    32    41.164  0.00000

