 Fermi distribution function

Calculation with static geometry


********************************************************************************
 iSCC Total electronic   Diff electronic      SCC error    
   13   -0.52705292E+01   -0.13999442E-07    0.48270410E-06
********************************************************************************

 Total charge:     1.00000000

 Atomic gross charges (e)
 Atom           Charge
    1       0.32453170
    2      -0.21334113
    3       0.18533779
    4       0.27482686
    5       0.25679328
    6       0.17185150

Nr. of electrons (up):     12.00000000
Atom populations (up)
 Atom       Population
    1       3.67546830
    2       5.21334113
    3       0.81466221
    4       0.72517314
    5       0.74320672
    6       0.82814850

l-shell populations (up)
 Atom Sh.   l       Population
    1   1   0       1.40051788
    1   2   1       2.27495042
    2   1   0       1.51877353
    2   2   1       3.69456761
    3   1   0       0.81466221
    4   1   0       0.72517314
    5   1   0       0.74320672
    6   1   0       0.82814850

Orbital populations (up)
 Atom Sh.   l   m       Population  Label
    1   1   0   0       1.40051788  s
    1   2   1  -1       0.41965901  p_y
    1   2   1   0       0.88168276  p_z
    1   2   1   1       0.97360865  p_x
    2   1   0   0       1.51877353  s
    2   2   1  -1       1.30991473  p_y
    2   2   1   0       1.10920656  p_z
    2   2   1   1       1.27544632  p_x
    3   1   0   0       0.81466221  s
    4   1   0   0       0.72517314  s
    5   1   0   0       0.74320672  s
    6   1   0   0       0.82814850  s

Fermi level:                        -0.5139734888 H          -13.9859 eV
Band energy:                        -8.6722587856 H         -235.9842 eV
TS:                                  0.0000000000 H            0.0000 eV
Band free energy (E-TS):            -8.6722587856 H         -235.9842 eV
Extrapolated E(0K):                 -8.6722587856 H         -235.9842 eV
Input / Output electrons (q):     12.0000000000     12.0000000000

Energy H0:                          -5.4078036502 H         -147.1538 eV
Energy SCC:                          0.1372744177 H            3.7354 eV
Total Electronic energy:            -5.2705292325 H         -143.4184 eV
Repulsive energy:                    0.1379345312 H            3.7534 eV
Total energy:                       -5.1325947013 H         -139.6650 eV
Extrapolated to 0:                  -5.1325947013 H         -139.6650 eV
Total Mermin free energy:           -5.1325947013 H         -139.6650 eV
Force related energy:               -5.1325947013 H         -139.6650 eV

SCC converged

Excitation Energy:                   0.0844802655 H            2.2988 eV

Total Forces
    1      0.002048314192     -0.007995908609      0.053340749814
    2     -0.008960126566      0.001381476857     -0.056121144676
    3     -0.005581026570      0.014692122155      0.002203282767
    4     -0.006268324776     -0.013184776006      0.003362425081
    5      0.014595101757      0.013823315089     -0.000273241764
    6      0.004166061962     -0.008716229485     -0.002512071222

Maximal derivative component:        0.561211E-01 au


