 KPT            1  SPIN            1  KWEIGHT    1.0000000000000000     
     1   -29.767  2.00000
     2   -27.359  2.00000
     3   -25.610  2.00000
     4   -22.753  2.00000
     5   -21.498  2.00000
     6   -20.613  2.00000
     7   -19.434  2.00000
     8   -18.908  2.00000
     9   -18.299  2.00000
    10   -17.410  2.00000
    11   -16.758  2.00000
    12   -16.518  2.00000
    13   -16.087  2.00000
    14   -15.798  2.00000
    15   -14.763  2.00000
    16   -13.260  1.49999
    17   -10.443  0.50001
    18    -4.127  0.00000
    19    -1.637  0.00000
    20     5.595  0.00000
    21     9.788  0.00000
    22    11.284  0.00000
    23    14.115  0.00000
    24    17.826  0.00000
    25    19.537  0.00000
    26    19.960  0.00000
    27    20.234  0.00000
    28    21.380  0.00000
    29    26.041  0.00000
    30    29.313  0.00000
    31    33.816  0.00000
    32    48.562  0.00000

