REKS do not use any electronic distribution function

Calculation with static geometry

********************************************************************************************
  iSCC       reks energy        Diff energy         x_a       SCC error   
   56      -16.3991076107      -0.0000000000     0.999988    0.00000097
********************************************************************************************

 SA-REKS optimizes the avergaed state, not individual states
 These charges do not mean the charges for individual states
 Similarly to this, the values in band.out file indicate
 the band energies and occupations for the averaged state
 If you want to compute the relaxed density,
 please, set 'RelaxedDensity = Yes' option

 Total charge:     1.00000000

 Atomic gross charges (e)
 Atom           Charge
    1      -0.01716607
    2      -0.03858841
    3       0.10605845
    4       0.09626002
    5       0.10992843
    6       0.08434503
    7      -0.19526211
    8       0.07963893
    9       0.16119138
   10       0.23534697
   11       0.09820315
   12      -0.21968623
   13       0.24901706
   14       0.25071341

Nr. of electrons (up):     32.00000000
Atom populations (up)
 Atom       Population
    1       4.01716607
    2       4.03858841
    3       0.89394155
    4       0.90373998
    5       0.89007157
    6       3.91565497
    7       4.19526211
    8       0.92036107
    9       0.83880862
   10       3.76465303
   11       0.90179685
   12       5.21968623
   13       0.75098294
   14       0.74928659

l-shell populations (up)
 Atom Sh.   l       Population
    1   1   0       1.19701771
    1   2   1       2.82014836
    2   1   0       1.14922124
    2   2   1       2.88936717
    3   1   0       0.89394155
    4   1   0       0.90373998
    5   1   0       0.89007157
    6   1   0       1.22563649
    6   2   1       2.69001848
    7   1   0       1.18644080
    7   2   1       3.00882131
    8   1   0       0.92036107
    9   1   0       0.83880862
   10   1   0       1.13054276
   10   2   1       2.63411027
   11   1   0       0.90179685
   12   1   0       1.38289006
   12   2   1       3.83679618
   13   1   0       0.75098294
   14   1   0       0.74928659

Orbital populations (up)
 Atom Sh.   l   m       Population  Label
    1   1   0   0       1.19701771  s
    1   2   1  -1       0.96493872  p_y
    1   2   1   0       0.85941268  p_z
    1   2   1   1       0.99579696  p_x
    2   1   0   0       1.14922124  s
    2   2   1  -1       0.97883897  p_y
    2   2   1   0       0.98548704  p_z
    2   2   1   1       0.92504117  p_x
    3   1   0   0       0.89394155  s
    4   1   0   0       0.90373998  s
    5   1   0   0       0.89007157  s
    6   1   0   0       1.22563649  s
    6   2   1  -1       0.92709370  p_y
    6   2   1   0       0.84216674  p_z
    6   2   1   1       0.92075804  p_x
    7   1   0   0       1.18644080  s
    7   2   1  -1       1.00070315  p_y
    7   2   1   0       1.02734654  p_z
    7   2   1   1       0.98077162  p_x
    8   1   0   0       0.92036107  s
    9   1   0   0       0.83880862  s
   10   1   0   0       1.13054276  s
   10   2   1  -1       0.92093793  p_y
   10   2   1   0       0.86908580  p_z
   10   2   1   1       0.84408654  p_x
   11   1   0   0       0.90179685  s
   12   1   0   0       1.38289006  s
   12   2   1  -1       1.14634160  p_y
   12   2   1   0       1.35523421  p_z
   12   2   1   1       1.33522037  p_x
   13   1   0   0       0.75098294  s
   14   1   0   0       0.74928659  s

Input / Output electrons (q):     32.0000000000

Energy H0:                         -16.3159526072 H         -443.9797 eV
Energy SCC:                          0.0980690582 H            2.6686 eV
Energy SPIN:                        -0.0000025317 H           -0.0001 eV
Energy Fock:                        -0.6686066038 H          -18.1937 eV
Total Electronic energy:           -16.8864926845 H         -459.5048 eV
Repulsive energy:                    0.4409704757 H           11.9994 eV

Excitation Energy:                   0.0000000000 H            0.0000 eV

Total energy:                      -16.4591167028 H         -447.8754 eV

SCC converged

Total Forces
    1     -0.077695260472     -0.107029848651     -0.050763978779
    2      0.035017770755      0.075851129350      0.001505494286
    3      0.017311823793      0.020085000521      0.008746163734
    4     -0.010337372050      0.004426380192      0.003195055202
    5     -0.001417202623     -0.004956600164      0.007454388432
    6      0.049479177134      0.019344433983      0.108807984282
    7     -0.055202322327     -0.114803163487     -0.041757363018
    8     -0.002053846940      0.066803196060     -0.020785767519
    9     -0.017427396371      0.028169862657     -0.005290670126
   10      0.035063852715      0.039474593735      0.006905265199
   11      0.016959832832     -0.007716618837     -0.019135378463
   12      0.018962037004     -0.028000822913     -0.014493862613
   13      0.000115338553     -0.001666548782      0.009835039897
   14     -0.008776432004      0.010019006336      0.005777629485

Maximal derivative component:        0.114803E+00 au


