REKS do not use any electronic distribution function

Calculation with static geometry

********************************************************************************************
  iSCC       reks energy        Diff energy         x_a       SCC error   
   39       -6.1380625008      -0.0000000000     0.999971    0.00000086
********************************************************************************************

 SA-REKS optimizes the avergaed state, not individual states
 These charges do not mean the charges for individual states
 Similarly to this, the values in band.out file indicate
 the band energies and occupations for the averaged state
 If you want to compute the relaxed density,
 please, set 'RelaxedDensity = Yes' option

 Total charge:     1.00000000

 Atomic gross charges (e)
 Atom           Charge
    1       0.24563099
    2      -0.20268813
    3       0.07603583
    4       0.36683813
    5       0.34397901
    6       0.17020417

Nr. of electrons (up):     12.00000000
Atom populations (up)
 Atom       Population
    1       3.75436901
    2       5.20268813
    3       0.92396417
    4       0.63316187
    5       0.65602099
    6       0.82979583

l-shell populations (up)
 Atom Sh.   l       Population
    1   1   0       1.20885330
    1   2   1       2.54551572
    2   1   0       1.48660476
    2   2   1       3.71608337
    3   1   0       0.92396417
    4   1   0       0.63316187
    5   1   0       0.65602099
    6   1   0       0.82979583

Orbital populations (up)
 Atom Sh.   l   m       Population  Label
    1   1   0   0       1.20885330  s
    1   2   1  -1       0.78141060  p_y
    1   2   1   0       0.82842203  p_z
    1   2   1   1       0.93568309  p_x
    2   1   0   0       1.48660476  s
    2   2   1  -1       1.23214428  p_y
    2   2   1   0       1.28288756  p_z
    2   2   1   1       1.20105153  p_x
    3   1   0   0       0.92396417  s
    4   1   0   0       0.63316187  s
    5   1   0   0       0.65602099  s
    6   1   0   0       0.82979583  s

Input / Output electrons (q):     12.0000000000

Energy H0:                          -6.3052111412 H         -171.5735 eV
Energy SCC:                          0.1575481741 H            4.2871 eV
Energy SPIN:                        -0.0000114382 H           -0.0003 eV
Energy Fock:                        -0.2428025206 H           -6.6070 eV
Total Electronic energy:            -6.3904769259 H         -173.8937 eV
Repulsive energy:                    0.1858205223 H            5.0564 eV

Excitation Energy:                   0.0000000000 H            0.0000 eV

Total energy:                       -6.2046575273 H         -168.8373 eV

SCC converged

Total Forces
    1     -0.183346211322     -0.020343198704     -0.107291931208
    2     -0.042897806722     -0.009812122233      0.055897432219
    3      0.071357919490     -0.007726715019      0.054135854526
    4      0.046719394120      0.095598272190      0.038878272141
    5      0.008955883708     -0.063287450547     -0.005119920502
    6      0.099210820726      0.005571214313     -0.036499707175

Maximal derivative component:        0.183346E+00 au


