 KPT            1  SPIN            1  KWEIGHT    1.0000000000000000     
     1   -29.640  2.00000
     2   -27.364  2.00000
     3   -25.578  2.00000
     4   -23.077  2.00000
     5   -21.325  2.00000
     6   -20.485  2.00000
     7   -19.593  2.00000
     8   -18.583  2.00000
     9   -18.407  2.00000
    10   -17.398  2.00000
    11   -16.851  2.00000
    12   -16.591  2.00000
    13   -16.106  2.00000
    14   -15.245  2.00000
    15   -14.943  2.00000
    16   -13.823  1.50000
    17   -10.275  0.50000
    18    -4.220  0.00000
    19    -2.349  0.00000
    20     7.589  0.00000
    21    10.597  0.00000
    22    11.963  0.00000
    23    12.711  0.00000
    24    13.545  0.00000
    25    15.994  0.00000
    26    16.258  0.00000
    27    19.797  0.00000
    28    20.950  0.00000
    29    22.574  0.00000
    30    29.571  0.00000
    31    31.581  0.00000
    32    40.017  0.00000

