REKS do not use any electronic distribution function

Calculation with static geometry

********************************************************************************************
  iSCC       reks energy        Diff energy         x_a       SCC error   
   58       -6.2849405915      -0.0000000000     0.999950    0.00000084
********************************************************************************************

 SA-REKS optimizes the avergaed state, not individual states
 These charges do not mean the charges for individual states
 Similarly to this, the values in band.out file indicate
 the band energies and occupations for the averaged state
 If you want to compute the relaxed density,
 please, set 'RelaxedDensity = Yes' option

 Total charge:     1.00000000

 Atomic gross charges (e)
 Atom           Charge
    1       0.11401089
    2      -0.11414768
    3       0.18533410
    4       0.31300014
    5       0.31070168
    6       0.19110086

Nr. of electrons (up):     12.00000000
Atom populations (up)
 Atom       Population
    1       3.88598911
    2       5.11414768
    3       0.81466590
    4       0.68699986
    5       0.68929832
    6       0.80889914

l-shell populations (up)
 Atom Sh.   l       Population
    1   1   0       1.18300324
    1   2   1       2.70298587
    2   1   0       1.38312987
    2   2   1       3.73101781
    3   1   0       0.81466590
    4   1   0       0.68699986
    5   1   0       0.68929832
    6   1   0       0.80889914

Orbital populations (up)
 Atom Sh.   l   m       Population  Label
    1   1   0   0       1.18300324  s
    1   2   1  -1       0.85249709  p_y
    1   2   1   0       0.89549145  p_z
    1   2   1   1       0.95499732  p_x
    2   1   0   0       1.38312987  s
    2   2   1  -1       1.08734655  p_y
    2   2   1   0       1.12870560  p_z
    2   2   1   1       1.51496566  p_x
    3   1   0   0       0.81466590  s
    4   1   0   0       0.68699986  s
    5   1   0   0       0.68929832  s
    6   1   0   0       0.80889914  s

Input / Output electrons (q):     12.0000000000

Energy H0:                          -6.5220841816 H         -177.4749 eV
Energy SCC:                          0.1346163060 H            3.6631 eV
Energy SPIN:                        -0.0000273600 H           -0.0007 eV
Energy Fock:                        -0.2085671500 H           -5.6754 eV
Total Electronic energy:            -6.5960623856 H         -179.4880 eV
Repulsive energy:                    0.1850878842 H            5.0365 eV

Excitation Energy:                   0.0000000000 H            0.0000 eV

Total energy:                       -6.4112414845 H         -174.4588 eV

SCC converged

Total Forces
    1     -0.002452154480     -0.006265128620      0.003735938332
    2      0.007745003415     -0.000286137104     -0.004389798071
    3     -0.011920065247      0.002262401865     -0.009590460430
    4     -0.015073790551      0.000805187198      0.002825739540
    5      0.009767193476      0.003716295968      0.006120859388
    6      0.011933813387     -0.000232619308      0.001297721241

Maximal derivative component:        0.150738E-01 au


