REKS do not use any electronic distribution function

Calculation with static geometry

********************************************************************************************
  iSCC       reks energy        Diff energy         x_a       SCC error   
   67       -6.2847064002      -0.0000000000     0.999923    0.00000096
********************************************************************************************

 SA-REKS optimizes the avergaed state, not individual states
 These charges do not mean the charges for individual states
 Similarly to this, the values in band.out file indicate
 the band energies and occupations for the averaged state
 If you want to compute the relaxed density,
 please, set 'RelaxedDensity = Yes' option

 Total charge:     1.00000000

 Atomic gross charges (e)
 Atom           Charge
    1       0.13249288
    2      -0.12108970
    3       0.18264960
    4       0.31252182
    5       0.31416976
    6       0.17925564

Nr. of electrons (up):     12.00000000
Atom populations (up)
 Atom       Population
    1       3.86750712
    2       5.12108970
    3       0.81735040
    4       0.68747818
    5       0.68583024
    6       0.82074436

l-shell populations (up)
 Atom Sh.   l       Population
    1   1   0       1.17980908
    1   2   1       2.68769804
    2   1   0       1.38858995
    2   2   1       3.73249975
    3   1   0       0.81735040
    4   1   0       0.68747818
    5   1   0       0.68583024
    6   1   0       0.82074436

Orbital populations (up)
 Atom Sh.   l   m       Population  Label
    1   1   0   0       1.17980908  s
    1   2   1  -1       0.92093061  p_y
    1   2   1   0       0.89311007  p_z
    1   2   1   1       0.87365736  p_x
    2   1   0   0       1.38858995  s
    2   2   1  -1       1.49276476  p_y
    2   2   1   0       1.13889602  p_z
    2   2   1   1       1.10083897  p_x
    3   1   0   0       0.81735040  s
    4   1   0   0       0.68747818  s
    5   1   0   0       0.68583024  s
    6   1   0   0       0.82074436  s

Input / Output electrons (q):     12.0000000000

Energy H0:                          -6.5183975193 H         -177.3746 eV
Energy SCC:                          0.1342977731 H            3.6544 eV
Energy SPIN:                        -0.0000398893 H           -0.0011 eV
Energy Fock:                        -0.2088081356 H           -5.6820 eV
Total Electronic energy:            -6.5929477710 H         -179.4032 eV
Repulsive energy:                    0.1878521421 H            5.1117 eV

Excitation Energy:                   0.0000000000 H            0.0000 eV

Total energy:                       -6.4057851641 H         -174.3103 eV

SCC converged

Total Forces
    1     -0.009870855638      0.010476210648      0.005854887267
    2     -0.007334334808     -0.022790322527     -0.006900386094
    3      0.008209845064     -0.014342784157     -0.002163311439
    4      0.007635168908      0.021562316231      0.010694511076
    5      0.006583699600     -0.008004840203     -0.000085314130
    6     -0.005223523126      0.013099420008     -0.007400386679

Maximal derivative component:        0.227903E-01 au


