REKS do not use any electronic distribution function

Calculation with static geometry

********************************************************************************************
  iSCC       reks energy        Diff energy         x_a       SCC error   
   45       -6.1168472211      -0.0000000000     0.999422    0.00000089
********************************************************************************************

 SA-REKS optimizes the avergaed state, not individual states
 These charges do not mean the charges for individual states
 Similarly to this, the values in band.out file indicate
 the band energies and occupations for the averaged state
 If you want to compute the relaxed density,
 please, set 'RelaxedDensity = Yes' option

 Total charge:     1.00000000

 Atomic gross charges (e)
 Atom           Charge
    1       0.11666387
    2      -0.22517094
    3       0.18549509
    4       0.34931779
    5       0.40450721
    6       0.16918697

Nr. of electrons (up):     12.00000000
Atom populations (up)
 Atom       Population
    1       3.88333613
    2       5.22517094
    3       0.81450491
    4       0.65068221
    5       0.59549279
    6       0.83081303

l-shell populations (up)
 Atom Sh.   l       Population
    1   1   0       1.23232712
    1   2   1       2.65100900
    2   1   0       1.53370438
    2   2   1       3.69146655
    3   1   0       0.81450491
    4   1   0       0.65068221
    5   1   0       0.59549279
    6   1   0       0.83081303

Orbital populations (up)
 Atom Sh.   l   m       Population  Label
    1   1   0   0       1.23232712  s
    1   2   1  -1       0.90196863  p_y
    1   2   1   0       0.84644230  p_z
    1   2   1   1       0.90259808  p_x
    2   1   0   0       1.53370438  s
    2   2   1  -1       1.47319759  p_y
    2   2   1   0       1.13529028  p_z
    2   2   1   1       1.08297869  p_x
    3   1   0   0       0.81450491  s
    4   1   0   0       0.65068221  s
    5   1   0   0       0.59549279  s
    6   1   0   0       0.83081303  s

Input / Output electrons (q):     12.0000000000

Energy H0:                          -6.1462057396 H         -167.2468 eV
Energy SCC:                          0.1260100881 H            3.4289 eV
Energy SPIN:                        -0.0002153800 H           -0.0059 eV
Energy Fock:                        -0.2468020263 H           -6.7158 eV
Total Electronic energy:            -6.2672130578 H         -170.5395 eV
Repulsive energy:                    0.0675689356 H            1.8386 eV

Excitation Energy:                   0.0000000000 H            0.0000 eV

Total energy:                       -6.1996702238 H         -168.7016 eV

SCC converged

Total Forces
    1      0.077093254949      0.013067033854      0.054963555842
    2     -0.166975458959      0.048813589119     -0.016563508282
    3      0.041785029008     -0.034372850573      0.059072592058
    4      0.083858392842     -0.024338546908      0.055173081668
    5     -0.050494122315      0.022340447981     -0.083624810568
    6      0.014732904474     -0.025509673472     -0.069020910719

Maximal derivative component:        0.166975E+00 au


