REKS do not use any electronic distribution function

Calculation with static geometry

********************************************************************************************
  iSCC       reks energy        Diff energy         x_a       SCC error   
   41       -6.2874717009      -0.0000000000     0.999975    0.00000084
********************************************************************************************

 SA-REKS optimizes the avergaed state, not individual states
 These charges do not mean the charges for individual states
 Similarly to this, the values in band.out file indicate
 the band energies and occupations for the averaged state
 If you want to compute the relaxed density,
 please, set 'RelaxedDensity = Yes' option

 Total charge:     1.00000000

 Atomic gross charges (e)
 Atom           Charge
    1       0.10111649
    2      -0.10178581
    3       0.19105251
    4       0.30922116
    5       0.30936857
    6       0.19102708

Nr. of electrons (up):     12.00000000
Atom populations (up)
 Atom       Population
    1       3.89888351
    2       5.10178581
    3       0.80894749
    4       0.69077884
    5       0.69063143
    6       0.80897292

l-shell populations (up)
 Atom Sh.   l       Population
    1   1   0       1.17317222
    1   2   1       2.72571129
    2   1   0       1.37870579
    2   2   1       3.72308002
    3   1   0       0.80894749
    4   1   0       0.69077884
    5   1   0       0.69063143
    6   1   0       0.80897292

Orbital populations (up)
 Atom Sh.   l   m       Population  Label
    1   1   0   0       1.17317222  s
    1   2   1  -1       0.85571678  p_y
    1   2   1   0       0.88360255  p_z
    1   2   1   1       0.98639196  p_x
    2   1   0   0       1.37870579  s
    2   2   1  -1       1.09963761  p_y
    2   2   1   0       1.11242595  p_z
    2   2   1   1       1.51101647  p_x
    3   1   0   0       0.80894749  s
    4   1   0   0       0.69077884  s
    5   1   0   0       0.69063143  s
    6   1   0   0       0.80897292  s

Input / Output electrons (q):     12.0000000000

Energy H0:                          -6.5364011497 H         -177.8645 eV
Energy SCC:                          0.1357287874 H            3.6934 eV
Energy SPIN:                        -0.0000145933 H           -0.0004 eV
Energy Fock:                        -0.2074550391 H           -5.6451 eV
Total Electronic energy:            -6.6081419946 H         -179.8167 eV
Repulsive energy:                    0.1890520335 H            5.1444 eV

Excitation Energy:                   0.0000000000 H            0.0000 eV

Total energy:                       -6.4190914128 H         -174.6724 eV

SCC converged

Total Forces
    1      0.000862211623     -0.001696646313     -0.003645953937
    2     -0.001216936181      0.001964820523      0.005354672250
    3     -0.001024233163     -0.003565725960      0.002429496284
    4     -0.000943891784      0.000345280351     -0.003458614420
    5      0.001685461873     -0.001143425206     -0.003663329987
    6      0.000637387631      0.004095696604      0.002983729811

Maximal derivative component:        0.535467E-02 au


