 Fermi distribution function

Calculation with static geometry


********************************************************************************
 iSCC Total electronic   Diff electronic      SCC error    
   13   -0.52513393E+01   -0.17642776E-09    0.20558940E-06
********************************************************************************

 Total charge:     1.00000000

 Atomic gross charges (e)
 Atom           Charge
    1       0.29768117
    2      -0.18449866
    3       0.18170026
    4       0.25984592
    5       0.26156863
    6       0.18370267

Nr. of electrons (up):     12.00000000
Atom populations (up)
 Atom       Population
    1       3.70231883
    2       5.18449866
    3       0.81829974
    4       0.74015408
    5       0.73843137
    6       0.81629733

l-shell populations (up)
 Atom Sh.   l       Population
    1   1   0       1.42176634
    1   2   1       2.28055248
    2   1   0       1.53532272
    2   2   1       3.64917594
    3   1   0       0.81829974
    4   1   0       0.74015408
    5   1   0       0.73843137
    6   1   0       0.81629733

Orbital populations (up)
 Atom Sh.   l   m       Population  Label
    1   1   0   0       1.42176634  s
    1   2   1  -1       0.40521153  p_y
    1   2   1   0       0.85610299  p_z
    1   2   1   1       1.01923796  p_x
    2   1   0   0       1.53532272  s
    2   2   1  -1       1.39241198  p_y
    2   2   1   0       1.07243667  p_z
    2   2   1   1       1.18432729  p_x
    3   1   0   0       0.81829974  s
    4   1   0   0       0.74015408  s
    5   1   0   0       0.73843137  s
    6   1   0   0       0.81629733  s

Fermi level:                        -0.5210209627 H          -14.1777 eV
Band energy:                        -8.6356139717 H         -234.9870 eV
TS:                                  0.0000000000 H            0.0000 eV
Band free energy (E-TS):            -8.6356139717 H         -234.9870 eV
Extrapolated E(0K):                 -8.6356139717 H         -234.9870 eV
Input / Output electrons (q):     12.0000000000     12.0000000000

Energy H0:                          -5.3874748474 H         -146.6006 eV
Energy SCC:                          0.1361355939 H            3.7044 eV
Total Electronic energy:            -5.2513392535 H         -142.8962 eV
Repulsive energy:                    0.1295336235 H            3.5248 eV
Total energy:                       -5.1218056300 H         -139.3714 eV
Extrapolated to 0:                  -5.1218056300 H         -139.3714 eV
Total Mermin free energy:           -5.1218056300 H         -139.3714 eV
Force related energy:               -5.1218056300 H         -139.3714 eV

SCC converged

Excitation Energy:                   0.0967947401 H            2.6339 eV

Total Forces
    1     -0.004972750352      0.007102371932      0.016488940125
    2      0.012383776522      0.008696314687     -0.021305221519
    3     -0.000430745921      0.001258610810      0.003880198534
    4     -0.008933808055     -0.011428119026     -0.000189660204
    5      0.000657226594      0.005328439253      0.002639905871
    6      0.001296301212     -0.010957617656     -0.001514162807

Maximal derivative component:        0.213052E-01 au


