REKS do not use any electronic distribution function

Calculation with static geometry

********************************************************************************************
  iSCC       reks energy        Diff energy         x_a       SCC error   
   50       -6.1951160272      -0.0000000000     0.999998    0.00000082
********************************************************************************************

 SA-REKS optimizes the avergaed state, not individual states
 These charges do not mean the charges for individual states
 Similarly to this, the values in band.out file indicate
 the band energies and occupations for the averaged state
 If you want to compute the relaxed density,
 please, set 'RelaxedDensity = Yes' option

 Total charge:     1.00000000

 Atomic gross charges (e)
 Atom           Charge
    1       0.23519626
    2      -0.23769739
    3       0.19655737
    4       0.32920654
    5       0.28616873
    6       0.19056849

Nr. of electrons (up):     12.00000000
Atom populations (up)
 Atom       Population
    1       3.76480374
    2       5.23769739
    3       0.80344263
    4       0.67079346
    5       0.71383127
    6       0.80943151

l-shell populations (up)
 Atom Sh.   l       Population
    1   1   0       1.25999145
    1   2   1       2.50481230
    2   1   0       1.48142127
    2   2   1       3.75627611
    3   1   0       0.80344263
    4   1   0       0.67079346
    5   1   0       0.71383127
    6   1   0       0.80943151

Orbital populations (up)
 Atom Sh.   l   m       Population  Label
    1   1   0   0       1.25999145  s
    1   2   1  -1       0.82857024  p_y
    1   2   1   0       0.89194945  p_z
    1   2   1   1       0.78429261  p_x
    2   1   0   0       1.48142127  s
    2   2   1  -1       1.47174938  p_y
    2   2   1   0       1.10183228  p_z
    2   2   1   1       1.18269445  p_x
    3   1   0   0       0.80344263  s
    4   1   0   0       0.67079346  s
    5   1   0   0       0.71383127  s
    6   1   0   0       0.80943151  s

Input / Output electrons (q):     12.0000000000

Energy H0:                          -6.2735559711 H         -170.7121 eV
Energy SCC:                          0.1418942211 H            3.8611 eV
Energy SPIN:                        -0.0000009475 H           -0.0000 eV
Energy Fock:                        -0.2242794115 H           -6.1030 eV
Total Electronic energy:            -6.3559421091 H         -172.9540 eV
Repulsive energy:                    0.1215415250 H            3.3073 eV

Excitation Energy:                   0.0000000000 H            0.0000 eV

Total energy:                       -6.2747240376 H         -170.7439 eV

SCC converged

Total Forces
    1      0.169247854665      0.146394523505      0.158598526597
    2     -0.079896463902      0.018847535661      0.000034064010
    3     -0.037746758297     -0.050733011578     -0.025311857045
    4     -0.013815443349     -0.004678379394     -0.054004051042
    5      0.079313170912     -0.015455370347     -0.013603474057
    6     -0.117102360030     -0.094375297847     -0.065713208464

Maximal derivative component:        0.169248E+00 au


