REKS do not use any electronic distribution function

Calculation with static geometry

********************************************************************************************
  iSCC       reks energy        Diff energy         x_a       SCC error   
   52       -6.2877204511      -0.0000000000     0.999966    0.00000091
********************************************************************************************

 SA-REKS optimizes the avergaed state, not individual states
 These charges do not mean the charges for individual states
 Similarly to this, the values in band.out file indicate
 the band energies and occupations for the averaged state
 If you want to compute the relaxed density,
 please, set 'RelaxedDensity = Yes' option

 Total charge:     1.00000000

 Atomic gross charges (e)
 Atom           Charge
    1       0.10703559
    2      -0.10932749
    3       0.19131820
    4       0.31089554
    5       0.30940034
    6       0.19067782

Nr. of electrons (up):     12.00000000
Atom populations (up)
 Atom       Population
    1       3.89296441
    2       5.10932749
    3       0.80868180
    4       0.68910446
    5       0.69059966
    6       0.80932218

l-shell populations (up)
 Atom Sh.   l       Population
    1   1   0       1.18089101
    1   2   1       2.71207341
    2   1   0       1.38155952
    2   2   1       3.72776797
    3   1   0       0.80868180
    4   1   0       0.68910446
    5   1   0       0.69059966
    6   1   0       0.80932218

Orbital populations (up)
 Atom Sh.   l   m       Population  Label
    1   1   0   0       1.18089101  s
    1   2   1  -1       0.97280977  p_y
    1   2   1   0       0.88846607  p_z
    1   2   1   1       0.85079757  p_x
    2   1   0   0       1.38155952  s
    2   2   1  -1       1.51397046  p_y
    2   2   1   0       1.11963575  p_z
    2   2   1   1       1.09416176  p_x
    3   1   0   0       0.80868180  s
    4   1   0   0       0.68910446  s
    5   1   0   0       0.69059966  s
    6   1   0   0       0.80932218  s

Input / Output electrons (q):     12.0000000000

Energy H0:                          -6.5274457559 H         -177.6208 eV
Energy SCC:                          0.1350893621 H            3.6760 eV
Energy SPIN:                        -0.0000189859 H           -0.0005 eV
Energy Fock:                        -0.2074507754 H           -5.6450 eV
Total Electronic energy:            -6.5998261550 H         -179.5904 eV
Repulsive energy:                    0.1829433773 H            4.9781 eV

Excitation Energy:                   0.0000000000 H            0.0000 eV

Total energy:                       -6.4169494766 H         -174.6141 eV

SCC converged

Total Forces
    1      0.002631337193      0.000899484688      0.008438564937
    2     -0.002418684550     -0.003050304399     -0.008711023826
    3     -0.001974939397      0.006918523788      0.000454016878
    4      0.000953022826     -0.006116969619     -0.002161000729
    5     -0.001086180745      0.008479397697      0.002263170449
    6      0.001895444673     -0.007130132155     -0.000283727710

Maximal derivative component:        0.871102E-02 au


