REKS do not use any electronic distribution function

Calculation with static geometry

********************************************************************************************
  iSCC       reks energy        Diff energy         x_a       SCC error   
   50       -6.2850212096      -0.0000000000     0.999968    0.00000087
********************************************************************************************

 SA-REKS optimizes the avergaed state, not individual states
 These charges do not mean the charges for individual states
 Similarly to this, the values in band.out file indicate
 the band energies and occupations for the averaged state
 If you want to compute the relaxed density,
 please, set 'RelaxedDensity = Yes' option

 Total charge:     1.00000000

 Atomic gross charges (e)
 Atom           Charge
    1       0.10378844
    2      -0.10651099
    3       0.19377286
    4       0.30995607
    5       0.31073306
    6       0.18826056

Nr. of electrons (up):     12.00000000
Atom populations (up)
 Atom       Population
    1       3.89621156
    2       5.10651099
    3       0.80622714
    4       0.69004393
    5       0.68926694
    6       0.81173944

l-shell populations (up)
 Atom Sh.   l       Population
    1   1   0       1.18047866
    1   2   1       2.71573290
    2   1   0       1.38111682
    2   2   1       3.72539417
    3   1   0       0.80622714
    4   1   0       0.69004393
    5   1   0       0.68926694
    6   1   0       0.81173944

Orbital populations (up)
 Atom Sh.   l   m       Population  Label
    1   1   0   0       1.18047866  s
    1   2   1  -1       0.85028690  p_y
    1   2   1   0       0.89536909  p_z
    1   2   1   1       0.97007690  p_x
    2   1   0   0       1.38111682  s
    2   2   1  -1       1.09255407  p_y
    2   2   1   0       1.12524678  p_z
    2   2   1   1       1.50759331  p_x
    3   1   0   0       0.80622714  s
    4   1   0   0       0.69004393  s
    5   1   0   0       0.68926694  s
    6   1   0   0       0.81173944  s

Input / Output electrons (q):     12.0000000000

Energy H0:                          -6.5285212954 H         -177.6501 eV
Energy SCC:                          0.1352840159 H            3.6813 eV
Energy SPIN:                        -0.0000182300 H           -0.0005 eV
Energy Fock:                        -0.2086928526 H           -5.6788 eV
Total Electronic energy:            -6.6019483622 H         -179.6482 eV
Repulsive energy:                    0.1874642147 H            5.1012 eV

Excitation Energy:                   0.0000000000 H            0.0000 eV

Total energy:                       -6.4145793253 H         -174.5496 eV

SCC converged

Total Forces
    1      0.003090430495     -0.005727817658     -0.009216243948
    2     -0.010829472828     -0.005355349906      0.010226400187
    3     -0.009204619440     -0.002589621010      0.003321870732
    4     -0.004097713670      0.007678277134      0.000844183249
    5      0.012212097843      0.002488307639      0.002615354341
    6      0.008829277600      0.003506203801     -0.007791564560

Maximal derivative component:        0.122121E-01 au


