 Fermi distribution function

Calculation with static geometry


********************************************************************************
 iSCC Total electronic   Diff electronic      SCC error    
   14   -0.52461101E+01   -0.13766766E-12    0.57724758E-09
********************************************************************************

 Total charge:     1.00000000

 Atomic gross charges (e)
 Atom           Charge
    1       0.30370492
    2      -0.18641912
    3       0.19008025
    4       0.25803941
    5       0.25488164
    6       0.17971290

Nr. of electrons (up):     12.00000000
Atom populations (up)
 Atom       Population
    1       3.69629508
    2       5.18641912
    3       0.80991975
    4       0.74196059
    5       0.74511836
    6       0.82028710

l-shell populations (up)
 Atom Sh.   l       Population
    1   1   0       1.42814859
    1   2   1       2.26814649
    2   1   0       1.54449871
    2   2   1       3.64192041
    3   1   0       0.80991975
    4   1   0       0.74196059
    5   1   0       0.74511836
    6   1   0       0.82028710

Orbital populations (up)
 Atom Sh.   l   m       Population  Label
    1   1   0   0       1.42814859  s
    1   2   1  -1       0.39527900  p_y
    1   2   1   0       0.86598301  p_z
    1   2   1   1       1.00688449  p_x
    2   1   0   0       1.54449871  s
    2   2   1  -1       1.40012575  p_y
    2   2   1   0       1.07682399  p_z
    2   2   1   1       1.16497067  p_x
    3   1   0   0       0.80991975  s
    4   1   0   0       0.74196059  s
    5   1   0   0       0.74511836  s
    6   1   0   0       0.82028710  s

Fermi level:                        -0.5238453758 H          -14.2546 eV
Band energy:                        -8.6372260873 H         -235.0309 eV
TS:                                  0.0000000000 H            0.0000 eV
Band free energy (E-TS):            -8.6372260873 H         -235.0309 eV
Extrapolated E(0K):                 -8.6372260873 H         -235.0309 eV
Input / Output electrons (q):     12.0000000000     12.0000000000

Energy H0:                          -5.3835044475 H         -146.4926 eV
Energy SCC:                          0.1373943684 H            3.7387 eV
Total Electronic energy:            -5.2461100791 H         -142.7539 eV
Repulsive energy:                    0.1293482368 H            3.5197 eV
Total energy:                       -5.1167618423 H         -139.2342 eV
Extrapolated to 0:                  -5.1167618423 H         -139.2342 eV
Total Mermin free energy:           -5.1167618423 H         -139.2342 eV
Force related energy:               -5.1167618423 H         -139.2342 eV

SCC converged

Excitation Energy:                   0.0951145287 H            2.5882 eV

Total Forces
    1      0.002606790045      0.004203303992      0.012297551059
    2     -0.019741381913      0.013255755496     -0.020916070375
    3     -0.003065004579     -0.008258379087     -0.000508411792
    4      0.008680929638      0.006494465378      0.006017023931
    5      0.008815812098     -0.015903771840      0.002606883145
    6      0.002702854711      0.000208626061      0.000503024033

Maximal derivative component:        0.209161E-01 au


