REKS do not use any electronic distribution function

Calculation with static geometry

********************************************************************************************
  iSCC       reks energy        Diff energy         x_a       SCC error   
   71       -6.2851071571      -0.0000000000     0.999920    0.00000091
********************************************************************************************

 SA-REKS optimizes the avergaed state, not individual states
 These charges do not mean the charges for individual states
 Similarly to this, the values in band.out file indicate
 the band energies and occupations for the averaged state
 If you want to compute the relaxed density,
 please, set 'RelaxedDensity = Yes' option

 Total charge:     1.00000000

 Atomic gross charges (e)
 Atom           Charge
    1       0.12931452
    2      -0.12718124
    3       0.18290867
    4       0.31559297
    5       0.31545159
    6       0.18391350

Nr. of electrons (up):     12.00000000
Atom populations (up)
 Atom       Population
    1       3.87068548
    2       5.12718124
    3       0.81709133
    4       0.68440703
    5       0.68454841
    6       0.81608650

l-shell populations (up)
 Atom Sh.   l       Population
    1   1   0       1.18793986
    1   2   1       2.68274562
    2   1   0       1.39011042
    2   2   1       3.73707082
    3   1   0       0.81709133
    4   1   0       0.68440703
    5   1   0       0.68454841
    6   1   0       0.81608650

Orbital populations (up)
 Atom Sh.   l   m       Population  Label
    1   1   0   0       1.18793986  s
    1   2   1  -1       0.85607653  p_y
    1   2   1   0       0.89675749  p_z
    1   2   1   1       0.92991160  p_x
    2   1   0   0       1.39011042  s
    2   2   1  -1       1.07975485  p_y
    2   2   1   0       1.13773771  p_z
    2   2   1   1       1.51957827  p_x
    3   1   0   0       0.81709133  s
    4   1   0   0       0.68440703  s
    5   1   0   0       0.68454841  s
    6   1   0   0       0.81608650  s

Input / Output electrons (q):     12.0000000000

Energy H0:                          -6.5078277793 H         -177.0870 eV
Energy SCC:                          0.1338019518 H            3.6409 eV
Energy SPIN:                        -0.0000414143 H           -0.0011 eV
Energy Fock:                        -0.2086412378 H           -5.6774 eV
Total Electronic energy:            -6.5827084797 H         -179.1246 eV
Repulsive energy:                    0.1768871235 H            4.8133 eV

Excitation Energy:                   0.0000000000 H            0.0000 eV

Total energy:                       -6.4065394068 H         -174.3308 eV

SCC converged

Total Forces
    1      0.009288490869     -0.000535808848      0.017974406128
    2     -0.017572527396      0.002158862964     -0.023135732408
    3     -0.016353844502      0.000618483087     -0.004895753851
    4     -0.010633034764      0.005135565078      0.007021193151
    5      0.021418367804     -0.006617867181      0.007341314469
    6      0.013852547988     -0.000759235099     -0.004305427489

Maximal derivative component:        0.231357E-01 au


