REKS do not use any electronic distribution function

Calculation with static geometry

********************************************************************************************
  iSCC       reks energy        Diff energy         x_a       SCC error   
   48       -6.2843394488      -0.0000000000     0.999975    0.00000086
********************************************************************************************

 SA-REKS optimizes the avergaed state, not individual states
 These charges do not mean the charges for individual states
 Similarly to this, the values in band.out file indicate
 the band energies and occupations for the averaged state
 If you want to compute the relaxed density,
 please, set 'RelaxedDensity = Yes' option

 Total charge:     1.00000000

 Atomic gross charges (e)
 Atom           Charge
    1       0.09520188
    2      -0.10555851
    3       0.19478129
    4       0.31172665
    5       0.31023636
    6       0.19361233

Nr. of electrons (up):     12.00000000
Atom populations (up)
 Atom       Population
    1       3.90479812
    2       5.10555851
    3       0.80521871
    4       0.68827335
    5       0.68976364
    6       0.80638767

l-shell populations (up)
 Atom Sh.   l       Population
    1   1   0       1.18409861
    1   2   1       2.72069951
    2   1   0       1.38110925
    2   2   1       3.72444926
    3   1   0       0.80521871
    4   1   0       0.68827335
    5   1   0       0.68976364
    6   1   0       0.80638767

Orbital populations (up)
 Atom Sh.   l   m       Population  Label
    1   1   0   0       1.18409861  s
    1   2   1  -1       0.84232039  p_y
    1   2   1   0       0.90062389  p_z
    1   2   1   1       0.97775522  p_x
    2   1   0   0       1.38110925  s
    2   2   1  -1       1.08817833  p_y
    2   2   1   0       1.12842592  p_z
    2   2   1   1       1.50784501  p_x
    3   1   0   0       0.80521871  s
    4   1   0   0       0.68827335  s
    5   1   0   0       0.68976364  s
    6   1   0   0       0.80638767  s

Input / Output electrons (q):     12.0000000000

Energy H0:                          -6.5270167284 H         -177.6092 eV
Energy SCC:                          0.1354464489 H            3.6857 eV
Energy SPIN:                        -0.0000143747 H           -0.0004 eV
Energy Fock:                        -0.2091403464 H           -5.6910 eV
Total Electronic energy:            -6.6007250005 H         -179.6149 eV
Repulsive energy:                    0.1847621968 H            5.0276 eV

Excitation Energy:                   0.0000000000 H            0.0000 eV

Total energy:                       -6.4160149076 H         -174.5886 eV

SCC converged

Total Forces
    1     -0.000543885084     -0.004400919945     -0.013492892552
    2     -0.000146578220     -0.006008660003      0.014917429242
    3     -0.008714935689     -0.008865672535     -0.002151088483
    4     -0.006258601722      0.009676751000     -0.000619383189
    5      0.006682712891     -0.001472011225      0.004999859290
    6      0.008981287825      0.011070512708     -0.003653924308

Maximal derivative component:        0.149174E-01 au


