 KPT            1  SPIN            1  KWEIGHT    1.0000000000000000     
     1   -29.741  2.00000
     2   -27.350  2.00000
     3   -25.733  2.00000
     4   -23.496  2.00000
     5   -21.712  2.00000
     6   -19.927  2.00000
     7   -19.582  2.00000
     8   -18.747  2.00000
     9   -18.114  2.00000
    10   -17.982  2.00000
    11   -17.105  2.00000
    12   -16.687  2.00000
    13   -16.374  2.00000
    14   -15.498  2.00000
    15   -14.653  2.00000
    16   -14.131  1.49999
    17   -10.247  0.50001
    18    -4.005  0.00000
    19    -2.203  0.00000
    20     8.363  0.00000
    21     9.328  0.00000
    22     9.826  0.00000
    23    13.314  0.00000
    24    14.757  0.00000
    25    15.505  0.00000
    26    19.516  0.00000
    27    21.205  0.00000
    28    24.972  0.00000
    29    26.262  0.00000
    30    29.618  0.00000
    31    35.089  0.00000
    32    36.436  0.00000

