REKS do not use any electronic distribution function

Calculation with static geometry

********************************************************************************************
  iSCC       reks energy        Diff energy         x_a       SCC error   
   47       -6.2860184159      -0.0000000000     0.999975    0.00000093
********************************************************************************************

 SA-REKS optimizes the avergaed state, not individual states
 These charges do not mean the charges for individual states
 Similarly to this, the values in band.out file indicate
 the band energies and occupations for the averaged state
 If you want to compute the relaxed density,
 please, set 'RelaxedDensity = Yes' option

 Total charge:     1.00000000

 Atomic gross charges (e)
 Atom           Charge
    1       0.09807958
    2      -0.10412842
    3       0.19371364
    4       0.31041633
    5       0.31004220
    6       0.19187667

Nr. of electrons (up):     12.00000000
Atom populations (up)
 Atom       Population
    1       3.90192042
    2       5.10412842
    3       0.80628636
    4       0.68958367
    5       0.68995780
    6       0.80812333

l-shell populations (up)
 Atom Sh.   l       Population
    1   1   0       1.18051082
    1   2   1       2.72140960
    2   1   0       1.38026754
    2   2   1       3.72386088
    3   1   0       0.80628636
    4   1   0       0.68958367
    5   1   0       0.68995780
    6   1   0       0.80812333

Orbital populations (up)
 Atom Sh.   l   m       Population  Label
    1   1   0   0       1.18051082  s
    1   2   1  -1       0.84546762  p_y
    1   2   1   0       0.89464709  p_z
    1   2   1   1       0.98129489  p_x
    2   1   0   0       1.38026754  s
    2   2   1  -1       1.09016037  p_y
    2   2   1   0       1.12299652  p_z
    2   2   1   1       1.51070399  p_x
    3   1   0   0       0.80628636  s
    4   1   0   0       0.68958367  s
    5   1   0   0       0.68995780  s
    6   1   0   0       0.80812333  s

Input / Output electrons (q):     12.0000000000

Energy H0:                          -6.5304549455 H         -177.7027 eV
Energy SCC:                          0.1355428307 H            3.6883 eV
Energy SPIN:                        -0.0000144456 H           -0.0004 eV
Energy Fock:                        -0.2084448250 H           -5.6721 eV
Total Electronic energy:            -6.6033713854 H         -179.6869 eV
Repulsive energy:                    0.1858381316 H            5.0569 eV

Excitation Energy:                   0.0000000000 H            0.0000 eV

Total energy:                       -6.4175675764 H         -174.6309 eV

SCC converged

Total Forces
    1      0.001151972580      0.004904098873     -0.010726480148
    2     -0.004463121624      0.004074480909      0.012128028643
    3     -0.006268273494      0.004959684364      0.001258279596
    4     -0.003918212319     -0.006362235129     -0.001905378447
    5      0.007161073772     -0.000488403602      0.001543745033
    6      0.006336561086     -0.007087625415     -0.002298194678

Maximal derivative component:        0.121280E-01 au


