 KPT            1  SPIN            1  KWEIGHT    1.0000000000000000     
     1   -29.751  2.00000
     2   -27.494  2.00000
     3   -25.639  2.00000
     4   -23.686  2.00000
     5   -21.861  2.00000
     6   -19.970  2.00000
     7   -19.816  2.00000
     8   -18.900  2.00000
     9   -18.520  2.00000
    10   -17.609  2.00000
    11   -17.040  2.00000
    12   -16.896  2.00000
    13   -16.488  2.00000
    14   -15.918  2.00000
    15   -15.303  2.00000
    16   -13.240  1.50000
    17   -12.368  0.50000
    18    -3.943  0.00000
    19    -2.424  0.00000
    20     6.304  0.00000
    21     8.780  0.00000
    22    13.032  0.00000
    23    15.070  0.00000
    24    15.675  0.00000
    25    16.392  0.00000
    26    18.003  0.00000
    27    19.963  0.00000
    28    20.554  0.00000
    29    25.753  0.00000
    30    28.022  0.00000
    31    29.897  0.00000
    32    39.056  0.00000

