REKS do not use any electronic distribution function

Calculation with static geometry

********************************************************************************************
  iSCC       reks energy        Diff energy         x_a       SCC error   
   40      -16.4514142833      -0.0000000000     1.000000    0.00000089
********************************************************************************************

 SA-REKS optimizes the avergaed state, not individual states
 These charges do not mean the charges for individual states
 Similarly to this, the values in band.out file indicate
 the band energies and occupations for the averaged state
 If you want to compute the relaxed density,
 please, set 'RelaxedDensity = Yes' option

 Total charge:     1.00000000

 Atomic gross charges (e)
 Atom           Charge
    1      -0.02545791
    2      -0.04107288
    3       0.09386497
    4       0.12969345
    5       0.10255540
    6       0.10337327
    7      -0.18221684
    8       0.11835946
    9       0.14376395
   10       0.21844444
   11       0.10460840
   12      -0.24649361
   13       0.25094645
   14       0.22963144

Nr. of electrons (up):     32.00000000
Atom populations (up)
 Atom       Population
    1       4.02545791
    2       4.04107288
    3       0.90613503
    4       0.87030655
    5       0.89744460
    6       3.89662673
    7       4.18221684
    8       0.88164054
    9       0.85623605
   10       3.78155556
   11       0.89539160
   12       5.24649361
   13       0.74905355
   14       0.77036856

l-shell populations (up)
 Atom Sh.   l       Population
    1   1   0       1.22898848
    1   2   1       2.79646943
    2   1   0       1.15620260
    2   2   1       2.88487028
    3   1   0       0.90613503
    4   1   0       0.87030655
    5   1   0       0.89744460
    6   1   0       1.18942501
    6   2   1       2.70720172
    7   1   0       1.20541090
    7   2   1       2.97680594
    8   1   0       0.88164054
    9   1   0       0.85623605
   10   1   0       1.15338300
   10   2   1       2.62817255
   11   1   0       0.89539160
   12   1   0       1.39801240
   12   2   1       3.84848122
   13   1   0       0.74905355
   14   1   0       0.77036856

Orbital populations (up)
 Atom Sh.   l   m       Population  Label
    1   1   0   0       1.22898848  s
    1   2   1  -1       0.88262861  p_y
    1   2   1   0       0.97868047  p_z
    1   2   1   1       0.93516035  p_x
    2   1   0   0       1.15620260  s
    2   2   1  -1       0.97840249  p_y
    2   2   1   0       0.93337222  p_z
    2   2   1   1       0.97309557  p_x
    3   1   0   0       0.90613503  s
    4   1   0   0       0.87030655  s
    5   1   0   0       0.89744460  s
    6   1   0   0       1.18942501  s
    6   2   1  -1       0.84090420  p_y
    6   2   1   0       0.95689590  p_z
    6   2   1   1       0.90940162  p_x
    7   1   0   0       1.20541090  s
    7   2   1  -1       1.00592309  p_y
    7   2   1   0       1.02419729  p_z
    7   2   1   1       0.94668556  p_x
    8   1   0   0       0.88164054  s
    9   1   0   0       0.85623605  s
   10   1   0   0       1.15338300  s
   10   2   1  -1       0.80972030  p_y
   10   2   1   0       0.86277284  p_z
   10   2   1   1       0.95567941  p_x
   11   1   0   0       0.89539160  s
   12   1   0   0       1.39801240  s
   12   2   1  -1       1.42952176  p_y
   12   2   1   0       1.22937604  p_z
   12   2   1   1       1.18958341  p_x
   13   1   0   0       0.74905355  s
   14   1   0   0       0.77036856  s

Input / Output electrons (q):     32.0000000000

Energy H0:                         -16.2534768144 H         -442.2796 eV
Energy SCC:                          0.1141992884 H            3.1075 eV
Energy SPIN:                        -0.0349602232 H           -0.9513 eV
Energy Fock:                        -0.6674970046 H          -18.1635 eV
Total Electronic energy:           -16.8417347539 H         -458.2869 eV
Repulsive energy:                    0.3912270448 H           10.6458 eV

Excitation Energy:                   0.0095160037 H            0.2589 eV

Total energy:                      -16.4466562815 H         -447.5363 eV

SCC converged

Total Forces
    1      0.027896652443     -0.012048971720     -0.010871093640
    2     -0.102888290679      0.024311835126      0.050102386854
    3     -0.003014323600      0.001327475847      0.011215871490
    4     -0.005108150324      0.000242571606     -0.002611711108
    5      0.031899829644     -0.017844616635     -0.002078207224
    6      0.097000888590     -0.007081520434     -0.000901835303
    7     -0.028470449664      0.030052751476     -0.003419133017
    8     -0.000228427017      0.008516673815     -0.022489157472
    9      0.011134457528      0.003220985920      0.010695723994
   10      0.020702770068     -0.018493059149     -0.012969064412
   11     -0.037935472056     -0.007508447688     -0.005542112452
   12     -0.018278060318     -0.013538118312     -0.012959815437
   13      0.022138861304      0.008471888360      0.010256345996
   14     -0.014850285917      0.000370551788     -0.008428198270

Maximal derivative component:        0.102888E+00 au


