REKS do not use any electronic distribution function

Calculation with static geometry

********************************************************************************************
  iSCC       reks energy        Diff energy         x_a       SCC error   
   87      -16.4271467593      -0.0000000000     0.999998    0.00000094
********************************************************************************************

 SA-REKS optimizes the avergaed state, not individual states
 These charges do not mean the charges for individual states
 Similarly to this, the values in band.out file indicate
 the band energies and occupations for the averaged state
 If you want to compute the relaxed density,
 please, set 'RelaxedDensity = Yes' option

 Total charge:     1.00000000

 Atomic gross charges (e)
 Atom           Charge
    1      -0.06155941
    2      -0.01034716
    3       0.08923632
    4       0.12082719
    5       0.11700610
    6       0.04108070
    7      -0.12691279
    8       0.10710367
    9       0.11871528
   10       0.14233427
   11       0.11828524
   12      -0.17518199
   13       0.25106682
   14       0.26834576

Nr. of electrons (up):     32.00000000
Atom populations (up)
 Atom       Population
    1       4.06155941
    2       4.01034716
    3       0.91076368
    4       0.87917281
    5       0.88299390
    6       3.95891930
    7       4.12691279
    8       0.89289633
    9       0.88128472
   10       3.85766573
   11       0.88171476
   12       5.17518199
   13       0.74893318
   14       0.73165424

l-shell populations (up)
 Atom Sh.   l       Population
    1   1   0       1.21556152
    1   2   1       2.84599789
    2   1   0       1.17849569
    2   2   1       2.83185147
    3   1   0       0.91076368
    4   1   0       0.87917281
    5   1   0       0.88299390
    6   1   0       1.19826008
    6   2   1       2.76065923
    7   1   0       1.17501405
    7   2   1       2.95189874
    8   1   0       0.89289633
    9   1   0       0.88128472
   10   1   0       1.13040847
   10   2   1       2.72725726
   11   1   0       0.88171476
   12   1   0       1.39090323
   12   2   1       3.78427877
   13   1   0       0.74893318
   14   1   0       0.73165424

Orbital populations (up)
 Atom Sh.   l   m       Population  Label
    1   1   0   0       1.21556152  s
    1   2   1  -1       0.96006060  p_y
    1   2   1   0       0.93733280  p_z
    1   2   1   1       0.94860449  p_x
    2   1   0   0       1.17849569  s
    2   2   1  -1       0.95218005  p_y
    2   2   1   0       0.93869406  p_z
    2   2   1   1       0.94097736  p_x
    3   1   0   0       0.91076368  s
    4   1   0   0       0.87917281  s
    5   1   0   0       0.88299390  s
    6   1   0   0       1.19826008  s
    6   2   1  -1       0.88162748  p_y
    6   2   1   0       0.99802575  p_z
    6   2   1   1       0.88100600  p_x
    7   1   0   0       1.17501405  s
    7   2   1  -1       1.01453203  p_y
    7   2   1   0       0.93795464  p_z
    7   2   1   1       0.99941207  p_x
    8   1   0   0       0.89289633  s
    9   1   0   0       0.88128472  s
   10   1   0   0       1.13040847  s
   10   2   1  -1       0.89695068  p_y
   10   2   1   0       0.98832293  p_z
   10   2   1   1       0.84198366  p_x
   11   1   0   0       0.88171476  s
   12   1   0   0       1.39090323  s
   12   2   1  -1       1.47041064  p_y
   12   2   1   0       1.22224385  p_z
   12   2   1   1       1.09162427  p_x
   13   1   0   0       0.74893318  s
   14   1   0   0       0.73165424  s

Input / Output electrons (q):     32.0000000000

Energy H0:                         -16.3615982881 H         -445.2217 eV
Energy SCC:                          0.1069772975 H            2.9110 eV
Energy SPIN:                        -0.0000005660 H           -0.0000 eV
Energy Fock:                        -0.6600792085 H          -17.9617 eV
Total Electronic energy:           -16.9147007651 H         -460.2724 eV
Repulsive energy:                    0.4164637245 H           11.3326 eV

Excitation Energy:                   0.0000000000 H            0.0000 eV

Total energy:                      -16.4983211404 H         -448.9422 eV

SCC converged

Total Forces
    1     -0.043180533747     -0.004049895462      0.008530870599
    2      0.051177159196      0.037495689108     -0.013873959940
    3      0.001165910110      0.003738359637      0.011683918429
    4      0.028565626717      0.009822087696     -0.000896180082
    5     -0.005887269539     -0.015746429277     -0.015730658272
    6     -0.050019814340     -0.030867447496      0.029204047810
    7      0.003133952380     -0.044815012256      0.044381788545
    8      0.012956731607      0.009407308930      0.018519923315
    9      0.059523480617      0.034802729668     -0.055454769711
   10     -0.046492289664     -0.008325030618     -0.092698658292
   11      0.014608303139      0.007147466541      0.049757632560
   12      0.010934929997      0.003285231929      0.038595957972
   13     -0.001710470667     -0.017108395989     -0.039090156162
   14     -0.034775715806      0.015213337587      0.017070243228

Maximal derivative component:        0.926987E-01 au


