REKS do not use any electronic distribution function

Calculation with static geometry

********************************************************************************************
  iSCC       reks energy        Diff energy         x_a       SCC error   
   63       -6.2842561078      -0.0000000000     0.999929    0.00000095
********************************************************************************************

 SA-REKS optimizes the avergaed state, not individual states
 These charges do not mean the charges for individual states
 Similarly to this, the values in band.out file indicate
 the band energies and occupations for the averaged state
 If you want to compute the relaxed density,
 please, set 'RelaxedDensity = Yes' option

 Total charge:     1.00000000

 Atomic gross charges (e)
 Atom           Charge
    1       0.13031651
    2      -0.11879039
    3       0.17936437
    4       0.31387535
    5       0.31200583
    6       0.18322833

Nr. of electrons (up):     12.00000000
Atom populations (up)
 Atom       Population
    1       3.86968349
    2       5.11879039
    3       0.82063563
    4       0.68612465
    5       0.68799417
    6       0.81677167

l-shell populations (up)
 Atom Sh.   l       Population
    1   1   0       1.17883906
    1   2   1       2.69084444
    2   1   0       1.38900946
    2   2   1       3.72978092
    3   1   0       0.82063563
    4   1   0       0.68612465
    5   1   0       0.68799417
    6   1   0       0.81677167

Orbital populations (up)
 Atom Sh.   l   m       Population  Label
    1   1   0   0       1.17883906  s
    1   2   1  -1       0.92892092  p_y
    1   2   1   0       0.89286085  p_z
    1   2   1   1       0.86906266  p_x
    2   1   0   0       1.38900946  s
    2   2   1  -1       1.49696931  p_y
    2   2   1   0       1.14185400  p_z
    2   2   1   1       1.09095762  p_x
    3   1   0   0       0.82063563  s
    4   1   0   0       0.68612465  s
    5   1   0   0       0.68799417  s
    6   1   0   0       0.81677167  s

Input / Output electrons (q):     12.0000000000

Energy H0:                          -6.5199511052 H         -177.4169 eV
Energy SCC:                          0.1346122372 H            3.6630 eV
Energy SPIN:                        -0.0000370486 H           -0.0010 eV
Energy Fock:                        -0.2090689737 H           -5.6891 eV
Total Electronic energy:            -6.5944448902 H         -179.4440 eV
Repulsive energy:                    0.1893337766 H            5.1520 eV

Excitation Energy:                   0.0000000000 H            0.0000 eV

Total energy:                       -6.4056830905 H         -174.3075 eV

SCC converged

Total Forces
    1      0.012792696567      0.010908354373     -0.001885991448
    2      0.004445107755     -0.026807259507     -0.002016579416
    3      0.006053699771      0.011687437240     -0.006769023618
    4     -0.007216130718     -0.004885561315     -0.000665646997
    5     -0.006709547279      0.021932843652      0.011844475411
    6     -0.009365826096     -0.012835814445     -0.000507233932

Maximal derivative component:        0.268073E-01 au


