REKS do not use any electronic distribution function

Calculation with static geometry

********************************************************************************************
  iSCC       reks energy        Diff energy         x_a       SCC error   
   49       -6.2846565972      -0.0000000000     0.999965    0.00000083
********************************************************************************************

 SA-REKS optimizes the avergaed state, not individual states
 These charges do not mean the charges for individual states
 Similarly to this, the values in band.out file indicate
 the band energies and occupations for the averaged state
 If you want to compute the relaxed density,
 please, set 'RelaxedDensity = Yes' option

 Total charge:     1.00000000

 Atomic gross charges (e)
 Atom           Charge
    1       0.10806029
    2      -0.10070060
    3       0.18720766
    4       0.30921543
    5       0.30892184
    6       0.18729538

Nr. of electrons (up):     12.00000000
Atom populations (up)
 Atom       Population
    1       3.89193971
    2       5.10070060
    3       0.81279234
    4       0.69078457
    5       0.69107816
    6       0.81270462

l-shell populations (up)
 Atom Sh.   l       Population
    1   1   0       1.16971076
    1   2   1       2.72222895
    2   1   0       1.37497604
    2   2   1       3.72572456
    3   1   0       0.81279234
    4   1   0       0.69078457
    5   1   0       0.69107816
    6   1   0       0.81270462

Orbital populations (up)
 Atom Sh.   l   m       Population  Label
    1   1   0   0       1.16971076  s
    1   2   1  -1       0.86876478  p_y
    1   2   1   0       0.88825235  p_z
    1   2   1   1       0.96521181  p_x
    2   1   0   0       1.37497604  s
    2   2   1  -1       1.13636776  p_y
    2   2   1   0       1.11176652  p_z
    2   2   1   1       1.47759027  p_x
    3   1   0   0       0.81279234  s
    4   1   0   0       0.69078457  s
    5   1   0   0       0.69107816  s
    6   1   0   0       0.81270462  s

Input / Output electrons (q):     12.0000000000

Energy H0:                          -6.5366865236 H         -177.8723 eV
Energy SCC:                          0.1353114204 H            3.6820 eV
Energy SPIN:                        -0.0000197276 H           -0.0005 eV
Energy Fock:                        -0.2089770939 H           -5.6866 eV
Total Electronic energy:            -6.6103719247 H         -179.8774 eV
Repulsive energy:                    0.1963777621 H            5.3437 eV

Excitation Energy:                   0.0000000000 H            0.0000 eV

Total energy:                       -6.4141365976 H         -174.5375 eV

SCC converged

Total Forces
    1      0.000196640767      0.000983132009     -0.029743054553
    2      0.000542768151     -0.002442347908      0.037107244980
    3      0.009790329078      0.002519048234      0.001965747300
    4      0.009785507370     -0.003178075861     -0.006247337110
    5     -0.010243760011      0.004515423449     -0.005021438268
    6     -0.010071485355     -0.002397179923      0.001938837652

Maximal derivative component:        0.371072E-01 au


