 KPT            1  SPIN            1  KWEIGHT    1.0000000000000000     
     1   -29.750  2.00000
     2   -27.346  2.00000
     3   -25.407  2.00000
     4   -23.339  2.00000
     5   -21.275  2.00000
     6   -20.391  2.00000
     7   -19.716  2.00000
     8   -18.502  2.00000
     9   -18.351  2.00000
    10   -17.554  2.00000
    11   -16.838  2.00000
    12   -16.570  2.00000
    13   -16.303  2.00000
    14   -15.165  2.00000
    15   -14.833  2.00000
    16   -13.993  1.50000
    17   -10.045  0.50000
    18    -5.260  0.00000
    19    -2.840  0.00000
    20     6.082  0.00000
    21     9.233  0.00000
    22    10.365  0.00000
    23    11.691  0.00000
    24    14.546  0.00000
    25    16.318  0.00000
    26    16.912  0.00000
    27    18.402  0.00000
    28    20.495  0.00000
    29    21.980  0.00000
    30    27.654  0.00000
    31    30.879  0.00000
    32    38.987  0.00000

