REKS do not use any electronic distribution function

Calculation with static geometry

********************************************************************************************
  iSCC       reks energy        Diff energy         x_a       SCC error   
   95      -16.3993832018      -0.0000000000     1.000000    0.00000090
********************************************************************************************

 SA-REKS optimizes the avergaed state, not individual states
 These charges do not mean the charges for individual states
 Similarly to this, the values in band.out file indicate
 the band energies and occupations for the averaged state
 If you want to compute the relaxed density,
 please, set 'RelaxedDensity = Yes' option

 Total charge:     1.00000000

 Atomic gross charges (e)
 Atom           Charge
    1      -0.08565779
    2      -0.04345793
    3       0.08188222
    4       0.13921927
    5       0.11376320
    6       0.05254150
    7      -0.04959148
    8       0.13852242
    9       0.12205510
   10       0.13868129
   11       0.11496118
   12      -0.22214257
   13       0.27277916
   14       0.22644444

Nr. of electrons (up):     32.00000000
Atom populations (up)
 Atom       Population
    1       4.08565779
    2       4.04345793
    3       0.91811778
    4       0.86078073
    5       0.88623680
    6       3.94745850
    7       4.04959148
    8       0.86147758
    9       0.87794490
   10       3.86131871
   11       0.88503882
   12       5.22214257
   13       0.72722084
   14       0.77355556

l-shell populations (up)
 Atom Sh.   l       Population
    1   1   0       1.21398304
    1   2   1       2.87167476
    2   1   0       1.18179722
    2   2   1       2.86166071
    3   1   0       0.91811778
    4   1   0       0.86078073
    5   1   0       0.88623680
    6   1   0       1.23393879
    6   2   1       2.71351971
    7   1   0       1.21928975
    7   2   1       2.83030173
    8   1   0       0.86147758
    9   1   0       0.87794490
   10   1   0       1.15441182
   10   2   1       2.70690689
   11   1   0       0.88503882
   12   1   0       1.39042593
   12   2   1       3.83171664
   13   1   0       0.72722084
   14   1   0       0.77355556

Orbital populations (up)
 Atom Sh.   l   m       Population  Label
    1   1   0   0       1.21398304  s
    1   2   1  -1       0.99966419  p_y
    1   2   1   0       0.95893060  p_z
    1   2   1   1       0.91307996  p_x
    2   1   0   0       1.18179722  s
    2   2   1  -1       0.98532621  p_y
    2   2   1   0       0.92532513  p_z
    2   2   1   1       0.95100937  p_x
    3   1   0   0       0.91811778  s
    4   1   0   0       0.86078073  s
    5   1   0   0       0.88623680  s
    6   1   0   0       1.23393879  s
    6   2   1  -1       0.90319835  p_y
    6   2   1   0       0.91366147  p_z
    6   2   1   1       0.89665989  p_x
    7   1   0   0       1.21928975  s
    7   2   1  -1       0.92096997  p_y
    7   2   1   0       0.96633418  p_z
    7   2   1   1       0.94299759  p_x
    8   1   0   0       0.86147758  s
    9   1   0   0       0.87794490  s
   10   1   0   0       1.15441182  s
   10   2   1  -1       0.94945252  p_y
   10   2   1   0       0.86688464  p_z
   10   2   1   1       0.89056974  p_x
   11   1   0   0       0.88503882  s
   12   1   0   0       1.39042593  s
   12   2   1  -1       1.15186546  p_y
   12   2   1   0       1.37087961  p_z
   12   2   1   1       1.30897156  p_x
   13   1   0   0       0.72722084  s
   14   1   0   0       0.77355556  s

Input / Output electrons (q):     32.0000000000

Energy H0:                         -16.2690520543 H         -442.7034 eV
Energy SCC:                          0.1117595197 H            3.0411 eV
Energy SPIN:                        -0.0000000095 H           -0.0000 eV
Energy Fock:                        -0.6614156222 H          -17.9980 eV
Total Electronic energy:           -16.8187081663 H         -457.6603 eV
Repulsive energy:                    0.3567995924 H            9.7090 eV

Excitation Energy:                   0.0000000000 H            0.0000 eV

Total energy:                      -16.4619359188 H         -447.9521 eV

SCC converged

Total Forces
    1     -0.013201580729     -0.037777441289      0.003484218687
    2      0.032435078664     -0.026477479306     -0.010226355252
    3     -0.003473778431     -0.010510353482     -0.018802622025
    4      0.016201960922      0.018349327597      0.021787598791
    5     -0.004529370531      0.007202722929      0.009531727730
    6     -0.046188481299      0.052124220668      0.016710367532
    7      0.074773468628     -0.030277272093      0.000782403477
    8      0.006186905133      0.029242472376     -0.026894812425
    9     -0.025974596486     -0.001655401794     -0.038294819082
   10      0.017085748106     -0.067055796156      0.000933347969
   11      0.003918177330      0.041154338913      0.000752239333
   12     -0.061448036948     -0.006656426196      0.055492511479
   13     -0.000880638756      0.018180322921     -0.003741249194
   14      0.005095144398      0.014156764911     -0.011514557020

Maximal derivative component:        0.747735E-01 au


