REKS do not use any electronic distribution function

Calculation with static geometry

********************************************************************************************
  iSCC       reks energy        Diff energy         x_a       SCC error   
   65      -16.4318592586      -0.0000000000     0.999903    0.00000097
********************************************************************************************

 SA-REKS optimizes the avergaed state, not individual states
 These charges do not mean the charges for individual states
 Similarly to this, the values in band.out file indicate
 the band energies and occupations for the averaged state
 If you want to compute the relaxed density,
 please, set 'RelaxedDensity = Yes' option

 Total charge:     1.00000000

 Atomic gross charges (e)
 Atom           Charge
    1       0.00739741
    2      -0.02109056
    3       0.09489273
    4       0.11759274
    5       0.08389566
    6       0.04665974
    7      -0.13389124
    8       0.10940896
    9       0.11206735
   10       0.16617934
   11       0.08342392
   12      -0.20265822
   13       0.26962091
   14       0.26650128

Nr. of electrons (up):     32.00000000
Atom populations (up)
 Atom       Population
    1       3.99260259
    2       4.02109056
    3       0.90510727
    4       0.88240726
    5       0.91610434
    6       3.95334026
    7       4.13389124
    8       0.89059104
    9       0.88793265
   10       3.83382066
   11       0.91657608
   12       5.20265822
   13       0.73037909
   14       0.73349872

l-shell populations (up)
 Atom Sh.   l       Population
    1   1   0       1.22404075
    1   2   1       2.76856185
    2   1   0       1.17683581
    2   2   1       2.84425475
    3   1   0       0.90510727
    4   1   0       0.88240726
    5   1   0       0.91610434
    6   1   0       1.18940372
    6   2   1       2.76393654
    7   1   0       1.20573358
    7   2   1       2.92815766
    8   1   0       0.89059104
    9   1   0       0.88793265
   10   1   0       1.14526413
   10   2   1       2.68855653
   11   1   0       0.91657608
   12   1   0       1.39155030
   12   2   1       3.81110792
   13   1   0       0.73037909
   14   1   0       0.73349872

Orbital populations (up)
 Atom Sh.   l   m       Population  Label
    1   1   0   0       1.22404075  s
    1   2   1  -1       0.85492531  p_y
    1   2   1   0       0.98123854  p_z
    1   2   1   1       0.93239800  p_x
    2   1   0   0       1.17683581  s
    2   2   1  -1       0.92369503  p_y
    2   2   1   0       0.96978367  p_z
    2   2   1   1       0.95077604  p_x
    3   1   0   0       0.90510727  s
    4   1   0   0       0.88240726  s
    5   1   0   0       0.91610434  s
    6   1   0   0       1.18940372  s
    6   2   1  -1       0.92074403  p_y
    6   2   1   0       0.93653589  p_z
    6   2   1   1       0.90665662  p_x
    7   1   0   0       1.20573358  s
    7   2   1  -1       0.94782407  p_y
    7   2   1   0       1.03987661  p_z
    7   2   1   1       0.94045698  p_x
    8   1   0   0       0.89059104  s
    9   1   0   0       0.88793265  s
   10   1   0   0       1.14526413  s
   10   2   1  -1       0.97492708  p_y
   10   2   1   0       0.85301841  p_z
   10   2   1   1       0.86061105  p_x
   11   1   0   0       0.91657608  s
   12   1   0   0       1.39155030  s
   12   2   1  -1       1.14276002  p_y
   12   2   1   0       1.49241867  p_z
   12   2   1   1       1.17592923  p_x
   13   1   0   0       0.73037909  s
   14   1   0   0       0.73349872  s

Input / Output electrons (q):     32.0000000000

Energy H0:                         -16.3017149486 H         -443.5922 eV
Energy SCC:                          0.0972129048 H            2.6453 eV
Energy SPIN:                        -0.0000182827 H           -0.0005 eV
Energy Fock:                        -0.6613377786 H          -17.9959 eV
Total Electronic energy:           -16.8658581050 H         -458.9433 eV
Repulsive energy:                    0.3712368529 H           10.1019 eV

Excitation Energy:                   0.0000000000 H            0.0000 eV

Total energy:                      -16.4954249143 H         -448.8633 eV

SCC converged

Total Forces
    1     -0.027691967872      0.007814213591     -0.042347741459
    2     -0.029729172309     -0.025663476270      0.049513800462
    3      0.019124192521     -0.002203257641      0.034205183482
    4      0.019356320111     -0.003656128960      0.005097603739
    5     -0.010861511409      0.027748453945     -0.046201334976
    6      0.084294954411     -0.028253275972      0.001560059191
    7      0.004728948620      0.023114668906      0.007732211928
    8     -0.018747890244      0.014931309528      0.006045662947
    9      0.012622196493      0.031560191513     -0.021408492982
   10     -0.030301793071     -0.033559409626      0.002827466664
   11     -0.021299498635      0.025653092100     -0.016277219864
   12     -0.059965802410     -0.047364411735      0.017774309097
   13      0.021277344405      0.005240897403      0.002117436648
   14      0.037193679391      0.004637133217     -0.000638944878

Maximal derivative component:        0.842950E-01 au


