REKS do not use any electronic distribution function

Calculation with static geometry

********************************************************************************************
  iSCC       reks energy        Diff energy         x_a       SCC error   
  104       -6.1617846579      -0.0000000000     0.999821    0.00000093
********************************************************************************************

 SA-REKS optimizes the avergaed state, not individual states
 These charges do not mean the charges for individual states
 Similarly to this, the values in band.out file indicate
 the band energies and occupations for the averaged state
 If you want to compute the relaxed density,
 please, set 'RelaxedDensity = Yes' option

 Total charge:     1.00000000

 Atomic gross charges (e)
 Atom           Charge
    1       0.15611973
    2      -0.16525149
    3       0.13296919
    4       0.32502518
    5       0.34672547
    6       0.20441192

Nr. of electrons (up):     12.00000000
Atom populations (up)
 Atom       Population
    1       3.84388027
    2       5.16525149
    3       0.86703081
    4       0.67497482
    5       0.65327453
    6       0.79558808

l-shell populations (up)
 Atom Sh.   l       Population
    1   1   0       1.23403546
    1   2   1       2.60984482
    2   1   0       1.45588659
    2   2   1       3.70936490
    3   1   0       0.86703081
    4   1   0       0.67497482
    5   1   0       0.65327453
    6   1   0       0.79558808

Orbital populations (up)
 Atom Sh.   l   m       Population  Label
    1   1   0   0       1.23403546  s
    1   2   1  -1       0.81828757  p_y
    1   2   1   0       0.90582288  p_z
    1   2   1   1       0.88573436  p_x
    2   1   0   0       1.45588659  s
    2   2   1  -1       1.10142236  p_y
    2   2   1   0       1.21194345  p_z
    2   2   1   1       1.39599909  p_x
    3   1   0   0       0.86703081  s
    4   1   0   0       0.67497482  s
    5   1   0   0       0.65327453  s
    6   1   0   0       0.79558808  s

Input / Output electrons (q):     12.0000000000

Energy H0:                          -6.2378556898 H         -169.7407 eV
Energy SCC:                          0.1256744208 H            3.4198 eV
Energy SPIN:                        -0.0000703034 H           -0.0019 eV
Energy Fock:                        -0.2482587946 H           -6.7555 eV
Total Electronic energy:            -6.3605103670 H         -173.0783 eV
Repulsive energy:                    0.1138025934 H            3.0967 eV

Excitation Energy:                   0.0000000000 H            0.0000 eV

Total energy:                       -6.2523709291 H         -170.1357 eV

SCC converged

Total Forces
    1     -0.044273675722     -0.026498234746     -0.109544652331
    2     -0.064498077367     -0.005819045647      0.117047272126
    3      0.080870652956      0.030698622019     -0.000103504623
    4      0.039339118891     -0.043052364394     -0.011329071162
    5      0.031433356043      0.078138727833     -0.036173821172
    6     -0.042871374801     -0.033467705065      0.040103777163

Maximal derivative component:        0.117047E+00 au


