REKS do not use any electronic distribution function

Calculation with static geometry

********************************************************************************************
  iSCC       reks energy        Diff energy         x_a       SCC error   
   55       -6.1875225388      -0.0000000000     0.999999    0.00000085
********************************************************************************************

 SA-REKS optimizes the avergaed state, not individual states
 These charges do not mean the charges for individual states
 Similarly to this, the values in band.out file indicate
 the band energies and occupations for the averaged state
 If you want to compute the relaxed density,
 please, set 'RelaxedDensity = Yes' option

 Total charge:     1.00000000

 Atomic gross charges (e)
 Atom           Charge
    1       0.24933255
    2      -0.23297832
    3       0.19275089
    4       0.28953359
    5       0.32052656
    6       0.18083474

Nr. of electrons (up):     12.00000000
Atom populations (up)
 Atom       Population
    1       3.75066745
    2       5.23297832
    3       0.80724911
    4       0.71046641
    5       0.67947344
    6       0.81916526

l-shell populations (up)
 Atom Sh.   l       Population
    1   1   0       1.31238629
    1   2   1       2.43828117
    2   1   0       1.46127997
    2   2   1       3.77169835
    3   1   0       0.80724911
    4   1   0       0.71046641
    5   1   0       0.67947344
    6   1   0       0.81916526

Orbital populations (up)
 Atom Sh.   l   m       Population  Label
    1   1   0   0       1.31238629  s
    1   2   1  -1       0.57780804  p_y
    1   2   1   0       0.86091123  p_z
    1   2   1   1       0.99956189  p_x
    2   1   0   0       1.46127997  s
    2   2   1  -1       1.44879416  p_y
    2   2   1   0       1.16690445  p_z
    2   2   1   1       1.15599974  p_x
    3   1   0   0       0.80724911  s
    4   1   0   0       0.71046641  s
    5   1   0   0       0.67947344  s
    6   1   0   0       0.81916526  s

Input / Output electrons (q):     12.0000000000

Energy H0:                          -6.2658775693 H         -170.5032 eV
Energy SCC:                          0.1533016735 H            4.1716 eV
Energy SPIN:                        -0.0000003723 H           -0.0000 eV
Energy Fock:                        -0.2232157085 H           -6.0740 eV
Total Electronic energy:            -6.3357919766 H         -172.4057 eV
Repulsive energy:                    0.1275309011 H            3.4703 eV

Excitation Energy:                   0.0000000000 H            0.0000 eV

Total energy:                       -6.2675977305 H         -170.5500 eV

SCC converged

Total Forces
    1      0.003639753223      0.013270144315      0.193396152545
    2     -0.112697063554     -0.046491672725     -0.159243188403
    3     -0.026213766338     -0.008092884585     -0.060469964387
    4      0.078558114593      0.018834987719      0.084048848617
    5      0.062529212044      0.023626961984     -0.002427910583
    6     -0.005816249967     -0.001147536708     -0.055303937789

Maximal derivative component:        0.193396E+00 au


