 Fermi distribution function

Calculation with static geometry


********************************************************************************
 iSCC Total electronic   Diff electronic      SCC error    
   10   -0.54012984E+01   -0.93258734E-13    0.25679725E-07
********************************************************************************

 Total charge:     1.00000000

 Atomic gross charges (e)
 Atom           Charge
    1       0.14194727
    2      -0.02900138
    3       0.17144279
    4       0.27201213
    5       0.27308131
    6       0.17051789

Nr. of electrons (up):     12.00000000
Atom populations (up)
 Atom       Population
    1       3.85805273
    2       5.02900138
    3       0.82855721
    4       0.72798787
    5       0.72691869
    6       0.82948211

l-shell populations (up)
 Atom Sh.   l       Population
    1   1   0       1.32804866
    1   2   1       2.53000407
    2   1   0       1.43080017
    2   2   1       3.59820121
    3   1   0       0.82855721
    4   1   0       0.72798787
    5   1   0       0.72691869
    6   1   0       0.82948211

Orbital populations (up)
 Atom Sh.   l   m       Population  Label
    1   1   0   0       1.32804866  s
    1   2   1  -1       0.61414125  p_y
    1   2   1   0       0.86740617  p_z
    1   2   1   1       1.04845665  p_x
    2   1   0   0       1.43080017  s
    2   2   1  -1       1.34229099  p_y
    2   2   1   0       1.10799617  p_z
    2   2   1   1       1.14791405  p_x
    3   1   0   0       0.82855721  s
    4   1   0   0       0.72798787  s
    5   1   0   0       0.72691869  s
    6   1   0   0       0.82948211  s

Fermi level:                        -0.5041843817 H          -13.7196 eV
Band energy:                        -8.9268987376 H         -242.9133 eV
TS:                                  0.0000000000 H            0.0000 eV
Band free energy (E-TS):            -8.9268987376 H         -242.9133 eV
Extrapolated E(0K):                 -8.9268987376 H         -242.9133 eV
Input / Output electrons (q):     12.0000000000     12.0000000000

Energy H0:                          -5.5351665311 H         -150.6195 eV
Energy SCC:                          0.1338681551 H            3.6427 eV
Total Electronic energy:            -5.4012983760 H         -146.9768 eV
Repulsive energy:                    0.1774171622 H            4.8278 eV
Total energy:                       -5.2238812137 H         -142.1490 eV
Extrapolated to 0:                  -5.2238812137 H         -142.1490 eV
Total Mermin free energy:           -5.2238812137 H         -142.1490 eV
Force related energy:               -5.2238812137 H         -142.1490 eV

SCC converged

Excitation Energy:                   0.1527976455 H            4.1578 eV

Total Forces
    1     -0.002925885289      0.000661154505      0.048272752572
    2     -0.015041443759      0.008439876566     -0.054297527016
    3     -0.005047369749      0.000719503483     -0.000876590414
    4      0.000203416500     -0.003562032552      0.006944584355
    5      0.014800120559     -0.003927529887     -0.001887854240
    6      0.008011161739     -0.002330972115      0.001844634743

Maximal derivative component:        0.542975E-01 au


