REKS do not use any electronic distribution function

Calculation with static geometry

********************************************************************************************
  iSCC       reks energy        Diff energy         x_a       SCC error   
   68       -6.2854077655      -0.0000000000     0.999927    0.00000096
********************************************************************************************

 SA-REKS optimizes the avergaed state, not individual states
 These charges do not mean the charges for individual states
 Similarly to this, the values in band.out file indicate
 the band energies and occupations for the averaged state
 If you want to compute the relaxed density,
 please, set 'RelaxedDensity = Yes' option

 Total charge:     1.00000000

 Atomic gross charges (e)
 Atom           Charge
    1       0.12461696
    2      -0.12362369
    3       0.18762872
    4       0.31303555
    5       0.31534601
    6       0.18299645

Nr. of electrons (up):     12.00000000
Atom populations (up)
 Atom       Population
    1       3.87538304
    2       5.12362369
    3       0.81237128
    4       0.68696445
    5       0.68465399
    6       0.81700355

l-shell populations (up)
 Atom Sh.   l       Population
    1   1   0       1.18589088
    1   2   1       2.68949216
    2   1   0       1.38647725
    2   2   1       3.73714644
    3   1   0       0.81237128
    4   1   0       0.68696445
    5   1   0       0.68465399
    6   1   0       0.81700355

Orbital populations (up)
 Atom Sh.   l   m       Population  Label
    1   1   0   0       1.18589088  s
    1   2   1  -1       0.85756397  p_y
    1   2   1   0       0.89388201  p_z
    1   2   1   1       0.93804619  p_x
    2   1   0   0       1.38647725  s
    2   2   1  -1       1.08524927  p_y
    2   2   1   0       1.13171222  p_z
    2   2   1   1       1.52018495  p_x
    3   1   0   0       0.81237128  s
    4   1   0   0       0.68696445  s
    5   1   0   0       0.68465399  s
    6   1   0   0       0.81700355  s

Input / Output electrons (q):     12.0000000000

Energy H0:                          -6.5136346413 H         -177.2450 eV
Energy SCC:                          0.1338620870 H            3.6426 eV
Energy SPIN:                        -0.0000382076 H           -0.0010 eV
Energy Fock:                        -0.2081212659 H           -5.6633 eV
Total Electronic energy:            -6.5879320278 H         -179.2668 eV
Repulsive energy:                    0.1796727341 H            4.8891 eV

Excitation Energy:                   0.0000000000 H            0.0000 eV

Total energy:                       -6.4087862292 H         -174.3919 eV

SCC converged

Total Forces
    1      0.000057084529      0.002446940414      0.022932149271
    2     -0.000728388364      0.004668123608     -0.022688444625
    3     -0.013723665374     -0.002432083471     -0.003063071823
    4     -0.015173402296     -0.005277000309      0.007862288725
    5      0.015489387390      0.000590017639      0.003454719730
    6      0.014078984115      0.000004002118     -0.008497641276

Maximal derivative component:        0.229321E-01 au


