REKS do not use any electronic distribution function

Calculation with static geometry

********************************************************************************************
  iSCC       reks energy        Diff energy         x_a       SCC error   
   52       -6.2885773177      -0.0000000000     0.999969    0.00000085
********************************************************************************************

 SA-REKS optimizes the avergaed state, not individual states
 These charges do not mean the charges for individual states
 Similarly to this, the values in band.out file indicate
 the band energies and occupations for the averaged state
 If you want to compute the relaxed density,
 please, set 'RelaxedDensity = Yes' option

 Total charge:     1.00000000

 Atomic gross charges (e)
 Atom           Charge
    1       0.10660258
    2      -0.10976707
    3       0.19204921
    4       0.31053088
    5       0.30958411
    6       0.19100029

Nr. of electrons (up):     12.00000000
Atom populations (up)
 Atom       Population
    1       3.89339742
    2       5.10976707
    3       0.80795079
    4       0.68946912
    5       0.69041589
    6       0.80899971

l-shell populations (up)
 Atom Sh.   l       Population
    1   1   0       1.18046767
    1   2   1       2.71292975
    2   1   0       1.38257739
    2   2   1       3.72718968
    3   1   0       0.80795079
    4   1   0       0.68946912
    5   1   0       0.69041589
    6   1   0       0.80899971

Orbital populations (up)
 Atom Sh.   l   m       Population  Label
    1   1   0   0       1.18046767  s
    1   2   1  -1       0.97674326  p_y
    1   2   1   0       0.88478268  p_z
    1   2   1   1       0.85140381  p_x
    2   1   0   0       1.38257739  s
    2   2   1  -1       1.51705118  p_y
    2   2   1   0       1.11570343  p_z
    2   2   1   1       1.09443507  p_x
    3   1   0   0       0.80795079  s
    4   1   0   0       0.68946912  s
    5   1   0   0       0.69041589  s
    6   1   0   0       0.80899971  s

Input / Output electrons (q):     12.0000000000

Energy H0:                          -6.5272669118 H         -177.6160 eV
Energy SCC:                          0.1351341487 H            3.6772 eV
Energy SPIN:                        -0.0000178841 H           -0.0005 eV
Energy Fock:                        -0.2068494876 H           -5.6287 eV
Total Electronic energy:            -6.5990001347 H         -179.5679 eV
Repulsive energy:                    0.1809193419 H            4.9231 eV

Excitation Energy:                   0.0000000000 H            0.0000 eV

Total energy:                       -6.4181091668 H         -174.6456 eV

SCC converged

Total Forces
    1      0.000275432059      0.001677461680      0.017499450967
    2     -0.000297142775     -0.000109013835     -0.017182231564
    3      0.000020629517      0.003792012450      0.001938412843
    4      0.001192972767     -0.004967413290     -0.002160394762
    5     -0.001098554379      0.005093431794      0.000100226016
    6     -0.000093337190     -0.005486478799     -0.000195463501

Maximal derivative component:        0.174995E-01 au


