REKS do not use any electronic distribution function

Calculation with static geometry

********************************************************************************************
  iSCC       reks energy        Diff energy         x_a       SCC error   
   54       -6.2883655893      -0.0000000000     0.999965    0.00000088
********************************************************************************************

 SA-REKS optimizes the avergaed state, not individual states
 These charges do not mean the charges for individual states
 Similarly to this, the values in band.out file indicate
 the band energies and occupations for the averaged state
 If you want to compute the relaxed density,
 please, set 'RelaxedDensity = Yes' option

 Total charge:     1.00000000

 Atomic gross charges (e)
 Atom           Charge
    1       0.10824952
    2      -0.11267555
    3       0.19093686
    4       0.31105975
    5       0.31053135
    6       0.19189808

Nr. of electrons (up):     12.00000000
Atom populations (up)
 Atom       Population
    1       3.89175048
    2       5.11267555
    3       0.80906314
    4       0.68894025
    5       0.68946865
    6       0.80810192

l-shell populations (up)
 Atom Sh.   l       Population
    1   1   0       1.18320721
    1   2   1       2.70854327
    2   1   0       1.38415945
    2   2   1       3.72851610
    3   1   0       0.80906314
    4   1   0       0.68894025
    5   1   0       0.68946865
    6   1   0       0.80810192

Orbital populations (up)
 Atom Sh.   l   m       Population  Label
    1   1   0   0       1.18320721  s
    1   2   1  -1       0.85486918  p_y
    1   2   1   0       0.88702805  p_z
    1   2   1   1       0.96664604  p_x
    2   1   0   0       1.38415945  s
    2   2   1  -1       1.11059576  p_y
    2   2   1   0       1.11825578  p_z
    2   2   1   1       1.49966455  p_x
    3   1   0   0       0.80906314  s
    4   1   0   0       0.68894025  s
    5   1   0   0       0.68946865  s
    6   1   0   0       0.80810192  s

Input / Output electrons (q):     12.0000000000

Energy H0:                          -6.5228577236 H         -177.4960 eV
Energy SCC:                          0.1348462925 H            3.6694 eV
Energy SPIN:                        -0.0000196167 H           -0.0005 eV
Energy Fock:                        -0.2070232276 H           -5.6334 eV
Total Electronic energy:            -6.5950542754 H         -179.4606 eV
Repulsive energy:                    0.1780596832 H            4.8453 eV

Excitation Energy:                   0.0000000000 H            0.0000 eV

Total energy:                       -6.4170554877 H         -174.6170 eV

SCC converged

Total Forces
    1     -0.000271211236     -0.000989022360      0.019674223923
    2      0.000623535748      0.002012570870     -0.018263767050
    3      0.006281352957     -0.003222400261     -0.001308867629
    4      0.006854972515     -0.001149463187     -0.000866525974
    5     -0.007350271059     -0.000048015841      0.000033895990
    6     -0.006138378924      0.003396330780      0.000731040740

Maximal derivative component:        0.196742E-01 au


