 Fermi distribution function

Calculation with static geometry


********************************************************************************
 iSCC Total electronic   Diff electronic      SCC error    
   10   -0.54404050E+01   -0.31974423E-13    0.26426851E-07
********************************************************************************

 Total charge:     1.00000000

 Atomic gross charges (e)
 Atom           Charge
    1       0.16519284
    2      -0.03814646
    3       0.16210699
    4       0.27451147
    5       0.27091856
    6       0.16541659

Nr. of electrons (up):     12.00000000
Atom populations (up)
 Atom       Population
    1       3.83480716
    2       5.03814646
    3       0.83789301
    4       0.72548853
    5       0.72908144
    6       0.83458341

l-shell populations (up)
 Atom Sh.   l       Population
    1   1   0       1.30225590
    1   2   1       2.53255126
    2   1   0       1.41949703
    2   2   1       3.61864943
    3   1   0       0.83789301
    4   1   0       0.72548853
    5   1   0       0.72908144
    6   1   0       0.83458341

Orbital populations (up)
 Atom Sh.   l   m       Population  Label
    1   1   0   0       1.30225590  s
    1   2   1  -1       0.60748106  p_y
    1   2   1   0       0.88075359  p_z
    1   2   1   1       1.04431661  p_x
    2   1   0   0       1.41949703  s
    2   2   1  -1       1.34571838  p_y
    2   2   1   0       1.12365332  p_z
    2   2   1   1       1.14927773  p_x
    3   1   0   0       0.83789301  s
    4   1   0   0       0.72548853  s
    5   1   0   0       0.72908144  s
    6   1   0   0       0.83458341  s

Fermi level:                        -0.4931190938 H          -13.4185 eV
Band energy:                        -8.9757000213 H         -244.2412 eV
TS:                                  0.0000000000 H            0.0000 eV
Band free energy (E-TS):            -8.9757000213 H         -244.2412 eV
Extrapolated E(0K):                 -8.9757000213 H         -244.2412 eV
Input / Output electrons (q):     12.0000000000     12.0000000000

Energy H0:                          -5.5746756647 H         -151.6946 eV
Energy SCC:                          0.1342706928 H            3.6537 eV
Total Electronic energy:            -5.4404049719 H         -148.0410 eV
Repulsive energy:                    0.1950229359 H            5.3068 eV
Total energy:                       -5.2453820360 H         -142.7341 eV
Extrapolated to 0:                  -5.2453820360 H         -142.7341 eV
Total Mermin free energy:           -5.2453820360 H         -142.7341 eV
Force related energy:               -5.2453820360 H         -142.7341 eV

SCC converged

Excitation Energy:                   0.1766028336 H            4.8056 eV

Total Forces
    1     -0.004095832338      0.009014823387     -0.004037456032
    2     -0.010933285293     -0.007635687654     -0.017077995368
    3     -0.003988177253      0.000481383167      0.003472092318
    4      0.000938030741     -0.003188677599      0.008985028067
    5      0.010398422827      0.004760684471      0.003151808228
    6      0.007680841317     -0.003432525771      0.005506522787

Maximal derivative component:        0.170780E-01 au


