REKS do not use any electronic distribution function

Calculation with static geometry

********************************************************************************************
  iSCC       reks energy        Diff energy         x_a       SCC error   
   64       -6.2848723499      -0.0000000000     0.999927    0.00000092
********************************************************************************************

 SA-REKS optimizes the avergaed state, not individual states
 These charges do not mean the charges for individual states
 Similarly to this, the values in band.out file indicate
 the band energies and occupations for the averaged state
 If you want to compute the relaxed density,
 please, set 'RelaxedDensity = Yes' option

 Total charge:     1.00000000

 Atomic gross charges (e)
 Atom           Charge
    1       0.13067104
    2      -0.11910093
    3       0.17946139
    4       0.31339490
    5       0.31190403
    6       0.18366956

Nr. of electrons (up):     12.00000000
Atom populations (up)
 Atom       Population
    1       3.86932896
    2       5.11910093
    3       0.82053861
    4       0.68660510
    5       0.68809597
    6       0.81633044

l-shell populations (up)
 Atom Sh.   l       Population
    1   1   0       1.17977099
    1   2   1       2.68955796
    2   1   0       1.38829137
    2   2   1       3.73080955
    3   1   0       0.82053861
    4   1   0       0.68660510
    5   1   0       0.68809597
    6   1   0       0.81633044

Orbital populations (up)
 Atom Sh.   l   m       Population  Label
    1   1   0   0       1.17977099  s
    1   2   1  -1       0.92902699  p_y
    1   2   1   0       0.89194644  p_z
    1   2   1   1       0.86858453  p_x
    2   1   0   0       1.38829137  s
    2   2   1  -1       1.49948599  p_y
    2   2   1   0       1.13868247  p_z
    2   2   1   1       1.09264109  p_x
    3   1   0   0       0.82053861  s
    4   1   0   0       0.68660510  s
    5   1   0   0       0.68809597  s
    6   1   0   0       0.81633044  s

Input / Output electrons (q):     12.0000000000

Energy H0:                          -6.5187910284 H         -177.3853 eV
Energy SCC:                          0.1344852836 H            3.6595 eV
Energy SPIN:                        -0.0000378921 H           -0.0010 eV
Energy Fock:                        -0.2088593848 H           -5.6834 eV
Total Electronic energy:            -6.5932030217 H         -179.4102 eV
Repulsive energy:                    0.1875388527 H            5.1032 eV

Excitation Energy:                   0.0000000000 H            0.0000 eV

Total energy:                       -6.4062394950 H         -174.3226 eV

SCC converged

Total Forces
    1      0.012197482096      0.010547787351      0.001020732777
    2      0.004479326605     -0.024829099264     -0.005374308361
    3      0.004761711304      0.011922954153     -0.006182136885
    4     -0.006189549866     -0.005827170238     -0.000224536886
    5     -0.006941240242      0.021503213491      0.010447847309
    6     -0.008307729897     -0.013317685493      0.000312402047

Maximal derivative component:        0.248291E-01 au


