 Fermi distribution function

Calculation with static geometry


********************************************************************************
 iSCC Total electronic   Diff electronic      SCC error    
   10   -0.53892535E+01   -0.34372505E-12    0.28096892E-07
********************************************************************************

 Total charge:     1.00000000

 Atomic gross charges (e)
 Atom           Charge
    1       0.13746116
    2      -0.02700851
    3       0.19228605
    4       0.27399042
    5       0.26819653
    6       0.15507434

Nr. of electrons (up):     12.00000000
Atom populations (up)
 Atom       Population
    1       3.86253884
    2       5.02700851
    3       0.80771395
    4       0.72600958
    5       0.73180347
    6       0.84492566

l-shell populations (up)
 Atom Sh.   l       Population
    1   1   0       1.33665995
    1   2   1       2.52587888
    2   1   0       1.44195605
    2   2   1       3.58505246
    3   1   0       0.80771395
    4   1   0       0.72600958
    5   1   0       0.73180347
    6   1   0       0.84492566

Orbital populations (up)
 Atom Sh.   l   m       Population  Label
    1   1   0   0       1.33665995  s
    1   2   1  -1       0.59885346  p_y
    1   2   1   0       0.87283252  p_z
    1   2   1   1       1.05419290  p_x
    2   1   0   0       1.44195605  s
    2   2   1  -1       1.30766824  p_y
    2   2   1   0       1.11494528  p_z
    2   2   1   1       1.16243894  p_x
    3   1   0   0       0.80771395  s
    4   1   0   0       0.72600958  s
    5   1   0   0       0.73180347  s
    6   1   0   0       0.84492566  s

Fermi level:                        -0.5029992412 H          -13.6873 eV
Band energy:                        -8.9202456586 H         -242.7322 eV
TS:                                  0.0000000000 H            0.0000 eV
Band free energy (E-TS):            -8.9202456586 H         -242.7322 eV
Extrapolated E(0K):                 -8.9202456586 H         -242.7322 eV
Input / Output electrons (q):     12.0000000000     12.0000000000

Energy H0:                          -5.5232566912 H         -150.2955 eV
Energy SCC:                          0.1340031931 H            3.6464 eV
Total Electronic energy:            -5.3892534981 H         -146.6490 eV
Repulsive energy:                    0.1771630764 H            4.8209 eV
Total energy:                       -5.2120904216 H         -141.8282 eV
Extrapolated to 0:                  -5.2120904216 H         -141.8282 eV
Total Mermin free energy:           -5.2120904216 H         -141.8282 eV
Force related energy:               -5.2120904216 H         -141.8282 eV

SCC converged

Excitation Energy:                   0.1347404906 H            3.6665 eV

Total Forces
    1      0.003064351597     -0.019275433748      0.037484496247
    2      0.000741776589      0.009724383988     -0.042832188914
    3     -0.009183459289      0.003789186659      0.001890098983
    4     -0.007324181141      0.003302595685      0.003852152425
    5      0.008609468596     -0.002766816327     -0.001198146089
    6      0.004092043648      0.005226083743      0.000803587348

Maximal derivative component:        0.428322E-01 au


