REKS do not use any electronic distribution function

Calculation with static geometry

********************************************************************************************
  iSCC       reks energy        Diff energy         x_a       SCC error   
   30       -6.2088202616      -0.0000000000     1.000000    0.00000096
********************************************************************************************

 SA-REKS optimizes the avergaed state, not individual states
 These charges do not mean the charges for individual states
 Similarly to this, the values in band.out file indicate
 the band energies and occupations for the averaged state
 If you want to compute the relaxed density,
 please, set 'RelaxedDensity = Yes' option

 Total charge:     1.00000000

 Atomic gross charges (e)
 Atom           Charge
    1       0.24885611
    2      -0.16830162
    3       0.17233700
    4       0.28047527
    5       0.30223838
    6       0.16439485

Nr. of electrons (up):     12.00000000
Atom populations (up)
 Atom       Population
    1       3.75114389
    2       5.16830162
    3       0.82766300
    4       0.71952473
    5       0.69776162
    6       0.83560515

l-shell populations (up)
 Atom Sh.   l       Population
    1   1   0       1.37574702
    1   2   1       2.37539686
    2   1   0       1.48361927
    2   2   1       3.68468236
    3   1   0       0.82766300
    4   1   0       0.71952473
    5   1   0       0.69776162
    6   1   0       0.83560515

Orbital populations (up)
 Atom Sh.   l   m       Population  Label
    1   1   0   0       1.37574702  s
    1   2   1  -1       1.04791184  p_y
    1   2   1   0       0.79269989  p_z
    1   2   1   1       0.53478514  p_x
    2   1   0   0       1.48361927  s
    2   2   1  -1       1.39291124  p_y
    2   2   1   0       1.08221393  p_z
    2   2   1   1       1.20955718  p_x
    3   1   0   0       0.82766300  s
    4   1   0   0       0.71952473  s
    5   1   0   0       0.69776162  s
    6   1   0   0       0.83560515  s

Input / Output electrons (q):     12.0000000000

Energy H0:                          -6.2564198588 H         -170.2458 eV
Energy SCC:                          0.1558890834 H            4.2420 eV
Energy SPIN:                        -0.0000000000 H           -0.0000 eV
Energy Fock:                        -0.2137766663 H           -5.8172 eV
Total Electronic energy:            -6.3143074417 H         -171.8210 eV
Repulsive energy:                    0.1087413216 H            2.9590 eV

Excitation Energy:                   0.0000000000 H            0.0000 eV

Total energy:                       -6.2303878779 H         -169.5375 eV

SCC converged

Total Forces
    1      0.015763068460      0.058269971931      0.047090449550
    2     -0.053875869833      0.003627953960     -0.166318317043
    3     -0.023144726203     -0.057519574235      0.058665587335
    4      0.063453723206     -0.020213579265      0.035094003348
    5     -0.003015861288      0.012975046115      0.006531450831
    6      0.000819665657      0.002860181494      0.018936825978

Maximal derivative component:        0.166318E+00 au


