REKS do not use any electronic distribution function

Calculation with static geometry

********************************************************************************************
  iSCC       reks energy        Diff energy         x_a       SCC error   
   40       -6.2879069356      -0.0000000000     0.999974    0.00000082
********************************************************************************************

 SA-REKS optimizes the avergaed state, not individual states
 These charges do not mean the charges for individual states
 Similarly to this, the values in band.out file indicate
 the band energies and occupations for the averaged state
 If you want to compute the relaxed density,
 please, set 'RelaxedDensity = Yes' option

 Total charge:     1.00000000

 Atomic gross charges (e)
 Atom           Charge
    1       0.10315224
    2      -0.10373627
    3       0.19059705
    4       0.30867446
    5       0.30991572
    6       0.19139679

Nr. of electrons (up):     12.00000000
Atom populations (up)
 Atom       Population
    1       3.89684776
    2       5.10373627
    3       0.80940295
    4       0.69132554
    5       0.69008428
    6       0.80860321

l-shell populations (up)
 Atom Sh.   l       Population
    1   1   0       1.17438684
    1   2   1       2.72246092
    2   1   0       1.37978174
    2   2   1       3.72395453
    3   1   0       0.80940295
    4   1   0       0.69132554
    5   1   0       0.69008428
    6   1   0       0.80860321

Orbital populations (up)
 Atom Sh.   l   m       Population  Label
    1   1   0   0       1.17438684  s
    1   2   1  -1       0.98375777  p_y
    1   2   1   0       0.88318470  p_z
    1   2   1   1       0.85551846  p_x
    2   1   0   0       1.37978174  s
    2   2   1  -1       1.51344487  p_y
    2   2   1   0       1.11120163  p_z
    2   2   1   1       1.09930804  p_x
    3   1   0   0       0.80940295  s
    4   1   0   0       0.69132554  s
    5   1   0   0       0.69008428  s
    6   1   0   0       0.80860321  s

Input / Output electrons (q):     12.0000000000

Energy H0:                          -6.5335479545 H         -177.7869 eV
Energy SCC:                          0.1355901212 H            3.6896 eV
Energy SPIN:                        -0.0000153048 H           -0.0004 eV
Energy Fock:                        -0.2072399877 H           -5.6393 eV
Total Electronic energy:            -6.6052131259 H         -179.7370 eV
Repulsive energy:                    0.1863914766 H            5.0720 eV

Excitation Energy:                   0.0000000000 H            0.0000 eV

Total energy:                       -6.4188218367 H         -174.6650 eV

SCC converged

Total Forces
    1     -0.000583323970     -0.000285646804      0.002230045688
    2      0.000131639241      0.006097860755     -0.000872436517
    3      0.003481094966     -0.000468300186      0.002671285113
    4      0.001832112671     -0.002685230559     -0.002552508528
    5     -0.001282722083     -0.001559865321     -0.005212770747
    6     -0.003578800826     -0.001098817885      0.003736384990

Maximal derivative component:        0.609786E-02 au


