REKS do not use any electronic distribution function

Calculation with static geometry

********************************************************************************************
  iSCC       reks energy        Diff energy         x_a       SCC error   
  162      -16.4143812302      -0.0000000000     0.999996    0.00000096
********************************************************************************************

 SA-REKS optimizes the avergaed state, not individual states
 These charges do not mean the charges for individual states
 Similarly to this, the values in band.out file indicate
 the band energies and occupations for the averaged state
 If you want to compute the relaxed density,
 please, set 'RelaxedDensity = Yes' option

 Total charge:     1.00000000

 Atomic gross charges (e)
 Atom           Charge
    1      -0.07598557
    2      -0.00682295
    3       0.09668463
    4       0.11787755
    5       0.11601746
    6       0.07861191
    7      -0.09978048
    8       0.11510807
    9       0.13052996
   10       0.17365629
   11       0.10685552
   12      -0.25793596
   13       0.25714739
   14       0.24803620

Nr. of electrons (up):     32.00000000
Atom populations (up)
 Atom       Population
    1       4.07598557
    2       4.00682295
    3       0.90331537
    4       0.88212245
    5       0.88398254
    6       3.92138809
    7       4.09978048
    8       0.88489193
    9       0.86947004
   10       3.82634371
   11       0.89314448
   12       5.25793596
   13       0.74285261
   14       0.75196380

l-shell populations (up)
 Atom Sh.   l       Population
    1   1   0       1.18251556
    1   2   1       2.89347001
    2   1   0       1.13624136
    2   2   1       2.87058159
    3   1   0       0.90331537
    4   1   0       0.88212245
    5   1   0       0.88398254
    6   1   0       1.15342497
    6   2   1       2.76796312
    7   1   0       1.15132371
    7   2   1       2.94845677
    8   1   0       0.88489193
    9   1   0       0.86947004
   10   1   0       1.14127629
   10   2   1       2.68506742
   11   1   0       0.89314448
   12   1   0       1.40434869
   12   2   1       3.85358727
   13   1   0       0.74285261
   14   1   0       0.75196380

Orbital populations (up)
 Atom Sh.   l   m       Population  Label
    1   1   0   0       1.18251556  s
    1   2   1  -1       0.97947246  p_y
    1   2   1   0       0.99169015  p_z
    1   2   1   1       0.92230741  p_x
    2   1   0   0       1.13624136  s
    2   2   1  -1       0.93055406  p_y
    2   2   1   0       0.97785902  p_z
    2   2   1   1       0.96216851  p_x
    3   1   0   0       0.90331537  s
    4   1   0   0       0.88212245  s
    5   1   0   0       0.88398254  s
    6   1   0   0       1.15342497  s
    6   2   1  -1       0.98993217  p_y
    6   2   1   0       0.84152779  p_z
    6   2   1   1       0.93650317  p_x
    7   1   0   0       1.15132371  s
    7   2   1  -1       0.95040157  p_y
    7   2   1   0       1.06318918  p_z
    7   2   1   1       0.93486603  p_x
    8   1   0   0       0.88489193  s
    9   1   0   0       0.86947004  s
   10   1   0   0       1.14127629  s
   10   2   1  -1       0.94555850  p_y
   10   2   1   0       0.87461050  p_z
   10   2   1   1       0.86489842  p_x
   11   1   0   0       0.89314448  s
   12   1   0   0       1.40434869  s
   12   2   1  -1       1.39854100  p_y
   12   2   1   0       1.36097965  p_z
   12   2   1   1       1.09406662  p_x
   13   1   0   0       0.74285261  s
   14   1   0   0       0.75196380  s

Input / Output electrons (q):     32.0000000000

Energy H0:                         -16.3967423678 H         -446.1781 eV
Energy SCC:                          0.0996879209 H            2.7126 eV
Energy SPIN:                        -0.0000011197 H           -0.0000 eV
Energy Fock:                        -0.6739139829 H          -18.3381 eV
Total Electronic energy:           -16.9709695496 H         -461.8036 eV
Repulsive energy:                    0.4916512216 H           13.3785 eV

Excitation Energy:                   0.0000000000 H            0.0000 eV

Total energy:                      -16.4797451594 H         -448.4367 eV

SCC converged

Total Forces
    1     -0.068454056119     -0.032215877256     -0.079548479982
    2      0.062669218159     -0.039435124261      0.070835671247
    3      0.003831240390     -0.003070187113      0.004066973107
    4     -0.004782494904     -0.001472979639      0.010926887354
    5     -0.014389745712      0.003458459058     -0.003285511227
    6     -0.050122033762      0.077064571839     -0.005612505939
    7      0.059827537908     -0.012728424422      0.017716522084
    8      0.004239340391      0.009370171957      0.010381525488
    9     -0.000188178513     -0.010847857709      0.011407120289
   10      0.035583518810     -0.010503259298     -0.057233580575
   11     -0.039509638002      0.032166748808      0.001890312950
   12      0.083255489208     -0.029726830119     -0.011693929152
   13     -0.024869871891      0.000800565515      0.042812984726
   14     -0.047090325961      0.017140022637     -0.012663990367

Maximal derivative component:        0.832555E-01 au


