REKS do not use any electronic distribution function

Calculation with static geometry

********************************************************************************************
  iSCC       reks energy        Diff energy         x_a       SCC error   
   51       -6.2887941739      -0.0000000000     0.999969    0.00000098
********************************************************************************************

 SA-REKS optimizes the avergaed state, not individual states
 These charges do not mean the charges for individual states
 Similarly to this, the values in band.out file indicate
 the band energies and occupations for the averaged state
 If you want to compute the relaxed density,
 please, set 'RelaxedDensity = Yes' option

 Total charge:     1.00000000

 Atomic gross charges (e)
 Atom           Charge
    1       0.10709840
    2      -0.10983975
    3       0.19192299
    4       0.31033441
    5       0.30937913
    6       0.19110481

Nr. of electrons (up):     12.00000000
Atom populations (up)
 Atom       Population
    1       3.89290160
    2       5.10983975
    3       0.80807701
    4       0.68966559
    5       0.69062087
    6       0.80889519

l-shell populations (up)
 Atom Sh.   l       Population
    1   1   0       1.17971430
    1   2   1       2.71318731
    2   1   0       1.38284285
    2   2   1       3.72699690
    3   1   0       0.80807701
    4   1   0       0.68966559
    5   1   0       0.69062087
    6   1   0       0.80889519

Orbital populations (up)
 Atom Sh.   l   m       Population  Label
    1   1   0   0       1.17971430  s
    1   2   1  -1       0.97811987  p_y
    1   2   1   0       0.88232036  p_z
    1   2   1   1       0.85274708  p_x
    2   1   0   0       1.38284285  s
    2   2   1  -1       1.51614879  p_y
    2   2   1   0       1.11485324  p_z
    2   2   1   1       1.09599487  p_x
    3   1   0   0       0.80807701  s
    4   1   0   0       0.68966559  s
    5   1   0   0       0.69062087  s
    6   1   0   0       0.80889519  s

Input / Output electrons (q):     12.0000000000

Energy H0:                          -6.5269685068 H         -177.6078 eV
Energy SCC:                          0.1351319525 H            3.6771 eV
Energy SPIN:                        -0.0000174082 H           -0.0005 eV
Energy Fock:                        -0.2066802119 H           -5.6241 eV
Total Electronic energy:            -6.5985341744 H         -179.5553 eV
Repulsive energy:                    0.1802183330 H            4.9040 eV

Excitation Energy:                   0.0000000000 H            0.0000 eV

Total energy:                       -6.4183308290 H         -174.6517 eV

SCC converged

Total Forces
    1      0.000387954347     -0.001295468266      0.019626603361
    2     -0.002817379632     -0.003665168284     -0.018236130565
    3      0.001461866681      0.003888594079      0.002057521795
    4      0.002417920011     -0.001820362613     -0.003257630729
    5     -0.000556949202      0.005730685664     -0.001342196352
    6     -0.000893412205     -0.002838280580      0.001151832490

Maximal derivative component:        0.196266E-01 au


