 Fermi distribution function

Calculation with static geometry


********************************************************************************
 iSCC Total electronic   Diff electronic      SCC error    
   13   -0.52633946E+01   -0.11620038E-10    0.50177019E-06
********************************************************************************

 Total charge:     1.00000000

 Atomic gross charges (e)
 Atom           Charge
    1       0.29938656
    2      -0.18623526
    3       0.18015670
    4       0.25813230
    5       0.25886426
    6       0.18969544

Nr. of electrons (up):     12.00000000
Atom populations (up)
 Atom       Population
    1       3.70061344
    2       5.18623526
    3       0.81984330
    4       0.74186770
    5       0.74113574
    6       0.81030456

l-shell populations (up)
 Atom Sh.   l       Population
    1   1   0       1.41137030
    1   2   1       2.28924314
    2   1   0       1.53910594
    2   2   1       3.64712932
    3   1   0       0.81984330
    4   1   0       0.74186770
    5   1   0       0.74113574
    6   1   0       0.81030456

Orbital populations (up)
 Atom Sh.   l   m       Population  Label
    1   1   0   0       1.41137030  s
    1   2   1  -1       0.40235945  p_y
    1   2   1   0       0.86824616  p_z
    1   2   1   1       1.01863752  p_x
    2   1   0   0       1.53910594  s
    2   2   1  -1       1.39555228  p_y
    2   2   1   0       1.08383427  p_z
    2   2   1   1       1.16774276  p_x
    3   1   0   0       0.81984330  s
    4   1   0   0       0.74186770  s
    5   1   0   0       0.74113574  s
    6   1   0   0       0.81030456  s

Fermi level:                        -0.5229487516 H          -14.2302 eV
Band energy:                        -8.6664681490 H         -235.8266 eV
TS:                                  0.0000000000 H            0.0000 eV
Band free energy (E-TS):            -8.6664681490 H         -235.8266 eV
Extrapolated E(0K):                 -8.6664681490 H         -235.8266 eV
Input / Output electrons (q):     12.0000000000     12.0000000000

Energy H0:                          -5.4007258729 H         -146.9612 eV
Energy SCC:                          0.1373312317 H            3.7370 eV
Total Electronic energy:            -5.2633946412 H         -143.2243 eV
Repulsive energy:                    0.1420080020 H            3.8642 eV
Total energy:                       -5.1213866392 H         -139.3600 eV
Extrapolated to 0:                  -5.1213866392 H         -139.3600 eV
Total Mermin free energy:           -5.1213866392 H         -139.3600 eV
Force related energy:               -5.1213866392 H         -139.3600 eV

SCC converged

Excitation Energy:                   0.1005927333 H            2.7373 eV

Total Forces
    1     -0.003759898447     -0.010609593413      0.028167556771
    2      0.027757950354      0.006508990616     -0.016109594508
    3      0.014540967632      0.009713130411     -0.008126545627
    4     -0.015386185492     -0.015326136783     -0.001710944847
    5     -0.011417200213      0.010510282902      0.006931254142
    6     -0.011735633833     -0.000796673734     -0.009151725930

Maximal derivative component:        0.281676E-01 au


