REKS do not use any electronic distribution function

Calculation with static geometry

********************************************************************************************
  iSCC       reks energy        Diff energy         x_a       SCC error   
  113      -16.4361411994      -0.0000000000     0.999991    0.00000095
********************************************************************************************

 SA-REKS optimizes the avergaed state, not individual states
 These charges do not mean the charges for individual states
 Similarly to this, the values in band.out file indicate
 the band energies and occupations for the averaged state
 If you want to compute the relaxed density,
 please, set 'RelaxedDensity = Yes' option

 Total charge:     1.00000000

 Atomic gross charges (e)
 Atom           Charge
    1      -0.06894129
    2      -0.00870948
    3       0.09486453
    4       0.12956356
    5       0.11306800
    6       0.04552689
    7      -0.09607972
    8       0.09049604
    9       0.12983468
   10       0.18181692
   11       0.10600236
   12      -0.21255351
   13       0.25326802
   14       0.24184299

Nr. of electrons (up):     32.00000000
Atom populations (up)
 Atom       Population
    1       4.06894129
    2       4.00870948
    3       0.90513547
    4       0.87043644
    5       0.88693200
    6       3.95447311
    7       4.09607972
    8       0.90950396
    9       0.87016532
   10       3.81818308
   11       0.89399764
   12       5.21255351
   13       0.74673198
   14       0.75815701

l-shell populations (up)
 Atom Sh.   l       Population
    1   1   0       1.21280847
    1   2   1       2.85613282
    2   1   0       1.16341670
    2   2   1       2.84529278
    3   1   0       0.90513547
    4   1   0       0.87043644
    5   1   0       0.88693200
    6   1   0       1.18227344
    6   2   1       2.77219967
    7   1   0       1.16477286
    7   2   1       2.93130687
    8   1   0       0.90950396
    9   1   0       0.87016532
   10   1   0       1.14425301
   10   2   1       2.67393007
   11   1   0       0.89399764
   12   1   0       1.41411506
   12   2   1       3.79843845
   13   1   0       0.74673198
   14   1   0       0.75815701

Orbital populations (up)
 Atom Sh.   l   m       Population  Label
    1   1   0   0       1.21280847  s
    1   2   1  -1       0.98433797  p_y
    1   2   1   0       0.88587429  p_z
    1   2   1   1       0.98592057  p_x
    2   1   0   0       1.16341670  s
    2   2   1  -1       0.97349936  p_y
    2   2   1   0       0.91812502  p_z
    2   2   1   1       0.95366840  p_x
    3   1   0   0       0.90513547  s
    4   1   0   0       0.87043644  s
    5   1   0   0       0.88693200  s
    6   1   0   0       1.18227344  s
    6   2   1  -1       0.85001679  p_y
    6   2   1   0       1.01599422  p_z
    6   2   1   1       0.90618865  p_x
    7   1   0   0       1.16477286  s
    7   2   1  -1       1.01359868  p_y
    7   2   1   0       0.98193453  p_z
    7   2   1   1       0.93577366  p_x
    8   1   0   0       0.90950396  s
    9   1   0   0       0.87016532  s
   10   1   0   0       1.14425301  s
   10   2   1  -1       0.83696134  p_y
   10   2   1   0       0.86564515  p_z
   10   2   1   1       0.97132358  p_x
   11   1   0   0       0.89399764  s
   12   1   0   0       1.41411506  s
   12   2   1  -1       1.46701305  p_y
   12   2   1   0       1.16872563  p_z
   12   2   1   1       1.16269977  p_x
   13   1   0   0       0.74673198  s
   14   1   0   0       0.75815701  s

Input / Output electrons (q):     32.0000000000

Energy H0:                         -16.3356718241 H         -444.5162 eV
Energy SCC:                          0.1001271817 H            2.7246 eV
Energy SPIN:                        -0.0000020459 H           -0.0001 eV
Energy Fock:                        -0.6618972377 H          -18.0111 eV
Total Electronic energy:           -16.8974439259 H         -459.8028 eV
Repulsive energy:                    0.3913122942 H           10.6481 eV

Excitation Energy:                   0.0000000000 H            0.0000 eV

Total energy:                      -16.5068089729 H         -449.1731 eV

SCC converged

Total Forces
    1      0.025791028226      0.005646440340     -0.010280418806
    2     -0.046996709300     -0.016987784371      0.019989321899
    3     -0.012439261613     -0.006705812068      0.004030072712
    4      0.008085019858      0.006391335866      0.006314618588
    5      0.007068208598      0.003084816282      0.017787761869
    6      0.020292383712      0.016268717316     -0.072201936870
    7     -0.058035635341     -0.018471503858      0.074186136276
    8      0.022422908449      0.008757985555      0.013363910857
    9      0.034119413707     -0.001910123680     -0.039907734155
   10     -0.015289618831      0.032563599365      0.006793933346
   11      0.005654961002      0.002615232877     -0.002862421401
   12     -0.015466996124     -0.037563565791      0.016052457383
   13     -0.017492061279      0.006165379667     -0.022306837578
   14      0.042286358935      0.000145282497     -0.010958864121

Maximal derivative component:        0.741861E-01 au


