 KPT            1  SPIN            1  KWEIGHT    1.0000000000000000     
     1   -29.492  2.00000
     2   -27.517  2.00000
     3   -25.431  2.00000
     4   -23.195  2.00000
     5   -21.895  2.00000
     6   -20.173  2.00000
     7   -19.228  2.00000
     8   -18.685  2.00000
     9   -18.186  2.00000
    10   -17.684  2.00000
    11   -16.688  2.00000
    12   -16.259  2.00000
    13   -16.158  2.00000
    14   -15.946  2.00000
    15   -14.768  2.00000
    16   -14.111  1.50000
    17    -9.818  0.50000
    18    -5.133  0.00000
    19    -1.984  0.00000
    20     6.690  0.00000
    21     8.285  0.00000
    22    10.763  0.00000
    23    13.135  0.00000
    24    14.417  0.00000
    25    15.035  0.00000
    26    18.563  0.00000
    27    19.510  0.00000
    28    19.734  0.00000
    29    22.032  0.00000
    30    28.791  0.00000
    31    35.066  0.00000
    32    41.508  0.00000

