REKS do not use any electronic distribution function

Calculation with static geometry

********************************************************************************************
  iSCC       reks energy        Diff energy         x_a       SCC error   
   53      -16.4132280830      -0.0000000000     1.000000    0.00000097
********************************************************************************************

 SA-REKS optimizes the avergaed state, not individual states
 These charges do not mean the charges for individual states
 Similarly to this, the values in band.out file indicate
 the band energies and occupations for the averaged state
 If you want to compute the relaxed density,
 please, set 'RelaxedDensity = Yes' option

 Total charge:     1.00000000

 Atomic gross charges (e)
 Atom           Charge
    1      -0.02645817
    2      -0.04551075
    3       0.13159743
    4       0.10256997
    5       0.08313561
    6       0.05211034
    7       0.00829185
    8       0.12221828
    9       0.13253697
   10       0.09947524
   11       0.11777903
   12      -0.27056558
   13       0.23038691
   14       0.26243288

Nr. of electrons (up):     32.00000000
Atom populations (up)
 Atom       Population
    1       4.02645817
    2       4.04551075
    3       0.86840257
    4       0.89743003
    5       0.91686439
    6       3.94788966
    7       3.99170815
    8       0.87778172
    9       0.86746303
   10       3.90052476
   11       0.88222097
   12       5.27056558
   13       0.76961309
   14       0.73756712

l-shell populations (up)
 Atom Sh.   l       Population
    1   1   0       1.21640330
    1   2   1       2.81005487
    2   1   0       1.18797261
    2   2   1       2.85753814
    3   1   0       0.86840257
    4   1   0       0.89743003
    5   1   0       0.91686439
    6   1   0       1.17547240
    6   2   1       2.77241725
    7   1   0       1.18837088
    7   2   1       2.80333727
    8   1   0       0.87778172
    9   1   0       0.86746303
   10   1   0       1.18026764
   10   2   1       2.72025713
   11   1   0       0.88222097
   12   1   0       1.39723836
   12   2   1       3.87332723
   13   1   0       0.76961309
   14   1   0       0.73756712

Orbital populations (up)
 Atom Sh.   l   m       Population  Label
    1   1   0   0       1.21640330  s
    1   2   1  -1       1.02111156  p_y
    1   2   1   0       0.82277940  p_z
    1   2   1   1       0.96616391  p_x
    2   1   0   0       1.18797261  s
    2   2   1  -1       0.94890483  p_y
    2   2   1   0       0.98860177  p_z
    2   2   1   1       0.92003154  p_x
    3   1   0   0       0.86840257  s
    4   1   0   0       0.89743003  s
    5   1   0   0       0.91686439  s
    6   1   0   0       1.17547240  s
    6   2   1  -1       0.97362478  p_y
    6   2   1   0       0.86289839  p_z
    6   2   1   1       0.93589409  p_x
    7   1   0   0       1.18837088  s
    7   2   1  -1       0.96051676  p_y
    7   2   1   0       0.89271008  p_z
    7   2   1   1       0.95011042  p_x
    8   1   0   0       0.87778172  s
    9   1   0   0       0.86746303  s
   10   1   0   0       1.18026764  s
   10   2   1  -1       0.92861664  p_y
   10   2   1   0       0.91716058  p_z
   10   2   1   1       0.87447990  p_x
   11   1   0   0       0.88222097  s
   12   1   0   0       1.39723836  s
   12   2   1  -1       1.24412121  p_y
   12   2   1   0       1.23624936  p_z
   12   2   1   1       1.39295666  p_x
   13   1   0   0       0.76961309  s
   14   1   0   0       0.73756712  s

Input / Output electrons (q):     32.0000000000

Energy H0:                         -16.2933709946 H         -443.3652 eV
Energy SCC:                          0.1120185767 H            3.0482 eV
Energy SPIN:                        -0.0000000000 H           -0.0000 eV
Energy Fock:                        -0.6648793555 H          -18.0923 eV
Total Electronic energy:           -16.8462317734 H         -458.4093 eV
Repulsive energy:                    0.3688575849 H           10.0371 eV

Excitation Energy:                   0.0000000000 H            0.0000 eV

Total energy:                      -16.4774098713 H         -448.3731 eV

SCC converged

Total Forces
    1      0.000116040164      0.021694746303      0.008598492584
    2     -0.024190719362     -0.011614322573      0.000671352267
    3      0.021948347523      0.012203826328     -0.006036611545
    4     -0.008402304196     -0.018829457946      0.002925394091
    5     -0.010777584766     -0.023367990414      0.007957836259
    6     -0.009952312786      0.019010326067      0.006293309585
    7      0.010316799903      0.009851569179     -0.041256072679
    8     -0.006685845189     -0.016772910545     -0.007160124780
    9     -0.009371467458     -0.008591793832      0.020247866543
   10      0.080437017067      0.019870161878      0.003898533980
   11      0.002005588341     -0.038238770026      0.024986931077
   12     -0.046859106034      0.052339914023      0.013883879654
   13      0.014969071964      0.002271305131     -0.011560152819
   14     -0.013553525170     -0.019826603573     -0.023450634218

Maximal derivative component:        0.804370E-01 au


