REKS do not use any electronic distribution function

Calculation with static geometry

********************************************************************************************
  iSCC       reks energy        Diff energy         x_a       SCC error   
   73      -16.4210086211      -0.0000000000     0.999904    0.00000092
********************************************************************************************

 SA-REKS optimizes the avergaed state, not individual states
 These charges do not mean the charges for individual states
 Similarly to this, the values in band.out file indicate
 the band energies and occupations for the averaged state
 If you want to compute the relaxed density,
 please, set 'RelaxedDensity = Yes' option

 Total charge:     1.00000000

 Atomic gross charges (e)
 Atom           Charge
    1      -0.00997063
    2      -0.03867911
    3       0.09094266
    4       0.13079721
    5       0.10366537
    6       0.09177144
    7      -0.13119580
    8       0.09014963
    9       0.11800104
   10       0.19117604
   11       0.08569617
   12      -0.25041141
   13       0.25942955
   14       0.26862785

Nr. of electrons (up):     32.00000000
Atom populations (up)
 Atom       Population
    1       4.00997063
    2       4.03867911
    3       0.90905734
    4       0.86920279
    5       0.89633463
    6       3.90822856
    7       4.13119580
    8       0.90985037
    9       0.88199896
   10       3.80882396
   11       0.91430383
   12       5.25041141
   13       0.74057045
   14       0.73137215

l-shell populations (up)
 Atom Sh.   l       Population
    1   1   0       1.21815207
    1   2   1       2.79181856
    2   1   0       1.14647727
    2   2   1       2.89220184
    3   1   0       0.90905734
    4   1   0       0.86920279
    5   1   0       0.89633463
    6   1   0       1.17210057
    6   2   1       2.73612799
    7   1   0       1.16862055
    7   2   1       2.96257526
    8   1   0       0.90985037
    9   1   0       0.88199896
   10   1   0       1.13924473
   10   2   1       2.66957923
   11   1   0       0.91430383
   12   1   0       1.42655736
   12   2   1       3.82385405
   13   1   0       0.74057045
   14   1   0       0.73137215

Orbital populations (up)
 Atom Sh.   l   m       Population  Label
    1   1   0   0       1.21815207  s
    1   2   1  -1       0.87046879  p_y
    1   2   1   0       0.99486459  p_z
    1   2   1   1       0.92648518  p_x
    2   1   0   0       1.14647727  s
    2   2   1  -1       0.95461031  p_y
    2   2   1   0       0.94096423  p_z
    2   2   1   1       0.99662730  p_x
    3   1   0   0       0.90905734  s
    4   1   0   0       0.86920279  s
    5   1   0   0       0.89633463  s
    6   1   0   0       1.17210057  s
    6   2   1  -1       0.86366664  p_y
    6   2   1   0       1.00183044  p_z
    6   2   1   1       0.87063092  p_x
    7   1   0   0       1.16862055  s
    7   2   1  -1       1.02289084  p_y
    7   2   1   0       0.97529988  p_z
    7   2   1   1       0.96438453  p_x
    8   1   0   0       0.90985037  s
    9   1   0   0       0.88199896  s
   10   1   0   0       1.13924473  s
   10   2   1  -1       0.82149214  p_y
   10   2   1   0       0.96787878  p_z
   10   2   1   1       0.88020831  p_x
   11   1   0   0       0.91430383  s
   12   1   0   0       1.42655736  s
   12   2   1  -1       1.48216205  p_y
   12   2   1   0       1.14684288  p_z
   12   2   1   1       1.19484913  p_x
   13   1   0   0       0.74057045  s
   14   1   0   0       0.73137215  s

Input / Output electrons (q):     32.0000000000

Energy H0:                         -16.3429581008 H         -444.7145 eV
Energy SCC:                          0.0969910756 H            2.6393 eV
Energy SPIN:                        -0.0000174189 H           -0.0005 eV
Energy Fock:                        -0.6719199169 H          -18.2839 eV
Total Electronic energy:           -16.9179043610 H         -460.3596 eV
Repulsive energy:                    0.4408340749 H           11.9957 eV

Excitation Energy:                   0.0000000000 H            0.0000 eV

Total energy:                      -16.4803913942 H         -448.4543 eV

SCC converged

Total Forces
    1      0.005101853275      0.004352551553      0.035384110558
    2     -0.033086793275     -0.055604149453     -0.041837425449
    3     -0.032210798944     -0.014258075768     -0.011219059917
    4      0.010424909960     -0.005956195914      0.020084144596
    5     -0.008194925435      0.005972504169      0.038275611704
    6      0.107619056940      0.126174705197     -0.051002779149
    7     -0.060487046334     -0.040590478095     -0.088637719035
    8     -0.004941179040     -0.009271620543      0.012270228828
    9     -0.023596809678     -0.005073731872     -0.006097880506
   10      0.023545626722      0.022734209344      0.131365256311
   11     -0.032196485692     -0.009303094646     -0.000416025612
   12     -0.007431116081     -0.031226428565     -0.018526578854
   13      0.011933402750      0.000269965769     -0.026799167150
   14      0.043520304831      0.011779838824      0.007157283677

Maximal derivative component:        0.131365E+00 au


