REKS do not use any electronic distribution function

Calculation with static geometry

********************************************************************************************
  iSCC       reks energy        Diff energy         x_a       SCC error   
   75       -6.2858201148      -0.0000000000     0.999914    0.00000095
********************************************************************************************

 SA-REKS optimizes the avergaed state, not individual states
 These charges do not mean the charges for individual states
 Similarly to this, the values in band.out file indicate
 the band energies and occupations for the averaged state
 If you want to compute the relaxed density,
 please, set 'RelaxedDensity = Yes' option

 Total charge:     1.00000000

 Atomic gross charges (e)
 Atom           Charge
    1       0.13351048
    2      -0.12836283
    3       0.18160465
    4       0.31463458
    5       0.31509801
    6       0.18351511

Nr. of electrons (up):     12.00000000
Atom populations (up)
 Atom       Population
    1       3.86648952
    2       5.12836283
    3       0.81839535
    4       0.68536542
    5       0.68490199
    6       0.81648489

l-shell populations (up)
 Atom Sh.   l       Population
    1   1   0       1.18649189
    1   2   1       2.67999763
    2   1   0       1.38995219
    2   2   1       3.73841063
    3   1   0       0.81839535
    4   1   0       0.68536542
    5   1   0       0.68490199
    6   1   0       0.81648489

Orbital populations (up)
 Atom Sh.   l   m       Population  Label
    1   1   0   0       1.18649189  s
    1   2   1  -1       0.86154473  p_y
    1   2   1   0       0.89405852  p_z
    1   2   1   1       0.92439437  p_x
    2   1   0   0       1.38995219  s
    2   2   1  -1       1.08284009  p_y
    2   2   1   0       1.13400304  p_z
    2   2   1   1       1.52156750  p_x
    3   1   0   0       0.81839535  s
    4   1   0   0       0.68536542  s
    5   1   0   0       0.68490199  s
    6   1   0   0       0.81648489  s

Input / Output electrons (q):     12.0000000000

Energy H0:                          -6.5102642455 H         -177.1533 eV
Energy SCC:                          0.1336730064 H            3.6374 eV
Energy SPIN:                        -0.0000438743 H           -0.0012 eV
Energy Fock:                        -0.2079495352 H           -5.6586 eV
Total Electronic energy:            -6.5845846488 H         -179.1757 eV
Repulsive energy:                    0.1785121949 H            4.8576 eV

Excitation Energy:                   0.0000000000 H            0.0000 eV

Total energy:                       -6.4068534357 H         -174.3394 eV

SCC converged

Total Forces
    1     -0.005916571340     -0.004733296530      0.029968455043
    2      0.015557901156     -0.001210839088     -0.030329910134
    3     -0.014004008717     -0.003812941459     -0.008670608325
    4     -0.021136318744     -0.000593524471      0.007775144976
    5      0.011175706673      0.005893538788      0.005016108262
    6      0.014323290972      0.004457062761     -0.003759189822

Maximal derivative component:        0.303299E-01 au


