REKS do not use any electronic distribution function

Calculation with static geometry

********************************************************************************************
  iSCC       reks energy        Diff energy         x_a       SCC error   
   74      -16.4169734815      -0.0000000000     0.999992    0.00000093
********************************************************************************************

 SA-REKS optimizes the avergaed state, not individual states
 These charges do not mean the charges for individual states
 Similarly to this, the values in band.out file indicate
 the band energies and occupations for the averaged state
 If you want to compute the relaxed density,
 please, set 'RelaxedDensity = Yes' option

 Total charge:     1.00000000

 Atomic gross charges (e)
 Atom           Charge
    1      -0.00020917
    2      -0.03060548
    3       0.09411430
    4       0.13051070
    5       0.09408075
    6       0.03811502
    7      -0.12119370
    8       0.09715549
    9       0.12992529
   10       0.17890261
   11       0.10943773
   12      -0.23451099
   13       0.25112393
   14       0.26315352

Nr. of electrons (up):     32.00000000
Atom populations (up)
 Atom       Population
    1       4.00020917
    2       4.03060548
    3       0.90588570
    4       0.86948930
    5       0.90591925
    6       3.96188498
    7       4.12119370
    8       0.90284451
    9       0.87007471
   10       3.82109739
   11       0.89056227
   12       5.23451099
   13       0.74887607
   14       0.73684648

l-shell populations (up)
 Atom Sh.   l       Population
    1   1   0       1.21091357
    1   2   1       2.78929560
    2   1   0       1.20547313
    2   2   1       2.82513234
    3   1   0       0.90588570
    4   1   0       0.86948930
    5   1   0       0.90591925
    6   1   0       1.21173309
    6   2   1       2.75015189
    7   1   0       1.19689319
    7   2   1       2.92430051
    8   1   0       0.90284451
    9   1   0       0.87007471
   10   1   0       1.16760368
   10   2   1       2.65349371
   11   1   0       0.89056227
   12   1   0       1.43315981
   12   2   1       3.80135118
   13   1   0       0.74887607
   14   1   0       0.73684648

Orbital populations (up)
 Atom Sh.   l   m       Population  Label
    1   1   0   0       1.21091357  s
    1   2   1  -1       0.88175442  p_y
    1   2   1   0       1.01476036  p_z
    1   2   1   1       0.89278082  p_x
    2   1   0   0       1.20547313  s
    2   2   1  -1       0.94237849  p_y
    2   2   1   0       0.95652532  p_z
    2   2   1   1       0.92622854  p_x
    3   1   0   0       0.90588570  s
    4   1   0   0       0.86948930  s
    5   1   0   0       0.90591925  s
    6   1   0   0       1.21173309  s
    6   2   1  -1       0.82708262  p_y
    6   2   1   0       1.01675298  p_z
    6   2   1   1       0.90631630  p_x
    7   1   0   0       1.19689319  s
    7   2   1  -1       1.00257055  p_y
    7   2   1   0       0.96363837  p_z
    7   2   1   1       0.95809159  p_x
    8   1   0   0       0.90284451  s
    9   1   0   0       0.87007471  s
   10   1   0   0       1.16760368  s
   10   2   1  -1       0.87972231  p_y
   10   2   1   0       0.89849342  p_z
   10   2   1   1       0.87527799  p_x
   11   1   0   0       0.89056227  s
   12   1   0   0       1.43315981  s
   12   2   1  -1       1.35640914  p_y
   12   2   1   0       1.31400124  p_z
   12   2   1   1       1.13094079  p_x
   13   1   0   0       0.74887607  s
   14   1   0   0       0.73684648  s

Input / Output electrons (q):     32.0000000000

Energy H0:                         -16.2947137767 H         -443.4017 eV
Energy SCC:                          0.1003407142 H            2.7304 eV
Energy SPIN:                        -0.0000017690 H           -0.0000 eV
Energy Fock:                        -0.6523495458 H          -17.7513 eV
Total Electronic energy:           -16.8467243773 H         -458.4227 eV
Repulsive energy:                    0.3656688363 H            9.9504 eV

Excitation Energy:                   0.0000000000 H            0.0000 eV

Total energy:                      -16.4812469495 H         -448.4775 eV

SCC converged

Total Forces
    1      0.034126428403      0.039976305949     -0.059348529695
    2      0.038931760560      0.004326019670      0.010068867899
    3      0.010451217623     -0.002543157813      0.016895247701
    4     -0.015122460686     -0.011263455425      0.032511931834
    5      0.001146828210      0.003506864378     -0.031888396117
    6     -0.038808975109     -0.046078055198      0.066812377855
    7     -0.061452105793      0.059797674404      0.056480427953
    8     -0.008820892958     -0.003157333768     -0.047163426613
    9      0.025244781334     -0.005924191087     -0.004243777859
   10      0.055019963253     -0.052550241231     -0.097045990520
   11     -0.009433977278      0.002183946788      0.017390858170
   12     -0.031844070826     -0.013900609312      0.066447128038
   13      0.020906302822     -0.005464490982     -0.035302877427
   14     -0.020344799557      0.031090723626      0.008386158780

Maximal derivative component:        0.970460E-01 au


