 Fermi distribution function

Calculation with static geometry


********************************************************************************
 iSCC Total electronic   Diff electronic      SCC error    
   13   -0.52981171E+01   -0.19223734E-10    0.11176320E-06
********************************************************************************

 Total charge:     1.00000000

 Atomic gross charges (e)
 Atom           Charge
    1       0.31799514
    2      -0.20547221
    3       0.18088825
    4       0.28264345
    5       0.25938054
    6       0.16456482

Nr. of electrons (up):     12.00000000
Atom populations (up)
 Atom       Population
    1       3.68200486
    2       5.20547221
    3       0.81911175
    4       0.71735655
    5       0.74061946
    6       0.83543518

l-shell populations (up)
 Atom Sh.   l       Population
    1   1   0       1.37517804
    1   2   1       2.30682681
    2   1   0       1.49858982
    2   2   1       3.70688239
    3   1   0       0.81911175
    4   1   0       0.71735655
    5   1   0       0.74061946
    6   1   0       0.83543518

Orbital populations (up)
 Atom Sh.   l   m       Population  Label
    1   1   0   0       1.37517804  s
    1   2   1  -1       0.44775099  p_y
    1   2   1   0       0.88306487  p_z
    1   2   1   1       0.97601095  p_x
    2   1   0   0       1.49858982  s
    2   2   1  -1       1.30377969  p_y
    2   2   1   0       1.12011991  p_z
    2   2   1   1       1.28298280  p_x
    3   1   0   0       0.81911175  s
    4   1   0   0       0.71735655  s
    5   1   0   0       0.74061946  s
    6   1   0   0       0.83543518  s

Fermi level:                        -0.5096153004 H          -13.8673 eV
Band energy:                        -8.7258340801 H         -237.4420 eV
TS:                                  0.0000000000 H            0.0000 eV
Band free energy (E-TS):            -8.7258340801 H         -237.4420 eV
Extrapolated E(0K):                 -8.7258340801 H         -237.4420 eV
Input / Output electrons (q):     12.0000000000     12.0000000000

Energy H0:                          -5.4348832888 H         -147.8907 eV
Energy SCC:                          0.1367661531 H            3.7216 eV
Total Electronic energy:            -5.2981171357 H         -144.1691 eV
Repulsive energy:                    0.1449904390 H            3.9454 eV
Total energy:                       -5.1531266967 H         -140.2237 eV
Extrapolated to 0:                  -5.1531266967 H         -140.2237 eV
Total Mermin free energy:           -5.1531266967 H         -140.2237 eV
Force related energy:               -5.1531266967 H         -140.2237 eV

SCC converged

Excitation Energy:                   0.0939925396 H            2.5577 eV

Total Forces
    1     -0.006676273079     -0.006764614655      0.068819389735
    2      0.004116789825     -0.008991978117     -0.074072161760
    3     -0.002350883112      0.014548868802      0.002557044811
    4     -0.012107579215     -0.004634448163      0.003206481855
    5      0.010122949392      0.014506403716      0.000718609487
    6      0.006894996189     -0.008664231583     -0.001229364129

Maximal derivative component:        0.740722E-01 au


