REKS do not use any electronic distribution function

Calculation with static geometry

********************************************************************************************
  iSCC       reks energy        Diff energy         x_a       SCC error   
   56       -6.2854128265      -0.0000000000     0.999956    0.00000091
********************************************************************************************

 SA-REKS optimizes the avergaed state, not individual states
 These charges do not mean the charges for individual states
 Similarly to this, the values in band.out file indicate
 the band energies and occupations for the averaged state
 If you want to compute the relaxed density,
 please, set 'RelaxedDensity = Yes' option

 Total charge:     1.00000000

 Atomic gross charges (e)
 Atom           Charge
    1       0.11030168
    2      -0.11327928
    3       0.19161671
    4       0.31130258
    5       0.31236670
    6       0.18769161

Nr. of electrons (up):     12.00000000
Atom populations (up)
 Atom       Population
    1       3.88969832
    2       5.11327928
    3       0.80838329
    4       0.68869742
    5       0.68763330
    6       0.81230839

l-shell populations (up)
 Atom Sh.   l       Population
    1   1   0       1.18383568
    1   2   1       2.70586265
    2   1   0       1.38304840
    2   2   1       3.73023088
    3   1   0       0.80838329
    4   1   0       0.68869742
    5   1   0       0.68763330
    6   1   0       0.81230839

Orbital populations (up)
 Atom Sh.   l   m       Population  Label
    1   1   0   0       1.18383568  s
    1   2   1  -1       0.84997935  p_y
    1   2   1   0       0.89581479  p_z
    1   2   1   1       0.96006851  p_x
    2   1   0   0       1.38304840  s
    2   2   1  -1       1.08603280  p_y
    2   2   1   0       1.12862425  p_z
    2   2   1   1       1.51557383  p_x
    3   1   0   0       0.80838329  s
    4   1   0   0       0.68869742  s
    5   1   0   0       0.68763330  s
    6   1   0   0       0.81230839  s

Input / Output electrons (q):     12.0000000000

Energy H0:                          -6.5223987527 H         -177.4835 eV
Energy SCC:                          0.1347081457 H            3.6656 eV
Energy SPIN:                        -0.0000244194 H           -0.0007 eV
Energy Fock:                        -0.2084685164 H           -5.6727 eV
Total Electronic energy:            -6.5961835427 H         -179.4913 eV
Repulsive energy:                    0.1836080228 H            4.9962 eV

Excitation Energy:                   0.0000000000 H            0.0000 eV

Total energy:                       -6.4127815620 H         -174.5007 eV

SCC converged

Total Forces
    1      0.001389334185      0.005340903990      0.004378941522
    2     -0.005025962087      0.000978854094     -0.004060529022
    3     -0.011332802221      0.002369461130      0.000343565993
    4     -0.009666983088     -0.005092647015      0.003644833166
    5      0.013195685726     -0.000217543882      0.003650607920
    6      0.011440727484     -0.003379028317     -0.007957419579

Maximal derivative component:        0.131957E-01 au


