 KPT            1  SPIN            1  KWEIGHT    1.0000000000000000     
     1   -29.708  2.00000
     2   -27.155  2.00000
     3   -25.353  2.00000
     4   -23.452  2.00000
     5   -21.075  2.00000
     6   -20.436  2.00000
     7   -19.507  2.00000
     8   -18.716  2.00000
     9   -17.818  2.00000
    10   -17.586  2.00000
    11   -17.043  2.00000
    12   -16.362  2.00000
    13   -15.940  2.00000
    14   -15.513  2.00000
    15   -14.841  2.00000
    16   -13.773  1.49992
    17   -10.631  0.50008
    18    -3.380  0.00000
    19    -1.468  0.00000
    20     6.543  0.00000
    21     9.633  0.00000
    22    11.649  0.00000
    23    12.418  0.00000
    24    14.837  0.00000
    25    17.461  0.00000
    26    19.116  0.00000
    27    20.761  0.00000
    28    21.415  0.00000
    29    26.901  0.00000
    30    28.303  0.00000
    31    31.577  0.00000
    32    43.052  0.00000

