REKS do not use any electronic distribution function

Calculation with static geometry

********************************************************************************************
  iSCC       reks energy        Diff energy         x_a       SCC error   
   69      -16.4532920811      -0.0000000000     0.999920    0.00000096
********************************************************************************************

 SA-REKS optimizes the avergaed state, not individual states
 These charges do not mean the charges for individual states
 Similarly to this, the values in band.out file indicate
 the band energies and occupations for the averaged state
 If you want to compute the relaxed density,
 please, set 'RelaxedDensity = Yes' option

 Total charge:     1.00000000

 Atomic gross charges (e)
 Atom           Charge
    1      -0.01816353
    2      -0.02539925
    3       0.10602738
    4       0.11194079
    5       0.09987542
    6       0.07353956
    7      -0.14485689
    8       0.09397937
    9       0.09973635
   10       0.20058979
   11       0.10934500
   12      -0.22893938
   13       0.25809173
   14       0.26423364

Nr. of electrons (up):     32.00000000
Atom populations (up)
 Atom       Population
    1       4.01816353
    2       4.02539925
    3       0.89397262
    4       0.88805921
    5       0.90012458
    6       3.92646044
    7       4.14485689
    8       0.90602063
    9       0.90026365
   10       3.79941021
   11       0.89065500
   12       5.22893938
   13       0.74190827
   14       0.73576636

l-shell populations (up)
 Atom Sh.   l       Population
    1   1   0       1.19828990
    1   2   1       2.81987362
    2   1   0       1.15779067
    2   2   1       2.86760858
    3   1   0       0.89397262
    4   1   0       0.88805921
    5   1   0       0.90012458
    6   1   0       1.20058722
    6   2   1       2.72587322
    7   1   0       1.19970069
    7   2   1       2.94515620
    8   1   0       0.90602063
    9   1   0       0.90026365
   10   1   0       1.13557420
   10   2   1       2.66383601
   11   1   0       0.89065500
   12   1   0       1.40566425
   12   2   1       3.82327513
   13   1   0       0.74190827
   14   1   0       0.73576636

Orbital populations (up)
 Atom Sh.   l   m       Population  Label
    1   1   0   0       1.19828990  s
    1   2   1  -1       0.87037033  p_y
    1   2   1   0       0.98988860  p_z
    1   2   1   1       0.95961469  p_x
    2   1   0   0       1.15779067  s
    2   2   1  -1       0.94488757  p_y
    2   2   1   0       0.99133277  p_z
    2   2   1   1       0.93138823  p_x
    3   1   0   0       0.89397262  s
    4   1   0   0       0.88805921  s
    5   1   0   0       0.90012458  s
    6   1   0   0       1.20058722  s
    6   2   1  -1       0.84652067  p_y
    6   2   1   0       0.95495028  p_z
    6   2   1   1       0.92440227  p_x
    7   1   0   0       1.19970069  s
    7   2   1  -1       1.01528272  p_y
    7   2   1   0       0.97701455  p_z
    7   2   1   1       0.95285893  p_x
    8   1   0   0       0.90602063  s
    9   1   0   0       0.90026365  s
   10   1   0   0       1.13557420  s
   10   2   1  -1       0.90109379  p_y
   10   2   1   0       0.88444346  p_z
   10   2   1   1       0.87829876  p_x
   11   1   0   0       0.89065500  s
   12   1   0   0       1.40566425  s
   12   2   1  -1       1.26838865  p_y
   12   2   1   0       1.17345101  p_z
   12   2   1   1       1.38143547  p_x
   13   1   0   0       0.74190827  s
   14   1   0   0       0.73576636  s

Input / Output electrons (q):     32.0000000000

Energy H0:                         -16.3493066256 H         -444.8873 eV
Energy SCC:                          0.0958731980 H            2.6088 eV
Energy SPIN:                        -0.0000140550 H           -0.0004 eV
Energy Fock:                        -0.6567068852 H          -17.8699 eV
Total Electronic energy:           -16.9101543678 H         -460.1487 eV
Repulsive energy:                    0.3987320135 H           10.8501 eV

Excitation Energy:                   0.0000000000 H            0.0000 eV

Total energy:                      -16.5155250266 H         -449.4103 eV

SCC converged

Total Forces
    1     -0.065193393889      0.005223615291     -0.027005028568
    2      0.047610404139      0.031000728265      0.044904540384
    3      0.008289148065     -0.004757875432     -0.009406237364
    4      0.015459424615     -0.007405507605     -0.000988258622
    5      0.001405936933     -0.008278647224     -0.007222152536
    6      0.037530767934      0.016171202250      0.062387770134
    7     -0.049792844464     -0.043272691440      0.000687865356
    8     -0.006411516787      0.004733415278      0.003532084825
    9      0.024322520003      0.007250158881     -0.047030516012
   10     -0.052681350961     -0.068370450409     -0.092181323778
   11      0.023155943874      0.043215046781      0.052707207903
   12      0.018568941778      0.036833956033      0.018139206938
   13     -0.002108415136     -0.035319781208     -0.021749452146
   14     -0.000155566104      0.022976830539      0.023224293487

Maximal derivative component:        0.921813E-01 au


