 Fermi distribution function

Calculation with static geometry


********************************************************************************
 iSCC Total electronic   Diff electronic      SCC error    
    9   -0.54157846E+01   -0.39040771E-10    0.90038316E-06
********************************************************************************

 Total charge:     1.00000000

 Atomic gross charges (e)
 Atom           Charge
    1       0.20194294
    2      -0.08908675
    3       0.15822540
    4       0.28386956
    5       0.27367699
    6       0.17137185

Nr. of electrons (up):     12.00000000
Atom populations (up)
 Atom       Population
    1       3.79805706
    2       5.08908675
    3       0.84177460
    4       0.71613044
    5       0.72632301
    6       0.82862815

l-shell populations (up)
 Atom Sh.   l       Population
    1   1   0       1.31553118
    1   2   1       2.48252588
    2   1   0       1.42465632
    2   2   1       3.66443043
    3   1   0       0.84177460
    4   1   0       0.71613044
    5   1   0       0.72632301
    6   1   0       0.82862815

Orbital populations (up)
 Atom Sh.   l   m       Population  Label
    1   1   0   0       1.31553118  s
    1   2   1  -1       0.59369952  p_y
    1   2   1   0       0.87702397  p_z
    1   2   1   1       1.01180239  p_x
    2   1   0   0       1.42465632  s
    2   2   1  -1       1.38820343  p_y
    2   2   1   0       1.08819087  p_z
    2   2   1   1       1.18803613  p_x
    3   1   0   0       0.84177460  s
    4   1   0   0       0.71613044  s
    5   1   0   0       0.72632301  s
    6   1   0   0       0.82862815  s

Fermi level:                        -0.4893885215 H          -13.3169 eV
Band energy:                        -8.9026158290 H         -242.2525 eV
TS:                                  0.0000000000 H            0.0000 eV
Band free energy (E-TS):            -8.9026158290 H         -242.2525 eV
Extrapolated E(0K):                 -8.9026158290 H         -242.2525 eV
Input / Output electrons (q):     12.0000000000     12.0000000000

Energy H0:                          -5.5480215560 H         -150.9693 eV
Energy SCC:                          0.1322369115 H            3.5983 eV
Total Electronic energy:            -5.4157846445 H         -147.3710 eV
Repulsive energy:                    0.1801015602 H            4.9008 eV
Total energy:                       -5.2356830843 H         -142.4702 eV
Extrapolated to 0:                  -5.2356830843 H         -142.4702 eV
Total Mermin free energy:           -5.2356830843 H         -142.4702 eV
Force related energy:               -5.2356830843 H         -142.4702 eV

SCC converged

Excitation Energy:                   0.1571412999 H            4.2760 eV

Total Forces
    1     -0.002172806194     -0.005137673840      0.041642334798
    2     -0.008033970078      0.004227510193     -0.055531373481
    3     -0.008697218749     -0.006953364110      0.002562107603
    4     -0.007589004984      0.008437059832      0.005383881589
    5      0.014939110376     -0.008286416299      0.001701133957
    6      0.011553889629      0.007712884225      0.004241915534

Maximal derivative component:        0.555314E-01 au


