REKS do not use any electronic distribution function

Calculation with static geometry

********************************************************************************************
  iSCC       reks energy        Diff energy         x_a       SCC error   
   38       -6.2822732934      -0.0000000000     0.999979    0.00000079
********************************************************************************************

 SA-REKS optimizes the avergaed state, not individual states
 These charges do not mean the charges for individual states
 Similarly to this, the values in band.out file indicate
 the band energies and occupations for the averaged state
 If you want to compute the relaxed density,
 please, set 'RelaxedDensity = Yes' option

 Total charge:     1.00000000

 Atomic gross charges (e)
 Atom           Charge
    1       0.09840012
    2      -0.09638517
    3       0.19385390
    4       0.30756152
    5       0.30978216
    6       0.18678747

Nr. of electrons (up):     12.00000000
Atom populations (up)
 Atom       Population
    1       3.90159988
    2       5.09638517
    3       0.80614610
    4       0.69243848
    5       0.69021784
    6       0.81321253

l-shell populations (up)
 Atom Sh.   l       Population
    1   1   0       1.17057766
    1   2   1       2.73102222
    2   1   0       1.37897066
    2   2   1       3.71741452
    3   1   0       0.80614610
    4   1   0       0.69243848
    5   1   0       0.69021784
    6   1   0       0.81321253

Orbital populations (up)
 Atom Sh.   l   m       Population  Label
    1   1   0   0       1.17057766  s
    1   2   1  -1       0.85599433  p_y
    1   2   1   0       0.89178377  p_z
    1   2   1   1       0.98324412  p_x
    2   1   0   0       1.37897066  s
    2   2   1  -1       1.10191255  p_y
    2   2   1   0       1.12017147  p_z
    2   2   1   1       1.49533049  p_x
    3   1   0   0       0.80614610  s
    4   1   0   0       0.69243848  s
    5   1   0   0       0.69021784  s
    6   1   0   0       0.81321253  s

Input / Output electrons (q):     12.0000000000

Energy H0:                          -6.5369250189 H         -177.8788 eV
Energy SCC:                          0.1360770745 H            3.7028 eV
Energy SPIN:                        -0.0000121341 H           -0.0003 eV
Energy Fock:                        -0.2096761573 H           -5.7056 eV
Total Electronic energy:            -6.6105362358 H         -179.8818 eV
Repulsive energy:                    0.1962787019 H            5.3410 eV

Excitation Energy:                   0.0000000000 H            0.0000 eV

Total energy:                       -6.4142576813 H         -174.5408 eV

SCC converged

Total Forces
    1      0.008659956129      0.012611393262     -0.039888107669
    2     -0.027269604432      0.005650604687      0.053047914712
    3     -0.000999849760     -0.003238500624      0.006095483666
    4      0.010710873975     -0.007738235218     -0.007082196556
    5      0.009268169918     -0.004754225988     -0.007218302946
    6     -0.000369545830     -0.002531036120     -0.004954791206

Maximal derivative component:        0.530479E-01 au


