REKS do not use any electronic distribution function

Calculation with static geometry

********************************************************************************************
  iSCC       reks energy        Diff energy         x_a       SCC error   
   42       -6.2871781480      -0.0000000000     0.999974    0.00000099
********************************************************************************************

 SA-REKS optimizes the avergaed state, not individual states
 These charges do not mean the charges for individual states
 Similarly to this, the values in band.out file indicate
 the band energies and occupations for the averaged state
 If you want to compute the relaxed density,
 please, set 'RelaxedDensity = Yes' option

 Total charge:     1.00000000

 Atomic gross charges (e)
 Atom           Charge
    1       0.10187876
    2      -0.10110480
    3       0.18991901
    4       0.30843512
    5       0.31008591
    6       0.19078600

Nr. of electrons (up):     12.00000000
Atom populations (up)
 Atom       Population
    1       3.89812124
    2       5.10110480
    3       0.81008099
    4       0.69156488
    5       0.68991409
    6       0.80921400

l-shell populations (up)
 Atom Sh.   l       Population
    1   1   0       1.17231619
    1   2   1       2.72580505
    2   1   0       1.37842771
    2   2   1       3.72267709
    3   1   0       0.81008099
    4   1   0       0.69156488
    5   1   0       0.68991409
    6   1   0       0.80921400

Orbital populations (up)
 Atom Sh.   l   m       Population  Label
    1   1   0   0       1.17231619  s
    1   2   1  -1       0.98600369  p_y
    1   2   1   0       0.88272777  p_z
    1   2   1   1       0.85707359  p_x
    2   1   0   0       1.37842771  s
    2   2   1  -1       1.50796890  p_y
    2   2   1   0       1.11487241  p_z
    2   2   1   1       1.09983578  p_x
    3   1   0   0       0.81008099  s
    4   1   0   0       0.69156488  s
    5   1   0   0       0.68991409  s
    6   1   0   0       0.80921400  s

Input / Output electrons (q):     12.0000000000

Energy H0:                          -6.5353301239 H         -177.8354 eV
Energy SCC:                          0.1357360313 H            3.6936 eV
Energy SPIN:                        -0.0000151551 H           -0.0004 eV
Energy Fock:                        -0.2077157951 H           -5.6522 eV
Total Electronic energy:            -6.6073250427 H         -179.7945 eV
Repulsive energy:                    0.1889707378 H            5.1422 eV

Excitation Energy:                   0.0000000000 H            0.0000 eV

Total energy:                       -6.4183613081 H         -174.6525 eV

SCC converged

Total Forces
    1     -0.001514431573      0.001359025193     -0.009561224812
    2     -0.003429786783     -0.006966517146      0.008709695849
    3      0.004574324405      0.002353414498      0.003425836926
    4      0.002486620727     -0.000321024710     -0.001865364988
    5      0.001242160696      0.005667482671     -0.005990764318
    6     -0.003358887472     -0.002092380506      0.005281821343

Maximal derivative component:        0.956122E-02 au


