 Fermi distribution function

Calculation with static geometry


********************************************************************************
 iSCC Total electronic   Diff electronic      SCC error    
   13   -0.52606683E+01   -0.11555557E-09    0.36557712E-06
********************************************************************************

 Total charge:     1.00000000

 Atomic gross charges (e)
 Atom           Charge
    1       0.29914520
    2      -0.19127646
    3       0.18334634
    4       0.26141297
    5       0.26214457
    6       0.18522737

Nr. of electrons (up):     12.00000000
Atom populations (up)
 Atom       Population
    1       3.70085480
    2       5.19127646
    3       0.81665366
    4       0.73858703
    5       0.73785543
    6       0.81477263

l-shell populations (up)
 Atom Sh.   l       Population
    1   1   0       1.42110667
    1   2   1       2.27974813
    2   1   0       1.53472570
    2   2   1       3.65655076
    3   1   0       0.81665366
    4   1   0       0.73858703
    5   1   0       0.73785543
    6   1   0       0.81477263

Orbital populations (up)
 Atom Sh.   l   m       Population  Label
    1   1   0   0       1.42110667  s
    1   2   1  -1       0.40305303  p_y
    1   2   1   0       0.85904679  p_z
    1   2   1   1       1.01764830  p_x
    2   1   0   0       1.53472570  s
    2   2   1  -1       1.41562145  p_y
    2   2   1   0       1.07451655  p_z
    2   2   1   1       1.16641275  p_x
    3   1   0   0       0.81665366  s
    4   1   0   0       0.73858703  s
    5   1   0   0       0.73785543  s
    6   1   0   0       0.81477263  s

Fermi level:                        -0.5130124347 H          -13.9598 eV
Band energy:                        -8.6071448864 H         -234.2123 eV
TS:                                  0.0000000000 H            0.0000 eV
Band free energy (E-TS):            -8.6071448864 H         -234.2123 eV
Extrapolated E(0K):                 -8.6071448864 H         -234.2123 eV
Input / Output electrons (q):     12.0000000000     12.0000000000

Energy H0:                          -5.3948270561 H         -146.8007 eV
Energy SCC:                          0.1341587827 H            3.6506 eV
Total Electronic energy:            -5.2606682734 H         -143.1501 eV
Repulsive energy:                    0.1290699905 H            3.5122 eV
Total energy:                       -5.1315982830 H         -139.6379 eV
Extrapolated to 0:                  -5.1315982830 H         -139.6379 eV
Total Mermin free energy:           -5.1315982830 H         -139.6379 eV
Force related energy:               -5.1315982830 H         -139.6379 eV

SCC converged

Excitation Energy:                   0.1102577941 H            3.0003 eV

Total Forces
    1     -0.014202734992      0.005291305835      0.007695514334
    2     -0.025776710086     -0.009823286091      0.000240402700
    3      0.009325276730     -0.001407186416     -0.003995663832
    4      0.005616628879     -0.005162448334     -0.000454405602
    5      0.018440459860      0.014022627397     -0.009835144639
    6      0.006597079608     -0.002921012390      0.006349297039

Maximal derivative component:        0.257767E-01 au


