REKS do not use any electronic distribution function

Calculation with static geometry

********************************************************************************************
  iSCC       reks energy        Diff energy         x_a       SCC error   
   39       -6.2845649263      -0.0000000000     0.999980    0.00000079
********************************************************************************************

 SA-REKS optimizes the avergaed state, not individual states
 These charges do not mean the charges for individual states
 Similarly to this, the values in band.out file indicate
 the band energies and occupations for the averaged state
 If you want to compute the relaxed density,
 please, set 'RelaxedDensity = Yes' option

 Total charge:     1.00000000

 Atomic gross charges (e)
 Atom           Charge
    1       0.09497141
    2      -0.09605745
    3       0.19075238
    4       0.30966228
    5       0.30894591
    6       0.19172546

Nr. of electrons (up):     12.00000000
Atom populations (up)
 Atom       Population
    1       3.90502859
    2       5.09605745
    3       0.80924762
    4       0.69033772
    5       0.69105409
    6       0.80827454

l-shell populations (up)
 Atom Sh.   l       Population
    1   1   0       1.17090415
    1   2   1       2.73412445
    2   1   0       1.37636076
    2   2   1       3.71969669
    3   1   0       0.80924762
    4   1   0       0.69033772
    5   1   0       0.69105409
    6   1   0       0.80827454

Orbital populations (up)
 Atom Sh.   l   m       Population  Label
    1   1   0   0       1.17090415  s
    1   2   1  -1       0.85309076  p_y
    1   2   1   0       0.89120223  p_z
    1   2   1   1       0.98983146  p_x
    2   1   0   0       1.37636076  s
    2   2   1  -1       1.10218489  p_y
    2   2   1   0       1.11415963  p_z
    2   2   1   1       1.50335217  p_x
    3   1   0   0       0.80924762  s
    4   1   0   0       0.69033772  s
    5   1   0   0       0.69105409  s
    6   1   0   0       0.80827454  s

Input / Output electrons (q):     12.0000000000

Energy H0:                          -6.5389415230 H         -177.9337 eV
Energy SCC:                          0.1359379842 H            3.6991 eV
Energy SPIN:                        -0.0000117467 H           -0.0003 eV
Energy Fock:                        -0.2089861929 H           -5.6868 eV
Total Electronic energy:            -6.6120014784 H         -179.9217 eV
Repulsive energy:                    0.1939414689 H            5.2774 eV

Excitation Energy:                   0.0000000000 H            0.0000 eV

Total energy:                       -6.4180706665 H         -174.6446 eV

SCC converged

Total Forces
    1     -0.000719097927      0.000802438393     -0.035450027872
    2      0.003064669511     -0.002209582484      0.045614635430
    3      0.003138973018      0.001432641027      0.001381137180
    4      0.002672772086     -0.002767515984     -0.008101030387
    5     -0.005032584488      0.003886482478     -0.006413273749
    6     -0.003124732201     -0.001144463429      0.002968559398

Maximal derivative component:        0.456146E-01 au


