REKS do not use any electronic distribution function

Calculation with static geometry

********************************************************************************************
  iSCC       reks energy        Diff energy         x_a       SCC error   
   42       -6.2869749631      -0.0000000000     0.999975    0.00000099
********************************************************************************************

 SA-REKS optimizes the avergaed state, not individual states
 These charges do not mean the charges for individual states
 Similarly to this, the values in band.out file indicate
 the band energies and occupations for the averaged state
 If you want to compute the relaxed density,
 please, set 'RelaxedDensity = Yes' option

 Total charge:     1.00000000

 Atomic gross charges (e)
 Atom           Charge
    1       0.10092586
    2      -0.10010083
    3       0.19096412
    4       0.30850605
    5       0.30966909
    6       0.19003572

Nr. of electrons (up):     12.00000000
Atom populations (up)
 Atom       Population
    1       3.89907414
    2       5.10010083
    3       0.80903588
    4       0.69149395
    5       0.69033091
    6       0.80996428

l-shell populations (up)
 Atom Sh.   l       Population
    1   1   0       1.17239562
    1   2   1       2.72667852
    2   1   0       1.37750288
    2   2   1       3.72259795
    3   1   0       0.80903588
    4   1   0       0.69149395
    5   1   0       0.69033091
    6   1   0       0.80996428

Orbital populations (up)
 Atom Sh.   l   m       Population  Label
    1   1   0   0       1.17239562  s
    1   2   1  -1       0.85578349  p_y
    1   2   1   0       0.88395107  p_z
    1   2   1   1       0.98694396  p_x
    2   1   0   0       1.37750288  s
    2   2   1  -1       1.09969801  p_y
    2   2   1   0       1.11212416  p_z
    2   2   1   1       1.51077577  p_x
    3   1   0   0       0.80903588  s
    4   1   0   0       0.69149395  s
    5   1   0   0       0.69033091  s
    6   1   0   0       0.80996428  s

Input / Output electrons (q):     12.0000000000

Energy H0:                          -6.5359062764 H         -177.8511 eV
Energy SCC:                          0.1357822551 H            3.6948 eV
Energy SPIN:                        -0.0000147486 H           -0.0004 eV
Energy Fock:                        -0.2078915049 H           -5.6570 eV
Total Electronic energy:            -6.6080302747 H         -179.8137 eV
Repulsive energy:                    0.1895871452 H            5.1589 eV

Excitation Energy:                   0.0000000000 H            0.0000 eV

Total energy:                       -6.4184524003 H         -174.6550 eV

SCC converged

Total Forces
    1      0.000860701857      0.003420994504     -0.013998276762
    2     -0.003478533063     -0.005756225148      0.012814027079
    3     -0.002722665159     -0.003497246351      0.005359326445
    4     -0.001970406532      0.002725358676     -0.002414230619
    5      0.004542250885      0.001368832518     -0.005598895392
    6      0.002768652013      0.001738285801      0.003838049249

Maximal derivative component:        0.139983E-01 au


