REKS do not use any electronic distribution function

Calculation with static geometry

********************************************************************************************
  iSCC       reks energy        Diff energy         x_a       SCC error   
   44       -6.2868054233      -0.0000000000     0.999966    0.00000094
********************************************************************************************

 SA-REKS optimizes the avergaed state, not individual states
 These charges do not mean the charges for individual states
 Similarly to this, the values in band.out file indicate
 the band energies and occupations for the averaged state
 If you want to compute the relaxed density,
 please, set 'RelaxedDensity = Yes' option

 Total charge:     1.00000000

 Atomic gross charges (e)
 Atom           Charge
    1       0.11263675
    2      -0.11032789
    3       0.19237639
    4       0.30824034
    5       0.31083160
    6       0.18624282

Nr. of electrons (up):     12.00000000
Atom populations (up)
 Atom       Population
    1       3.88736325
    2       5.11032789
    3       0.80762361
    4       0.69175966
    5       0.68916840
    6       0.81375718

l-shell populations (up)
 Atom Sh.   l       Population
    1   1   0       1.18123229
    1   2   1       2.70613095
    2   1   0       1.38817683
    2   2   1       3.72215106
    3   1   0       0.80762361
    4   1   0       0.69175966
    5   1   0       0.68916840
    6   1   0       0.81375718

Orbital populations (up)
 Atom Sh.   l   m       Population  Label
    1   1   0   0       1.18123229  s
    1   2   1  -1       0.85654003  p_y
    1   2   1   0       0.88707047  p_z
    1   2   1   1       0.96252046  p_x
    2   1   0   0       1.38817683  s
    2   2   1  -1       1.09789468  p_y
    2   2   1   0       1.11912880  p_z
    2   2   1   1       1.50512759  p_x
    3   1   0   0       0.80762361  s
    4   1   0   0       0.69175966  s
    5   1   0   0       0.68916840  s
    6   1   0   0       0.81375718  s

Input / Output electrons (q):     12.0000000000

Energy H0:                          -6.5188179959 H         -177.3861 eV
Energy SCC:                          0.1354509376 H            3.6858 eV
Energy SPIN:                        -0.0000190481 H           -0.0005 eV
Energy Fock:                        -0.2081276023 H           -5.6634 eV
Total Electronic energy:            -6.5915137087 H         -179.3642 eV
Repulsive energy:                    0.1783196956 H            4.8523 eV

Excitation Energy:                   0.0000000000 H            0.0000 eV

Total energy:                       -6.4132025903 H         -174.5121 eV

SCC converged

Total Forces
    1      0.007754790209      0.013033272503     -0.001667549434
    2     -0.030496788880     -0.008296756875     -0.004938972955
    3     -0.001790393757     -0.001230410787      0.010451236376
    4      0.008045671673      0.002753067773      0.000519278543
    5      0.013812686065     -0.001301014261     -0.003978903782
    6      0.002674034689     -0.004958158354     -0.000385088749

Maximal derivative component:        0.304968E-01 au


