REKS do not use any electronic distribution function

Calculation with static geometry

********************************************************************************************
  iSCC       reks energy        Diff energy         x_a       SCC error   
   54       -6.2311960402      -0.0000000000     1.000000    0.00000089
********************************************************************************************

 SA-REKS optimizes the avergaed state, not individual states
 These charges do not mean the charges for individual states
 Similarly to this, the values in band.out file indicate
 the band energies and occupations for the averaged state
 If you want to compute the relaxed density,
 please, set 'RelaxedDensity = Yes' option

 Total charge:     1.00000000

 Atomic gross charges (e)
 Atom           Charge
    1       0.31658534
    2      -0.24584918
    3       0.16437402
    4       0.34246349
    5       0.27878457
    6       0.14364176

Nr. of electrons (up):     12.00000000
Atom populations (up)
 Atom       Population
    1       3.68341466
    2       5.24584918
    3       0.83562598
    4       0.65753651
    5       0.72121543
    6       0.85635824

l-shell populations (up)
 Atom Sh.   l       Population
    1   1   0       1.27021716
    1   2   1       2.41319749
    2   1   0       1.50790160
    2   2   1       3.73794758
    3   1   0       0.83562598
    4   1   0       0.65753651
    5   1   0       0.72121543
    6   1   0       0.85635824

Orbital populations (up)
 Atom Sh.   l   m       Population  Label
    1   1   0   0       1.27021716  s
    1   2   1  -1       0.56987481  p_y
    1   2   1   0       0.83986502  p_z
    1   2   1   1       1.00345767  p_x
    2   1   0   0       1.50790160  s
    2   2   1  -1       1.45949248  p_y
    2   2   1   0       1.09478996  p_z
    2   2   1   1       1.18366514  p_x
    3   1   0   0       0.83562598  s
    4   1   0   0       0.65753651  s
    5   1   0   0       0.72121543  s
    6   1   0   0       0.85635824  s

Input / Output electrons (q):     12.0000000000

Energy H0:                          -6.2742344381 H         -170.7306 eV
Energy SCC:                          0.1528542158 H            4.1594 eV
Energy SPIN:                        -0.0000001318 H           -0.0000 eV
Energy Fock:                        -0.2118988393 H           -5.7661 eV
Total Electronic energy:            -6.3332791935 H         -172.3373 eV
Repulsive energy:                    0.0775437233 H            2.1101 eV

Excitation Energy:                   0.0000000000 H            0.0000 eV

Total energy:                       -6.3105044750 H         -171.7176 eV

SCC converged

Total Forces
    1      0.073899641607     -0.054804691758      0.168193050173
    2      0.016978830031      0.059952827805     -0.078914610113
    3     -0.039684203522     -0.000662623259     -0.028976694703
    4      0.041034902647      0.010414512980     -0.065528290288
    5     -0.052640276302     -0.036786354383      0.019571275854
    6     -0.039588894461      0.021886328615     -0.014344730923

Maximal derivative component:        0.168193E+00 au


