REKS do not use any electronic distribution function

Calculation with static geometry

********************************************************************************************
  iSCC       reks energy        Diff energy         x_a       SCC error   
   59       -6.2843784844      -0.0000000000     0.999944    0.00000093
********************************************************************************************

 SA-REKS optimizes the avergaed state, not individual states
 These charges do not mean the charges for individual states
 Similarly to this, the values in band.out file indicate
 the band energies and occupations for the averaged state
 If you want to compute the relaxed density,
 please, set 'RelaxedDensity = Yes' option

 Total charge:     1.00000000

 Atomic gross charges (e)
 Atom           Charge
    1       0.11497980
    2      -0.11670327
    3       0.18555414
    4       0.31376783
    5       0.31379225
    6       0.18860924

Nr. of electrons (up):     12.00000000
Atom populations (up)
 Atom       Population
    1       3.88502020
    2       5.11670327
    3       0.81444586
    4       0.68623217
    5       0.68620775
    6       0.81139076

l-shell populations (up)
 Atom Sh.   l       Population
    1   1   0       1.18447834
    1   2   1       2.70054186
    2   1   0       1.38432727
    2   2   1       3.73237600
    3   1   0       0.81444586
    4   1   0       0.68623217
    5   1   0       0.68620775
    6   1   0       0.81139076

Orbital populations (up)
 Atom Sh.   l   m       Population  Label
    1   1   0   0       1.18447834  s
    1   2   1  -1       0.85125062  p_y
    1   2   1   0       0.89872215  p_z
    1   2   1   1       0.95056909  p_x
    2   1   0   0       1.38432727  s
    2   2   1  -1       1.08199852  p_y
    2   2   1   0       1.13455085  p_z
    2   2   1   1       1.51582662  p_x
    3   1   0   0       0.81444586  s
    4   1   0   0       0.68623217  s
    5   1   0   0       0.68620775  s
    6   1   0   0       0.81139076  s

Input / Output electrons (q):     12.0000000000

Energy H0:                          -6.5177804684 H         -177.3578 eV
Energy SCC:                          0.1344735573 H            3.6592 eV
Energy SPIN:                        -0.0000299833 H           -0.0008 eV
Energy Fock:                        -0.2091521343 H           -5.6913 eV
Total Electronic energy:            -6.5924890287 H         -179.3908 eV
Repulsive energy:                    0.1829991765 H            4.9797 eV

Excitation Energy:                   0.0000000000 H            0.0000 eV

Total energy:                       -6.4098556289 H         -174.4210 eV

SCC converged

Total Forces
    1      0.004604587300      0.006092005088     -0.003223949756
    2     -0.009957597126      0.001335484380     -0.002634854391
    3     -0.014474007762     -0.003455900462     -0.006028232157
    4     -0.010590353288      0.002637497561      0.006814735418
    5      0.017027592441     -0.008001637592      0.005411214644
    6      0.013389778435      0.001392551026     -0.000338913758

Maximal derivative component:        0.170276E-01 au


