REKS do not use any electronic distribution function

Calculation with static geometry

********************************************************************************************
  iSCC       reks energy        Diff energy         x_a       SCC error   
   67       -6.2847373866      -0.0000000000     0.999921    0.00000093
********************************************************************************************

 SA-REKS optimizes the avergaed state, not individual states
 These charges do not mean the charges for individual states
 Similarly to this, the values in band.out file indicate
 the band energies and occupations for the averaged state
 If you want to compute the relaxed density,
 please, set 'RelaxedDensity = Yes' option

 Total charge:     1.00000000

 Atomic gross charges (e)
 Atom           Charge
    1       0.12813605
    2      -0.11813438
    3       0.18264915
    4       0.31303824
    5       0.31217882
    6       0.18213212

Nr. of electrons (up):     12.00000000
Atom populations (up)
 Atom       Population
    1       3.87186395
    2       5.11813438
    3       0.81735085
    4       0.68696176
    5       0.68782118
    6       0.81786788

l-shell populations (up)
 Atom Sh.   l       Population
    1   1   0       1.17986317
    1   2   1       2.69200078
    2   1   0       1.38028316
    2   2   1       3.73785122
    3   1   0       0.81735085
    4   1   0       0.68696176
    5   1   0       0.68782118
    6   1   0       0.81786788

Orbital populations (up)
 Atom Sh.   l   m       Population  Label
    1   1   0   0       1.17986317  s
    1   2   1  -1       0.93153710  p_y
    1   2   1   0       0.89579937  p_z
    1   2   1   1       0.86466431  p_x
    2   1   0   0       1.38028316  s
    2   2   1  -1       1.51019024  p_y
    2   2   1   0       1.12919093  p_z
    2   2   1   1       1.09847005  p_x
    3   1   0   0       0.81735085  s
    4   1   0   0       0.68696176  s
    5   1   0   0       0.68782118  s
    6   1   0   0       0.81786788  s

Input / Output electrons (q):     12.0000000000

Energy H0:                          -6.5226053029 H         -177.4891 eV
Energy SCC:                          0.1340302521 H            3.6471 eV
Energy SPIN:                        -0.0000410558 H           -0.0011 eV
Energy Fock:                        -0.2089676583 H           -5.6863 eV
Total Electronic energy:            -6.5975837649 H         -179.5294 eV
Repulsive energy:                    0.1906633152 H            5.1882 eV

Excitation Energy:                   0.0000000000 H            0.0000 eV

Total energy:                       -6.4076716258 H         -174.3616 eV

SCC converged

Total Forces
    1      0.002075578753      0.001966678802     -0.001735678708
    2     -0.003065491953     -0.002622133225     -0.000448601318
    3      0.003378943901      0.015313341551     -0.003943075977
    4      0.002436185176     -0.016487003413      0.003380415182
    5     -0.001861637067      0.017698726542      0.007372745869
    6     -0.002963578810     -0.015869610257     -0.004625805048

Maximal derivative component:        0.176987E-01 au


