REKS do not use any electronic distribution function

Calculation with static geometry

********************************************************************************************
  iSCC       reks energy        Diff energy         x_a       SCC error   
   40       -6.2842387571      -0.0000000000     0.999980    0.00000081
********************************************************************************************

 SA-REKS optimizes the avergaed state, not individual states
 These charges do not mean the charges for individual states
 Similarly to this, the values in band.out file indicate
 the band energies and occupations for the averaged state
 If you want to compute the relaxed density,
 please, set 'RelaxedDensity = Yes' option

 Total charge:     1.00000000

 Atomic gross charges (e)
 Atom           Charge
    1       0.09499403
    2      -0.09562970
    3       0.19082054
    4       0.30934551
    5       0.30920954
    6       0.19126007

Nr. of electrons (up):     12.00000000
Atom populations (up)
 Atom       Population
    1       3.90500597
    2       5.09562970
    3       0.80917946
    4       0.69065449
    5       0.69079046
    6       0.80873993

l-shell populations (up)
 Atom Sh.   l       Population
    1   1   0       1.17048202
    1   2   1       2.73452395
    2   1   0       1.37597582
    2   2   1       3.71965387
    3   1   0       0.80917946
    4   1   0       0.69065449
    5   1   0       0.69079046
    6   1   0       0.80873993

Orbital populations (up)
 Atom Sh.   l   m       Population  Label
    1   1   0   0       1.17048202  s
    1   2   1  -1       0.85725373  p_y
    1   2   1   0       0.89162383  p_z
    1   2   1   1       0.98564639  p_x
    2   1   0   0       1.37597582  s
    2   2   1  -1       1.11699258  p_y
    2   2   1   0       1.11431906  p_z
    2   2   1   1       1.48834223  p_x
    3   1   0   0       0.80917946  s
    4   1   0   0       0.69065449  s
    5   1   0   0       0.69079046  s
    6   1   0   0       0.80873993  s

Input / Output electrons (q):     12.0000000000

Energy H0:                          -6.5392535680 H         -177.9421 eV
Energy SCC:                          0.1359333406 H            3.6989 eV
Energy SPIN:                        -0.0000118410 H           -0.0003 eV
Energy Fock:                        -0.2091240686 H           -5.6906 eV
Total Electronic energy:            -6.6124561370 H         -179.9341 eV
Repulsive energy:                    0.1947342687 H            5.2990 eV

Excitation Energy:                   0.0000000000 H            0.0000 eV

Total energy:                       -6.4177382288 H         -174.6355 eV

SCC converged

Total Forces
    1      0.000675047166      0.003945432049     -0.038183263477
    2      0.000392937397     -0.007099848696      0.048792449582
    3      0.003460384897     -0.001861156375      0.001181762851
    4      0.004731710588      0.004683349476     -0.007786083920
    5     -0.005315746703     -0.001101867639     -0.007125394985
    6     -0.003944333345      0.001434091184      0.003120529949

Maximal derivative component:        0.487924E-01 au


