REKS do not use any electronic distribution function

Calculation with static geometry

********************************************************************************************
  iSCC       reks energy        Diff energy         x_a       SCC error   
   69      -16.4232349626      -0.0000000000     0.999966    0.00000096
********************************************************************************************

 SA-REKS optimizes the avergaed state, not individual states
 These charges do not mean the charges for individual states
 Similarly to this, the values in band.out file indicate
 the band energies and occupations for the averaged state
 If you want to compute the relaxed density,
 please, set 'RelaxedDensity = Yes' option

 Total charge:     1.00000000

 Atomic gross charges (e)
 Atom           Charge
    1      -0.03370807
    2      -0.04937305
    3       0.10971695
    4       0.10877878
    5       0.11548121
    6       0.12141224
    7      -0.20173552
    8       0.10382089
    9       0.11219634
   10       0.21386859
   11       0.11049523
   12      -0.24050818
   13       0.27248268
   14       0.25707191

Nr. of electrons (up):     32.00000000
Atom populations (up)
 Atom       Population
    1       4.03370807
    2       4.04937305
    3       0.89028305
    4       0.89122122
    5       0.88451879
    6       3.87858776
    7       4.20173552
    8       0.89617911
    9       0.88780366
   10       3.78613141
   11       0.88950477
   12       5.24050818
   13       0.72751732
   14       0.74292809

l-shell populations (up)
 Atom Sh.   l       Population
    1   1   0       1.20459111
    1   2   1       2.82911695
    2   1   0       1.18439398
    2   2   1       2.86497907
    3   1   0       0.89028305
    4   1   0       0.89122122
    5   1   0       0.88451879
    6   1   0       1.19675841
    6   2   1       2.68182935
    7   1   0       1.19601559
    7   2   1       3.00571994
    8   1   0       0.89617911
    9   1   0       0.88780366
   10   1   0       1.18299075
   10   2   1       2.60314066
   11   1   0       0.88950477
   12   1   0       1.41945879
   12   2   1       3.82104939
   13   1   0       0.72751732
   14   1   0       0.74292809

Orbital populations (up)
 Atom Sh.   l   m       Population  Label
    1   1   0   0       1.20459111  s
    1   2   1  -1       0.89734050  p_y
    1   2   1   0       0.91202518  p_z
    1   2   1   1       1.01975127  p_x
    2   1   0   0       1.18439398  s
    2   2   1  -1       0.96595765  p_y
    2   2   1   0       0.95785227  p_z
    2   2   1   1       0.94116915  p_x
    3   1   0   0       0.89028305  s
    4   1   0   0       0.89122122  s
    5   1   0   0       0.88451879  s
    6   1   0   0       1.19675841  s
    6   2   1  -1       0.78936598  p_y
    6   2   1   0       0.99404902  p_z
    6   2   1   1       0.89841435  p_x
    7   1   0   0       1.19601559  s
    7   2   1  -1       1.03738967  p_y
    7   2   1   0       1.02543370  p_z
    7   2   1   1       0.94289657  p_x
    8   1   0   0       0.89617911  s
    9   1   0   0       0.88780366  s
   10   1   0   0       1.18299075  s
   10   2   1  -1       0.82478776  p_y
   10   2   1   0       0.94103126  p_z
   10   2   1   1       0.83732164  p_x
   11   1   0   0       0.88950477  s
   12   1   0   0       1.41945879  s
   12   2   1  -1       1.48916715  p_y
   12   2   1   0       1.19982445  p_z
   12   2   1   1       1.13205779  p_x
   13   1   0   0       0.72751732  s
   14   1   0   0       0.74292809  s

Input / Output electrons (q):     32.0000000000

Energy H0:                         -16.2276765811 H         -441.5775 eV
Energy SCC:                          0.0934144159 H            2.5419 eV
Energy SPIN:                        -0.0000055051 H           -0.0001 eV
Energy Fock:                        -0.6544069686 H          -17.8073 eV
Total Electronic energy:           -16.7886746390 H         -456.8431 eV
Repulsive energy:                    0.3275507124 H            8.9131 eV

Excitation Energy:                   0.0000000000 H            0.0000 eV

Total energy:                      -16.4655833713 H         -448.0513 eV

SCC converged

Total Forces
    1     -0.013664688214      0.028095554046     -0.010487504535
    2      0.056150101776     -0.008994474341      0.009140816863
    3      0.014659603574      0.009388589465     -0.010610331760
    4     -0.028361199676     -0.017961798201     -0.000957068396
    5     -0.005296458618      0.000961394672      0.022659404345
    6      0.025394015381      0.007341411161      0.039323282369
    7     -0.012088223038      0.046146182037     -0.020696704889
    8      0.011594145626     -0.015186731264     -0.007694075730
    9      0.002896234167      0.000362630978     -0.025500098121
   10      0.001997946495     -0.053792754883      0.021970552711
   11      0.026321871117      0.013987877018     -0.033584651750
   12     -0.063061301881     -0.003926989861      0.009663421569
   13     -0.023150946513     -0.016233955091     -0.028166949168
   14      0.006608899804      0.009813064264      0.034939906490

Maximal derivative component:        0.630613E-01 au


