REKS do not use any electronic distribution function

Calculation with static geometry

********************************************************************************************
  iSCC       reks energy        Diff energy         x_a       SCC error   
   43       -6.1729879110      -0.0000000000     1.000000    0.00000086
********************************************************************************************

 SA-REKS optimizes the avergaed state, not individual states
 These charges do not mean the charges for individual states
 Similarly to this, the values in band.out file indicate
 the band energies and occupations for the averaged state
 If you want to compute the relaxed density,
 please, set 'RelaxedDensity = Yes' option

 Total charge:     1.00000000

 Atomic gross charges (e)
 Atom           Charge
    1       0.28419281
    2      -0.23960188
    3       0.15030867
    4       0.33892702
    5       0.27277336
    6       0.19340002

Nr. of electrons (up):     12.00000000
Atom populations (up)
 Atom       Population
    1       3.71580719
    2       5.23960188
    3       0.84969133
    4       0.66107298
    5       0.72722664
    6       0.80659998

l-shell populations (up)
 Atom Sh.   l       Population
    1   1   0       1.38130350
    1   2   1       2.33450369
    2   1   0       1.53691900
    2   2   1       3.70268289
    3   1   0       0.84969133
    4   1   0       0.66107298
    5   1   0       0.72722664
    6   1   0       0.80659998

Orbital populations (up)
 Atom Sh.   l   m       Population  Label
    1   1   0   0       1.38130350  s
    1   2   1  -1       0.52813802  p_y
    1   2   1   0       0.79012847  p_z
    1   2   1   1       1.01623720  p_x
    2   1   0   0       1.53691900  s
    2   2   1  -1       1.45369750  p_y
    2   2   1   0       1.03131307  p_z
    2   2   1   1       1.21767231  p_x
    3   1   0   0       0.84969133  s
    4   1   0   0       0.66107298  s
    5   1   0   0       0.72722664  s
    6   1   0   0       0.80659998  s

Input / Output electrons (q):     12.0000000000

Energy H0:                          -6.1355565470 H         -166.9570 eV
Energy SCC:                          0.1550246416 H            4.2184 eV
Energy SPIN:                        -0.0000000024 H           -0.0000 eV
Energy Fock:                        -0.2265160973 H           -6.1638 eV
Total Electronic energy:            -6.2070480050 H         -168.9024 eV
Repulsive energy:                    0.0299317495 H            0.8145 eV

Excitation Energy:                   0.0000000000 H            0.0000 eV

Total energy:                       -6.2362044547 H         -169.6958 eV

SCC converged

Total Forces
    1     -0.006076830498     -0.020034705938      0.065586522131
    2      0.049616963949      0.026274075003     -0.065823102177
    3     -0.051263807687      0.004275938393      0.016124645880
    4     -0.050134004748      0.005492306142     -0.088426435464
    5      0.008089768146     -0.011567625599     -0.003333439192
    6      0.049767910838     -0.004439988002      0.075871808821

Maximal derivative component:        0.884264E-01 au


