 KPT            1  SPIN            1  KWEIGHT    1.0000000000000000     
     1   -30.003  2.00000
     2   -27.296  2.00000
     3   -25.379  2.00000
     4   -23.205  2.00000
     5   -21.463  2.00000
     6   -20.145  2.00000
     7   -19.958  2.00000
     8   -18.950  2.00000
     9   -18.120  2.00000
    10   -17.606  2.00000
    11   -16.942  2.00000
    12   -16.764  2.00000
    13   -15.655  2.00000
    14   -15.399  2.00000
    15   -14.951  2.00000
    16   -13.833  1.50000
    17    -9.406  0.50000
    18    -3.721  0.00000
    19    -1.838  0.00000
    20     4.849  0.00000
    21     8.827  0.00000
    22    10.942  0.00000
    23    13.148  0.00000
    24    17.762  0.00000
    25    18.055  0.00000
    26    20.290  0.00000
    27    21.876  0.00000
    28    22.135  0.00000
    29    29.215  0.00000
    30    30.606  0.00000
    31    39.578  0.00000
    32    44.450  0.00000

