REKS do not use any electronic distribution function

Calculation with static geometry

********************************************************************************************
  iSCC       reks energy        Diff energy         x_a       SCC error   
   84      -16.4332741499      -0.0000000000     0.999997    0.00000099
********************************************************************************************

 SA-REKS optimizes the avergaed state, not individual states
 These charges do not mean the charges for individual states
 Similarly to this, the values in band.out file indicate
 the band energies and occupations for the averaged state
 If you want to compute the relaxed density,
 please, set 'RelaxedDensity = Yes' option

 Total charge:     1.00000000

 Atomic gross charges (e)
 Atom           Charge
    1      -0.06334506
    2       0.00437498
    3       0.11446654
    4       0.10722662
    5       0.11789980
    6       0.04075500
    7      -0.11703996
    8       0.07811631
    9       0.11036547
   10       0.17780641
   11       0.10423353
   12      -0.17389900
   13       0.25428542
   14       0.24475393

Nr. of electrons (up):     32.00000000
Atom populations (up)
 Atom       Population
    1       4.06334506
    2       3.99562502
    3       0.88553346
    4       0.89277338
    5       0.88210020
    6       3.95924500
    7       4.11703996
    8       0.92188369
    9       0.88963453
   10       3.82219359
   11       0.89576647
   12       5.17389900
   13       0.74571458
   14       0.75524607

l-shell populations (up)
 Atom Sh.   l       Population
    1   1   0       1.20133748
    1   2   1       2.86200758
    2   1   0       1.15760663
    2   2   1       2.83801838
    3   1   0       0.88553346
    4   1   0       0.89277338
    5   1   0       0.88210020
    6   1   0       1.21838459
    6   2   1       2.74086041
    7   1   0       1.18513401
    7   2   1       2.93190596
    8   1   0       0.92188369
    9   1   0       0.88963453
   10   1   0       1.11392933
   10   2   1       2.70826425
   11   1   0       0.89576647
   12   1   0       1.36650176
   12   2   1       3.80739723
   13   1   0       0.74571458
   14   1   0       0.75524607

Orbital populations (up)
 Atom Sh.   l   m       Population  Label
    1   1   0   0       1.20133748  s
    1   2   1  -1       0.92187722  p_y
    1   2   1   0       0.97534979  p_z
    1   2   1   1       0.96478057  p_x
    2   1   0   0       1.15760663  s
    2   2   1  -1       0.92134870  p_y
    2   2   1   0       0.96864956  p_z
    2   2   1   1       0.94802012  p_x
    3   1   0   0       0.88553346  s
    4   1   0   0       0.89277338  s
    5   1   0   0       0.88210020  s
    6   1   0   0       1.21838459  s
    6   2   1  -1       0.93594865  p_y
    6   2   1   0       0.87336910  p_z
    6   2   1   1       0.93154265  p_x
    7   1   0   0       1.18513401  s
    7   2   1  -1       0.98481878  p_y
    7   2   1   0       1.02410986  p_z
    7   2   1   1       0.92297732  p_x
    8   1   0   0       0.92188369  s
    9   1   0   0       0.88963453  s
   10   1   0   0       1.11392933  s
   10   2   1  -1       0.87009850  p_y
   10   2   1   0       0.89230663  p_z
   10   2   1   1       0.94585913  p_x
   11   1   0   0       0.89576647  s
   12   1   0   0       1.36650176  s
   12   2   1  -1       1.15597280  p_y
   12   2   1   0       1.40457418  p_z
   12   2   1   1       1.24685025  p_x
   13   1   0   0       0.74571458  s
   14   1   0   0       0.75524607  s

Input / Output electrons (q):     32.0000000000

Energy H0:                         -16.4002588820 H         -446.2738 eV
Energy SCC:                          0.1057315999 H            2.8771 eV
Energy SPIN:                        -0.0000008172 H           -0.0000 eV
Energy Fock:                        -0.6689232047 H          -18.2023 eV
Total Electronic energy:           -16.9634513040 H         -461.5990 eV
Repulsive energy:                    0.4521873669 H           12.3046 eV

Excitation Energy:                   0.0000000000 H            0.0000 eV

Total energy:                      -16.5116281047 H         -449.3043 eV

SCC converged

Total Forces
    1     -0.057179147179     -0.035144267487      0.026595647077
    2      0.047905176394      0.062329395159     -0.032098821527
    3      0.011719888491     -0.000990680611     -0.004627224006
    4      0.006999773668     -0.007439897855      0.011504262812
    5     -0.007162971060     -0.005021630308     -0.002451888485
    6      0.045223755110      0.059340788688     -0.010915705396
    7     -0.071063775013     -0.065863462469     -0.009970851736
    8     -0.025196833190     -0.059040648568      0.024532097443
    9      0.022709041200      0.038854883633     -0.001374731020
   10      0.010466690351     -0.017990444677     -0.004506931254
   11      0.015286765114     -0.015958396499     -0.007737415639
   12      0.006461760914      0.036494192765      0.000433421993
   13      0.000346340758     -0.002449684609      0.005775274838
   14     -0.006516465557      0.012879852837      0.004842864899

Maximal derivative component:        0.710638E-01 au


