 KPT            1  SPIN            1  KWEIGHT    1.0000000000000000     
     1   -29.689  2.00000
     2   -27.347  2.00000
     3   -25.232  2.00000
     4   -22.812  2.00000
     5   -21.419  2.00000
     6   -20.505  2.00000
     7   -19.354  2.00000
     8   -18.710  2.00000
     9   -17.556  2.00000
    10   -17.535  2.00000
    11   -16.843  2.00000
    12   -16.412  2.00000
    13   -16.020  2.00000
    14   -15.499  2.00000
    15   -14.833  2.00000
    16   -13.678  1.49999
    17    -9.870  0.50001
    18    -4.021  0.00000
    19    -2.583  0.00000
    20     6.422  0.00000
    21     8.234  0.00000
    22    11.181  0.00000
    23    12.839  0.00000
    24    13.316  0.00000
    25    14.430  0.00000
    26    16.396  0.00000
    27    18.087  0.00000
    28    20.040  0.00000
    29    22.456  0.00000
    30    27.668  0.00000
    31    36.004  0.00000
    32    45.681  0.00000

