REKS do not use any electronic distribution function

Calculation with static geometry

********************************************************************************************
  iSCC       reks energy        Diff energy         x_a       SCC error   
   63      -16.3934062096      -0.0000000000     0.999992    0.00000090
********************************************************************************************

 SA-REKS optimizes the avergaed state, not individual states
 These charges do not mean the charges for individual states
 Similarly to this, the values in band.out file indicate
 the band energies and occupations for the averaged state
 If you want to compute the relaxed density,
 please, set 'RelaxedDensity = Yes' option

 Total charge:     1.00000000

 Atomic gross charges (e)
 Atom           Charge
    1       0.01935066
    2      -0.05313908
    3       0.09369033
    4       0.12527135
    5       0.10277830
    6       0.11340426
    7      -0.20848046
    8       0.09507501
    9       0.09952216
   10       0.18995507
   11       0.10034238
   12      -0.19001737
   13       0.23925869
   14       0.27298870

Nr. of electrons (up):     32.00000000
Atom populations (up)
 Atom       Population
    1       3.98064934
    2       4.05313908
    3       0.90630967
    4       0.87472865
    5       0.89722170
    6       3.88659574
    7       4.20848046
    8       0.90492499
    9       0.90047784
   10       3.81004493
   11       0.89965762
   12       5.19001737
   13       0.76074131
   14       0.72701130

l-shell populations (up)
 Atom Sh.   l       Population
    1   1   0       1.22225007
    1   2   1       2.75839927
    2   1   0       1.18634501
    2   2   1       2.86679407
    3   1   0       0.90630967
    4   1   0       0.87472865
    5   1   0       0.89722170
    6   1   0       1.19837513
    6   2   1       2.68822061
    7   1   0       1.21190646
    7   2   1       2.99657400
    8   1   0       0.90492499
    9   1   0       0.90047784
   10   1   0       1.15260570
   10   2   1       2.65743923
   11   1   0       0.89965762
   12   1   0       1.40113254
   12   2   1       3.78888483
   13   1   0       0.76074131
   14   1   0       0.72701130

Orbital populations (up)
 Atom Sh.   l   m       Population  Label
    1   1   0   0       1.22225007  s
    1   2   1  -1       0.81112545  p_y
    1   2   1   0       1.01142666  p_z
    1   2   1   1       0.93584715  p_x
    2   1   0   0       1.18634501  s
    2   2   1  -1       0.91268094  p_y
    2   2   1   0       0.97826647  p_z
    2   2   1   1       0.97584666  p_x
    3   1   0   0       0.90630967  s
    4   1   0   0       0.87472865  s
    5   1   0   0       0.89722170  s
    6   1   0   0       1.19837513  s
    6   2   1  -1       0.87597501  p_y
    6   2   1   0       0.97016235  p_z
    6   2   1   1       0.84208325  p_x
    7   1   0   0       1.21190646  s
    7   2   1  -1       1.01585339  p_y
    7   2   1   0       1.00104335  p_z
    7   2   1   1       0.97967726  p_x
    8   1   0   0       0.90492499  s
    9   1   0   0       0.90047784  s
   10   1   0   0       1.15260570  s
   10   2   1  -1       0.81235251  p_y
   10   2   1   0       0.95773068  p_z
   10   2   1   1       0.88735604  p_x
   11   1   0   0       0.89965762  s
   12   1   0   0       1.40113254  s
   12   2   1  -1       1.39888348  p_y
   12   2   1   0       1.16552138  p_z
   12   2   1   1       1.22447998  p_x
   13   1   0   0       0.76074131  s
   14   1   0   0       0.72701130  s

Input / Output electrons (q):     32.0000000000

Energy H0:                         -16.2585147361 H         -442.4167 eV
Energy SCC:                          0.1001497946 H            2.7252 eV
Energy SPIN:                        -0.0000017195 H           -0.0000 eV
Energy Fock:                        -0.6688464647 H          -18.2002 eV
Total Electronic energy:           -16.8272131257 H         -457.8918 eV
Repulsive energy:                    0.3666873380 H            9.9781 eV

Excitation Energy:                   0.0000000000 H            0.0000 eV

Total energy:                      -16.4617950789 H         -447.9482 eV

SCC converged

Total Forces
    1     -0.104433854891     -0.005840104979     -0.008231926972
    2      0.069306842672      0.041947372990      0.039088645589
    3     -0.013234700057      0.006579895387      0.024595966679
    4      0.020197693978     -0.004670372539     -0.014458912618
    5     -0.016743136530     -0.022197970199     -0.005894780312
    6      0.071859420080     -0.037617833341     -0.010628154379
    7     -0.071098796798      0.047965405043      0.016867743337
    8      0.030637444544      0.017312683554      0.010939880563
    9      0.026362802213     -0.004037837435     -0.020497199227
   10     -0.040886219009     -0.098548017993     -0.055297980471
   11      0.001511854927      0.029247802988     -0.011292812571
   12      0.077857930477      0.036050783779      0.056586135791
   13     -0.016634549721     -0.005071520277     -0.046896945004
   14     -0.034702731884     -0.001120286979      0.025120339596

Maximal derivative component:        0.104434E+00 au


