REKS do not use any electronic distribution function

Calculation with static geometry

********************************************************************************************
  iSCC       reks energy        Diff energy         x_a       SCC error   
   69       -6.2841645202      -0.0000000000     0.999926    0.00000094
********************************************************************************************

 SA-REKS optimizes the avergaed state, not individual states
 These charges do not mean the charges for individual states
 Similarly to this, the values in band.out file indicate
 the band energies and occupations for the averaged state
 If you want to compute the relaxed density,
 please, set 'RelaxedDensity = Yes' option

 Total charge:     1.00000000

 Atomic gross charges (e)
 Atom           Charge
    1       0.12542588
    2      -0.12244911
    3       0.18615182
    4       0.31499776
    5       0.31260582
    6       0.18326783

Nr. of electrons (up):     12.00000000
Atom populations (up)
 Atom       Population
    1       3.87457412
    2       5.12244911
    3       0.81384818
    4       0.68500224
    5       0.68739418
    6       0.81673217

l-shell populations (up)
 Atom Sh.   l       Population
    1   1   0       1.18364184
    1   2   1       2.69093228
    2   1   0       1.38444088
    2   2   1       3.73800823
    3   1   0       0.81384818
    4   1   0       0.68500224
    5   1   0       0.68739418
    6   1   0       0.81673217

Orbital populations (up)
 Atom Sh.   l   m       Population  Label
    1   1   0   0       1.18364184  s
    1   2   1  -1       0.93122650  p_y
    1   2   1   0       0.89825863  p_z
    1   2   1   1       0.86144716  p_x
    2   1   0   0       1.38444088  s
    2   2   1  -1       1.51315893  p_y
    2   2   1   0       1.13153412  p_z
    2   2   1   1       1.09331518  p_x
    3   1   0   0       0.81384818  s
    4   1   0   0       0.68500224  s
    5   1   0   0       0.68739418  s
    6   1   0   0       0.81673217  s

Input / Output electrons (q):     12.0000000000

Energy H0:                          -6.5182929073 H         -177.3718 eV
Energy SCC:                          0.1338696031 H            3.6428 eV
Energy SPIN:                        -0.0000388694 H           -0.0011 eV
Energy Fock:                        -0.2086460999 H           -5.6775 eV
Total Electronic energy:            -6.5931082735 H         -179.4076 eV
Repulsive energy:                    0.1861260612 H            5.0647 eV

Excitation Energy:                   0.0000000000 H            0.0000 eV

Total energy:                       -6.4076454239 H         -174.3609 eV

SCC converged

Total Forces
    1     -0.002483669276      0.002389294006      0.017293727506
    2     -0.004377660214     -0.000928229960     -0.010897278778
    3      0.004568392647      0.013891678219     -0.007634470106
    4      0.000504941713     -0.016489549578      0.002082302942
    5      0.001706063791      0.016677438905      0.009249093158
    6      0.000081931339     -0.015540631592     -0.010093374721

Maximal derivative component:        0.172937E-01 au


