REKS do not use any electronic distribution function

Calculation with static geometry

********************************************************************************************
  iSCC       reks energy        Diff energy         x_a       SCC error   
   32       -6.2866002290      -0.0000000000     0.999974    0.00000088
********************************************************************************************

 SA-REKS optimizes the avergaed state, not individual states
 These charges do not mean the charges for individual states
 Similarly to this, the values in band.out file indicate
 the band energies and occupations for the averaged state
 If you want to compute the relaxed density,
 please, set 'RelaxedDensity = Yes' option

 Total charge:     1.00000000

 Atomic gross charges (e)
 Atom           Charge
    1       0.10142254
    2      -0.09918457
    3       0.19073025
    4       0.30843492
    5       0.30976297
    6       0.18883388

Nr. of electrons (up):     12.00000000
Atom populations (up)
 Atom       Population
    1       3.89857746
    2       5.09918457
    3       0.80926975
    4       0.69156508
    5       0.69023703
    6       0.81116612

l-shell populations (up)
 Atom Sh.   l       Population
    1   1   0       1.17199504
    1   2   1       2.72658242
    2   1   0       1.37817621
    2   2   1       3.72100835
    3   1   0       0.80926975
    4   1   0       0.69156508
    5   1   0       0.69023703
    6   1   0       0.81116612

Orbital populations (up)
 Atom Sh.   l   m       Population  Label
    1   1   0   0       1.17199504  s
    1   2   1  -1       0.85825954  p_y
    1   2   1   0       0.88207611  p_z
    1   2   1   1       0.98624678  p_x
    2   1   0   0       1.37817621  s
    2   2   1  -1       1.10278388  p_y
    2   2   1   0       1.11134604  p_z
    2   2   1   1       1.50687844  p_x
    3   1   0   0       0.80926975  s
    4   1   0   0       0.69156508  s
    5   1   0   0       0.69023703  s
    6   1   0   0       0.81116612  s

Input / Output electrons (q):     12.0000000000

Energy H0:                          -6.5313049751 H         -177.7259 eV
Energy SCC:                          0.1358191130 H            3.6958 eV
Energy SPIN:                        -0.0000148941 H           -0.0004 eV
Energy Fock:                        -0.2083774531 H           -5.6702 eV
Total Electronic energy:            -6.6038782093 H         -179.7007 eV
Repulsive energy:                    0.1865915578 H            5.0774 eV

Excitation Energy:                   0.0000000000 H            0.0000 eV

Total energy:                       -6.4172905871 H         -174.6234 eV

SCC converged

Total Forces
    1      0.003549640251      0.002547834854     -0.025076011600
    2     -0.012944610775     -0.000065168388      0.019140470524
    3     -0.001823667048     -0.002094506235      0.009937228556
    4      0.002824732552     -0.000626076205     -0.004750816703
    5      0.006735782620      0.000007485357     -0.006794853777
    6      0.001658122400      0.000230430616      0.007543983000

Maximal derivative component:        0.250760E-01 au


