 KPT            1  SPIN            1  KWEIGHT    1.0000000000000000     
     1   -29.627  2.00000
     2   -27.211  2.00000
     3   -25.420  2.00000
     4   -23.135  2.00000
     5   -21.276  2.00000
     6   -20.150  2.00000
     7   -19.337  2.00000
     8   -18.518  2.00000
     9   -17.822  2.00000
    10   -17.521  2.00000
    11   -16.987  2.00000
    12   -16.669  2.00000
    13   -15.878  2.00000
    14   -15.068  2.00000
    15   -14.706  2.00000
    16   -13.522  1.49999
    17   -10.195  0.50001
    18    -3.586  0.00000
    19    -1.990  0.00000
    20     4.884  0.00000
    21     6.814  0.00000
    22     9.665  0.00000
    23    11.672  0.00000
    24    13.479  0.00000
    25    16.981  0.00000
    26    17.461  0.00000
    27    18.930  0.00000
    28    22.284  0.00000
    29    25.092  0.00000
    30    29.369  0.00000
    31    36.750  0.00000
    32    43.555  0.00000

