REKS do not use any electronic distribution function

Calculation with static geometry

********************************************************************************************
  iSCC       reks energy        Diff energy         x_a       SCC error   
   70      -16.4146238470      -0.0000000000     0.999991    0.00000099
********************************************************************************************

 SA-REKS optimizes the avergaed state, not individual states
 These charges do not mean the charges for individual states
 Similarly to this, the values in band.out file indicate
 the band energies and occupations for the averaged state
 If you want to compute the relaxed density,
 please, set 'RelaxedDensity = Yes' option

 Total charge:     1.00000000

 Atomic gross charges (e)
 Atom           Charge
    1      -0.04784475
    2      -0.03009291
    3       0.09096917
    4       0.13285582
    5       0.10371450
    6       0.07298177
    7      -0.12874478
    8       0.11173321
    9       0.13245910
   10       0.20420226
   11       0.08526958
   12      -0.23006519
   13       0.23960456
   14       0.26295765

Nr. of electrons (up):     32.00000000
Atom populations (up)
 Atom       Population
    1       4.04784475
    2       4.03009291
    3       0.90903083
    4       0.86714418
    5       0.89628550
    6       3.92701823
    7       4.12874478
    8       0.88826679
    9       0.86754090
   10       3.79579774
   11       0.91473042
   12       5.23006519
   13       0.76039544
   14       0.73704235

l-shell populations (up)
 Atom Sh.   l       Population
    1   1   0       1.19828346
    1   2   1       2.84956129
    2   1   0       1.16836793
    2   2   1       2.86172499
    3   1   0       0.90903083
    4   1   0       0.86714418
    5   1   0       0.89628550
    6   1   0       1.18640119
    6   2   1       2.74061704
    7   1   0       1.15585949
    7   2   1       2.97288529
    8   1   0       0.88826679
    9   1   0       0.86754090
   10   1   0       1.16223811
   10   2   1       2.63355962
   11   1   0       0.91473042
   12   1   0       1.39431903
   12   2   1       3.83574616
   13   1   0       0.76039544
   14   1   0       0.73704235

Orbital populations (up)
 Atom Sh.   l   m       Population  Label
    1   1   0   0       1.19828346  s
    1   2   1  -1       0.98850249  p_y
    1   2   1   0       0.95833142  p_z
    1   2   1   1       0.90272738  p_x
    2   1   0   0       1.16836793  s
    2   2   1  -1       0.96184344  p_y
    2   2   1   0       0.94904119  p_z
    2   2   1   1       0.95084036  p_x
    3   1   0   0       0.90903083  s
    4   1   0   0       0.86714418  s
    5   1   0   0       0.89628550  s
    6   1   0   0       1.18640119  s
    6   2   1  -1       0.91149130  p_y
    6   2   1   0       0.92415965  p_z
    6   2   1   1       0.90496609  p_x
    7   1   0   0       1.15585949  s
    7   2   1  -1       1.02630223  p_y
    7   2   1   0       0.96733952  p_z
    7   2   1   1       0.97924355  p_x
    8   1   0   0       0.88826679  s
    9   1   0   0       0.86754090  s
   10   1   0   0       1.16223811  s
   10   2   1  -1       0.88125932  p_y
   10   2   1   0       0.89167122  p_z
   10   2   1   1       0.86062909  p_x
   11   1   0   0       0.91473042  s
   12   1   0   0       1.39431903  s
   12   2   1  -1       1.52252280  p_y
   12   2   1   0       1.22673819  p_z
   12   2   1   1       1.08648518  p_x
   13   1   0   0       0.76039544  s
   14   1   0   0       0.73704235  s

Input / Output electrons (q):     32.0000000000

Energy H0:                         -16.2826054597 H         -443.0722 eV
Energy SCC:                          0.0978901761 H            2.6637 eV
Energy SPIN:                        -0.0000022296 H           -0.0001 eV
Energy Fock:                        -0.6691235151 H          -18.2078 eV
Total Electronic energy:           -16.8538410284 H         -458.6163 eV
Repulsive energy:                    0.3776600361 H           10.2767 eV

Excitation Energy:                   0.0000000000 H            0.0000 eV

Total energy:                      -16.4765801541 H         -448.3506 eV

SCC converged

Total Forces
    1     -0.003775694807     -0.068113749707      0.000386262381
    2      0.075951943203      0.076125676696      0.014470676146
    3     -0.007475358487      0.007257838089      0.013127234304
    4     -0.010470539469      0.012281254281     -0.004098538620
    5     -0.030812449457     -0.018856402229      0.006083277686
    6     -0.041067323350     -0.039793001830     -0.046307528812
    7      0.065423122331      0.047057112248     -0.031345934959
    8     -0.002197110988      0.027273876120      0.023173279587
    9     -0.014263662946     -0.033040933630      0.012255746790
   10     -0.003641819580     -0.003109167697      0.075926422132
   11     -0.003463313007     -0.015396425877     -0.060820059781
   12      0.000792026823     -0.001745995109      0.019275242492
   13      0.001619622615      0.002364303576     -0.017653644806
   14     -0.026619442880      0.007695615069     -0.004472434541

Maximal derivative component:        0.761257E-01 au


