REKS do not use any electronic distribution function

Calculation with static geometry

********************************************************************************************
  iSCC       reks energy        Diff energy         x_a       SCC error   
   65       -6.2850022756      -0.0000000000     0.999927    0.00000086
********************************************************************************************

 SA-REKS optimizes the avergaed state, not individual states
 These charges do not mean the charges for individual states
 Similarly to this, the values in band.out file indicate
 the band energies and occupations for the averaged state
 If you want to compute the relaxed density,
 please, set 'RelaxedDensity = Yes' option

 Total charge:     1.00000000

 Atomic gross charges (e)
 Atom           Charge
    1       0.13065257
    2      -0.11903367
    3       0.17952771
    4       0.31324773
    5       0.31185291
    6       0.18375273

Nr. of electrons (up):     12.00000000
Atom populations (up)
 Atom       Population
    1       3.86934743
    2       5.11903367
    3       0.82047229
    4       0.68675227
    5       0.68814709
    6       0.81624727

l-shell populations (up)
 Atom Sh.   l       Population
    1   1   0       1.17984363
    1   2   1       2.68950379
    2   1   0       1.38789665
    2   2   1       3.73113702
    3   1   0       0.82047229
    4   1   0       0.68675227
    5   1   0       0.68814709
    6   1   0       0.81624727

Orbital populations (up)
 Atom Sh.   l   m       Population  Label
    1   1   0   0       1.17984363  s
    1   2   1  -1       0.92068211  p_y
    1   2   1   0       0.89491493  p_z
    1   2   1   1       0.87390675  p_x
    2   1   0   0       1.38789665  s
    2   2   1  -1       1.49442146  p_y
    2   2   1   0       1.12910760  p_z
    2   2   1   1       1.10760795  p_x
    3   1   0   0       0.82047229  s
    4   1   0   0       0.68675227  s
    5   1   0   0       0.68814709  s
    6   1   0   0       0.81624727  s

Input / Output electrons (q):     12.0000000000

Energy H0:                          -6.5189135639 H         -177.3887 eV
Energy SCC:                          0.1344644362 H            3.6590 eV
Energy SPIN:                        -0.0000380762 H           -0.0010 eV
Energy Fock:                        -0.2088012247 H           -5.6818 eV
Total Electronic energy:            -6.5932884285 H         -179.4125 eV
Repulsive energy:                    0.1874379264 H            5.1004 eV

Excitation Energy:                   0.0000000000 H            0.0000 eV

Total energy:                       -6.4064246967 H         -174.3277 eV

SCC converged

Total Forces
    1      0.011127790897     -0.011623734322      0.000413219642
    2      0.007195041263      0.023924774281     -0.003549829660
    3      0.003085515238     -0.011731369114     -0.007220376132
    4     -0.005073292897      0.006712661729      0.000630765212
    5     -0.009525288142     -0.021336605797      0.007905400089
    6     -0.006809766359      0.014054273224      0.001820820848

Maximal derivative component:        0.239248E-01 au


