REKS do not use any electronic distribution function

Calculation with static geometry

********************************************************************************************
  iSCC       reks energy        Diff energy         x_a       SCC error   
   53       -6.2882015126      -0.0000000000     0.999966    0.00000091
********************************************************************************************

 SA-REKS optimizes the avergaed state, not individual states
 These charges do not mean the charges for individual states
 Similarly to this, the values in band.out file indicate
 the band energies and occupations for the averaged state
 If you want to compute the relaxed density,
 please, set 'RelaxedDensity = Yes' option

 Total charge:     1.00000000

 Atomic gross charges (e)
 Atom           Charge
    1       0.10748881
    2      -0.11138232
    3       0.19173682
    4       0.31039294
    5       0.31081746
    6       0.19094630

Nr. of electrons (up):     12.00000000
Atom populations (up)
 Atom       Population
    1       3.89251119
    2       5.11138232
    3       0.80826318
    4       0.68960706
    5       0.68918254
    6       0.80905370

l-shell populations (up)
 Atom Sh.   l       Population
    1   1   0       1.18253059
    1   2   1       2.70998061
    2   1   0       1.38330857
    2   2   1       3.72807375
    3   1   0       0.80826318
    4   1   0       0.68960706
    5   1   0       0.68918254
    6   1   0       0.80905370

Orbital populations (up)
 Atom Sh.   l   m       Population  Label
    1   1   0   0       1.18253059  s
    1   2   1  -1       0.85360892  p_y
    1   2   1   0       0.88755563  p_z
    1   2   1   1       0.96881606  p_x
    2   1   0   0       1.38330857  s
    2   2   1  -1       1.10712839  p_y
    2   2   1   0       1.11802849  p_z
    2   2   1   1       1.50291686  p_x
    3   1   0   0       0.80826318  s
    4   1   0   0       0.68960706  s
    5   1   0   0       0.68918254  s
    6   1   0   0       0.80905370  s

Input / Output electrons (q):     12.0000000000

Energy H0:                          -6.5240075735 H         -177.5273 eV
Energy SCC:                          0.1349300543 H            3.6716 eV
Energy SPIN:                        -0.0000192174 H           -0.0005 eV
Energy Fock:                        -0.2072042750 H           -5.6383 eV
Total Electronic energy:            -6.5963010116 H         -179.4945 eV
Repulsive energy:                    0.1792444468 H            4.8775 eV

Excitation Energy:                   0.0000000000 H            0.0000 eV

Total energy:                       -6.4171178697 H         -174.6187 eV

SCC converged

Total Forces
    1      0.000427469564     -0.001483058084      0.014913383305
    2      0.000875929440      0.001724757021     -0.014256858634
    3      0.006000507677     -0.003669223629      0.000944495795
    4      0.006824521765     -0.000637830439      0.000011765548
    5     -0.007457957921      0.000582461540     -0.000906224537
    6     -0.006670470526      0.003482893591     -0.000706561476

Maximal derivative component:        0.149134E-01 au


