REKS do not use any electronic distribution function

Calculation with static geometry

********************************************************************************************
  iSCC       reks energy        Diff energy         x_a       SCC error   
   84       -6.2215569898      -0.0000000000     0.999994    0.00000091
********************************************************************************************

 SA-REKS optimizes the avergaed state, not individual states
 These charges do not mean the charges for individual states
 Similarly to this, the values in band.out file indicate
 the band energies and occupations for the averaged state
 If you want to compute the relaxed density,
 please, set 'RelaxedDensity = Yes' option

 Total charge:     1.00000000

 Atomic gross charges (e)
 Atom           Charge
    1       0.18681887
    2      -0.16028608
    3       0.18336420
    4       0.29270351
    5       0.29078222
    6       0.20661728

Nr. of electrons (up):     12.00000000
Atom populations (up)
 Atom       Population
    1       3.81318113
    2       5.16028608
    3       0.81663580
    4       0.70729649
    5       0.70921778
    6       0.79338272

l-shell populations (up)
 Atom Sh.   l       Population
    1   1   0       1.31978981
    1   2   1       2.49339131
    2   1   0       1.42562590
    2   2   1       3.73466018
    3   1   0       0.81663580
    4   1   0       0.70729649
    5   1   0       0.70921778
    6   1   0       0.79338272

Orbital populations (up)
 Atom Sh.   l   m       Population  Label
    1   1   0   0       1.31978981  s
    1   2   1  -1       0.94073572  p_y
    1   2   1   0       0.89889081  p_z
    1   2   1   1       0.65376479  p_x
    2   1   0   0       1.42562590  s
    2   2   1  -1       1.25564186  p_y
    2   2   1   0       1.16900821  p_z
    2   2   1   1       1.31001011  p_x
    3   1   0   0       0.81663580  s
    4   1   0   0       0.70729649  s
    5   1   0   0       0.70921778  s
    6   1   0   0       0.79338272  s

Input / Output electrons (q):     12.0000000000

Energy H0:                          -6.3013517312 H         -171.4685 eV
Energy SCC:                          0.1352599267 H            3.6806 eV
Energy SPIN:                        -0.0000023210 H           -0.0001 eV
Energy Fock:                        -0.2261133617 H           -6.1529 eV
Total Electronic energy:            -6.3922074872 H         -173.9408 eV
Repulsive energy:                    0.1100619774 H            2.9949 eV

Excitation Energy:                   0.0000000000 H            0.0000 eV

Total energy:                       -6.3044522424 H         -171.5529 eV

SCC converged

Total Forces
    1     -0.002915719007     -0.010984703126      0.082636999634
    2     -0.003686870193      0.027211355533     -0.111194080047
    3     -0.011577156622      0.055842748485     -0.028850269136
    4     -0.018063041331      0.038450572111      0.027478676782
    5      0.001828885004     -0.028357893536      0.002426348600
    6      0.034413902150     -0.082162079468      0.027502324167

Maximal derivative component:        0.111194E+00 au


