 KPT            1  SPIN            1  KWEIGHT    1.0000000000000000     
     1   -29.774  2.00000
     2   -27.236  2.00000
     3   -25.326  2.00000
     4   -22.965  2.00000
     5   -21.073  2.00000
     6   -20.580  2.00000
     7   -19.714  2.00000
     8   -18.530  2.00000
     9   -18.355  2.00000
    10   -17.212  2.00000
    11   -16.923  2.00000
    12   -16.197  2.00000
    13   -15.882  2.00000
    14   -15.532  2.00000
    15   -14.935  2.00000
    16   -13.919  1.50000
    17    -8.482  0.50000
    18    -4.975  0.00000
    19    -2.012  0.00000
    20     6.121  0.00000
    21     9.475  0.00000
    22    10.719  0.00000
    23    11.366  0.00000
    24    12.357  0.00000
    25    15.204  0.00000
    26    16.925  0.00000
    27    20.109  0.00000
    28    23.706  0.00000
    29    29.019  0.00000
    30    32.402  0.00000
    31    38.777  0.00000
    32    47.123  0.00000

