REKS do not use any electronic distribution function

Calculation with static geometry

********************************************************************************************
  iSCC       reks energy        Diff energy         x_a       SCC error   
  115      -16.4038728759      -0.0000000000     1.000000    0.00000094
********************************************************************************************

 SA-REKS optimizes the avergaed state, not individual states
 These charges do not mean the charges for individual states
 Similarly to this, the values in band.out file indicate
 the band energies and occupations for the averaged state
 If you want to compute the relaxed density,
 please, set 'RelaxedDensity = Yes' option

 Total charge:     1.00000000

 Atomic gross charges (e)
 Atom           Charge
    1      -0.02080455
    2      -0.06474927
    3       0.09786493
    4       0.13377069
    5       0.09874954
    6       0.06240894
    7      -0.02392054
    8       0.09488738
    9       0.10421714
   10       0.07414482
   11       0.11194498
   12      -0.18481081
   13       0.26496451
   14       0.25133226

Nr. of electrons (up):     32.00000000
Atom populations (up)
 Atom       Population
    1       4.02080455
    2       4.06474927
    3       0.90213507
    4       0.86622931
    5       0.90125046
    6       3.93759106
    7       4.02392054
    8       0.90511262
    9       0.89578286
   10       3.92585518
   11       0.88805502
   12       5.18481081
   13       0.73503549
   14       0.74866774

l-shell populations (up)
 Atom Sh.   l       Population
    1   1   0       1.20747820
    1   2   1       2.81332635
    2   1   0       1.19464197
    2   2   1       2.87010730
    3   1   0       0.90213507
    4   1   0       0.86622931
    5   1   0       0.90125046
    6   1   0       1.19842132
    6   2   1       2.73916975
    7   1   0       1.17561611
    7   2   1       2.84830443
    8   1   0       0.90511262
    9   1   0       0.89578286
   10   1   0       1.12407584
   10   2   1       2.80177935
   11   1   0       0.88805502
   12   1   0       1.38242147
   12   2   1       3.80238934
   13   1   0       0.73503549
   14   1   0       0.74866774

Orbital populations (up)
 Atom Sh.   l   m       Population  Label
    1   1   0   0       1.20747820  s
    1   2   1  -1       0.97146114  p_y
    1   2   1   0       0.89166130  p_z
    1   2   1   1       0.95020392  p_x
    2   1   0   0       1.19464197  s
    2   2   1  -1       0.94935363  p_y
    2   2   1   0       0.96683311  p_z
    2   2   1   1       0.95392056  p_x
    3   1   0   0       0.90213507  s
    4   1   0   0       0.86622931  s
    5   1   0   0       0.90125046  s
    6   1   0   0       1.19842132  s
    6   2   1  -1       0.92157462  p_y
    6   2   1   0       0.89290856  p_z
    6   2   1   1       0.92468657  p_x
    7   1   0   0       1.17561611  s
    7   2   1  -1       0.96930280  p_y
    7   2   1   0       0.93830611  p_z
    7   2   1   1       0.94069552  p_x
    8   1   0   0       0.90511262  s
    9   1   0   0       0.89578286  s
   10   1   0   0       1.12407584  s
   10   2   1  -1       0.93741265  p_y
   10   2   1   0       0.95834378  p_z
   10   2   1   1       0.90602291  p_x
   11   1   0   0       0.88805502  s
   12   1   0   0       1.38242147  s
   12   2   1  -1       1.20194971  p_y
   12   2   1   0       1.35425890  p_z
   12   2   1   1       1.24618073  p_x
   13   1   0   0       0.73503549  s
   14   1   0   0       0.74866774  s

Input / Output electrons (q):     32.0000000000

Energy H0:                         -16.3597561344 H         -445.1716 eV
Energy SCC:                          0.1178225670 H            3.2061 eV
Energy SPIN:                        -0.0000000000 H           -0.0000 eV
Energy Fock:                        -0.6720755927 H          -18.2881 eV
Total Electronic energy:           -16.9140091601 H         -460.2536 eV
Repulsive energy:                    0.4281653070 H           11.6510 eV

Excitation Energy:                   0.0000000000 H            0.0000 eV

Total energy:                      -16.4859330837 H         -448.6051 eV

SCC converged

Total Forces
    1      0.099803822465      0.048035375718      0.004692415144
    2     -0.050685023620     -0.005168175599      0.009556948904
    3     -0.026497913003      0.012985271240     -0.026775706675
    4     -0.020381582868     -0.028743732659      0.014180656934
    5      0.015526172792      0.008729723950     -0.022126521915
    6     -0.068802232485      0.004616851548     -0.016242568278
    7     -0.025335390408     -0.056701300675      0.070440017728
    8      0.019704050981     -0.044590904559      0.019876401278
    9      0.007621763782      0.025946067292     -0.032812826907
   10     -0.033573763628      0.056150466737      0.037069129499
   11     -0.009691148391     -0.021200076298     -0.001277904850
   12      0.080793280238     -0.015315299883     -0.060711438621
   13     -0.009775064752     -0.029507708939     -0.008545873755
   14      0.021293028897      0.044763442126      0.012677271515

Maximal derivative component:        0.998038E-01 au


