REKS do not use any electronic distribution function

Calculation with static geometry

********************************************************************************************
  iSCC       reks energy        Diff energy         x_a       SCC error   
   85       -6.2471437065      -0.0000000000     0.999988    0.00000098
********************************************************************************************

 SA-REKS optimizes the avergaed state, not individual states
 These charges do not mean the charges for individual states
 Similarly to this, the values in band.out file indicate
 the band energies and occupations for the averaged state
 If you want to compute the relaxed density,
 please, set 'RelaxedDensity = Yes' option

 Total charge:     1.00000000

 Atomic gross charges (e)
 Atom           Charge
    1       0.24284447
    2      -0.18915726
    3       0.16111785
    4       0.33798126
    5       0.31354169
    6       0.13367199

Nr. of electrons (up):     12.00000000
Atom populations (up)
 Atom       Population
    1       3.75715553
    2       5.18915726
    3       0.83888215
    4       0.66201874
    5       0.68645831
    6       0.86632801

l-shell populations (up)
 Atom Sh.   l       Population
    1   1   0       1.26233888
    1   2   1       2.49481665
    2   1   0       1.45069420
    2   2   1       3.73846306
    3   1   0       0.83888215
    4   1   0       0.66201874
    5   1   0       0.68645831
    6   1   0       0.86632801

Orbital populations (up)
 Atom Sh.   l   m       Population  Label
    1   1   0   0       1.26233888  s
    1   2   1  -1       1.00324793  p_y
    1   2   1   0       0.85238315  p_z
    1   2   1   1       0.63918557  p_x
    2   1   0   0       1.45069420  s
    2   2   1  -1       1.23552621  p_y
    2   2   1   0       1.13691179  p_z
    2   2   1   1       1.36602507  p_x
    3   1   0   0       0.83888215  s
    4   1   0   0       0.66201874  s
    5   1   0   0       0.68645831  s
    6   1   0   0       0.86632801  s

Input / Output electrons (q):     12.0000000000

Energy H0:                          -6.2969913390 H         -171.3499 eV
Energy SCC:                          0.1390609473 H            3.7840 eV
Energy SPIN:                        -0.0000049502 H           -0.0001 eV
Energy Fock:                        -0.2177874805 H           -5.9263 eV
Total Electronic energy:            -6.3757228225 H         -173.4922 eV
Repulsive energy:                    0.0722970267 H            1.9673 eV

Excitation Energy:                   0.0000000000 H            0.0000 eV

Total energy:                       -6.3322590348 H         -172.3095 eV

SCC converged

Total Forces
    1      0.000643197470      0.088350410984      0.041421666980
    2     -0.009961566023      0.009985141518     -0.115520204560
    3      0.008443313919      0.009179210761      0.032169219549
    4     -0.025956289824     -0.043074037540     -0.034558259966
    5      0.019195091188      0.002556995666      0.044875435247
    6      0.007636253271     -0.066997721389      0.031612142749

Maximal derivative component:        0.115520E+00 au


