 KPT            1  SPIN            1  KWEIGHT    1.0000000000000000     
     1   -29.503  2.00000
     2   -27.393  2.00000
     3   -25.480  2.00000
     4   -22.994  2.00000
     5   -21.476  2.00000
     6   -20.249  2.00000
     7   -19.294  2.00000
     8   -18.883  2.00000
     9   -18.191  2.00000
    10   -17.375  2.00000
    11   -17.075  2.00000
    12   -16.664  2.00000
    13   -15.886  2.00000
    14   -15.667  2.00000
    15   -14.319  2.00000
    16   -13.973  1.50000
    17   -10.036  0.50000
    18    -3.486  0.00000
    19    -2.506  0.00000
    20     7.934  0.00000
    21     9.743  0.00000
    22    12.245  0.00000
    23    14.124  0.00000
    24    14.941  0.00000
    25    16.304  0.00000
    26    18.296  0.00000
    27    18.954  0.00000
    28    22.013  0.00000
    29    24.042  0.00000
    30    31.803  0.00000
    31    34.635  0.00000
    32    47.776  0.00000

