REKS do not use any electronic distribution function

Calculation with static geometry

********************************************************************************************
  iSCC       reks energy        Diff energy         x_a       SCC error   
   70       -6.2849512958      -0.0000000000     0.999920    0.00000090
********************************************************************************************

 SA-REKS optimizes the avergaed state, not individual states
 These charges do not mean the charges for individual states
 Similarly to this, the values in band.out file indicate
 the band energies and occupations for the averaged state
 If you want to compute the relaxed density,
 please, set 'RelaxedDensity = Yes' option

 Total charge:     1.00000000

 Atomic gross charges (e)
 Atom           Charge
    1       0.12824828
    2      -0.12184379
    3       0.18220695
    4       0.31343970
    5       0.31411179
    6       0.18383708

Nr. of electrons (up):     12.00000000
Atom populations (up)
 Atom       Population
    1       3.87175172
    2       5.12184379
    3       0.81779305
    4       0.68656030
    5       0.68588821
    6       0.81616292

l-shell populations (up)
 Atom Sh.   l       Population
    1   1   0       1.18249415
    1   2   1       2.68925757
    2   1   0       1.38352295
    2   2   1       3.73832085
    3   1   0       0.81779305
    4   1   0       0.68656030
    5   1   0       0.68588821
    6   1   0       0.81616292

Orbital populations (up)
 Atom Sh.   l   m       Population  Label
    1   1   0   0       1.18249415  s
    1   2   1  -1       0.92716360  p_y
    1   2   1   0       0.89649907  p_z
    1   2   1   1       0.86559489  p_x
    2   1   0   0       1.38352295  s
    2   2   1  -1       1.50744948  p_y
    2   2   1   0       1.13092703  p_z
    2   2   1   1       1.09994433  p_x
    3   1   0   0       0.81779305  s
    4   1   0   0       0.68656030  s
    5   1   0   0       0.68588821  s
    6   1   0   0       0.81616292  s

Input / Output electrons (q):     12.0000000000

Energy H0:                          -6.5180286638 H         -177.3646 eV
Energy SCC:                          0.1338508211 H            3.6423 eV
Energy SPIN:                        -0.0000414995 H           -0.0011 eV
Energy Fock:                        -0.2086824961 H           -5.6785 eV
Total Electronic energy:            -6.5929018383 H         -179.4020 eV
Repulsive energy:                    0.1859968756 H            5.0612 eV

Excitation Energy:                   0.0000000000 H            0.0000 eV

Total energy:                       -6.4076487512 H         -174.3610 eV

SCC converged

Total Forces
    1     -0.000588592221      0.000307130638      0.010253716403
    2      0.005200593006      0.002647803416     -0.009939182126
    3      0.001686608319     -0.015824629104     -0.007214372106
    4     -0.001761760876      0.016078025338      0.006810956242
    5     -0.002358985755     -0.018142629994      0.004523990163
    6     -0.002177862473      0.014934299706     -0.004435108576

Maximal derivative component:        0.181426E-01 au


