 KPT            1  SPIN            1  KWEIGHT    1.0000000000000000     
     1   -29.465  2.00000
     2   -26.952  2.00000
     3   -25.218  2.00000
     4   -23.102  2.00000
     5   -21.490  2.00000
     6   -20.155  2.00000
     7   -18.910  2.00000
     8   -18.418  2.00000
     9   -17.916  2.00000
    10   -17.320  2.00000
    11   -17.020  2.00000
    12   -16.273  2.00000
    13   -15.814  2.00000
    14   -15.234  2.00000
    15   -14.684  2.00000
    16   -13.668  1.49999
    17   -10.337  0.50001
    18    -3.880  0.00000
    19    -2.512  0.00000
    20     8.226  0.00000
    21     9.061  0.00000
    22     9.604  0.00000
    23    12.682  0.00000
    24    13.592  0.00000
    25    15.760  0.00000
    26    16.581  0.00000
    27    17.826  0.00000
    28    18.770  0.00000
    29    22.096  0.00000
    30    24.822  0.00000
    31    29.575  0.00000
    32    38.427  0.00000

