REKS do not use any electronic distribution function

Calculation with static geometry

********************************************************************************************
  iSCC       reks energy        Diff energy         x_a       SCC error   
   82      -16.4216921136      -0.0000000000     0.999992    0.00000096
********************************************************************************************

 SA-REKS optimizes the avergaed state, not individual states
 These charges do not mean the charges for individual states
 Similarly to this, the values in band.out file indicate
 the band energies and occupations for the averaged state
 If you want to compute the relaxed density,
 please, set 'RelaxedDensity = Yes' option

 Total charge:     1.00000000

 Atomic gross charges (e)
 Atom           Charge
    1      -0.07737159
    2      -0.03976642
    3       0.10908768
    4       0.12680675
    5       0.13989557
    6       0.07216289
    7      -0.13080675
    8       0.11596851
    9       0.10028463
   10       0.17787550
   11       0.13427330
   12      -0.23254455
   13       0.26142164
   14       0.24271284

Nr. of electrons (up):     32.00000000
Atom populations (up)
 Atom       Population
    1       4.07737159
    2       4.03976642
    3       0.89091232
    4       0.87319325
    5       0.86010443
    6       3.92783711
    7       4.13080675
    8       0.88403149
    9       0.89971537
   10       3.82212450
   11       0.86572670
   12       5.23254455
   13       0.73857836
   14       0.75728716

l-shell populations (up)
 Atom Sh.   l       Population
    1   1   0       1.20418210
    1   2   1       2.87318949
    2   1   0       1.19053122
    2   2   1       2.84923520
    3   1   0       0.89091232
    4   1   0       0.87319325
    5   1   0       0.86010443
    6   1   0       1.21348710
    6   2   1       2.71435002
    7   1   0       1.19661486
    7   2   1       2.93419189
    8   1   0       0.88403149
    9   1   0       0.89971537
   10   1   0       1.19195254
   10   2   1       2.63017196
   11   1   0       0.86572670
   12   1   0       1.40749511
   12   2   1       3.82504944
   13   1   0       0.73857836
   14   1   0       0.75728716

Orbital populations (up)
 Atom Sh.   l   m       Population  Label
    1   1   0   0       1.20418210  s
    1   2   1  -1       0.97478335  p_y
    1   2   1   0       0.91234574  p_z
    1   2   1   1       0.98606040  p_x
    2   1   0   0       1.19053122  s
    2   2   1  -1       0.98872405  p_y
    2   2   1   0       0.95128021  p_z
    2   2   1   1       0.90923094  p_x
    3   1   0   0       0.89091232  s
    4   1   0   0       0.87319325  s
    5   1   0   0       0.86010443  s
    6   1   0   0       1.21348710  s
    6   2   1  -1       0.88069999  p_y
    6   2   1   0       0.92627600  p_z
    6   2   1   1       0.90737403  p_x
    7   1   0   0       1.19661486  s
    7   2   1  -1       0.98352593  p_y
    7   2   1   0       1.00239382  p_z
    7   2   1   1       0.94827213  p_x
    8   1   0   0       0.88403149  s
    9   1   0   0       0.89971537  s
   10   1   0   0       1.19195254  s
   10   2   1  -1       0.83430679  p_y
   10   2   1   0       0.89330236  p_z
   10   2   1   1       0.90256280  p_x
   11   1   0   0       0.86572670  s
   12   1   0   0       1.40749511  s
   12   2   1  -1       1.48463886  p_y
   12   2   1   0       1.15321600  p_z
   12   2   1   1       1.18719457  p_x
   13   1   0   0       0.73857836  s
   14   1   0   0       0.75728716  s

Input / Output electrons (q):     32.0000000000

Energy H0:                         -16.2653224568 H         -442.6019 eV
Energy SCC:                          0.1013013217 H            2.7565 eV
Energy SPIN:                        -0.0000018792 H           -0.0001 eV
Energy Fock:                        -0.6533407172 H          -17.7783 eV
Total Electronic energy:           -16.8173637316 H         -457.6238 eV
Repulsive energy:                    0.3363323752 H            9.1521 eV

Excitation Energy:                   0.0000000000 H            0.0000 eV

Total energy:                      -16.4813929325 H         -448.4815 eV

SCC converged

Total Forces
    1      0.040629286563      0.058947397221     -0.045286118567
    2      0.038684763661     -0.052810885489      0.014321333515
    3     -0.002453566191     -0.011963639044      0.016025887657
    4     -0.023340355018     -0.012153842343      0.009980265616
    5      0.023160892288      0.004991578375     -0.016634300869
    6     -0.028267761394      0.031773315263     -0.010238832254
    7      0.000331927698      0.004210752705     -0.061507656360
    8     -0.016664674385      0.003571597905      0.029964887985
    9      0.013668311211      0.016458252407      0.002096579999
   10     -0.041572356679     -0.018062471979      0.111663628724
   11     -0.010725492717     -0.011055551015      0.020437197467
   12     -0.014686915260     -0.024747054721     -0.056992079610
   13     -0.001020133154      0.010536068329     -0.005081637718
   14      0.022256073378      0.000304482385     -0.008749155584

Maximal derivative component:        0.111664E+00 au


