 KPT            1  SPIN            1  KWEIGHT    1.0000000000000000     
     1   -29.620  2.00000
     2   -27.333  2.00000
     3   -25.242  2.00000
     4   -22.938  2.00000
     5   -21.633  2.00000
     6   -20.861  2.00000
     7   -19.147  2.00000
     8   -18.447  2.00000
     9   -17.825  2.00000
    10   -17.526  2.00000
    11   -17.200  2.00000
    12   -16.555  2.00000
    13   -16.174  2.00000
    14   -15.635  2.00000
    15   -14.658  2.00000
    16   -13.516  1.50000
    17    -9.522  0.50000
    18    -4.386  0.00000
    19    -1.894  0.00000
    20     6.061  0.00000
    21    10.758  0.00000
    22    11.910  0.00000
    23    13.736  0.00000
    24    17.263  0.00000
    25    17.807  0.00000
    26    20.322  0.00000
    27    21.708  0.00000
    28    24.615  0.00000
    29    27.312  0.00000
    30    32.952  0.00000
    31    35.622  0.00000
    32    40.013  0.00000

