REKS do not use any electronic distribution function

Calculation with static geometry

********************************************************************************************
  iSCC       reks energy        Diff energy         x_a       SCC error   
   71      -16.3956853030      -0.0000000000     0.999996    0.00000097
********************************************************************************************

 SA-REKS optimizes the avergaed state, not individual states
 These charges do not mean the charges for individual states
 Similarly to this, the values in band.out file indicate
 the band energies and occupations for the averaged state
 If you want to compute the relaxed density,
 please, set 'RelaxedDensity = Yes' option

 Total charge:     1.00000000

 Atomic gross charges (e)
 Atom           Charge
    1      -0.02858894
    2       0.01631975
    3       0.10626165
    4       0.12933554
    5       0.12450619
    6       0.05852050
    7      -0.13011071
    8       0.08231820
    9       0.07963674
   10       0.14713697
   11       0.12832514
   12      -0.20511920
   13       0.24981460
   14       0.24164357

Nr. of electrons (up):     32.00000000
Atom populations (up)
 Atom       Population
    1       4.02858894
    2       3.98368025
    3       0.89373835
    4       0.87066446
    5       0.87549381
    6       3.94147950
    7       4.13011071
    8       0.91768180
    9       0.92036326
   10       3.85286303
   11       0.87167486
   12       5.20511920
   13       0.75018540
   14       0.75835643

l-shell populations (up)
 Atom Sh.   l       Population
    1   1   0       1.21707661
    1   2   1       2.81151233
    2   1   0       1.18882299
    2   2   1       2.79485726
    3   1   0       0.89373835
    4   1   0       0.87066446
    5   1   0       0.87549381
    6   1   0       1.17759883
    6   2   1       2.76388067
    7   1   0       1.16203998
    7   2   1       2.96807073
    8   1   0       0.91768180
    9   1   0       0.92036326
   10   1   0       1.15377205
   10   2   1       2.69909098
   11   1   0       0.87167486
   12   1   0       1.38809045
   12   2   1       3.81702875
   13   1   0       0.75018540
   14   1   0       0.75835643

Orbital populations (up)
 Atom Sh.   l   m       Population  Label
    1   1   0   0       1.21707661  s
    1   2   1  -1       1.01235223  p_y
    1   2   1   0       0.92537567  p_z
    1   2   1   1       0.87378443  p_x
    2   1   0   0       1.18882299  s
    2   2   1  -1       0.94554117  p_y
    2   2   1   0       0.91236463  p_z
    2   2   1   1       0.93695146  p_x
    3   1   0   0       0.89373835  s
    4   1   0   0       0.87066446  s
    5   1   0   0       0.87549381  s
    6   1   0   0       1.17759883  s
    6   2   1  -1       0.96219402  p_y
    6   2   1   0       0.88457026  p_z
    6   2   1   1       0.91711639  p_x
    7   1   0   0       1.16203998  s
    7   2   1  -1       0.94523303  p_y
    7   2   1   0       1.08583502  p_z
    7   2   1   1       0.93700268  p_x
    8   1   0   0       0.91768180  s
    9   1   0   0       0.92036326  s
   10   1   0   0       1.15377205  s
   10   2   1  -1       0.93573929  p_y
   10   2   1   0       0.86157470  p_z
   10   2   1   1       0.90177699  p_x
   11   1   0   0       0.87167486  s
   12   1   0   0       1.38809045  s
   12   2   1  -1       1.17238551  p_y
   12   2   1   0       1.52933798  p_z
   12   2   1   1       1.11530526  p_x
   13   1   0   0       0.75018540  s
   14   1   0   0       0.75835643  s

Input / Output electrons (q):     32.0000000000

Energy H0:                         -16.3315617377 H         -444.4044 eV
Energy SCC:                          0.0994895316 H            2.7072 eV
Energy SPIN:                        -0.0000008911 H           -0.0000 eV
Energy Fock:                        -0.6689822367 H          -18.2039 eV
Total Electronic energy:           -16.9010553339 H         -459.9011 eV
Repulsive energy:                    0.4353672489 H           11.8469 eV

Excitation Energy:                   0.0000000000 H            0.0000 eV

Total energy:                      -16.4657823157 H         -448.0567 eV

SCC converged

Total Forces
    1      0.053407259063     -0.059409518745     -0.011215746849
    2     -0.043038614541     -0.008713776369      0.038969748772
    3     -0.010430664163      0.033408449273     -0.003539153431
    4     -0.008396973779     -0.013894114948     -0.007293509258
    5     -0.021822731614      0.031320445700      0.006830278004
    6     -0.009915490931      0.087282466622     -0.079864224584
    7     -0.032603758072      0.024780580896      0.006985122838
    8      0.007487924957     -0.043980421690      0.038322713487
    9      0.002323623062     -0.036458410568      0.012469454121
   10      0.021595262373     -0.087419380497     -0.015762718674
   11     -0.020535956378      0.022506786882     -0.004345344484
   12      0.030699399265      0.049938505608      0.008500213867
   13      0.008032316762      0.008253476843      0.006089806018
   14      0.023198403996     -0.007615089007      0.003853360173

Maximal derivative component:        0.874194E-01 au


