 KPT            1  SPIN            1  KWEIGHT    1.0000000000000000     
     1   -29.716  2.00000
     2   -27.177  2.00000
     3   -25.323  2.00000
     4   -22.950  2.00000
     5   -21.451  2.00000
     6   -20.720  2.00000
     7   -19.408  2.00000
     8   -18.450  2.00000
     9   -17.964  2.00000
    10   -17.260  2.00000
    11   -17.099  2.00000
    12   -16.638  2.00000
    13   -16.119  2.00000
    14   -15.641  2.00000
    15   -14.574  2.00000
    16   -13.534  1.49997
    17   -10.749  0.50003
    18    -3.283  0.00000
    19    -2.178  0.00000
    20     9.102  0.00000
    21    10.319  0.00000
    22    11.138  0.00000
    23    14.058  0.00000
    24    17.830  0.00000
    25    19.431  0.00000
    26    20.049  0.00000
    27    20.525  0.00000
    28    23.678  0.00000
    29    24.358  0.00000
    30    28.717  0.00000
    31    40.358  0.00000
    32    44.435  0.00000

