REKS do not use any electronic distribution function

Calculation with static geometry

********************************************************************************************
  iSCC       reks energy        Diff energy         x_a       SCC error   
   50       -6.2865108067      -0.0000000000     0.999970    0.00000098
********************************************************************************************

 SA-REKS optimizes the avergaed state, not individual states
 These charges do not mean the charges for individual states
 Similarly to this, the values in band.out file indicate
 the band energies and occupations for the averaged state
 If you want to compute the relaxed density,
 please, set 'RelaxedDensity = Yes' option

 Total charge:     1.00000000

 Atomic gross charges (e)
 Atom           Charge
    1       0.10273327
    2      -0.10650104
    3       0.19152245
    4       0.31007492
    5       0.31062737
    6       0.19154302

Nr. of electrons (up):     12.00000000
Atom populations (up)
 Atom       Population
    1       3.89726673
    2       5.10650104
    3       0.80847755
    4       0.68992508
    5       0.68937263
    6       0.80845698

l-shell populations (up)
 Atom Sh.   l       Population
    1   1   0       1.17907308
    1   2   1       2.71819365
    2   1   0       1.38040602
    2   2   1       3.72609502
    3   1   0       0.80847755
    4   1   0       0.68992508
    5   1   0       0.68937263
    6   1   0       0.80845698

Orbital populations (up)
 Atom Sh.   l   m       Population  Label
    1   1   0   0       1.17907308  s
    1   2   1  -1       0.85556592  p_y
    1   2   1   0       0.89249761  p_z
    1   2   1   1       0.97013011  p_x
    2   1   0   0       1.38040602  s
    2   2   1  -1       1.11735804  p_y
    2   2   1   0       1.12246106  p_z
    2   2   1   1       1.48627593  p_x
    3   1   0   0       0.80847755  s
    4   1   0   0       0.68992508  s
    5   1   0   0       0.68937263  s
    6   1   0   0       0.80845698  s

Input / Output electrons (q):     12.0000000000

Energy H0:                          -6.5333759099 H         -177.7822 eV
Energy SCC:                          0.1354029778 H            3.6845 eV
Energy SPIN:                        -0.0000172272 H           -0.0005 eV
Energy Fock:                        -0.2078502491 H           -5.6559 eV
Total Electronic energy:            -6.6058404084 H         -179.7541 eV
Repulsive energy:                    0.1887794249 H            5.1369 eV

Excitation Energy:                   0.0000000000 H            0.0000 eV

Total energy:                       -6.4171210280 H         -174.6187 eV

SCC converged

Total Forces
    1     -0.000696181707     -0.001519974874      0.001328386341
    2      0.001810218671      0.001642954700      0.000475586816
    3      0.006623278069     -0.001318887528     -0.002756308328
    4      0.006463349400     -0.002428260485      0.002342093781
    5     -0.007877942254      0.000608857173      0.000862352654
    6     -0.006322722179      0.003015311014     -0.002252111264

Maximal derivative component:        0.787794E-02 au


