REKS do not use any electronic distribution function

Calculation with static geometry

********************************************************************************************
  iSCC       reks energy        Diff energy         x_a       SCC error   
   47       -6.2862141299      -0.0000000000     0.999961    0.00000094
********************************************************************************************

 SA-REKS optimizes the avergaed state, not individual states
 These charges do not mean the charges for individual states
 Similarly to this, the values in band.out file indicate
 the band energies and occupations for the averaged state
 If you want to compute the relaxed density,
 please, set 'RelaxedDensity = Yes' option

 Total charge:     1.00000000

 Atomic gross charges (e)
 Atom           Charge
    1       0.11434823
    2      -0.10966455
    3       0.19128900
    4       0.31046750
    5       0.30877408
    6       0.18478574

Nr. of electrons (up):     12.00000000
Atom populations (up)
 Atom       Population
    1       3.88565177
    2       5.10966455
    3       0.80871100
    4       0.68953250
    5       0.69122592
    6       0.81521426

l-shell populations (up)
 Atom Sh.   l       Population
    1   1   0       1.18203940
    1   2   1       2.70361238
    2   1   0       1.38840632
    2   2   1       3.72125823
    3   1   0       0.80871100
    4   1   0       0.68953250
    5   1   0       0.69122592
    6   1   0       0.81521426

Orbital populations (up)
 Atom Sh.   l   m       Population  Label
    1   1   0   0       1.18203940  s
    1   2   1  -1       0.96017732  p_y
    1   2   1   0       0.88598800  p_z
    1   2   1   1       0.85744706  p_x
    2   1   0   0       1.38840632  s
    2   2   1  -1       1.49336684  p_y
    2   2   1   0       1.12980251  p_z
    2   2   1   1       1.09808887  p_x
    3   1   0   0       0.80871100  s
    4   1   0   0       0.68953250  s
    5   1   0   0       0.69122592  s
    6   1   0   0       0.81521426  s

Input / Output electrons (q):     12.0000000000

Energy H0:                          -6.5169123238 H         -177.3342 eV
Energy SCC:                          0.1354815550 H            3.6866 eV
Energy SPIN:                        -0.0000215897 H           -0.0006 eV
Energy Fock:                        -0.2087265087 H           -5.6797 eV
Total Electronic energy:            -6.5901788672 H         -179.3279 eV
Repulsive energy:                    0.1788575462 H            4.8670 eV

Excitation Energy:                   0.0000000000 H            0.0000 eV

Total energy:                       -6.4113652561 H         -174.4621 eV

SCC converged

Total Forces
    1     -0.013721319488      0.014202553920     -0.012462096496
    2      0.007260610963     -0.032934126750     -0.002474991030
    3     -0.000951592050     -0.007161522529      0.012563058186
    4      0.002892834614      0.016944599974      0.000106466478
    5     -0.001621825475      0.005468295003      0.001365877104
    6      0.006141291437      0.003480200381      0.000901685758

Maximal derivative component:        0.329341E-01 au


