REKS do not use any electronic distribution function

Calculation with static geometry

********************************************************************************************
  iSCC       reks energy        Diff energy         x_a       SCC error   
   25       -6.1828067018      -0.0000000000     1.000000    0.00000086
********************************************************************************************

 SA-REKS optimizes the avergaed state, not individual states
 These charges do not mean the charges for individual states
 Similarly to this, the values in band.out file indicate
 the band energies and occupations for the averaged state
 If you want to compute the relaxed density,
 please, set 'RelaxedDensity = Yes' option

 Total charge:     1.00000000

 Atomic gross charges (e)
 Atom           Charge
    1       0.27237475
    2      -0.16734036
    3       0.15561271
    4       0.28510980
    5       0.29751823
    6       0.15672487

Nr. of electrons (up):     12.00000000
Atom populations (up)
 Atom       Population
    1       3.72762525
    2       5.16734036
    3       0.84438729
    4       0.71489020
    5       0.70248177
    6       0.84327513

l-shell populations (up)
 Atom Sh.   l       Population
    1   1   0       1.25992823
    1   2   1       2.46769702
    2   1   0       1.47170401
    2   2   1       3.69563635
    3   1   0       0.84438729
    4   1   0       0.71489020
    5   1   0       0.70248177
    6   1   0       0.84327513

Orbital populations (up)
 Atom Sh.   l   m       Population  Label
    1   1   0   0       1.25992823  s
    1   2   1  -1       0.91910751  p_y
    1   2   1   0       0.76044949  p_z
    1   2   1   1       0.78814001  p_x
    2   1   0   0       1.47170401  s
    2   2   1  -1       1.41030241  p_y
    2   2   1   0       1.05439166  p_z
    2   2   1   1       1.23094228  p_x
    3   1   0   0       0.84438729  s
    4   1   0   0       0.71489020  s
    5   1   0   0       0.70248177  s
    6   1   0   0       0.84327513  s

Input / Output electrons (q):     12.0000000000

Energy H0:                          -6.3188617364 H         -171.9450 eV
Energy SCC:                          0.1535488659 H            4.1783 eV
Energy SPIN:                        -0.0000000001 H           -0.0000 eV
Energy Fock:                        -0.2150636151 H           -5.8522 eV
Total Electronic energy:            -6.3803764857 H         -173.6189 eV
Repulsive energy:                    0.2010882842 H            5.4719 eV

Excitation Energy:                   0.0000000000 H            0.0000 eV

Total energy:                       -6.2015529379 H         -168.7528 eV

SCC converged

Total Forces
    1     -0.085073296631     -0.162968425269      0.164424985105
    2     -0.179213827678      0.101560050770     -0.136273418477
    3      0.104691106415      0.156045526914     -0.098632875813
    4      0.111283740997     -0.078134683718      0.050955673243
    5      0.046128709804     -0.009273314826     -0.039763229623
    6      0.002183567093     -0.007229153871      0.059288865565

Maximal derivative component:        0.179214E+00 au


