 KPT            1  SPIN            1  KWEIGHT    1.0000000000000000     
     1   -29.512  2.00000
     2   -27.318  2.00000
     3   -25.598  2.00000
     4   -23.535  2.00000
     5   -21.443  2.00000
     6   -20.067  2.00000
     7   -19.500  2.00000
     8   -18.655  2.00000
     9   -18.150  2.00000
    10   -17.594  2.00000
    11   -17.063  2.00000
    12   -16.753  2.00000
    13   -16.065  2.00000
    14   -15.231  2.00000
    15   -14.545  2.00000
    16   -14.177  1.49999
    17   -11.117  0.50001
    18    -3.990  0.00000
    19    -3.054  0.00000
    20     7.936  0.00000
    21     9.630  0.00000
    22    12.954  0.00000
    23    14.026  0.00000
    24    14.872  0.00000
    25    17.369  0.00000
    26    17.813  0.00000
    27    19.347  0.00000
    28    20.380  0.00000
    29    21.051  0.00000
    30    26.421  0.00000
    31    30.431  0.00000
    32    40.435  0.00000

