REKS do not use any electronic distribution function

Calculation with static geometry

********************************************************************************************
  iSCC       reks energy        Diff energy         x_a       SCC error   
  109      -16.4103892305      -0.0000000000     0.999987    0.00000095
********************************************************************************************

 SA-REKS optimizes the avergaed state, not individual states
 These charges do not mean the charges for individual states
 Similarly to this, the values in band.out file indicate
 the band energies and occupations for the averaged state
 If you want to compute the relaxed density,
 please, set 'RelaxedDensity = Yes' option

 Total charge:     1.00000000

 Atomic gross charges (e)
 Atom           Charge
    1      -0.03789824
    2      -0.02351566
    3       0.11312184
    4       0.11839100
    5       0.09340450
    6       0.08065768
    7      -0.11688270
    8       0.10220867
    9       0.14644288
   10       0.17989208
   11       0.11402374
   12      -0.27298544
   13       0.25519639
   14       0.24794326

Nr. of electrons (up):     32.00000000
Atom populations (up)
 Atom       Population
    1       4.03789824
    2       4.02351566
    3       0.88687816
    4       0.88160900
    5       0.90659550
    6       3.91934232
    7       4.11688270
    8       0.89779133
    9       0.85355712
   10       3.82010792
   11       0.88597626
   12       5.27298544
   13       0.74480361
   14       0.75205674

l-shell populations (up)
 Atom Sh.   l       Population
    1   1   0       1.19852426
    1   2   1       2.83937398
    2   1   0       1.17157707
    2   2   1       2.85193858
    3   1   0       0.88687816
    4   1   0       0.88160900
    5   1   0       0.90659550
    6   1   0       1.19727185
    6   2   1       2.72207047
    7   1   0       1.19673621
    7   2   1       2.92014649
    8   1   0       0.89779133
    9   1   0       0.85355712
   10   1   0       1.18153117
   10   2   1       2.63857675
   11   1   0       0.88597626
   12   1   0       1.41203136
   12   2   1       3.86095408
   13   1   0       0.74480361
   14   1   0       0.75205674

Orbital populations (up)
 Atom Sh.   l   m       Population  Label
    1   1   0   0       1.19852426  s
    1   2   1  -1       0.97085009  p_y
    1   2   1   0       0.89964056  p_z
    1   2   1   1       0.96888334  p_x
    2   1   0   0       1.17157707  s
    2   2   1  -1       0.95687387  p_y
    2   2   1   0       0.94957071  p_z
    2   2   1   1       0.94549400  p_x
    3   1   0   0       0.88687816  s
    4   1   0   0       0.88160900  s
    5   1   0   0       0.90659550  s
    6   1   0   0       1.19727185  s
    6   2   1  -1       0.84521921  p_y
    6   2   1   0       0.95672249  p_z
    6   2   1   1       0.92012877  p_x
    7   1   0   0       1.19673621  s
    7   2   1  -1       0.98963238  p_y
    7   2   1   0       0.99946076  p_z
    7   2   1   1       0.93105335  p_x
    8   1   0   0       0.89779133  s
    9   1   0   0       0.85355712  s
   10   1   0   0       1.18153117  s
   10   2   1  -1       0.82445050  p_y
   10   2   1   0       0.85707517  p_z
   10   2   1   1       0.95705108  p_x
   11   1   0   0       0.88597626  s
   12   1   0   0       1.41203136  s
   12   2   1  -1       1.35993948  p_y
   12   2   1   0       1.31845422  p_z
   12   2   1   1       1.18256038  p_x
   13   1   0   0       0.74480361  s
   14   1   0   0       0.75205674  s

Input / Output electrons (q):     32.0000000000

Energy H0:                         -16.2784223665 H         -442.9584 eV
Energy SCC:                          0.0998058006 H            2.7159 eV
Energy SPIN:                        -0.0000026592 H           -0.0001 eV
Energy Fock:                        -0.6588980148 H          -17.9295 eV
Total Electronic energy:           -16.8375172399 H         -458.1722 eV
Repulsive energy:                    0.3715011056 H           10.1091 eV

Excitation Energy:                   0.0000000000 H            0.0000 eV

Total energy:                      -16.4684832010 H         -448.1302 eV

SCC converged

Total Forces
    1     -0.024347014424     -0.018763650838      0.016088394110
    2      0.001705222967      0.057356223477     -0.041130940679
    3      0.006108716963     -0.010822686050     -0.006807037690
    4     -0.002994291436     -0.006423510145      0.004792662103
    5     -0.007249590403     -0.014723583393      0.018505896522
    6      0.026290126965     -0.079217307581      0.042325957647
    7     -0.008010787480      0.055843219035     -0.023483780857
    8      0.019165833594      0.027246261587      0.007514615271
    9     -0.008027570417      0.024284255807     -0.023442758989
   10     -0.022936303634      0.026010558382     -0.046153797498
   11     -0.013529143446      0.000640463247      0.002343669634
   12      0.048606542430     -0.075411767704      0.054574570711
   13     -0.001375475644      0.015044897843     -0.000346603869
   14     -0.013406266035     -0.001063373667     -0.004780846417

Maximal derivative component:        0.792173E-01 au


