REKS do not use any electronic distribution function

Calculation with static geometry

********************************************************************************************
  iSCC       reks energy        Diff energy         x_a       SCC error   
   39       -6.1686720277      -0.0000000000     1.000000    0.00000094
********************************************************************************************

 SA-REKS optimizes the avergaed state, not individual states
 These charges do not mean the charges for individual states
 Similarly to this, the values in band.out file indicate
 the band energies and occupations for the averaged state
 If you want to compute the relaxed density,
 please, set 'RelaxedDensity = Yes' option

 Total charge:     1.00000000

 Atomic gross charges (e)
 Atom           Charge
    1       0.25027003
    2      -0.24941978
    3       0.21554960
    4       0.26845527
    5       0.31157493
    6       0.20356994

Nr. of electrons (up):     12.00000000
Atom populations (up)
 Atom       Population
    1       3.74972997
    2       5.24941978
    3       0.78445040
    4       0.73154473
    5       0.68842507
    6       0.79643006

l-shell populations (up)
 Atom Sh.   l       Population
    1   1   0       1.43281027
    1   2   1       2.31691970
    2   1   0       1.50532189
    2   2   1       3.74409789
    3   1   0       0.78445040
    4   1   0       0.73154473
    5   1   0       0.68842507
    6   1   0       0.79643006

Orbital populations (up)
 Atom Sh.   l   m       Population  Label
    1   1   0   0       1.43281027  s
    1   2   1  -1       0.68699009  p_y
    1   2   1   0       0.79370014  p_z
    1   2   1   1       0.83622947  p_x
    2   1   0   0       1.50532189  s
    2   2   1  -1       1.45668044  p_y
    2   2   1   0       1.07630542  p_z
    2   2   1   1       1.21111203  p_x
    3   1   0   0       0.78445040  s
    4   1   0   0       0.73154473  s
    5   1   0   0       0.68842507  s
    6   1   0   0       0.79643006  s

Input / Output electrons (q):     12.0000000000

Energy H0:                          -6.1340076253 H         -166.9148 eV
Energy SCC:                          0.1529236657 H            4.1613 eV
Energy SPIN:                        -0.0000000022 H           -0.0000 eV
Energy Fock:                        -0.2300757867 H           -6.2607 eV
Total Electronic energy:            -6.2111597485 H         -169.0143 eV
Repulsive energy:                    0.0398013692 H            1.0831 eV

Excitation Energy:                   0.0000000000 H            0.0000 eV

Total energy:                       -6.2231585624 H         -169.3408 eV

SCC converged

Total Forces
    1      0.003983770537     -0.019853895884      0.118668542498
    2     -0.051813146894      0.049784721652     -0.068182233734
    3     -0.077401550576      0.036116662592      0.030725979803
    4      0.023001614386     -0.013946913039      0.000841047732
    5      0.032019684122      0.002422638438     -0.063245158776
    6      0.070209628425     -0.054523213759     -0.018808177523

Maximal derivative component:        0.118669E+00 au


