REKS do not use any electronic distribution function

Calculation with static geometry

********************************************************************************************
  iSCC       reks energy        Diff energy         x_a       SCC error   
   61       -6.2849374210      -0.0000000000     0.999944    0.00000085
********************************************************************************************

 SA-REKS optimizes the avergaed state, not individual states
 These charges do not mean the charges for individual states
 Similarly to this, the values in band.out file indicate
 the band energies and occupations for the averaged state
 If you want to compute the relaxed density,
 please, set 'RelaxedDensity = Yes' option

 Total charge:     1.00000000

 Atomic gross charges (e)
 Atom           Charge
    1       0.11560379
    2      -0.11872300
    3       0.18765274
    4       0.31322450
    5       0.31380184
    6       0.18844013

Nr. of electrons (up):     12.00000000
Atom populations (up)
 Atom       Population
    1       3.88439621
    2       5.11872300
    3       0.81234726
    4       0.68677550
    5       0.68619816
    6       0.81155987

l-shell populations (up)
 Atom Sh.   l       Population
    1   1   0       1.18646001
    1   2   1       2.69793620
    2   1   0       1.38527507
    2   2   1       3.73344792
    3   1   0       0.81234726
    4   1   0       0.68677550
    5   1   0       0.68619816
    6   1   0       0.81155987

Orbital populations (up)
 Atom Sh.   l   m       Population  Label
    1   1   0   0       1.18646001  s
    1   2   1  -1       0.84999320  p_y
    1   2   1   0       0.89839369  p_z
    1   2   1   1       0.94954930  p_x
    2   1   0   0       1.38527507  s
    2   2   1  -1       1.08239330  p_y
    2   2   1   0       1.13401928  p_z
    2   2   1   1       1.51703535  p_x
    3   1   0   0       0.81234726  s
    4   1   0   0       0.68677550  s
    5   1   0   0       0.68619816  s
    6   1   0   0       0.81155987  s

Input / Output electrons (q):     12.0000000000

Energy H0:                          -6.5172708460 H         -177.3440 eV
Energy SCC:                          0.1343883492 H            3.6569 eV
Energy SPIN:                        -0.0000299890 H           -0.0008 eV
Energy Fock:                        -0.2086796974 H           -5.6785 eV
Total Electronic energy:            -6.5915921832 H         -179.3663 eV
Repulsive energy:                    0.1815397641 H            4.9399 eV

Excitation Energy:                   0.0000000000 H            0.0000 eV

Total energy:                       -6.4103991846 H         -174.4358 eV

SCC converged

Total Forces
    1      0.004504064635      0.002724935818      0.008481583722
    2     -0.009791147816      0.002156271089     -0.012342319284
    3     -0.013918243159     -0.002914880532     -0.005507208651
    4     -0.010120349656      0.002157809993      0.007782316538
    5      0.016288283934     -0.006028493896      0.005424795189
    6      0.013037392062      0.001904357529     -0.003839167514

Maximal derivative component:        0.162883E-01 au


