 KPT            1  SPIN            1  KWEIGHT    1.0000000000000000     
     1   -29.128  2.00000
     2   -27.162  2.00000
     3   -25.376  2.00000
     4   -23.080  2.00000
     5   -21.350  2.00000
     6   -20.256  2.00000
     7   -18.979  2.00000
     8   -18.435  2.00000
     9   -17.817  2.00000
    10   -17.241  2.00000
    11   -16.635  2.00000
    12   -16.402  2.00000
    13   -15.974  2.00000
    14   -15.511  2.00000
    15   -14.942  2.00000
    16   -13.392  1.49986
    17   -10.848  0.50014
    18    -4.241  0.00000
    19    -1.908  0.00000
    20     9.083  0.00000
    21    10.669  0.00000
    22    12.928  0.00000
    23    13.434  0.00000
    24    14.216  0.00000
    25    16.863  0.00000
    26    18.851  0.00000
    27    20.743  0.00000
    28    21.163  0.00000
    29    23.556  0.00000
    30    24.287  0.00000
    31    25.567  0.00000
    32    35.550  0.00000

