REKS do not use any electronic distribution function

Calculation with static geometry

********************************************************************************************
  iSCC       reks energy        Diff energy         x_a       SCC error   
   72      -16.4515574701      -0.0000000000     0.999863    0.00000096
********************************************************************************************

 SA-REKS optimizes the avergaed state, not individual states
 These charges do not mean the charges for individual states
 Similarly to this, the values in band.out file indicate
 the band energies and occupations for the averaged state
 If you want to compute the relaxed density,
 please, set 'RelaxedDensity = Yes' option

 Total charge:     1.00000000

 Atomic gross charges (e)
 Atom           Charge
    1      -0.00210747
    2      -0.05963327
    3       0.11672747
    4       0.12254988
    5       0.11727377
    6       0.09405851
    7      -0.14933780
    8       0.09670652
    9       0.11309979
   10       0.21371817
   11       0.10423108
   12      -0.27106715
   13       0.23889058
   14       0.26488992

Nr. of electrons (up):     32.00000000
Atom populations (up)
 Atom       Population
    1       4.00210747
    2       4.05963327
    3       0.88327253
    4       0.87745012
    5       0.88272623
    6       3.90594149
    7       4.14933780
    8       0.90329348
    9       0.88690021
   10       3.78628183
   11       0.89576892
   12       5.27106715
   13       0.76110942
   14       0.73511008

l-shell populations (up)
 Atom Sh.   l       Population
    1   1   0       1.22897182
    1   2   1       2.77313565
    2   1   0       1.17026400
    2   2   1       2.88936928
    3   1   0       0.88327253
    4   1   0       0.87745012
    5   1   0       0.88272623
    6   1   0       1.20746488
    6   2   1       2.69847661
    7   1   0       1.19813257
    7   2   1       2.95120523
    8   1   0       0.90329348
    9   1   0       0.88690021
   10   1   0       1.16306729
   10   2   1       2.62321453
   11   1   0       0.89576892
   12   1   0       1.39952218
   12   2   1       3.87154497
   13   1   0       0.76110942
   14   1   0       0.73511008

Orbital populations (up)
 Atom Sh.   l   m       Population  Label
    1   1   0   0       1.22897182  s
    1   2   1  -1       0.90207724  p_y
    1   2   1   0       0.88527019  p_z
    1   2   1   1       0.98578822  p_x
    2   1   0   0       1.17026400  s
    2   2   1  -1       0.96862515  p_y
    2   2   1   0       0.95453132  p_z
    2   2   1   1       0.96621280  p_x
    3   1   0   0       0.88327253  s
    4   1   0   0       0.87745012  s
    5   1   0   0       0.88272623  s
    6   1   0   0       1.20746488  s
    6   2   1  -1       0.83645494  p_y
    6   2   1   0       0.95787752  p_z
    6   2   1   1       0.90414415  p_x
    7   1   0   0       1.19813257  s
    7   2   1  -1       1.01088791  p_y
    7   2   1   0       1.00643843  p_z
    7   2   1   1       0.93387889  p_x
    8   1   0   0       0.90329348  s
    9   1   0   0       0.88690021  s
   10   1   0   0       1.16306729  s
   10   2   1  -1       0.82731457  p_y
   10   2   1   0       0.94925831  p_z
   10   2   1   1       0.84664165  p_x
   11   1   0   0       0.89576892  s
   12   1   0   0       1.39952218  s
   12   2   1  -1       1.52732573  p_y
   12   2   1   0       1.15676893  p_z
   12   2   1   1       1.18745031  p_x
   13   1   0   0       0.76110942  s
   14   1   0   0       0.73511008  s

Input / Output electrons (q):     32.0000000000

Energy H0:                         -16.2929800953 H         -443.3545 eV
Energy SCC:                          0.0918719056 H            2.5000 eV
Energy SPIN:                        -0.0000198541 H           -0.0005 eV
Energy Fock:                        -0.6476749649 H          -17.6241 eV
Total Electronic energy:           -16.8488030087 H         -458.4793 eV
Repulsive energy:                    0.3504436424 H            9.5361 eV

Excitation Energy:                   0.0000000000 H            0.0000 eV

Total energy:                      -16.5011056724 H         -449.0179 eV

SCC converged

Total Forces
    1      0.017951094172     -0.003573923991     -0.015141960509
    2     -0.014590607573      0.014325647920      0.023015402680
    3      0.003415832681     -0.027660439426     -0.003677808575
    4     -0.016148925744      0.015473789209      0.003823978698
    5      0.005502859906     -0.011951491741      0.004145248101
    6      0.073959781497      0.093209517330     -0.019674201755
    7     -0.043964360252     -0.058642867988      0.034800127306
    8      0.010602338672     -0.002903009464     -0.021629979954
    9      0.000134628253     -0.023417595311     -0.010063867042
   10      0.032546693486      0.051872872761      0.067875534979
   11     -0.006183544748     -0.010847612321     -0.022482548762
   12     -0.064096382425     -0.037955702729     -0.048375008953
   13      0.014917351389     -0.003865081074     -0.004907699417
   14     -0.014046759313      0.005935896823      0.012292783204

Maximal derivative component:        0.932095E-01 au


