 KPT            1  SPIN            1  KWEIGHT    1.0000000000000000     
     1   -29.182  2.00000
     2   -27.180  2.00000
     3   -25.457  2.00000
     4   -23.112  2.00000
     5   -21.663  2.00000
     6   -20.284  2.00000
     7   -19.173  2.00000
     8   -18.554  2.00000
     9   -17.710  2.00000
    10   -17.410  2.00000
    11   -17.122  2.00000
    12   -16.491  2.00000
    13   -15.686  2.00000
    14   -15.415  2.00000
    15   -14.624  2.00000
    16   -13.792  1.49999
    17   -10.541  0.50001
    18    -4.434  0.00000
    19    -1.767  0.00000
    20     8.301  0.00000
    21    10.768  0.00000
    22    13.766  0.00000
    23    15.385  0.00000
    24    17.028  0.00000
    25    19.450  0.00000
    26    21.713  0.00000
    27    22.015  0.00000
    28    22.972  0.00000
    29    24.718  0.00000
    30    26.274  0.00000
    31    30.180  0.00000
    32    37.128  0.00000

