 KPT            1  SPIN            1  KWEIGHT    1.0000000000000000     
     1   -29.780  2.00000
     2   -27.228  2.00000
     3   -25.390  2.00000
     4   -23.196  2.00000
     5   -21.490  2.00000
     6   -20.302  2.00000
     7   -19.137  2.00000
     8   -18.660  2.00000
     9   -17.929  2.00000
    10   -17.548  2.00000
    11   -17.064  2.00000
    12   -16.549  2.00000
    13   -16.170  2.00000
    14   -15.241  2.00000
    15   -14.284  2.00000
    16   -14.443  1.50000
    17   -10.201  0.50000
    18    -3.500  0.00000
    19    -0.731  0.00000
    20     7.113  0.00000
    21     8.126  0.00000
    22     8.730  0.00000
    23    11.048  0.00000
    24    11.998  0.00000
    25    14.998  0.00000
    26    16.460  0.00000
    27    20.468  0.00000
    28    24.360  0.00000
    29    28.888  0.00000
    30    35.929  0.00000
    31    39.782  0.00000
    32    41.319  0.00000

