REKS do not use any electronic distribution function

Calculation with static geometry

********************************************************************************************
  iSCC       reks energy        Diff energy         x_a       SCC error   
  406      -16.4211900667      -0.0000000000     1.000000    0.00000096
********************************************************************************************

 SA-REKS optimizes the avergaed state, not individual states
 These charges do not mean the charges for individual states
 Similarly to this, the values in band.out file indicate
 the band energies and occupations for the averaged state
 If you want to compute the relaxed density,
 please, set 'RelaxedDensity = Yes' option

 Total charge:     1.00000000

 Atomic gross charges (e)
 Atom           Charge
    1      -0.11986688
    2      -0.02963097
    3       0.14334283
    4       0.14003789
    5       0.17592757
    6       0.02731099
    7      -0.14224386
    8       0.09931459
    9       0.11744236
   10       0.18802103
   11       0.07158885
   12      -0.20735955
   13       0.27579339
   14       0.26032174

Nr. of electrons (up):     32.00000000
Atom populations (up)
 Atom       Population
    1       4.11986688
    2       4.02963097
    3       0.85665717
    4       0.85996211
    5       0.82407243
    6       3.97268901
    7       4.14224386
    8       0.90068541
    9       0.88255764
   10       3.81197897
   11       0.92841115
   12       5.20735955
   13       0.72420661
   14       0.73967826

l-shell populations (up)
 Atom Sh.   l       Population
    1   1   0       1.22447706
    1   2   1       2.89538982
    2   1   0       1.18826794
    2   2   1       2.84136302
    3   1   0       0.85665717
    4   1   0       0.85996211
    5   1   0       0.82407243
    6   1   0       1.17274976
    6   2   1       2.79993926
    7   1   0       1.14665964
    7   2   1       2.99558422
    8   1   0       0.90068541
    9   1   0       0.88255764
   10   1   0       1.13717093
   10   2   1       2.67480804
   11   1   0       0.92841115
   12   1   0       1.40702285
   12   2   1       3.80033669
   13   1   0       0.72420661
   14   1   0       0.73967826

Orbital populations (up)
 Atom Sh.   l   m       Population  Label
    1   1   0   0       1.22447706  s
    1   2   1  -1       0.93512115  p_y
    1   2   1   0       0.97875860  p_z
    1   2   1   1       0.98151007  p_x
    2   1   0   0       1.18826794  s
    2   2   1  -1       0.93359011  p_y
    2   2   1   0       0.96842169  p_z
    2   2   1   1       0.93935122  p_x
    3   1   0   0       0.85665717  s
    4   1   0   0       0.85996211  s
    5   1   0   0       0.82407243  s
    6   1   0   0       1.17274976  s
    6   2   1  -1       0.94245746  p_y
    6   2   1   0       0.94949737  p_z
    6   2   1   1       0.90798443  p_x
    7   1   0   0       1.14665964  s
    7   2   1  -1       1.01267638  p_y
    7   2   1   0       1.03254516  p_z
    7   2   1   1       0.95036268  p_x
    8   1   0   0       0.90068541  s
    9   1   0   0       0.88255764  s
   10   1   0   0       1.13717093  s
   10   2   1  -1       0.88011363  p_y
   10   2   1   0       0.89893845  p_z
   10   2   1   1       0.89575595  p_x
   11   1   0   0       0.92841115  s
   12   1   0   0       1.40702285  s
   12   2   1  -1       1.29175686  p_y
   12   2   1   0       1.31701574  p_z
   12   2   1   1       1.19156409  p_x
   13   1   0   0       0.72420661  s
   14   1   0   0       0.73967826  s

Input / Output electrons (q):     32.0000000000

Energy H0:                         -16.3367175688 H         -444.5447 eV
Energy SCC:                          0.1041219707 H            2.8333 eV
Energy SPIN:                        -0.0000000640 H           -0.0000 eV
Energy Fock:                        -0.6686102222 H          -18.1938 eV
Total Electronic energy:           -16.9012058844 H         -459.9052 eV
Repulsive energy:                    0.4076484594 H           11.0927 eV

Excitation Energy:                   0.0000000000 H            0.0000 eV

Total energy:                      -16.4937009966 H         -448.8164 eV

SCC converged

Total Forces
    1     -0.006048564179     -0.021544395270      0.054534674942
    2     -0.020532901905     -0.014959568425     -0.089820832086
    3     -0.004650011151     -0.010239149333     -0.014956601894
    4      0.007646759075      0.044735332345     -0.000983778957
    5      0.011318387258     -0.007599007858      0.023856555617
    6     -0.028953999171     -0.041752871971      0.022058174956
    7      0.012662764927      0.026253501690     -0.005280945818
    8      0.017518958592      0.024453729896      0.001981221582
    9      0.017234225944     -0.016084348739     -0.031045025788
   10     -0.068243186149     -0.011234510796      0.065512404176
   11      0.018749149683      0.004676965235     -0.017212011243
   12      0.038950733323      0.046465425893     -0.001541866210
   13      0.009231774476     -0.050536326119     -0.041693369775
   14     -0.004884090722      0.027365223452      0.034591400499

Maximal derivative component:        0.898208E-01 au


