 KPT            1  SPIN            1  KWEIGHT    1.0000000000000000     
     1   -29.650  2.00000
     2   -27.494  2.00000
     3   -25.269  2.00000
     4   -23.007  2.00000
     5   -21.637  2.00000
     6   -20.327  2.00000
     7   -19.157  2.00000
     8   -18.678  2.00000
     9   -18.205  2.00000
    10   -17.564  2.00000
    11   -16.918  2.00000
    12   -16.839  2.00000
    13   -15.968  2.00000
    14   -15.340  2.00000
    15   -14.839  2.00000
    16   -13.553  1.49999
    17   -10.329  0.50001
    18    -3.799  0.00000
    19    -3.252  0.00000
    20     7.692  0.00000
    21    10.172  0.00000
    22    11.909  0.00000
    23    12.119  0.00000
    24    15.482  0.00000
    25    18.446  0.00000
    26    20.021  0.00000
    27    21.962  0.00000
    28    24.124  0.00000
    29    25.911  0.00000
    30    28.483  0.00000
    31    35.845  0.00000
    32    44.407  0.00000

