REKS do not use any electronic distribution function

Calculation with static geometry

********************************************************************************************
  iSCC       reks energy        Diff energy         x_a       SCC error   
   56      -16.4008978498      -0.0000000000     0.999994    0.00000092
********************************************************************************************

 SA-REKS optimizes the avergaed state, not individual states
 These charges do not mean the charges for individual states
 Similarly to this, the values in band.out file indicate
 the band energies and occupations for the averaged state
 If you want to compute the relaxed density,
 please, set 'RelaxedDensity = Yes' option

 Total charge:     1.00000000

 Atomic gross charges (e)
 Atom           Charge
    1      -0.06594981
    2      -0.03673363
    3       0.09210597
    4       0.13656524
    5       0.11103554
    6       0.12410394
    7      -0.17996473
    8       0.11959448
    9       0.10551092
   10       0.19531015
   11       0.09189332
   12      -0.22441960
   13       0.26989886
   14       0.26104935

Nr. of electrons (up):     32.00000000
Atom populations (up)
 Atom       Population
    1       4.06594981
    2       4.03673363
    3       0.90789403
    4       0.86343476
    5       0.88896446
    6       3.87589606
    7       4.17996473
    8       0.88040552
    9       0.89448908
   10       3.80468985
   11       0.90810668
   12       5.22441960
   13       0.73010114
   14       0.73895065

l-shell populations (up)
 Atom Sh.   l       Population
    1   1   0       1.20245930
    1   2   1       2.86349051
    2   1   0       1.18954909
    2   2   1       2.84718454
    3   1   0       0.90789403
    4   1   0       0.86343476
    5   1   0       0.88896446
    6   1   0       1.16793502
    6   2   1       2.70796104
    7   1   0       1.18152244
    7   2   1       2.99844228
    8   1   0       0.88040552
    9   1   0       0.89448908
   10   1   0       1.15697468
   10   2   1       2.64771517
   11   1   0       0.90810668
   12   1   0       1.41821065
   12   2   1       3.80620895
   13   1   0       0.73010114
   14   1   0       0.73895065

Orbital populations (up)
 Atom Sh.   l   m       Population  Label
    1   1   0   0       1.20245930  s
    1   2   1  -1       0.95391298  p_y
    1   2   1   0       0.87702029  p_z
    1   2   1   1       1.03255725  p_x
    2   1   0   0       1.18954909  s
    2   2   1  -1       0.93652245  p_y
    2   2   1   0       0.94406643  p_z
    2   2   1   1       0.96659565  p_x
    3   1   0   0       0.90789403  s
    4   1   0   0       0.86343476  s
    5   1   0   0       0.88896446  s
    6   1   0   0       1.16793502  s
    6   2   1  -1       0.79780902  p_y
    6   2   1   0       0.98262352  p_z
    6   2   1   1       0.92752851  p_x
    7   1   0   0       1.18152244  s
    7   2   1  -1       1.05044540  p_y
    7   2   1   0       1.00145647  p_z
    7   2   1   1       0.94654041  p_x
    8   1   0   0       0.88040552  s
    9   1   0   0       0.89448908  s
   10   1   0   0       1.15697468  s
   10   2   1  -1       0.86136565  p_y
   10   2   1   0       0.91931003  p_z
   10   2   1   1       0.86703949  p_x
   11   1   0   0       0.90810668  s
   12   1   0   0       1.41821065  s
   12   2   1  -1       1.30456926  p_y
   12   2   1   0       1.34703014  p_z
   12   2   1   1       1.15460955  p_x
   13   1   0   0       0.73010114  s
   14   1   0   0       0.73895065  s

Input / Output electrons (q):     32.0000000000

Energy H0:                         -16.3094398097 H         -443.8024 eV
Energy SCC:                          0.0963082342 H            2.6207 eV
Energy SPIN:                        -0.0000012764 H           -0.0000 eV
Energy Fock:                        -0.6689069629 H          -18.2019 eV
Total Electronic energy:           -16.8820398148 H         -459.3837 eV
Repulsive energy:                    0.4231753768 H           11.5152 eV

Excitation Energy:                   0.0000000000 H            0.0000 eV

Total energy:                      -16.4613540191 H         -447.9362 eV

SCC converged

Total Forces
    1      0.006237272242      0.007954733172      0.060993178712
    2     -0.038541997200      0.020908325875     -0.058953738476
    3      0.025137192645     -0.030253600421      0.004592740358
    4     -0.035952708055     -0.021361155452      0.000186022801
    5      0.002601223854      0.001206158132      0.019455085167
    6     -0.007768873357      0.018719464945     -0.009536816016
    7      0.105319942993      0.051001419444     -0.009949609082
    8      0.006761178871     -0.010367702290     -0.011813313194
    9     -0.023480198832      0.000687620108     -0.006606586090
   10     -0.010573755305     -0.036329082429      0.039388805544
   11     -0.011145198943      0.005424261797     -0.012975720123
   12     -0.009870989719     -0.010210857794     -0.038073776105
   13      0.009157814205     -0.028503269716     -0.021380003523
   14     -0.017880903400      0.031123684629      0.044673730027

Maximal derivative component:        0.105320E+00 au


