REKS do not use any electronic distribution function

Calculation with static geometry

********************************************************************************************
  iSCC       reks energy        Diff energy         x_a       SCC error   
  151      -16.4436025043      -0.0000000000     1.000000    0.00000093
********************************************************************************************

 SA-REKS optimizes the avergaed state, not individual states
 These charges do not mean the charges for individual states
 Similarly to this, the values in band.out file indicate
 the band energies and occupations for the averaged state
 If you want to compute the relaxed density,
 please, set 'RelaxedDensity = Yes' option

 Total charge:     1.00000000

 Atomic gross charges (e)
 Atom           Charge
    1      -0.04782367
    2       0.05421026
    3       0.11720370
    4       0.10439682
    5       0.12054801
    6      -0.07876535
    7      -0.17704899
    8       0.15503204
    9       0.11656759
   10       0.20326591
   11       0.11484233
   12      -0.17769828
   13       0.25118907
   14       0.24408056

Nr. of electrons (up):     32.00000000
Atom populations (up)
 Atom       Population
    1       4.04782367
    2       3.94578974
    3       0.88279630
    4       0.89560318
    5       0.87945199
    6       4.07876535
    7       4.17704899
    8       0.84496796
    9       0.88343241
   10       3.79673409
   11       0.88515767
   12       5.17769828
   13       0.74881093
   14       0.75591944

l-shell populations (up)
 Atom Sh.   l       Population
    1   1   0       1.21025042
    1   2   1       2.83757325
    2   1   0       1.17478509
    2   2   1       2.77100465
    3   1   0       0.88279630
    4   1   0       0.89560318
    5   1   0       0.87945199
    6   1   0       1.21396510
    6   2   1       2.86480025
    7   1   0       1.20241403
    7   2   1       2.97463495
    8   1   0       0.84496796
    9   1   0       0.88343241
   10   1   0       1.15216806
   10   2   1       2.64456603
   11   1   0       0.88515767
   12   1   0       1.37084732
   12   2   1       3.80685097
   13   1   0       0.74881093
   14   1   0       0.75591944

Orbital populations (up)
 Atom Sh.   l   m       Population  Label
    1   1   0   0       1.21025042  s
    1   2   1  -1       1.02664100  p_y
    1   2   1   0       0.93489254  p_z
    1   2   1   1       0.87603971  p_x
    2   1   0   0       1.17478509  s
    2   2   1  -1       0.95064246  p_y
    2   2   1   0       0.91597224  p_z
    2   2   1   1       0.90438995  p_x
    3   1   0   0       0.88279630  s
    4   1   0   0       0.89560318  s
    5   1   0   0       0.87945199  s
    6   1   0   0       1.21396510  s
    6   2   1  -1       0.94711490  p_y
    6   2   1   0       0.95099017  p_z
    6   2   1   1       0.96669518  p_x
    7   1   0   0       1.20241403  s
    7   2   1  -1       1.08598255  p_y
    7   2   1   0       1.00186222  p_z
    7   2   1   1       0.88679017  p_x
    8   1   0   0       0.84496796  s
    9   1   0   0       0.88343241  s
   10   1   0   0       1.15216806  s
   10   2   1  -1       0.87864800  p_y
   10   2   1   0       0.84796733  p_z
   10   2   1   1       0.91795070  p_x
   11   1   0   0       0.88515767  s
   12   1   0   0       1.37084732  s
   12   2   1  -1       1.32342461  p_y
   12   2   1   0       1.13115762  p_z
   12   2   1   1       1.35226874  p_x
   13   1   0   0       0.74881093  s
   14   1   0   0       0.75591944  s

Input / Output electrons (q):     32.0000000000

Energy H0:                         -16.3699328037 H         -445.4485 eV
Energy SCC:                          0.1088408790 H            2.9617 eV
Energy SPIN:                        -0.0000000039 H           -0.0000 eV
Energy Fock:                        -0.6578659077 H          -17.9014 eV
Total Electronic energy:           -16.9189578363 H         -460.3883 eV
Repulsive energy:                    0.4072952461 H           11.0831 eV

Excitation Energy:                   0.0000000000 H            0.0000 eV

Total energy:                      -16.5117200976 H         -449.3068 eV

SCC converged

Total Forces
    1     -0.007914604999     -0.014581155136     -0.017626697082
    2     -0.027194949164      0.044967235075     -0.026838293157
    3      0.007211399147      0.006911786099      0.013179903103
    4      0.002897273713     -0.001419781405      0.003030446470
    5      0.013439858686     -0.004613757968      0.016919310053
    6      0.102659819262     -0.019219185483      0.057665761709
    7     -0.052966849606     -0.004226095287     -0.065100997905
    8     -0.027784350736      0.001689716563     -0.009475096326
    9      0.010662732041     -0.002654923607      0.003179365733
   10     -0.021995152026      0.020515774673      0.074027868978
   11     -0.017813383107     -0.027837997720     -0.031228103566
   12      0.023528132660      0.000698927623     -0.007361641273
   13      0.008429430299      0.002216451525     -0.012542014814
   14     -0.013159356171     -0.002446994951      0.002170188078

Maximal derivative component:        0.102660E+00 au


