 KPT            1  SPIN            1  KWEIGHT    1.0000000000000000     
     1   -29.489  2.00000
     2   -27.258  2.00000
     3   -25.430  2.00000
     4   -23.082  2.00000
     5   -20.948  2.00000
     6   -20.415  2.00000
     7   -19.181  2.00000
     8   -18.555  2.00000
     9   -17.683  2.00000
    10   -17.446  2.00000
    11   -16.714  2.00000
    12   -16.357  2.00000
    13   -15.900  2.00000
    14   -15.334  2.00000
    15   -14.453  2.00000
    16   -13.734  1.49996
    17    -9.975  0.50004
    18    -3.304  0.00000
    19    -1.243  0.00000
    20     4.447  0.00000
    21     6.383  0.00000
    22     8.931  0.00000
    23    12.519  0.00000
    24    15.033  0.00000
    25    15.463  0.00000
    26    18.581  0.00000
    27    20.859  0.00000
    28    21.781  0.00000
    29    24.553  0.00000
    30    30.392  0.00000
    31    35.803  0.00000
    32    42.131  0.00000

