REKS do not use any electronic distribution function

Calculation with static geometry

********************************************************************************************
  iSCC       reks energy        Diff energy         x_a       SCC error   
   83      -16.4199355721      -0.0000000000     0.999961    0.00000095
********************************************************************************************

 SA-REKS optimizes the avergaed state, not individual states
 These charges do not mean the charges for individual states
 Similarly to this, the values in band.out file indicate
 the band energies and occupations for the averaged state
 If you want to compute the relaxed density,
 please, set 'RelaxedDensity = Yes' option

 Total charge:     1.00000000

 Atomic gross charges (e)
 Atom           Charge
    1      -0.01333635
    2      -0.02368190
    3       0.12648733
    4       0.09579464
    5       0.08126068
    6       0.04797738
    7      -0.09196414
    8       0.09867656
    9       0.10591452
   10       0.21042974
   11       0.07337187
   12      -0.22219146
   13       0.24589891
   14       0.26536220

Nr. of electrons (up):     32.00000000
Atom populations (up)
 Atom       Population
    1       4.01333635
    2       4.02368190
    3       0.87351267
    4       0.90420536
    5       0.91873932
    6       3.95202262
    7       4.09196414
    8       0.90132344
    9       0.89408548
   10       3.78957026
   11       0.92662813
   12       5.22219146
   13       0.75410109
   14       0.73463780

l-shell populations (up)
 Atom Sh.   l       Population
    1   1   0       1.19999371
    1   2   1       2.81334264
    2   1   0       1.15718363
    2   2   1       2.86649827
    3   1   0       0.87351267
    4   1   0       0.90420536
    5   1   0       0.91873932
    6   1   0       1.18327717
    6   2   1       2.76874544
    7   1   0       1.18843528
    7   2   1       2.90352886
    8   1   0       0.90132344
    9   1   0       0.89408548
   10   1   0       1.13420357
   10   2   1       2.65536670
   11   1   0       0.92662813
   12   1   0       1.40132028
   12   2   1       3.82087118
   13   1   0       0.75410109
   14   1   0       0.73463780

Orbital populations (up)
 Atom Sh.   l   m       Population  Label
    1   1   0   0       1.19999371  s
    1   2   1  -1       0.94768745  p_y
    1   2   1   0       1.00562754  p_z
    1   2   1   1       0.86002765  p_x
    2   1   0   0       1.15718363  s
    2   2   1  -1       0.94457432  p_y
    2   2   1   0       1.00637390  p_z
    2   2   1   1       0.91555005  p_x
    3   1   0   0       0.87351267  s
    4   1   0   0       0.90420536  s
    5   1   0   0       0.91873932  s
    6   1   0   0       1.18327717  s
    6   2   1  -1       0.93858385  p_y
    6   2   1   0       0.91625743  p_z
    6   2   1   1       0.91390416  p_x
    7   1   0   0       1.18843528  s
    7   2   1  -1       0.94020250  p_y
    7   2   1   0       1.00433190  p_z
    7   2   1   1       0.95899446  p_x
    8   1   0   0       0.90132344  s
    9   1   0   0       0.89408548  s
   10   1   0   0       1.13420357  s
   10   2   1  -1       0.94816657  p_y
   10   2   1   0       0.89531870  p_z
   10   2   1   1       0.81188142  p_x
   11   1   0   0       0.92662813  s
   12   1   0   0       1.40132028  s
   12   2   1  -1       1.32450696  p_y
   12   2   1   0       1.42093143  p_z
   12   2   1   1       1.07543278  p_x
   13   1   0   0       0.75410109  s
   14   1   0   0       0.73463780  s

Input / Output electrons (q):     32.0000000000

Energy H0:                         -16.2895291326 H         -443.2606 eV
Energy SCC:                          0.0960684739 H            2.6142 eV
Energy SPIN:                        -0.0000082907 H           -0.0002 eV
Energy Fock:                        -0.6661274970 H          -18.1263 eV
Total Electronic energy:           -16.8595964464 H         -458.7730 eV
Repulsive energy:                    0.3701626759 H           10.0726 eV

Excitation Energy:                   0.0000000000 H            0.0000 eV

Total energy:                      -16.4899890170 H         -448.7154 eV

SCC converged

Total Forces
    1     -0.025055723095     -0.027579298658     -0.016543007143
    2      0.042789833730      0.023648984403      0.012833664577
    3      0.021534381892      0.025317500948      0.006749744601
    4     -0.009874163397     -0.009374053870      0.011687865356
    5     -0.016075300086     -0.020732996656      0.011496561221
    6     -0.023887756550     -0.001374828168     -0.006718584284
    7     -0.001418898292     -0.054700098176      0.060442585983
    8      0.009275452335      0.004508673187     -0.006781348325
    9      0.009345597254      0.036625957627     -0.052604158425
   10      0.008164513410      0.038819533145     -0.054823228152
   11      0.036321028952     -0.010796740345      0.019082800157
   12      0.017501439406     -0.013860161188     -0.015591913026
   13     -0.020594228813     -0.013619090065      0.023782643251
   14     -0.048026176746      0.023116617816      0.006986374210

Maximal derivative component:        0.604426E-01 au


