 KPT            1  SPIN            1  KWEIGHT    1.0000000000000000     
     1   -29.905  2.00000
     2   -27.172  2.00000
     3   -25.617  2.00000
     4   -23.427  2.00000
     5   -21.709  2.00000
     6   -20.013  2.00000
     7   -19.717  2.00000
     8   -18.574  2.00000
     9   -18.077  2.00000
    10   -17.733  2.00000
    11   -17.180  2.00000
    12   -16.610  2.00000
    13   -16.261  2.00000
    14   -15.171  2.00000
    15   -14.349  2.00000
    16   -14.136  1.50000
    17    -9.763  0.50000
    18    -4.532  0.00000
    19    -2.012  0.00000
    20     4.607  0.00000
    21     6.277  0.00000
    22    10.740  0.00000
    23    11.258  0.00000
    24    12.723  0.00000
    25    16.450  0.00000
    26    19.088  0.00000
    27    20.364  0.00000
    28    21.530  0.00000
    29    22.179  0.00000
    30    30.095  0.00000
    31    34.367  0.00000
    32    37.675  0.00000

