REKS do not use any electronic distribution function

Calculation with static geometry

********************************************************************************************
  iSCC       reks energy        Diff energy         x_a       SCC error   
  147      -16.3983880666      -0.0000000000     0.999999    0.00000099
********************************************************************************************

 SA-REKS optimizes the avergaed state, not individual states
 These charges do not mean the charges for individual states
 Similarly to this, the values in band.out file indicate
 the band energies and occupations for the averaged state
 If you want to compute the relaxed density,
 please, set 'RelaxedDensity = Yes' option

 Total charge:     1.00000000

 Atomic gross charges (e)
 Atom           Charge
    1      -0.04510818
    2       0.01005098
    3       0.08643861
    4       0.13507775
    5       0.09245710
    6       0.03099297
    7      -0.07136996
    8       0.08884204
    9       0.11298838
   10       0.15318534
   11       0.11230706
   12      -0.20491416
   13       0.23987856
   14       0.25917351

Nr. of electrons (up):     32.00000000
Atom populations (up)
 Atom       Population
    1       4.04510818
    2       3.98994902
    3       0.91356139
    4       0.86492225
    5       0.90754290
    6       3.96900703
    7       4.07136996
    8       0.91115796
    9       0.88701162
   10       3.84681466
   11       0.88769294
   12       5.20491416
   13       0.76012144
   14       0.74082649

l-shell populations (up)
 Atom Sh.   l       Population
    1   1   0       1.22402149
    1   2   1       2.82108669
    2   1   0       1.19038148
    2   2   1       2.79956754
    3   1   0       0.91356139
    4   1   0       0.86492225
    5   1   0       0.90754290
    6   1   0       1.17961861
    6   2   1       2.78938842
    7   1   0       1.19480512
    7   2   1       2.87656484
    8   1   0       0.91115796
    9   1   0       0.88701162
   10   1   0       1.14200351
   10   2   1       2.70481116
   11   1   0       0.88769294
   12   1   0       1.37168760
   12   2   1       3.83322656
   13   1   0       0.76012144
   14   1   0       0.74082649

Orbital populations (up)
 Atom Sh.   l   m       Population  Label
    1   1   0   0       1.22402149  s
    1   2   1  -1       0.92410220  p_y
    1   2   1   0       0.89387916  p_z
    1   2   1   1       1.00310534  p_x
    2   1   0   0       1.19038148  s
    2   2   1  -1       0.92449309  p_y
    2   2   1   0       0.91190493  p_z
    2   2   1   1       0.96316952  p_x
    3   1   0   0       0.91356139  s
    4   1   0   0       0.86492225  s
    5   1   0   0       0.90754290  s
    6   1   0   0       1.17961861  s
    6   2   1  -1       0.87884494  p_y
    6   2   1   0       0.99437131  p_z
    6   2   1   1       0.91617217  p_x
    7   1   0   0       1.19480512  s
    7   2   1  -1       0.95026864  p_y
    7   2   1   0       0.97093520  p_z
    7   2   1   1       0.95536100  p_x
    8   1   0   0       0.91115796  s
    9   1   0   0       0.88701162  s
   10   1   0   0       1.14200351  s
   10   2   1  -1       0.94077893  p_y
   10   2   1   0       0.85084491  p_z
   10   2   1   1       0.91318732  p_x
   11   1   0   0       0.88769294  s
   12   1   0   0       1.37168760  s
   12   2   1  -1       1.34451991  p_y
   12   2   1   0       1.14689686  p_z
   12   2   1   1       1.34180979  p_x
   13   1   0   0       0.76012144  s
   14   1   0   0       0.74082649  s

Input / Output electrons (q):     32.0000000000

Energy H0:                         -16.2773951008 H         -442.9305 eV
Energy SCC:                          0.1070275821 H            2.9124 eV
Energy SPIN:                        -0.0000002028 H           -0.0000 eV
Energy Fock:                        -0.6679711615 H          -18.1764 eV
Total Electronic energy:           -16.8383388830 H         -458.1945 eV
Repulsive energy:                    0.3647437933 H            9.9252 eV

Excitation Energy:                   0.0000000000 H            0.0000 eV

Total energy:                      -16.4737274834 H         -448.2729 eV

SCC converged

Total Forces
    1      0.019957642206     -0.041228289720     -0.011258328921
    2     -0.041263203261     -0.023061602230     -0.009025254167
    3     -0.005105387677      0.013458422564     -0.004857430825
    4      0.026980137810     -0.003053591173     -0.037062696146
    5      0.017545452426      0.042250027660      0.045763529284
    6     -0.030761306240      0.000550362221     -0.061015782837
    7      0.049566476397      0.068766674004      0.023766591480
    8     -0.011643356258     -0.008213456576      0.032775214935
    9     -0.020360419558     -0.018686036667      0.040265929486
   10     -0.052521518754     -0.076200700403     -0.027997562473
   11      0.026998688938      0.021677500553     -0.004084499594
   12      0.024633136741      0.019440235692      0.008767148819
   13      0.002493073506      0.013805662262      0.022924227492
   14     -0.006519416275     -0.009505208188     -0.018961086534

Maximal derivative component:        0.762007E-01 au


