 KPT            1  SPIN            1  KWEIGHT    1.0000000000000000     
     1   -29.653  2.00000
     2   -27.495  2.00000
     3   -25.564  2.00000
     4   -23.028  2.00000
     5   -21.176  2.00000
     6   -20.782  2.00000
     7   -19.561  2.00000
     8   -18.857  2.00000
     9   -18.254  2.00000
    10   -17.515  2.00000
    11   -17.164  2.00000
    12   -16.666  2.00000
    13   -16.032  2.00000
    14   -15.186  2.00000
    15   -14.820  2.00000
    16   -13.836  1.50000
    17    -9.889  0.50000
    18    -4.761  0.00000
    19    -2.447  0.00000
    20     8.862  0.00000
    21     9.761  0.00000
    22    12.486  0.00000
    23    14.621  0.00000
    24    16.724  0.00000
    25    18.916  0.00000
    26    21.269  0.00000
    27    22.054  0.00000
    28    24.024  0.00000
    29    30.023  0.00000
    30    33.097  0.00000
    31    35.796  0.00000
    32    41.327  0.00000

