REKS do not use any electronic distribution function

Calculation with static geometry

********************************************************************************************
  iSCC       reks energy        Diff energy         x_a       SCC error   
   49       -6.2844201769      -0.0000000000     0.999963    0.00000090
********************************************************************************************

 SA-REKS optimizes the avergaed state, not individual states
 These charges do not mean the charges for individual states
 Similarly to this, the values in band.out file indicate
 the band energies and occupations for the averaged state
 If you want to compute the relaxed density,
 please, set 'RelaxedDensity = Yes' option

 Total charge:     1.00000000

 Atomic gross charges (e)
 Atom           Charge
    1       0.11210676
    2      -0.10280743
    3       0.18848591
    4       0.30749563
    5       0.30992360
    6       0.18479554

Nr. of electrons (up):     12.00000000
Atom populations (up)
 Atom       Population
    1       3.88789324
    2       5.10280743
    3       0.81151409
    4       0.69250437
    5       0.69007640
    6       0.81520446

l-shell populations (up)
 Atom Sh.   l       Population
    1   1   0       1.16976104
    1   2   1       2.71813221
    2   1   0       1.37677800
    2   2   1       3.72602943
    3   1   0       0.81151409
    4   1   0       0.69250437
    5   1   0       0.69007640
    6   1   0       0.81520446

Orbital populations (up)
 Atom Sh.   l   m       Population  Label
    1   1   0   0       1.16976104  s
    1   2   1  -1       0.86748847  p_y
    1   2   1   0       0.88625959  p_z
    1   2   1   1       0.96438415  p_x
    2   1   0   0       1.37677800  s
    2   2   1  -1       1.11799058  p_y
    2   2   1   0       1.11289846  p_z
    2   2   1   1       1.49514039  p_x
    3   1   0   0       0.81151409  s
    4   1   0   0       0.69250437  s
    5   1   0   0       0.69007640  s
    6   1   0   0       0.81520446  s

Input / Output electrons (q):     12.0000000000

Energy H0:                          -6.5350233175 H         -177.8270 eV
Energy SCC:                          0.1353026524 H            3.6818 eV
Energy SPIN:                        -0.0000208731 H           -0.0006 eV
Energy Fock:                        -0.2089031026 H           -5.6845 eV
Total Electronic energy:            -6.6086446409 H         -179.8304 eV
Repulsive energy:                    0.1961595620 H            5.3378 eV

Excitation Energy:                   0.0000000000 H            0.0000 eV

Total energy:                       -6.4126267520 H         -174.4965 eV

SCC converged

Total Forces
    1      0.005067937424      0.011552308880     -0.023092881269
    2     -0.016177806945     -0.009509391845      0.031016794970
    3      0.008765316289     -0.008805599790      0.003719197471
    4      0.014901493496      0.007733530295     -0.002385957841
    5     -0.003184187654     -0.003293900120     -0.008586053912
    6     -0.009372752611      0.002323052580     -0.000671099418

Maximal derivative component:        0.310168E-01 au


