REKS do not use any electronic distribution function

Calculation with static geometry

********************************************************************************************
  iSCC       reks energy        Diff energy         x_a       SCC error   
   35       -6.2848498271      -0.0000000000     0.999979    0.00000095
********************************************************************************************

 SA-REKS optimizes the avergaed state, not individual states
 These charges do not mean the charges for individual states
 Similarly to this, the values in band.out file indicate
 the band energies and occupations for the averaged state
 If you want to compute the relaxed density,
 please, set 'RelaxedDensity = Yes' option

 Total charge:     1.00000000

 Atomic gross charges (e)
 Atom           Charge
    1       0.09592133
    2      -0.09874336
    3       0.18980536
    4       0.30972695
    5       0.30889852
    6       0.19439120

Nr. of electrons (up):     12.00000000
Atom populations (up)
 Atom       Population
    1       3.90407867
    2       5.09874336
    3       0.81019464
    4       0.69027305
    5       0.69110148
    6       0.80560880

l-shell populations (up)
 Atom Sh.   l       Population
    1   1   0       1.17490290
    1   2   1       2.72917577
    2   1   0       1.37878372
    2   2   1       3.71995964
    3   1   0       0.81019464
    4   1   0       0.69027305
    5   1   0       0.69110148
    6   1   0       0.80560880

Orbital populations (up)
 Atom Sh.   l   m       Population  Label
    1   1   0   0       1.17490290  s
    1   2   1  -1       0.85272207  p_y
    1   2   1   0       0.89266164  p_z
    1   2   1   1       0.98379206  p_x
    2   1   0   0       1.37878372  s
    2   2   1  -1       1.10368004  p_y
    2   2   1   0       1.11905446  p_z
    2   2   1   1       1.49722514  p_x
    3   1   0   0       0.81019464  s
    4   1   0   0       0.69027305  s
    5   1   0   0       0.69110148  s
    6   1   0   0       0.80560880  s

Input / Output electrons (q):     12.0000000000

Energy H0:                          -6.5351058855 H         -177.8293 eV
Energy SCC:                          0.1358914923 H            3.6978 eV
Energy SPIN:                        -0.0000121676 H           -0.0003 eV
Energy Fock:                        -0.2088800698 H           -5.6839 eV
Total Electronic energy:            -6.6081066305 H         -179.8157 eV
Repulsive energy:                    0.1905834954 H            5.1860 eV

Excitation Energy:                   0.0000000000 H            0.0000 eV

Total energy:                       -6.4175272389 H         -174.6298 eV

SCC converged

Total Forces
    1     -0.002922934549      0.009245798589     -0.026206326242
    2      0.013350337602     -0.001412646480      0.033454050502
    3     -0.002506545312     -0.004196203722     -0.003876816420
    4     -0.006693948725      0.000553181292     -0.004056517719
    5     -0.003886787309     -0.005948251257     -0.005151014326
    6      0.002659878293      0.001758121579      0.005836624205

Maximal derivative component:        0.334541E-01 au


