REKS do not use any electronic distribution function

Calculation with static geometry

********************************************************************************************
  iSCC       reks energy        Diff energy         x_a       SCC error   
   42       -6.1517112479      -0.0000000000     0.999998    0.00000085
********************************************************************************************

 SA-REKS optimizes the avergaed state, not individual states
 These charges do not mean the charges for individual states
 Similarly to this, the values in band.out file indicate
 the band energies and occupations for the averaged state
 If you want to compute the relaxed density,
 please, set 'RelaxedDensity = Yes' option

 Total charge:     1.00000000

 Atomic gross charges (e)
 Atom           Charge
    1       0.13396327
    2      -0.18995273
    3       0.20470611
    4       0.30482022
    5       0.31806835
    6       0.22839477

Nr. of electrons (up):     12.00000000
Atom populations (up)
 Atom       Population
    1       3.86603673
    2       5.18995273
    3       0.79529389
    4       0.69517978
    5       0.68193165
    6       0.77160523

l-shell populations (up)
 Atom Sh.   l       Population
    1   1   0       1.32853040
    1   2   1       2.53750633
    2   1   0       1.46915395
    2   2   1       3.72079878
    3   1   0       0.79529389
    4   1   0       0.69517978
    5   1   0       0.68193165
    6   1   0       0.77160523

Orbital populations (up)
 Atom Sh.   l   m       Population  Label
    1   1   0   0       1.32853040  s
    1   2   1  -1       0.68208065  p_y
    1   2   1   0       0.94628831  p_z
    1   2   1   1       0.90913738  p_x
    2   1   0   0       1.46915395  s
    2   2   1  -1       1.30709903  p_y
    2   2   1   0       1.23197829  p_z
    2   2   1   1       1.18172146  p_x
    3   1   0   0       0.79529389  s
    4   1   0   0       0.69517978  s
    5   1   0   0       0.68193165  s
    6   1   0   0       0.77160523  s

Input / Output electrons (q):     12.0000000000

Energy H0:                          -6.2286611473 H         -169.4905 eV
Energy SCC:                          0.1492729062 H            4.0619 eV
Energy SPIN:                        -0.0000008318 H           -0.0000 eV
Energy Fock:                        -0.2350854910 H           -6.3970 eV
Total Electronic energy:            -6.3144745640 H         -171.8256 eV
Repulsive energy:                    0.1190613353 H            3.2398 eV

Excitation Energy:                   0.0000000000 H            0.0000 eV

Total energy:                       -6.2109110909 H         -169.0075 eV

SCC converged

Total Forces
    1     -0.056796661890     -0.000342188717      0.120019526961
    2     -0.113310140666      0.053401903805     -0.147919374878
    3     -0.048678725611     -0.027054895281     -0.026467012180
    4      0.132023379813     -0.000142853968      0.074169516733
    5      0.019211531811     -0.033747227418      0.054330416404
    6      0.067550616543      0.007885261578     -0.074133073039

Maximal derivative component:        0.147919E+00 au


