 KPT            1  SPIN            1  KWEIGHT    1.0000000000000000     
     1   -29.653  2.00000
     2   -27.191  2.00000
     3   -25.321  2.00000
     4   -22.939  2.00000
     5   -21.141  2.00000
     6   -20.725  2.00000
     7   -19.308  2.00000
     8   -18.673  2.00000
     9   -18.110  2.00000
    10   -17.011  2.00000
    11   -16.846  2.00000
    12   -16.296  2.00000
    13   -15.814  2.00000
    14   -15.220  2.00000
    15   -15.139  2.00000
    16   -13.616  1.50000
    17    -9.685  0.50000
    18    -4.198  0.00000
    19    -1.518  0.00000
    20     5.609  0.00000
    21     8.037  0.00000
    22    11.074  0.00000
    23    14.200  0.00000
    24    15.080  0.00000
    25    17.660  0.00000
    26    18.189  0.00000
    27    20.762  0.00000
    28    21.294  0.00000
    29    24.065  0.00000
    30    26.399  0.00000
    31    32.599  0.00000
    32    39.492  0.00000

