REKS do not use any electronic distribution function

Calculation with static geometry

********************************************************************************************
  iSCC       reks energy        Diff energy         x_a       SCC error   
   73      -16.4284033626      -0.0000000000     0.999998    0.00000095
********************************************************************************************

 SA-REKS optimizes the avergaed state, not individual states
 These charges do not mean the charges for individual states
 Similarly to this, the values in band.out file indicate
 the band energies and occupations for the averaged state
 If you want to compute the relaxed density,
 please, set 'RelaxedDensity = Yes' option

 Total charge:     1.00000000

 Atomic gross charges (e)
 Atom           Charge
    1      -0.01967355
    2      -0.03978493
    3       0.08228945
    4       0.13070830
    5       0.11992686
    6       0.07211574
    7      -0.11068994
    8       0.09267912
    9       0.10448824
   10       0.15490790
   11       0.11864052
   12      -0.19914068
   13       0.24713927
   14       0.24639369

Nr. of electrons (up):     32.00000000
Atom populations (up)
 Atom       Population
    1       4.01967355
    2       4.03978493
    3       0.91771055
    4       0.86929170
    5       0.88007314
    6       3.92788426
    7       4.11068994
    8       0.90732088
    9       0.89551176
   10       3.84509210
   11       0.88135948
   12       5.19914068
   13       0.75286073
   14       0.75360631

l-shell populations (up)
 Atom Sh.   l       Population
    1   1   0       1.23803261
    1   2   1       2.78164095
    2   1   0       1.17891088
    2   2   1       2.86087405
    3   1   0       0.91771055
    4   1   0       0.86929170
    5   1   0       0.88007314
    6   1   0       1.18959216
    6   2   1       2.73829210
    7   1   0       1.18543463
    7   2   1       2.92525532
    8   1   0       0.90732088
    9   1   0       0.89551176
   10   1   0       1.16273298
   10   2   1       2.68235911
   11   1   0       0.88135948
   12   1   0       1.37665527
   12   2   1       3.82248541
   13   1   0       0.75286073
   14   1   0       0.75360631

Orbital populations (up)
 Atom Sh.   l   m       Population  Label
    1   1   0   0       1.23803261  s
    1   2   1  -1       0.98374338  p_y
    1   2   1   0       0.83515089  p_z
    1   2   1   1       0.96274668  p_x
    2   1   0   0       1.17891088  s
    2   2   1  -1       0.94543022  p_y
    2   2   1   0       0.94375461  p_z
    2   2   1   1       0.97168922  p_x
    3   1   0   0       0.91771055  s
    4   1   0   0       0.86929170  s
    5   1   0   0       0.88007314  s
    6   1   0   0       1.18959216  s
    6   2   1  -1       0.95212549  p_y
    6   2   1   0       0.87558104  p_z
    6   2   1   1       0.91058557  p_x
    7   1   0   0       1.18543463  s
    7   2   1  -1       1.00546855  p_y
    7   2   1   0       1.00690171  p_z
    7   2   1   1       0.91288505  p_x
    8   1   0   0       0.90732088  s
    9   1   0   0       0.89551176  s
   10   1   0   0       1.16273298  s
   10   2   1  -1       0.89110212  p_y
   10   2   1   0       0.91252059  p_z
   10   2   1   1       0.87873639  p_x
   11   1   0   0       0.88135948  s
   12   1   0   0       1.37665527  s
   12   2   1  -1       1.37353555  p_y
   12   2   1   0       1.15006629  p_z
   12   2   1   1       1.29888357  p_x
   13   1   0   0       0.75286073  s
   14   1   0   0       0.75360631  s

Input / Output electrons (q):     32.0000000000

Energy H0:                         -16.3065020754 H         -443.7225 eV
Energy SCC:                          0.1038108624 H            2.8248 eV
Energy SPIN:                        -0.0000006001 H           -0.0000 eV
Energy Fock:                        -0.6610384190 H          -17.9878 eV
Total Electronic energy:           -16.8637302321 H         -458.8854 eV
Repulsive energy:                    0.3691491413 H           10.0451 eV

Excitation Energy:                   0.0000000000 H            0.0000 eV

Total energy:                      -16.4946816709 H         -448.8431 eV

SCC converged

Total Forces
    1      0.006664742491      0.049451684894     -0.017811898534
    2     -0.007803162872     -0.001394672443      0.006416322856
    3     -0.027993114429     -0.052251961773      0.012969220023
    4     -0.012304685345     -0.009506157846      0.002272113142
    5      0.008649272405      0.015961175224     -0.011492334388
    6      0.043940719193     -0.007081449240     -0.000331067919
    7      0.016535947003      0.023055973712     -0.004226981738
    8      0.030860223165      0.006835117038     -0.004299923657
    9     -0.028203869099     -0.019734367665      0.001881238291
   10     -0.056172480267     -0.004067740864      0.040553083610
   11      0.026859154577     -0.012977472918      0.032765154511
   12      0.013713779687      0.030727535884     -0.058781183992
   13     -0.006748464774     -0.000211004111     -0.009065661332
   14     -0.007998061733     -0.018806659891      0.009151919129

Maximal derivative component:        0.587812E-01 au


