REKS do not use any electronic distribution function

Calculation with static geometry

********************************************************************************************
  iSCC       reks energy        Diff energy         x_a       SCC error   
   56       -6.2869636289      -0.0000000000     0.999947    0.00000092
********************************************************************************************

 SA-REKS optimizes the avergaed state, not individual states
 These charges do not mean the charges for individual states
 Similarly to this, the values in band.out file indicate
 the band energies and occupations for the averaged state
 If you want to compute the relaxed density,
 please, set 'RelaxedDensity = Yes' option

 Total charge:     1.00000000

 Atomic gross charges (e)
 Atom           Charge
    1       0.12304559
    2      -0.11696392
    3       0.18305611
    4       0.31145098
    5       0.31087459
    6       0.18853666

Nr. of electrons (up):     12.00000000
Atom populations (up)
 Atom       Population
    1       3.87695441
    2       5.11696392
    3       0.81694389
    4       0.68854902
    5       0.68912541
    6       0.81146334

l-shell populations (up)
 Atom Sh.   l       Population
    1   1   0       1.18321963
    1   2   1       2.69373478
    2   1   0       1.39054598
    2   2   1       3.72641794
    3   1   0       0.81694389
    4   1   0       0.68854902
    5   1   0       0.68912541
    6   1   0       0.81146334

Orbital populations (up)
 Atom Sh.   l   m       Population  Label
    1   1   0   0       1.18321963  s
    1   2   1  -1       0.86137332  p_y
    1   2   1   0       0.88813365  p_z
    1   2   1   1       0.94422782  p_x
    2   1   0   0       1.39054598  s
    2   2   1  -1       1.09244496  p_y
    2   2   1   0       1.12458172  p_z
    2   2   1   1       1.50939126  p_x
    3   1   0   0       0.81694389  s
    4   1   0   0       0.68854902  s
    5   1   0   0       0.68912541  s
    6   1   0   0       0.81146334  s

Input / Output electrons (q):     12.0000000000

Energy H0:                          -6.5130783501 H         -177.2299 eV
Energy SCC:                          0.1348375162 H            3.6691 eV
Energy SPIN:                        -0.0000284338 H           -0.0008 eV
Energy Fock:                        -0.2080785405 H           -5.6621 eV
Total Electronic energy:            -6.5863478082 H         -179.2236 eV
Repulsive energy:                    0.1764397604 H            4.8012 eV

Excitation Energy:                   0.0000000000 H            0.0000 eV

Total energy:                       -6.4100865075 H         -174.4273 eV

SCC converged

Total Forces
    1     -0.006821210163     -0.013697428863      0.003816132475
    2      0.029483774564      0.004220643709     -0.014499322339
    3     -0.009420131549      0.002557466057     -0.000941502814
    4     -0.019509419267      0.002833923018      0.002429406115
    5     -0.001144498890      0.001930884584      0.000426644508
    6      0.007411485304      0.002154511497      0.008768642055

Maximal derivative component:        0.294838E-01 au


