 KPT            1  SPIN            1  KWEIGHT    1.0000000000000000     
     1   -28.994  2.00000
     2   -27.398  2.00000
     3   -25.516  2.00000
     4   -23.209  2.00000
     5   -21.456  2.00000
     6   -20.138  2.00000
     7   -18.809  2.00000
     8   -18.712  2.00000
     9   -17.793  2.00000
    10   -17.296  2.00000
    11   -17.115  2.00000
    12   -16.658  2.00000
    13   -15.889  2.00000
    14   -15.133  2.00000
    15   -14.585  2.00000
    16   -14.421  1.50000
    17   -11.108  0.50000
    18    -3.474  0.00000
    19    -3.014  0.00000
    20     6.006  0.00000
    21     9.936  0.00000
    22    10.732  0.00000
    23    12.042  0.00000
    24    13.178  0.00000
    25    14.734  0.00000
    26    16.365  0.00000
    27    19.191  0.00000
    28    20.932  0.00000
    29    22.851  0.00000
    30    25.334  0.00000
    31    30.320  0.00000
    32    42.053  0.00000

