REKS do not use any electronic distribution function

Calculation with static geometry

********************************************************************************************
  iSCC       reks energy        Diff energy         x_a       SCC error   
  226      -16.4234649552      -0.0000000000     0.999999    0.00000098
********************************************************************************************

 SA-REKS optimizes the avergaed state, not individual states
 These charges do not mean the charges for individual states
 Similarly to this, the values in band.out file indicate
 the band energies and occupations for the averaged state
 If you want to compute the relaxed density,
 please, set 'RelaxedDensity = Yes' option

 Total charge:     1.00000000

 Atomic gross charges (e)
 Atom           Charge
    1      -0.05134184
    2      -0.00734680
    3       0.09952094
    4       0.12805975
    5       0.13537735
    6       0.06283062
    7      -0.11377522
    8       0.12899647
    9       0.11099961
   10       0.18754014
   11       0.11440451
   12      -0.29183603
   13       0.25654707
   14       0.24002342

Nr. of electrons (up):     32.00000000
Atom populations (up)
 Atom       Population
    1       4.05134184
    2       4.00734680
    3       0.90047906
    4       0.87194025
    5       0.86462265
    6       3.93716938
    7       4.11377522
    8       0.87100353
    9       0.88900039
   10       3.81245986
   11       0.88559549
   12       5.29183603
   13       0.74345293
   14       0.75997658

l-shell populations (up)
 Atom Sh.   l       Population
    1   1   0       1.20932741
    1   2   1       2.84201443
    2   1   0       1.16691141
    2   2   1       2.84043539
    3   1   0       0.90047906
    4   1   0       0.87194025
    5   1   0       0.86462265
    6   1   0       1.19639965
    6   2   1       2.74076973
    7   1   0       1.18708878
    7   2   1       2.92668643
    8   1   0       0.87100353
    9   1   0       0.88900039
   10   1   0       1.18399067
   10   2   1       2.62846919
   11   1   0       0.88559549
   12   1   0       1.45237516
   12   2   1       3.83946087
   13   1   0       0.74345293
   14   1   0       0.75997658

Orbital populations (up)
 Atom Sh.   l   m       Population  Label
    1   1   0   0       1.20932741  s
    1   2   1  -1       1.01571978  p_y
    1   2   1   0       0.89288734  p_z
    1   2   1   1       0.93340732  p_x
    2   1   0   0       1.16691141  s
    2   2   1  -1       0.96452698  p_y
    2   2   1   0       0.96151303  p_z
    2   2   1   1       0.91439537  p_x
    3   1   0   0       0.90047906  s
    4   1   0   0       0.87194025  s
    5   1   0   0       0.86462265  s
    6   1   0   0       1.19639965  s
    6   2   1  -1       0.88586627  p_y
    6   2   1   0       0.95587414  p_z
    6   2   1   1       0.89902933  p_x
    7   1   0   0       1.18708878  s
    7   2   1  -1       1.01479281  p_y
    7   2   1   0       0.97209608  p_z
    7   2   1   1       0.93979755  p_x
    8   1   0   0       0.87100353  s
    9   1   0   0       0.88900039  s
   10   1   0   0       1.18399067  s
   10   2   1  -1       0.88125635  p_y
   10   2   1   0       0.91474592  p_z
   10   2   1   1       0.83246692  p_x
   11   1   0   0       0.88559549  s
   12   1   0   0       1.45237516  s
   12   2   1  -1       1.24408623  p_y
   12   2   1   0       1.14962012  p_z
   12   2   1   1       1.44575452  p_x
   13   1   0   0       0.74345293  s
   14   1   0   0       0.75997658  s

Input / Output electrons (q):     32.0000000000

Energy H0:                         -16.2630905442 H         -442.5412 eV
Energy SCC:                          0.0996015679 H            2.7103 eV
Energy SPIN:                        -0.0000001749 H           -0.0000 eV
Energy Fock:                        -0.6609720548 H          -17.9860 eV
Total Electronic energy:           -16.8244612060 H         -457.8169 eV
Repulsive energy:                    0.3425903122 H            9.3224 eV

Excitation Energy:                   0.0000000000 H            0.0000 eV

Total energy:                      -16.4822513575 H         -448.5049 eV

SCC converged

Total Forces
    1     -0.028146578908      0.028564729460     -0.028055300515
    2     -0.021933703646     -0.009174453701      0.011354414933
    3     -0.006404753476     -0.015738511943     -0.011862423947
    4      0.016066673649      0.013874917742      0.005681225351
    5      0.022251847843     -0.012138207430      0.015500361946
    6      0.084004153797     -0.030724927679     -0.030502318719
    7     -0.099658617973      0.011371010909      0.063351690417
    8      0.000281040070      0.015066117441      0.011994261217
    9      0.015807148235     -0.018504100293     -0.043909817210
   10      0.079077050490      0.021845377121      0.013887296574
   11     -0.019042942487      0.042232572049      0.022978363670
   12     -0.057318368310     -0.014037215260     -0.034008748711
   13      0.011891547303     -0.014790342830      0.036103567751
   14      0.003125503413     -0.017846965588     -0.032512572757

Maximal derivative component:        0.996586E-01 au


