REKS do not use any electronic distribution function

Calculation with static geometry

********************************************************************************************
  iSCC       reks energy        Diff energy         x_a       SCC error   
   50       -6.2852857859      -0.0000000000     0.999962    0.00000081
********************************************************************************************

 SA-REKS optimizes the avergaed state, not individual states
 These charges do not mean the charges for individual states
 Similarly to this, the values in band.out file indicate
 the band energies and occupations for the averaged state
 If you want to compute the relaxed density,
 please, set 'RelaxedDensity = Yes' option

 Total charge:     1.00000000

 Atomic gross charges (e)
 Atom           Charge
    1       0.10809391
    2      -0.10261185
    3       0.18673121
    4       0.31028339
    5       0.30985422
    6       0.18764911

Nr. of electrons (up):     12.00000000
Atom populations (up)
 Atom       Population
    1       3.89190609
    2       5.10261185
    3       0.81326879
    4       0.68971661
    5       0.69014578
    6       0.81235089

l-shell populations (up)
 Atom Sh.   l       Population
    1   1   0       1.17381054
    1   2   1       2.71809555
    2   1   0       1.37669996
    2   2   1       3.72591189
    3   1   0       0.81326879
    4   1   0       0.68971661
    5   1   0       0.69014578
    6   1   0       0.81235089

Orbital populations (up)
 Atom Sh.   l   m       Population  Label
    1   1   0   0       1.17381054  s
    1   2   1  -1       0.85885624  p_y
    1   2   1   0       0.89042053  p_z
    1   2   1   1       0.96881879  p_x
    2   1   0   0       1.37669996  s
    2   2   1  -1       1.09704413  p_y
    2   2   1   0       1.11996011  p_z
    2   2   1   1       1.50890764  p_x
    3   1   0   0       0.81326879  s
    4   1   0   0       0.68971661  s
    5   1   0   0       0.69014578  s
    6   1   0   0       0.81235089  s

Input / Output electrons (q):     12.0000000000

Energy H0:                          -6.5326204654 H         -177.7616 eV
Energy SCC:                          0.1353311383 H            3.6825 eV
Energy SPIN:                        -0.0000215449 H           -0.0006 eV
Energy Fock:                        -0.2090308678 H           -5.6880 eV
Total Electronic energy:            -6.6063417398 H         -179.7677 eV
Repulsive energy:                    0.1925565889 H            5.2397 eV

Excitation Energy:                   0.0000000000 H            0.0000 eV

Total energy:                       -6.4139503464 H         -174.5325 eV

SCC converged

Total Forces
    1     -0.001362127250      0.004610261160     -0.029980648162
    2      0.005106829722     -0.002020034292      0.024265696336
    3     -0.010052031104      0.000853102248      0.002994535265
    4     -0.012885692082      0.001343629774     -0.000628535565
    5      0.009140554866     -0.001707982471     -0.000488142177
    6      0.010052465847     -0.003078976419      0.003837094303

Maximal derivative component:        0.299806E-01 au


