 KPT            1  SPIN            1  KWEIGHT    1.0000000000000000     
     1   -29.309  2.00000
     2   -27.176  2.00000
     3   -25.363  2.00000
     4   -22.784  2.00000
     5   -21.179  2.00000
     6   -20.639  2.00000
     7   -19.131  2.00000
     8   -18.502  2.00000
     9   -17.516  2.00000
    10   -17.367  2.00000
    11   -16.907  2.00000
    12   -16.652  2.00000
    13   -15.820  2.00000
    14   -15.189  2.00000
    15   -14.892  2.00000
    16   -13.973  1.50000
    17   -10.140  0.50000
    18    -3.746  0.00000
    19    -2.602  0.00000
    20     7.272  0.00000
    21    10.374  0.00000
    22    12.276  0.00000
    23    13.914  0.00000
    24    15.037  0.00000
    25    16.508  0.00000
    26    18.012  0.00000
    27    18.446  0.00000
    28    21.488  0.00000
    29    21.874  0.00000
    30    24.207  0.00000
    31    28.211  0.00000
    32    39.428  0.00000

