REKS do not use any electronic distribution function

Calculation with static geometry

********************************************************************************************
  iSCC       reks energy        Diff energy         x_a       SCC error   
   63       -6.2843466813      -0.0000000000     0.999931    0.00000085
********************************************************************************************

 SA-REKS optimizes the avergaed state, not individual states
 These charges do not mean the charges for individual states
 Similarly to this, the values in band.out file indicate
 the band energies and occupations for the averaged state
 If you want to compute the relaxed density,
 please, set 'RelaxedDensity = Yes' option

 Total charge:     1.00000000

 Atomic gross charges (e)
 Atom           Charge
    1       0.12316965
    2      -0.11444977
    3       0.18358141
    4       0.31189937
    5       0.31249046
    6       0.18330887

Nr. of electrons (up):     12.00000000
Atom populations (up)
 Atom       Population
    1       3.87683035
    2       5.11444977
    3       0.81641859
    4       0.68810063
    5       0.68750954
    6       0.81669113

l-shell populations (up)
 Atom Sh.   l       Population
    1   1   0       1.17855304
    1   2   1       2.69827731
    2   1   0       1.37919055
    2   2   1       3.73525922
    3   1   0       0.81641859
    4   1   0       0.68810063
    5   1   0       0.68750954
    6   1   0       0.81669113

Orbital populations (up)
 Atom Sh.   l   m       Population  Label
    1   1   0   0       1.17855304  s
    1   2   1  -1       0.86182988  p_y
    1   2   1   0       0.89638016  p_z
    1   2   1   1       0.94006727  p_x
    2   1   0   0       1.37919055  s
    2   2   1  -1       1.09547188  p_y
    2   2   1   0       1.12873334  p_z
    2   2   1   1       1.51105401  p_x
    3   1   0   0       0.81641859  s
    4   1   0   0       0.68810063  s
    5   1   0   0       0.68750954  s
    6   1   0   0       0.81669113  s

Input / Output electrons (q):     12.0000000000

Energy H0:                          -6.5258416797 H         -177.5772 eV
Energy SCC:                          0.1343381136 H            3.6555 eV
Energy SPIN:                        -0.0000365077 H           -0.0010 eV
Energy Fock:                        -0.2091967014 H           -5.6925 eV
Total Electronic energy:            -6.6007367752 H         -179.6152 eV
Repulsive energy:                    0.1927919778 H            5.2461 eV

Excitation Energy:                   0.0000000000 H            0.0000 eV

Total energy:                       -6.4085451004 H         -174.3854 eV

SCC converged

Total Forces
    1     -0.003337589820      0.002537389687     -0.010925690798
    2      0.003072775169     -0.006687238457      0.007335097332
    3     -0.014007408421     -0.002862318755     -0.003100766322
    4     -0.016996640676      0.003473325944      0.006275653546
    5      0.015570540902      0.000873534562      0.004219770554
    6      0.015698322847      0.002665307019     -0.003804064312

Maximal derivative component:        0.169966E-01 au


