 KPT            1  SPIN            1  KWEIGHT    1.0000000000000000     
     1   -29.470  2.00000
     2   -27.264  2.00000
     3   -25.419  2.00000
     4   -23.066  2.00000
     5   -20.971  2.00000
     6   -20.430  2.00000
     7   -19.138  2.00000
     8   -18.549  2.00000
     9   -17.697  2.00000
    10   -17.461  2.00000
    11   -16.691  2.00000
    12   -16.373  2.00000
    13   -15.898  2.00000
    14   -15.345  2.00000
    15   -14.394  2.00000
    16   -13.738  1.49997
    17    -9.952  0.50003
    18    -3.265  0.00000
    19    -1.417  0.00000
    20     4.928  0.00000
    21     6.500  0.00000
    22     9.439  0.00000
    23    12.238  0.00000
    24    15.444  0.00000
    25    16.212  0.00000
    26    19.432  0.00000
    27    21.253  0.00000
    28    22.226  0.00000
    29    24.910  0.00000
    30    30.877  0.00000
    31    36.512  0.00000
    32    42.060  0.00000

