REKS do not use any electronic distribution function

Calculation with static geometry

********************************************************************************************
  iSCC       reks energy        Diff energy         x_a       SCC error   
  110      -16.4158148312      -0.0000000000     0.999973    0.00000095
********************************************************************************************

 SA-REKS optimizes the avergaed state, not individual states
 These charges do not mean the charges for individual states
 Similarly to this, the values in band.out file indicate
 the band energies and occupations for the averaged state
 If you want to compute the relaxed density,
 please, set 'RelaxedDensity = Yes' option

 Total charge:     1.00000000

 Atomic gross charges (e)
 Atom           Charge
    1      -0.01692147
    2      -0.01995241
    3       0.12891150
    4       0.09679001
    5       0.08143313
    6       0.04115966
    7      -0.09721368
    8       0.10146232
    9       0.11051223
   10       0.21383650
   11       0.07397270
   12      -0.22718020
   13       0.24380893
   14       0.26938078

Nr. of electrons (up):     32.00000000
Atom populations (up)
 Atom       Population
    1       4.01692147
    2       4.01995241
    3       0.87108850
    4       0.90320999
    5       0.91856687
    6       3.95884034
    7       4.09721368
    8       0.89853768
    9       0.88948777
   10       3.78616350
   11       0.92602730
   12       5.22718020
   13       0.75619107
   14       0.73061922

l-shell populations (up)
 Atom Sh.   l       Population
    1   1   0       1.19843287
    1   2   1       2.81848860
    2   1   0       1.15931821
    2   2   1       2.86063420
    3   1   0       0.87108850
    4   1   0       0.90320999
    5   1   0       0.91856687
    6   1   0       1.18152740
    6   2   1       2.77731294
    7   1   0       1.18451930
    7   2   1       2.91269438
    8   1   0       0.89853768
    9   1   0       0.88948777
   10   1   0       1.13445199
   10   2   1       2.65171151
   11   1   0       0.92602730
   12   1   0       1.39948901
   12   2   1       3.82769119
   13   1   0       0.75619107
   14   1   0       0.73061922

Orbital populations (up)
 Atom Sh.   l   m       Population  Label
    1   1   0   0       1.19843287  s
    1   2   1  -1       0.95724215  p_y
    1   2   1   0       0.99969428  p_z
    1   2   1   1       0.86155216  p_x
    2   1   0   0       1.15931821  s
    2   2   1  -1       0.94212500  p_y
    2   2   1   0       1.00584875  p_z
    2   2   1   1       0.91266045  p_x
    3   1   0   0       0.87108850  s
    4   1   0   0       0.90320999  s
    5   1   0   0       0.91856687  s
    6   1   0   0       1.18152740  s
    6   2   1  -1       0.93877240  p_y
    6   2   1   0       0.91939064  p_z
    6   2   1   1       0.91914991  p_x
    7   1   0   0       1.18451930  s
    7   2   1  -1       0.94318666  p_y
    7   2   1   0       1.00067825  p_z
    7   2   1   1       0.96882947  p_x
    8   1   0   0       0.89853768  s
    9   1   0   0       0.88948777  s
   10   1   0   0       1.13445199  s
   10   2   1  -1       0.94730585  p_y
   10   2   1   0       0.89455658  p_z
   10   2   1   1       0.80984908  p_x
   11   1   0   0       0.92602730  s
   12   1   0   0       1.39948901  s
   12   2   1  -1       1.31890917  p_y
   12   2   1   0       1.44410574  p_z
   12   2   1   1       1.06467629  p_x
   13   1   0   0       0.75619107  s
   14   1   0   0       0.73061922  s

Input / Output electrons (q):     32.0000000000

Energy H0:                         -16.2975591086 H         -443.4791 eV
Energy SCC:                          0.0965989577 H            2.6286 eV
Energy SPIN:                        -0.0000060704 H           -0.0002 eV
Energy Fock:                        -0.6665153977 H          -18.1368 eV
Total Electronic energy:           -16.8674816190 H         -458.9875 eV
Repulsive energy:                    0.3820425056 H           10.3959 eV

Excitation Energy:                   0.0000000000 H            0.0000 eV

Total energy:                      -16.4858565715 H         -448.6030 eV

SCC converged

Total Forces
    1     -0.018123478986     -0.019382343156     -0.009892408070
    2      0.038682545478      0.019410891102      0.003896482208
    3      0.020413637401      0.023749813904      0.001134717240
    4     -0.014519676449     -0.015251301675      0.015074468375
    5     -0.014808804820     -0.023249869294      0.012537263464
    6     -0.032937619885      0.000050062494      0.004956633557
    7     -0.000830239242     -0.048912235444      0.059344557072
    8      0.007480913993      0.008232532949     -0.019261465473
    9      0.015384935941      0.031490545360     -0.048684329438
   10      0.016123547014      0.036833829536     -0.054554650475
   11      0.036278783809     -0.011475641718      0.021628494096
   12      0.024404353287     -0.007084077279     -0.012329796422
   13     -0.023464067999     -0.013794596504      0.018687434572
   14     -0.054084829542      0.019382389724      0.007462599294

Maximal derivative component:        0.593446E-01 au


