REKS do not use any electronic distribution function

Calculation with static geometry

********************************************************************************************
  iSCC       reks energy        Diff energy         x_a       SCC error   
  101       -6.1366282064      -0.0000000000     0.999977    0.00000091
********************************************************************************************

 SA-REKS optimizes the avergaed state, not individual states
 These charges do not mean the charges for individual states
 Similarly to this, the values in band.out file indicate
 the band energies and occupations for the averaged state
 If you want to compute the relaxed density,
 please, set 'RelaxedDensity = Yes' option

 Total charge:     1.00000000

 Atomic gross charges (e)
 Atom           Charge
    1       0.17868049
    2      -0.22998015
    3       0.18919215
    4       0.32230862
    5       0.35970549
    6       0.18009341

Nr. of electrons (up):     12.00000000
Atom populations (up)
 Atom       Population
    1       3.82131951
    2       5.22998015
    3       0.81080785
    4       0.67769138
    5       0.64029451
    6       0.81990659

l-shell populations (up)
 Atom Sh.   l       Population
    1   1   0       1.31618112
    1   2   1       2.50513840
    2   1   0       1.60157726
    2   2   1       3.62840288
    3   1   0       0.81080785
    4   1   0       0.67769138
    5   1   0       0.64029451
    6   1   0       0.81990659

Orbital populations (up)
 Atom Sh.   l   m       Population  Label
    1   1   0   0       1.31618112  s
    1   2   1  -1       0.80459822  p_y
    1   2   1   0       0.88681372  p_z
    1   2   1   1       0.81372646  p_x
    2   1   0   0       1.60157726  s
    2   2   1  -1       1.28877699  p_y
    2   2   1   0       1.25270718  p_z
    2   2   1   1       1.08691872  p_x
    3   1   0   0       0.81080785  s
    4   1   0   0       0.67769138  s
    5   1   0   0       0.64029451  s
    6   1   0   0       0.81990659  s

Input / Output electrons (q):     12.0000000000

Energy H0:                          -6.1513750136 H         -167.3874 eV
Energy SCC:                          0.1497652159 H            4.0753 eV
Energy SPIN:                        -0.0000077975 H           -0.0002 eV
Energy Fock:                        -0.2343387797 H           -6.3767 eV
Total Electronic energy:            -6.2359563749 H         -169.6890 eV
Repulsive energy:                    0.0657164944 H            1.7882 eV

Excitation Energy:                   0.0000000000 H            0.0000 eV

Total energy:                       -6.1916127903 H         -168.4824 eV

SCC converged

Total Forces
    1     -0.113329351895     -0.021916015139      0.143178747850
    2     -0.010742606490      0.135265927463     -0.134036971957
    3      0.060301052568      0.013895202532     -0.006455661894
    4     -0.078449459532     -0.023552865625      0.021971507411
    5      0.076402561993     -0.043840511085      0.039096594421
    6      0.065817803355     -0.059851738145     -0.063754215831

Maximal derivative component:        0.143179E+00 au


