REKS do not use any electronic distribution function

Calculation with static geometry

********************************************************************************************
  iSCC       reks energy        Diff energy         x_a       SCC error   
   69       -6.2853081858      -0.0000000000     0.999924    0.00000097
********************************************************************************************

 SA-REKS optimizes the avergaed state, not individual states
 These charges do not mean the charges for individual states
 Similarly to this, the values in band.out file indicate
 the band energies and occupations for the averaged state
 If you want to compute the relaxed density,
 please, set 'RelaxedDensity = Yes' option

 Total charge:     1.00000000

 Atomic gross charges (e)
 Atom           Charge
    1       0.12629801
    2      -0.12433783
    3       0.18297998
    4       0.31510965
    5       0.31342366
    6       0.18652653

Nr. of electrons (up):     12.00000000
Atom populations (up)
 Atom       Population
    1       3.87370199
    2       5.12433783
    3       0.81702002
    4       0.68489035
    5       0.68657634
    6       0.81347347

l-shell populations (up)
 Atom Sh.   l       Population
    1   1   0       1.18579085
    1   2   1       2.68791114
    2   1   0       1.38608402
    2   2   1       3.73825380
    3   1   0       0.81702002
    4   1   0       0.68489035
    5   1   0       0.68657634
    6   1   0       0.81347347

Orbital populations (up)
 Atom Sh.   l   m       Population  Label
    1   1   0   0       1.18579085  s
    1   2   1  -1       0.85596526  p_y
    1   2   1   0       0.89485130  p_z
    1   2   1   1       0.93709458  p_x
    2   1   0   0       1.38608402  s
    2   2   1  -1       1.08295807  p_y
    2   2   1   0       1.13174904  p_z
    2   2   1   1       1.52354669  p_x
    3   1   0   0       0.81702002  s
    4   1   0   0       0.68489035  s
    5   1   0   0       0.68657634  s
    6   1   0   0       0.81347347  s

Input / Output electrons (q):     12.0000000000

Energy H0:                          -6.5139479954 H         -177.2535 eV
Energy SCC:                          0.1337830190 H            3.6404 eV
Energy SPIN:                        -0.0000399554 H           -0.0011 eV
Energy Fock:                        -0.2082049496 H           -5.6655 eV
Total Electronic energy:            -6.5884098814 H         -179.2798 eV
Repulsive energy:                    0.1806847664 H            4.9167 eV

Excitation Energy:                   0.0000000000 H            0.0000 eV

Total energy:                       -6.4083367724 H         -174.3797 eV

SCC converged

Total Forces
    1      0.000844301479      0.000699369168      0.022799500238
    2     -0.001141939410      0.004867259617     -0.021956766648
    3     -0.014514039433      0.002158602916     -0.008334917415
    4     -0.015343205354      0.001640845320      0.004175026749
    5      0.016152997655     -0.005927304294      0.007657349839
    6      0.014001885063     -0.003438772727     -0.004340192763

Maximal derivative component:        0.227995E-01 au


