 KPT            1  SPIN            1  KWEIGHT    1.0000000000000000     
     1   -29.633  2.00000
     2   -27.258  2.00000
     3   -25.552  2.00000
     4   -22.763  2.00000
     5   -21.575  2.00000
     6   -20.520  2.00000
     7   -19.404  2.00000
     8   -18.454  2.00000
     9   -17.921  2.00000
    10   -17.551  2.00000
    11   -17.023  2.00000
    12   -16.547  2.00000
    13   -16.378  2.00000
    14   -15.412  2.00000
    15   -14.554  2.00000
    16   -13.705  1.50000
    17    -9.381  0.50000
    18    -3.459  0.00000
    19    -1.057  0.00000
    20     6.230  0.00000
    21     8.834  0.00000
    22    11.837  0.00000
    23    15.355  0.00000
    24    15.709  0.00000
    25    16.850  0.00000
    26    18.852  0.00000
    27    20.107  0.00000
    28    25.739  0.00000
    29    29.797  0.00000
    30    38.064  0.00000
    31    45.211  0.00000
    32    52.301  0.00000

