REKS do not use any electronic distribution function

Calculation with static geometry

********************************************************************************************
  iSCC       reks energy        Diff energy         x_a       SCC error   
   71      -16.4186494061      -0.0000000000     0.999973    0.00000096
********************************************************************************************

 SA-REKS optimizes the avergaed state, not individual states
 These charges do not mean the charges for individual states
 Similarly to this, the values in band.out file indicate
 the band energies and occupations for the averaged state
 If you want to compute the relaxed density,
 please, set 'RelaxedDensity = Yes' option

 Total charge:     1.00000000

 Atomic gross charges (e)
 Atom           Charge
    1       0.00912164
    2      -0.04313275
    3       0.12424281
    4       0.08921242
    5       0.06852350
    6       0.05586730
    7      -0.10572917
    8       0.11676274
    9       0.11297899
   10       0.18583461
   11       0.07751983
   12      -0.18685670
   13       0.25907199
   14       0.23658279

Nr. of electrons (up):     32.00000000
Atom populations (up)
 Atom       Population
    1       3.99087836
    2       4.04313275
    3       0.87575719
    4       0.91078758
    5       0.93147650
    6       3.94413270
    7       4.10572917
    8       0.88323726
    9       0.88702101
   10       3.81416539
   11       0.92248017
   12       5.18685670
   13       0.74092801
   14       0.76341721

l-shell populations (up)
 Atom Sh.   l       Population
    1   1   0       1.20894708
    1   2   1       2.78193128
    2   1   0       1.18668793
    2   2   1       2.85644481
    3   1   0       0.87575719
    4   1   0       0.91078758
    5   1   0       0.93147650
    6   1   0       1.19470623
    6   2   1       2.74942647
    7   1   0       1.18095567
    7   2   1       2.92477349
    8   1   0       0.88323726
    9   1   0       0.88702101
   10   1   0       1.12295157
   10   2   1       2.69121383
   11   1   0       0.92248017
   12   1   0       1.38579648
   12   2   1       3.80106021
   13   1   0       0.74092801
   14   1   0       0.76341721

Orbital populations (up)
 Atom Sh.   l   m       Population  Label
    1   1   0   0       1.20894708  s
    1   2   1  -1       0.98357084  p_y
    1   2   1   0       0.82493553  p_z
    1   2   1   1       0.97342492  p_x
    2   1   0   0       1.18668793  s
    2   2   1  -1       0.95673831  p_y
    2   2   1   0       0.93493649  p_z
    2   2   1   1       0.96477002  p_x
    3   1   0   0       0.87575719  s
    4   1   0   0       0.91078758  s
    5   1   0   0       0.93147650  s
    6   1   0   0       1.19470623  s
    6   2   1  -1       0.96455865  p_y
    6   2   1   0       0.85834741  p_z
    6   2   1   1       0.92652041  p_x
    7   1   0   0       1.18095567  s
    7   2   1  -1       0.97710982  p_y
    7   2   1   0       1.02834356  p_z
    7   2   1   1       0.91932011  p_x
    8   1   0   0       0.88323726  s
    9   1   0   0       0.88702101  s
   10   1   0   0       1.12295157  s
   10   2   1  -1       0.88917687  p_y
   10   2   1   0       0.93529665  p_z
   10   2   1   1       0.86674030  p_x
   11   1   0   0       0.92248017  s
   12   1   0   0       1.38579648  s
   12   2   1  -1       1.29905350  p_y
   12   2   1   0       1.35117116  p_z
   12   2   1   1       1.15083556  p_x
   13   1   0   0       0.74092801  s
   14   1   0   0       0.76341721  s

Input / Output electrons (q):     32.0000000000

Energy H0:                         -16.3117109639 H         -443.8642 eV
Energy SCC:                          0.0993005458 H            2.7021 eV
Energy SPIN:                        -0.0000060213 H           -0.0002 eV
Energy Fock:                        -0.6632356145 H          -18.0476 eV
Total Electronic energy:           -16.8756520540 H         -459.2099 eV
Repulsive energy:                    0.3888974755 H           10.5824 eV

Excitation Energy:                   0.0000000000 H            0.0000 eV

Total energy:                      -16.4873708690 H         -448.6442 eV

SCC converged

Total Forces
    1     -0.055656347563      0.024369465626      0.015278332260
    2      0.061474308452     -0.031616929004     -0.069242357542
    3      0.023590864178      0.009619361944      0.006640834478
    4     -0.009050855615     -0.003014418580      0.000208477682
    5     -0.010572784621      0.019929277083      0.043727932480
    6      0.038284119723     -0.063305859419     -0.014547942980
    7     -0.031685936633      0.021885390739     -0.022296184954
    8      0.008643762661      0.015649383675      0.010280811023
    9      0.005565648364      0.014606471751      0.005474629124
   10     -0.038602483810      0.024672857065      0.076003701046
   11     -0.021057842214      0.003620971063      0.001816237393
   12      0.065657333233     -0.045393947763     -0.044664676358
   13     -0.027454353962     -0.002043596287      0.004612504683
   14     -0.009135432193      0.011021572108     -0.013292298334

Maximal derivative component:        0.760037E-01 au


