REKS do not use any electronic distribution function

Calculation with static geometry

********************************************************************************************
  iSCC       reks energy        Diff energy         x_a       SCC error   
   50       -6.2834515329      -0.0000000000     0.999960    0.00000092
********************************************************************************************

 SA-REKS optimizes the avergaed state, not individual states
 These charges do not mean the charges for individual states
 Similarly to this, the values in band.out file indicate
 the band energies and occupations for the averaged state
 If you want to compute the relaxed density,
 please, set 'RelaxedDensity = Yes' option

 Total charge:     1.00000000

 Atomic gross charges (e)
 Atom           Charge
    1       0.11049322
    2      -0.10488366
    3       0.19164361
    4       0.30865132
    5       0.31063827
    6       0.18345725

Nr. of electrons (up):     12.00000000
Atom populations (up)
 Atom       Population
    1       3.88950678
    2       5.10488366
    3       0.80835639
    4       0.69134868
    5       0.68936173
    6       0.81654275

l-shell populations (up)
 Atom Sh.   l       Population
    1   1   0       1.17641867
    1   2   1       2.71308812
    2   1   0       1.37962851
    2   2   1       3.72525515
    3   1   0       0.80835639
    4   1   0       0.69134868
    5   1   0       0.68936173
    6   1   0       0.81654275

Orbital populations (up)
 Atom Sh.   l   m       Population  Label
    1   1   0   0       1.17641867  s
    1   2   1  -1       0.85661788  p_y
    1   2   1   0       0.89405570  p_z
    1   2   1   1       0.96241453  p_x
    2   1   0   0       1.37962851  s
    2   2   1  -1       1.09583072  p_y
    2   2   1   0       1.12635370  p_z
    2   2   1   1       1.50307073  p_x
    3   1   0   0       0.80835639  s
    4   1   0   0       0.69134868  s
    5   1   0   0       0.68936173  s
    6   1   0   0       0.81654275  s

Input / Output electrons (q):     12.0000000000

Energy H0:                          -6.5292608693 H         -177.6702 eV
Energy SCC:                          0.1352778659 H            3.6811 eV
Energy SPIN:                        -0.0000219962 H           -0.0006 eV
Energy Fock:                        -0.2094611118 H           -5.6997 eV
Total Electronic energy:            -6.6034661114 H         -179.6895 eV
Repulsive energy:                    0.1927029577 H            5.2437 eV

Excitation Energy:                   0.0000000000 H            0.0000 eV

Total energy:                       -6.4109502424 H         -174.4508 eV

SCC converged

Total Forces
    1      0.002203920374     -0.010949584873     -0.025793354673
    2     -0.017268767902     -0.003573696942      0.024729077574
    3     -0.009437674862      0.002374274274      0.006407673502
    4     -0.004060916626      0.005511419196      0.000633464793
    5      0.017083395208      0.004678372604      0.001649202055
    6      0.011480043809      0.001959215741     -0.007626063250

Maximal derivative component:        0.257934E-01 au


