REKS do not use any electronic distribution function

Calculation with static geometry

********************************************************************************************
  iSCC       reks energy        Diff energy         x_a       SCC error   
   47       -6.2832883088      -0.0000000000     0.999968    0.00000092
********************************************************************************************

 SA-REKS optimizes the avergaed state, not individual states
 These charges do not mean the charges for individual states
 Similarly to this, the values in band.out file indicate
 the band energies and occupations for the averaged state
 If you want to compute the relaxed density,
 please, set 'RelaxedDensity = Yes' option

 Total charge:     1.00000000

 Atomic gross charges (e)
 Atom           Charge
    1       0.10785584
    2      -0.10013476
    3       0.18543562
    4       0.30996187
    5       0.30767918
    6       0.18920225

Nr. of electrons (up):     12.00000000
Atom populations (up)
 Atom       Population
    1       3.89214416
    2       5.10013476
    3       0.81456438
    4       0.69003813
    5       0.69232082
    6       0.81079775

l-shell populations (up)
 Atom Sh.   l       Population
    1   1   0       1.16958020
    1   2   1       2.72256396
    2   1   0       1.37622889
    2   2   1       3.72390587
    3   1   0       0.81456438
    4   1   0       0.69003813
    5   1   0       0.69232082
    6   1   0       0.81079775

Orbital populations (up)
 Atom Sh.   l   m       Population  Label
    1   1   0   0       1.16958020  s
    1   2   1  -1       0.86430083  p_y
    1   2   1   0       0.89050853  p_z
    1   2   1   1       0.96775460  p_x
    2   1   0   0       1.37622889  s
    2   2   1  -1       1.11950051  p_y
    2   2   1   0       1.11307676  p_z
    2   2   1   1       1.49132860  p_x
    3   1   0   0       0.81456438  s
    4   1   0   0       0.69003813  s
    5   1   0   0       0.69232082  s
    6   1   0   0       0.81079775  s

Input / Output electrons (q):     12.0000000000

Energy H0:                          -6.5363609277 H         -177.8634 eV
Energy SCC:                          0.1354700321 H            3.6863 eV
Energy SPIN:                        -0.0000183766 H           -0.0005 eV
Energy Fock:                        -0.2094890362 H           -5.7005 eV
Total Electronic energy:            -6.6103983083 H         -179.8781 eV
Repulsive energy:                    0.1978893402 H            5.3848 eV

Excitation Energy:                   0.0000000000 H            0.0000 eV

Total energy:                       -6.4126411689 H         -174.4968 eV

SCC converged

Total Forces
    1     -0.004314687823     -0.008557603422     -0.037059674801
    2      0.016322131192      0.005565693576      0.047122575098
    3      0.009170279309      0.000575898930     -0.001756100678
    4      0.003387992428      0.001689412720     -0.008864958139
    5     -0.015559257269     -0.004625348325     -0.003725569586
    6     -0.009006457837      0.005351946521      0.004283728106

Maximal derivative component:        0.471226E-01 au


