REKS do not use any electronic distribution function

Calculation with static geometry

********************************************************************************************
  iSCC       reks energy        Diff energy         x_a       SCC error   
   51       -6.2055481321      -0.0000000000     1.000000    0.00000083
********************************************************************************************

 SA-REKS optimizes the avergaed state, not individual states
 These charges do not mean the charges for individual states
 Similarly to this, the values in band.out file indicate
 the band energies and occupations for the averaged state
 If you want to compute the relaxed density,
 please, set 'RelaxedDensity = Yes' option

 Total charge:     1.00000000

 Atomic gross charges (e)
 Atom           Charge
    1       0.24676262
    2      -0.19370373
    3       0.17389448
    4       0.31163029
    5       0.30163276
    6       0.15978356

Nr. of electrons (up):     12.00000000
Atom populations (up)
 Atom       Population
    1       3.75323738
    2       5.19370373
    3       0.82610552
    4       0.68836971
    5       0.69836724
    6       0.84021644

l-shell populations (up)
 Atom Sh.   l       Population
    1   1   0       1.29819738
    1   2   1       2.45503999
    2   1   0       1.45313400
    2   2   1       3.74056973
    3   1   0       0.82610552
    4   1   0       0.68836971
    5   1   0       0.69836724
    6   1   0       0.84021644

Orbital populations (up)
 Atom Sh.   l   m       Population  Label
    1   1   0   0       1.29819738  s
    1   2   1  -1       1.00201723  p_y
    1   2   1   0       0.87448996  p_z
    1   2   1   1       0.57853280  p_x
    2   1   0   0       1.45313400  s
    2   2   1  -1       1.19416922  p_y
    2   2   1   0       1.13905340  p_z
    2   2   1   1       1.40734710  p_x
    3   1   0   0       0.82610552  s
    4   1   0   0       0.68836971  s
    5   1   0   0       0.69836724  s
    6   1   0   0       0.84021644  s

Input / Output electrons (q):     12.0000000000

Energy H0:                          -6.2986965671 H         -171.3963 eV
Energy SCC:                          0.1452701776 H            3.9530 eV
Energy SPIN:                        -0.0000001116 H           -0.0000 eV
Energy Fock:                        -0.2207184271 H           -6.0061 eV
Total Electronic energy:            -6.3741449281 H         -173.4493 eV
Repulsive energy:                    0.1384956065 H            3.7687 eV

Excitation Energy:                   0.0000000000 H            0.0000 eV

Total energy:                       -6.2813291184 H         -170.9237 eV

SCC converged

Total Forces
    1      0.010929980446      0.210662848648      0.180823446313
    2     -0.039110599203     -0.034596232271     -0.160230937146
    3      0.005170299745     -0.093436576114      0.022626879701
    4      0.038651333951      0.029729489944      0.003763968980
    5     -0.004358314832      0.013772821848      0.028602128014
    6     -0.011282700108     -0.126132352055     -0.075585485862

Maximal derivative component:        0.210663E+00 au


