 KPT            1  SPIN            1  KWEIGHT    1.0000000000000000     
     1   -29.808  2.00000
     2   -27.176  2.00000
     3   -25.355  2.00000
     4   -22.858  2.00000
     5   -21.335  2.00000
     6   -20.424  2.00000
     7   -19.447  2.00000
     8   -18.954  2.00000
     9   -18.061  2.00000
    10   -17.675  2.00000
    11   -17.028  2.00000
    12   -16.298  2.00000
    13   -15.915  2.00000
    14   -15.075  2.00000
    15   -14.842  2.00000
    16   -13.672  1.50000
    17    -9.650  0.50000
    18    -3.392  0.00000
    19    -1.608  0.00000
    20     7.644  0.00000
    21    10.462  0.00000
    22    11.094  0.00000
    23    15.273  0.00000
    24    17.811  0.00000
    25    19.458  0.00000
    26    20.430  0.00000
    27    21.317  0.00000
    28    24.557  0.00000
    29    26.174  0.00000
    30    36.462  0.00000
    31    41.310  0.00000
    32    43.170  0.00000

