REKS do not use any electronic distribution function

Calculation with static geometry

********************************************************************************************
  iSCC       reks energy        Diff energy         x_a       SCC error   
   82      -16.4287499857      -0.0000000000     0.999996    0.00000094
********************************************************************************************

 SA-REKS optimizes the avergaed state, not individual states
 These charges do not mean the charges for individual states
 Similarly to this, the values in band.out file indicate
 the band energies and occupations for the averaged state
 If you want to compute the relaxed density,
 please, set 'RelaxedDensity = Yes' option

 Total charge:     1.00000000

 Atomic gross charges (e)
 Atom           Charge
    1      -0.04446896
    2      -0.00523451
    3       0.09962344
    4       0.12130843
    5       0.11282010
    6       0.01530883
    7      -0.14054155
    8       0.10944987
    9       0.12188220
   10       0.18501703
   11       0.10638569
   12      -0.19521849
   13       0.26242988
   14       0.25123804

Nr. of electrons (up):     32.00000000
Atom populations (up)
 Atom       Population
    1       4.04446896
    2       4.00523451
    3       0.90037656
    4       0.87869157
    5       0.88717990
    6       3.98469117
    7       4.14054155
    8       0.89055013
    9       0.87811780
   10       3.81498297
   11       0.89361431
   12       5.19521849
   13       0.73757012
   14       0.74876196

l-shell populations (up)
 Atom Sh.   l       Population
    1   1   0       1.19617011
    1   2   1       2.84829884
    2   1   0       1.16491258
    2   2   1       2.84032193
    3   1   0       0.90037656
    4   1   0       0.87869157
    5   1   0       0.88717990
    6   1   0       1.17429027
    6   2   1       2.81040091
    7   1   0       1.16205114
    7   2   1       2.97849041
    8   1   0       0.89055013
    9   1   0       0.87811780
   10   1   0       1.12815607
   10   2   1       2.68682690
   11   1   0       0.89361431
   12   1   0       1.40129072
   12   2   1       3.79392777
   13   1   0       0.73757012
   14   1   0       0.74876196

Orbital populations (up)
 Atom Sh.   l   m       Population  Label
    1   1   0   0       1.19617011  s
    1   2   1  -1       1.02180675  p_y
    1   2   1   0       0.84856020  p_z
    1   2   1   1       0.97793189  p_x
    2   1   0   0       1.16491258  s
    2   2   1  -1       0.95115477  p_y
    2   2   1   0       0.92999932  p_z
    2   2   1   1       0.95916784  p_x
    3   1   0   0       0.90037656  s
    4   1   0   0       0.87869157  s
    5   1   0   0       0.88717990  s
    6   1   0   0       1.17429027  s
    6   2   1  -1       0.95792610  p_y
    6   2   1   0       0.90323211  p_z
    6   2   1   1       0.94924270  p_x
    7   1   0   0       1.16205114  s
    7   2   1  -1       1.01727265  p_y
    7   2   1   0       1.01839352  p_z
    7   2   1   1       0.94282425  p_x
    8   1   0   0       0.89055013  s
    9   1   0   0       0.87811780  s
   10   1   0   0       1.12815607  s
   10   2   1  -1       0.86119338  p_y
   10   2   1   0       0.95264253  p_z
   10   2   1   1       0.87299099  p_x
   11   1   0   0       0.89361431  s
   12   1   0   0       1.40129072  s
   12   2   1  -1       1.40912577  p_y
   12   2   1   0       1.21537748  p_z
   12   2   1   1       1.16942452  p_x
   13   1   0   0       0.73757012  s
   14   1   0   0       0.74876196  s

Input / Output electrons (q):     32.0000000000

Energy H0:                         -16.4170681487 H         -446.7312 eV
Energy SCC:                          0.1048164402 H            2.8522 eV
Energy SPIN:                        -0.0000011094 H           -0.0000 eV
Energy Fock:                        -0.6657485220 H          -18.1159 eV
Total Electronic energy:           -16.9780013398 H         -461.9949 eV
Repulsive energy:                    0.4784380423 H           13.0190 eV

Excitation Energy:                   0.0000000000 H            0.0000 eV

Total energy:                      -16.4995798341 H         -448.9764 eV

SCC converged

Total Forces
    1      0.001624215656      0.009793814351     -0.002195739071
    2      0.015408734830      0.015534919207      0.016662599815
    3     -0.014989944536      0.006125761118      0.000576211967
    4     -0.018921240489     -0.020486304952      0.003529648075
    5      0.001700611910     -0.011129495682      0.001664559657
    6     -0.043086146630     -0.028461458417     -0.043334123200
    7      0.010927458566      0.016945708845     -0.029428595481
    8      0.011623116483      0.014851064060      0.000219245168
    9      0.020232604201     -0.008870023939      0.019736890537
   10     -0.060848205105     -0.030334840378      0.019105891343
   11      0.014877772521     -0.001141534571     -0.019263800283
   12      0.066848728400      0.083749665551      0.070172347448
   13     -0.049341027041     -0.021606992457      0.002371681222
   14      0.043943321234     -0.024970282736     -0.039816817197

Maximal derivative component:        0.837497E-01 au


