REKS do not use any electronic distribution function

Calculation with static geometry

********************************************************************************************
  iSCC       reks energy        Diff energy         x_a       SCC error   
   64       -6.2849731605      -0.0000000000     0.999944    0.00000087
********************************************************************************************

 SA-REKS optimizes the avergaed state, not individual states
 These charges do not mean the charges for individual states
 Similarly to this, the values in band.out file indicate
 the band energies and occupations for the averaged state
 If you want to compute the relaxed density,
 please, set 'RelaxedDensity = Yes' option

 Total charge:     1.00000000

 Atomic gross charges (e)
 Atom           Charge
    1       0.11483818
    2      -0.12331808
    3       0.19121020
    4       0.31512012
    5       0.31386578
    6       0.18828381

Nr. of electrons (up):     12.00000000
Atom populations (up)
 Atom       Population
    1       3.88516182
    2       5.12331808
    3       0.80878980
    4       0.68487988
    5       0.68613422
    6       0.81171619

l-shell populations (up)
 Atom Sh.   l       Population
    1   1   0       1.19035232
    1   2   1       2.69480950
    2   1   0       1.38857120
    2   2   1       3.73474688
    3   1   0       0.80878980
    4   1   0       0.68487988
    5   1   0       0.68613422
    6   1   0       0.81171619

Orbital populations (up)
 Atom Sh.   l   m       Population  Label
    1   1   0   0       1.19035232  s
    1   2   1  -1       0.94861757  p_y
    1   2   1   0       0.89810606  p_z
    1   2   1   1       0.84808587  p_x
    2   1   0   0       1.38857120  s
    2   2   1  -1       1.52093602  p_y
    2   2   1   0       1.13442009  p_z
    2   2   1   1       1.07939077  p_x
    3   1   0   0       0.80878980  s
    4   1   0   0       0.68487988  s
    5   1   0   0       0.68613422  s
    6   1   0   0       0.81171619  s

Input / Output electrons (q):     12.0000000000

Energy H0:                          -6.5106307155 H         -177.1633 eV
Energy SCC:                          0.1340472468 H            3.6476 eV
Energy SPIN:                        -0.0000301597 H           -0.0008 eV
Energy Fock:                        -0.2082231468 H           -5.6660 eV
Total Electronic energy:            -6.5848367752 H         -179.1825 eV
Repulsive energy:                    0.1748089382 H            4.7568 eV

Excitation Energy:                   0.0000000000 H            0.0000 eV

Total energy:                       -6.4103386449 H         -174.4342 eV

SCC converged

Total Forces
    1     -0.003970713689     -0.002435917442      0.026235164094
    2     -0.001395071500      0.002915253539     -0.024557242598
    3     -0.003793661505      0.013164264561     -0.003584063346
    4     -0.004057521852     -0.013611021346      0.003930910319
    5      0.007204958119      0.012070538937      0.008033316002
    6      0.006012010427     -0.012103118249     -0.010058084470

Maximal derivative component:        0.262352E-01 au


