 Fermi distribution function

Calculation with static geometry


********************************************************************************
 iSCC Total electronic   Diff electronic      SCC error    
   12   -0.53641901E+01   -0.36433079E-11    0.18524960E-07
********************************************************************************

 Total charge:     1.00000000

 Atomic gross charges (e)
 Atom           Charge
    1       0.32456228
    2      -0.22573926
    3       0.15976952
    4       0.29900574
    5       0.28655870
    6       0.15584302

Nr. of electrons (up):     12.00000000
Atom populations (up)
 Atom       Population
    1       3.67543772
    2       5.22573926
    3       0.84023048
    4       0.70099426
    5       0.71344130
    6       0.84415698

l-shell populations (up)
 Atom Sh.   l       Population
    1   1   0       1.32458986
    1   2   1       2.35084786
    2   1   0       1.42745743
    2   2   1       3.79828183
    3   1   0       0.84023048
    4   1   0       0.70099426
    5   1   0       0.71344130
    6   1   0       0.84415698

Orbital populations (up)
 Atom Sh.   l   m       Population  Label
    1   1   0   0       1.32458986  s
    1   2   1  -1       0.51612452  p_y
    1   2   1   0       0.88123285  p_z
    1   2   1   1       0.95349050  p_x
    2   1   0   0       1.42745743  s
    2   2   1  -1       1.34789799  p_y
    2   2   1   0       1.06212501  p_z
    2   2   1   1       1.38825883  p_x
    3   1   0   0       0.84023048  s
    4   1   0   0       0.70099426  s
    5   1   0   0       0.71344130  s
    6   1   0   0       0.84415698  s

Fermi level:                        -0.4861312351 H          -13.2283 eV
Band energy:                        -8.7703627913 H         -238.6537 eV
TS:                                  0.0000000000 H            0.0000 eV
Band free energy (E-TS):            -8.7703627913 H         -238.6537 eV
Extrapolated E(0K):                 -8.7703627913 H         -238.6537 eV
Input / Output electrons (q):     12.0000000000     12.0000000000

Energy H0:                          -5.4958002878 H         -149.5483 eV
Energy SCC:                          0.1316101893 H            3.5813 eV
Total Electronic energy:            -5.3641900984 H         -145.9670 eV
Repulsive energy:                    0.1711650482 H            4.6576 eV
Total energy:                       -5.1930250503 H         -141.3094 eV
Extrapolated to 0:                  -5.1930250503 H         -141.3094 eV
Total Mermin free energy:           -5.1930250503 H         -141.3094 eV
Force related energy:               -5.1930250503 H         -141.3094 eV

SCC converged

Excitation Energy:                   0.0927831385 H            2.5248 eV

Total Forces
    1     -0.000591174102      0.000257285820      0.064702038918
    2      0.008068890316     -0.005652012348     -0.062440440049
    3     -0.009091071025      0.014102509106      0.004712531967
    4     -0.020474622018     -0.005263031347     -0.005500273216
    5      0.014136621452      0.012329599364     -0.002982390178
    6      0.007951355378     -0.015774350594      0.001508532558

Maximal derivative component:        0.647020E-01 au


