REKS do not use any electronic distribution function

Calculation with static geometry

********************************************************************************************
  iSCC       reks energy        Diff energy         x_a       SCC error   
   52       -6.2855780331      -0.0000000000     0.999952    0.00000085
********************************************************************************************

 SA-REKS optimizes the avergaed state, not individual states
 These charges do not mean the charges for individual states
 Similarly to this, the values in band.out file indicate
 the band energies and occupations for the averaged state
 If you want to compute the relaxed density,
 please, set 'RelaxedDensity = Yes' option

 Total charge:     1.00000000

 Atomic gross charges (e)
 Atom           Charge
    1       0.11401723
    2      -0.10520313
    3       0.18568111
    4       0.31025882
    5       0.31008042
    6       0.18516555

Nr. of electrons (up):     12.00000000
Atom populations (up)
 Atom       Population
    1       3.88598277
    2       5.10520313
    3       0.81431889
    4       0.68974118
    5       0.68991958
    6       0.81483445

l-shell populations (up)
 Atom Sh.   l       Population
    1   1   0       1.17464748
    1   2   1       2.71133529
    2   1   0       1.37742911
    2   2   1       3.72777401
    3   1   0       0.81431889
    4   1   0       0.68974118
    5   1   0       0.68991958
    6   1   0       0.81483445

Orbital populations (up)
 Atom Sh.   l   m       Population  Label
    1   1   0   0       1.17464748  s
    1   2   1  -1       0.86101620  p_y
    1   2   1   0       0.88843623  p_z
    1   2   1   1       0.96188286  p_x
    2   1   0   0       1.37742911  s
    2   2   1  -1       1.09765883  p_y
    2   2   1   0       1.12026490  p_z
    2   2   1   1       1.50985028  p_x
    3   1   0   0       0.81431889  s
    4   1   0   0       0.68974118  s
    5   1   0   0       0.68991958  s
    6   1   0   0       0.81483445  s

Input / Output electrons (q):     12.0000000000

Energy H0:                          -6.5281824129 H         -177.6409 eV
Energy SCC:                          0.1350997379 H            3.6763 eV
Energy SPIN:                        -0.0000260497 H           -0.0007 eV
Energy Fock:                        -0.2090940877 H           -5.6897 eV
Total Electronic energy:            -6.6022028124 H         -179.6551 eV
Repulsive energy:                    0.1902792019 H            5.1778 eV

Excitation Energy:                   0.0000000000 H            0.0000 eV

Total energy:                       -6.4121613725 H         -174.4838 eV

SCC converged

Total Forces
    1      0.002099025670     -0.002184496776     -0.030205954156
    2     -0.010519138092      0.004556639316      0.018468592586
    3     -0.010970255409      0.002073632091      0.006658102100
    4     -0.008410757439     -0.001249371390     -0.000446598277
    5      0.016357502166     -0.001146127941      0.000796216908
    6      0.011443623103     -0.002050275300      0.004729640840

Maximal derivative component:        0.302060E-01 au


