REKS do not use any electronic distribution function

Calculation with static geometry

********************************************************************************************
  iSCC       reks energy        Diff energy         x_a       SCC error   
   34       -6.1648912011      -0.0000000000     1.000000    0.00000085
********************************************************************************************

 SA-REKS optimizes the avergaed state, not individual states
 These charges do not mean the charges for individual states
 Similarly to this, the values in band.out file indicate
 the band energies and occupations for the averaged state
 If you want to compute the relaxed density,
 please, set 'RelaxedDensity = Yes' option

 Total charge:     1.00000000

 Atomic gross charges (e)
 Atom           Charge
    1       0.32227641
    2      -0.30527225
    3       0.19156280
    4       0.27151371
    5       0.34797260
    6       0.17194673

Nr. of electrons (up):     12.00000000
Atom populations (up)
 Atom       Population
    1       3.67772359
    2       5.30527225
    3       0.80843720
    4       0.72848629
    5       0.65202740
    6       0.82805327

l-shell populations (up)
 Atom Sh.   l       Population
    1   1   0       1.40191151
    1   2   1       2.27581208
    2   1   0       1.56154322
    2   2   1       3.74372903
    3   1   0       0.80843720
    4   1   0       0.72848629
    5   1   0       0.65202740
    6   1   0       0.82805327

Orbital populations (up)
 Atom Sh.   l   m       Population  Label
    1   1   0   0       1.40191151  s
    1   2   1  -1       0.99357604  p_y
    1   2   1   0       0.75841346  p_z
    1   2   1   1       0.52382258  p_x
    2   1   0   0       1.56154322  s
    2   2   1  -1       1.29500200  p_y
    2   2   1   0       1.06346410  p_z
    2   2   1   1       1.38526292  p_x
    3   1   0   0       0.80843720  s
    4   1   0   0       0.72848629  s
    5   1   0   0       0.65202740  s
    6   1   0   0       0.82805327  s

Input / Output electrons (q):     12.0000000000

Energy H0:                          -6.1534166976 H         -167.4430 eV
Energy SCC:                          0.1714879778 H            4.6664 eV
Energy SPIN:                        -0.0000000000 H           -0.0000 eV
Energy Fock:                        -0.2212219415 H           -6.0198 eV
Total Electronic energy:            -6.2031506614 H         -168.7963 eV
Repulsive energy:                    0.0640774862 H            1.7436 eV

Excitation Energy:                   0.0000000000 H            0.0000 eV

Total energy:                       -6.2054420245 H         -168.8587 eV

SCC converged

Total Forces
    1      0.047710902649     -0.083915420240      0.090078948573
    2      0.036501216272      0.054221328485     -0.047926267273
    3      0.000785371449     -0.001124942744      0.004880856323
    4     -0.004908584026     -0.015563408916      0.013468988955
    5     -0.048934355136     -0.026986117498     -0.069633081516
    6     -0.031154551208      0.073368560914      0.009130554939

Maximal derivative component:        0.900789E-01 au


