 Fermi distribution function

Calculation with static geometry


********************************************************************************
 iSCC Total electronic   Diff electronic      SCC error    
    9   -0.54143039E+01   -0.16342483E-12    0.32219940E-07
********************************************************************************

 Total charge:     1.00000000

 Atomic gross charges (e)
 Atom           Charge
    1       0.18564050
    2      -0.05928166
    3       0.16951826
    4       0.27100056
    5       0.26860912
    6       0.16451323

Nr. of electrons (up):     12.00000000
Atom populations (up)
 Atom       Population
    1       3.81435950
    2       5.05928166
    3       0.83048174
    4       0.72899944
    5       0.73139088
    6       0.83548677

l-shell populations (up)
 Atom Sh.   l       Population
    1   1   0       1.32978445
    1   2   1       2.48457505
    2   1   0       1.44385219
    2   2   1       3.61542947
    3   1   0       0.83048174
    4   1   0       0.72899944
    5   1   0       0.73139088
    6   1   0       0.83548677

Orbital populations (up)
 Atom Sh.   l   m       Population  Label
    1   1   0   0       1.32978445  s
    1   2   1  -1       0.58167715  p_y
    1   2   1   0       0.87368661  p_z
    1   2   1   1       1.02921130  p_x
    2   1   0   0       1.44385219  s
    2   2   1  -1       1.36702697  p_y
    2   2   1   0       1.09233063  p_z
    2   2   1   1       1.15607188  p_x
    3   1   0   0       0.83048174  s
    4   1   0   0       0.72899944  s
    5   1   0   0       0.73139088  s
    6   1   0   0       0.83548677  s

Fermi level:                        -0.5021819433 H          -13.6651 eV
Band energy:                        -8.9188678278 H         -242.6947 eV
TS:                                  0.0000000000 H            0.0000 eV
Band free energy (E-TS):            -8.9188678278 H         -242.6947 eV
Extrapolated E(0K):                 -8.9188678278 H         -242.6947 eV
Input / Output electrons (q):     12.0000000000     12.0000000000

Energy H0:                          -5.5473445260 H         -150.9509 eV
Energy SCC:                          0.1330405904 H            3.6202 eV
Total Electronic energy:            -5.4143039356 H         -147.3307 eV
Repulsive energy:                    0.1741794411 H            4.7397 eV
Total energy:                       -5.2401244946 H         -142.5910 eV
Extrapolated to 0:                  -5.2401244946 H         -142.5910 eV
Total Mermin free energy:           -5.2401244946 H         -142.5910 eV
Force related energy:               -5.2401244946 H         -142.5910 eV

SCC converged

Excitation Energy:                   0.1713248798 H            4.6620 eV

Total Forces
    1      0.005044231538      0.004170059239      0.056825275856
    2     -0.019869078758      0.006539251993     -0.056646635148
    3     -0.011277177808     -0.004880786839      0.001632823011
    4      0.004594825737      0.004084707283      0.007421554935
    5      0.016695556838     -0.006102886608     -0.007522156969
    6      0.004811642454     -0.003810345069     -0.001710861686

Maximal derivative component:        0.568253E-01 au


