 KPT            1  SPIN            1  KWEIGHT    1.0000000000000000     
     1   -30.188  2.00000
     2   -27.355  2.00000
     3   -25.377  2.00000
     4   -23.540  2.00000
     5   -21.743  2.00000
     6   -20.394  2.00000
     7   -19.720  2.00000
     8   -19.167  2.00000
     9   -18.412  2.00000
    10   -17.997  2.00000
    11   -17.040  2.00000
    12   -16.918  2.00000
    13   -16.022  2.00000
    14   -15.729  2.00000
    15   -14.685  2.00000
    16   -13.694  1.50000
    17    -9.207  0.50000
    18    -4.075  0.00000
    19    -0.975  0.00000
    20     9.444  0.00000
    21    10.582  0.00000
    22    15.823  0.00000
    23    17.321  0.00000
    24    20.669  0.00000
    25    20.887  0.00000
    26    21.385  0.00000
    27    27.848  0.00000
    28    29.935  0.00000
    29    30.683  0.00000
    30    35.334  0.00000
    31    45.720  0.00000
    32    48.653  0.00000

