REKS do not use any electronic distribution function

Calculation with static geometry

********************************************************************************************
  iSCC       reks energy        Diff energy         x_a       SCC error   
   87      -16.4134045064      -0.0000000000     1.000000    0.00000096
********************************************************************************************

 SA-REKS optimizes the avergaed state, not individual states
 These charges do not mean the charges for individual states
 Similarly to this, the values in band.out file indicate
 the band energies and occupations for the averaged state
 If you want to compute the relaxed density,
 please, set 'RelaxedDensity = Yes' option

 Total charge:     1.00000000

 Atomic gross charges (e)
 Atom           Charge
    1      -0.08274366
    2      -0.03450053
    3       0.09674960
    4       0.12464825
    5       0.12133328
    6       0.06032900
    7      -0.09678106
    8       0.11325561
    9       0.11670396
   10       0.13374157
   11       0.10866259
   12      -0.14555395
   13       0.24820702
   14       0.23594831

Nr. of electrons (up):     32.00000000
Atom populations (up)
 Atom       Population
    1       4.08274366
    2       4.03450053
    3       0.90325040
    4       0.87535175
    5       0.87866672
    6       3.93967100
    7       4.09678106
    8       0.88674439
    9       0.88329604
   10       3.86625843
   11       0.89133741
   12       5.14555395
   13       0.75179298
   14       0.76405169

l-shell populations (up)
 Atom Sh.   l       Population
    1   1   0       1.19883415
    1   2   1       2.88390950
    2   1   0       1.13812698
    2   2   1       2.89637355
    3   1   0       0.90325040
    4   1   0       0.87535175
    5   1   0       0.87866672
    6   1   0       1.14485248
    6   2   1       2.79481852
    7   1   0       1.16137557
    7   2   1       2.93540549
    8   1   0       0.88674439
    9   1   0       0.88329604
   10   1   0       1.11881598
   10   2   1       2.74744245
   11   1   0       0.89133741
   12   1   0       1.35506461
   12   2   1       3.79048934
   13   1   0       0.75179298
   14   1   0       0.76405169

Orbital populations (up)
 Atom Sh.   l   m       Population  Label
    1   1   0   0       1.19883415  s
    1   2   1  -1       1.01389037  p_y
    1   2   1   0       0.94475158  p_z
    1   2   1   1       0.92526756  p_x
    2   1   0   0       1.13812698  s
    2   2   1  -1       0.97799956  p_y
    2   2   1   0       0.92052799  p_z
    2   2   1   1       0.99784599  p_x
    3   1   0   0       0.90325040  s
    4   1   0   0       0.87535175  s
    5   1   0   0       0.87866672  s
    6   1   0   0       1.14485248  s
    6   2   1  -1       0.84578678  p_y
    6   2   1   0       1.00352938  p_z
    6   2   1   1       0.94550237  p_x
    7   1   0   0       1.16137557  s
    7   2   1  -1       1.00894400  p_y
    7   2   1   0       0.95725744  p_z
    7   2   1   1       0.96920406  p_x
    8   1   0   0       0.88674439  s
    9   1   0   0       0.88329604  s
   10   1   0   0       1.11881598  s
   10   2   1  -1       0.91719478  p_y
   10   2   1   0       0.93358840  p_z
   10   2   1   1       0.89665928  p_x
   11   1   0   0       0.89133741  s
   12   1   0   0       1.35506461  s
   12   2   1  -1       1.44674744  p_y
   12   2   1   0       1.20780256  p_z
   12   2   1   1       1.13593934  p_x
   13   1   0   0       0.75179298  s
   14   1   0   0       0.76405169  s

Input / Output electrons (q):     32.0000000000

Energy H0:                         -16.5259035968 H         -449.6927 eV
Energy SCC:                          0.1133092534 H            3.0833 eV
Energy SPIN:                        -0.0000000920 H           -0.0000 eV
Energy Fock:                        -0.6712397427 H          -18.2654 eV
Total Electronic energy:           -17.0838341781 H         -464.8748 eV
Repulsive energy:                    0.5941834280 H           16.1686 eV

Excitation Energy:                   0.0000000000 H            0.0000 eV

Total energy:                      -16.4902101020 H         -448.7214 eV

SCC converged

Total Forces
    1     -0.027143881990      0.029672709581      0.052121855968
    2     -0.014918788190     -0.058755448211     -0.041820852800
    3      0.005795957612     -0.007438657617      0.004073172761
    4      0.009834565475      0.001556566696     -0.005058799418
    5     -0.026723079238     -0.037667776686      0.007501428185
    6      0.063406665292      0.082498057294      0.106270347413
    7     -0.001580712884     -0.018577542631     -0.001526701757
    8     -0.016481502096     -0.006356043842     -0.096265962140
    9      0.022801630288      0.009921027141     -0.036108630343
   10     -0.077298504502      0.031359212343     -0.029189339422
   11     -0.042910358464      0.011242426246      0.033066297357
   12      0.111456400277     -0.052613845531     -0.006374737408
   13      0.000217203179      0.015838264479      0.017174382312
   14     -0.006455594758     -0.000678949263     -0.003862460708

Maximal derivative component:        0.111456E+00 au


