 KPT            1  SPIN            1  KWEIGHT    1.0000000000000000     
     1   -29.523  2.00000
     2   -27.278  2.00000
     3   -25.426  2.00000
     4   -22.950  2.00000
     5   -21.141  2.00000
     6   -20.337  2.00000
     7   -19.197  2.00000
     8   -18.602  2.00000
     9   -17.784  2.00000
    10   -17.409  2.00000
    11   -16.688  2.00000
    12   -16.159  2.00000
    13   -15.886  2.00000
    14   -15.703  2.00000
    15   -14.445  2.00000
    16   -13.484  1.49994
    17    -9.954  0.50006
    18    -3.500  0.00000
    19    -0.897  0.00000
    20     4.947  0.00000
    21     6.804  0.00000
    22     8.089  0.00000
    23    14.930  0.00000
    24    15.834  0.00000
    25    16.349  0.00000
    26    17.397  0.00000
    27    18.330  0.00000
    28    22.081  0.00000
    29    26.020  0.00000
    30    28.246  0.00000
    31    36.604  0.00000
    32    43.675  0.00000

