REKS do not use any electronic distribution function

Calculation with static geometry

********************************************************************************************
  iSCC       reks energy        Diff energy         x_a       SCC error   
  206      -16.4116427092      -0.0000000000     0.999944    0.00000098
********************************************************************************************

 SA-REKS optimizes the avergaed state, not individual states
 These charges do not mean the charges for individual states
 Similarly to this, the values in band.out file indicate
 the band energies and occupations for the averaged state
 If you want to compute the relaxed density,
 please, set 'RelaxedDensity = Yes' option

 Total charge:     1.00000000

 Atomic gross charges (e)
 Atom           Charge
    1      -0.00831074
    2      -0.03169181
    3       0.10970169
    4       0.12971740
    5       0.08322702
    6       0.05398862
    7      -0.11537851
    8       0.07680463
    9       0.11930630
   10       0.19145369
   11       0.09047392
   12      -0.21368887
   13       0.27615055
   14       0.23824610

Nr. of electrons (up):     32.00000000
Atom populations (up)
 Atom       Population
    1       4.00831074
    2       4.03169181
    3       0.89029831
    4       0.87028260
    5       0.91677298
    6       3.94601138
    7       4.11537851
    8       0.92319537
    9       0.88069370
   10       3.80854631
   11       0.90952608
   12       5.21368887
   13       0.72384945
   14       0.76175390

l-shell populations (up)
 Atom Sh.   l       Population
    1   1   0       1.19777474
    1   2   1       2.81053600
    2   1   0       1.17211758
    2   2   1       2.85957423
    3   1   0       0.89029831
    4   1   0       0.87028260
    5   1   0       0.91677298
    6   1   0       1.20548795
    6   2   1       2.74052343
    7   1   0       1.17522008
    7   2   1       2.94015844
    8   1   0       0.92319537
    9   1   0       0.88069370
   10   1   0       1.13052018
   10   2   1       2.67802613
   11   1   0       0.90952608
   12   1   0       1.39437259
   12   2   1       3.81931628
   13   1   0       0.72384945
   14   1   0       0.76175390

Orbital populations (up)
 Atom Sh.   l   m       Population  Label
    1   1   0   0       1.19777474  s
    1   2   1  -1       1.00744570  p_y
    1   2   1   0       0.82533038  p_z
    1   2   1   1       0.97775991  p_x
    2   1   0   0       1.17211758  s
    2   2   1  -1       0.97971478  p_y
    2   2   1   0       0.96414358  p_z
    2   2   1   1       0.91571587  p_x
    3   1   0   0       0.89029831  s
    4   1   0   0       0.87028260  s
    5   1   0   0       0.91677298  s
    6   1   0   0       1.20548795  s
    6   2   1  -1       0.92454908  p_y
    6   2   1   0       0.86589045  p_z
    6   2   1   1       0.95008390  p_x
    7   1   0   0       1.17522008  s
    7   2   1  -1       0.96041023  p_y
    7   2   1   0       1.00913021  p_z
    7   2   1   1       0.97061800  p_x
    8   1   0   0       0.92319537  s
    9   1   0   0       0.88069370  s
   10   1   0   0       1.13052018  s
   10   2   1  -1       0.91896750  p_y
   10   2   1   0       0.92390398  p_z
   10   2   1   1       0.83515465  p_x
   11   1   0   0       0.90952608  s
   12   1   0   0       1.39437259  s
   12   2   1  -1       1.33845097  p_y
   12   2   1   0       1.39414573  p_z
   12   2   1   1       1.08671957  p_x
   13   1   0   0       0.72384945  s
   14   1   0   0       0.76175390  s

Input / Output electrons (q):     32.0000000000

Energy H0:                         -16.2899838711 H         -443.2730 eV
Energy SCC:                          0.0985654764 H            2.6821 eV
Energy SPIN:                        -0.0000127009 H           -0.0003 eV
Energy Fock:                        -0.6671889528 H          -18.1551 eV
Total Electronic energy:           -16.8586200485 H         -458.7464 eV
Repulsive energy:                    0.3817591472 H           10.3882 eV

Excitation Energy:                   0.0000000000 H            0.0000 eV

Total energy:                      -16.4770362155 H         -448.3630 eV

SCC converged

Total Forces
    1     -0.018202029717      0.025401496686     -0.001252899331
    2      0.107948842800     -0.030809594759     -0.047521288696
    3     -0.011719760563     -0.009167098067     -0.000415752700
    4     -0.001245267905     -0.004686505292      0.006950090755
    5     -0.062176559356     -0.011618791357      0.011138830063
    6     -0.073051298108      0.054164516152      0.055905915730
    7      0.040157612490      0.016479783580     -0.012372267375
    8      0.019285362232     -0.049942038221     -0.015151242181
    9      0.008779944389      0.010559066981      0.002968364111
   10      0.026744335145      0.002282722398      0.000163578430
   11      0.008773436489      0.038364597152      0.011865009375
   12      0.022752582884     -0.033728529566     -0.014612435287
   13     -0.044732048821     -0.017766493026     -0.007528169078
   14     -0.023315151960      0.010466867339      0.009862266184

Maximal derivative component:        0.107949E+00 au


