REKS do not use any electronic distribution function

Calculation with static geometry

********************************************************************************************
  iSCC       reks energy        Diff energy         x_a       SCC error   
   38       -6.2829687530      -0.0000000000     0.999981    0.00000079
********************************************************************************************

 SA-REKS optimizes the avergaed state, not individual states
 These charges do not mean the charges for individual states
 Similarly to this, the values in band.out file indicate
 the band energies and occupations for the averaged state
 If you want to compute the relaxed density,
 please, set 'RelaxedDensity = Yes' option

 Total charge:     1.00000000

 Atomic gross charges (e)
 Atom           Charge
    1       0.09565319
    2      -0.09642917
    3       0.19406515
    4       0.30796617
    5       0.31025140
    6       0.18849325

Nr. of electrons (up):     12.00000000
Atom populations (up)
 Atom       Population
    1       3.90434681
    2       5.09642917
    3       0.80593485
    4       0.69203383
    5       0.68974860
    6       0.81150675

l-shell populations (up)
 Atom Sh.   l       Population
    1   1   0       1.17142112
    1   2   1       2.73292569
    2   1   0       1.37838605
    2   2   1       3.71804311
    3   1   0       0.80593485
    4   1   0       0.69203383
    5   1   0       0.68974860
    6   1   0       0.81150675

Orbital populations (up)
 Atom Sh.   l   m       Population  Label
    1   1   0   0       1.17142112  s
    1   2   1  -1       0.85324416  p_y
    1   2   1   0       0.89304119  p_z
    1   2   1   1       0.98664033  p_x
    2   1   0   0       1.37838605  s
    2   2   1  -1       1.09809412  p_y
    2   2   1   0       1.12073095  p_z
    2   2   1   1       1.49921805  p_x
    3   1   0   0       0.80593485  s
    4   1   0   0       0.69203383  s
    5   1   0   0       0.68974860  s
    6   1   0   0       0.81150675  s

Input / Output electrons (q):     12.0000000000

Energy H0:                          -6.5393678005 H         -177.9453 eV
Energy SCC:                          0.1360804591 H            3.7029 eV
Energy SPIN:                        -0.0000114996 H           -0.0003 eV
Energy Fock:                        -0.2093220659 H           -5.6959 eV
Total Electronic energy:            -6.6126209068 H         -179.9386 eV
Repulsive energy:                    0.1965461879 H            5.3483 eV

Excitation Energy:                   0.0000000000 H            0.0000 eV

Total energy:                       -6.4160749484 H         -174.5903 eV

SCC converged

Total Forces
    1      0.008172866119      0.004657135220     -0.034618095307
    2     -0.021282983953      0.012061495152      0.048048222612
    3     -0.001290488642     -0.001148232421      0.003111873869
    4      0.008158857736     -0.010027587182     -0.005438708386
    5      0.006787399563     -0.004264511112     -0.006166753070
    6     -0.000545650823     -0.001278299657     -0.004936539719

Maximal derivative component:        0.480482E-01 au


