 KPT            1  SPIN            1  KWEIGHT    1.0000000000000000     
     1   -29.980  2.00000
     2   -27.266  2.00000
     3   -25.451  2.00000
     4   -23.449  2.00000
     5   -21.537  2.00000
     6   -20.251  2.00000
     7   -19.636  2.00000
     8   -18.957  2.00000
     9   -18.057  2.00000
    10   -17.783  2.00000
    11   -16.889  2.00000
    12   -16.522  2.00000
    13   -16.298  2.00000
    14   -15.261  2.00000
    15   -14.827  2.00000
    16   -13.931  1.50000
    17    -9.872  0.50000
    18    -3.934  0.00000
    19    -2.142  0.00000
    20     7.410  0.00000
    21     8.144  0.00000
    22     9.247  0.00000
    23    12.464  0.00000
    24    15.744  0.00000
    25    18.202  0.00000
    26    19.070  0.00000
    27    20.714  0.00000
    28    24.034  0.00000
    29    25.802  0.00000
    30    32.594  0.00000
    31    35.063  0.00000
    32    40.026  0.00000

