REKS do not use any electronic distribution function

Calculation with static geometry

********************************************************************************************
  iSCC       reks energy        Diff energy         x_a       SCC error   
   52       -6.1739249649      -0.0000000000     0.999808    0.00000096
********************************************************************************************

 SA-REKS optimizes the avergaed state, not individual states
 These charges do not mean the charges for individual states
 Similarly to this, the values in band.out file indicate
 the band energies and occupations for the averaged state
 If you want to compute the relaxed density,
 please, set 'RelaxedDensity = Yes' option

 Total charge:     1.00000000

 Atomic gross charges (e)
 Atom           Charge
    1       0.29310881
    2      -0.18219490
    3       0.07720711
    4       0.32301118
    5       0.29866407
    6       0.19020373

Nr. of electrons (up):     12.00000000
Atom populations (up)
 Atom       Population
    1       3.70689119
    2       5.18219490
    3       0.92279289
    4       0.67698882
    5       0.70133593
    6       0.80979627

l-shell populations (up)
 Atom Sh.   l       Population
    1   1   0       1.30996279
    1   2   1       2.39692839
    2   1   0       1.50160773
    2   2   1       3.68058718
    3   1   0       0.92279289
    4   1   0       0.67698882
    5   1   0       0.70133593
    6   1   0       0.80979627

Orbital populations (up)
 Atom Sh.   l   m       Population  Label
    1   1   0   0       1.30996279  s
    1   2   1  -1       0.74485323  p_y
    1   2   1   0       0.89153027  p_z
    1   2   1   1       0.76054489  p_x
    2   1   0   0       1.50160773  s
    2   2   1  -1       1.29237466  p_y
    2   2   1   0       1.14243631  p_z
    2   2   1   1       1.24577620  p_x
    3   1   0   0       0.92279289  s
    4   1   0   0       0.67698882  s
    5   1   0   0       0.70133593  s
    6   1   0   0       0.80979627  s

Input / Output electrons (q):     12.0000000000

Energy H0:                          -6.0764430221 H         -165.3484 eV
Energy SCC:                          0.1383309657 H            3.7642 eV
Energy SPIN:                        -0.0351682324 H           -0.9570 eV
Energy Fock:                        -0.2622174698 H           -7.1353 eV
Total Electronic energy:            -6.2354977586 H         -169.6765 eV
Repulsive energy:                    0.0623840079 H            1.6976 eV

Excitation Energy:                   0.0059636176 H            0.1623 eV

Total energy:                       -6.1709431561 H         -167.9199 eV

SCC converged

Total Forces
    1      0.109964805099      0.052188130556      0.037623183234
    2     -0.050730438475     -0.106553389380     -0.012378174048
    3     -0.072057786664     -0.021241905669     -0.005328763642
    4      0.021150097667      0.059639543876     -0.063637123948
    5      0.015709544766      0.035536157183      0.019738671832
    6     -0.024036222393     -0.019568536566      0.023982206573

Maximal derivative component:        0.109965E+00 au


