REKS do not use any electronic distribution function

Calculation with static geometry

********************************************************************************************
  iSCC       reks energy        Diff energy         x_a       SCC error   
   52       -6.2855770723      -0.0000000000     0.999965    0.00000087
********************************************************************************************

 SA-REKS optimizes the avergaed state, not individual states
 These charges do not mean the charges for individual states
 Similarly to this, the values in band.out file indicate
 the band energies and occupations for the averaged state
 If you want to compute the relaxed density,
 please, set 'RelaxedDensity = Yes' option

 Total charge:     1.00000000

 Atomic gross charges (e)
 Atom           Charge
    1       0.10462326
    2      -0.10882708
    3       0.18925322
    4       0.31131483
    5       0.31077850
    6       0.19285727

Nr. of electrons (up):     12.00000000
Atom populations (up)
 Atom       Population
    1       3.89537674
    2       5.10882708
    3       0.81074678
    4       0.68868517
    5       0.68922150
    6       0.80714273

l-shell populations (up)
 Atom Sh.   l       Population
    1   1   0       1.18230815
    1   2   1       2.71306859
    2   1   0       1.38172561
    2   2   1       3.72710148
    3   1   0       0.81074678
    4   1   0       0.68868517
    5   1   0       0.68922150
    6   1   0       0.80714273

Orbital populations (up)
 Atom Sh.   l   m       Population  Label
    1   1   0   0       1.18230815  s
    1   2   1  -1       0.84763702  p_y
    1   2   1   0       0.89566746  p_z
    1   2   1   1       0.96976411  p_x
    2   1   0   0       1.38172561  s
    2   2   1  -1       1.08782480  p_y
    2   2   1   0       1.12613430  p_z
    2   2   1   1       1.51314238  p_x
    3   1   0   0       0.81074678  s
    4   1   0   0       0.68868517  s
    5   1   0   0       0.68922150  s
    6   1   0   0       0.80714273  s

Input / Output electrons (q):     12.0000000000

Energy H0:                          -6.5261283310 H         -177.5850 eV
Energy SCC:                          0.1351074999 H            3.6765 eV
Energy SPIN:                        -0.0000195142 H           -0.0005 eV
Energy Fock:                        -0.2085345544 H           -5.6745 eV
Total Electronic energy:            -6.5995748996 H         -179.5836 eV
Repulsive energy:                    0.1849319539 H            5.0323 eV

Excitation Energy:                   0.0000000000 H            0.0000 eV

Total energy:                       -6.4147578140 H         -174.5544 eV

SCC converged

Total Forces
    1     -0.001764068635     -0.005090063684     -0.004481012895
    2      0.005966573244     -0.001766710670      0.003684886880
    3     -0.009473107606      0.005542282907     -0.005866816940
    4     -0.011441016960      0.000324870299      0.002923294469
    5      0.007189591100      0.005281556416      0.002189365886
    6      0.009522028857     -0.004291935268      0.001550282599

Maximal derivative component:        0.114410E-01 au


