 KPT            1  SPIN            1  KWEIGHT    1.0000000000000000     
     1   -29.632  2.00000
     2   -27.225  2.00000
     3   -25.528  2.00000
     4   -23.485  2.00000
     5   -21.310  2.00000
     6   -20.163  2.00000
     7   -19.471  2.00000
     8   -19.279  2.00000
     9   -17.786  2.00000
    10   -17.652  2.00000
    11   -17.064  2.00000
    12   -16.390  2.00000
    13   -15.936  2.00000
    14   -15.484  2.00000
    15   -14.651  2.00000
    16   -13.772  1.49999
    17   -10.632  0.50001
    18    -4.460  0.00000
    19    -2.606  0.00000
    20     7.112  0.00000
    21     8.742  0.00000
    22    12.055  0.00000
    23    13.406  0.00000
    24    17.173  0.00000
    25    17.429  0.00000
    26    20.084  0.00000
    27    21.263  0.00000
    28    21.673  0.00000
    29    23.721  0.00000
    30    30.579  0.00000
    31    34.371  0.00000
    32    36.351  0.00000

