REKS do not use any electronic distribution function

Calculation with static geometry

********************************************************************************************
  iSCC       reks energy        Diff energy         x_a       SCC error   
   64      -16.4115543107      -0.0000000000     0.999989    0.00000097
********************************************************************************************

 SA-REKS optimizes the avergaed state, not individual states
 These charges do not mean the charges for individual states
 Similarly to this, the values in band.out file indicate
 the band energies and occupations for the averaged state
 If you want to compute the relaxed density,
 please, set 'RelaxedDensity = Yes' option

 Total charge:     1.00000000

 Atomic gross charges (e)
 Atom           Charge
    1      -0.06704631
    2      -0.03472548
    3       0.09096234
    4       0.12918173
    5       0.11466292
    6       0.04152128
    7      -0.07378871
    8       0.11805345
    9       0.13162730
   10       0.19432626
   11       0.07655579
   12      -0.24352431
   13       0.25972155
   14       0.26247217

Nr. of electrons (up):     32.00000000
Atom populations (up)
 Atom       Population
    1       4.06704631
    2       4.03472548
    3       0.90903766
    4       0.87081827
    5       0.88533708
    6       3.95847872
    7       4.07378871
    8       0.88194655
    9       0.86837270
   10       3.80567374
   11       0.92344421
   12       5.24352431
   13       0.74027845
   14       0.73752783

l-shell populations (up)
 Atom Sh.   l       Population
    1   1   0       1.22406802
    1   2   1       2.84297829
    2   1   0       1.20074855
    2   2   1       2.83397693
    3   1   0       0.90903766
    4   1   0       0.87081827
    5   1   0       0.88533708
    6   1   0       1.21887949
    6   2   1       2.73959923
    7   1   0       1.16212821
    7   2   1       2.91166050
    8   1   0       0.88194655
    9   1   0       0.86837270
   10   1   0       1.13936216
   10   2   1       2.66631158
   11   1   0       0.92344421
   12   1   0       1.37123132
   12   2   1       3.87229300
   13   1   0       0.74027845
   14   1   0       0.73752783

Orbital populations (up)
 Atom Sh.   l   m       Population  Label
    1   1   0   0       1.22406802  s
    1   2   1  -1       0.93049669  p_y
    1   2   1   0       0.97560589  p_z
    1   2   1   1       0.93687571  p_x
    2   1   0   0       1.20074855  s
    2   2   1  -1       0.92957304  p_y
    2   2   1   0       0.94845083  p_z
    2   2   1   1       0.95595306  p_x
    3   1   0   0       0.90903766  s
    4   1   0   0       0.87081827  s
    5   1   0   0       0.88533708  s
    6   1   0   0       1.21887949  s
    6   2   1  -1       0.88483541  p_y
    6   2   1   0       0.97791290  p_z
    6   2   1   1       0.87685092  p_x
    7   1   0   0       1.16212821  s
    7   2   1  -1       1.01313355  p_y
    7   2   1   0       0.91808261  p_z
    7   2   1   1       0.98044434  p_x
    8   1   0   0       0.88194655  s
    9   1   0   0       0.86837270  s
   10   1   0   0       1.13936216  s
   10   2   1  -1       0.85665028  p_y
   10   2   1   0       0.96942525  p_z
   10   2   1   1       0.84023604  p_x
   11   1   0   0       0.92344421  s
   12   1   0   0       1.37123132  s
   12   2   1  -1       1.40376612  p_y
   12   2   1   0       1.35046859  p_z
   12   2   1   1       1.11805829  p_x
   13   1   0   0       0.74027845  s
   14   1   0   0       0.73752783  s

Input / Output electrons (q):     32.0000000000

Energy H0:                         -16.3260762956 H         -444.2551 eV
Energy SCC:                          0.1021465202 H            2.7795 eV
Energy SPIN:                        -0.0000024944 H           -0.0001 eV
Energy Fock:                        -0.6567208193 H          -17.8703 eV
Total Electronic energy:           -16.8806530891 H         -459.3459 eV
Repulsive energy:                    0.4132173820 H           11.2442 eV

Excitation Energy:                   0.0000000000 H            0.0000 eV

Total energy:                      -16.4678117822 H         -448.1120 eV

SCC converged

Total Forces
    1     -0.029256831973      0.007907863239     -0.013203921088
    2      0.031712982968      0.053750085329     -0.030589316776
    3     -0.005863111508     -0.012327269989     -0.000911472977
    4      0.037190623951      0.005954572694      0.003916633995
    5      0.006337345112      0.005800114990     -0.003659722001
    6     -0.000029880723     -0.027349703448      0.094018489609
    7     -0.014658302442     -0.090289264011      0.011376564885
    8     -0.020909631871     -0.003001181657     -0.026129917444
    9      0.039883320400      0.044878642861     -0.051421841868
   10     -0.028218584766     -0.000656513761      0.051945028284
   11      0.016343696193      0.006445104528     -0.002985733298
   12     -0.065078307262      0.027281295443     -0.018690703669
   13      0.002570891123     -0.011672028065      0.015537043237
   14      0.029975790800     -0.006721718151     -0.029201130890

Maximal derivative component:        0.940185E-01 au


