REKS do not use any electronic distribution function

Calculation with static geometry

********************************************************************************************
  iSCC       reks energy        Diff energy         x_a       SCC error   
   38      -16.4389658902      -0.0000000000     1.000000    0.00000090
********************************************************************************************

 SA-REKS optimizes the avergaed state, not individual states
 These charges do not mean the charges for individual states
 Similarly to this, the values in band.out file indicate
 the band energies and occupations for the averaged state
 If you want to compute the relaxed density,
 please, set 'RelaxedDensity = Yes' option

 Total charge:     1.00000000

 Atomic gross charges (e)
 Atom           Charge
    1      -0.05849638
    2      -0.09068467
    3       0.10911428
    4       0.10795064
    5       0.11015317
    6       0.13219723
    7      -0.17410334
    8       0.10761291
    9       0.14525974
   10       0.23287767
   11       0.09387642
   12      -0.21988098
   13       0.25347495
   14       0.25064836

Nr. of electrons (up):     32.00000000
Atom populations (up)
 Atom       Population
    1       4.05849638
    2       4.09068467
    3       0.89088572
    4       0.89204936
    5       0.88984683
    6       3.86780277
    7       4.17410334
    8       0.89238709
    9       0.85474026
   10       3.76712233
   11       0.90612358
   12       5.21988098
   13       0.74652505
   14       0.74935164

l-shell populations (up)
 Atom Sh.   l       Population
    1   1   0       1.20653306
    1   2   1       2.85196331
    2   1   0       1.17678776
    2   2   1       2.91389692
    3   1   0       0.89088572
    4   1   0       0.89204936
    5   1   0       0.88984683
    6   1   0       1.19257444
    6   2   1       2.67522833
    7   1   0       1.15924983
    7   2   1       3.01485350
    8   1   0       0.89238709
    9   1   0       0.85474026
   10   1   0       1.12170613
   10   2   1       2.64541621
   11   1   0       0.90612358
   12   1   0       1.37693689
   12   2   1       3.84294409
   13   1   0       0.74652505
   14   1   0       0.74935164

Orbital populations (up)
 Atom Sh.   l   m       Population  Label
    1   1   0   0       1.20653306  s
    1   2   1  -1       0.87968600  p_y
    1   2   1   0       0.99586273  p_z
    1   2   1   1       0.97641458  p_x
    2   1   0   0       1.17678776  s
    2   2   1  -1       1.01842724  p_y
    2   2   1   0       0.94860019  p_z
    2   2   1   1       0.94686948  p_x
    3   1   0   0       0.89088572  s
    4   1   0   0       0.89204936  s
    5   1   0   0       0.88984683  s
    6   1   0   0       1.19257444  s
    6   2   1  -1       0.82065822  p_y
    6   2   1   0       0.94327073  p_z
    6   2   1   1       0.91129939  p_x
    7   1   0   0       1.15924983  s
    7   2   1  -1       1.01181264  p_y
    7   2   1   0       1.11831837  p_z
    7   2   1   1       0.88472250  p_x
    8   1   0   0       0.89238709  s
    9   1   0   0       0.85474026  s
   10   1   0   0       1.12170613  s
   10   2   1  -1       0.89035168  p_y
   10   2   1   0       0.83749783  p_z
   10   2   1   1       0.91756670  p_x
   11   1   0   0       0.90612358  s
   12   1   0   0       1.37693689  s
   12   2   1  -1       1.17860535  p_y
   12   2   1   0       1.44071601  p_z
   12   2   1   1       1.22362272  p_x
   13   1   0   0       0.74652505  s
   14   1   0   0       0.74935164  s

Input / Output electrons (q):     32.0000000000

Energy H0:                         -16.3058919583 H         -443.7059 eV
Energy SCC:                          0.0966619241 H            2.6303 eV
Energy SPIN:                        -0.0000000011 H           -0.0000 eV
Energy Fock:                        -0.6680658529 H          -18.1790 eV
Total Electronic energy:           -16.8772958882 H         -459.2546 eV
Repulsive energy:                    0.4177449241 H           11.3674 eV

Excitation Energy:                   0.0000000000 H            0.0000 eV

Total energy:                      -16.4603435558 H         -447.9087 eV

SCC converged

Total Forces
    1     -0.012400041392      0.014329329750     -0.052219886929
    2      0.015858983792     -0.016702499447      0.049883482007
    3      0.002671612999     -0.005657490914      0.019275908817
    4     -0.002577740799     -0.002991900622      0.004494270084
    5     -0.005054718932      0.001455718326      0.006662007287
    6     -0.043712016336     -0.065412123192     -0.014609086322
    7      0.001791647949      0.066232479388      0.014287934114
    8      0.012176369478      0.017745373784     -0.010175229662
    9      0.028843373592      0.000570132543     -0.019160711697
   10     -0.009180292087     -0.053755594843      0.006431734271
   11     -0.005809109638      0.025936835223     -0.010817604452
   12      0.001736793677      0.015345677670      0.007798459855
   13      0.014789870236      0.001763547632     -0.004741834972
   14      0.000865267462      0.001140514702      0.002890557601

Maximal derivative component:        0.662325E-01 au


