REKS do not use any electronic distribution function

Calculation with static geometry

********************************************************************************************
  iSCC       reks energy        Diff energy         x_a       SCC error   
   69       -6.2853816998      -0.0000000000     0.999928    0.00000093
********************************************************************************************

 SA-REKS optimizes the avergaed state, not individual states
 These charges do not mean the charges for individual states
 Similarly to this, the values in band.out file indicate
 the band energies and occupations for the averaged state
 If you want to compute the relaxed density,
 please, set 'RelaxedDensity = Yes' option

 Total charge:     1.00000000

 Atomic gross charges (e)
 Atom           Charge
    1       0.12408985
    2      -0.12392828
    3       0.18585668
    4       0.31403103
    5       0.31384748
    6       0.18610324

Nr. of electrons (up):     12.00000000
Atom populations (up)
 Atom       Population
    1       3.87591015
    2       5.12392828
    3       0.81414332
    4       0.68596897
    5       0.68615252
    6       0.81389676

l-shell populations (up)
 Atom Sh.   l       Population
    1   1   0       1.18703299
    1   2   1       2.68887715
    2   1   0       1.38586972
    2   2   1       3.73805856
    3   1   0       0.81414332
    4   1   0       0.68596897
    5   1   0       0.68615252
    6   1   0       0.81389676

Orbital populations (up)
 Atom Sh.   l   m       Population  Label
    1   1   0   0       1.18703299  s
    1   2   1  -1       0.85485047  p_y
    1   2   1   0       0.89638105  p_z
    1   2   1   1       0.93764563  p_x
    2   1   0   0       1.38586972  s
    2   2   1  -1       1.08334561  p_y
    2   2   1   0       1.13227786  p_z
    2   2   1   1       1.52243509  p_x
    3   1   0   0       0.81414332  s
    4   1   0   0       0.68596897  s
    5   1   0   0       0.68615252  s
    6   1   0   0       0.81389676  s

Input / Output electrons (q):     12.0000000000

Energy H0:                          -6.5150584597 H         -177.2838 eV
Energy SCC:                          0.1338893272 H            3.6433 eV
Energy SPIN:                        -0.0000379829 H           -0.0010 eV
Energy Fock:                        -0.2081364990 H           -5.6637 eV
Total Electronic energy:            -6.5893436144 H         -179.3052 eV
Repulsive energy:                    0.1809204148 H            4.9231 eV

Excitation Energy:                   0.0000000000 H            0.0000 eV

Total energy:                       -6.4089736788 H         -174.3970 eV

SCC converged

Total Forces
    1     -0.001796153715     -0.001011213411      0.024069615959
    2      0.003735732557      0.001814392864     -0.024590475387
    3     -0.013960335292     -0.000332702442     -0.007224649855
    4     -0.016415154970     -0.002192713043      0.006630118934
    5      0.014052367238      0.001240448208      0.007260180667
    6      0.014383544182      0.000481787823     -0.006144790318

Maximal derivative component:        0.245905E-01 au


