REKS do not use any electronic distribution function

Calculation with static geometry

********************************************************************************************
  iSCC       reks energy        Diff energy         x_a       SCC error   
   39       -6.2858085025      -0.0000000000     0.999973    0.00000079
********************************************************************************************

 SA-REKS optimizes the avergaed state, not individual states
 These charges do not mean the charges for individual states
 Similarly to this, the values in band.out file indicate
 the band energies and occupations for the averaged state
 If you want to compute the relaxed density,
 please, set 'RelaxedDensity = Yes' option

 Total charge:     1.00000000

 Atomic gross charges (e)
 Atom           Charge
    1       0.10526827
    2      -0.10176377
    3       0.19182138
    4       0.30655361
    5       0.31140940
    6       0.18671110

Nr. of electrons (up):     12.00000000
Atom populations (up)
 Atom       Population
    1       3.89473173
    2       5.10176377
    3       0.80817862
    4       0.69344639
    5       0.68859060
    6       0.81328890

l-shell populations (up)
 Atom Sh.   l       Population
    1   1   0       1.17260420
    1   2   1       2.72212753
    2   1   0       1.38053432
    2   2   1       3.72122944
    3   1   0       0.80817862
    4   1   0       0.69344639
    5   1   0       0.68859060
    6   1   0       0.81328890

Orbital populations (up)
 Atom Sh.   l   m       Population  Label
    1   1   0   0       1.17260420  s
    1   2   1  -1       0.86236455  p_y
    1   2   1   0       0.88412498  p_z
    1   2   1   1       0.97563801  p_x
    2   1   0   0       1.38053432  s
    2   2   1  -1       1.11523001  p_y
    2   2   1   0       1.11008091  p_z
    2   2   1   1       1.49591852  p_x
    3   1   0   0       0.80817862  s
    4   1   0   0       0.69344639  s
    5   1   0   0       0.68859060  s
    6   1   0   0       0.81328890  s

Input / Output electrons (q):     12.0000000000

Energy H0:                          -6.5302003009 H         -177.6958 eV
Energy SCC:                          0.1357840416 H            3.6949 eV
Energy SPIN:                        -0.0000156797 H           -0.0004 eV
Energy Fock:                        -0.2084450087 H           -5.6721 eV
Total Electronic energy:            -6.6028769478 H         -179.6734 eV
Repulsive energy:                    0.1874634990 H            5.1011 eV

Excitation Energy:                   0.0000000000 H            0.0000 eV

Total energy:                       -6.4154135765 H         -174.5723 eV

SCC converged

Total Forces
    1      0.004180610340     -0.003646374815     -0.020041625397
    2     -0.020870206860      0.003551419417      0.018070409779
    3      0.001522550285      0.003462875789      0.009981729501
    4      0.007722708413     -0.003767769389     -0.000742344385
    5      0.007802351092      0.000984291066     -0.010446011884
    6     -0.000358013270     -0.000584442067      0.003177842386

Maximal derivative component:        0.208702E-01 au


