REKS do not use any electronic distribution function

Calculation with static geometry

********************************************************************************************
  iSCC       reks energy        Diff energy         x_a       SCC error   
   49       -6.1587273690      -0.0000000000     0.798680    0.00000083
********************************************************************************************

 SA-REKS optimizes the avergaed state, not individual states
 These charges do not mean the charges for individual states
 Similarly to this, the values in band.out file indicate
 the band energies and occupations for the averaged state
 If you want to compute the relaxed density,
 please, set 'RelaxedDensity = Yes' option

 Total charge:     1.00000000

 Atomic gross charges (e)
 Atom           Charge
    1       0.06735343
    2      -0.05292929
    3       0.21876400
    4       0.32349989
    5       0.25094383
    6       0.19236814

Nr. of electrons (up):     12.00000000
Atom populations (up)
 Atom       Population
    1       3.93264657
    2       5.05292929
    3       0.78123600
    4       0.67650011
    5       0.74905617
    6       0.80763186

l-shell populations (up)
 Atom Sh.   l       Population
    1   1   0       1.17007370
    1   2   1       2.76257286
    2   1   0       1.64801766
    2   2   1       3.40491163
    3   1   0       0.78123600
    4   1   0       0.67650011
    5   1   0       0.74905617
    6   1   0       0.80763186

Orbital populations (up)
 Atom Sh.   l   m       Population  Label
    1   1   0   0       1.17007370  s
    1   2   1  -1       0.93290569  p_y
    1   2   1   0       0.85507982  p_z
    1   2   1   1       0.97458735  p_x
    2   1   0   0       1.64801766  s
    2   2   1  -1       1.18184215  p_y
    2   2   1   0       1.18061117  p_z
    2   2   1   1       1.04245831  p_x
    3   1   0   0       0.78123600  s
    4   1   0   0       0.67650011  s
    5   1   0   0       0.74905617  s
    6   1   0   0       0.80763186  s

Input / Output electrons (q):     12.0000000000

Energy H0:                          -6.1420425500 H         -167.1335 eV
Energy SCC:                          0.1396214707 H            3.7993 eV
Energy SPIN:                        -0.0577861807 H           -1.5724 eV
Energy Fock:                        -0.2535537560 H           -6.8995 eV
Total Electronic energy:            -6.3137610159 H         -171.8062 eV
Repulsive energy:                    0.0710673688 H            1.9338 eV

Excitation Energy:                   0.0000000000 H            0.0000 eV

Total energy:                       -6.2427127244 H         -169.8729 eV

SCC converged

Total Forces
    1     -0.023541511187      0.062805086063     -0.021593084720
    2     -0.058964293199      0.093136425286      0.014288419167
    3      0.018066000774     -0.037315589991      0.038887564217
    4      0.021378478366     -0.099818625887     -0.038684319734
    5      0.050234905351      0.012219452271     -0.029478799576
    6     -0.007173580106     -0.031026747742      0.036580220646

Maximal derivative component:        0.998186E-01 au


