 KPT            1  SPIN            1  KWEIGHT    1.0000000000000000     
     1   -29.407  2.00000
     2   -26.991  2.00000
     3   -25.430  2.00000
     4   -22.879  2.00000
     5   -21.440  2.00000
     6   -20.276  2.00000
     7   -19.041  2.00000
     8   -18.633  2.00000
     9   -17.550  2.00000
    10   -17.345  2.00000
    11   -16.975  2.00000
    12   -16.169  2.00000
    13   -15.927  2.00000
    14   -15.677  2.00000
    15   -14.659  2.00000
    16   -13.836  1.49999
    17   -10.193  0.50001
    18    -4.362  0.00000
    19    -2.632  0.00000
    20     6.953  0.00000
    21    10.250  0.00000
    22    10.923  0.00000
    23    12.121  0.00000
    24    15.024  0.00000
    25    15.566  0.00000
    26    17.943  0.00000
    27    21.102  0.00000
    28    22.186  0.00000
    29    24.209  0.00000
    30    28.130  0.00000
    31    30.927  0.00000
    32    34.221  0.00000

