 KPT            1  SPIN            1  KWEIGHT    1.0000000000000000     
     1   -29.580  2.00000
     2   -27.421  2.00000
     3   -25.331  2.00000
     4   -23.638  2.00000
     5   -21.714  2.00000
     6   -20.329  2.00000
     7   -19.263  2.00000
     8   -18.825  2.00000
     9   -18.157  2.00000
    10   -17.827  2.00000
    11   -17.134  2.00000
    12   -16.326  2.00000
    13   -16.012  2.00000
    14   -15.799  2.00000
    15   -14.887  2.00000
    16   -13.602  1.49999
    17   -11.680  0.50001
    18    -3.719  0.00000
    19    -1.833  0.00000
    20     8.565  0.00000
    21    10.154  0.00000
    22    13.204  0.00000
    23    15.658  0.00000
    24    16.882  0.00000
    25    17.974  0.00000
    26    19.920  0.00000
    27    21.291  0.00000
    28    23.568  0.00000
    29    25.456  0.00000
    30    26.575  0.00000
    31    39.002  0.00000
    32    39.804  0.00000

