REKS do not use any electronic distribution function

Calculation with static geometry

********************************************************************************************
  iSCC       reks energy        Diff energy         x_a       SCC error   
   61      -16.4296740229      -0.0000000000     0.999994    0.00000095
********************************************************************************************

 SA-REKS optimizes the avergaed state, not individual states
 These charges do not mean the charges for individual states
 Similarly to this, the values in band.out file indicate
 the band energies and occupations for the averaged state
 If you want to compute the relaxed density,
 please, set 'RelaxedDensity = Yes' option

 Total charge:     1.00000000

 Atomic gross charges (e)
 Atom           Charge
    1      -0.02170978
    2      -0.05108903
    3       0.08979241
    4       0.11726764
    5       0.10560221
    6       0.11666768
    7      -0.15503363
    8       0.11901738
    9       0.10953309
   10       0.21787740
   11       0.11084768
   12      -0.27134483
   13       0.26986037
   14       0.24271140

Nr. of electrons (up):     32.00000000
Atom populations (up)
 Atom       Population
    1       4.02170978
    2       4.05108903
    3       0.91020759
    4       0.88273236
    5       0.89439779
    6       3.88333232
    7       4.15503363
    8       0.88098262
    9       0.89046691
   10       3.78212260
   11       0.88915232
   12       5.27134483
   13       0.73013963
   14       0.75728860

l-shell populations (up)
 Atom Sh.   l       Population
    1   1   0       1.21449857
    1   2   1       2.80721121
    2   1   0       1.16384656
    2   2   1       2.88724247
    3   1   0       0.91020759
    4   1   0       0.88273236
    5   1   0       0.89439779
    6   1   0       1.20042675
    6   2   1       2.68290558
    7   1   0       1.16763739
    7   2   1       2.98739624
    8   1   0       0.88098262
    9   1   0       0.89046691
   10   1   0       1.13726242
   10   2   1       2.64486018
   11   1   0       0.88915232
   12   1   0       1.39877563
   12   2   1       3.87256920
   13   1   0       0.73013963
   14   1   0       0.75728860

Orbital populations (up)
 Atom Sh.   l   m       Population  Label
    1   1   0   0       1.21449857  s
    1   2   1  -1       0.82124562  p_y
    1   2   1   0       0.96725470  p_z
    1   2   1   1       1.01871090  p_x
    2   1   0   0       1.16384656  s
    2   2   1  -1       0.96336526  p_y
    2   2   1   0       0.95857698  p_z
    2   2   1   1       0.96530023  p_x
    3   1   0   0       0.91020759  s
    4   1   0   0       0.88273236  s
    5   1   0   0       0.89439779  s
    6   1   0   0       1.20042675  s
    6   2   1  -1       0.80596881  p_y
    6   2   1   0       0.96828365  p_z
    6   2   1   1       0.90865312  p_x
    7   1   0   0       1.16763739  s
    7   2   1  -1       1.03798499  p_y
    7   2   1   0       0.95018973  p_z
    7   2   1   1       0.99922152  p_x
    8   1   0   0       0.88098262  s
    9   1   0   0       0.89046691  s
   10   1   0   0       1.13726242  s
   10   2   1  -1       0.83568099  p_y
   10   2   1   0       0.94584605  p_z
   10   2   1   1       0.86333314  p_x
   11   1   0   0       0.88915232  s
   12   1   0   0       1.39877563  s
   12   2   1  -1       1.52554950  p_y
   12   2   1   0       1.19023486  p_z
   12   2   1   1       1.15678483  p_x
   13   1   0   0       0.73013963  s
   14   1   0   0       0.75728860  s

Input / Output electrons (q):     32.0000000000

Energy H0:                         -16.3302361889 H         -444.3683 eV
Energy SCC:                          0.0970866614 H            2.6419 eV
Energy SPIN:                        -0.0000010244 H           -0.0000 eV
Energy Fock:                        -0.6616254735 H          -18.0037 eV
Total Electronic energy:           -16.8947760254 H         -459.7302 eV
Repulsive energy:                    0.4337395975 H           11.8027 eV

Excitation Energy:                   0.0000000000 H            0.0000 eV

Total energy:                      -16.4681324930 H         -448.1207 eV

SCC converged

Total Forces
    1     -0.052550766691      0.022505537595      0.045902729781
    2     -0.018662751706     -0.023615628087     -0.066265003326
    3      0.025142995366     -0.003273070186      0.013839551954
    4      0.029621869195     -0.011677271199     -0.022217029986
    5     -0.005154681378      0.015483570843      0.007851918540
    6      0.037283902838      0.022266227138      0.076045134831
    7     -0.089151824721     -0.033038742938     -0.114285497747
    8     -0.001734251446     -0.020999219390      0.005618152989
    9      0.026092496110      0.014121898871     -0.003405460026
   10      0.068154116039      0.008582438828      0.039314775145
   11     -0.019307436808     -0.003146042786      0.013927808458
   12     -0.012349866730      0.010907170524      0.014227099630
   13     -0.019256415637      0.004488135674      0.001654295134
   14      0.031872615568     -0.002605004887     -0.012208475377

Maximal derivative component:        0.114285E+00 au


