REKS do not use any electronic distribution function

Calculation with static geometry

********************************************************************************************
  iSCC       reks energy        Diff energy         x_a       SCC error   
   38       -6.2813135039      -0.0000000000     0.999978    0.00000092
********************************************************************************************

 SA-REKS optimizes the avergaed state, not individual states
 These charges do not mean the charges for individual states
 Similarly to this, the values in band.out file indicate
 the band energies and occupations for the averaged state
 If you want to compute the relaxed density,
 please, set 'RelaxedDensity = Yes' option

 Total charge:     1.00000000

 Atomic gross charges (e)
 Atom           Charge
    1       0.10020708
    2      -0.09544278
    3       0.18624051
    4       0.31023141
    5       0.30689566
    6       0.19186812

Nr. of electrons (up):     12.00000000
Atom populations (up)
 Atom       Population
    1       3.89979292
    2       5.09544278
    3       0.81375949
    4       0.68976859
    5       0.69310434
    6       0.80813188

l-shell populations (up)
 Atom Sh.   l       Population
    1   1   0       1.16789073
    1   2   1       2.73190219
    2   1   0       1.37726840
    2   2   1       3.71817439
    3   1   0       0.81375949
    4   1   0       0.68976859
    5   1   0       0.69310434
    6   1   0       0.80813188

Orbital populations (up)
 Atom Sh.   l   m       Population  Label
    1   1   0   0       1.16789073  s
    1   2   1  -1       0.86036969  p_y
    1   2   1   0       0.89209098  p_z
    1   2   1   1       0.97944152  p_x
    2   1   0   0       1.37726840  s
    2   2   1  -1       1.11367474  p_y
    2   2   1   0       1.11491015  p_z
    2   2   1   1       1.48958950  p_x
    3   1   0   0       0.81375949  s
    4   1   0   0       0.68976859  s
    5   1   0   0       0.69310434  s
    6   1   0   0       0.80813188  s

Input / Output electrons (q):     12.0000000000

Energy H0:                          -6.5389303663 H         -177.9333 eV
Energy SCC:                          0.1360424843 H            3.7019 eV
Energy SPIN:                        -0.0000129286 H           -0.0004 eV
Energy Fock:                        -0.2100486212 H           -5.7157 eV
Total Electronic energy:            -6.6129494319 H         -179.9475 eV
Repulsive energy:                    0.1999735619 H            5.4416 eV

Excitation Energy:                   0.0000000000 H            0.0000 eV

Total energy:                       -6.4130012855 H         -174.5066 eV

SCC converged

Total Forces
    1     -0.008695089650     -0.008018948104     -0.050247288574
    2      0.027210307559     -0.004223298570      0.064497899884
    3      0.005371266951      0.002187554326     -0.002577792446
    4     -0.004926520377      0.002990069732     -0.011060262217
    5     -0.015331764634      0.002268736264     -0.005929126940
    6     -0.003628199850      0.004795886351      0.005316570294

Maximal derivative component:        0.644979E-01 au


