REKS do not use any electronic distribution function

Calculation with static geometry

********************************************************************************************
  iSCC       reks energy        Diff energy         x_a       SCC error   
   54      -16.4372600407      -0.0000000000     0.999983    0.00000088
********************************************************************************************

 SA-REKS optimizes the avergaed state, not individual states
 These charges do not mean the charges for individual states
 Similarly to this, the values in band.out file indicate
 the band energies and occupations for the averaged state
 If you want to compute the relaxed density,
 please, set 'RelaxedDensity = Yes' option

 Total charge:     1.00000000

 Atomic gross charges (e)
 Atom           Charge
    1      -0.08299200
    2      -0.04567591
    3       0.09008193
    4       0.12528540
    5       0.12040911
    6       0.11787741
    7      -0.15583491
    8       0.12100621
    9       0.12970487
   10       0.20036148
   11       0.08779751
   12      -0.20756297
   13       0.23916655
   14       0.26037531

Nr. of electrons (up):     32.00000000
Atom populations (up)
 Atom       Population
    1       4.08299200
    2       4.04567591
    3       0.90991807
    4       0.87471460
    5       0.87959089
    6       3.88212259
    7       4.15583491
    8       0.87899379
    9       0.87029513
   10       3.79963852
   11       0.91220249
   12       5.20756297
   13       0.76083345
   14       0.73962469

l-shell populations (up)
 Atom Sh.   l       Population
    1   1   0       1.19931107
    1   2   1       2.88368093
    2   1   0       1.15570293
    2   2   1       2.88997297
    3   1   0       0.90991807
    4   1   0       0.87471460
    5   1   0       0.87959089
    6   1   0       1.17376221
    6   2   1       2.70836038
    7   1   0       1.16801559
    7   2   1       2.98781932
    8   1   0       0.87899379
    9   1   0       0.87029513
   10   1   0       1.14737424
   10   2   1       2.65226429
   11   1   0       0.91220249
   12   1   0       1.39255144
   12   2   1       3.81501153
   13   1   0       0.76083345
   14   1   0       0.73962469

Orbital populations (up)
 Atom Sh.   l   m       Population  Label
    1   1   0   0       1.19931107  s
    1   2   1  -1       0.98060557  p_y
    1   2   1   0       0.98503426  p_z
    1   2   1   1       0.91804110  p_x
    2   1   0   0       1.15570293  s
    2   2   1  -1       0.95051763  p_y
    2   2   1   0       0.96342134  p_z
    2   2   1   1       0.97603400  p_x
    3   1   0   0       0.90991807  s
    4   1   0   0       0.87471460  s
    5   1   0   0       0.87959089  s
    6   1   0   0       1.17376221  s
    6   2   1  -1       0.85165592  p_y
    6   2   1   0       0.95961904  p_z
    6   2   1   1       0.89708542  p_x
    7   1   0   0       1.16801559  s
    7   2   1  -1       0.99469385  p_y
    7   2   1   0       1.00068255  p_z
    7   2   1   1       0.99244292  p_x
    8   1   0   0       0.87899379  s
    9   1   0   0       0.87029513  s
   10   1   0   0       1.14737424  s
   10   2   1  -1       0.95354854  p_y
   10   2   1   0       0.83732929  p_z
   10   2   1   1       0.86138645  p_x
   11   1   0   0       0.91220249  s
   12   1   0   0       1.39255144  s
   12   2   1  -1       1.14708295  p_y
   12   2   1   0       1.44359992  p_z
   12   2   1   1       1.22432866  p_x
   13   1   0   0       0.76083345  s
   14   1   0   0       0.73962469  s

Input / Output electrons (q):     32.0000000000

Energy H0:                         -16.3979867133 H         -446.2119 eV
Energy SCC:                          0.0949306086 H            2.5832 eV
Energy SPIN:                        -0.0000031174 H           -0.0001 eV
Energy Fock:                        -0.6664683564 H          -18.1355 eV
Total Electronic energy:           -16.9695275785 H         -461.7643 eV
Repulsive energy:                    0.4903686114 H           13.3436 eV

Excitation Energy:                   0.0000000000 H            0.0000 eV

Total energy:                      -16.4841032522 H         -448.5553 eV

SCC converged

Total Forces
    1     -0.001233952994     -0.003378358748     -0.062630724596
    2      0.015967432535     -0.048964854631      0.090013120906
    3      0.003262697780      0.001329760084     -0.023790360529
    4     -0.007436599771      0.012043469229      0.000016708119
    5      0.001847041301      0.005082947083     -0.004825303466
    6     -0.014980332710      0.002806106737     -0.021523520831
    7      0.033083785946      0.037944067288     -0.039395754500
    8     -0.007977523720      0.008429765030      0.010221023218
    9      0.010104943599      0.013143552112      0.032825774365
   10     -0.079371530016     -0.043124414092      0.059422137477
   11      0.012101930284      0.007593718031     -0.008945741051
   12      0.008844109556     -0.036965791464     -0.018075807853
   13      0.039631730057     -0.003116690592     -0.008782436745
   14     -0.013843731846      0.047176723933     -0.004529114516

Maximal derivative component:        0.900131E-01 au


