REKS do not use any electronic distribution function

Calculation with static geometry

********************************************************************************************
  iSCC       reks energy        Diff energy         x_a       SCC error   
   39       -6.2866334320      -0.0000000000     0.999973    0.00000093
********************************************************************************************

 SA-REKS optimizes the avergaed state, not individual states
 These charges do not mean the charges for individual states
 Similarly to this, the values in band.out file indicate
 the band energies and occupations for the averaged state
 If you want to compute the relaxed density,
 please, set 'RelaxedDensity = Yes' option

 Total charge:     1.00000000

 Atomic gross charges (e)
 Atom           Charge
    1       0.10292172
    2      -0.10046991
    3       0.18734875
    4       0.30741015
    5       0.31034711
    6       0.19244218

Nr. of electrons (up):     12.00000000
Atom populations (up)
 Atom       Population
    1       3.89707828
    2       5.10046991
    3       0.81265125
    4       0.69258985
    5       0.68965289
    6       0.80755782

l-shell populations (up)
 Atom Sh.   l       Population
    1   1   0       1.17227987
    1   2   1       2.72479842
    2   1   0       1.37866422
    2   2   1       3.72180569
    3   1   0       0.81265125
    4   1   0       0.69258985
    5   1   0       0.68965289
    6   1   0       0.80755782

Orbital populations (up)
 Atom Sh.   l   m       Population  Label
    1   1   0   0       1.17227987  s
    1   2   1  -1       0.98633433  p_y
    1   2   1   0       0.87971282  p_z
    1   2   1   1       0.85875126  p_x
    2   1   0   0       1.37866422  s
    2   2   1  -1       1.50710388  p_y
    2   2   1   0       1.11059938  p_z
    2   2   1   1       1.10410242  p_x
    3   1   0   0       0.81265125  s
    4   1   0   0       0.69258985  s
    5   1   0   0       0.68965289  s
    6   1   0   0       0.80755782  s

Input / Output electrons (q):     12.0000000000

Energy H0:                          -6.5297637700 H         -177.6839 eV
Energy SCC:                          0.1357024511 H            3.6927 eV
Energy SPIN:                        -0.0000154883 H           -0.0004 eV
Energy Fock:                        -0.2081388960 H           -5.6637 eV
Total Electronic energy:            -6.6022157031 H         -179.6554 eV
Repulsive energy:                    0.1853408183 H            5.0434 eV

Excitation Energy:                   0.0000000000 H            0.0000 eV

Total energy:                       -6.4168749124 H         -174.6121 eV

SCC converged

Total Forces
    1      0.007708903804      0.005680716722     -0.016918776583
    2     -0.003575118052     -0.012892674938      0.012880549176
    3      0.000299642001     -0.001079780506      0.004500909521
    4      0.001048269637      0.004564898719     -0.003643596503
    5     -0.001108300856      0.004712929853     -0.008749798586
    6     -0.004373396535     -0.000986089850      0.011930712976

Maximal derivative component:        0.169188E-01 au


