REKS do not use any electronic distribution function

Calculation with static geometry

********************************************************************************************
  iSCC       reks energy        Diff energy         x_a       SCC error   
   59      -16.4225630651      -0.0000000000     0.999966    0.00000094
********************************************************************************************

 SA-REKS optimizes the avergaed state, not individual states
 These charges do not mean the charges for individual states
 Similarly to this, the values in band.out file indicate
 the band energies and occupations for the averaged state
 If you want to compute the relaxed density,
 please, set 'RelaxedDensity = Yes' option

 Total charge:     1.00000000

 Atomic gross charges (e)
 Atom           Charge
    1      -0.07933077
    2      -0.04174399
    3       0.10453527
    4       0.12127768
    5       0.10239867
    6       0.05542205
    7      -0.11912922
    8       0.13892797
    9       0.12692488
   10       0.18783082
   11       0.10049244
   12      -0.20562010
   13       0.25737123
   14       0.25064307

Nr. of electrons (up):     32.00000000
Atom populations (up)
 Atom       Population
    1       4.07933077
    2       4.04174399
    3       0.89546473
    4       0.87872232
    5       0.89760133
    6       3.94457795
    7       4.11912922
    8       0.86107203
    9       0.87307512
   10       3.81216918
   11       0.89950756
   12       5.20562010
   13       0.74262877
   14       0.74935693

l-shell populations (up)
 Atom Sh.   l       Population
    1   1   0       1.19160877
    1   2   1       2.88772200
    2   1   0       1.18491681
    2   2   1       2.85682719
    3   1   0       0.89546473
    4   1   0       0.87872232
    5   1   0       0.89760133
    6   1   0       1.19772240
    6   2   1       2.74685555
    7   1   0       1.16343105
    7   2   1       2.95569817
    8   1   0       0.86107203
    9   1   0       0.87307512
   10   1   0       1.15009321
   10   2   1       2.66207597
   11   1   0       0.89950756
   12   1   0       1.40567904
   12   2   1       3.79994106
   13   1   0       0.74262877
   14   1   0       0.74935693

Orbital populations (up)
 Atom Sh.   l   m       Population  Label
    1   1   0   0       1.19160877  s
    1   2   1  -1       0.99297529  p_y
    1   2   1   0       0.95884982  p_z
    1   2   1   1       0.93589689  p_x
    2   1   0   0       1.18491681  s
    2   2   1  -1       0.94034729  p_y
    2   2   1   0       0.94157205  p_z
    2   2   1   1       0.97490784  p_x
    3   1   0   0       0.89546473  s
    4   1   0   0       0.87872232  s
    5   1   0   0       0.89760133  s
    6   1   0   0       1.19772240  s
    6   2   1  -1       0.88856922  p_y
    6   2   1   0       0.90074968  p_z
    6   2   1   1       0.95753664  p_x
    7   1   0   0       1.16343105  s
    7   2   1  -1       1.04920006  p_y
    7   2   1   0       0.94730303  p_z
    7   2   1   1       0.95919508  p_x
    8   1   0   0       0.86107203  s
    9   1   0   0       0.87307512  s
   10   1   0   0       1.15009321  s
   10   2   1  -1       0.87630246  p_y
   10   2   1   0       0.92426216  p_z
   10   2   1   1       0.86151136  p_x
   11   1   0   0       0.89950756  s
   12   1   0   0       1.40567904  s
   12   2   1  -1       1.33673997  p_y
   12   2   1   0       1.33360444  p_z
   12   2   1   1       1.12959665  p_x
   13   1   0   0       0.74262877  s
   14   1   0   0       0.74935693  s

Input / Output electrons (q):     32.0000000000

Energy H0:                         -16.3958183714 H         -446.1529 eV
Energy SCC:                          0.1013246876 H            2.7572 eV
Energy SPIN:                        -0.0000079385 H           -0.0002 eV
Energy Fock:                        -0.6617500559 H          -18.0071 eV
Total Electronic energy:           -16.9562516781 H         -461.4031 eV
Repulsive energy:                    0.4726036365 H           12.8602 eV

Excitation Energy:                   0.0000000000 H            0.0000 eV

Total energy:                      -16.4847057109 H         -448.5717 eV

SCC converged

Total Forces
    1     -0.045539503265     -0.013375469711      0.030906432056
    2      0.043416780388      0.065757251643     -0.024306241331
    3     -0.007950104165      0.016890254619      0.002344878480
    4      0.003400689578     -0.004932468268     -0.003613973795
    5     -0.002284713284     -0.010281032743     -0.005840746651
    6     -0.046084822409     -0.093431467482      0.004618332303
    7      0.050171408802      0.049792113576      0.068766314885
    8     -0.013263435369      0.003716616897     -0.019214189710
    9      0.008899184620      0.025922370407     -0.034480109462
   10     -0.030520223072     -0.070387960250     -0.040406275092
   11      0.000853321643      0.004427930416      0.006948667657
   12      0.085204584963      0.070626292232      0.028531154135
   13     -0.034677788059      0.004039013051     -0.018926251879
   14     -0.011625380370     -0.048763444386      0.004672008404

Maximal derivative component:        0.934315E-01 au


