REKS do not use any electronic distribution function

Calculation with static geometry

********************************************************************************************
  iSCC       reks energy        Diff energy         x_a       SCC error   
   42       -6.2870008166      -0.0000000000     0.999974    0.00000086
********************************************************************************************

 SA-REKS optimizes the avergaed state, not individual states
 These charges do not mean the charges for individual states
 Similarly to this, the values in band.out file indicate
 the band energies and occupations for the averaged state
 If you want to compute the relaxed density,
 please, set 'RelaxedDensity = Yes' option

 Total charge:     1.00000000

 Atomic gross charges (e)
 Atom           Charge
    1       0.10148317
    2      -0.10050350
    3       0.19073345
    4       0.31007118
    5       0.30833988
    6       0.18987583

Nr. of electrons (up):     12.00000000
Atom populations (up)
 Atom       Population
    1       3.89851683
    2       5.10050350
    3       0.80926655
    4       0.68992882
    5       0.69166012
    6       0.81012417

l-shell populations (up)
 Atom Sh.   l       Population
    1   1   0       1.17184242
    1   2   1       2.72667441
    2   1   0       1.37806255
    2   2   1       3.72244096
    3   1   0       0.80926655
    4   1   0       0.68992882
    5   1   0       0.69166012
    6   1   0       0.81012417

Orbital populations (up)
 Atom Sh.   l   m       Population  Label
    1   1   0   0       1.17184242  s
    1   2   1  -1       0.98659560  p_y
    1   2   1   0       0.88290824  p_z
    1   2   1   1       0.85717058  p_x
    2   1   0   0       1.37806255  s
    2   2   1  -1       1.50720992  p_y
    2   2   1   0       1.11418231  p_z
    2   2   1   1       1.10104873  p_x
    3   1   0   0       0.80926655  s
    4   1   0   0       0.68992882  s
    5   1   0   0       0.69166012  s
    6   1   0   0       0.81012417  s

Input / Output electrons (q):     12.0000000000

Energy H0:                          -6.5358954557 H         -177.8508 eV
Energy SCC:                          0.1357693544 H            3.6945 eV
Energy SPIN:                        -0.0000149622 H           -0.0004 eV
Energy Fock:                        -0.2078037503 H           -5.6546 eV
Total Electronic energy:            -6.6079448138 H         -179.8113 eV
Repulsive energy:                    0.1896241724 H            5.1599 eV

Excitation Energy:                   0.0000000000 H            0.0000 eV

Total energy:                       -6.4183276292 H         -174.6516 eV

SCC converged

Total Forces
    1      0.001230766381      0.001175961381     -0.011811342649
    2      0.003401010982     -0.007113983968      0.011293465559
    3      0.003346404885     -0.002361536905      0.005388635446
    4     -0.001009890342      0.005695670344     -0.006416096762
    5     -0.002711447689     -0.000183432423     -0.001979176407
    6     -0.004256844216      0.002787321572      0.003524514812

Maximal derivative component:        0.118113E-01 au


