REKS do not use any electronic distribution function

Calculation with static geometry

********************************************************************************************
  iSCC       reks energy        Diff energy         x_a       SCC error   
   75       -6.2857451346      -0.0000000000     0.999915    0.00000088
********************************************************************************************

 SA-REKS optimizes the avergaed state, not individual states
 These charges do not mean the charges for individual states
 Similarly to this, the values in band.out file indicate
 the band energies and occupations for the averaged state
 If you want to compute the relaxed density,
 please, set 'RelaxedDensity = Yes' option

 Total charge:     1.00000000

 Atomic gross charges (e)
 Atom           Charge
    1       0.13244859
    2      -0.12960087
    3       0.18316504
    4       0.31598518
    5       0.31508806
    6       0.18291401

Nr. of electrons (up):     12.00000000
Atom populations (up)
 Atom       Population
    1       3.86755141
    2       5.12960087
    3       0.81683496
    4       0.68401482
    5       0.68491194
    6       0.81708599

l-shell populations (up)
 Atom Sh.   l       Population
    1   1   0       1.18854610
    1   2   1       2.67900532
    2   1   0       1.39095980
    2   2   1       3.73864107
    3   1   0       0.81683496
    4   1   0       0.68401482
    5   1   0       0.68491194
    6   1   0       0.81708599

Orbital populations (up)
 Atom Sh.   l   m       Population  Label
    1   1   0   0       1.18854610  s
    1   2   1  -1       0.85641976  p_y
    1   2   1   0       0.89480521  p_z
    1   2   1   1       0.92778034  p_x
    2   1   0   0       1.39095980  s
    2   2   1  -1       1.08020792  p_y
    2   2   1   0       1.13596976  p_z
    2   2   1   1       1.52246339  p_x
    3   1   0   0       0.81683496  s
    4   1   0   0       0.68401482  s
    5   1   0   0       0.68491194  s
    6   1   0   0       0.81708599  s

Input / Output electrons (q):     12.0000000000

Energy H0:                          -6.5069215943 H         -177.0623 eV
Energy SCC:                          0.1336684193 H            3.6373 eV
Energy SPIN:                        -0.0000434588 H           -0.0012 eV
Energy Fock:                        -0.2080556750 H           -5.6615 eV
Total Electronic energy:            -6.5813523088 H         -179.0877 eV
Repulsive energy:                    0.1753643247 H            4.7719 eV

Excitation Energy:                   0.0000000000 H            0.0000 eV

Total energy:                       -6.4067406883 H         -174.3363 eV

SCC converged

Total Forces
    1      0.005767823568     -0.001477965117      0.029228734892
    2     -0.016285777191      0.002074983322     -0.033465219140
    3     -0.014642049365      0.001115243219     -0.003281586302
    4     -0.010261255997      0.006256976721      0.005546096604
    5      0.021101100303     -0.004362278987      0.008904902711
    6      0.014320158682     -0.003606959157     -0.006932928765

Maximal derivative component:        0.334652E-01 au


