REKS do not use any electronic distribution function

Calculation with static geometry

********************************************************************************************
  iSCC       reks energy        Diff energy         x_a       SCC error   
  163      -16.4303681698      -0.0000000000     0.999999    0.00000096
********************************************************************************************

 SA-REKS optimizes the avergaed state, not individual states
 These charges do not mean the charges for individual states
 Similarly to this, the values in band.out file indicate
 the band energies and occupations for the averaged state
 If you want to compute the relaxed density,
 please, set 'RelaxedDensity = Yes' option

 Total charge:     1.00000000

 Atomic gross charges (e)
 Atom           Charge
    1      -0.01006324
    2       0.01946290
    3       0.09627578
    4       0.12803468
    5       0.13038329
    6       0.04329379
    7      -0.19537510
    8       0.11399414
    9       0.09762084
   10       0.20081193
   11       0.10108186
   12      -0.22653783
   13       0.25926914
   14       0.24174781

Nr. of electrons (up):     32.00000000
Atom populations (up)
 Atom       Population
    1       4.01006324
    2       3.98053710
    3       0.90372422
    4       0.87196532
    5       0.86961671
    6       3.95670621
    7       4.19537510
    8       0.88600586
    9       0.90237916
   10       3.79918807
   11       0.89891814
   12       5.22653783
   13       0.74073086
   14       0.75825219

l-shell populations (up)
 Atom Sh.   l       Population
    1   1   0       1.23966979
    1   2   1       2.77039345
    2   1   0       1.17608006
    2   2   1       2.80445704
    3   1   0       0.90372422
    4   1   0       0.87196532
    5   1   0       0.86961671
    6   1   0       1.21895723
    6   2   1       2.73774898
    7   1   0       1.20311836
    7   2   1       2.99225673
    8   1   0       0.88600586
    9   1   0       0.90237916
   10   1   0       1.16440731
   10   2   1       2.63478076
   11   1   0       0.89891814
   12   1   0       1.40669310
   12   2   1       3.81984473
   13   1   0       0.74073086
   14   1   0       0.75825219

Orbital populations (up)
 Atom Sh.   l   m       Population  Label
    1   1   0   0       1.23966979  s
    1   2   1  -1       0.99187477  p_y
    1   2   1   0       0.81903997  p_z
    1   2   1   1       0.95947871  p_x
    2   1   0   0       1.17608006  s
    2   2   1  -1       0.94332746  p_y
    2   2   1   0       0.88714158  p_z
    2   2   1   1       0.97398800  p_x
    3   1   0   0       0.90372422  s
    4   1   0   0       0.87196532  s
    5   1   0   0       0.86961671  s
    6   1   0   0       1.21895723  s
    6   2   1  -1       0.90490239  p_y
    6   2   1   0       0.90212316  p_z
    6   2   1   1       0.93072343  p_x
    7   1   0   0       1.20311836  s
    7   2   1  -1       1.03194190  p_y
    7   2   1   0       1.03696487  p_z
    7   2   1   1       0.92334997  p_x
    8   1   0   0       0.88600586  s
    9   1   0   0       0.90237916  s
   10   1   0   0       1.16440731  s
   10   2   1  -1       0.82648869  p_y
   10   2   1   0       0.93408716  p_z
   10   2   1   1       0.87420491  p_x
   11   1   0   0       0.89891814  s
   12   1   0   0       1.40669310  s
   12   2   1  -1       1.50611881  p_y
   12   2   1   0       1.17904465  p_z
   12   2   1   1       1.13468127  p_x
   13   1   0   0       0.74073086  s
   14   1   0   0       0.75825219  s

Input / Output electrons (q):     32.0000000000

Energy H0:                         -16.2733164036 H         -442.8195 eV
Energy SCC:                          0.0996743097 H            2.7123 eV
Energy SPIN:                        -0.0000003221 H           -0.0000 eV
Energy Fock:                        -0.6519236951 H          -17.7397 eV
Total Electronic energy:           -16.8255661111 H         -457.8469 eV
Repulsive energy:                    0.3328203823 H            9.0565 eV

Excitation Energy:                   0.0000000000 H            0.0000 eV

Total energy:                      -16.4927461502 H         -448.7905 eV

SCC converged

Total Forces
    1      0.005779690886     -0.007719784994     -0.002534405350
    2     -0.082824076385      0.082440795103     -0.053492094715
    3     -0.009998301508     -0.027154125449      0.002667528101
    4      0.031311866101      0.020509095257      0.003088756317
    5      0.029390881978     -0.045386906674      0.014807539851
    6      0.071371870189      0.046781435411      0.057061752946
    7      0.019808035643     -0.015553993705     -0.065917914887
    8      0.010806437486     -0.029330368622      0.030131970183
    9     -0.020670083686     -0.006941628158      0.014111519909
   10     -0.028405671513     -0.010813965721      0.027868531360
   11      0.015073946835      0.011216137412      0.007145126431
   12     -0.043651256003     -0.041006866923     -0.024322634882
   13     -0.005772784964      0.007328548426     -0.002040820992
   14      0.007779444941      0.015631628637     -0.008574854273

Maximal derivative component:        0.828241E-01 au


