REKS do not use any electronic distribution function

Calculation with static geometry

********************************************************************************************
  iSCC       reks energy        Diff energy         x_a       SCC error   
   60       -6.2841055537      -0.0000000000     0.999939    0.00000091
********************************************************************************************

 SA-REKS optimizes the avergaed state, not individual states
 These charges do not mean the charges for individual states
 Similarly to this, the values in band.out file indicate
 the band energies and occupations for the averaged state
 If you want to compute the relaxed density,
 please, set 'RelaxedDensity = Yes' option

 Total charge:     1.00000000

 Atomic gross charges (e)
 Atom           Charge
    1       0.11763571
    2      -0.11672595
    3       0.18743644
    4       0.31377463
    5       0.31413316
    6       0.18374602

Nr. of electrons (up):     12.00000000
Atom populations (up)
 Atom       Population
    1       3.88236429
    2       5.11672595
    3       0.81256356
    4       0.68622537
    5       0.68586684
    6       0.81625398

l-shell populations (up)
 Atom Sh.   l       Population
    1   1   0       1.18308790
    1   2   1       2.69927639
    2   1   0       1.38380251
    2   2   1       3.73292344
    3   1   0       0.81256356
    4   1   0       0.68622537
    5   1   0       0.68586684
    6   1   0       0.81625398

Orbital populations (up)
 Atom Sh.   l   m       Population  Label
    1   1   0   0       1.18308790  s
    1   2   1  -1       0.85345598  p_y
    1   2   1   0       0.89857239  p_z
    1   2   1   1       0.94724802  p_x
    2   1   0   0       1.38380251  s
    2   2   1  -1       1.08355917  p_y
    2   2   1   0       1.13383824  p_z
    2   2   1   1       1.51552603  p_x
    3   1   0   0       0.81256356  s
    4   1   0   0       0.68622537  s
    5   1   0   0       0.68586684  s
    6   1   0   0       0.81625398  s

Input / Output electrons (q):     12.0000000000

Energy H0:                          -6.5181544714 H         -177.3680 eV
Energy SCC:                          0.1344355833 H            3.6582 eV
Energy SPIN:                        -0.0000324202 H           -0.0009 eV
Energy Fock:                        -0.2093444201 H           -5.6966 eV
Total Electronic energy:            -6.5930957285 H         -179.4073 eV
Repulsive energy:                    0.1846757122 H            5.0253 eV

Excitation Energy:                   0.0000000000 H            0.0000 eV

Total energy:                       -6.4088621953 H         -174.3940 eV

SCC converged

Total Forces
    1     -0.004875060383     -0.005068321238     -0.008510422853
    2      0.010867835805      0.000094414926      0.000399862341
    3     -0.013850763255     -0.000048819293      0.000583595104
    4     -0.018303510437      0.006493624786      0.007017146909
    5      0.011109821662     -0.003737648511      0.006041424799
    6      0.015051676608      0.002266749331     -0.005531606300

Maximal derivative component:        0.183035E-01 au


