 KPT            1  SPIN            1  KWEIGHT    1.0000000000000000     
     1   -29.509  2.00000
     2   -26.979  2.00000
     3   -25.271  2.00000
     4   -23.180  2.00000
     5   -21.115  2.00000
     6   -20.273  2.00000
     7   -19.247  2.00000
     8   -18.596  2.00000
     9   -17.768  2.00000
    10   -17.132  2.00000
    11   -17.062  2.00000
    12   -16.325  2.00000
    13   -15.816  2.00000
    14   -15.231  2.00000
    15   -14.637  2.00000
    16   -13.471  1.49990
    17   -10.492  0.50010
    18    -4.076  0.00000
    19    -2.035  0.00000
    20     7.482  0.00000
    21     9.783  0.00000
    22    11.951  0.00000
    23    12.839  0.00000
    24    15.637  0.00000
    25    17.455  0.00000
    26    19.758  0.00000
    27    20.936  0.00000
    28    22.103  0.00000
    29    23.138  0.00000
    30    25.534  0.00000
    31    30.031  0.00000
    32    34.494  0.00000

