REKS do not use any electronic distribution function

Calculation with static geometry

********************************************************************************************
  iSCC       reks energy        Diff energy         x_a       SCC error   
   79      -16.4462251044      -0.0000000000     0.999904    0.00000099
********************************************************************************************

 SA-REKS optimizes the avergaed state, not individual states
 These charges do not mean the charges for individual states
 Similarly to this, the values in band.out file indicate
 the band energies and occupations for the averaged state
 If you want to compute the relaxed density,
 please, set 'RelaxedDensity = Yes' option

 Total charge:     1.00000000

 Atomic gross charges (e)
 Atom           Charge
    1      -0.01455921
    2      -0.06532558
    3       0.11644730
    4       0.11764390
    5       0.09909262
    6       0.08578109
    7      -0.15998159
    8       0.11150042
    9       0.10736343
   10       0.20920934
   11       0.11633611
   12      -0.22032702
   13       0.25206518
   14       0.24475403

Nr. of electrons (up):     32.00000000
Atom populations (up)
 Atom       Population
    1       4.01455921
    2       4.06532558
    3       0.88355270
    4       0.88235610
    5       0.90090738
    6       3.91421891
    7       4.15998159
    8       0.88849958
    9       0.89263657
   10       3.79079066
   11       0.88366389
   12       5.22032702
   13       0.74793482
   14       0.75524597

l-shell populations (up)
 Atom Sh.   l       Population
    1   1   0       1.23496735
    1   2   1       2.77959187
    2   1   0       1.17225734
    2   2   1       2.89306824
    3   1   0       0.88355270
    4   1   0       0.88235610
    5   1   0       0.90090738
    6   1   0       1.20365086
    6   2   1       2.71056806
    7   1   0       1.19285385
    7   2   1       2.96712774
    8   1   0       0.88849958
    9   1   0       0.89263657
   10   1   0       1.14840532
   10   2   1       2.64238534
   11   1   0       0.88366389
   12   1   0       1.38881963
   12   2   1       3.83150739
   13   1   0       0.74793482
   14   1   0       0.75524597

Orbital populations (up)
 Atom Sh.   l   m       Population  Label
    1   1   0   0       1.23496735  s
    1   2   1  -1       1.00500301  p_y
    1   2   1   0       0.82712483  p_z
    1   2   1   1       0.94746403  p_x
    2   1   0   0       1.17225734  s
    2   2   1  -1       0.94277688  p_y
    2   2   1   0       0.98671917  p_z
    2   2   1   1       0.96357219  p_x
    3   1   0   0       0.88355270  s
    4   1   0   0       0.88235610  s
    5   1   0   0       0.90090738  s
    6   1   0   0       1.20365086  s
    6   2   1  -1       0.95020511  p_y
    6   2   1   0       0.80135603  p_z
    6   2   1   1       0.95900692  p_x
    7   1   0   0       1.19285385  s
    7   2   1  -1       0.99066499  p_y
    7   2   1   0       1.04654045  p_z
    7   2   1   1       0.92992230  p_x
    8   1   0   0       0.88849958  s
    9   1   0   0       0.89263657  s
   10   1   0   0       1.14840532  s
   10   2   1  -1       0.85086064  p_y
   10   2   1   0       0.92170581  p_z
   10   2   1   1       0.86981890  p_x
   11   1   0   0       0.88366389  s
   12   1   0   0       1.38881963  s
   12   2   1  -1       1.50222475  p_y
   12   2   1   0       1.19043902  p_z
   12   2   1   1       1.13884362  p_x
   13   1   0   0       0.74793482  s
   14   1   0   0       0.75524597  s

Input / Output electrons (q):     32.0000000000

Energy H0:                         -16.3003843021 H         -443.5560 eV
Energy SCC:                          0.0909444829 H            2.4747 eV
Energy SPIN:                        -0.0000159263 H           -0.0004 eV
Energy Fock:                        -0.6540521080 H          -17.7977 eV
Total Electronic energy:           -16.8635078535 H         -458.8794 eV
Repulsive energy:                    0.3625968481 H            9.8668 eV

Excitation Energy:                   0.0000000000 H            0.0000 eV

Total energy:                      -16.5048902890 H         -449.1209 eV

SCC converged

Total Forces
    1      0.003629920443      0.022013875345     -0.020683024590
    2     -0.020468689217      0.054912874074      0.022119630112
    3      0.030572155929     -0.030970216935     -0.011575762413
    4     -0.010492167480      0.021254617625      0.019854721983
    5      0.020268958890     -0.026729558730     -0.009912139736
    6      0.042254459463     -0.019706997139      0.037139981722
    7     -0.056166158953     -0.047644348331     -0.013091616859
    8     -0.003834143274     -0.005337571276     -0.018431870045
    9     -0.001696907764      0.032349648084     -0.028981041623
   10      0.022370140314     -0.018059407829      0.081853912519
   11      0.003831172694      0.015168255099     -0.011759914479
   12     -0.014427488951      0.010618986339     -0.070385010867
   13     -0.008531112851      0.003443173818     -0.005681378273
   14     -0.007310139243     -0.011313330144      0.029533512549

Maximal derivative component:        0.818539E-01 au


