 KPT            1  SPIN            1  KWEIGHT    1.0000000000000000     
     1   -29.607  2.00000
     2   -27.609  2.00000
     3   -25.392  2.00000
     4   -23.371  2.00000
     5   -21.569  2.00000
     6   -20.143  2.00000
     7   -19.645  2.00000
     8   -18.813  2.00000
     9   -18.322  2.00000
    10   -17.647  2.00000
    11   -17.031  2.00000
    12   -16.706  2.00000
    13   -16.260  2.00000
    14   -15.076  2.00000
    15   -14.740  2.00000
    16   -14.082  1.50000
    17    -9.838  0.50000
    18    -4.279  0.00000
    19    -2.639  0.00000
    20     9.408  0.00000
    21    10.018  0.00000
    22    11.163  0.00000
    23    11.678  0.00000
    24    17.409  0.00000
    25    17.950  0.00000
    26    20.631  0.00000
    27    20.731  0.00000
    28    22.629  0.00000
    29    24.997  0.00000
    30    28.311  0.00000
    31    37.434  0.00000
    32    44.883  0.00000

