 KPT            1  SPIN            1  KWEIGHT    1.0000000000000000     
     1   -28.920  2.00000
     2   -26.960  2.00000
     3   -25.376  2.00000
     4   -23.158  2.00000
     5   -21.308  2.00000
     6   -20.146  2.00000
     7   -18.886  2.00000
     8   -17.990  2.00000
     9   -17.641  2.00000
    10   -16.917  2.00000
    11   -16.738  2.00000
    12   -16.275  2.00000
    13   -15.769  2.00000
    14   -15.355  2.00000
    15   -15.008  2.00000
    16   -13.677  1.49995
    17   -11.052  0.50005
    18    -4.234  0.00000
    19    -2.271  0.00000
    20     7.167  0.00000
    21     8.727  0.00000
    22    11.529  0.00000
    23    12.811  0.00000
    24    13.309  0.00000
    25    14.521  0.00000
    26    16.386  0.00000
    27    17.240  0.00000
    28    18.478  0.00000
    29    20.155  0.00000
    30    22.593  0.00000
    31    24.931  0.00000
    32    30.660  0.00000

