REKS do not use any electronic distribution function

Calculation with static geometry

********************************************************************************************
  iSCC       reks energy        Diff energy         x_a       SCC error   
   70      -16.4306469556      -0.0000000000     0.999946    0.00000092
********************************************************************************************

 SA-REKS optimizes the avergaed state, not individual states
 These charges do not mean the charges for individual states
 Similarly to this, the values in band.out file indicate
 the band energies and occupations for the averaged state
 If you want to compute the relaxed density,
 please, set 'RelaxedDensity = Yes' option

 Total charge:     1.00000000

 Atomic gross charges (e)
 Atom           Charge
    1       0.02148114
    2      -0.07560564
    3       0.11327022
    4       0.12894903
    5       0.09904763
    6       0.09488441
    7      -0.12423682
    8       0.10600458
    9       0.10717197
   10       0.20597160
   11       0.09050856
   12      -0.28298929
   13       0.26270240
   14       0.25284021

Nr. of electrons (up):     32.00000000
Atom populations (up)
 Atom       Population
    1       3.97851886
    2       4.07560564
    3       0.88672978
    4       0.87105097
    5       0.90095237
    6       3.90511559
    7       4.12423682
    8       0.89399542
    9       0.89282803
   10       3.79402840
   11       0.90949144
   12       5.28298929
   13       0.73729760
   14       0.74715979

l-shell populations (up)
 Atom Sh.   l       Population
    1   1   0       1.24004694
    1   2   1       2.73847192
    2   1   0       1.19940501
    2   2   1       2.87620063
    3   1   0       0.88672978
    4   1   0       0.87105097
    5   1   0       0.90095237
    6   1   0       1.21704072
    6   2   1       2.68807487
    7   1   0       1.18562328
    7   2   1       2.93861354
    8   1   0       0.89399542
    9   1   0       0.89282803
   10   1   0       1.18035243
   10   2   1       2.61367596
   11   1   0       0.90949144
   12   1   0       1.44789553
   12   2   1       3.83509376
   13   1   0       0.73729760
   14   1   0       0.74715979

Orbital populations (up)
 Atom Sh.   l   m       Population  Label
    1   1   0   0       1.24004694  s
    1   2   1  -1       0.81084526  p_y
    1   2   1   0       1.00857863  p_z
    1   2   1   1       0.91904802  p_x
    2   1   0   0       1.19940501  s
    2   2   1  -1       0.95990634  p_y
    2   2   1   0       0.97624294  p_z
    2   2   1   1       0.94005135  p_x
    3   1   0   0       0.88672978  s
    4   1   0   0       0.87105097  s
    5   1   0   0       0.90095237  s
    6   1   0   0       1.21704072  s
    6   2   1  -1       0.82714628  p_y
    6   2   1   0       0.99628177  p_z
    6   2   1   1       0.86464682  p_x
    7   1   0   0       1.18562328  s
    7   2   1  -1       0.99766143  p_y
    7   2   1   0       1.00169398  p_z
    7   2   1   1       0.93925813  p_x
    8   1   0   0       0.89399542  s
    9   1   0   0       0.89282803  s
   10   1   0   0       1.18035243  s
   10   2   1  -1       0.83665257  p_y
   10   2   1   0       0.95780368  p_z
   10   2   1   1       0.81921971  p_x
   11   1   0   0       0.90949144  s
   12   1   0   0       1.44789553  s
   12   2   1  -1       1.51349187  p_y
   12   2   1   0       1.14717356  p_z
   12   2   1   1       1.17442833  p_x
   13   1   0   0       0.73729760  s
   14   1   0   0       0.74715979  s

Input / Output electrons (q):     32.0000000000

Energy H0:                         -16.2095303381 H         -441.0838 eV
Energy SCC:                          0.0921292129 H            2.5070 eV
Energy SPIN:                        -0.0000080814 H           -0.0002 eV
Energy Fock:                        -0.6425133860 H          -17.4837 eV
Total Electronic energy:           -16.7599225925 H         -456.0607 eV
Repulsive energy:                    0.2819852322 H            7.6732 eV

Excitation Energy:                   0.0000000000 H            0.0000 eV

Total energy:                      -16.4821711448 H         -448.5027 eV

SCC converged

Total Forces
    1      0.087091582992      0.069955946697      0.024211522157
    2     -0.021332527546     -0.039961337254      0.055140220778
    3     -0.001410383624     -0.001296499685     -0.023851567931
    4     -0.003617726091     -0.009007384833      0.000734922823
    5     -0.002136184727      0.004245404241     -0.019863289939
    6      0.010278659165      0.059283397597     -0.055289832506
    7     -0.026033527146     -0.074146361246      0.036639740115
    8      0.006694371033      0.000823273318      0.011291986245
    9     -0.033760580044     -0.010100858314      0.005360639207
   10      0.110960688134      0.036452281511     -0.047174867953
   11     -0.015345424489     -0.003239177149      0.024803849350
   12     -0.085836216602     -0.010209758925      0.015976295616
   13     -0.016943255823     -0.011497328178      0.024051034933
   14     -0.008609475233     -0.011301597780     -0.052030652896

Maximal derivative component:        0.110961E+00 au


