 KPT            1  SPIN            1  KWEIGHT    1.0000000000000000     
     1   -29.637  2.00000
     2   -27.359  2.00000
     3   -25.295  2.00000
     4   -23.320  2.00000
     5   -21.510  2.00000
     6   -20.048  2.00000
     7   -19.222  2.00000
     8   -18.795  2.00000
     9   -18.189  2.00000
    10   -17.540  2.00000
    11   -16.879  2.00000
    12   -16.613  2.00000
    13   -15.591  2.00000
    14   -15.326  2.00000
    15   -14.503  2.00000
    16   -13.819  1.50000
    17    -9.755  0.50000
    18    -4.645  0.00000
    19    -2.194  0.00000
    20     4.165  0.00000
    21     7.428  0.00000
    22    10.476  0.00000
    23    11.072  0.00000
    24    15.246  0.00000
    25    15.864  0.00000
    26    17.521  0.00000
    27    19.526  0.00000
    28    24.299  0.00000
    29    26.132  0.00000
    30    30.241  0.00000
    31    34.494  0.00000
    32    36.334  0.00000

