REKS do not use any electronic distribution function

Calculation with static geometry

********************************************************************************************
  iSCC       reks energy        Diff energy         x_a       SCC error   
   65      -16.3933154563      -0.0000000000     1.000000    0.00000098
********************************************************************************************

 SA-REKS optimizes the avergaed state, not individual states
 These charges do not mean the charges for individual states
 Similarly to this, the values in band.out file indicate
 the band energies and occupations for the averaged state
 If you want to compute the relaxed density,
 please, set 'RelaxedDensity = Yes' option

 Total charge:     1.00000000

 Atomic gross charges (e)
 Atom           Charge
    1      -0.09635633
    2       0.00073359
    3       0.08424690
    4       0.12689501
    5       0.12781872
    6       0.08879222
    7      -0.07985857
    8       0.09595971
    9       0.09234695
   10       0.15616967
   11       0.09158447
   12      -0.20566661
   13       0.28136784
   14       0.23596642

Nr. of electrons (up):     32.00000000
Atom populations (up)
 Atom       Population
    1       4.09635633
    2       3.99926641
    3       0.91575310
    4       0.87310499
    5       0.87218128
    6       3.91120778
    7       4.07985857
    8       0.90404029
    9       0.90765305
   10       3.84383033
   11       0.90841553
   12       5.20566661
   13       0.71863216
   14       0.76403358

l-shell populations (up)
 Atom Sh.   l       Population
    1   1   0       1.21388258
    1   2   1       2.88247374
    2   1   0       1.16101300
    2   2   1       2.83825341
    3   1   0       0.91575310
    4   1   0       0.87310499
    5   1   0       0.87218128
    6   1   0       1.16176612
    6   2   1       2.74944166
    7   1   0       1.19345548
    7   2   1       2.88640309
    8   1   0       0.90404029
    9   1   0       0.90765305
   10   1   0       1.16110560
   10   2   1       2.68272473
   11   1   0       0.90841553
   12   1   0       1.38919193
   12   2   1       3.81647468
   13   1   0       0.71863216
   14   1   0       0.76403358

Orbital populations (up)
 Atom Sh.   l   m       Population  Label
    1   1   0   0       1.21388258  s
    1   2   1  -1       1.02801052  p_y
    1   2   1   0       0.90231332  p_z
    1   2   1   1       0.95214991  p_x
    2   1   0   0       1.16101300  s
    2   2   1  -1       0.95863624  p_y
    2   2   1   0       0.92682690  p_z
    2   2   1   1       0.95279028  p_x
    3   1   0   0       0.91575310  s
    4   1   0   0       0.87310499  s
    5   1   0   0       0.87218128  s
    6   1   0   0       1.16176612  s
    6   2   1  -1       0.88521531  p_y
    6   2   1   0       0.99900262  p_z
    6   2   1   1       0.86522372  p_x
    7   1   0   0       1.19345548  s
    7   2   1  -1       0.94331951  p_y
    7   2   1   0       0.98912195  p_z
    7   2   1   1       0.95396164  p_x
    8   1   0   0       0.90404029  s
    9   1   0   0       0.90765305  s
   10   1   0   0       1.16110560  s
   10   2   1  -1       0.94810759  p_y
   10   2   1   0       0.89561872  p_z
   10   2   1   1       0.83899842  p_x
   11   1   0   0       0.90841553  s
   12   1   0   0       1.38919193  s
   12   2   1  -1       1.41349427  p_y
   12   2   1   0       1.26473103  p_z
   12   2   1   1       1.13824938  p_x
   13   1   0   0       0.71863216  s
   14   1   0   0       0.76403358  s

Input / Output electrons (q):     32.0000000000

Energy H0:                         -16.2602849763 H         -442.4649 eV
Energy SCC:                          0.1106524877 H            3.0110 eV
Energy SPIN:                        -0.0000000073 H           -0.0000 eV
Energy Fock:                        -0.6727693884 H          -18.3070 eV
Total Electronic energy:           -16.8224018843 H         -457.7608 eV
Repulsive energy:                    0.3654746462 H            9.9451 eV

Excitation Energy:                   0.0000000000 H            0.0000 eV

Total energy:                      -16.4569321466 H         -447.8159 eV

SCC converged

Total Forces
    1     -0.039500861510      0.008896692232     -0.009544574258
    2      0.004287017979     -0.014389561974      0.074855493321
    3      0.028609113720      0.017111244831     -0.004532363083
    4     -0.005233617783     -0.035990668007     -0.006105324937
    5     -0.012595089409     -0.005839904731      0.002431661777
    6      0.029671208995      0.049904289141     -0.041744952519
    7      0.067082041772      0.055689741035     -0.027264286624
    8      0.012030881676     -0.009660075592      0.003478865595
    9     -0.020672726395     -0.018225129407      0.024120753713
   10     -0.083582298084     -0.052337875419      0.057020660533
   11      0.052700195548     -0.007302498562     -0.029394027389
   12      0.003708966689     -0.002251214284     -0.047103419430
   13     -0.036595668130      0.006858958962     -0.016016627592
   14      0.000090834934      0.007536001775      0.019798140895

Maximal derivative component:        0.835823E-01 au


