 KPT            1  SPIN            1  KWEIGHT    1.0000000000000000     
     1   -29.733  2.00000
     2   -27.388  2.00000
     3   -25.461  2.00000
     4   -23.098  2.00000
     5   -21.226  2.00000
     6   -20.699  2.00000
     7   -19.600  2.00000
     8   -18.771  2.00000
     9   -18.218  2.00000
    10   -17.415  2.00000
    11   -17.079  2.00000
    12   -16.327  2.00000
    13   -16.119  2.00000
    14   -15.747  2.00000
    15   -14.936  2.00000
    16   -13.918  1.50000
    17    -9.411  0.50000
    18    -4.486  0.00000
    19    -1.118  0.00000
    20     8.219  0.00000
    21    10.200  0.00000
    22    11.320  0.00000
    23    13.797  0.00000
    24    16.121  0.00000
    25    19.123  0.00000
    26    20.509  0.00000
    27    21.354  0.00000
    28    25.315  0.00000
    29    27.446  0.00000
    30    36.050  0.00000
    31    38.236  0.00000
    32    43.090  0.00000

