 KPT            1  SPIN            1  KWEIGHT    1.0000000000000000     
     1   -29.958  2.00000
     2   -27.249  2.00000
     3   -25.842  2.00000
     4   -23.356  2.00000
     5   -21.465  2.00000
     6   -21.062  2.00000
     7   -19.781  2.00000
     8   -18.411  2.00000
     9   -18.029  2.00000
    10   -17.807  2.00000
    11   -17.286  2.00000
    12   -16.780  2.00000
    13   -16.109  2.00000
    14   -15.747  2.00000
    15   -14.915  2.00000
    16   -14.054  1.49999
    17   -10.590  0.50001
    18    -4.199  0.00000
    19    -2.862  0.00000
    20     6.907  0.00000
    21     8.544  0.00000
    22    10.785  0.00000
    23    11.684  0.00000
    24    15.330  0.00000
    25    16.745  0.00000
    26    17.959  0.00000
    27    19.078  0.00000
    28    20.686  0.00000
    29    24.009  0.00000
    30    28.132  0.00000
    31    32.564  0.00000
    32    33.538  0.00000

