REKS do not use any electronic distribution function

Calculation with static geometry

********************************************************************************************
  iSCC       reks energy        Diff energy         x_a       SCC error   
  100      -16.4192719082      -0.0000000000     0.999993    0.00000098
********************************************************************************************

 SA-REKS optimizes the avergaed state, not individual states
 These charges do not mean the charges for individual states
 Similarly to this, the values in band.out file indicate
 the band energies and occupations for the averaged state
 If you want to compute the relaxed density,
 please, set 'RelaxedDensity = Yes' option

 Total charge:     1.00000000

 Atomic gross charges (e)
 Atom           Charge
    1      -0.05810008
    2      -0.02862079
    3       0.11650465
    4       0.11984624
    5       0.12210683
    6       0.03221806
    7      -0.12761493
    8       0.12319608
    9       0.14658688
   10       0.20292165
   11       0.10498707
   12      -0.26201878
   13       0.25122521
   14       0.25676192

Nr. of electrons (up):     32.00000000
Atom populations (up)
 Atom       Population
    1       4.05810008
    2       4.02862079
    3       0.88349535
    4       0.88015376
    5       0.87789317
    6       3.96778194
    7       4.12761493
    8       0.87680392
    9       0.85341312
   10       3.79707835
   11       0.89501293
   12       5.26201878
   13       0.74877479
   14       0.74323808

l-shell populations (up)
 Atom Sh.   l       Population
    1   1   0       1.20817893
    1   2   1       2.84992114
    2   1   0       1.20729359
    2   2   1       2.82132720
    3   1   0       0.88349535
    4   1   0       0.88015376
    5   1   0       0.87789317
    6   1   0       1.20628759
    6   2   1       2.76149436
    7   1   0       1.18738068
    7   2   1       2.94023425
    8   1   0       0.87680392
    9   1   0       0.85341312
   10   1   0       1.14590801
   10   2   1       2.65117034
   11   1   0       0.89501293
   12   1   0       1.40849873
   12   2   1       3.85352005
   13   1   0       0.74877479
   14   1   0       0.74323808

Orbital populations (up)
 Atom Sh.   l   m       Population  Label
    1   1   0   0       1.20817893  s
    1   2   1  -1       0.93057581  p_y
    1   2   1   0       1.03226251  p_z
    1   2   1   1       0.88708283  p_x
    2   1   0   0       1.20729359  s
    2   2   1  -1       0.96705573  p_y
    2   2   1   0       0.89913515  p_z
    2   2   1   1       0.95513631  p_x
    3   1   0   0       0.88349535  s
    4   1   0   0       0.88015376  s
    5   1   0   0       0.87789317  s
    6   1   0   0       1.20628759  s
    6   2   1  -1       0.87825468  p_y
    6   2   1   0       0.91743696  p_z
    6   2   1   1       0.96580272  p_x
    7   1   0   0       1.18738068  s
    7   2   1  -1       1.04364419  p_y
    7   2   1   0       0.96096521  p_z
    7   2   1   1       0.93562485  p_x
    8   1   0   0       0.87680392  s
    9   1   0   0       0.85341312  s
   10   1   0   0       1.14590801  s
   10   2   1  -1       0.89600543  p_y
   10   2   1   0       0.84952044  p_z
   10   2   1   1       0.90564447  p_x
   11   1   0   0       0.89501293  s
   12   1   0   0       1.40849873  s
   12   2   1  -1       1.33110176  p_y
   12   2   1   0       1.27312613  p_z
   12   2   1   1       1.24929216  p_x
   13   1   0   0       0.74877479  s
   14   1   0   0       0.74323808  s

Input / Output electrons (q):     32.0000000000

Energy H0:                         -16.2829617754 H         -443.0819 eV
Energy SCC:                          0.1009328472 H            2.7465 eV
Energy SPIN:                        -0.0000018947 H           -0.0001 eV
Energy Fock:                        -0.6594693708 H          -17.9451 eV
Total Electronic energy:           -16.8415001937 H         -458.2805 eV
Repulsive energy:                    0.3581900716 H            9.7468 eV

Excitation Energy:                   0.0000000000 H            0.0000 eV

Total energy:                      -16.4847089407 H         -448.5718 eV

SCC converged

Total Forces
    1      0.008308994094     -0.020233996225      0.003696756854
    2     -0.005899422481      0.066173095833     -0.035492424500
    3      0.009063854700     -0.015529369880     -0.004681021126
    4     -0.006268612117     -0.005975861369      0.017292805247
    5     -0.025008648159      0.012206511035     -0.030208603695
    6      0.043788552360     -0.015575153307     -0.012421513230
    7     -0.029182566927     -0.019901432360      0.021933644209
    8     -0.018513781724     -0.008845507828     -0.008280634558
    9     -0.032747172489      0.002271649384      0.029376762478
   10      0.001379369108     -0.018714834613      0.000950561822
   11      0.000679186400     -0.004303376920     -0.006973905028
   12      0.053445540362     -0.002105610645      0.025906033342
   13     -0.014307536439      0.012385877843      0.012996379576
   14      0.015262243312      0.018148009052     -0.014094841390

Maximal derivative component:        0.661731E-01 au


