REKS do not use any electronic distribution function

Calculation with static geometry

********************************************************************************************
  iSCC       reks energy        Diff energy         x_a       SCC error   
  106      -16.4017192363      -0.0000000000     0.999996    0.00000094
********************************************************************************************

 SA-REKS optimizes the avergaed state, not individual states
 These charges do not mean the charges for individual states
 Similarly to this, the values in band.out file indicate
 the band energies and occupations for the averaged state
 If you want to compute the relaxed density,
 please, set 'RelaxedDensity = Yes' option

 Total charge:     1.00000000

 Atomic gross charges (e)
 Atom           Charge
    1      -0.03528565
    2      -0.01411521
    3       0.09919833
    4       0.12107745
    5       0.12205328
    6       0.01549383
    7      -0.05665209
    8       0.09593966
    9       0.11736122
   10       0.18557969
   11       0.10353311
   12      -0.26769593
   13       0.23727422
   14       0.27623809

Nr. of electrons (up):     32.00000000
Atom populations (up)
 Atom       Population
    1       4.03528565
    2       4.01411521
    3       0.90080167
    4       0.87892255
    5       0.87794672
    6       3.98450617
    7       4.05665209
    8       0.90406034
    9       0.88263878
   10       3.81442031
   11       0.89646689
   12       5.26769593
   13       0.76272578
   14       0.72376191

l-shell populations (up)
 Atom Sh.   l       Population
    1   1   0       1.20161485
    1   2   1       2.83367080
    2   1   0       1.17501772
    2   2   1       2.83909748
    3   1   0       0.90080167
    4   1   0       0.87892255
    5   1   0       0.87794672
    6   1   0       1.19789223
    6   2   1       2.78661394
    7   1   0       1.17961846
    7   2   1       2.87703363
    8   1   0       0.90406034
    9   1   0       0.88263878
   10   1   0       1.12587368
   10   2   1       2.68854663
   11   1   0       0.89646689
   12   1   0       1.41398345
   12   2   1       3.85371248
   13   1   0       0.76272578
   14   1   0       0.72376191

Orbital populations (up)
 Atom Sh.   l   m       Population  Label
    1   1   0   0       1.20161485  s
    1   2   1  -1       0.89821603  p_y
    1   2   1   0       0.98395703  p_z
    1   2   1   1       0.95149774  p_x
    2   1   0   0       1.17501772  s
    2   2   1  -1       0.96563544  p_y
    2   2   1   0       0.91028118  p_z
    2   2   1   1       0.96318086  p_x
    3   1   0   0       0.90080167  s
    4   1   0   0       0.87892255  s
    5   1   0   0       0.87794672  s
    6   1   0   0       1.19789223  s
    6   2   1  -1       0.84598048  p_y
    6   2   1   0       1.02878701  p_z
    6   2   1   1       0.91184644  p_x
    7   1   0   0       1.17961846  s
    7   2   1  -1       0.96345471  p_y
    7   2   1   0       0.98873508  p_z
    7   2   1   1       0.92484384  p_x
    8   1   0   0       0.90406034  s
    9   1   0   0       0.88263878  s
   10   1   0   0       1.12587368  s
   10   2   1  -1       0.95749345  p_y
   10   2   1   0       0.84687942  p_z
   10   2   1   1       0.88417375  p_x
   11   1   0   0       0.89646689  s
   12   1   0   0       1.41398345  s
   12   2   1  -1       1.16217215  p_y
   12   2   1   0       1.23112727  p_z
   12   2   1   1       1.46041306  p_x
   13   1   0   0       0.76272578  s
   14   1   0   0       0.72376191  s

Input / Output electrons (q):     32.0000000000

Energy H0:                         -16.2879984993 H         -443.2190 eV
Energy SCC:                          0.1009315917 H            2.7465 eV
Energy SPIN:                        -0.0000008807 H           -0.0000 eV
Energy Fock:                        -0.6640177705 H          -18.0688 eV
Total Electronic energy:           -16.8510855587 H         -458.5414 eV
Repulsive energy:                    0.3895317600 H           10.5997 eV

Excitation Energy:                   0.0000000000 H            0.0000 eV

Total energy:                      -16.4616030931 H         -447.9430 eV

SCC converged

Total Forces
    1      0.006752230112      0.008974104531      0.008303017243
    2      0.048784325078      0.001276754449      0.043942395816
    3      0.000791504595     -0.009998719898      0.005771749221
    4     -0.022012216058     -0.005603899645     -0.023163028378
    5      0.012692081327     -0.002608978587     -0.025091990233
    6      0.031526963311      0.013731229712      0.002897942736
    7     -0.085221637206     -0.020033385285      0.019792483849
    8     -0.021694047057     -0.006759800527      0.027136730330
    9     -0.007330326242      0.013937711885     -0.018799390670
   10      0.036294129534     -0.012659184988     -0.008690643486
   11     -0.000900286517      0.002348901767     -0.008416854537
   12      0.048974277292     -0.013793439491     -0.034036377741
   13     -0.004438193261     -0.025704545303      0.016354072371
   14     -0.044218804908      0.056893251381     -0.006000106523

Maximal derivative component:        0.852216E-01 au


