 Fermi distribution function

Calculation with static geometry


********************************************************************************
 iSCC Total electronic   Diff electronic      SCC error    
   13   -0.52708795E+01   -0.68707440E-09    0.20118132E-06
********************************************************************************

 Total charge:     1.00000000

 Atomic gross charges (e)
 Atom           Charge
    1       0.32090338
    2      -0.20564649
    3       0.18384635
    4       0.27208289
    5       0.25759038
    6       0.17122350

Nr. of electrons (up):     12.00000000
Atom populations (up)
 Atom       Population
    1       3.67909662
    2       5.20564649
    3       0.81615365
    4       0.72791711
    5       0.74240962
    6       0.82877650

l-shell populations (up)
 Atom Sh.   l       Population
    1   1   0       1.40036658
    1   2   1       2.27873005
    2   1   0       1.52309440
    2   2   1       3.68255209
    3   1   0       0.81615365
    4   1   0       0.72791711
    5   1   0       0.74240962
    6   1   0       0.82877650

Orbital populations (up)
 Atom Sh.   l   m       Population  Label
    1   1   0   0       1.40036658  s
    1   2   1  -1       0.45324491  p_y
    1   2   1   0       0.86842161  p_z
    1   2   1   1       0.95706353  p_x
    2   1   0   0       1.52309440  s
    2   2   1  -1       1.36871912  p_y
    2   2   1   0       1.07905552  p_z
    2   2   1   1       1.23477745  p_x
    3   1   0   0       0.81615365  s
    4   1   0   0       0.72791711  s
    5   1   0   0       0.74240962  s
    6   1   0   0       0.82877650  s

Fermi level:                        -0.5151529966 H          -14.0180 eV
Band energy:                        -8.6783180783 H         -236.1491 eV
TS:                                  0.0000000000 H            0.0000 eV
Band free energy (E-TS):            -8.6783180783 H         -236.1491 eV
Extrapolated E(0K):                 -8.6783180783 H         -236.1491 eV
Input / Output electrons (q):     12.0000000000     12.0000000000

Energy H0:                          -5.4083096388 H         -147.1676 eV
Energy SCC:                          0.1374301613 H            3.7397 eV
Total Electronic energy:            -5.2708794775 H         -143.4279 eV
Repulsive energy:                    0.1356433270 H            3.6910 eV
Total energy:                       -5.1352361505 H         -139.7369 eV
Extrapolated to 0:                  -5.1352361505 H         -139.7369 eV
Total Mermin free energy:           -5.1352361505 H         -139.7369 eV
Force related energy:               -5.1352361505 H         -139.7369 eV

SCC converged

Excitation Energy:                   0.0908529490 H            2.4722 eV

Total Forces
    1      0.002243580491     -0.001774245390      0.047626977205
    2     -0.005152672657      0.015097766259     -0.054541707741
    3     -0.006269569550     -0.013560372785      0.001190204975
    4     -0.007388934667      0.007889995357      0.005419870010
    5      0.011871402846     -0.015835636907     -0.001203558821
    6      0.004696193536      0.008182493466      0.001508214373

Maximal derivative component:        0.545417E-01 au


