REKS do not use any electronic distribution function

Calculation with static geometry

********************************************************************************************
  iSCC       reks energy        Diff energy         x_a       SCC error   
   44       -6.2847568753      -0.0000000000     0.999977    0.00000099
********************************************************************************************

 SA-REKS optimizes the avergaed state, not individual states
 These charges do not mean the charges for individual states
 Similarly to this, the values in band.out file indicate
 the band energies and occupations for the averaged state
 If you want to compute the relaxed density,
 please, set 'RelaxedDensity = Yes' option

 Total charge:     1.00000000

 Atomic gross charges (e)
 Atom           Charge
    1       0.09767541
    2      -0.10491017
    3       0.19540470
    4       0.30827370
    5       0.31148904
    6       0.19206731

Nr. of electrons (up):     12.00000000
Atom populations (up)
 Atom       Population
    1       3.90232459
    2       5.10491017
    3       0.80459530
    4       0.69172630
    5       0.68851096
    6       0.80793269

l-shell populations (up)
 Atom Sh.   l       Population
    1   1   0       1.18180459
    1   2   1       2.72051999
    2   1   0       1.38341349
    2   2   1       3.72149668
    3   1   0       0.80459530
    4   1   0       0.69172630
    5   1   0       0.68851096
    6   1   0       0.80793269

Orbital populations (up)
 Atom Sh.   l   m       Population  Label
    1   1   0   0       1.18180459  s
    1   2   1  -1       0.84580105  p_y
    1   2   1   0       0.89671167  p_z
    1   2   1   1       0.97800728  p_x
    2   1   0   0       1.38341349  s
    2   2   1  -1       1.09185808  p_y
    2   2   1   0       1.12662039  p_z
    2   2   1   1       1.50301821  p_x
    3   1   0   0       0.80459530  s
    4   1   0   0       0.69172630  s
    5   1   0   0       0.68851096  s
    6   1   0   0       0.80793269  s

Input / Output electrons (q):     12.0000000000

Energy H0:                          -6.5296194878 H         -177.6800 eV
Energy SCC:                          0.1356270846 H            3.6906 eV
Energy SPIN:                        -0.0000133918 H           -0.0004 eV
Energy Fock:                        -0.2087082871 H           -5.6792 eV
Total Electronic energy:            -6.6027140821 H         -179.6690 eV
Repulsive energy:                    0.1866324270 H            5.0785 eV

Excitation Energy:                   0.0000000000 H            0.0000 eV

Total energy:                       -6.4160912087 H         -174.5907 eV

SCC converged

Total Forces
    1      0.012532368344      0.007124411370     -0.005395886137
    2     -0.020277206296      0.006175219296      0.016122975240
    3     -0.005836332751      0.001923980117     -0.003165624553
    4      0.003650842493     -0.005801804321      0.001818956083
    5      0.008785058630      0.000019677439     -0.003349306400
    6      0.001145269580     -0.009441483903     -0.006031114232

Maximal derivative component:        0.202772E-01 au


