REKS do not use any electronic distribution function

Calculation with static geometry

********************************************************************************************
  iSCC       reks energy        Diff energy         x_a       SCC error   
   38       -6.1771186465      -0.0000000000     0.999966    0.00000082
********************************************************************************************

 SA-REKS optimizes the avergaed state, not individual states
 These charges do not mean the charges for individual states
 Similarly to this, the values in band.out file indicate
 the band energies and occupations for the averaged state
 If you want to compute the relaxed density,
 please, set 'RelaxedDensity = Yes' option

 Total charge:     1.00000000

 Atomic gross charges (e)
 Atom           Charge
    1       0.23698676
    2      -0.20705173
    3       0.10725355
    4       0.33483421
    5       0.36704494
    6       0.16093227

Nr. of electrons (up):     12.00000000
Atom populations (up)
 Atom       Population
    1       3.76301324
    2       5.20705173
    3       0.89274645
    4       0.66516579
    5       0.63295506
    6       0.83906773

l-shell populations (up)
 Atom Sh.   l       Population
    1   1   0       1.25181912
    1   2   1       2.51119412
    2   1   0       1.46619852
    2   2   1       3.74085321
    3   1   0       0.89274645
    4   1   0       0.66516579
    5   1   0       0.63295506
    6   1   0       0.83906773

Orbital populations (up)
 Atom Sh.   l   m       Population  Label
    1   1   0   0       1.25181912  s
    1   2   1  -1       1.03723401  p_y
    1   2   1   0       0.79698561  p_z
    1   2   1   1       0.67697450  p_x
    2   1   0   0       1.46619852  s
    2   2   1  -1       1.43303450  p_y
    2   2   1   0       1.14577312  p_z
    2   2   1   1       1.16204559  p_x
    3   1   0   0       0.89274645  s
    4   1   0   0       0.66516579  s
    5   1   0   0       0.63295506  s
    6   1   0   0       0.83906773  s

Input / Output electrons (q):     12.0000000000

Energy H0:                          -6.2513770054 H         -170.1086 eV
Energy SCC:                          0.1504110870 H            4.0929 eV
Energy SPIN:                        -0.0000108339 H           -0.0003 eV
Energy Fock:                        -0.2290562309 H           -6.2329 eV
Total Electronic energy:            -6.3300329832 H         -172.2490 eV
Repulsive energy:                    0.1236398133 H            3.3644 eV

Excitation Energy:                   0.0000000000 H            0.0000 eV

Total energy:                       -6.2152039490 H         -169.1243 eV

SCC converged

Total Forces
    1      0.013075277763      0.161827449654      0.111919789516
    2     -0.065310961239     -0.080957947626     -0.187896497504
    3      0.046635716116     -0.055565789769      0.022139037040
    4      0.016686646594      0.050094116776      0.030592933839
    5      0.016249002638      0.002945367629      0.063367856869
    6     -0.027335681872     -0.078343196664     -0.040123119760

Maximal derivative component:        0.187896E+00 au


