REKS do not use any electronic distribution function

Calculation with static geometry

********************************************************************************************
  iSCC       reks energy        Diff energy         x_a       SCC error   
   63       -6.2869033236      -0.0000000000     0.999933    0.00000088
********************************************************************************************

 SA-REKS optimizes the avergaed state, not individual states
 These charges do not mean the charges for individual states
 Similarly to this, the values in band.out file indicate
 the band energies and occupations for the averaged state
 If you want to compute the relaxed density,
 please, set 'RelaxedDensity = Yes' option

 Total charge:     1.00000000

 Atomic gross charges (e)
 Atom           Charge
    1       0.12759234
    2      -0.12096576
    3       0.18604001
    4       0.31274029
    5       0.31292407
    6       0.18166904

Nr. of electrons (up):     12.00000000
Atom populations (up)
 Atom       Population
    1       3.87240766
    2       5.12096576
    3       0.81395999
    4       0.68725971
    5       0.68707593
    6       0.81833096

l-shell populations (up)
 Atom Sh.   l       Population
    1   1   0       1.18326356
    1   2   1       2.68914410
    2   1   0       1.38980933
    2   2   1       3.73115642
    3   1   0       0.81395999
    4   1   0       0.68725971
    5   1   0       0.68707593
    6   1   0       0.81833096

Orbital populations (up)
 Atom Sh.   l   m       Population  Label
    1   1   0   0       1.18326356  s
    1   2   1  -1       0.86095353  p_y
    1   2   1   0       0.88890478  p_z
    1   2   1   1       0.93928579  p_x
    2   1   0   0       1.38980933  s
    2   2   1  -1       1.08877444  p_y
    2   2   1   0       1.12880060  p_z
    2   2   1   1       1.51358139  p_x
    3   1   0   0       0.81395999  s
    4   1   0   0       0.68725971  s
    5   1   0   0       0.68707593  s
    6   1   0   0       0.81833096  s

Input / Output electrons (q):     12.0000000000

Energy H0:                          -6.5125563585 H         -177.2157 eV
Energy SCC:                          0.1342697471 H            3.6537 eV
Energy SPIN:                        -0.0000352784 H           -0.0010 eV
Energy Fock:                        -0.2079561064 H           -5.6588 eV
Total Electronic energy:            -6.5862779961 H         -179.2217 eV
Repulsive energy:                    0.1775399024 H            4.8311 eV

Excitation Energy:                   0.0000000000 H            0.0000 eV

Total energy:                       -6.4091313363 H         -174.4013 eV

SCC converged

Total Forces
    1      0.004866713673     -0.010911505893      0.012601046076
    2     -0.022332636649      0.002201648631     -0.018875994274
    3     -0.010326493478      0.005382435342      0.004052730164
    4     -0.004461424803      0.006021091909      0.001596779212
    5      0.020431673284     -0.000746550431      0.004285477329
    6      0.011822167972     -0.001947119558     -0.003660038507

Maximal derivative component:        0.223326E-01 au


