REKS do not use any electronic distribution function

Calculation with static geometry

********************************************************************************************
  iSCC       reks energy        Diff energy         x_a       SCC error   
   52       -6.2884093706      -0.0000000000     0.999967    0.00000095
********************************************************************************************

 SA-REKS optimizes the avergaed state, not individual states
 These charges do not mean the charges for individual states
 Similarly to this, the values in band.out file indicate
 the band energies and occupations for the averaged state
 If you want to compute the relaxed density,
 please, set 'RelaxedDensity = Yes' option

 Total charge:     1.00000000

 Atomic gross charges (e)
 Atom           Charge
    1       0.10851460
    2      -0.11091401
    3       0.19014100
    4       0.30906168
    5       0.31162849
    6       0.19156824

Nr. of electrons (up):     12.00000000
Atom populations (up)
 Atom       Population
    1       3.89148540
    2       5.11091401
    3       0.80985900
    4       0.69093832
    5       0.68837151
    6       0.80843176

l-shell populations (up)
 Atom Sh.   l       Population
    1   1   0       1.18032924
    1   2   1       2.71115616
    2   1   0       1.38334682
    2   2   1       3.72756719
    3   1   0       0.80985900
    4   1   0       0.69093832
    5   1   0       0.68837151
    6   1   0       0.80843176

Orbital populations (up)
 Atom Sh.   l   m       Population  Label
    1   1   0   0       1.18032924  s
    1   2   1  -1       0.97244145  p_y
    1   2   1   0       0.88421494  p_z
    1   2   1   1       0.85449976  p_x
    2   1   0   0       1.38334682  s
    2   2   1  -1       1.51025207  p_y
    2   2   1   0       1.11622331  p_z
    2   2   1   1       1.10109181  p_x
    3   1   0   0       0.80985900  s
    4   1   0   0       0.69093832  s
    5   1   0   0       0.68837151  s
    6   1   0   0       0.80843176  s

Input / Output electrons (q):     12.0000000000

Energy H0:                          -6.5247774007 H         -177.5482 eV
Energy SCC:                          0.1349462321 H            3.6721 eV
Energy SPIN:                        -0.0000187960 H           -0.0005 eV
Energy Fock:                        -0.2069967833 H           -5.6327 eV
Total Electronic energy:            -6.5968467479 H         -179.5093 eV
Repulsive energy:                    0.1795478802 H            4.8857 eV

Excitation Energy:                   0.0000000000 H            0.0000 eV

Total energy:                       -6.4173427577 H         -174.6248 eV

SCC converged

Total Forces
    1     -0.001452368261     -0.000343419238      0.016545433619
    2      0.001646584789     -0.004449787012     -0.013430365416
    3     -0.000792035722     -0.005192029220      0.000168031250
    4      0.000961371113      0.007968691418      0.000641385947
    5     -0.000240990439     -0.003995182602     -0.005656180401
    6     -0.000122561480      0.006011726655      0.001731695000

Maximal derivative component:        0.165454E-01 au


