REKS do not use any electronic distribution function

Calculation with static geometry

********************************************************************************************
  iSCC       reks energy        Diff energy         x_a       SCC error   
   52       -6.2888559356      -0.0000000000     0.999969    0.00000088
********************************************************************************************

 SA-REKS optimizes the avergaed state, not individual states
 These charges do not mean the charges for individual states
 Similarly to this, the values in band.out file indicate
 the band energies and occupations for the averaged state
 If you want to compute the relaxed density,
 please, set 'RelaxedDensity = Yes' option

 Total charge:     1.00000000

 Atomic gross charges (e)
 Atom           Charge
    1       0.10761612
    2      -0.11063254
    3       0.19117850
    4       0.30964746
    5       0.31041148
    6       0.19177897

Nr. of electrons (up):     12.00000000
Atom populations (up)
 Atom       Population
    1       3.89238388
    2       5.11063254
    3       0.80882150
    4       0.69035254
    5       0.68958852
    6       0.80822103

l-shell populations (up)
 Atom Sh.   l       Population
    1   1   0       1.18039738
    1   2   1       2.71198650
    2   1   0       1.38333963
    2   2   1       3.72729291
    3   1   0       0.80882150
    4   1   0       0.69035254
    5   1   0       0.68958852
    6   1   0       0.80822103

Orbital populations (up)
 Atom Sh.   l   m       Population  Label
    1   1   0   0       1.18039738  s
    1   2   1  -1       0.97604546  p_y
    1   2   1   0       0.88335488  p_z
    1   2   1   1       0.85258617  p_x
    2   1   0   0       1.38333963  s
    2   2   1  -1       1.51888018  p_y
    2   2   1   0       1.11295717  p_z
    2   2   1   1       1.09545556  p_x
    3   1   0   0       0.80882150  s
    4   1   0   0       0.69035254  s
    5   1   0   0       0.68958852  s
    6   1   0   0       0.80822103  s

Input / Output electrons (q):     12.0000000000

Energy H0:                          -6.5256822270 H         -177.5728 eV
Energy SCC:                          0.1350560661 H            3.6751 eV
Energy SPIN:                        -0.0000178185 H           -0.0005 eV
Energy Fock:                        -0.2066675290 H           -5.6237 eV
Total Electronic energy:            -6.5973115083 H         -179.5220 eV
Repulsive energy:                    0.1791769331 H            4.8757 eV

Excitation Energy:                   0.0000000000 H            0.0000 eV

Total energy:                       -6.4181542568 H         -174.6469 eV

SCC converged

Total Forces
    1     -0.000351813365     -0.000428786154      0.020869833102
    2      0.004130468259      0.005375492661     -0.018873643816
    3      0.000210930882      0.003055293862      0.001777735475
    4     -0.000366970710     -0.006042638171     -0.002182666539
    5     -0.002280211484      0.002680635421     -0.002710300438
    6     -0.001342403582     -0.004639997619      0.001119042216

Maximal derivative component:        0.208698E-01 au


