REKS do not use any electronic distribution function

Calculation with static geometry

********************************************************************************************
  iSCC       reks energy        Diff energy         x_a       SCC error   
   54       -6.2838441309      -0.0000000000     0.999952    0.00000094
********************************************************************************************

 SA-REKS optimizes the avergaed state, not individual states
 These charges do not mean the charges for individual states
 Similarly to this, the values in band.out file indicate
 the band energies and occupations for the averaged state
 If you want to compute the relaxed density,
 please, set 'RelaxedDensity = Yes' option

 Total charge:     1.00000000

 Atomic gross charges (e)
 Atom           Charge
    1       0.11202046
    2      -0.10726769
    3       0.18822056
    4       0.31045794
    5       0.31303967
    6       0.18352905

Nr. of electrons (up):     12.00000000
Atom populations (up)
 Atom       Population
    1       3.88797954
    2       5.10726769
    3       0.81177944
    4       0.68954206
    5       0.68696033
    6       0.81647095

l-shell populations (up)
 Atom Sh.   l       Population
    1   1   0       1.17441535
    1   2   1       2.71356418
    2   1   0       1.37872411
    2   2   1       3.72854358
    3   1   0       0.81177944
    4   1   0       0.68954206
    5   1   0       0.68696033
    6   1   0       0.81647095

Orbital populations (up)
 Atom Sh.   l   m       Population  Label
    1   1   0   0       1.17441535  s
    1   2   1  -1       0.85977149  p_y
    1   2   1   0       0.89398375  p_z
    1   2   1   1       0.95980894  p_x
    2   1   0   0       1.37872411  s
    2   2   1  -1       1.09327195  p_y
    2   2   1   0       1.12865270  p_z
    2   2   1   1       1.50661892  p_x
    3   1   0   0       0.81177944  s
    4   1   0   0       0.68954206  s
    5   1   0   0       0.68696033  s
    6   1   0   0       0.81647095  s

Input / Output electrons (q):     12.0000000000

Energy H0:                          -6.5325709420 H         -177.7603 eV
Energy SCC:                          0.1350377000 H            3.6746 eV
Energy SPIN:                        -0.0000263335 H           -0.0007 eV
Energy Fock:                        -0.2091483442 H           -5.6912 eV
Total Electronic energy:            -6.6067079198 H         -179.7777 eV
Repulsive energy:                    0.1956518255 H            5.3240 eV

Excitation Energy:                   0.0000000000 H            0.0000 eV

Total energy:                       -6.4113340499 H         -174.4613 eV

SCC converged

Total Forces
    1     -0.001484039785      0.003163698588     -0.019513972838
    2     -0.003035050220      0.001612696700      0.018326590264
    3     -0.010420573602     -0.005221139969      0.000367925303
    4     -0.012472440141     -0.003358559158      0.005393307326
    5      0.014525189247     -0.000283617639      0.000854882414
    6      0.012886914502      0.004086921478     -0.005428732469

Maximal derivative component:        0.195140E-01 au


