REKS do not use any electronic distribution function

Calculation with static geometry

********************************************************************************************
  iSCC       reks energy        Diff energy         x_a       SCC error   
   36       -6.2826822931      -0.0000000000     0.999976    0.00000080
********************************************************************************************

 SA-REKS optimizes the avergaed state, not individual states
 These charges do not mean the charges for individual states
 Similarly to this, the values in band.out file indicate
 the band energies and occupations for the averaged state
 If you want to compute the relaxed density,
 please, set 'RelaxedDensity = Yes' option

 Total charge:     1.00000000

 Atomic gross charges (e)
 Atom           Charge
    1       0.10344999
    2      -0.09892695
    3       0.19303985
    4       0.30724852
    5       0.30951970
    6       0.18566889

Nr. of electrons (up):     12.00000000
Atom populations (up)
 Atom       Population
    1       3.89655001
    2       5.09892695
    3       0.80696015
    4       0.69275148
    5       0.69048030
    6       0.81433111

l-shell populations (up)
 Atom Sh.   l       Population
    1   1   0       1.17021678
    1   2   1       2.72633322
    2   1   0       1.37991296
    2   2   1       3.71901399
    3   1   0       0.80696015
    4   1   0       0.69275148
    5   1   0       0.69048030
    6   1   0       0.81433111

Orbital populations (up)
 Atom Sh.   l   m       Population  Label
    1   1   0   0       1.17021678  s
    1   2   1  -1       0.86053747  p_y
    1   2   1   0       0.88869208  p_z
    1   2   1   1       0.97710367  p_x
    2   1   0   0       1.37991296  s
    2   2   1  -1       1.10884826  p_y
    2   2   1   0       1.11757449  p_z
    2   2   1   1       1.49259124  p_x
    3   1   0   0       0.80696015  s
    4   1   0   0       0.69275148  s
    5   1   0   0       0.69048030  s
    6   1   0   0       0.81433111  s

Input / Output electrons (q):     12.0000000000

Energy H0:                          -6.5346631042 H         -177.8172 eV
Energy SCC:                          0.1359463610 H            3.6993 eV
Energy SPIN:                        -0.0000137927 H           -0.0004 eV
Energy Fock:                        -0.2094826936 H           -5.7003 eV
Total Electronic energy:            -6.6082132296 H         -179.8186 eV
Repulsive energy:                    0.1951284290 H            5.3097 eV

Excitation Energy:                   0.0000000000 H            0.0000 eV

Total energy:                       -6.4130877706 H         -174.5090 eV

SCC converged

Total Forces
    1      0.007899481534      0.016855018248     -0.032783169943
    2     -0.030178484551     -0.001313080875      0.045338691115
    3      0.001328422418     -0.006542407771      0.006845907899
    4      0.013525734821     -0.001671087813     -0.007178063718
    5      0.009331203168     -0.005829991581     -0.008098490209
    6     -0.001906357389     -0.001498450208     -0.004124875143

Maximal derivative component:        0.453387E-01 au


