REKS do not use any electronic distribution function

Calculation with static geometry

********************************************************************************************
  iSCC       reks energy        Diff energy         x_a       SCC error   
   72       -6.2852426389      -0.0000000000     0.999920    0.00000094
********************************************************************************************

 SA-REKS optimizes the avergaed state, not individual states
 These charges do not mean the charges for individual states
 Similarly to this, the values in band.out file indicate
 the band energies and occupations for the averaged state
 If you want to compute the relaxed density,
 please, set 'RelaxedDensity = Yes' option

 Total charge:     1.00000000

 Atomic gross charges (e)
 Atom           Charge
    1       0.12750960
    2      -0.12656839
    3       0.18410440
    4       0.31504747
    5       0.31406915
    6       0.18583777

Nr. of electrons (up):     12.00000000
Atom populations (up)
 Atom       Population
    1       3.87249040
    2       5.12656839
    3       0.81589560
    4       0.68495253
    5       0.68593085
    6       0.81416223

l-shell populations (up)
 Atom Sh.   l       Population
    1   1   0       1.18783898
    1   2   1       2.68465141
    2   1   0       1.38692084
    2   2   1       3.73964755
    3   1   0       0.81589560
    4   1   0       0.68495253
    5   1   0       0.68593085
    6   1   0       0.81416223

Orbital populations (up)
 Atom Sh.   l   m       Population  Label
    1   1   0   0       1.18783898  s
    1   2   1  -1       0.85447312  p_y
    1   2   1   0       0.89647910  p_z
    1   2   1   1       0.93369919  p_x
    2   1   0   0       1.38692084  s
    2   2   1  -1       1.08201558  p_y
    2   2   1   0       1.13276031  p_z
    2   2   1   1       1.52487166  p_x
    3   1   0   0       0.81589560  s
    4   1   0   0       0.68495253  s
    5   1   0   0       0.68593085  s
    6   1   0   0       0.81416223  s

Input / Output electrons (q):     12.0000000000

Energy H0:                          -6.5114553275 H         -177.1857 eV
Energy SCC:                          0.1336306025 H            3.6363 eV
Energy SPIN:                        -0.0000414938 H           -0.0011 eV
Energy Fock:                        -0.2082020741 H           -5.6655 eV
Total Electronic energy:            -6.5860682929 H         -179.2160 eV
Repulsive energy:                    0.1789255451 H            4.8688 eV

Excitation Energy:                   0.0000000000 H            0.0000 eV

Total energy:                       -6.4078280885 H         -174.3659 eV

SCC converged

Total Forces
    1      0.001434457216      0.002531766074      0.027718043534
    2     -0.000803326483     -0.001285744083     -0.026310656519
    3     -0.015427932390      0.000865886041     -0.008574881020
    4     -0.016017322166      0.003872465842      0.005641955163
    5      0.016254288505     -0.003790009077      0.007388820584
    6      0.014559835318     -0.002194364796     -0.005863281742

Maximal derivative component:        0.277180E-01 au


