REKS do not use any electronic distribution function

Calculation with static geometry

********************************************************************************************
  iSCC       reks energy        Diff energy         x_a       SCC error   
   70       -6.2852320437      -0.0000000000     0.999925    0.00000086
********************************************************************************************

 SA-REKS optimizes the avergaed state, not individual states
 These charges do not mean the charges for individual states
 Similarly to this, the values in band.out file indicate
 the band energies and occupations for the averaged state
 If you want to compute the relaxed density,
 please, set 'RelaxedDensity = Yes' option

 Total charge:     1.00000000

 Atomic gross charges (e)
 Atom           Charge
    1       0.12646195
    2      -0.12549312
    3       0.18377149
    4       0.31547116
    5       0.31473652
    6       0.18505199

Nr. of electrons (up):     12.00000000
Atom populations (up)
 Atom       Population
    1       3.87353805
    2       5.12549312
    3       0.81622851
    4       0.68452884
    5       0.68526348
    6       0.81494801

l-shell populations (up)
 Atom Sh.   l       Population
    1   1   0       1.18714225
    1   2   1       2.68639580
    2   1   0       1.38866205
    2   2   1       3.73683107
    3   1   0       0.81622851
    4   1   0       0.68452884
    5   1   0       0.68526348
    6   1   0       0.81494801

Orbital populations (up)
 Atom Sh.   l   m       Population  Label
    1   1   0   0       1.18714225  s
    1   2   1  -1       0.85735630  p_y
    1   2   1   0       0.89682246  p_z
    1   2   1   1       0.93221704  p_x
    2   1   0   0       1.38866205  s
    2   2   1  -1       1.08412889  p_y
    2   2   1   0       1.13488137  p_z
    2   2   1   1       1.51782081  p_x
    3   1   0   0       0.81622851  s
    4   1   0   0       0.68452884  s
    5   1   0   0       0.68526348  s
    6   1   0   0       0.81494801  s

Input / Output electrons (q):     12.0000000000

Energy H0:                          -6.5108212538 H         -177.1685 eV
Energy SCC:                          0.1339304589 H            3.6444 eV
Energy SPIN:                        -0.0000390177 H           -0.0011 eV
Energy Fock:                        -0.2084565774 H           -5.6724 eV
Total Electronic energy:            -6.5853863901 H         -179.1975 eV
Repulsive energy:                    0.1782590374 H            4.8507 eV

Excitation Energy:                   0.0000000000 H            0.0000 eV

Total energy:                       -6.4077277572 H         -174.3631 eV

SCC converged

Total Forces
    1      0.005088539662     -0.003101385347      0.017889228306
    2     -0.014578413755      0.000262903012     -0.023408280643
    3     -0.014485795367      0.002312664102     -0.004165213645
    4     -0.010752103040     -0.004005597529      0.005505055028
    5      0.020472097263      0.003127244415      0.009022209728
    6      0.014255675237      0.001404171347     -0.004842998773

Maximal derivative component:        0.234083E-01 au


