REKS do not use any electronic distribution function

Calculation with static geometry

********************************************************************************************
  iSCC       reks energy        Diff energy         x_a       SCC error   
   61       -6.2839346268      -0.0000000000     0.999940    0.00000086
********************************************************************************************

 SA-REKS optimizes the avergaed state, not individual states
 These charges do not mean the charges for individual states
 Similarly to this, the values in band.out file indicate
 the band energies and occupations for the averaged state
 If you want to compute the relaxed density,
 please, set 'RelaxedDensity = Yes' option

 Total charge:     1.00000000

 Atomic gross charges (e)
 Atom           Charge
    1       0.11932415
    2      -0.11299713
    3       0.18574581
    4       0.31311333
    5       0.31134065
    6       0.18347319

Nr. of electrons (up):     12.00000000
Atom populations (up)
 Atom       Population
    1       3.88067585
    2       5.11299713
    3       0.81425419
    4       0.68688667
    5       0.68865935
    6       0.81652681

l-shell populations (up)
 Atom Sh.   l       Population
    1   1   0       1.17612356
    1   2   1       2.70455229
    2   1   0       1.38010330
    2   2   1       3.73289383
    3   1   0       0.81425419
    4   1   0       0.68688667
    5   1   0       0.68865935
    6   1   0       0.81652681

Orbital populations (up)
 Atom Sh.   l   m       Population  Label
    1   1   0   0       1.17612356  s
    1   2   1  -1       0.94215918  p_y
    1   2   1   0       0.89645167  p_z
    1   2   1   1       0.86594143  p_x
    2   1   0   0       1.38010330  s
    2   2   1  -1       1.49633846  p_y
    2   2   1   0       1.12940295  p_z
    2   2   1   1       1.10715242  p_x
    3   1   0   0       0.81425419  s
    4   1   0   0       0.68688667  s
    5   1   0   0       0.68865935  s
    6   1   0   0       0.81652681  s

Input / Output electrons (q):     12.0000000000

Energy H0:                          -6.5297487018 H         -177.6835 eV
Energy SCC:                          0.1344673166 H            3.6590 eV
Energy SPIN:                        -0.0000323029 H           -0.0009 eV
Energy Fock:                        -0.2089647906 H           -5.6862 eV
Total Electronic energy:            -6.6042784787 H         -179.7116 eV
Repulsive energy:                    0.1951329064 H            5.3098 eV

Excitation Energy:                   0.0000000000 H            0.0000 eV

Total energy:                       -6.4096114921 H         -174.4144 eV

SCC converged

Total Forces
    1     -0.000658818197      0.001292282176     -0.005430362220
    2     -0.001841245915     -0.001197554197      0.012508542578
    3      0.005924784418     -0.013528737445     -0.005979096832
    4      0.001298880637      0.015487446683      0.001760092046
    5     -0.000403093186     -0.015867104179      0.004288648446
    6     -0.004320507757      0.013813666961     -0.007147824018

Maximal derivative component:        0.158671E-01 au


