REKS do not use any electronic distribution function

Calculation with static geometry

********************************************************************************************
  iSCC       reks energy        Diff energy         x_a       SCC error   
   71      -16.4171150800      -0.0000000000     1.000000    0.00000096
********************************************************************************************

 SA-REKS optimizes the avergaed state, not individual states
 These charges do not mean the charges for individual states
 Similarly to this, the values in band.out file indicate
 the band energies and occupations for the averaged state
 If you want to compute the relaxed density,
 please, set 'RelaxedDensity = Yes' option

 Total charge:     1.00000000

 Atomic gross charges (e)
 Atom           Charge
    1      -0.03196388
    2       0.06075176
    3       0.11330315
    4       0.13216801
    5       0.12076672
    6      -0.01881992
    7      -0.21040228
    8       0.10960333
    9       0.12266714
   10       0.18567698
   11       0.10184451
   12      -0.18368471
   13       0.25262822
   14       0.24546096

Nr. of electrons (up):     32.00000000
Atom populations (up)
 Atom       Population
    1       4.03196388
    2       3.93924824
    3       0.88669685
    4       0.86783199
    5       0.87923328
    6       4.01881992
    7       4.21040228
    8       0.89039667
    9       0.87733286
   10       3.81432302
   11       0.89815549
   12       5.18368471
   13       0.74737178
   14       0.75453904

l-shell populations (up)
 Atom Sh.   l       Population
    1   1   0       1.20071989
    1   2   1       2.83124399
    2   1   0       1.15768232
    2   2   1       2.78156592
    3   1   0       0.88669685
    4   1   0       0.86783199
    5   1   0       0.87923328
    6   1   0       1.18102447
    6   2   1       2.83779544
    7   1   0       1.21250017
    7   2   1       2.99790211
    8   1   0       0.89039667
    9   1   0       0.87733286
   10   1   0       1.15223126
   10   2   1       2.66209176
   11   1   0       0.89815549
   12   1   0       1.38115936
   12   2   1       3.80252534
   13   1   0       0.74737178
   14   1   0       0.75453904

Orbital populations (up)
 Atom Sh.   l   m       Population  Label
    1   1   0   0       1.20071989  s
    1   2   1  -1       0.93586261  p_y
    1   2   1   0       0.91280693  p_z
    1   2   1   1       0.98257446  p_x
    2   1   0   0       1.15768232  s
    2   2   1  -1       0.91460821  p_y
    2   2   1   0       0.91654591  p_z
    2   2   1   1       0.95041181  p_x
    3   1   0   0       0.88669685  s
    4   1   0   0       0.86783199  s
    5   1   0   0       0.87923328  s
    6   1   0   0       1.18102447  s
    6   2   1  -1       0.99117113  p_y
    6   2   1   0       0.93636296  p_z
    6   2   1   1       0.91026135  p_x
    7   1   0   0       1.21250017  s
    7   2   1  -1       1.04531039  p_y
    7   2   1   0       0.97386370  p_z
    7   2   1   1       0.97872802  p_x
    8   1   0   0       0.89039667  s
    9   1   0   0       0.87733286  s
   10   1   0   0       1.15223126  s
   10   2   1  -1       0.87561116  p_y
   10   2   1   0       0.89253323  p_z
   10   2   1   1       0.89394737  p_x
   11   1   0   0       0.89815549  s
   12   1   0   0       1.38115936  s
   12   2   1  -1       1.19215612  p_y
   12   2   1   0       1.39860599  p_z
   12   2   1   1       1.21176324  p_x
   13   1   0   0       0.74737178  s
   14   1   0   0       0.75453904  s

Input / Output electrons (q):     32.0000000000

Energy H0:                         -16.3704132799 H         -445.4616 eV
Energy SCC:                          0.1113387781 H            3.0297 eV
Energy SPIN:                        -0.0000000011 H           -0.0000 eV
Energy Fock:                        -0.6666624509 H          -18.1408 eV
Total Electronic energy:           -16.9257369539 H         -460.5727 eV
Repulsive energy:                    0.4327655519 H           11.7761 eV

Excitation Energy:                   0.0000000000 H            0.0000 eV

Total energy:                      -16.4929790885 H         -448.7968 eV

SCC converged

Total Forces
    1     -0.022231803072     -0.044213887377      0.027053849570
    2     -0.008304483534      0.054726582450     -0.030331790316
    3     -0.012306362054      0.001587024845      0.018742767746
    4      0.002553827296     -0.007594829270     -0.010023400061
    5     -0.012913876055     -0.004251454087      0.014862517719
    6      0.032179847564     -0.045806465634     -0.024794597695
    7      0.033703565031      0.062728361868     -0.047238365803
    8     -0.013939194694      0.019949733741      0.015455314399
    9      0.005792600219     -0.030265876214     -0.015709909418
   10     -0.040940650016     -0.043831253766      0.073162318169
   11      0.020355416146      0.015111041405     -0.010525821128
   12      0.011843139632      0.042073174360     -0.014331505241
   13     -0.010118148967     -0.008941511859      0.003045643170
   14      0.014326122504     -0.011270640461      0.000632978889

Maximal derivative component:        0.731623E-01 au


