REKS do not use any electronic distribution function

Calculation with static geometry

********************************************************************************************
  iSCC       reks energy        Diff energy         x_a       SCC error   
   65       -6.2853360083      -0.0000000000     0.999934    0.00000094
********************************************************************************************

 SA-REKS optimizes the avergaed state, not individual states
 These charges do not mean the charges for individual states
 Similarly to this, the values in band.out file indicate
 the band energies and occupations for the averaged state
 If you want to compute the relaxed density,
 please, set 'RelaxedDensity = Yes' option

 Total charge:     1.00000000

 Atomic gross charges (e)
 Atom           Charge
    1       0.12135756
    2      -0.12173780
    3       0.18389768
    4       0.31486107
    5       0.31241847
    6       0.18920303

Nr. of electrons (up):     12.00000000
Atom populations (up)
 Atom       Population
    1       3.87864244
    2       5.12173780
    3       0.81610232
    4       0.68513893
    5       0.68758153
    6       0.81079697

l-shell populations (up)
 Atom Sh.   l       Population
    1   1   0       1.18668926
    1   2   1       2.69195319
    2   1   0       1.38624361
    2   2   1       3.73549419
    3   1   0       0.81610232
    4   1   0       0.68513893
    5   1   0       0.68758153
    6   1   0       0.81079697

Orbital populations (up)
 Atom Sh.   l   m       Population  Label
    1   1   0   0       1.18668926  s
    1   2   1  -1       0.85439111  p_y
    1   2   1   0       0.89470254  p_z
    1   2   1   1       0.94285954  p_x
    2   1   0   0       1.38624361  s
    2   2   1  -1       1.08584776  p_y
    2   2   1   0       1.13089098  p_z
    2   2   1   1       1.51875546  p_x
    3   1   0   0       0.81610232  s
    4   1   0   0       0.68513893  s
    5   1   0   0       0.68758153  s
    6   1   0   0       0.81079697  s

Input / Output electrons (q):     12.0000000000

Energy H0:                          -6.5136870780 H         -177.2464 eV
Energy SCC:                          0.1340363712 H            3.6473 eV
Energy SPIN:                        -0.0000348611 H           -0.0009 eV
Energy Fock:                        -0.2082436994 H           -5.6666 eV
Total Electronic energy:            -6.5879292674 H         -179.2667 eV
Repulsive energy:                    0.1790144762 H            4.8712 eV

Excitation Energy:                   0.0000000000 H            0.0000 eV

Total energy:                       -6.4093426542 H         -174.4071 eV

SCC converged

Total Forces
    1     -0.002347697905     -0.006015633769      0.018648227674
    2      0.004483160075     -0.002903185009     -0.020944832877
    3     -0.013310684801      0.003530356987     -0.008399516295
    4     -0.015565406979     -0.000001340156      0.003492440837
    5      0.013009313567      0.004880917818      0.008385132020
    6      0.013731316042      0.000508884128     -0.001181451360

Maximal derivative component:        0.209448E-01 au


