REKS do not use any electronic distribution function

Calculation with static geometry

********************************************************************************************
  iSCC       reks energy        Diff energy         x_a       SCC error   
   69       -6.2850665667      -0.0000000000     0.999925    0.00000097
********************************************************************************************

 SA-REKS optimizes the avergaed state, not individual states
 These charges do not mean the charges for individual states
 Similarly to this, the values in band.out file indicate
 the band energies and occupations for the averaged state
 If you want to compute the relaxed density,
 please, set 'RelaxedDensity = Yes' option

 Total charge:     1.00000000

 Atomic gross charges (e)
 Atom           Charge
    1       0.12696203
    2      -0.12491800
    3       0.18413802
    4       0.31469802
    5       0.31464414
    6       0.18447579

Nr. of electrons (up):     12.00000000
Atom populations (up)
 Atom       Population
    1       3.87303797
    2       5.12491800
    3       0.81586198
    4       0.68530198
    5       0.68535586
    6       0.81552421

l-shell populations (up)
 Atom Sh.   l       Population
    1   1   0       1.18659821
    1   2   1       2.68643976
    2   1   0       1.38834568
    2   2   1       3.73657232
    3   1   0       0.81586198
    4   1   0       0.68530198
    5   1   0       0.68535586
    6   1   0       0.81552421

Orbital populations (up)
 Atom Sh.   l   m       Population  Label
    1   1   0   0       1.18659821  s
    1   2   1  -1       0.85730666  p_y
    1   2   1   0       0.89728384  p_z
    1   2   1   1       0.93184926  p_x
    2   1   0   0       1.38834568  s
    2   2   1  -1       1.08189657  p_y
    2   2   1   0       1.13616080  p_z
    2   2   1   1       1.51851495  p_x
    3   1   0   0       0.81586198  s
    4   1   0   0       0.68530198  s
    5   1   0   0       0.68535586  s
    6   1   0   0       0.81552421  s

Input / Output electrons (q):     12.0000000000

Energy H0:                          -6.5127025727 H         -177.2197 eV
Energy SCC:                          0.1339779134 H            3.6457 eV
Energy SPIN:                        -0.0000389294 H           -0.0011 eV
Energy Fock:                        -0.2085051287 H           -5.6737 eV
Total Electronic energy:            -6.5872687174 H         -179.2487 eV
Repulsive energy:                    0.1803934135 H            4.9088 eV

Excitation Energy:                   0.0000000000 H            0.0000 eV

Total energy:                       -6.4075012749 H         -174.3570 eV

SCC converged

Total Forces
    1     -0.006574411741     -0.000793437467      0.017697723333
    2      0.015735066452      0.000770833119     -0.021292387504
    3     -0.013810261569     -0.001048292395     -0.006683536783
    4     -0.020628593617     -0.002857449703      0.007621674879
    5      0.010495829161      0.003408275662      0.007203280641
    6      0.014782371313      0.000520070784     -0.004546754566

Maximal derivative component:        0.212924E-01 au


