REKS do not use any electronic distribution function

Calculation with static geometry

********************************************************************************************
  iSCC       reks energy        Diff energy         x_a       SCC error   
   63       -6.2849640468      -0.0000000000     0.999938    0.00000095
********************************************************************************************

 SA-REKS optimizes the avergaed state, not individual states
 These charges do not mean the charges for individual states
 Similarly to this, the values in band.out file indicate
 the band energies and occupations for the averaged state
 If you want to compute the relaxed density,
 please, set 'RelaxedDensity = Yes' option

 Total charge:     1.00000000

 Atomic gross charges (e)
 Atom           Charge
    1       0.11909058
    2      -0.12122981
    3       0.18572516
    4       0.31458801
    5       0.31416337
    6       0.18766269

Nr. of electrons (up):     12.00000000
Atom populations (up)
 Atom       Population
    1       3.88090942
    2       5.12122981
    3       0.81427484
    4       0.68541199
    5       0.68583663
    6       0.81233731

l-shell populations (up)
 Atom Sh.   l       Population
    1   1   0       1.18656297
    1   2   1       2.69434645
    2   1   0       1.38654318
    2   2   1       3.73468664
    3   1   0       0.81427484
    4   1   0       0.68541199
    5   1   0       0.68583663
    6   1   0       0.81233731

Orbital populations (up)
 Atom Sh.   l   m       Population  Label
    1   1   0   0       1.18656297  s
    1   2   1  -1       0.85167515  p_y
    1   2   1   0       0.89763133  p_z
    1   2   1   1       0.94503997  p_x
    2   1   0   0       1.38654318  s
    2   2   1  -1       1.08066026  p_y
    2   2   1   0       1.13501277  p_z
    2   2   1   1       1.51901361  p_x
    3   1   0   0       0.81427484  s
    4   1   0   0       0.68541199  s
    5   1   0   0       0.68583663  s
    6   1   0   0       0.81233731  s

Input / Output electrons (q):     12.0000000000

Energy H0:                          -6.5145459064 H         -177.2698 eV
Energy SCC:                          0.1342169208 H            3.6522 eV
Energy SPIN:                        -0.0000331653 H           -0.0009 eV
Energy Fock:                        -0.2086240609 H           -5.6769 eV
Total Electronic energy:            -6.5889862119 H         -179.2954 eV
Repulsive energy:                    0.1799798618 H            4.8975 eV

Excitation Energy:                   0.0000000000 H            0.0000 eV

Total energy:                       -6.4094237389 H         -174.4093 eV

SCC converged

Total Forces
    1      0.003539613138      0.003700729371      0.011492570612
    2     -0.010567752746      0.005375979215     -0.016116701439
    3     -0.013937247194     -0.003336922823     -0.004912646280
    4     -0.010315435590      0.002498102281      0.006580285566
    5      0.017683903761     -0.007582711898      0.007131021334
    6      0.013596918630     -0.000655176147     -0.004174529794

Maximal derivative component:        0.176839E-01 au


