REKS do not use any electronic distribution function

Calculation with static geometry

********************************************************************************************
  iSCC       reks energy        Diff energy         x_a       SCC error   
   57       -6.2847912406      -0.0000000000     0.999941    0.00000091
********************************************************************************************

 SA-REKS optimizes the avergaed state, not individual states
 These charges do not mean the charges for individual states
 Similarly to this, the values in band.out file indicate
 the band energies and occupations for the averaged state
 If you want to compute the relaxed density,
 please, set 'RelaxedDensity = Yes' option

 Total charge:     1.00000000

 Atomic gross charges (e)
 Atom           Charge
    1       0.12487321
    2      -0.11495414
    3       0.18081352
    4       0.31199392
    5       0.31083996
    6       0.18643354

Nr. of electrons (up):     12.00000000
Atom populations (up)
 Atom       Population
    1       3.87512679
    2       5.11495414
    3       0.81918648
    4       0.68800608
    5       0.68916004
    6       0.81356646

l-shell populations (up)
 Atom Sh.   l       Population
    1   1   0       1.18009856
    1   2   1       2.69502823
    2   1   0       1.38932204
    2   2   1       3.72563210
    3   1   0       0.81918648
    4   1   0       0.68800608
    5   1   0       0.68916004
    6   1   0       0.81356646

Orbital populations (up)
 Atom Sh.   l   m       Population  Label
    1   1   0   0       1.18009856  s
    1   2   1  -1       0.93166431  p_y
    1   2   1   0       0.89515033  p_z
    1   2   1   1       0.86821358  p_x
    2   1   0   0       1.38932204  s
    2   2   1  -1       1.49568569  p_y
    2   2   1   0       1.12831728  p_z
    2   2   1   1       1.10162913  p_x
    3   1   0   0       0.81918648  s
    4   1   0   0       0.68800608  s
    5   1   0   0       0.68916004  s
    6   1   0   0       0.81356646  s

Input / Output electrons (q):     12.0000000000

Energy H0:                          -6.5190598698 H         -177.3926 eV
Energy SCC:                          0.1350563024 H            3.6751 eV
Energy SPIN:                        -0.0000309641 H           -0.0008 eV
Energy Fock:                        -0.2090804863 H           -5.6894 eV
Total Electronic energy:            -6.5931150178 H         -179.4078 eV
Repulsive energy:                    0.1861754867 H            5.0661 eV

Excitation Energy:                   0.0000000000 H            0.0000 eV

Total energy:                       -6.4072445013 H         -174.3500 eV

SCC converged

Total Forces
    1      0.014301759810     -0.012228030401     -0.010956823752
    2      0.003915941570      0.030477742706      0.002338258378
    3      0.000190998189     -0.009123054148     -0.005246308282
    4     -0.004532507460      0.000675606699     -0.000244893825
    5     -0.009397631351     -0.020729893940      0.007378156785
    6     -0.004478560758      0.010927629083      0.006731610696

Maximal derivative component:        0.304777E-01 au


