 KPT            1  SPIN            1  KWEIGHT    1.0000000000000000     
     1   -29.465  2.00000
     2   -27.307  2.00000
     3   -25.508  2.00000
     4   -23.057  2.00000
     5   -21.238  2.00000
     6   -20.342  2.00000
     7   -19.158  2.00000
     8   -18.632  2.00000
     9   -17.904  2.00000
    10   -17.643  2.00000
    11   -16.679  2.00000
    12   -16.394  2.00000
    13   -15.898  2.00000
    14   -15.618  2.00000
    15   -14.829  2.00000
    16   -13.676  1.49989
    17   -10.841  0.50011
    18    -3.316  0.00000
    19    -1.141  0.00000
    20     5.700  0.00000
    21     9.694  0.00000
    22    10.643  0.00000
    23    12.569  0.00000
    24    16.530  0.00000
    25    17.033  0.00000
    26    18.093  0.00000
    27    20.639  0.00000
    28    22.791  0.00000
    29    27.212  0.00000
    30    29.269  0.00000
    31    31.630  0.00000
    32    47.380  0.00000

