REKS do not use any electronic distribution function

Calculation with static geometry

********************************************************************************************
  iSCC       reks energy        Diff energy         x_a       SCC error   
   68      -16.4356590754      -0.0000000000     0.999894    0.00000094
********************************************************************************************

 SA-REKS optimizes the avergaed state, not individual states
 These charges do not mean the charges for individual states
 Similarly to this, the values in band.out file indicate
 the band energies and occupations for the averaged state
 If you want to compute the relaxed density,
 please, set 'RelaxedDensity = Yes' option

 Total charge:     1.00000000

 Atomic gross charges (e)
 Atom           Charge
    1      -0.00379692
    2      -0.01260395
    3       0.11441949
    4       0.10861274
    5       0.07518003
    6       0.09155946
    7      -0.15216784
    8       0.10542640
    9       0.11703176
   10       0.20067035
   11       0.08490051
   12      -0.23059198
   13       0.23770204
   14       0.26365791

Nr. of electrons (up):     32.00000000
Atom populations (up)
 Atom       Population
    1       4.00379692
    2       4.01260395
    3       0.88558051
    4       0.89138726
    5       0.92481997
    6       3.90844054
    7       4.15216784
    8       0.89457360
    9       0.88296824
   10       3.79932965
   11       0.91509949
   12       5.23059198
   13       0.76229796
   14       0.73634209

l-shell populations (up)
 Atom Sh.   l       Population
    1   1   0       1.19973131
    1   2   1       2.80406561
    2   1   0       1.14435752
    2   2   1       2.86824643
    3   1   0       0.88558051
    4   1   0       0.89138726
    5   1   0       0.92481997
    6   1   0       1.22092161
    6   2   1       2.68751893
    7   1   0       1.19661506
    7   2   1       2.95555278
    8   1   0       0.89457360
    9   1   0       0.88296824
   10   1   0       1.13508364
   10   2   1       2.66424602
   11   1   0       0.91509949
   12   1   0       1.40616499
   12   2   1       3.82442699
   13   1   0       0.76229796
   14   1   0       0.73634209

Orbital populations (up)
 Atom Sh.   l   m       Population  Label
    1   1   0   0       1.19973131  s
    1   2   1  -1       1.02162042  p_y
    1   2   1   0       0.82723425  p_z
    1   2   1   1       0.95521093  p_x
    2   1   0   0       1.14435752  s
    2   2   1  -1       0.93862371  p_y
    2   2   1   0       0.97675590  p_z
    2   2   1   1       0.95286682  p_x
    3   1   0   0       0.88558051  s
    4   1   0   0       0.89138726  s
    5   1   0   0       0.92481997  s
    6   1   0   0       1.22092161  s
    6   2   1  -1       0.93553668  p_y
    6   2   1   0       0.78218727  p_z
    6   2   1   1       0.96979498  p_x
    7   1   0   0       1.19661506  s
    7   2   1  -1       0.97088917  p_y
    7   2   1   0       1.03837110  p_z
    7   2   1   1       0.94629251  p_x
    8   1   0   0       0.89457360  s
    9   1   0   0       0.88296824  s
   10   1   0   0       1.13508364  s
   10   2   1  -1       0.97727359  p_y
   10   2   1   0       0.83167582  p_z
   10   2   1   1       0.85529660  p_x
   11   1   0   0       0.91509949  s
   12   1   0   0       1.40616499  s
   12   2   1  -1       1.18950894  p_y
   12   2   1   0       1.54752251  p_z
   12   2   1   1       1.08739554  p_x
   13   1   0   0       0.76229796  s
   14   1   0   0       0.73634209  s

Input / Output electrons (q):     32.0000000000

Energy H0:                         -16.3280361640 H         -444.3085 eV
Energy SCC:                          0.0940420795 H            2.5590 eV
Energy SPIN:                        -0.0000176148 H           -0.0005 eV
Energy Fock:                        -0.6611407405 H          -17.9906 eV
Total Electronic energy:           -16.8951524399 H         -459.7405 eV
Repulsive energy:                    0.4078412273 H           11.0979 eV

Excitation Energy:                   0.0000000000 H            0.0000 eV

Total energy:                      -16.4917323554 H         -448.7629 eV

SCC converged

Total Forces
    1     -0.076551252145     -0.005580198146     -0.029476122993
    2      0.068959010364     -0.005852463366      0.046916754037
    3      0.011388744400     -0.006196537310      0.002938034341
    4     -0.017618701559     -0.006917445160     -0.004336667560
    5     -0.009483634545      0.013427979657     -0.001012141403
    6      0.111546755023      0.031635334078     -0.030977831725
    7     -0.057847502799     -0.001686124954      0.019761551384
    8     -0.027738936651     -0.055359891362     -0.001933205170
    9     -0.019358035020      0.013270475879     -0.011877459654
   10      0.045069692821     -0.021079361907      0.031224808672
   11     -0.012199582211      0.038145848438     -0.004121981843
   12      0.008351874438      0.012487632986     -0.037064185078
   13     -0.001798268064     -0.007428603940      0.001750310570
   14     -0.022720164050      0.001133355110      0.018208136423

Maximal derivative component:        0.111547E+00 au


