REKS do not use any electronic distribution function

Calculation with static geometry

********************************************************************************************
  iSCC       reks energy        Diff energy         x_a       SCC error   
   53       -6.2837853701      -0.0000000000     0.999957    0.00000087
********************************************************************************************

 SA-REKS optimizes the avergaed state, not individual states
 These charges do not mean the charges for individual states
 Similarly to this, the values in band.out file indicate
 the band energies and occupations for the averaged state
 If you want to compute the relaxed density,
 please, set 'RelaxedDensity = Yes' option

 Total charge:     1.00000000

 Atomic gross charges (e)
 Atom           Charge
    1       0.11147270
    2      -0.10813087
    3       0.18404819
    4       0.31170886
    5       0.30934748
    6       0.19155364

Nr. of electrons (up):     12.00000000
Atom populations (up)
 Atom       Population
    1       3.88852730
    2       5.10813087
    3       0.81595181
    4       0.68829114
    5       0.69065252
    6       0.80844636

l-shell populations (up)
 Atom Sh.   l       Population
    1   1   0       1.17837376
    1   2   1       2.71015354
    2   1   0       1.38077211
    2   2   1       3.72735875
    3   1   0       0.81595181
    4   1   0       0.68829114
    5   1   0       0.69065252
    6   1   0       0.80844636

Orbital populations (up)
 Atom Sh.   l   m       Population  Label
    1   1   0   0       1.17837376  s
    1   2   1  -1       0.85536645  p_y
    1   2   1   0       0.89495196  p_z
    1   2   1   1       0.95983513  p_x
    2   1   0   0       1.38077211  s
    2   2   1  -1       1.09053781  p_y
    2   2   1   0       1.12837415  p_z
    2   2   1   1       1.50844679  p_x
    3   1   0   0       0.81595181  s
    4   1   0   0       0.68829114  s
    5   1   0   0       0.69065252  s
    6   1   0   0       0.80844636  s

Input / Output electrons (q):     12.0000000000

Energy H0:                          -6.5281368651 H         -177.6396 eV
Energy SCC:                          0.1350473910 H            3.6748 eV
Energy SPIN:                        -0.0000239057 H           -0.0007 eV
Energy Fock:                        -0.2091170933 H           -5.6904 eV
Total Electronic energy:            -6.6022304731 H         -179.6558 eV
Repulsive energy:                    0.1914295995 H            5.2091 eV

Excitation Energy:                   0.0000000000 H            0.0000 eV

Total energy:                       -6.4110209771 H         -174.4528 eV

SCC converged

Total Forces
    1     -0.002722928575      0.009323075080     -0.012558216294
    2      0.013113334265      0.003439802649      0.014473358466
    3     -0.011428647376      0.000189533613     -0.009922528272
    4     -0.016146407076     -0.004084836574      0.001926888845
    5      0.006732082224     -0.006144067156      0.002924172916
    6      0.010452566538     -0.002723507611      0.003156324338

Maximal derivative component:        0.161464E-01 au


