REKS do not use any electronic distribution function

Calculation with static geometry

********************************************************************************************
  iSCC       reks energy        Diff energy         x_a       SCC error   
   51      -16.4184535566      -0.0000000000     1.000000    0.00000092
********************************************************************************************

 SA-REKS optimizes the avergaed state, not individual states
 These charges do not mean the charges for individual states
 Similarly to this, the values in band.out file indicate
 the band energies and occupations for the averaged state
 If you want to compute the relaxed density,
 please, set 'RelaxedDensity = Yes' option

 Total charge:     1.00000000

 Atomic gross charges (e)
 Atom           Charge
    1      -0.03419912
    2      -0.04862832
    3       0.10284254
    4       0.12146341
    5       0.09482328
    6       0.04132055
    7      -0.02133716
    8       0.10916630
    9       0.13065761
   10       0.10983062
   11       0.13301712
   12      -0.23844107
   13       0.25536624
   14       0.24411799

Nr. of electrons (up):     32.00000000
Atom populations (up)
 Atom       Population
    1       4.03419912
    2       4.04862832
    3       0.89715746
    4       0.87853659
    5       0.90517672
    6       3.95867945
    7       4.02133716
    8       0.89083370
    9       0.86934239
   10       3.89016938
   11       0.86698288
   12       5.23844107
   13       0.74463376
   14       0.75588201

l-shell populations (up)
 Atom Sh.   l       Population
    1   1   0       1.20688935
    1   2   1       2.82730977
    2   1   0       1.18090957
    2   2   1       2.86771875
    3   1   0       0.89715746
    4   1   0       0.87853659
    5   1   0       0.90517672
    6   1   0       1.18647215
    6   2   1       2.77220730
    7   1   0       1.17337502
    7   2   1       2.84796214
    8   1   0       0.89083370
    9   1   0       0.86934239
   10   1   0       1.16231349
   10   2   1       2.72785589
   11   1   0       0.86698288
   12   1   0       1.38738663
   12   2   1       3.85105444
   13   1   0       0.74463376
   14   1   0       0.75588201

Orbital populations (up)
 Atom Sh.   l   m       Population  Label
    1   1   0   0       1.20688935  s
    1   2   1  -1       0.92253495  p_y
    1   2   1   0       1.01265356  p_z
    1   2   1   1       0.89212126  p_x
    2   1   0   0       1.18090957  s
    2   2   1  -1       0.98816442  p_y
    2   2   1   0       0.91274497  p_z
    2   2   1   1       0.96680935  p_x
    3   1   0   0       0.89715746  s
    4   1   0   0       0.87853659  s
    5   1   0   0       0.90517672  s
    6   1   0   0       1.18647215  s
    6   2   1  -1       0.86511249  p_y
    6   2   1   0       0.93091888  p_z
    6   2   1   1       0.97617593  p_x
    7   1   0   0       1.17337502  s
    7   2   1  -1       0.90458394  p_y
    7   2   1   0       0.95911472  p_z
    7   2   1   1       0.98426348  p_x
    8   1   0   0       0.89083370  s
    9   1   0   0       0.86934239  s
   10   1   0   0       1.16231349  s
   10   2   1  -1       0.89700149  p_y
   10   2   1   0       0.93712452  p_z
   10   2   1   1       0.89372988  p_x
   11   1   0   0       0.86698288  s
   12   1   0   0       1.38738663  s
   12   2   1  -1       1.09470314  p_y
   12   2   1   0       1.32912612  p_z
   12   2   1   1       1.42722518  p_x
   13   1   0   0       0.74463376  s
   14   1   0   0       0.75588201  s

Input / Output electrons (q):     32.0000000000

Energy H0:                         -16.3610925561 H         -445.2080 eV
Energy SCC:                          0.1165223697 H            3.1707 eV
Energy SPIN:                        -0.0000000000 H           -0.0000 eV
Energy Fock:                        -0.6648256417 H          -18.0908 eV
Total Electronic energy:           -16.9093958282 H         -460.1281 eV
Repulsive energy:                    0.4293257601 H           11.6825 eV

Excitation Energy:                   0.0000000000 H            0.0000 eV

Total energy:                      -16.4800811394 H         -448.4458 eV

SCC converged

Total Forces
    1     -0.009276466210     -0.035849461345     -0.006520559232
    2      0.045162348369      0.014498347033      0.024248392658
    3     -0.011127081879     -0.005690970055     -0.001936071457
    4     -0.005452063619      0.015545308412      0.014733012614
    5      0.000257852439      0.004098134139      0.019640290371
    6     -0.148920658263     -0.021532985755      0.007145351187
    7      0.103439123007      0.005768700692     -0.003253433289
    8     -0.008981560036      0.005081601693     -0.041857517918
    9     -0.000176151127     -0.000655699971     -0.010866301399
   10      0.049214373666      0.107366886234     -0.000878880625
   11      0.013233824884      0.014941071985     -0.028135627512
   12     -0.016436205411     -0.092063390836      0.014783011590
   13     -0.001376502342     -0.016312443763      0.000272898317
   14     -0.009560833478      0.004804901537      0.012625434695

Maximal derivative component:        0.148921E+00 au


