REKS do not use any electronic distribution function

Calculation with static geometry

********************************************************************************************
  iSCC       reks energy        Diff energy         x_a       SCC error   
   49       -6.2030607173      -0.0000000000     0.999987    0.00000095
********************************************************************************************

 SA-REKS optimizes the avergaed state, not individual states
 These charges do not mean the charges for individual states
 Similarly to this, the values in band.out file indicate
 the band energies and occupations for the averaged state
 If you want to compute the relaxed density,
 please, set 'RelaxedDensity = Yes' option

 Total charge:     1.00000000

 Atomic gross charges (e)
 Atom           Charge
    1       0.18900915
    2      -0.24086269
    3       0.12179365
    4       0.37885225
    5       0.38293865
    6       0.16826899

Nr. of electrons (up):     12.00000000
Atom populations (up)
 Atom       Population
    1       3.81099085
    2       5.24086269
    3       0.87820635
    4       0.62114775
    5       0.61706135
    6       0.83173101

l-shell populations (up)
 Atom Sh.   l       Population
    1   1   0       1.23326806
    1   2   1       2.57772279
    2   1   0       1.46514380
    2   2   1       3.77571889
    3   1   0       0.87820635
    4   1   0       0.62114775
    5   1   0       0.61706135
    6   1   0       0.83173101

Orbital populations (up)
 Atom Sh.   l   m       Population  Label
    1   1   0   0       1.23326806  s
    1   2   1  -1       1.10165598  p_y
    1   2   1   0       0.84174044  p_z
    1   2   1   1       0.63432637  p_x
    2   1   0   0       1.46514380  s
    2   2   1  -1       1.30206996  p_y
    2   2   1   0       1.21650843  p_z
    2   2   1   1       1.25714050  p_x
    3   1   0   0       0.87820635  s
    4   1   0   0       0.62114775  s
    5   1   0   0       0.61706135  s
    6   1   0   0       0.83173101  s

Input / Output electrons (q):     12.0000000000

Energy H0:                          -6.2342659980 H         -169.6430 eV
Energy SCC:                          0.1438901452 H            3.9155 eV
Energy SPIN:                        -0.0000044218 H           -0.0001 eV
Energy Fock:                        -0.2307140633 H           -6.2780 eV
Total Electronic energy:            -6.3210943379 H         -172.0057 eV
Repulsive energy:                    0.0829845331 H            2.2581 eV

Excitation Energy:                   0.0000000000 H            0.0000 eV

Total energy:                       -6.2688069431 H         -170.5829 eV

SCC converged

Total Forces
    1     -0.011660188419      0.064718935489     -0.025387145420
    2      0.020387286892      0.001692260275     -0.161405709400
    3      0.024130729845     -0.012251375395      0.059155247682
    4      0.029582043627      0.011596497748      0.051056918753
    5     -0.047099536915     -0.020443049751      0.044616757648
    6     -0.015340335030     -0.045313268365      0.031963930737

Maximal derivative component:        0.161406E+00 au


