REKS do not use any electronic distribution function

Calculation with static geometry

********************************************************************************************
  iSCC       reks energy        Diff energy         x_a       SCC error   
   37       -6.2848703598      -0.0000000000     0.999981    0.00000100
********************************************************************************************

 SA-REKS optimizes the avergaed state, not individual states
 These charges do not mean the charges for individual states
 Similarly to this, the values in band.out file indicate
 the band energies and occupations for the averaged state
 If you want to compute the relaxed density,
 please, set 'RelaxedDensity = Yes' option

 Total charge:     1.00000000

 Atomic gross charges (e)
 Atom           Charge
    1       0.09382328
    2      -0.09689763
    3       0.19344354
    4       0.30941906
    5       0.30940091
    6       0.19081084

Nr. of electrons (up):     12.00000000
Atom populations (up)
 Atom       Population
    1       3.90617672
    2       5.09689763
    3       0.80655646
    4       0.69058094
    5       0.69059909
    6       0.80918916

l-shell populations (up)
 Atom Sh.   l       Population
    1   1   0       1.17335863
    1   2   1       2.73281809
    2   1   0       1.37744971
    2   2   1       3.71944792
    3   1   0       0.80655646
    4   1   0       0.69058094
    5   1   0       0.69059909
    6   1   0       0.80918916

Orbital populations (up)
 Atom Sh.   l   m       Population  Label
    1   1   0   0       1.17335863  s
    1   2   1  -1       0.84927860  p_y
    1   2   1   0       0.89246276  p_z
    1   2   1   1       0.99107673  p_x
    2   1   0   0       1.37744971  s
    2   2   1  -1       1.09643786  p_y
    2   2   1   0       1.11779862  p_z
    2   2   1   1       1.50521145  p_x
    3   1   0   0       0.80655646  s
    4   1   0   0       0.69058094  s
    5   1   0   0       0.69059909  s
    6   1   0   0       0.80918916  s

Input / Output electrons (q):     12.0000000000

Energy H0:                          -6.5375332818 H         -177.8953 eV
Energy SCC:                          0.1360000484 H            3.7007 eV
Energy SPIN:                        -0.0000113547 H           -0.0003 eV
Energy Fock:                        -0.2089059277 H           -5.6846 eV
Total Electronic energy:            -6.6104505158 H         -179.8795 eV
Repulsive energy:                    0.1919982459 H            5.2245 eV

Excitation Energy:                   0.0000000000 H            0.0000 eV

Total energy:                       -6.4184523682 H         -174.6550 eV

SCC converged

Total Forces
    1      0.002509739200      0.006563018792     -0.031488125622
    2     -0.008266163059      0.001098048461      0.038697250125
    3     -0.000032548910      0.002159026315      0.004406202307
    4      0.003735425782     -0.006531644064     -0.006572077767
    5      0.002323838199      0.001014731811     -0.004205114796
    6     -0.000270291211     -0.004303181314     -0.000838134247

Maximal derivative component:        0.386973E-01 au


