 Fermi distribution function

Calculation with static geometry


********************************************************************************
 iSCC Total electronic   Diff electronic      SCC error    
   11   -0.53567401E+01   -0.14805934E-11    0.75691583E-07
********************************************************************************

 Total charge:     1.00000000

 Atomic gross charges (e)
 Atom           Charge
    1       0.25497949
    2      -0.13202581
    3       0.17239505
    4       0.26421835
    5       0.26381628
    6       0.17661664

Nr. of electrons (up):     12.00000000
Atom populations (up)
 Atom       Population
    1       3.74502051
    2       5.13202581
    3       0.82760495
    4       0.73578165
    5       0.73618372
    6       0.82338336

l-shell populations (up)
 Atom Sh.   l       Population
    1   1   0       1.34649474
    1   2   1       2.39852577
    2   1   0       1.48467441
    2   2   1       3.64735139
    3   1   0       0.82760495
    4   1   0       0.73578165
    5   1   0       0.73618372
    6   1   0       0.82338336

Orbital populations (up)
 Atom Sh.   l   m       Population  Label
    1   1   0   0       1.34649474  s
    1   2   1  -1       0.49268182  p_y
    1   2   1   0       0.88776529  p_z
    1   2   1   1       1.01807865  p_x
    2   1   0   0       1.48467441  s
    2   2   1  -1       1.34988411  p_y
    2   2   1   0       1.12923553  p_z
    2   2   1   1       1.16823175  p_x
    3   1   0   0       0.82760495  s
    4   1   0   0       0.73578165  s
    5   1   0   0       0.73618372  s
    6   1   0   0       0.82338336  s

Fermi level:                        -0.5253095471 H          -14.2944 eV
Band energy:                        -8.8739549963 H         -241.4726 eV
TS:                                  0.0000000000 H            0.0000 eV
Band free energy (E-TS):            -8.8739549963 H         -241.4726 eV
Extrapolated E(0K):                 -8.8739549963 H         -241.4726 eV
Input / Output electrons (q):     12.0000000000     12.0000000000

Energy H0:                          -5.4943112134 H         -149.5078 eV
Energy SCC:                          0.1375711187 H            3.7435 eV
Total Electronic energy:            -5.3567400947 H         -145.7643 eV
Repulsive energy:                    0.1709917116 H            4.6529 eV
Total energy:                       -5.1857483831 H         -141.1114 eV
Extrapolated to 0:                  -5.1857483831 H         -141.1114 eV
Total Mermin free energy:           -5.1857483831 H         -141.1114 eV
Force related energy:               -5.1857483831 H         -141.1114 eV

SCC converged

Excitation Energy:                   0.1549980413 H            4.2177 eV

Total Forces
    1     -0.032545920454     -0.041964842555      0.149574659683
    2      0.012372733957      0.019548131449     -0.118879775341
    3      0.038200378974      0.023960960575     -0.025733660069
    4      0.001137703314     -0.010869055889      0.007615636702
    5     -0.009134059657      0.000808975650      0.007169845015
    6     -0.010030836133      0.008515830771     -0.019746705989

Maximal derivative component:        0.149575E+00 au


