REKS do not use any electronic distribution function

Calculation with static geometry

********************************************************************************************
  iSCC       reks energy        Diff energy         x_a       SCC error   
   40       -6.2834388737      -0.0000000000     0.999980    0.00000084
********************************************************************************************

 SA-REKS optimizes the avergaed state, not individual states
 These charges do not mean the charges for individual states
 Similarly to this, the values in band.out file indicate
 the band energies and occupations for the averaged state
 If you want to compute the relaxed density,
 please, set 'RelaxedDensity = Yes' option

 Total charge:     1.00000000

 Atomic gross charges (e)
 Atom           Charge
    1       0.09457561
    2      -0.09866069
    3       0.19548691
    4       0.30898426
    5       0.30947492
    6       0.19013899

Nr. of electrons (up):     12.00000000
Atom populations (up)
 Atom       Population
    1       3.90542439
    2       5.09866069
    3       0.80451309
    4       0.69101574
    5       0.69052508
    6       0.80986101

l-shell populations (up)
 Atom Sh.   l       Population
    1   1   0       1.17454356
    1   2   1       2.73088082
    2   1   0       1.37907375
    2   2   1       3.71958695
    3   1   0       0.80451309
    4   1   0       0.69101574
    5   1   0       0.69052508
    6   1   0       0.80986101

Orbital populations (up)
 Atom Sh.   l   m       Population  Label
    1   1   0   0       1.17454356  s
    1   2   1  -1       0.84876634  p_y
    1   2   1   0       0.89603985  p_z
    1   2   1   1       0.98607463  p_x
    2   1   0   0       1.37907375  s
    2   2   1  -1       1.09313945  p_y
    2   2   1   0       1.12250539  p_z
    2   2   1   1       1.50394211  p_x
    3   1   0   0       0.80451309  s
    4   1   0   0       0.69101574  s
    5   1   0   0       0.69052508  s
    6   1   0   0       0.80986101  s

Input / Output electrons (q):     12.0000000000

Energy H0:                          -6.5380766465 H         -177.9101 eV
Energy SCC:                          0.1359223727 H            3.6986 eV
Energy SPIN:                        -0.0000120452 H           -0.0003 eV
Energy Fock:                        -0.2090598004 H           -5.6888 eV
Total Electronic energy:            -6.6112261194 H         -179.9006 eV
Repulsive energy:                    0.1946495517 H            5.2967 eV

Excitation Energy:                   0.0000000000 H            0.0000 eV

Total energy:                       -6.4165840265 H         -174.6041 eV

SCC converged

Total Forces
    1      0.004401868341      0.015012840747     -0.022074465501
    2     -0.014453516494     -0.004450279974      0.036865090095
    3     -0.003202486481     -0.000746328748      0.002865158374
    4      0.002715235959     -0.006814518046     -0.005118836495
    5      0.007779654570     -0.000171546271     -0.002242455288
    6      0.002759244106     -0.002830167707     -0.010294491185

Maximal derivative component:        0.368651E-01 au


