REKS do not use any electronic distribution function

Calculation with static geometry

********************************************************************************************
  iSCC       reks energy        Diff energy         x_a       SCC error   
   63       -6.2845007997      -0.0000000000     0.999936    0.00000086
********************************************************************************************

 SA-REKS optimizes the avergaed state, not individual states
 These charges do not mean the charges for individual states
 Similarly to this, the values in band.out file indicate
 the band energies and occupations for the averaged state
 If you want to compute the relaxed density,
 please, set 'RelaxedDensity = Yes' option

 Total charge:     1.00000000

 Atomic gross charges (e)
 Atom           Charge
    1       0.11980576
    2      -0.11961188
    3       0.18703883
    4       0.31404980
    5       0.31468283
    6       0.18403465

Nr. of electrons (up):     12.00000000
Atom populations (up)
 Atom       Population
    1       3.88019424
    2       5.11961188
    3       0.81296117
    4       0.68595020
    5       0.68531717
    6       0.81596535

l-shell populations (up)
 Atom Sh.   l       Population
    1   1   0       1.18462907
    1   2   1       2.69556517
    2   1   0       1.38539908
    2   2   1       3.73421280
    3   1   0       0.81296117
    4   1   0       0.68595020
    5   1   0       0.68531717
    6   1   0       0.81596535

Orbital populations (up)
 Atom Sh.   l   m       Population  Label
    1   1   0   0       1.18462907  s
    1   2   1  -1       0.85365102  p_y
    1   2   1   0       0.89838546  p_z
    1   2   1   1       0.94352869  p_x
    2   1   0   0       1.38539908  s
    2   2   1  -1       1.08260948  p_y
    2   2   1   0       1.13446809  p_z
    2   2   1   1       1.51713523  p_x
    3   1   0   0       0.81296117  s
    4   1   0   0       0.68595020  s
    5   1   0   0       0.68531717  s
    6   1   0   0       0.81596535  s

Input / Output electrons (q):     12.0000000000

Energy H0:                          -6.5160600185 H         -177.3110 eV
Energy SCC:                          0.1342944427 H            3.6543 eV
Energy SPIN:                        -0.0000340220 H           -0.0009 eV
Energy Fock:                        -0.2090110863 H           -5.6875 eV
Total Electronic energy:            -6.5908106840 H         -179.3451 eV
Repulsive energy:                    0.1825588686 H            4.9677 eV

Excitation Energy:                   0.0000000000 H            0.0000 eV

Total energy:                       -6.4087189425 H         -174.3901 eV

SCC converged

Total Forces
    1     -0.004543837268     -0.004699711473      0.001286120664
    2      0.011874683739     -0.001035064839     -0.008612684294
    3     -0.013844557227      0.000609283606     -0.001779502863
    4     -0.018926081573      0.005629904507      0.008039231693
    5      0.010776519929     -0.003315728993      0.006094271417
    6      0.014663272401      0.002811317191     -0.005027436617

Maximal derivative component:        0.189261E-01 au


