 KPT            1  SPIN            1  KWEIGHT    1.0000000000000000     
     1   -29.884  2.00000
     2   -27.321  2.00000
     3   -25.331  2.00000
     4   -22.831  2.00000
     5   -21.514  2.00000
     6   -20.501  2.00000
     7   -19.552  2.00000
     8   -18.691  2.00000
     9   -18.161  2.00000
    10   -17.518  2.00000
    11   -16.728  2.00000
    12   -16.431  2.00000
    13   -16.030  2.00000
    14   -15.351  2.00000
    15   -15.005  2.00000
    16   -13.466  1.49989
    17   -10.087  0.50011
    18    -3.233  0.00000
    19    -0.487  0.00000
    20     6.199  0.00000
    21     7.869  0.00000
    22    12.071  0.00000
    23    12.174  0.00000
    24    14.500  0.00000
    25    14.697  0.00000
    26    16.354  0.00000
    27    17.925  0.00000
    28    25.119  0.00000
    29    30.297  0.00000
    30    33.552  0.00000
    31    41.017  0.00000
    32    45.472  0.00000

