REKS do not use any electronic distribution function

Calculation with static geometry

********************************************************************************************
  iSCC       reks energy        Diff energy         x_a       SCC error   
   64      -16.4364837617      -0.0000000000     0.999889    0.00000090
********************************************************************************************

 SA-REKS optimizes the avergaed state, not individual states
 These charges do not mean the charges for individual states
 Similarly to this, the values in band.out file indicate
 the band energies and occupations for the averaged state
 If you want to compute the relaxed density,
 please, set 'RelaxedDensity = Yes' option

 Total charge:     1.00000000

 Atomic gross charges (e)
 Atom           Charge
    1       0.01637698
    2      -0.04171294
    3       0.09931984
    4       0.11008557
    5       0.10875836
    6       0.07141832
    7      -0.14490752
    8       0.08905222
    9       0.09383172
   10       0.20193384
   11       0.08028743
   12      -0.18159598
   13       0.24054500
   14       0.25660716

Nr. of electrons (up):     32.00000000
Atom populations (up)
 Atom       Population
    1       3.98362302
    2       4.04171294
    3       0.90068016
    4       0.88991443
    5       0.89124164
    6       3.92858168
    7       4.14490752
    8       0.91094778
    9       0.90616828
   10       3.79806616
   11       0.91971257
   12       5.18159598
   13       0.75945500
   14       0.74339284

l-shell populations (up)
 Atom Sh.   l       Population
    1   1   0       1.23014200
    1   2   1       2.75348103
    2   1   0       1.16325573
    2   2   1       2.87845721
    3   1   0       0.90068016
    4   1   0       0.88991443
    5   1   0       0.89124164
    6   1   0       1.17322680
    6   2   1       2.75535487
    7   1   0       1.15593477
    7   2   1       2.98897275
    8   1   0       0.91094778
    9   1   0       0.90616828
   10   1   0       1.12880207
   10   2   1       2.66926409
   11   1   0       0.91971257
   12   1   0       1.38014739
   12   2   1       3.80144859
   13   1   0       0.75945500
   14   1   0       0.74339284

Orbital populations (up)
 Atom Sh.   l   m       Population  Label
    1   1   0   0       1.23014200  s
    1   2   1  -1       0.84774726  p_y
    1   2   1   0       0.97393871  p_z
    1   2   1   1       0.93179506  p_x
    2   1   0   0       1.16325573  s
    2   2   1  -1       0.97380855  p_y
    2   2   1   0       0.95996124  p_z
    2   2   1   1       0.94468743  p_x
    3   1   0   0       0.90068016  s
    4   1   0   0       0.88991443  s
    5   1   0   0       0.89124164  s
    6   1   0   0       1.17322680  s
    6   2   1  -1       0.91562172  p_y
    6   2   1   0       0.90211949  p_z
    6   2   1   1       0.93761366  p_x
    7   1   0   0       1.15593477  s
    7   2   1  -1       1.01726715  p_y
    7   2   1   0       1.04699381  p_z
    7   2   1   1       0.92471179  p_x
    8   1   0   0       0.91094778  s
    9   1   0   0       0.90616828  s
   10   1   0   0       1.12880207  s
   10   2   1  -1       0.93622623  p_y
   10   2   1   0       0.84441596  p_z
   10   2   1   1       0.88862189  p_x
   11   1   0   0       0.91971257  s
   12   1   0   0       1.38014739  s
   12   2   1  -1       1.13343310  p_y
   12   2   1   0       1.52516012  p_z
   12   2   1   1       1.14285537  p_x
   13   1   0   0       0.75945500  s
   14   1   0   0       0.74339284  s

Input / Output electrons (q):     32.0000000000

Energy H0:                         -16.3465634484 H         -444.8126 eV
Energy SCC:                          0.0925980745 H            2.5197 eV
Energy SPIN:                        -0.0000200524 H           -0.0005 eV
Energy Fock:                        -0.6716870401 H          -18.2775 eV
Total Electronic energy:           -16.9256724663 H         -460.5710 eV
Repulsive energy:                    0.4268584239 H           11.6154 eV

Excitation Energy:                   0.0000000000 H            0.0000 eV

Total energy:                      -16.5030319316 H         -449.0703 eV

SCC converged

Total Forces
    1     -0.021363237689     -0.067697085884     -0.010448943731
    2     -0.026535232617     -0.046929594982     -0.033858379990
    3      0.004733453102      0.014151385252     -0.020162384429
    4      0.023377421900      0.023308041836      0.003748979618
    5     -0.028962221477      0.000176358275      0.008820017020
    6      0.065037137972      0.092762110944      0.039576913908
    7     -0.096315415828     -0.000272784368      0.038564206465
    8      0.020791084763     -0.003952818438     -0.000109094208
    9      0.000871182297     -0.005436421375     -0.005506265304
   10     -0.010599582999     -0.101159298998     -0.073135017062
   11     -0.036700162397      0.015225967519      0.040397966823
   12      0.130840316540      0.107819548429      0.005343658557
   13     -0.021099427303      0.016324937602     -0.002218007205
   14     -0.004075316265     -0.044320345811      0.008986349536

Maximal derivative component:        0.130840E+00 au


