REKS do not use any electronic distribution function

Calculation with static geometry

********************************************************************************************
  iSCC       reks energy        Diff energy         x_a       SCC error   
   69       -6.2851787412      -0.0000000000     0.999926    0.00000099
********************************************************************************************

 SA-REKS optimizes the avergaed state, not individual states
 These charges do not mean the charges for individual states
 Similarly to this, the values in band.out file indicate
 the band energies and occupations for the averaged state
 If you want to compute the relaxed density,
 please, set 'RelaxedDensity = Yes' option

 Total charge:     1.00000000

 Atomic gross charges (e)
 Atom           Charge
    1       0.12630771
    2      -0.12502111
    3       0.18461584
    4       0.31460316
    5       0.31455471
    6       0.18493969

Nr. of electrons (up):     12.00000000
Atom populations (up)
 Atom       Population
    1       3.87369229
    2       5.12502111
    3       0.81538416
    4       0.68539684
    5       0.68544529
    6       0.81506031

l-shell populations (up)
 Atom Sh.   l       Population
    1   1   0       1.18713664
    1   2   1       2.68655565
    2   1   0       1.38819160
    2   2   1       3.73682951
    3   1   0       0.81538416
    4   1   0       0.68539684
    5   1   0       0.68544529
    6   1   0       0.81506031

Orbital populations (up)
 Atom Sh.   l   m       Population  Label
    1   1   0   0       1.18713664  s
    1   2   1  -1       0.85690300  p_y
    1   2   1   0       0.89706531  p_z
    1   2   1   1       0.93258734  p_x
    2   1   0   0       1.38819160  s
    2   2   1  -1       1.08228149  p_y
    2   2   1   0       1.13574736  p_z
    2   2   1   1       1.51880066  p_x
    3   1   0   0       0.81538416  s
    4   1   0   0       0.68539684  s
    5   1   0   0       0.68544529  s
    6   1   0   0       0.81506031  s

Input / Output electrons (q):     12.0000000000

Energy H0:                          -6.5127514457 H         -177.2210 eV
Energy SCC:                          0.1339725349 H            3.6456 eV
Energy SPIN:                        -0.0000386194 H           -0.0011 eV
Energy Fock:                        -0.2083827734 H           -5.6704 eV
Total Electronic energy:            -6.5872003036 H         -179.2468 eV
Repulsive energy:                    0.1799811054 H            4.8975 eV

Excitation Energy:                   0.0000000000 H            0.0000 eV

Total energy:                       -6.4078176182 H         -174.3656 eV

SCC converged

Total Forces
    1     -0.006277625068     -0.000278037103      0.020073255072
    2      0.014578040902     -0.000467833757     -0.023871509333
    3     -0.013738029626     -0.000451013064     -0.006542675777
    4     -0.019922290682     -0.001998628582      0.007748821858
    5      0.010699267693      0.003147421250      0.007529608288
    6      0.014660636782      0.000048091255     -0.004937500107

Maximal derivative component:        0.238715E-01 au


