 KPT            1  SPIN            1  KWEIGHT    1.0000000000000000     
     1   -29.419  2.00000
     2   -27.219  2.00000
     3   -25.484  2.00000
     4   -22.932  2.00000
     5   -21.283  2.00000
     6   -20.596  2.00000
     7   -19.130  2.00000
     8   -18.716  2.00000
     9   -17.749  2.00000
    10   -17.422  2.00000
    11   -17.099  2.00000
    12   -16.523  2.00000
    13   -15.927  2.00000
    14   -15.353  2.00000
    15   -14.649  2.00000
    16   -13.631  1.49993
    17   -10.729  0.50007
    18    -3.579  0.00000
    19    -1.775  0.00000
    20     6.296  0.00000
    21     9.046  0.00000
    22    11.638  0.00000
    23    14.258  0.00000
    24    14.601  0.00000
    25    17.288  0.00000
    26    19.227  0.00000
    27    20.352  0.00000
    28    22.533  0.00000
    29    26.544  0.00000
    30    29.350  0.00000
    31    34.823  0.00000
    32    47.097  0.00000

