REKS do not use any electronic distribution function

Calculation with static geometry

********************************************************************************************
  iSCC       reks energy        Diff energy         x_a       SCC error   
   63      -16.4180751560      -0.0000000000     0.999929    0.00000093
********************************************************************************************

 SA-REKS optimizes the avergaed state, not individual states
 These charges do not mean the charges for individual states
 Similarly to this, the values in band.out file indicate
 the band energies and occupations for the averaged state
 If you want to compute the relaxed density,
 please, set 'RelaxedDensity = Yes' option

 Total charge:     1.00000000

 Atomic gross charges (e)
 Atom           Charge
    1       0.00242315
    2      -0.03089997
    3       0.09200361
    4       0.12493568
    5       0.12743334
    6       0.06028879
    7      -0.14216898
    8       0.08584073
    9       0.11383303
   10       0.21184436
   11       0.11157071
   12      -0.24578207
   13       0.25158157
   14       0.23709604

Nr. of electrons (up):     32.00000000
Atom populations (up)
 Atom       Population
    1       3.99757685
    2       4.03089997
    3       0.90799639
    4       0.87506432
    5       0.87256666
    6       3.93971121
    7       4.14216898
    8       0.91415927
    9       0.88616697
   10       3.78815564
   11       0.88842929
   12       5.24578207
   13       0.74841843
   14       0.76290396

l-shell populations (up)
 Atom Sh.   l       Population
    1   1   0       1.22487223
    1   2   1       2.77270462
    2   1   0       1.18155853
    2   2   1       2.84934143
    3   1   0       0.90799639
    4   1   0       0.87506432
    5   1   0       0.87256666
    6   1   0       1.22552872
    6   2   1       2.71418249
    7   1   0       1.15246313
    7   2   1       2.98970585
    8   1   0       0.91415927
    9   1   0       0.88616697
   10   1   0       1.11889860
   10   2   1       2.66925704
   11   1   0       0.88842929
   12   1   0       1.39841919
   12   2   1       3.84736287
   13   1   0       0.74841843
   14   1   0       0.76290396

Orbital populations (up)
 Atom Sh.   l   m       Population  Label
    1   1   0   0       1.22487223  s
    1   2   1  -1       0.84639025  p_y
    1   2   1   0       0.98601414  p_z
    1   2   1   1       0.94030023  p_x
    2   1   0   0       1.18155853  s
    2   2   1  -1       0.93819267  p_y
    2   2   1   0       0.94589558  p_z
    2   2   1   1       0.96525318  p_x
    3   1   0   0       0.90799639  s
    4   1   0   0       0.87506432  s
    5   1   0   0       0.87256666  s
    6   1   0   0       1.22552872  s
    6   2   1  -1       0.92464417  p_y
    6   2   1   0       0.85509631  p_z
    6   2   1   1       0.93444201  p_x
    7   1   0   0       1.15246313  s
    7   2   1  -1       0.96381278  p_y
    7   2   1   0       1.04581518  p_z
    7   2   1   1       0.98007788  p_x
    8   1   0   0       0.91415927  s
    9   1   0   0       0.88616697  s
   10   1   0   0       1.11889860  s
   10   2   1  -1       0.96325367  p_y
   10   2   1   0       0.84140626  p_z
   10   2   1   1       0.86459711  p_x
   11   1   0   0       0.88842929  s
   12   1   0   0       1.39841919  s
   12   2   1  -1       1.19454361  p_y
   12   2   1   0       1.55709935  p_z
   12   2   1   1       1.09571991  p_x
   13   1   0   0       0.74841843  s
   14   1   0   0       0.76290396  s

Input / Output electrons (q):     32.0000000000

Energy H0:                         -16.3225114384 H         -444.1581 eV
Energy SCC:                          0.0921413219 H            2.5073 eV
Energy SPIN:                        -0.0000117762 H           -0.0003 eV
Energy Fock:                        -0.6643494066 H          -18.0779 eV
Total Electronic energy:           -16.8947312992 H         -459.7290 eV
Repulsive energy:                    0.4233131718 H           11.5189 eV

Excitation Energy:                   0.0000000000 H            0.0000 eV

Total energy:                      -16.4746480255 H         -448.2980 eV

SCC converged

Total Forces
    1      0.022739555917      0.013783764529     -0.030589363655
    2     -0.005053777906      0.005098580833     -0.031495182654
    3     -0.009955016884     -0.008723597005      0.042558908630
    4     -0.008884942281     -0.015296451925      0.008859076695
    5     -0.012371594183      0.009541772023     -0.022736189770
    6      0.054856676107      0.070168445257      0.036679104219
    7     -0.194380575107     -0.171370446739     -0.010277890472
    8      0.019573177219     -0.052911204039      0.007613528401
    9      0.015502697514      0.009359930402     -0.009331589412
   10      0.175830678326      0.074952896594      0.001958256387
   11     -0.043223239649      0.052958623736      0.004947015122
   12      0.001083362041      0.018769738056     -0.004252359808
   13     -0.015175777424     -0.003556945183      0.005180003640
   14     -0.000541223691     -0.002775106538      0.000886682678

Maximal derivative component:        0.194381E+00 au


