 KPT            1  SPIN            1  KWEIGHT    1.0000000000000000     
     1   -29.972  2.00000
     2   -27.367  2.00000
     3   -25.243  2.00000
     4   -23.640  2.00000
     5   -21.482  2.00000
     6   -20.446  2.00000
     7   -19.433  2.00000
     8   -18.839  2.00000
     9   -18.196  2.00000
    10   -17.831  2.00000
    11   -16.947  2.00000
    12   -16.633  2.00000
    13   -16.191  2.00000
    14   -15.745  2.00000
    15   -14.603  2.00000
    16   -13.914  1.50000
    17    -9.962  0.50000
    18    -3.692  0.00000
    19    -1.124  0.00000
    20     5.510  0.00000
    21     9.140  0.00000
    22    11.912  0.00000
    23    12.425  0.00000
    24    14.636  0.00000
    25    18.949  0.00000
    26    19.997  0.00000
    27    20.728  0.00000
    28    21.584  0.00000
    29    26.167  0.00000
    30    32.998  0.00000
    31    39.072  0.00000
    32    43.945  0.00000

