REKS do not use any electronic distribution function

Calculation with static geometry

********************************************************************************************
  iSCC       reks energy        Diff energy         x_a       SCC error   
   70       -6.2847561162      -0.0000000000     0.999922    0.00000089
********************************************************************************************

 SA-REKS optimizes the avergaed state, not individual states
 These charges do not mean the charges for individual states
 Similarly to this, the values in band.out file indicate
 the band energies and occupations for the averaged state
 If you want to compute the relaxed density,
 please, set 'RelaxedDensity = Yes' option

 Total charge:     1.00000000

 Atomic gross charges (e)
 Atom           Charge
    1       0.12744025
    2      -0.12253446
    3       0.18275264
    4       0.31229876
    5       0.31545313
    6       0.18458967

Nr. of electrons (up):     12.00000000
Atom populations (up)
 Atom       Population
    1       3.87255975
    2       5.12253446
    3       0.81724736
    4       0.68770124
    5       0.68454687
    6       0.81541033

l-shell populations (up)
 Atom Sh.   l       Population
    1   1   0       1.18371567
    1   2   1       2.68884408
    2   1   0       1.38407597
    2   2   1       3.73845849
    3   1   0       0.81724736
    4   1   0       0.68770124
    5   1   0       0.68454687
    6   1   0       0.81541033

Orbital populations (up)
 Atom Sh.   l   m       Population  Label
    1   1   0   0       1.18371567  s
    1   2   1  -1       0.92739043  p_y
    1   2   1   0       0.89691747  p_z
    1   2   1   1       0.86453618  p_x
    2   1   0   0       1.38407597  s
    2   2   1  -1       1.50621742  p_y
    2   2   1   0       1.13126345  p_z
    2   2   1   1       1.10097761  p_x
    3   1   0   0       0.81724736  s
    4   1   0   0       0.68770124  s
    5   1   0   0       0.68454687  s
    6   1   0   0       0.81541033  s

Input / Output electrons (q):     12.0000000000

Energy H0:                          -6.5161003694 H         -177.3121 eV
Energy SCC:                          0.1337847256 H            3.6405 eV
Energy SPIN:                        -0.0000407230 H           -0.0011 eV
Energy Fock:                        -0.2087502628 H           -5.6804 eV
Total Electronic energy:            -6.5911066296 H         -179.3531 eV
Repulsive energy:                    0.1842767861 H            5.0144 eV

Excitation Energy:                   0.0000000000 H            0.0000 eV

Total energy:                       -6.4075525160 H         -174.3584 eV

SCC converged

Total Forces
    1     -0.001923762418      0.003363260772      0.011840927046
    2     -0.000128699104     -0.000619327205     -0.009661929689
    3     -0.000619262866     -0.016399395145     -0.007115996468
    4      0.001914614925      0.016508930545      0.010600653518
    5      0.001974681826     -0.017328965884     -0.000420554864
    6     -0.001217572363      0.014475496917     -0.005243099543

Maximal derivative component:        0.173290E-01 au


