REKS do not use any electronic distribution function

Calculation with static geometry

********************************************************************************************
  iSCC       reks energy        Diff energy         x_a       SCC error   
   65       -6.2841120045      -0.0000000000     0.999927    0.00000088
********************************************************************************************

 SA-REKS optimizes the avergaed state, not individual states
 These charges do not mean the charges for individual states
 Similarly to this, the values in band.out file indicate
 the band energies and occupations for the averaged state
 If you want to compute the relaxed density,
 please, set 'RelaxedDensity = Yes' option

 Total charge:     1.00000000

 Atomic gross charges (e)
 Atom           Charge
    1       0.12486967
    2      -0.12006270
    3       0.18135588
    4       0.31536453
    5       0.31404659
    6       0.18442604

Nr. of electrons (up):     12.00000000
Atom populations (up)
 Atom       Population
    1       3.87513033
    2       5.12006270
    3       0.81864412
    4       0.68463547
    5       0.68595341
    6       0.81557396

l-shell populations (up)
 Atom Sh.   l       Population
    1   1   0       1.18242664
    1   2   1       2.69270369
    2   1   0       1.38532934
    2   2   1       3.73473336
    3   1   0       0.81864412
    4   1   0       0.68463547
    5   1   0       0.68595341
    6   1   0       0.81557396

Orbital populations (up)
 Atom Sh.   l   m       Population  Label
    1   1   0   0       1.18242664  s
    1   2   1  -1       0.85965091  p_y
    1   2   1   0       0.89786359  p_z
    1   2   1   1       0.93518919  p_x
    2   1   0   0       1.38532934  s
    2   2   1  -1       1.08754313  p_y
    2   2   1   0       1.13539613  p_z
    2   2   1   1       1.51179409  p_x
    3   1   0   0       0.81864412  s
    4   1   0   0       0.68463547  s
    5   1   0   0       0.68595341  s
    6   1   0   0       0.81557396  s

Input / Output electrons (q):     12.0000000000

Energy H0:                          -6.5160143876 H         -177.3098 eV
Energy SCC:                          0.1342272242 H            3.6525 eV
Energy SPIN:                        -0.0000380846 H           -0.0010 eV
Energy Fock:                        -0.2093686100 H           -5.6972 eV
Total Electronic energy:            -6.5911938580 H         -179.3555 eV
Repulsive energy:                    0.1849095081 H            5.0316 eV

Excitation Energy:                   0.0000000000 H            0.0000 eV

Total energy:                       -6.4069201744 H         -174.3412 eV

SCC converged

Total Forces
    1      0.006088260562     -0.001583739368     -0.006187578455
    2     -0.014685504361      0.004345051472     -0.002624477346
    3     -0.015570836015     -0.000188473851     -0.004864156508
    4     -0.011465624993     -0.005361079521      0.004038876217
    5      0.021150017281      0.001632871695      0.009846499045
    6      0.014483687525      0.001155369572     -0.000209162954

Maximal derivative component:        0.211500E-01 au


