 KPT            1  SPIN            1  KWEIGHT    1.0000000000000000     
     1   -29.465  2.00000
     2   -27.322  2.00000
     3   -25.530  2.00000
     4   -23.287  2.00000
     5   -21.432  2.00000
     6   -19.995  2.00000
     7   -19.344  2.00000
     8   -18.704  2.00000
     9   -17.849  2.00000
    10   -17.521  2.00000
    11   -17.392  2.00000
    12   -16.656  2.00000
    13   -15.978  2.00000
    14   -15.280  2.00000
    15   -14.298  2.00000
    16   -14.012  1.49997
    17   -10.845  0.50003
    18    -3.182  0.00000
    19    -2.142  0.00000
    20     7.659  0.00000
    21     9.293  0.00000
    22    11.119  0.00000
    23    13.223  0.00000
    24    17.220  0.00000
    25    17.916  0.00000
    26    21.795  0.00000
    27    23.684  0.00000
    28    24.393  0.00000
    29    26.629  0.00000
    30    34.784  0.00000
    31    37.938  0.00000
    32    42.552  0.00000

