REKS do not use any electronic distribution function

Calculation with static geometry

********************************************************************************************
  iSCC       reks energy        Diff energy         x_a       SCC error   
  328      -16.4181238604      -0.0000000000     0.999969    0.00000099
********************************************************************************************

 SA-REKS optimizes the avergaed state, not individual states
 These charges do not mean the charges for individual states
 Similarly to this, the values in band.out file indicate
 the band energies and occupations for the averaged state
 If you want to compute the relaxed density,
 please, set 'RelaxedDensity = Yes' option

 Total charge:     1.00000000

 Atomic gross charges (e)
 Atom           Charge
    1      -0.09346982
    2      -0.04404512
    3       0.12212972
    4       0.11614595
    5       0.12247841
    6       0.08824558
    7      -0.10528545
    8       0.09762139
    9       0.13893442
   10       0.20415421
   11       0.10851557
   12      -0.25333675
   13       0.24443719
   14       0.25347471

Nr. of electrons (up):     32.00000000
Atom populations (up)
 Atom       Population
    1       4.09346982
    2       4.04404512
    3       0.87787028
    4       0.88385405
    5       0.87752159
    6       3.91175442
    7       4.10528545
    8       0.90237861
    9       0.86106558
   10       3.79584579
   11       0.89148443
   12       5.25333675
   13       0.75556281
   14       0.74652529

l-shell populations (up)
 Atom Sh.   l       Population
    1   1   0       1.18009399
    1   2   1       2.91337583
    2   1   0       1.18037544
    2   2   1       2.86366969
    3   1   0       0.87787028
    4   1   0       0.88385405
    5   1   0       0.87752159
    6   1   0       1.19668681
    6   2   1       2.71506761
    7   1   0       1.15626647
    7   2   1       2.94901898
    8   1   0       0.90237861
    9   1   0       0.86106558
   10   1   0       1.14328045
   10   2   1       2.65256534
   11   1   0       0.89148443
   12   1   0       1.38847189
   12   2   1       3.86486487
   13   1   0       0.75556281
   14   1   0       0.74652529

Orbital populations (up)
 Atom Sh.   l   m       Population  Label
    1   1   0   0       1.18009399  s
    1   2   1  -1       0.97104361  p_y
    1   2   1   0       0.97462101  p_z
    1   2   1   1       0.96771121  p_x
    2   1   0   0       1.18037544  s
    2   2   1  -1       0.93838322  p_y
    2   2   1   0       0.99303696  p_z
    2   2   1   1       0.93224952  p_x
    3   1   0   0       0.87787028  s
    4   1   0   0       0.88385405  s
    5   1   0   0       0.87752159  s
    6   1   0   0       1.19668681  s
    6   2   1  -1       0.82543059  p_y
    6   2   1   0       0.97616829  p_z
    6   2   1   1       0.91346872  p_x
    7   1   0   0       1.15626647  s
    7   2   1  -1       1.00985699  p_y
    7   2   1   0       0.94412990  p_z
    7   2   1   1       0.99503210  p_x
    8   1   0   0       0.90237861  s
    9   1   0   0       0.86106558  s
   10   1   0   0       1.14328045  s
   10   2   1  -1       0.86604920  p_y
   10   2   1   0       0.92798884  p_z
   10   2   1   1       0.85852730  p_x
   11   1   0   0       0.89148443  s
   12   1   0   0       1.38847189  s
   12   2   1  -1       1.18383058  p_y
   12   2   1   0       1.43805930  p_z
   12   2   1   1       1.24297499  p_x
   13   1   0   0       0.75556281  s
   14   1   0   0       0.74652529  s

Input / Output electrons (q):     32.0000000000

Energy H0:                         -16.3738386401 H         -445.5548 eV
Energy SCC:                          0.0955511990 H            2.6001 eV
Energy SPIN:                        -0.0000065707 H           -0.0002 eV
Energy Fock:                        -0.6649330731 H          -18.0937 eV
Total Electronic energy:           -16.9432270849 H         -461.0487 eV
Repulsive energy:                    0.4654617555 H           12.6659 eV

Excitation Energy:                   0.0000000000 H            0.0000 eV

Total energy:                      -16.4789041783 H         -448.4138 eV

SCC converged

Total Forces
    1      0.038962054076      0.014747920046     -0.032019023977
    2      0.048836715292     -0.062035025052      0.020500306548
    3     -0.008745208421      0.023183336269     -0.020735997531
    4     -0.054238658766     -0.034331483056      0.054397961828
    5      0.001467098211      0.038783757968     -0.018947507867
    6     -0.079675723002     -0.000929250224     -0.008094192188
    7     -0.042331921152     -0.020451955413     -0.090764762622
    8      0.011318916993      0.000472099004      0.021934138422
    9      0.031258476653      0.013407849279      0.025697967675
   10      0.065505627268      0.057192410967      0.026665075736
   11      0.017406775500      0.026190986449     -0.016423290134
   12     -0.036738723244     -0.062845018620      0.036252728589
   13      0.020093282102     -0.001484589910      0.022916729984
   14     -0.013118711509      0.008098962294     -0.021380134463

Maximal derivative component:        0.907648E-01 au


