REKS do not use any electronic distribution function

Calculation with static geometry

********************************************************************************************
  iSCC       reks energy        Diff energy         x_a       SCC error   
   55       -6.2884307411      -0.0000000000     0.999963    0.00000085
********************************************************************************************

 SA-REKS optimizes the avergaed state, not individual states
 These charges do not mean the charges for individual states
 Similarly to this, the values in band.out file indicate
 the band energies and occupations for the averaged state
 If you want to compute the relaxed density,
 please, set 'RelaxedDensity = Yes' option

 Total charge:     1.00000000

 Atomic gross charges (e)
 Atom           Charge
    1       0.11000409
    2      -0.11349369
    3       0.19128109
    4       0.31039943
    5       0.31057930
    6       0.19122978

Nr. of electrons (up):     12.00000000
Atom populations (up)
 Atom       Population
    1       3.88999591
    2       5.11349369
    3       0.80871891
    4       0.68960057
    5       0.68942070
    6       0.80877022

l-shell populations (up)
 Atom Sh.   l       Population
    1   1   0       1.18408166
    1   2   1       2.70591425
    2   1   0       1.38394434
    2   2   1       3.72954935
    3   1   0       0.80871891
    4   1   0       0.68960057
    5   1   0       0.68942070
    6   1   0       0.80877022

Orbital populations (up)
 Atom Sh.   l   m       Population  Label
    1   1   0   0       1.18408166  s
    1   2   1  -1       0.96805583  p_y
    1   2   1   0       0.88669635  p_z
    1   2   1   1       0.85116207  p_x
    2   1   0   0       1.38394434  s
    2   2   1  -1       1.51241305  p_y
    2   2   1   0       1.11988673  p_z
    2   2   1   1       1.09724958  p_x
    3   1   0   0       0.80871891  s
    4   1   0   0       0.68960057  s
    5   1   0   0       0.68942070  s
    6   1   0   0       0.80877022  s

Input / Output electrons (q):     12.0000000000

Energy H0:                          -6.5217269613 H         -177.4652 eV
Energy SCC:                          0.1347655917 H            3.6672 eV
Energy SPIN:                        -0.0000205656 H           -0.0006 eV
Energy Fock:                        -0.2070045198 H           -5.6329 eV
Total Electronic energy:            -6.5939864550 H         -179.4315 eV
Repulsive energy:                    0.1774507516 H            4.8287 eV

Excitation Energy:                   0.0000000000 H            0.0000 eV

Total energy:                       -6.4166081414 H         -174.6048 eV

SCC converged

Total Forces
    1     -0.000983516141     -0.002406841828      0.020646887535
    2      0.003593039829     -0.002846131310     -0.020810690065
    3     -0.003783426950     -0.006128205557      0.000427930153
    4      0.000292029500      0.009131593500      0.000478379250
    5     -0.002276433143     -0.005686968992     -0.000652319192
    6      0.003158306905      0.007936554187     -0.000090187681

Maximal derivative component:        0.208107E-01 au


