REKS do not use any electronic distribution function

Calculation with static geometry

********************************************************************************************
  iSCC       reks energy        Diff energy         x_a       SCC error   
   46       -6.2848512550      -0.0000000000     0.999975    0.00000084
********************************************************************************************

 SA-REKS optimizes the avergaed state, not individual states
 These charges do not mean the charges for individual states
 Similarly to this, the values in band.out file indicate
 the band energies and occupations for the averaged state
 If you want to compute the relaxed density,
 please, set 'RelaxedDensity = Yes' option

 Total charge:     1.00000000

 Atomic gross charges (e)
 Atom           Charge
    1       0.09965768
    2      -0.10327300
    3       0.19448026
    4       0.30896116
    5       0.31127516
    6       0.18889874

Nr. of electrons (up):     12.00000000
Atom populations (up)
 Atom       Population
    1       3.90034232
    2       5.10327300
    3       0.80551974
    4       0.69103884
    5       0.68872484
    6       0.81110126

l-shell populations (up)
 Atom Sh.   l       Population
    1   1   0       1.17766341
    1   2   1       2.72267892
    2   1   0       1.38140690
    2   2   1       3.72186611
    3   1   0       0.80551974
    4   1   0       0.69103884
    5   1   0       0.68872484
    6   1   0       0.81110126

Orbital populations (up)
 Atom Sh.   l   m       Population  Label
    1   1   0   0       1.17766341  s
    1   2   1  -1       0.85104169  p_y
    1   2   1   0       0.89398718  p_z
    1   2   1   1       0.97765005  p_x
    2   1   0   0       1.38140690  s
    2   2   1  -1       1.09575683  p_y
    2   2   1   0       1.12357640  p_z
    2   2   1   1       1.50253288  p_x
    3   1   0   0       0.80551974  s
    4   1   0   0       0.69103884  s
    5   1   0   0       0.68872484  s
    6   1   0   0       0.81110126  s

Input / Output electrons (q):     12.0000000000

Energy H0:                          -6.5322407973 H         -177.7513 eV
Energy SCC:                          0.1356308592 H            3.6907 eV
Energy SPIN:                        -0.0000144805 H           -0.0004 eV
Energy Fock:                        -0.2086274057 H           -5.6770 eV
Total Electronic energy:            -6.6052518243 H         -179.7380 eV
Repulsive energy:                    0.1892374703 H            5.1494 eV

Excitation Energy:                   0.0000000000 H            0.0000 eV

Total energy:                       -6.4160463415 H         -174.5895 eV

SCC converged

Total Forces
    1      0.006144912417     -0.004163436285     -0.012450540474
    2     -0.015879972171     -0.012706644785      0.017990270229
    3     -0.006053316488      0.000150976308      0.001596342701
    4      0.000904759533      0.010057978987      0.000435686803
    5      0.010029914388      0.002884507212     -0.001468044853
    6      0.004853702320      0.003776618562     -0.006103714406

Maximal derivative component:        0.179903E-01 au


