 KPT            1  SPIN            1  KWEIGHT    1.0000000000000000     
     1   -29.639  2.00000
     2   -27.423  2.00000
     3   -25.545  2.00000
     4   -23.503  2.00000
     5   -21.584  2.00000
     6   -20.301  2.00000
     7   -19.188  2.00000
     8   -18.914  2.00000
     9   -17.925  2.00000
    10   -17.820  2.00000
    11   -17.163  2.00000
    12   -16.522  2.00000
    13   -16.131  2.00000
    14   -15.552  2.00000
    15   -14.897  2.00000
    16   -13.924  1.49998
    17   -10.453  0.50002
    18    -3.811  0.00000
    19    -1.191  0.00000
    20     5.684  0.00000
    21     9.317  0.00000
    22    11.085  0.00000
    23    14.882  0.00000
    24    15.546  0.00000
    25    16.780  0.00000
    26    20.495  0.00000
    27    22.385  0.00000
    28    27.485  0.00000
    29    29.157  0.00000
    30    31.434  0.00000
    31    37.604  0.00000
    32    44.296  0.00000

