REKS do not use any electronic distribution function

Calculation with static geometry

********************************************************************************************
  iSCC       reks energy        Diff energy         x_a       SCC error   
   55       -6.2845259836      -0.0000000000     0.999946    0.00000084
********************************************************************************************

 SA-REKS optimizes the avergaed state, not individual states
 These charges do not mean the charges for individual states
 Similarly to this, the values in band.out file indicate
 the band energies and occupations for the averaged state
 If you want to compute the relaxed density,
 please, set 'RelaxedDensity = Yes' option

 Total charge:     1.00000000

 Atomic gross charges (e)
 Atom           Charge
    1       0.11606181
    2      -0.10610535
    3       0.18405089
    4       0.31052415
    5       0.31074890
    6       0.18471959

Nr. of electrons (up):     12.00000000
Atom populations (up)
 Atom       Population
    1       3.88393819
    2       5.10610535
    3       0.81594911
    4       0.68947585
    5       0.68925110
    6       0.81528041

l-shell populations (up)
 Atom Sh.   l       Population
    1   1   0       1.17395060
    1   2   1       2.70998759
    2   1   0       1.37590383
    2   2   1       3.73020153
    3   1   0       0.81594911
    4   1   0       0.68947585
    5   1   0       0.68925110
    6   1   0       0.81528041

Orbital populations (up)
 Atom Sh.   l   m       Population  Label
    1   1   0   0       1.17395060  s
    1   2   1  -1       0.86167165  p_y
    1   2   1   0       0.89224147  p_z
    1   2   1   1       0.95607447  p_x
    2   1   0   0       1.37590383  s
    2   2   1  -1       1.09819129  p_y
    2   2   1   0       1.12264004  p_z
    2   2   1   1       1.50937019  p_x
    3   1   0   0       0.81594911  s
    4   1   0   0       0.68947585  s
    5   1   0   0       0.68925110  s
    6   1   0   0       0.81528041  s

Input / Output electrons (q):     12.0000000000

Energy H0:                          -6.5311557039 H         -177.7218 eV
Energy SCC:                          0.1349142596 H            3.6712 eV
Energy SPIN:                        -0.0000291348 H           -0.0008 eV
Energy Fock:                        -0.2093759751 H           -5.6974 eV
Total Electronic energy:            -6.6056465542 H         -179.7488 eV
Repulsive energy:                    0.1952110600 H            5.3120 eV

Excitation Energy:                   0.0000000000 H            0.0000 eV

Total energy:                       -6.4107969560 H         -174.4467 eV

SCC converged

Total Forces
    1     -0.000675240138      0.002938707066     -0.030972428797
    2      0.001050601889     -0.007152605060      0.022918997152
    3     -0.012967370646     -0.003102508389      0.001578025334
    4     -0.014587317429      0.003504060350      0.002932584860
    5      0.014088759675      0.001276088199      0.001131515216
    6      0.013090566649      0.002536257834      0.002411306234

Maximal derivative component:        0.309724E-01 au


