REKS do not use any electronic distribution function

Calculation with static geometry

********************************************************************************************
  iSCC       reks energy        Diff energy         x_a       SCC error   
   72      -16.4167878289      -0.0000000000     0.999951    0.00000091
********************************************************************************************

 SA-REKS optimizes the avergaed state, not individual states
 These charges do not mean the charges for individual states
 Similarly to this, the values in band.out file indicate
 the band energies and occupations for the averaged state
 If you want to compute the relaxed density,
 please, set 'RelaxedDensity = Yes' option

 Total charge:     1.00000000

 Atomic gross charges (e)
 Atom           Charge
    1      -0.06978256
    2       0.02683128
    3       0.07256422
    4       0.13205701
    5       0.12579815
    6       0.04890098
    7      -0.12595866
    8       0.10650095
    9       0.11906451
   10       0.19064360
   11       0.09673228
   12      -0.23140077
   13       0.26456855
   14       0.24348045

Nr. of electrons (up):     32.00000000
Atom populations (up)
 Atom       Population
    1       4.06978256
    2       3.97316872
    3       0.92743578
    4       0.86794299
    5       0.87420185
    6       3.95109902
    7       4.12595866
    8       0.89349905
    9       0.88093549
   10       3.80935640
   11       0.90326772
   12       5.23140077
   13       0.73543145
   14       0.75651955

l-shell populations (up)
 Atom Sh.   l       Population
    1   1   0       1.21726657
    1   2   1       2.85251599
    2   1   0       1.17244870
    2   2   1       2.80072002
    3   1   0       0.92743578
    4   1   0       0.86794299
    5   1   0       0.87420185
    6   1   0       1.20969758
    6   2   1       2.74140144
    7   1   0       1.18671877
    7   2   1       2.93923989
    8   1   0       0.89349905
    9   1   0       0.88093549
   10   1   0       1.15019934
   10   2   1       2.65915706
   11   1   0       0.90326772
   12   1   0       1.41335255
   12   2   1       3.81804822
   13   1   0       0.73543145
   14   1   0       0.75651955

Orbital populations (up)
 Atom Sh.   l   m       Population  Label
    1   1   0   0       1.21726657  s
    1   2   1  -1       0.97998866  p_y
    1   2   1   0       0.85027234  p_z
    1   2   1   1       1.02225499  p_x
    2   1   0   0       1.17244870  s
    2   2   1  -1       0.93505247  p_y
    2   2   1   0       0.91619249  p_z
    2   2   1   1       0.94947506  p_x
    3   1   0   0       0.92743578  s
    4   1   0   0       0.86794299  s
    5   1   0   0       0.87420185  s
    6   1   0   0       1.20969758  s
    6   2   1  -1       0.86154027  p_y
    6   2   1   0       0.97431792  p_z
    6   2   1   1       0.90554325  p_x
    7   1   0   0       1.18671877  s
    7   2   1  -1       1.05268456  p_y
    7   2   1   0       0.97664098  p_z
    7   2   1   1       0.90991434  p_x
    8   1   0   0       0.89349905  s
    9   1   0   0       0.88093549  s
   10   1   0   0       1.15019934  s
   10   2   1  -1       0.87484225  p_y
   10   2   1   0       0.95197879  p_z
   10   2   1   1       0.83233601  p_x
   11   1   0   0       0.90326772  s
   12   1   0   0       1.41335255  s
   12   2   1  -1       1.35410760  p_y
   12   2   1   0       1.18214146  p_z
   12   2   1   1       1.28179916  p_x
   13   1   0   0       0.73543145  s
   14   1   0   0       0.75651955  s

Input / Output electrons (q):     32.0000000000

Energy H0:                         -16.2727084966 H         -442.8029 eV
Energy SCC:                          0.0969760588 H            2.6389 eV
Energy SPIN:                        -0.0000095869 H           -0.0003 eV
Energy Fock:                        -0.6609785162 H          -17.9861 eV
Total Electronic energy:           -16.8367205410 H         -458.1505 eV
Repulsive energy:                    0.3624448867 H            9.8626 eV

Excitation Energy:                   0.0000000000 H            0.0000 eV

Total energy:                      -16.4751210328 H         -448.3109 eV

SCC converged

Total Forces
    1      0.028288773976     -0.041002885853     -0.081015269923
    2      0.065534723194      0.006783361009     -0.002200354823
    3     -0.001908008509     -0.005301361777      0.023204432168
    4     -0.015038159592      0.015565893231      0.023989305939
    5     -0.028847827669      0.020070407448      0.010684932439
    6     -0.000590916111     -0.029921196358      0.070705478896
    7     -0.006598657885      0.013569532272     -0.016264889227
    8      0.009919196396      0.012514261307     -0.010415361029
    9     -0.026326820725      0.009110822331     -0.024446687058
   10      0.027059627538      0.033831926266      0.017347386836
   11     -0.010899888253     -0.009486884559     -0.020879096608
   12     -0.032487346849      0.013622765393      0.018025596891
   13     -0.010180334106     -0.018008961211      0.023162719698
   14      0.002075638595     -0.021347679501     -0.031898194199

Maximal derivative component:        0.810153E-01 au


