REKS do not use any electronic distribution function

Calculation with static geometry

********************************************************************************************
  iSCC       reks energy        Diff energy         x_a       SCC error   
   44       -6.1592273167      -0.0000000000     0.675651    0.00000095
********************************************************************************************

 SA-REKS optimizes the avergaed state, not individual states
 These charges do not mean the charges for individual states
 Similarly to this, the values in band.out file indicate
 the band energies and occupations for the averaged state
 If you want to compute the relaxed density,
 please, set 'RelaxedDensity = Yes' option

 Total charge:     1.00000000

 Atomic gross charges (e)
 Atom           Charge
    1       0.11160685
    2      -0.11551419
    3       0.18912314
    4       0.36716750
    5       0.24659300
    6       0.20102369

Nr. of electrons (up):     12.00000000
Atom populations (up)
 Atom       Population
    1       3.88839315
    2       5.11551419
    3       0.81087686
    4       0.63283250
    5       0.75340700
    6       0.79897631

l-shell populations (up)
 Atom Sh.   l       Population
    1   1   0       1.23648695
    1   2   1       2.65190620
    2   1   0       1.59192029
    2   2   1       3.52359389
    3   1   0       0.81087686
    4   1   0       0.63283250
    5   1   0       0.75340700
    6   1   0       0.79897631

Orbital populations (up)
 Atom Sh.   l   m       Population  Label
    1   1   0   0       1.23648695  s
    1   2   1  -1       0.90039954  p_y
    1   2   1   0       0.79208474  p_z
    1   2   1   1       0.95942192  p_x
    2   1   0   0       1.59192029  s
    2   2   1  -1       1.17540580  p_y
    2   2   1   0       1.10854318  p_z
    2   2   1   1       1.23964491  p_x
    3   1   0   0       0.81087686  s
    4   1   0   0       0.63283250  s
    5   1   0   0       0.75340700  s
    6   1   0   0       0.79897631  s

Input / Output electrons (q):     12.0000000000

Energy H0:                          -6.1011942207 H         -166.0219 eV
Energy SCC:                          0.1294273956 H            3.5219 eV
Energy SPIN:                        -0.1018999697 H           -2.7728 eV
Energy Fock:                        -0.2531350037 H           -6.8882 eV
Total Electronic energy:            -6.3268017985 H         -172.1610 eV
Repulsive energy:                    0.0576343555 H            1.5683 eV

Excitation Energy:                   0.0000000000 H            0.0000 eV

Total energy:                       -6.2691681628 H         -170.5927 eV

SCC converged

Total Forces
    1     -0.023547130958     -0.125139307526      0.107892500869
    2     -0.017357545957      0.022665960067     -0.043525568046
    3      0.021522937659      0.064583138702      0.001518121845
    4      0.006492185197     -0.005371760646     -0.010832436669
    5      0.009550037599      0.052194132480     -0.056710510792
    6      0.003339516459     -0.008932163078      0.001657892794

Maximal derivative component:        0.125139E+00 au


