REKS do not use any electronic distribution function

Calculation with static geometry

********************************************************************************************
  iSCC       reks energy        Diff energy         x_a       SCC error   
   45       -6.2846707947      -0.0000000000     0.999977    0.00000093
********************************************************************************************

 SA-REKS optimizes the avergaed state, not individual states
 These charges do not mean the charges for individual states
 Similarly to this, the values in band.out file indicate
 the band energies and occupations for the averaged state
 If you want to compute the relaxed density,
 please, set 'RelaxedDensity = Yes' option

 Total charge:     1.00000000

 Atomic gross charges (e)
 Atom           Charge
    1       0.09520437
    2      -0.09922214
    3       0.19183364
    4       0.31024100
    5       0.30962312
    6       0.19232002

Nr. of electrons (up):     12.00000000
Atom populations (up)
 Atom       Population
    1       3.90479563
    2       5.09922214
    3       0.80816636
    4       0.68975900
    5       0.69037688
    6       0.80767998

l-shell populations (up)
 Atom Sh.   l       Population
    1   1   0       1.17411229
    1   2   1       2.73068334
    2   1   0       1.37715910
    2   2   1       3.72206304
    3   1   0       0.80816636
    4   1   0       0.68975900
    5   1   0       0.69037688
    6   1   0       0.80767998

Orbital populations (up)
 Atom Sh.   l   m       Population  Label
    1   1   0   0       1.17411229  s
    1   2   1  -1       0.84863464  p_y
    1   2   1   0       0.89561727  p_z
    1   2   1   1       0.98643143  p_x
    2   1   0   0       1.37715910  s
    2   2   1  -1       1.09330526  p_y
    2   2   1   0       1.12524155  p_z
    2   2   1   1       1.50351623  p_x
    3   1   0   0       0.80816636  s
    4   1   0   0       0.68975900  s
    5   1   0   0       0.69037688  s
    6   1   0   0       0.80767998  s

Input / Output electrons (q):     12.0000000000

Energy H0:                          -6.5445451774 H         -178.0861 eV
Energy SCC:                          0.1361405362 H            3.7046 eV
Energy SPIN:                        -0.0000134447 H           -0.0004 eV
Energy Fock:                        -0.2084501867 H           -5.6722 eV
Total Electronic energy:            -6.6168682726 H         -180.0541 eV
Repulsive energy:                    0.1988651889 H            5.4114 eV

Excitation Energy:                   0.0000000000 H            0.0000 eV

Total energy:                       -6.4180261543 H         -174.6434 eV

SCC converged

Total Forces
    1     -0.001354001530      0.000464760560     -0.017075628899
    2      0.002340523919      0.001745360124      0.018669851793
    3      0.004892902400     -0.000851811703     -0.004153789403
    4      0.004201448177     -0.001163632992      0.001697365105
    5     -0.005812579853     -0.001274163341      0.003520980449
    6     -0.004268293113      0.001079487353     -0.002658779045

Maximal derivative component:        0.186699E-01 au


