 KPT            1  SPIN            1  KWEIGHT    1.0000000000000000     
     1   -29.672  2.00000
     2   -27.287  2.00000
     3   -25.381  2.00000
     4   -22.969  2.00000
     5   -21.486  2.00000
     6   -20.482  2.00000
     7   -19.299  2.00000
     8   -18.473  2.00000
     9   -17.845  2.00000
    10   -17.560  2.00000
    11   -17.046  2.00000
    12   -16.550  2.00000
    13   -15.720  2.00000
    14   -15.618  2.00000
    15   -15.030  2.00000
    16   -13.753  1.49998
    17    -9.882  0.50002
    18    -3.382  0.00000
    19    -1.011  0.00000
    20     7.048  0.00000
    21     9.098  0.00000
    22    12.240  0.00000
    23    12.967  0.00000
    24    13.456  0.00000
    25    14.229  0.00000
    26    17.432  0.00000
    27    21.791  0.00000
    28    23.126  0.00000
    29    25.234  0.00000
    30    31.951  0.00000
    31    39.080  0.00000
    32    48.837  0.00000

