REKS do not use any electronic distribution function

Calculation with static geometry

********************************************************************************************
  iSCC       reks energy        Diff energy         x_a       SCC error   
   52      -16.4393494735      -0.0000000000     0.999983    0.00000092
********************************************************************************************

 SA-REKS optimizes the avergaed state, not individual states
 These charges do not mean the charges for individual states
 Similarly to this, the values in band.out file indicate
 the band energies and occupations for the averaged state
 If you want to compute the relaxed density,
 please, set 'RelaxedDensity = Yes' option

 Total charge:     1.00000000

 Atomic gross charges (e)
 Atom           Charge
    1      -0.01502316
    2      -0.00731837
    3       0.09856366
    4       0.11054218
    5       0.11139671
    6       0.04938398
    7      -0.10199448
    8       0.10034501
    9       0.07328971
   10       0.17011724
   11       0.11087242
   12      -0.20506861
   13       0.25613958
   14       0.24875411

Nr. of electrons (up):     32.00000000
Atom populations (up)
 Atom       Population
    1       4.01502316
    2       4.00731837
    3       0.90143634
    4       0.88945782
    5       0.88860329
    6       3.95061602
    7       4.10199448
    8       0.89965499
    9       0.92671029
   10       3.82988276
   11       0.88912758
   12       5.20506861
   13       0.74386042
   14       0.75124589

l-shell populations (up)
 Atom Sh.   l       Population
    1   1   0       1.21011750
    1   2   1       2.80490566
    2   1   0       1.14812544
    2   2   1       2.85919293
    3   1   0       0.90143634
    4   1   0       0.88945782
    5   1   0       0.88860329
    6   1   0       1.17173702
    6   2   1       2.77887900
    7   1   0       1.17461968
    7   2   1       2.92737480
    8   1   0       0.89965499
    9   1   0       0.92671029
   10   1   0       1.15633440
   10   2   1       2.67354835
   11   1   0       0.88912758
   12   1   0       1.40440147
   12   2   1       3.80066714
   13   1   0       0.74386042
   14   1   0       0.75124589

Orbital populations (up)
 Atom Sh.   l   m       Population  Label
    1   1   0   0       1.21011750  s
    1   2   1  -1       0.83018325  p_y
    1   2   1   0       0.99543162  p_z
    1   2   1   1       0.97929079  p_x
    2   1   0   0       1.14812544  s
    2   2   1  -1       0.95105919  p_y
    2   2   1   0       0.95004348  p_z
    2   2   1   1       0.95809026  p_x
    3   1   0   0       0.90143634  s
    4   1   0   0       0.88945782  s
    5   1   0   0       0.88860329  s
    6   1   0   0       1.17173702  s
    6   2   1  -1       0.89991070  p_y
    6   2   1   0       0.97676443  p_z
    6   2   1   1       0.90220387  p_x
    7   1   0   0       1.17461968  s
    7   2   1  -1       1.00998981  p_y
    7   2   1   0       0.97301449  p_z
    7   2   1   1       0.94437050  p_x
    8   1   0   0       0.89965499  s
    9   1   0   0       0.92671029  s
   10   1   0   0       1.15633440  s
   10   2   1  -1       0.85721456  p_y
   10   2   1   0       0.94167279  p_z
   10   2   1   1       0.87466100  p_x
   11   1   0   0       0.88912758  s
   12   1   0   0       1.40440147  s
   12   2   1  -1       1.44238690  p_y
   12   2   1   0       1.20499759  p_z
   12   2   1   1       1.15328266  p_x
   13   1   0   0       0.74386042  s
   14   1   0   0       0.75124589  s

Input / Output electrons (q):     32.0000000000

Energy H0:                         -16.3700383149 H         -445.4514 eV
Energy SCC:                          0.0991990667 H            2.6993 eV
Energy SPIN:                        -0.0000040597 H           -0.0001 eV
Energy Fock:                        -0.6659091005 H          -18.1203 eV
Total Electronic energy:           -16.9367524084 H         -460.8725 eV
Repulsive energy:                    0.4274452820 H           11.6314 eV

Excitation Energy:                   0.0000000000 H            0.0000 eV

Total energy:                      -16.5095752416 H         -449.2484 eV

SCC converged

Total Forces
    1     -0.133860851920     -0.013980290243     -0.015891503165
    2      0.077343580917     -0.010750915577     -0.002293439184
    3      0.009025088379     -0.000962837120      0.025282755794
    4      0.024052922740      0.006727736675     -0.015000539817
    5     -0.001929129374      0.001099515066      0.020181378923
    6      0.003150020566      0.033129530406      0.010300072022
    7      0.056144535790      0.017015400480      0.005554486851
    8     -0.012495802920     -0.017687235424     -0.023462948841
    9     -0.019825860423     -0.006320534465      0.009670557550
   10     -0.023088476974      0.004700385017     -0.010729007277
   11      0.004169498543     -0.016440802774     -0.025686908912
   12      0.043201342354      0.020350131861     -0.016863888574
   13     -0.028265278246      0.010007410977     -0.008730291473
   14      0.002378410568     -0.026887494880      0.047669276102

Maximal derivative component:        0.133861E+00 au


