REKS do not use any electronic distribution function

Calculation with static geometry

********************************************************************************************
  iSCC       reks energy        Diff energy         x_a       SCC error   
   58       -6.2860033729      -0.0000000000     0.999955    0.00000085
********************************************************************************************

 SA-REKS optimizes the avergaed state, not individual states
 These charges do not mean the charges for individual states
 Similarly to this, the values in band.out file indicate
 the band energies and occupations for the averaged state
 If you want to compute the relaxed density,
 please, set 'RelaxedDensity = Yes' option

 Total charge:     1.00000000

 Atomic gross charges (e)
 Atom           Charge
    1       0.11096032
    2      -0.11626094
    3       0.19201709
    4       0.31175288
    5       0.31284783
    6       0.18868281

Nr. of electrons (up):     12.00000000
Atom populations (up)
 Atom       Population
    1       3.88903968
    2       5.11626094
    3       0.80798291
    4       0.68824712
    5       0.68715217
    6       0.81131719

l-shell populations (up)
 Atom Sh.   l       Population
    1   1   0       1.18674087
    1   2   1       2.70229881
    2   1   0       1.38489199
    2   2   1       3.73136895
    3   1   0       0.80798291
    4   1   0       0.68824712
    5   1   0       0.68715217
    6   1   0       0.81131719

Orbital populations (up)
 Atom Sh.   l   m       Population  Label
    1   1   0   0       1.18674087  s
    1   2   1  -1       0.84808882  p_y
    1   2   1   0       0.89499715  p_z
    1   2   1   1       0.95921284  p_x
    2   1   0   0       1.38489199  s
    2   2   1  -1       1.08410411  p_y
    2   2   1   0       1.12925810  p_z
    2   2   1   1       1.51800675  p_x
    3   1   0   0       0.80798291  s
    4   1   0   0       0.68824712  s
    5   1   0   0       0.68715217  s
    6   1   0   0       0.81131719  s

Input / Output electrons (q):     12.0000000000

Energy H0:                          -6.5186387693 H         -177.3812 eV
Energy SCC:                          0.1345658665 H            3.6617 eV
Energy SPIN:                        -0.0000249945 H           -0.0007 eV
Energy Fock:                        -0.2080826704 H           -5.6622 eV
Total Electronic energy:            -6.5921805676 H         -179.3824 eV
Repulsive energy:                    0.1793762567 H            4.8811 eV

Excitation Energy:                   0.0000000000 H            0.0000 eV

Total energy:                       -6.4129964556 H         -174.5065 eV

SCC converged

Total Forces
    1      0.001645673737      0.003812412444      0.014529334872
    2     -0.004400002143      0.001819467814     -0.015953841471
    3     -0.011321636547      0.003755246590     -0.000308156992
    4     -0.009444252537     -0.004879726664      0.004788440963
    5      0.012432879714      0.000345238317      0.004254385387
    6      0.011087337775     -0.004852638501     -0.007310162758

Maximal derivative component:        0.159538E-01 au


