REKS do not use any electronic distribution function

Calculation with static geometry

********************************************************************************************
  iSCC       reks energy        Diff energy         x_a       SCC error   
   39       -6.1509021699      -0.0000000000     0.999942    0.00000088
********************************************************************************************

 SA-REKS optimizes the avergaed state, not individual states
 These charges do not mean the charges for individual states
 Similarly to this, the values in band.out file indicate
 the band energies and occupations for the averaged state
 If you want to compute the relaxed density,
 please, set 'RelaxedDensity = Yes' option

 Total charge:     1.00000000

 Atomic gross charges (e)
 Atom           Charge
    1       0.13912074
    2      -0.15948012
    3       0.18099241
    4       0.36190871
    5       0.32819015
    6       0.14926811

Nr. of electrons (up):     12.00000000
Atom populations (up)
 Atom       Population
    1       3.86087926
    2       5.15948012
    3       0.81900759
    4       0.63809129
    5       0.67180985
    6       0.85073189

l-shell populations (up)
 Atom Sh.   l       Population
    1   1   0       1.26519865
    1   2   1       2.59568060
    2   1   0       1.49414910
    2   2   1       3.66533102
    3   1   0       0.81900759
    4   1   0       0.63809129
    5   1   0       0.67180985
    6   1   0       0.85073189

Orbital populations (up)
 Atom Sh.   l   m       Population  Label
    1   1   0   0       1.26519865  s
    1   2   1  -1       0.87215730  p_y
    1   2   1   0       0.83046471  p_z
    1   2   1   1       0.89305860  p_x
    2   1   0   0       1.49414910  s
    2   2   1  -1       1.18721112  p_y
    2   2   1   0       1.15427480  p_z
    2   2   1   1       1.32384510  p_x
    3   1   0   0       0.81900759  s
    4   1   0   0       0.63809129  s
    5   1   0   0       0.67180985  s
    6   1   0   0       0.85073189  s

Input / Output electrons (q):     12.0000000000

Energy H0:                          -6.2029728136 H         -168.7915 eV
Energy SCC:                          0.1335882420 H            3.6351 eV
Energy SPIN:                        -0.0000253316 H           -0.0007 eV
Energy Fock:                        -0.2470955709 H           -6.7238 eV
Total Electronic energy:            -6.3165054740 H         -171.8809 eV
Repulsive energy:                    0.0823654668 H            2.2413 eV

Excitation Energy:                   0.0000000000 H            0.0000 eV

Total energy:                       -6.2359414667 H         -169.6886 eV

SCC converged

Total Forces
    1     -0.105425886854     -0.032419603761     -0.038700611472
    2      0.090980254720      0.032301374714     -0.042926648880
    3      0.002870236664     -0.010447169543      0.025860423203
    4     -0.066451707609     -0.057216929660     -0.029546788391
    5      0.004093600019      0.043320987737      0.005928771224
    6      0.073933503060      0.024461340513      0.079384854316

Maximal derivative component:        0.105426E+00 au


