 KPT            1  SPIN            1  KWEIGHT    1.0000000000000000     
     1   -29.391  2.00000
     2   -27.108  2.00000
     3   -25.511  2.00000
     4   -23.179  2.00000
     5   -21.426  2.00000
     6   -19.838  2.00000
     7   -19.217  2.00000
     8   -18.567  2.00000
     9   -18.000  2.00000
    10   -17.460  2.00000
    11   -16.967  2.00000
    12   -16.718  2.00000
    13   -15.642  2.00000
    14   -15.267  2.00000
    15   -14.459  2.00000
    16   -13.596  1.50000
    17   -10.265  0.50000
    18    -3.573  0.00000
    19    -2.803  0.00000
    20     7.977  0.00000
    21     9.294  0.00000
    22    13.209  0.00000
    23    14.408  0.00000
    24    17.385  0.00000
    25    17.745  0.00000
    26    19.288  0.00000
    27    19.461  0.00000
    28    23.371  0.00000
    29    24.015  0.00000
    30    24.897  0.00000
    31    28.945  0.00000
    32    42.914  0.00000

