REKS do not use any electronic distribution function

Calculation with static geometry

********************************************************************************************
  iSCC       reks energy        Diff energy         x_a       SCC error   
   86      -16.4296484298      -0.0000000000     0.999995    0.00000099
********************************************************************************************

 SA-REKS optimizes the avergaed state, not individual states
 These charges do not mean the charges for individual states
 Similarly to this, the values in band.out file indicate
 the band energies and occupations for the averaged state
 If you want to compute the relaxed density,
 please, set 'RelaxedDensity = Yes' option

 Total charge:     1.00000000

 Atomic gross charges (e)
 Atom           Charge
    1      -0.07896386
    2      -0.01312123
    3       0.13214335
    4       0.11725840
    5       0.14403869
    6       0.04312537
    7      -0.14616441
    8       0.11991862
    9       0.12233133
   10       0.20384942
   11       0.08359615
   12      -0.23187492
   13       0.24527527
   14       0.25858781

Nr. of electrons (up):     32.00000000
Atom populations (up)
 Atom       Population
    1       4.07896386
    2       4.01312123
    3       0.86785665
    4       0.88274160
    5       0.85596131
    6       3.95687463
    7       4.14616441
    8       0.88008138
    9       0.87766867
   10       3.79615058
   11       0.91640385
   12       5.23187492
   13       0.75472473
   14       0.74141219

l-shell populations (up)
 Atom Sh.   l       Population
    1   1   0       1.19621106
    1   2   1       2.88275280
    2   1   0       1.16759589
    2   2   1       2.84552534
    3   1   0       0.86785665
    4   1   0       0.88274160
    5   1   0       0.85596131
    6   1   0       1.20174234
    6   2   1       2.75513229
    7   1   0       1.17998616
    7   2   1       2.96617825
    8   1   0       0.88008138
    9   1   0       0.87766867
   10   1   0       1.14287875
   10   2   1       2.65327182
   11   1   0       0.91640385
   12   1   0       1.37887870
   12   2   1       3.85299623
   13   1   0       0.75472473
   14   1   0       0.74141219

Orbital populations (up)
 Atom Sh.   l   m       Population  Label
    1   1   0   0       1.19621106  s
    1   2   1  -1       0.99679862  p_y
    1   2   1   0       0.96385307  p_z
    1   2   1   1       0.92210112  p_x
    2   1   0   0       1.16759589  s
    2   2   1  -1       0.95095231  p_y
    2   2   1   0       0.94052816  p_z
    2   2   1   1       0.95404486  p_x
    3   1   0   0       0.86785665  s
    4   1   0   0       0.88274160  s
    5   1   0   0       0.85596131  s
    6   1   0   0       1.20174234  s
    6   2   1  -1       0.88079839  p_y
    6   2   1   0       0.93831057  p_z
    6   2   1   1       0.93602334  p_x
    7   1   0   0       1.17998616  s
    7   2   1  -1       1.05803117  p_y
    7   2   1   0       0.96143970  p_z
    7   2   1   1       0.94670738  p_x
    8   1   0   0       0.88008138  s
    9   1   0   0       0.87766867  s
   10   1   0   0       1.14287875  s
   10   2   1  -1       0.84284648  p_y
   10   2   1   0       0.99028218  p_z
   10   2   1   1       0.82014316  p_x
   11   1   0   0       0.91640385  s
   12   1   0   0       1.37887870  s
   12   2   1  -1       1.17715772  p_y
   12   2   1   0       1.25704717  p_z
   12   2   1   1       1.41879133  p_x
   13   1   0   0       0.75472473  s
   14   1   0   0       0.74141219  s

Input / Output electrons (q):     32.0000000000

Energy H0:                         -16.3168614493 H         -444.0044 eV
Energy SCC:                          0.0986730503 H            2.6850 eV
Energy SPIN:                        -0.0000010221 H           -0.0000 eV
Energy Fock:                        -0.6612964033 H          -17.9948 eV
Total Electronic energy:           -16.8794858243 H         -459.3142 eV
Repulsive energy:                    0.3904794054 H           10.6255 eV

Excitation Energy:                   0.0000000000 H            0.0000 eV

Total energy:                      -16.4893040466 H         -448.6968 eV

SCC converged

Total Forces
    1     -0.050937352036     -0.006484612035     -0.008184956642
    2      0.053006605938     -0.010307240292     -0.008629660403
    3      0.007658938588      0.004028962776     -0.015605606003
    4      0.009802301081      0.016959183679      0.014903471119
    5      0.018629832122     -0.010511731910     -0.014652937254
    6      0.041472357065      0.013515290742      0.028323846328
    7     -0.049947894438     -0.012978139539      0.013845147918
    8     -0.012101297537      0.017096554869      0.001734898133
    9      0.008895000110     -0.000175501216     -0.006715609115
   10     -0.012030492698     -0.008056683385     -0.008177219611
   11      0.012128822668      0.039929998725     -0.001919292502
   12     -0.029703458763     -0.020437794968      0.021920060958
   13      0.004811378599     -0.017507050611      0.018369293549
   14     -0.001684740699     -0.005071236832     -0.035211436474

Maximal derivative component:        0.530066E-01 au


