 KPT            1  SPIN            1  KWEIGHT    1.0000000000000000     
     1   -29.424  2.00000
     2   -27.308  2.00000
     3   -25.545  2.00000
     4   -23.101  2.00000
     5   -20.982  2.00000
     6   -20.474  2.00000
     7   -19.404  2.00000
     8   -18.617  2.00000
     9   -18.027  2.00000
    10   -17.348  2.00000
    11   -16.913  2.00000
    12   -16.208  2.00000
    13   -15.909  2.00000
    14   -15.675  2.00000
    15   -14.732  2.00000
    16   -13.381  1.49985
    17   -10.076  0.50015
    18    -3.976  0.00000
    19    -1.372  0.00000
    20     6.764  0.00000
    21     9.743  0.00000
    22    11.301  0.00000
    23    14.420  0.00000
    24    15.981  0.00000
    25    16.594  0.00000
    26    18.881  0.00000
    27    20.286  0.00000
    28    23.503  0.00000
    29    24.967  0.00000
    30    33.398  0.00000
    31    34.586  0.00000
    32    40.589  0.00000

