REKS do not use any electronic distribution function

Calculation with static geometry

********************************************************************************************
  iSCC       reks energy        Diff energy         x_a       SCC error   
   52       -6.2866284498      -0.0000000000     0.999968    0.00000095
********************************************************************************************

 SA-REKS optimizes the avergaed state, not individual states
 These charges do not mean the charges for individual states
 Similarly to this, the values in band.out file indicate
 the band energies and occupations for the averaged state
 If you want to compute the relaxed density,
 please, set 'RelaxedDensity = Yes' option

 Total charge:     1.00000000

 Atomic gross charges (e)
 Atom           Charge
    1       0.10310550
    2      -0.11087321
    3       0.19201041
    4       0.31127394
    5       0.31068162
    6       0.19380173

Nr. of electrons (up):     12.00000000
Atom populations (up)
 Atom       Population
    1       3.89689450
    2       5.11087321
    3       0.80798959
    4       0.68872606
    5       0.68931838
    6       0.80619827

l-shell populations (up)
 Atom Sh.   l       Population
    1   1   0       1.18545959
    1   2   1       2.71143491
    2   1   0       1.38283522
    2   2   1       3.72803799
    3   1   0       0.80798959
    4   1   0       0.68872606
    5   1   0       0.68931838
    6   1   0       0.80619827

Orbital populations (up)
 Atom Sh.   l   m       Population  Label
    1   1   0   0       1.18545959  s
    1   2   1  -1       0.84559284  p_y
    1   2   1   0       0.89432937  p_z
    1   2   1   1       0.97151270  p_x
    2   1   0   0       1.38283522  s
    2   2   1  -1       1.08956102  p_y
    2   2   1   0       1.12648652  p_z
    2   2   1   1       1.51199045  p_x
    3   1   0   0       0.80798959  s
    4   1   0   0       0.68872606  s
    5   1   0   0       0.68931838  s
    6   1   0   0       0.80619827  s

Input / Output electrons (q):     12.0000000000

Energy H0:                          -6.5253396932 H         -177.5635 eV
Energy SCC:                          0.1351728344 H            3.6782 eV
Energy SPIN:                        -0.0000182136 H           -0.0005 eV
Energy Fock:                        -0.2078192750 H           -5.6551 eV
Total Electronic energy:            -6.5980043475 H         -179.5408 eV
Repulsive energy:                    0.1817799244 H            4.9465 eV

Excitation Energy:                   0.0000000000 H            0.0000 eV

Total energy:                       -6.4162892632 H         -174.5961 eV

SCC converged

Total Forces
    1     -0.000890475467      0.002957973208      0.010390459489
    2      0.003635142630      0.000582510703     -0.014040235937
    3     -0.008322325492     -0.005893835321     -0.004611394766
    4     -0.008533570380      0.000070926520      0.004206672764
    5      0.005851504087     -0.002543245019      0.004321429880
    6      0.008259724622      0.004825669909     -0.000266931430

Maximal derivative component:        0.140402E-01 au


