REKS do not use any electronic distribution function

Calculation with static geometry

********************************************************************************************
  iSCC       reks energy        Diff energy         x_a       SCC error   
   53       -6.2842059537      -0.0000000000     0.999958    0.00000088
********************************************************************************************

 SA-REKS optimizes the avergaed state, not individual states
 These charges do not mean the charges for individual states
 Similarly to this, the values in band.out file indicate
 the band energies and occupations for the averaged state
 If you want to compute the relaxed density,
 please, set 'RelaxedDensity = Yes' option

 Total charge:     1.00000000

 Atomic gross charges (e)
 Atom           Charge
    1       0.11069538
    2      -0.10905384
    3       0.18485588
    4       0.31212971
    5       0.30927354
    6       0.19209934

Nr. of electrons (up):     12.00000000
Atom populations (up)
 Atom       Population
    1       3.88930462
    2       5.10905384
    3       0.81514412
    4       0.68787029
    5       0.69072646
    6       0.80790066

l-shell populations (up)
 Atom Sh.   l       Population
    1   1   0       1.17968831
    1   2   1       2.70961631
    2   1   0       1.38163176
    2   2   1       3.72742209
    3   1   0       0.81514412
    4   1   0       0.68787029
    5   1   0       0.69072646
    6   1   0       0.80790066

Orbital populations (up)
 Atom Sh.   l   m       Population  Label
    1   1   0   0       1.17968831  s
    1   2   1  -1       0.85410971  p_y
    1   2   1   0       0.89472509  p_z
    1   2   1   1       0.96078152  p_x
    2   1   0   0       1.38163176  s
    2   2   1  -1       1.08998974  p_y
    2   2   1   0       1.12787522  p_z
    2   2   1   1       1.50955713  p_x
    3   1   0   0       0.81514412  s
    4   1   0   0       0.68787029  s
    5   1   0   0       0.69072646  s
    6   1   0   0       0.80790066  s

Input / Output electrons (q):     12.0000000000

Energy H0:                          -6.5264610381 H         -177.5940 eV
Energy SCC:                          0.1349985015 H            3.6735 eV
Energy SPIN:                        -0.0000234018 H           -0.0006 eV
Energy Fock:                        -0.2089360899 H           -5.6854 eV
Total Electronic energy:            -6.6004220283 H         -179.6066 eV
Repulsive energy:                    0.1890312547 H            5.1438 eV

Excitation Energy:                   0.0000000000 H            0.0000 eV

Total energy:                       -6.4115869171 H         -174.4682 eV

SCC converged

Total Forces
    1     -0.002903380865      0.009121189115     -0.008008627666
    2      0.012438319694      0.000203420123      0.010220884771
    3     -0.010941189464     -0.000607376753     -0.010088767612
    4     -0.015641959726     -0.001683644089      0.000756137525
    5      0.006601454201     -0.005225222097      0.003785577548
    6      0.010446756160     -0.001808366299      0.003334795434

Maximal derivative component:        0.156420E-01 au


