REKS do not use any electronic distribution function

Calculation with static geometry

********************************************************************************************
  iSCC       reks energy        Diff energy         x_a       SCC error   
   40       -6.2868063703      -0.0000000000     0.999968    0.00000083
********************************************************************************************

 SA-REKS optimizes the avergaed state, not individual states
 These charges do not mean the charges for individual states
 Similarly to this, the values in band.out file indicate
 the band energies and occupations for the averaged state
 If you want to compute the relaxed density,
 please, set 'RelaxedDensity = Yes' option

 Total charge:     1.00000000

 Atomic gross charges (e)
 Atom           Charge
    1       0.11052390
    2      -0.10769309
    3       0.18631524
    4       0.31068547
    5       0.30833257
    6       0.19183591

Nr. of electrons (up):     12.00000000
Atom populations (up)
 Atom       Population
    1       3.88947610
    2       5.10769309
    3       0.81368476
    4       0.68931453
    5       0.69166743
    6       0.80816409

l-shell populations (up)
 Atom Sh.   l       Population
    1   1   0       1.17857094
    1   2   1       2.71090516
    2   1   0       1.38622715
    2   2   1       3.72146594
    3   1   0       0.81368476
    4   1   0       0.68931453
    5   1   0       0.69166743
    6   1   0       0.80816409

Orbital populations (up)
 Atom Sh.   l   m       Population  Label
    1   1   0   0       1.17857094  s
    1   2   1  -1       0.85845072  p_y
    1   2   1   0       0.88507713  p_z
    1   2   1   1       0.96737732  p_x
    2   1   0   0       1.38622715  s
    2   2   1  -1       1.10223588  p_y
    2   2   1   0       1.11505932  p_z
    2   2   1   1       1.50417074  p_x
    3   1   0   0       0.81368476  s
    4   1   0   0       0.68931453  s
    5   1   0   0       0.69166743  s
    6   1   0   0       0.80816409  s

Input / Output electrons (q):     12.0000000000

Energy H0:                          -6.5198056492 H         -177.4129 eV
Energy SCC:                          0.1354758124 H            3.6865 eV
Energy SPIN:                        -0.0000181450 H           -0.0005 eV
Energy Fock:                        -0.2083157131 H           -5.6686 eV
Total Electronic energy:            -6.5926636949 H         -179.3955 eV
Repulsive energy:                    0.1787754894 H            4.8647 eV

Excitation Energy:                   0.0000000000 H            0.0000 eV

Total energy:                       -6.4138937891 H         -174.5309 eV

SCC converged

Total Forces
    1     -0.006172643449     -0.010021750052     -0.011064083506
    2      0.028420797587      0.009289380594      0.004485186370
    3     -0.002499132517      0.003279789564      0.002781694156
    4     -0.013048652921     -0.000258065793     -0.006383933852
    5     -0.007954623464     -0.002202636247     -0.002063649307
    6      0.001254254763     -0.000086718066      0.012244786139

Maximal derivative component:        0.284208E-01 au


