REKS do not use any electronic distribution function

Calculation with static geometry

********************************************************************************************
  iSCC       reks energy        Diff energy         x_a       SCC error   
   33       -6.2208980188      -0.0000000000     0.999968    0.00000084
********************************************************************************************

 SA-REKS optimizes the avergaed state, not individual states
 These charges do not mean the charges for individual states
 Similarly to this, the values in band.out file indicate
 the band energies and occupations for the averaged state
 If you want to compute the relaxed density,
 please, set 'RelaxedDensity = Yes' option

 Total charge:     1.00000000

 Atomic gross charges (e)
 Atom           Charge
    1       0.08317768
    2      -0.12437994
    3       0.18638980
    4       0.31934322
    5       0.33721656
    6       0.19825269

Nr. of electrons (up):     12.00000000
Atom populations (up)
 Atom       Population
    1       3.91682232
    2       5.12437994
    3       0.81361020
    4       0.68065678
    5       0.66278344
    6       0.80174731

l-shell populations (up)
 Atom Sh.   l       Population
    1   1   0       1.19586514
    1   2   1       2.72095718
    2   1   0       1.43933088
    2   2   1       3.68504906
    3   1   0       0.81361020
    4   1   0       0.68065678
    5   1   0       0.66278344
    6   1   0       0.80174731

Orbital populations (up)
 Atom Sh.   l   m       Population  Label
    1   1   0   0       1.19586514  s
    1   2   1  -1       0.85536435  p_y
    1   2   1   0       0.91101149  p_z
    1   2   1   1       0.95458135  p_x
    2   1   0   0       1.43933088  s
    2   2   1  -1       1.06907454  p_y
    2   2   1   0       1.22290872  p_z
    2   2   1   1       1.39306580  p_x
    3   1   0   0       0.81361020  s
    4   1   0   0       0.68065678  s
    5   1   0   0       0.66278344  s
    6   1   0   0       0.80174731  s

Input / Output electrons (q):     12.0000000000

Energy H0:                          -6.4074879707 H         -174.3566 eV
Energy SCC:                          0.1319881091 H            3.5916 eV
Energy SPIN:                        -0.0000175151 H           -0.0005 eV
Energy Fock:                        -0.2273609805 H           -6.1868 eV
Total Electronic energy:            -6.5028783573 H         -176.9523 eV
Repulsive energy:                    0.1612744820 H            4.3885 eV

Excitation Energy:                   0.0000000000 H            0.0000 eV

Total energy:                       -6.3418339818 H         -172.5701 eV

SCC converged

Total Forces
    1      0.004489144031      0.064104436993     -0.086149003482
    2     -0.122202197355      0.033788611296      0.109763579815
    3      0.026025903895     -0.053990266568     -0.051693434044
    4      0.037486699088     -0.059062481702      0.009532344092
    5      0.038933268505      0.072133898080     -0.035381107563
    6      0.015267181836     -0.056974198100      0.053927621182

Maximal derivative component:        0.122202E+00 au


