 KPT            1  SPIN            1  KWEIGHT    1.0000000000000000     
     1   -29.684  2.00000
     2   -27.691  2.00000
     3   -25.113  2.00000
     4   -23.204  2.00000
     5   -21.435  2.00000
     6   -20.587  2.00000
     7   -19.417  2.00000
     8   -18.687  2.00000
     9   -18.564  2.00000
    10   -17.598  2.00000
    11   -17.126  2.00000
    12   -16.854  2.00000
    13   -15.980  2.00000
    14   -15.106  2.00000
    15   -14.775  2.00000
    16   -13.988  1.50000
    17    -9.451  0.50000
    18    -4.120  0.00000
    19    -3.073  0.00000
    20     4.905  0.00000
    21     8.612  0.00000
    22    11.061  0.00000
    23    13.170  0.00000
    24    13.877  0.00000
    25    14.301  0.00000
    26    16.879  0.00000
    27    18.669  0.00000
    28    19.024  0.00000
    29    21.428  0.00000
    30    33.740  0.00000
    31    40.020  0.00000
    32    44.536  0.00000

