REKS do not use any electronic distribution function

Calculation with static geometry

********************************************************************************************
  iSCC       reks energy        Diff energy         x_a       SCC error   
   92      -16.3670918109      -0.0000000000     1.000000    0.00000093
********************************************************************************************

 SA-REKS optimizes the avergaed state, not individual states
 These charges do not mean the charges for individual states
 Similarly to this, the values in band.out file indicate
 the band energies and occupations for the averaged state
 If you want to compute the relaxed density,
 please, set 'RelaxedDensity = Yes' option

 Total charge:     1.00000000

 Atomic gross charges (e)
 Atom           Charge
    1      -0.13098312
    2       0.00723200
    3       0.10053821
    4       0.12126970
    5       0.12791471
    6       0.06874267
    7      -0.05571423
    8       0.14028062
    9       0.12845011
   10       0.08092281
   11       0.11136493
   12      -0.21379129
   13       0.25879793
   14       0.25497495

Nr. of electrons (up):     32.00000000
Atom populations (up)
 Atom       Population
    1       4.13098312
    2       3.99276800
    3       0.89946179
    4       0.87873030
    5       0.87208529
    6       3.93125733
    7       4.05571423
    8       0.85971938
    9       0.87154989
   10       3.91907719
   11       0.88863507
   12       5.21379129
   13       0.74120207
   14       0.74502505

l-shell populations (up)
 Atom Sh.   l       Population
    1   1   0       1.19272909
    1   2   1       2.93825403
    2   1   0       1.17525754
    2   2   1       2.81751046
    3   1   0       0.89946179
    4   1   0       0.87873030
    5   1   0       0.87208529
    6   1   0       1.19045401
    6   2   1       2.74080331
    7   1   0       1.19167323
    7   2   1       2.86404100
    8   1   0       0.85971938
    9   1   0       0.87154989
   10   1   0       1.18428253
   10   2   1       2.73479466
   11   1   0       0.88863507
   12   1   0       1.38913359
   12   2   1       3.82465770
   13   1   0       0.74120207
   14   1   0       0.74502505

Orbital populations (up)
 Atom Sh.   l   m       Population  Label
    1   1   0   0       1.19272909  s
    1   2   1  -1       1.00674831  p_y
    1   2   1   0       0.98438825  p_z
    1   2   1   1       0.94711747  p_x
    2   1   0   0       1.17525754  s
    2   2   1  -1       0.91302612  p_y
    2   2   1   0       0.95905715  p_z
    2   2   1   1       0.94542719  p_x
    3   1   0   0       0.89946179  s
    4   1   0   0       0.87873030  s
    5   1   0   0       0.87208529  s
    6   1   0   0       1.19045401  s
    6   2   1  -1       0.97506254  p_y
    6   2   1   0       0.85574746  p_z
    6   2   1   1       0.90999331  p_x
    7   1   0   0       1.19167323  s
    7   2   1  -1       0.97614915  p_y
    7   2   1   0       0.94730531  p_z
    7   2   1   1       0.94058654  p_x
    8   1   0   0       0.85971938  s
    9   1   0   0       0.87154989  s
   10   1   0   0       1.18428253  s
   10   2   1  -1       0.93802154  p_y
   10   2   1   0       0.92932175  p_z
   10   2   1   1       0.86745137  p_x
   11   1   0   0       0.88863507  s
   12   1   0   0       1.38913359  s
   12   2   1  -1       1.50837755  p_y
   12   2   1   0       1.15857150  p_z
   12   2   1   1       1.15770865  p_x
   13   1   0   0       0.74120207  s
   14   1   0   0       0.74502505  s

Input / Output electrons (q):     32.0000000000

Energy H0:                         -16.2876053091 H         -443.2083 eV
Energy SCC:                          0.1192217087 H            3.2442 eV
Energy SPIN:                        -0.0000000001 H           -0.0000 eV
Energy Fock:                        -0.6761868045 H          -18.4000 eV
Total Electronic energy:           -16.8445704050 H         -458.3641 eV
Repulsive energy:                    0.4088626946 H           11.1257 eV

Excitation Energy:                   0.0000000000 H            0.0000 eV

Total energy:                      -16.4358142978 H         -447.2413 eV

SCC converged

Total Forces
    1     -0.012207365335     -0.037509423938     -0.038271384707
    2     -0.021207429071     -0.035645871456      0.044065481658
    3     -0.005939588720      0.016586082822     -0.006387588489
    4     -0.004074054902     -0.002189434395     -0.002100661397
    5     -0.005781218902      0.005731215322     -0.017998672753
    6     -0.011196673743     -0.003967297485     -0.019041214619
    7      0.079242988529      0.093553051475     -0.044392800823
    8      0.033649240686     -0.007891454686      0.000959948679
    9     -0.015455387125     -0.015950155260      0.034078875825
   10     -0.052420275143      0.013387168125      0.010813246603
   11      0.007668025544     -0.023594661251      0.038907481812
   12     -0.004076320762      0.015661051838     -0.023565913428
   13     -0.006272671237     -0.002563952851      0.029183114015
   14      0.018070730180     -0.015606318259     -0.006249912376

Maximal derivative component:        0.935531E-01 au


