 KPT            1  SPIN            1  KWEIGHT    1.0000000000000000     
     1   -29.755  2.00000
     2   -27.259  2.00000
     3   -25.327  2.00000
     4   -23.255  2.00000
     5   -20.935  2.00000
     6   -20.781  2.00000
     7   -19.470  2.00000
     8   -18.731  2.00000
     9   -18.132  2.00000
    10   -17.600  2.00000
    11   -16.963  2.00000
    12   -16.196  2.00000
    13   -15.810  2.00000
    14   -15.244  2.00000
    15   -15.193  2.00000
    16   -13.766  1.49998
    17   -10.854  0.50002
    18    -3.784  0.00000
    19    -2.071  0.00000
    20     7.402  0.00000
    21     9.346  0.00000
    22    11.938  0.00000
    23    14.101  0.00000
    24    14.604  0.00000
    25    15.357  0.00000
    26    16.032  0.00000
    27    21.281  0.00000
    28    24.006  0.00000
    29    25.217  0.00000
    30    26.657  0.00000
    31    33.353  0.00000
    32    41.494  0.00000

