 KPT            1  SPIN            1  KWEIGHT    1.0000000000000000     
     1   -29.727  2.00000
     2   -27.238  2.00000
     3   -25.432  2.00000
     4   -22.972  2.00000
     5   -21.181  2.00000
     6   -20.703  2.00000
     7   -19.231  2.00000
     8   -18.854  2.00000
     9   -18.014  2.00000
    10   -17.256  2.00000
    11   -17.187  2.00000
    12   -16.391  2.00000
    13   -15.841  2.00000
    14   -15.364  2.00000
    15   -14.926  2.00000
    16   -13.625  1.49992
    17    -9.961  0.50008
    18    -3.445  0.00000
    19    -1.018  0.00000
    20     6.683  0.00000
    21     9.449  0.00000
    22    10.879  0.00000
    23    12.946  0.00000
    24    14.341  0.00000
    25    16.175  0.00000
    26    17.161  0.00000
    27    18.641  0.00000
    28    20.634  0.00000
    29    28.357  0.00000
    30    33.864  0.00000
    31    41.118  0.00000
    32    44.795  0.00000

