REKS do not use any electronic distribution function

Calculation with static geometry

********************************************************************************************
  iSCC       reks energy        Diff energy         x_a       SCC error   
   65      -16.4331740070      -0.0000000000     0.999922    0.00000093
********************************************************************************************

 SA-REKS optimizes the avergaed state, not individual states
 These charges do not mean the charges for individual states
 Similarly to this, the values in band.out file indicate
 the band energies and occupations for the averaged state
 If you want to compute the relaxed density,
 please, set 'RelaxedDensity = Yes' option

 Total charge:     1.00000000

 Atomic gross charges (e)
 Atom           Charge
    1      -0.00328193
    2      -0.02311714
    3       0.09261511
    4       0.12216941
    5       0.11576002
    6       0.03591520
    7      -0.10986827
    8       0.08680760
    9       0.09251661
   10       0.20113138
   11       0.10462443
   12      -0.21074010
   13       0.24815774
   14       0.24730993

Nr. of electrons (up):     32.00000000
Atom populations (up)
 Atom       Population
    1       4.00328193
    2       4.02311714
    3       0.90738489
    4       0.87783059
    5       0.88423998
    6       3.96408480
    7       4.10986827
    8       0.91319240
    9       0.90748339
   10       3.79886862
   11       0.89537557
   12       5.21074010
   13       0.75184226
   14       0.75269007

l-shell populations (up)
 Atom Sh.   l       Population
    1   1   0       1.22489630
    1   2   1       2.77838562
    2   1   0       1.18883565
    2   2   1       2.83428148
    3   1   0       0.90738489
    4   1   0       0.87783059
    5   1   0       0.88423998
    6   1   0       1.18787099
    6   2   1       2.77621381
    7   1   0       1.14108920
    7   2   1       2.96877907
    8   1   0       0.91319240
    9   1   0       0.90748339
   10   1   0       1.12373238
   10   2   1       2.67513625
   11   1   0       0.89537557
   12   1   0       1.39025008
   12   2   1       3.82049002
   13   1   0       0.75184226
   14   1   0       0.75269007

Orbital populations (up)
 Atom Sh.   l   m       Population  Label
    1   1   0   0       1.22489630  s
    1   2   1  -1       0.89698183  p_y
    1   2   1   0       0.91769283  p_z
    1   2   1   1       0.96371096  p_x
    2   1   0   0       1.18883565  s
    2   2   1  -1       0.92597866  p_y
    2   2   1   0       0.95567833  p_z
    2   2   1   1       0.95262450  p_x
    3   1   0   0       0.90738489  s
    4   1   0   0       0.87783059  s
    5   1   0   0       0.88423998  s
    6   1   0   0       1.18787099  s
    6   2   1  -1       0.92776604  p_y
    6   2   1   0       0.89830722  p_z
    6   2   1   1       0.95014055  p_x
    7   1   0   0       1.14108920  s
    7   2   1  -1       0.95007219  p_y
    7   2   1   0       1.03120471  p_z
    7   2   1   1       0.98750216  p_x
    8   1   0   0       0.91319240  s
    9   1   0   0       0.90748339  s
   10   1   0   0       1.12373238  s
   10   2   1  -1       0.94725567  p_y
   10   2   1   0       0.86245242  p_z
   10   2   1   1       0.86542816  p_x
   11   1   0   0       0.89537557  s
   12   1   0   0       1.39025008  s
   12   2   1  -1       1.22478617  p_y
   12   2   1   0       1.49609418  p_z
   12   2   1   1       1.09960967  p_x
   13   1   0   0       0.75184226  s
   14   1   0   0       0.75269007  s

Input / Output electrons (q):     32.0000000000

Energy H0:                         -16.3533071889 H         -444.9961 eV
Energy SCC:                          0.0938332194 H            2.5533 eV
Energy SPIN:                        -0.0000155225 H           -0.0004 eV
Energy Fock:                        -0.6668461798 H          -18.1458 eV
Total Electronic energy:           -16.9263356718 H         -460.5890 eV
Repulsive energy:                    0.4242001917 H           11.5431 eV

Excitation Energy:                   0.0000000000 H            0.0000 eV

Total energy:                      -16.5031211935 H         -449.0728 eV

SCC converged

Total Forces
    1      0.009386650323      0.023282737618      0.003346275057
    2      0.011504609193      0.016548939586     -0.038367868496
    3      0.002652422286     -0.024192251234      0.023796939042
    4      0.002280423968     -0.012370037119     -0.002705789335
    5     -0.028622746933      0.019586448271     -0.017537324246
    6     -0.089673901498      0.028680035541     -0.005408347604
    7      0.013899398616     -0.124147984450      0.023883877650
    8     -0.006209140555     -0.040525154069      0.012814819316
    9      0.000642152537      0.023063327333     -0.007622545617
   10      0.066281279124      0.065253218018      0.001021453045
   11     -0.002442710858     -0.003943540900     -0.004303975441
   12      0.046952798545      0.040824392681      0.010473994539
   13     -0.017827156136     -0.018324936819     -0.005949422510
   14     -0.008824078611      0.006264805542      0.006557914599

Maximal derivative component:        0.124148E+00 au


