 KPT            1  SPIN            1  KWEIGHT    1.0000000000000000     
     1   -29.623  2.00000
     2   -27.051  2.00000
     3   -25.380  2.00000
     4   -23.294  2.00000
     5   -21.240  2.00000
     6   -20.071  2.00000
     7   -19.740  2.00000
     8   -18.571  2.00000
     9   -17.727  2.00000
    10   -17.483  2.00000
    11   -16.987  2.00000
    12   -16.167  2.00000
    13   -16.014  2.00000
    14   -15.299  2.00000
    15   -14.807  2.00000
    16   -13.701  1.50000
    17    -9.725  0.50000
    18    -4.305  0.00000
    19    -2.514  0.00000
    20     6.672  0.00000
    21     8.487  0.00000
    22    10.612  0.00000
    23    14.351  0.00000
    24    16.422  0.00000
    25    17.111  0.00000
    26    18.269  0.00000
    27    20.350  0.00000
    28    21.652  0.00000
    29    24.011  0.00000
    30    29.376  0.00000
    31    31.511  0.00000
    32    33.385  0.00000

