REKS do not use any electronic distribution function

Calculation with static geometry

********************************************************************************************
  iSCC       reks energy        Diff energy         x_a       SCC error   
   95      -16.4344009765      -0.0000000000     0.999999    0.00000096
********************************************************************************************

 SA-REKS optimizes the avergaed state, not individual states
 These charges do not mean the charges for individual states
 Similarly to this, the values in band.out file indicate
 the band energies and occupations for the averaged state
 If you want to compute the relaxed density,
 please, set 'RelaxedDensity = Yes' option

 Total charge:     1.00000000

 Atomic gross charges (e)
 Atom           Charge
    1      -0.03813046
    2      -0.03038351
    3       0.11482281
    4       0.11677258
    5       0.11233716
    6       0.03310658
    7      -0.08204328
    8       0.10581249
    9       0.12104882
   10       0.16001451
   11       0.10603128
   12      -0.21266764
   13       0.25367749
   14       0.23960116

Nr. of electrons (up):     32.00000000
Atom populations (up)
 Atom       Population
    1       4.03813046
    2       4.03038351
    3       0.88517719
    4       0.88322742
    5       0.88766284
    6       3.96689342
    7       4.08204328
    8       0.89418751
    9       0.87895118
   10       3.83998549
   11       0.89396872
   12       5.21266764
   13       0.74632251
   14       0.76039884

l-shell populations (up)
 Atom Sh.   l       Population
    1   1   0       1.20984005
    1   2   1       2.82829041
    2   1   0       1.19219748
    2   2   1       2.83818603
    3   1   0       0.88517719
    4   1   0       0.88322742
    5   1   0       0.88766284
    6   1   0       1.22306653
    6   2   1       2.74382689
    7   1   0       1.16867644
    7   2   1       2.91336684
    8   1   0       0.89418751
    9   1   0       0.87895118
   10   1   0       1.15073692
   10   2   1       2.68924857
   11   1   0       0.89396872
   12   1   0       1.37809117
   12   2   1       3.83457647
   13   1   0       0.74632251
   14   1   0       0.76039884

Orbital populations (up)
 Atom Sh.   l   m       Population  Label
    1   1   0   0       1.20984005  s
    1   2   1  -1       0.89774437  p_y
    1   2   1   0       0.97358788  p_z
    1   2   1   1       0.95695815  p_x
    2   1   0   0       1.19219748  s
    2   2   1  -1       0.92009990  p_y
    2   2   1   0       0.95973691  p_z
    2   2   1   1       0.95834921  p_x
    3   1   0   0       0.88517719  s
    4   1   0   0       0.88322742  s
    5   1   0   0       0.88766284  s
    6   1   0   0       1.22306653  s
    6   2   1  -1       0.94150949  p_y
    6   2   1   0       0.87538104  p_z
    6   2   1   1       0.92693636  p_x
    7   1   0   0       1.16867644  s
    7   2   1  -1       1.00517117  p_y
    7   2   1   0       0.99784446  p_z
    7   2   1   1       0.91035121  p_x
    8   1   0   0       0.89418751  s
    9   1   0   0       0.87895118  s
   10   1   0   0       1.15073692  s
   10   2   1  -1       0.86877522  p_y
   10   2   1   0       0.89135979  p_z
   10   2   1   1       0.92911355  p_x
   11   1   0   0       0.89396872  s
   12   1   0   0       1.37809117  s
   12   2   1  -1       1.11966722  p_y
   12   2   1   0       1.48497199  p_z
   12   2   1   1       1.22993726  p_x
   13   1   0   0       0.74632251  s
   14   1   0   0       0.76039884  s

Input / Output electrons (q):     32.0000000000

Energy H0:                         -16.3224438782 H         -444.1563 eV
Energy SCC:                          0.1056586637 H            2.8751 eV
Energy SPIN:                        -0.0000002999 H           -0.0000 eV
Energy Fock:                        -0.6571471487 H          -17.8819 eV
Total Electronic energy:           -16.8739326632 H         -459.1631 eV
Repulsive energy:                    0.3718590414 H           10.1188 eV

Excitation Energy:                   0.0000000000 H            0.0000 eV

Total energy:                      -16.5021636176 H         -449.0467 eV

SCC converged

Total Forces
    1      0.005458133831      0.024405206713      0.015928288980
    2      0.008905224949      0.044689963492      0.024398680205
    3      0.008627854451      0.001936890177      0.006722657412
    4      0.008805576648      0.010411953245     -0.002066400852
    5      0.007941251986     -0.021000850549     -0.017773267047
    6      0.008147155211     -0.053391348866     -0.053993574235
    7     -0.058845247087      0.044464187044      0.031553846159
    8      0.000331662687     -0.033381339697     -0.006794737840
    9     -0.004259122846     -0.035620806101     -0.004447606594
   10      0.068277393664      0.072367007902      0.056548730847
   11     -0.019560145351     -0.020981576710     -0.042159164839
   12     -0.062969989389     -0.045961290042     -0.010811329983
   13      0.023556263372      0.009159471664      0.012662396856
   14      0.005583987875      0.002902531728     -0.009768519068

Maximal derivative component:        0.723670E-01 au


