REKS do not use any electronic distribution function

Calculation with static geometry

********************************************************************************************
  iSCC       reks energy        Diff energy         x_a       SCC error   
   68       -6.2851345990      -0.0000000000     0.999926    0.00000099
********************************************************************************************

 SA-REKS optimizes the avergaed state, not individual states
 These charges do not mean the charges for individual states
 Similarly to this, the values in band.out file indicate
 the band energies and occupations for the averaged state
 If you want to compute the relaxed density,
 please, set 'RelaxedDensity = Yes' option

 Total charge:     1.00000000

 Atomic gross charges (e)
 Atom           Charge
    1       0.12511134
    2      -0.12338186
    3       0.18666039
    4       0.31339663
    5       0.31505775
    6       0.18315574

Nr. of electrons (up):     12.00000000
Atom populations (up)
 Atom       Population
    1       3.87488866
    2       5.12338186
    3       0.81333961
    4       0.68660337
    5       0.68494225
    6       0.81684426

l-shell populations (up)
 Atom Sh.   l       Population
    1   1   0       1.18514879
    1   2   1       2.68973987
    2   1   0       1.38581894
    2   2   1       3.73756292
    3   1   0       0.81333961
    4   1   0       0.68660337
    5   1   0       0.68494225
    6   1   0       0.81684426

Orbital populations (up)
 Atom Sh.   l   m       Population  Label
    1   1   0   0       1.18514879  s
    1   2   1  -1       0.85699585  p_y
    1   2   1   0       0.89553265  p_z
    1   2   1   1       0.93721137  p_x
    2   1   0   0       1.38581894  s
    2   2   1  -1       1.08370485  p_y
    2   2   1   0       1.13209281  p_z
    2   2   1   1       1.52176526  p_x
    3   1   0   0       0.81333961  s
    4   1   0   0       0.68660337  s
    5   1   0   0       0.68494225  s
    6   1   0   0       0.81684426  s

Input / Output electrons (q):     12.0000000000

Energy H0:                          -6.5147116760 H         -177.2743 eV
Energy SCC:                          0.1338275536 H            3.6416 eV
Energy SPIN:                        -0.0000389558 H           -0.0011 eV
Energy Fock:                        -0.2083523605 H           -5.6696 eV
Total Electronic energy:            -6.5892754386 H         -179.3033 eV
Repulsive energy:                    0.1814296988 H            4.9370 eV

Excitation Energy:                   0.0000000000 H            0.0000 eV

Total energy:                       -6.4084405099 H         -174.3825 eV

SCC converged

Total Forces
    1     -0.001739204915      0.002499542970      0.019698757697
    2      0.000970065266      0.001459288697     -0.017847618014
    3     -0.013755657852     -0.002884647833     -0.004180832291
    4     -0.016123999992     -0.004992736694      0.006890065949
    5      0.015703874303      0.002374830895      0.004148498353
    6      0.014944923191      0.001543721966     -0.008708871694

Maximal derivative component:        0.196988E-01 au


