REKS do not use any electronic distribution function

Calculation with static geometry

********************************************************************************************
  iSCC       reks energy        Diff energy         x_a       SCC error   
   31       -6.2819560609      -0.0000000000     0.999977    0.00000088
********************************************************************************************

 SA-REKS optimizes the avergaed state, not individual states
 These charges do not mean the charges for individual states
 Similarly to this, the values in band.out file indicate
 the band energies and occupations for the averaged state
 If you want to compute the relaxed density,
 please, set 'RelaxedDensity = Yes' option

 Total charge:     1.00000000

 Atomic gross charges (e)
 Atom           Charge
    1       0.10334238
    2      -0.09881942
    3       0.18561832
    4       0.30993909
    5       0.30709519
    6       0.19282444

Nr. of electrons (up):     12.00000000
Atom populations (up)
 Atom       Population
    1       3.89665762
    2       5.09881942
    3       0.81438168
    4       0.69006091
    5       0.69290481
    6       0.80717556

l-shell populations (up)
 Atom Sh.   l       Population
    1   1   0       1.17103158
    1   2   1       2.72562605
    2   1   0       1.38034278
    2   2   1       3.71847665
    3   1   0       0.81438168
    4   1   0       0.69006091
    5   1   0       0.69290481
    6   1   0       0.80717556

Orbital populations (up)
 Atom Sh.   l   m       Population  Label
    1   1   0   0       1.17103158  s
    1   2   1  -1       0.85876996  p_y
    1   2   1   0       0.89102594  p_z
    1   2   1   1       0.97583014  p_x
    2   1   0   0       1.38034278  s
    2   2   1  -1       1.10818503  p_y
    2   2   1   0       1.11741424  p_z
    2   2   1   1       1.49287738  p_x
    3   1   0   0       0.81438168  s
    4   1   0   0       0.69006091  s
    5   1   0   0       0.69290481  s
    6   1   0   0       0.80717556  s

Input / Output electrons (q):     12.0000000000

Energy H0:                          -6.5334083944 H         -177.7831 eV
Energy SCC:                          0.1359469940 H            3.6993 eV
Energy SPIN:                        -0.0000135422 H           -0.0004 eV
Energy Fock:                        -0.2099043160 H           -5.7118 eV
Total Electronic energy:            -6.6073792586 H         -179.7959 eV
Repulsive energy:                    0.1951777003 H            5.3111 eV

Excitation Energy:                   0.0000000000 H            0.0000 eV

Total energy:                       -6.4122098637 H         -174.4851 eV

SCC converged

Total Forces
    1     -0.010675087888     -0.007010371582     -0.041247611210
    2      0.033284381107     -0.009870855376      0.052229613741
    3      0.003480410095      0.002700093920     -0.003796835501
    4     -0.008684978136      0.007508924663     -0.008427730634
    5     -0.015920849573      0.004363260121     -0.006183803546
    6     -0.001483875604      0.002308948253      0.007426367151

Maximal derivative component:        0.522296E-01 au


