 KPT            1  SPIN            1  KWEIGHT    1.0000000000000000     
     1   -29.801  2.00000
     2   -27.307  2.00000
     3   -25.292  2.00000
     4   -23.182  2.00000
     5   -21.312  2.00000
     6   -20.303  2.00000
     7   -19.785  2.00000
     8   -18.706  2.00000
     9   -18.388  2.00000
    10   -17.152  2.00000
    11   -16.757  2.00000
    12   -16.658  2.00000
    13   -16.136  2.00000
    14   -15.452  2.00000
    15   -14.629  2.00000
    16   -13.638  1.49996
    17   -10.184  0.50004
    18    -4.183  0.00000
    19    -2.788  0.00000
    20     8.636  0.00000
    21     9.585  0.00000
    22    12.597  0.00000
    23    12.976  0.00000
    24    15.590  0.00000
    25    17.117  0.00000
    26    17.697  0.00000
    27    18.622  0.00000
    28    19.801  0.00000
    29    26.276  0.00000
    30    28.172  0.00000
    31    32.252  0.00000
    32    35.437  0.00000

