 Fermi distribution function

Calculation with static geometry


********************************************************************************
 iSCC Total electronic   Diff electronic      SCC error    
   12   -0.53493444E+01   -0.28796876E-09    0.18022462E-06
********************************************************************************

 Total charge:     1.00000000

 Atomic gross charges (e)
 Atom           Charge
    1       0.33269967
    2      -0.22180017
    3       0.15769966
    4       0.26864439
    5       0.30154770
    6       0.16120876

Nr. of electrons (up):     12.00000000
Atom populations (up)
 Atom       Population
    1       3.66730033
    2       5.22180017
    3       0.84230034
    4       0.73135561
    5       0.69845230
    6       0.83879124

l-shell populations (up)
 Atom Sh.   l       Population
    1   1   0       1.32934663
    1   2   1       2.33795370
    2   1   0       1.44925613
    2   2   1       3.77254404
    3   1   0       0.84230034
    4   1   0       0.73135561
    5   1   0       0.69845230
    6   1   0       0.83879124

Orbital populations (up)
 Atom Sh.   l   m       Population  Label
    1   1   0   0       1.32934663  s
    1   2   1  -1       0.52632763  p_y
    1   2   1   0       0.89308134  p_z
    1   2   1   1       0.91854473  p_x
    2   1   0   0       1.44925613  s
    2   2   1  -1       1.33991536  p_y
    2   2   1   0       1.11164538  p_z
    2   2   1   1       1.32098330  p_x
    3   1   0   0       0.84230034  s
    4   1   0   0       0.73135561  s
    5   1   0   0       0.69845230  s
    6   1   0   0       0.83879124  s

Fermi level:                        -0.4967744843 H          -13.5179 eV
Band energy:                        -8.7964474925 H         -239.3635 eV
TS:                                  0.0000000000 H            0.0000 eV
Band free energy (E-TS):            -8.7964474925 H         -239.3635 eV
Extrapolated E(0K):                 -8.7964474925 H         -239.3635 eV
Input / Output electrons (q):     12.0000000000     12.0000000000

Energy H0:                          -5.4847130486 H         -149.2466 eV
Energy SCC:                          0.1353686856 H            3.6836 eV
Total Electronic energy:            -5.3493443630 H         -145.5631 eV
Repulsive energy:                    0.1701183232 H            4.6292 eV
Total energy:                       -5.1792260398 H         -140.9339 eV
Extrapolated to 0:                  -5.1792260398 H         -140.9339 eV
Total Mermin free energy:           -5.1792260398 H         -140.9339 eV
Force related energy:               -5.1792260398 H         -140.9339 eV

SCC converged

Excitation Energy:                   0.0884605988 H            2.4071 eV

Total Forces
    1      0.007533463567     -0.007910063840      0.052791958093
    2     -0.006063890582     -0.006965245931     -0.056857259796
    3     -0.008753449657     -0.010426941199     -0.000074561425
    4     -0.008793932894      0.018079259580     -0.002997026668
    5      0.010749858828     -0.010262411054      0.002377537360
    6      0.005327950738      0.017485402444      0.004759352435

Maximal derivative component:        0.568573E-01 au


