 KPT            1  SPIN            1  KWEIGHT    1.0000000000000000     
     1   -29.745  2.00000
     2   -27.363  2.00000
     3   -25.431  2.00000
     4   -22.961  2.00000
     5   -21.148  2.00000
     6   -20.716  2.00000
     7   -19.521  2.00000
     8   -18.758  2.00000
     9   -18.066  2.00000
    10   -17.250  2.00000
    11   -17.213  2.00000
    12   -16.334  2.00000
    13   -15.828  2.00000
    14   -15.538  2.00000
    15   -15.190  2.00000
    16   -13.371  1.49999
    17   -10.889  0.50001
    18    -3.635  0.00000
    19    -2.056  0.00000
    20     7.668  0.00000
    21    10.645  0.00000
    22    12.699  0.00000
    23    14.020  0.00000
    24    15.710  0.00000
    25    15.878  0.00000
    26    17.329  0.00000
    27    19.076  0.00000
    28    22.904  0.00000
    29    28.316  0.00000
    30    34.264  0.00000
    31    35.645  0.00000
    32    40.887  0.00000

