REKS do not use any electronic distribution function

Calculation with static geometry

********************************************************************************************
  iSCC       reks energy        Diff energy         x_a       SCC error   
   47      -16.4375539355      -0.0000000000     0.999994    0.00000090
********************************************************************************************

 SA-REKS optimizes the avergaed state, not individual states
 These charges do not mean the charges for individual states
 Similarly to this, the values in band.out file indicate
 the band energies and occupations for the averaged state
 If you want to compute the relaxed density,
 please, set 'RelaxedDensity = Yes' option

 Total charge:     1.00000000

 Atomic gross charges (e)
 Atom           Charge
    1      -0.01212775
    2      -0.06918564
    3       0.10390881
    4       0.11882806
    5       0.09885632
    6       0.10498097
    7      -0.19368023
    8       0.10367374
    9       0.13619086
   10       0.23001863
   11       0.08827419
   12      -0.21060833
   13       0.24648891
   14       0.25438146

Nr. of electrons (up):     32.00000000
Atom populations (up)
 Atom       Population
    1       4.01212775
    2       4.06918564
    3       0.89609119
    4       0.88117194
    5       0.90114368
    6       3.89501903
    7       4.19368023
    8       0.89632626
    9       0.86380914
   10       3.76998137
   11       0.91172581
   12       5.21060833
   13       0.75351109
   14       0.74561854

l-shell populations (up)
 Atom Sh.   l       Population
    1   1   0       1.21872020
    1   2   1       2.79340755
    2   1   0       1.17552894
    2   2   1       2.89365670
    3   1   0       0.89609119
    4   1   0       0.88117194
    5   1   0       0.90114368
    6   1   0       1.19628845
    6   2   1       2.69873058
    7   1   0       1.18615328
    7   2   1       3.00752695
    8   1   0       0.89632626
    9   1   0       0.86380914
   10   1   0       1.13180044
   10   2   1       2.63818092
   11   1   0       0.91172581
   12   1   0       1.38720027
   12   2   1       3.82340806
   13   1   0       0.75351109
   14   1   0       0.74561854

Orbital populations (up)
 Atom Sh.   l   m       Population  Label
    1   1   0   0       1.21872020  s
    1   2   1  -1       0.96200870  p_y
    1   2   1   0       0.86383848  p_z
    1   2   1   1       0.96756036  p_x
    2   1   0   0       1.17552894  s
    2   2   1  -1       0.94527089  p_y
    2   2   1   0       0.99399775  p_z
    2   2   1   1       0.95438806  p_x
    3   1   0   0       0.89609119  s
    4   1   0   0       0.88117194  s
    5   1   0   0       0.90114368  s
    6   1   0   0       1.19628845  s
    6   2   1  -1       0.91940848  p_y
    6   2   1   0       0.81167369  p_z
    6   2   1   1       0.96764841  p_x
    7   1   0   0       1.18615328  s
    7   2   1  -1       0.95942461  p_y
    7   2   1   0       1.06260024  p_z
    7   2   1   1       0.98550210  p_x
    8   1   0   0       0.89632626  s
    9   1   0   0       0.86380914  s
   10   1   0   0       1.13180044  s
   10   2   1  -1       0.89478769  p_y
   10   2   1   0       0.88456273  p_z
   10   2   1   1       0.85883051  p_x
   11   1   0   0       0.91172581  s
   12   1   0   0       1.38720027  s
   12   2   1  -1       1.38429348  p_y
   12   2   1   0       1.30292200  p_z
   12   2   1   1       1.13619259  p_x
   13   1   0   0       0.75351109  s
   14   1   0   0       0.74561854  s

Input / Output electrons (q):     32.0000000000

Energy H0:                         -16.3243673407 H         -444.2086 eV
Energy SCC:                          0.0952559566 H            2.5920 eV
Energy SPIN:                        -0.0000012406 H           -0.0000 eV
Energy Fock:                        -0.6668421709 H          -18.1457 eV
Total Electronic energy:           -16.8959547955 H         -459.7623 eV
Repulsive energy:                    0.4175201793 H           11.3613 eV

Excitation Energy:                   0.0000000000 H            0.0000 eV

Total energy:                      -16.4864989075 H         -448.6205 eV

SCC converged

Total Forces
    1      0.003091330969     -0.008904390980      0.011532592987
    2     -0.010069453999      0.010106594897     -0.008155456375
    3      0.001634555844     -0.011127703887     -0.007059589155
    4     -0.002661655898      0.006888955719     -0.001511023445
    5     -0.014696882054      0.005019273472      0.010262940556
    6     -0.022023991236     -0.012921445461      0.044180382257
    7     -0.057643054543     -0.093612680826     -0.004958683649
    8      0.004054830636     -0.010213954422     -0.028946260983
    9      0.007737391267      0.031304533892      0.007095596542
   10      0.070985428095      0.106149402441     -0.009454545485
   11     -0.005860483898     -0.024423938537      0.008282982660
   12      0.032229456315      0.005530655058     -0.013077190340
   13      0.001875795993     -0.003712390709      0.003880718677
   14     -0.008653267492     -0.000082910655     -0.012072464246

Maximal derivative component:        0.106149E+00 au


