 Fermi distribution function

Calculation with static geometry


********************************************************************************
 iSCC Total electronic   Diff electronic      SCC error    
    9   -0.54449263E+01   -0.21049829E-12    0.10760492E-06
********************************************************************************

 Total charge:     1.00000000

 Atomic gross charges (e)
 Atom           Charge
    1       0.16770025
    2      -0.04201316
    3       0.15894365
    4       0.27899505
    5       0.26890130
    6       0.16747291

Nr. of electrons (up):     12.00000000
Atom populations (up)
 Atom       Population
    1       3.83229975
    2       5.04201316
    3       0.84105635
    4       0.72100495
    5       0.73109870
    6       0.83252709

l-shell populations (up)
 Atom Sh.   l       Population
    1   1   0       1.29503967
    1   2   1       2.53726009
    2   1   0       1.41746281
    2   2   1       3.62455035
    3   1   0       0.84105635
    4   1   0       0.72100495
    5   1   0       0.73109870
    6   1   0       0.83252709

Orbital populations (up)
 Atom Sh.   l   m       Population  Label
    1   1   0   0       1.29503967  s
    1   2   1  -1       0.61394972  p_y
    1   2   1   0       0.88027890  p_z
    1   2   1   1       1.04303146  p_x
    2   1   0   0       1.41746281  s
    2   2   1  -1       1.36866891  p_y
    2   2   1   0       1.10010549  p_z
    2   2   1   1       1.15577594  p_x
    3   1   0   0       0.84105635  s
    4   1   0   0       0.72100495  s
    5   1   0   0       0.73109870  s
    6   1   0   0       0.83252709  s

Fermi level:                        -0.4903057646 H          -13.3419 eV
Band energy:                        -8.9776495227 H         -244.2943 eV
TS:                                  0.0000000000 H            0.0000 eV
Band free energy (E-TS):            -8.9776495227 H         -244.2943 eV
Extrapolated E(0K):                 -8.9776495227 H         -244.2943 eV
Input / Output electrons (q):     12.0000000000     12.0000000000

Energy H0:                          -5.5789513994 H         -151.8110 eV
Energy SCC:                          0.1340251483 H            3.6470 eV
Total Electronic energy:            -5.4449262511 H         -148.1640 eV
Repulsive energy:                    0.1982339494 H            5.3942 eV
Total energy:                       -5.2466923017 H         -142.7698 eV
Extrapolated to 0:                  -5.2466923017 H         -142.7698 eV
Total Mermin free energy:           -5.2466923017 H         -142.7698 eV
Force related energy:               -5.2466923017 H         -142.7698 eV

SCC converged

Excitation Energy:                   0.1743694185 H            4.7448 eV

Total Forces
    1     -0.003213551910     -0.010561098917      0.000352890425
    2      0.017906470733      0.011250209561     -0.011550337491
    3      0.000408983627     -0.003729291022      0.001593957516
    4     -0.015703630968      0.001343693920     -0.001476667406
    5     -0.001712232219     -0.007309104464      0.009094180119
    6      0.002313960738      0.009005590921      0.001985976837

Maximal derivative component:        0.179065E-01 au


