REKS do not use any electronic distribution function

Calculation with static geometry

********************************************************************************************
  iSCC       reks energy        Diff energy         x_a       SCC error   
   46       -6.2866554832      -0.0000000000     0.999977    0.00000097
********************************************************************************************

 SA-REKS optimizes the avergaed state, not individual states
 These charges do not mean the charges for individual states
 Similarly to this, the values in band.out file indicate
 the band energies and occupations for the averaged state
 If you want to compute the relaxed density,
 please, set 'RelaxedDensity = Yes' option

 Total charge:     1.00000000

 Atomic gross charges (e)
 Atom           Charge
    1       0.09823119
    2      -0.10416256
    3       0.19233842
    4       0.31112614
    5       0.30926992
    6       0.19319689

Nr. of electrons (up):     12.00000000
Atom populations (up)
 Atom       Population
    1       3.90176881
    2       5.10416256
    3       0.80766158
    4       0.68887386
    5       0.69073008
    6       0.80680311

l-shell populations (up)
 Atom Sh.   l       Population
    1   1   0       1.17766733
    1   2   1       2.72410147
    2   1   0       1.38116821
    2   2   1       3.72299435
    3   1   0       0.80766158
    4   1   0       0.68887386
    5   1   0       0.69073008
    6   1   0       0.80680311

Orbital populations (up)
 Atom Sh.   l   m       Population  Label
    1   1   0   0       1.17766733  s
    1   2   1  -1       0.85070088  p_y
    1   2   1   0       0.89135132  p_z
    1   2   1   1       0.98204927  p_x
    2   1   0   0       1.38116821  s
    2   2   1  -1       1.09920129  p_y
    2   2   1   0       1.12307957  p_z
    2   2   1   1       1.50071349  p_x
    3   1   0   0       0.80766158  s
    4   1   0   0       0.68887386  s
    5   1   0   0       0.69073008  s
    6   1   0   0       0.80680311  s

Input / Output electrons (q):     12.0000000000

Energy H0:                          -6.5361857542 H         -177.8587 eV
Energy SCC:                          0.1357698443 H            3.6945 eV
Energy SPIN:                        -0.0000136930 H           -0.0004 eV
Energy Fock:                        -0.2076862929 H           -5.6514 eV
Total Electronic energy:            -6.6081158958 H         -179.8160 eV
Repulsive energy:                    0.1892771450 H            5.1505 eV

Excitation Energy:                   0.0000000000 H            0.0000 eV

Total energy:                       -6.4188414420 H         -174.6656 eV

SCC converged

Total Forces
    1     -0.002999581645     -0.001891039964      0.000886465556
    2      0.008924480239     -0.001778708677      0.002566395263
    3      0.001546325649     -0.000041820491     -0.002843972672
    4     -0.001174722589      0.002631461653     -0.001979037045
    5     -0.004748230834      0.000430147778      0.003131151526
    6     -0.001548270820      0.000649959701     -0.001761002628

Maximal derivative component:        0.892448E-02 au


