REKS do not use any electronic distribution function

Calculation with static geometry

********************************************************************************************
  iSCC       reks energy        Diff energy         x_a       SCC error   
   69       -6.2846207044      -0.0000000000     0.999922    0.00000096
********************************************************************************************

 SA-REKS optimizes the avergaed state, not individual states
 These charges do not mean the charges for individual states
 Similarly to this, the values in band.out file indicate
 the band energies and occupations for the averaged state
 If you want to compute the relaxed density,
 please, set 'RelaxedDensity = Yes' option

 Total charge:     1.00000000

 Atomic gross charges (e)
 Atom           Charge
    1       0.12769967
    2      -0.12139092
    3       0.18392943
    4       0.31489091
    5       0.31233213
    6       0.18253878

Nr. of electrons (up):     12.00000000
Atom populations (up)
 Atom       Population
    1       3.87230033
    2       5.12139092
    3       0.81607057
    4       0.68510909
    5       0.68766787
    6       0.81746122

l-shell populations (up)
 Atom Sh.   l       Population
    1   1   0       1.18236594
    1   2   1       2.68993439
    2   1   0       1.38303433
    2   2   1       3.73835659
    3   1   0       0.81607057
    4   1   0       0.68510909
    5   1   0       0.68766787
    6   1   0       0.81746122

Orbital populations (up)
 Atom Sh.   l   m       Population  Label
    1   1   0   0       1.18236594  s
    1   2   1  -1       0.92678271  p_y
    1   2   1   0       0.89678285  p_z
    1   2   1   1       0.86636883  p_x
    2   1   0   0       1.38303433  s
    2   2   1  -1       1.50097775  p_y
    2   2   1   0       1.13246930  p_z
    2   2   1   1       1.10490954  p_x
    3   1   0   0       0.81607057  s
    4   1   0   0       0.68510909  s
    5   1   0   0       0.68766787  s
    6   1   0   0       0.81746122  s

Input / Output electrons (q):     12.0000000000

Energy H0:                          -6.5183615485 H         -177.3736 eV
Energy SCC:                          0.1338511088 H            3.6423 eV
Energy SPIN:                        -0.0000408762 H           -0.0011 eV
Energy Fock:                        -0.2088304587 H           -5.6826 eV
Total Electronic energy:            -6.5933817746 H         -179.4150 eV
Repulsive energy:                    0.1866420781 H            5.0788 eV

Excitation Energy:                   0.0000000000 H            0.0000 eV

Total energy:                       -6.4074822235 H         -174.3565 eV

SCC converged

Total Forces
    1      0.001158474133     -0.003484694511      0.008098410289
    2     -0.002826777336      0.001453140714     -0.006476857242
    3      0.002705232015     -0.014160560403     -0.007624074270
    4      0.000268548664      0.017116727364      0.002614441838
    5     -0.001751527631     -0.017787506962      0.007854441076
    6      0.000446050155      0.016862893797     -0.004466361691

Maximal derivative component:        0.177875E-01 au


