REKS do not use any electronic distribution function

Calculation with static geometry

********************************************************************************************
  iSCC       reks energy        Diff energy         x_a       SCC error   
   95      -16.4238973178      -0.0000000000     1.000000    0.00000098
********************************************************************************************

 SA-REKS optimizes the avergaed state, not individual states
 These charges do not mean the charges for individual states
 Similarly to this, the values in band.out file indicate
 the band energies and occupations for the averaged state
 If you want to compute the relaxed density,
 please, set 'RelaxedDensity = Yes' option

 Total charge:     1.00000000

 Atomic gross charges (e)
 Atom           Charge
    1      -0.09835973
    2      -0.08228071
    3       0.12469541
    4       0.10445331
    5       0.12184254
    6       0.10303466
    7      -0.02344036
    8       0.12353660
    9       0.11335103
   10       0.12165158
   11       0.11762259
   12      -0.22341390
   13       0.25529062
   14       0.24201635

Nr. of electrons (up):     32.00000000
Atom populations (up)
 Atom       Population
    1       4.09835973
    2       4.08228071
    3       0.87530459
    4       0.89554669
    5       0.87815746
    6       3.89696534
    7       4.02344036
    8       0.87646340
    9       0.88664897
   10       3.87834842
   11       0.88237741
   12       5.22341390
   13       0.74470938
   14       0.75798365

l-shell populations (up)
 Atom Sh.   l       Population
    1   1   0       1.20243239
    1   2   1       2.89592734
    2   1   0       1.17921564
    2   2   1       2.90306507
    3   1   0       0.87530459
    4   1   0       0.89554669
    5   1   0       0.87815746
    6   1   0       1.21061692
    6   2   1       2.68634842
    7   1   0       1.18909776
    7   2   1       2.83434260
    8   1   0       0.87646340
    9   1   0       0.88664897
   10   1   0       1.15632886
   10   2   1       2.72201957
   11   1   0       0.88237741
   12   1   0       1.37237671
   12   2   1       3.85103719
   13   1   0       0.74470938
   14   1   0       0.75798365

Orbital populations (up)
 Atom Sh.   l   m       Population  Label
    1   1   0   0       1.20243239  s
    1   2   1  -1       0.98131614  p_y
    1   2   1   0       1.02095604  p_z
    1   2   1   1       0.89365516  p_x
    2   1   0   0       1.17921564  s
    2   2   1  -1       0.94454509  p_y
    2   2   1   0       0.93611872  p_z
    2   2   1   1       1.02240126  p_x
    3   1   0   0       0.87530459  s
    4   1   0   0       0.89554669  s
    5   1   0   0       0.87815746  s
    6   1   0   0       1.21061692  s
    6   2   1  -1       0.82986490  p_y
    6   2   1   0       0.90884313  p_z
    6   2   1   1       0.94764039  p_x
    7   1   0   0       1.18909776  s
    7   2   1  -1       0.90697880  p_y
    7   2   1   0       1.02236966  p_z
    7   2   1   1       0.90499414  p_x
    8   1   0   0       0.87646340  s
    9   1   0   0       0.88664897  s
   10   1   0   0       1.15632886  s
   10   2   1  -1       0.92280915  p_y
   10   2   1   0       0.85434740  p_z
   10   2   1   1       0.94486301  p_x
   11   1   0   0       0.88237741  s
   12   1   0   0       1.37237671  s
   12   2   1  -1       1.28286347  p_y
   12   2   1   0       1.25059560  p_z
   12   2   1   1       1.31757812  p_x
   13   1   0   0       0.74470938  s
   14   1   0   0       0.75798365  s

Input / Output electrons (q):     32.0000000000

Energy H0:                         -16.3132392547 H         -443.9058 eV
Energy SCC:                          0.1164762035 H            3.1695 eV
Energy SPIN:                        -0.0000000000 H           -0.0000 eV
Energy Fock:                        -0.6633454282 H          -18.0505 eV
Total Electronic energy:           -16.8601084793 H         -458.7869 eV
Repulsive energy:                    0.3681680710 H           10.0184 eV

Excitation Energy:                   0.0000000000 H            0.0000 eV

Total energy:                      -16.4919883231 H         -448.7698 eV

SCC converged

Total Forces
    1     -0.014032343642     -0.003864586026     -0.045572173779
    2     -0.008373540553      0.048753307878      0.018016072648
    3      0.003027142977      0.007139442354      0.002621905424
    4      0.006215176515     -0.014349910893      0.022658407467
    5     -0.000089448594     -0.016067316862      0.014623987824
    6      0.015739127964     -0.042683266931     -0.005712875414
    7      0.000308009543      0.063126241279      0.004699480258
    8      0.040645741301     -0.005796358815     -0.024879067969
    9      0.006459406434     -0.014196764691      0.000785758492
   10     -0.036344682929     -0.014599361066     -0.051586683902
   11      0.002225146821      0.030480671073     -0.001074012731
   12     -0.016500206412     -0.023994610996      0.053884114035
   13      0.026426838753     -0.022386985391      0.000348347458
   14     -0.025706368179      0.008439499087      0.011186740190

Maximal derivative component:        0.631262E-01 au


