REKS do not use any electronic distribution function

Calculation with static geometry

********************************************************************************************
  iSCC       reks energy        Diff energy         x_a       SCC error   
   39       -6.2851248664      -0.0000000000     0.999980    0.00000082
********************************************************************************************

 SA-REKS optimizes the avergaed state, not individual states
 These charges do not mean the charges for individual states
 Similarly to this, the values in band.out file indicate
 the band energies and occupations for the averaged state
 If you want to compute the relaxed density,
 please, set 'RelaxedDensity = Yes' option

 Total charge:     1.00000000

 Atomic gross charges (e)
 Atom           Charge
    1       0.09486798
    2      -0.09874695
    3       0.19425161
    4       0.30949192
    5       0.30947827
    6       0.19065717

Nr. of electrons (up):     12.00000000
Atom populations (up)
 Atom       Population
    1       3.90513202
    2       5.09874695
    3       0.80574839
    4       0.69050808
    5       0.69052173
    6       0.80934283

l-shell populations (up)
 Atom Sh.   l       Population
    1   1   0       1.17580352
    1   2   1       2.72932849
    2   1   0       1.37839269
    2   2   1       3.72035425
    3   1   0       0.80574839
    4   1   0       0.69050808
    5   1   0       0.69052173
    6   1   0       0.80934283

Orbital populations (up)
 Atom Sh.   l   m       Population  Label
    1   1   0   0       1.17580352  s
    1   2   1  -1       0.84800572  p_y
    1   2   1   0       0.89322212  p_z
    1   2   1   1       0.98810066  p_x
    2   1   0   0       1.37839269  s
    2   2   1  -1       1.09520757  p_y
    2   2   1   0       1.11953262  p_z
    2   2   1   1       1.50561407  p_x
    3   1   0   0       0.80574839  s
    4   1   0   0       0.69050808  s
    5   1   0   0       0.69052173  s
    6   1   0   0       0.80934283  s

Input / Output electrons (q):     12.0000000000

Energy H0:                          -6.5347170930 H         -177.8187 eV
Energy SCC:                          0.1358861244 H            3.6976 eV
Energy SPIN:                        -0.0000120142 H           -0.0003 eV
Energy Fock:                        -0.2088600987 H           -5.6834 eV
Total Electronic energy:            -6.6077030815 H         -179.8047 eV
Repulsive energy:                    0.1896527814 H            5.1607 eV

Excitation Energy:                   0.0000000000 H            0.0000 eV

Total energy:                       -6.4180560878 H         -174.6442 eV

SCC converged

Total Forces
    1      0.002482328013      0.008431008813     -0.026623663890
    2     -0.009396508702     -0.000378350284      0.031735206288
    3     -0.002989722712      0.003655453122      0.005560351494
    4      0.001397164058     -0.006569123764     -0.005430400469
    5      0.005674975377      0.000580534266     -0.002585799272
    6      0.002831763966     -0.005719522152     -0.002655694151

Maximal derivative component:        0.317352E-01 au


