 KPT            1  SPIN            1  KWEIGHT    1.0000000000000000     
     1   -29.906  2.00000
     2   -27.098  2.00000
     3   -25.689  2.00000
     4   -23.414  2.00000
     5   -21.663  2.00000
     6   -19.825  2.00000
     7   -19.787  2.00000
     8   -18.462  2.00000
     9   -18.245  2.00000
    10   -17.579  2.00000
    11   -17.163  2.00000
    12   -16.652  2.00000
    13   -16.019  2.00000
    14   -15.568  2.00000
    15   -15.012  2.00000
    16   -13.935  1.49998
    17   -10.273  0.50002
    18    -3.763  0.00000
    19    -1.985  0.00000
    20     4.777  0.00000
    21     5.866  0.00000
    22     8.452  0.00000
    23    11.261  0.00000
    24    13.545  0.00000
    25    15.785  0.00000
    26    17.453  0.00000
    27    20.527  0.00000
    28    21.416  0.00000
    29    23.841  0.00000
    30    29.446  0.00000
    31    33.880  0.00000
    32    37.013  0.00000

