REKS do not use any electronic distribution function

Calculation with static geometry

********************************************************************************************
  iSCC       reks energy        Diff energy         x_a       SCC error   
   61      -16.4277146408      -0.0000000000     0.999982    0.00000100
********************************************************************************************

 SA-REKS optimizes the avergaed state, not individual states
 These charges do not mean the charges for individual states
 Similarly to this, the values in band.out file indicate
 the band energies and occupations for the averaged state
 If you want to compute the relaxed density,
 please, set 'RelaxedDensity = Yes' option

 Total charge:     1.00000000

 Atomic gross charges (e)
 Atom           Charge
    1      -0.07882761
    2      -0.00658481
    3       0.10550265
    4       0.11782713
    5       0.11322488
    6       0.00430845
    7      -0.09181798
    8       0.12184247
    9       0.11683212
   10       0.18329381
   11       0.10547946
   12      -0.19369308
   13       0.26096535
   14       0.24164713

Nr. of electrons (up):     32.00000000
Atom populations (up)
 Atom       Population
    1       4.07882761
    2       4.00658481
    3       0.89449735
    4       0.88217287
    5       0.88677512
    6       3.99569155
    7       4.09181798
    8       0.87815753
    9       0.88316788
   10       3.81670619
   11       0.89452054
   12       5.19369308
   13       0.73903465
   14       0.75835287

l-shell populations (up)
 Atom Sh.   l       Population
    1   1   0       1.20215970
    1   2   1       2.87666791
    2   1   0       1.20696873
    2   2   1       2.79961608
    3   1   0       0.89449735
    4   1   0       0.88217287
    5   1   0       0.88677512
    6   1   0       1.19792037
    6   2   1       2.79777118
    7   1   0       1.17442068
    7   2   1       2.91739730
    8   1   0       0.87815753
    9   1   0       0.88316788
   10   1   0       1.15785124
   10   2   1       2.65885495
   11   1   0       0.89452054
   12   1   0       1.40518951
   12   2   1       3.78850357
   13   1   0       0.73903465
   14   1   0       0.75835287

Orbital populations (up)
 Atom Sh.   l   m       Population  Label
    1   1   0   0       1.20215970  s
    1   2   1  -1       0.97795072  p_y
    1   2   1   0       0.98197996  p_z
    1   2   1   1       0.91673723  p_x
    2   1   0   0       1.20696873  s
    2   2   1  -1       0.91348007  p_y
    2   2   1   0       0.91151381  p_z
    2   2   1   1       0.97462220  p_x
    3   1   0   0       0.89449735  s
    4   1   0   0       0.88217287  s
    5   1   0   0       0.88677512  s
    6   1   0   0       1.19792037  s
    6   2   1  -1       0.85917503  p_y
    6   2   1   0       1.00036370  p_z
    6   2   1   1       0.93823245  p_x
    7   1   0   0       1.17442068  s
    7   2   1  -1       1.03150269  p_y
    7   2   1   0       0.99976381  p_z
    7   2   1   1       0.88613080  p_x
    8   1   0   0       0.87815753  s
    9   1   0   0       0.88316788  s
   10   1   0   0       1.15785124  s
   10   2   1  -1       0.86744760  p_y
   10   2   1   0       0.84142591  p_z
   10   2   1   1       0.94998143  p_x
   11   1   0   0       0.89452054  s
   12   1   0   0       1.40518951  s
   12   2   1  -1       1.40802581  p_y
   12   2   1   0       1.14592452  p_z
   12   2   1   1       1.23455324  p_x
   13   1   0   0       0.73903465  s
   14   1   0   0       0.75835287  s

Input / Output electrons (q):     32.0000000000

Energy H0:                         -16.3018851800 H         -443.5969 eV
Energy SCC:                          0.1032292713 H            2.8090 eV
Energy SPIN:                        -0.0000049129 H           -0.0001 eV
Energy Fock:                        -0.6590055588 H          -17.9325 eV
Total Electronic energy:           -16.8576663804 H         -458.7204 eV
Repulsive energy:                    0.3629601108 H            9.8766 eV

Excitation Energy:                   0.0000000000 H            0.0000 eV

Total energy:                      -16.4951642592 H         -448.8563 eV

SCC converged

Total Forces
    1     -0.027796373123     -0.047804188236      0.009163840574
    2      0.031378281005      0.009746950211      0.057209456032
    3      0.009274547896      0.017367115241     -0.004534838945
    4      0.007580611989      0.013509051979      0.000782032871
    5      0.023455839939      0.040408925338     -0.038023775925
    6      0.013167352735     -0.060974538329     -0.053918938575
    7      0.041164948476      0.005113766498     -0.055126036002
    8     -0.034581382274      0.019441074362      0.048791416217
    9     -0.008559676698     -0.004590693277      0.020063094132
   10     -0.026236721695      0.017422146194      0.000430302589
   11     -0.022742496748     -0.023010036624     -0.017030951113
   12     -0.034039542989     -0.027473375652     -0.041445957001
   13     -0.011202992262     -0.001023752104      0.029778516627
   14      0.039137603748      0.041867554399      0.043861838519

Maximal derivative component:        0.609745E-01 au


