REKS do not use any electronic distribution function

Calculation with static geometry

********************************************************************************************
  iSCC       reks energy        Diff energy         x_a       SCC error   
   32       -6.1662355621      -0.0000000000     1.000000    0.00000093
********************************************************************************************

 SA-REKS optimizes the avergaed state, not individual states
 These charges do not mean the charges for individual states
 Similarly to this, the values in band.out file indicate
 the band energies and occupations for the averaged state
 If you want to compute the relaxed density,
 please, set 'RelaxedDensity = Yes' option

 Total charge:     1.00000000

 Atomic gross charges (e)
 Atom           Charge
    1       0.31373377
    2      -0.24960074
    3       0.16643339
    4       0.29724914
    5       0.27534336
    6       0.19684107

Nr. of electrons (up):     12.00000000
Atom populations (up)
 Atom       Population
    1       3.68626623
    2       5.24960074
    3       0.83356661
    4       0.70275086
    5       0.72465664
    6       0.80315893

l-shell populations (up)
 Atom Sh.   l       Population
    1   1   0       1.42890531
    1   2   1       2.25736092
    2   1   0       1.50558288
    2   2   1       3.74401786
    3   1   0       0.83356661
    4   1   0       0.70275086
    5   1   0       0.72465664
    6   1   0       0.80315893

Orbital populations (up)
 Atom Sh.   l   m       Population  Label
    1   1   0   0       1.42890531  s
    1   2   1  -1       0.51512774  p_y
    1   2   1   0       0.73791488  p_z
    1   2   1   1       1.00431830  p_x
    2   1   0   0       1.50558288  s
    2   2   1  -1       1.40244428  p_y
    2   2   1   0       1.05421264  p_z
    2   2   1   1       1.28736094  p_x
    3   1   0   0       0.83356661  s
    4   1   0   0       0.70275086  s
    5   1   0   0       0.72465664  s
    6   1   0   0       0.80315893  s

Input / Output electrons (q):     12.0000000000

Energy H0:                          -6.1922580837 H         -168.4999 eV
Energy SCC:                          0.1677732800 H            4.5653 eV
Energy SPIN:                        -0.0000000000 H           -0.0000 eV
Energy Fock:                        -0.2222922636 H           -6.0489 eV
Total Electronic energy:            -6.2467770673 H         -169.9835 eV
Repulsive energy:                    0.1021392895 H            2.7794 eV

Excitation Energy:                   0.0000000000 H            0.0000 eV

Total energy:                       -6.2027164349 H         -168.7845 eV

SCC converged

Total Forces
    1      0.049717235756      0.061806155813      0.052503306041
    2      0.033708434079     -0.039798448395     -0.139596735550
    3     -0.071002413461     -0.040073388095      0.025701494103
    4      0.021507195508     -0.015615062259     -0.000991210805
    5     -0.064381912980      0.041314746731      0.023346492666
    6      0.030451461099     -0.007634003795      0.039036653545

Maximal derivative component:        0.139597E+00 au


