REKS do not use any electronic distribution function

Calculation with static geometry

********************************************************************************************
  iSCC       reks energy        Diff energy         x_a       SCC error   
   60      -16.4271815000      -0.0000000000     1.000000    0.00000092
********************************************************************************************

 SA-REKS optimizes the avergaed state, not individual states
 These charges do not mean the charges for individual states
 Similarly to this, the values in band.out file indicate
 the band energies and occupations for the averaged state
 If you want to compute the relaxed density,
 please, set 'RelaxedDensity = Yes' option

 Total charge:     1.00000000

 Atomic gross charges (e)
 Atom           Charge
    1      -0.06033362
    2      -0.06028353
    3       0.12456297
    4       0.10098098
    5       0.10259457
    6       0.08618314
    7      -0.02839966
    8       0.11816402
    9       0.11633971
   10       0.11179669
   11       0.11138078
   12      -0.22717433
   13       0.26215472
   14       0.24203356

Nr. of electrons (up):     32.00000000
Atom populations (up)
 Atom       Population
    1       4.06033362
    2       4.06028353
    3       0.87543703
    4       0.89901902
    5       0.89740543
    6       3.91381686
    7       4.02839966
    8       0.88183598
    9       0.88366029
   10       3.88820331
   11       0.88861922
   12       5.22717433
   13       0.73784528
   14       0.75796644

l-shell populations (up)
 Atom Sh.   l       Population
    1   1   0       1.20394451
    1   2   1       2.85638912
    2   1   0       1.17724044
    2   2   1       2.88304309
    3   1   0       0.87543703
    4   1   0       0.89901902
    5   1   0       0.89740543
    6   1   0       1.20693357
    6   2   1       2.70688329
    7   1   0       1.19139341
    7   2   1       2.83700625
    8   1   0       0.88183598
    9   1   0       0.88366029
   10   1   0       1.15115925
   10   2   1       2.73704406
   11   1   0       0.88861922
   12   1   0       1.37992176
   12   2   1       3.84725258
   13   1   0       0.73784528
   14   1   0       0.75796644

Orbital populations (up)
 Atom Sh.   l   m       Population  Label
    1   1   0   0       1.20394451  s
    1   2   1  -1       0.95239178  p_y
    1   2   1   0       1.02933188  p_z
    1   2   1   1       0.87466546  p_x
    2   1   0   0       1.17724044  s
    2   2   1  -1       0.95769832  p_y
    2   2   1   0       0.93409612  p_z
    2   2   1   1       0.99124865  p_x
    3   1   0   0       0.87543703  s
    4   1   0   0       0.89901902  s
    5   1   0   0       0.89740543  s
    6   1   0   0       1.20693357  s
    6   2   1  -1       0.85507903  p_y
    6   2   1   0       0.91453088  p_z
    6   2   1   1       0.93727337  p_x
    7   1   0   0       1.19139341  s
    7   2   1  -1       0.91654300  p_y
    7   2   1   0       1.02208916  p_z
    7   2   1   1       0.89837408  p_x
    8   1   0   0       0.88183598  s
    9   1   0   0       0.88366029  s
   10   1   0   0       1.15115925  s
   10   2   1  -1       0.92309409  p_y
   10   2   1   0       0.88221301  p_z
   10   2   1   1       0.93173695  p_x
   11   1   0   0       0.88861922  s
   12   1   0   0       1.37992176  s
   12   2   1  -1       1.22980738  p_y
   12   2   1   0       1.31527249  p_z
   12   2   1   1       1.30217271  p_x
   13   1   0   0       0.73784528  s
   14   1   0   0       0.75796644  s

Input / Output electrons (q):     32.0000000000

Energy H0:                         -16.3022546601 H         -443.6069 eV
Energy SCC:                          0.1168150431 H            3.1787 eV
Energy SPIN:                        -0.0000000000 H           -0.0000 eV
Energy Fock:                        -0.6609824411 H          -17.9862 eV
Total Electronic energy:           -16.8464220582 H         -458.4145 eV
Repulsive energy:                    0.3563463996 H            9.6967 eV

Excitation Energy:                   0.0000000000 H            0.0000 eV

Total energy:                      -16.4900787161 H         -448.7179 eV

SCC converged

Total Forces
    1     -0.015964838983     -0.018642571146     -0.048228377687
    2      0.021200723278      0.048267030617      0.013209944942
    3      0.003348044091      0.012532768730      0.004371431839
    4      0.001286279638     -0.009760463228      0.021776122178
    5     -0.015999126050     -0.013232456505      0.025236680263
    6      0.039863187422     -0.027607739722     -0.003970319151
    7     -0.014623595161      0.035244911054     -0.033864017700
    8      0.033870623657     -0.006313989851     -0.021980270456
    9      0.008370730137      0.006587777593      0.020703126309
   10     -0.041622909321      0.001441102920     -0.043760030294
   11      0.017609642895      0.010154649920      0.003793454743
   12     -0.030105341989      0.007666086397      0.021528699081
   13      0.003556423931     -0.029208659165      0.015070190787
   14     -0.010789843545     -0.017128447614      0.026113365145

Maximal derivative component:        0.482670E-01 au


