REKS do not use any electronic distribution function

Calculation with static geometry

********************************************************************************************
  iSCC       reks energy        Diff energy         x_a       SCC error   
   32       -6.2193426469      -0.0000000000     1.000000    0.00000086
********************************************************************************************

 SA-REKS optimizes the avergaed state, not individual states
 These charges do not mean the charges for individual states
 Similarly to this, the values in band.out file indicate
 the band energies and occupations for the averaged state
 If you want to compute the relaxed density,
 please, set 'RelaxedDensity = Yes' option

 Total charge:     1.00000000

 Atomic gross charges (e)
 Atom           Charge
    1       0.26378946
    2      -0.14767757
    3       0.17313461
    4       0.29432723
    5       0.27222045
    6       0.14420583

Nr. of electrons (up):     12.00000000
Atom populations (up)
 Atom       Population
    1       3.73621054
    2       5.14767757
    3       0.82686539
    4       0.70567277
    5       0.72777955
    6       0.85579417

l-shell populations (up)
 Atom Sh.   l       Population
    1   1   0       1.32214685
    1   2   1       2.41406370
    2   1   0       1.48449179
    2   2   1       3.66318578
    3   1   0       0.82686539
    4   1   0       0.70567277
    5   1   0       0.72777955
    6   1   0       0.85579417

Orbital populations (up)
 Atom Sh.   l   m       Population  Label
    1   1   0   0       1.32214685  s
    1   2   1  -1       0.61559641  p_y
    1   2   1   0       0.80977808  p_z
    1   2   1   1       0.98868921  p_x
    2   1   0   0       1.48449179  s
    2   2   1  -1       1.37420265  p_y
    2   2   1   0       1.12420809  p_z
    2   2   1   1       1.16477504  p_x
    3   1   0   0       0.82686539  s
    4   1   0   0       0.70567277  s
    5   1   0   0       0.72777955  s
    6   1   0   0       0.85579417  s

Input / Output electrons (q):     12.0000000000

Energy H0:                          -6.1805234414 H         -168.1806 eV
Energy SCC:                          0.1496940766 H            4.0734 eV
Energy SPIN:                        -0.0690257207 H           -1.8783 eV
Energy Fock:                        -0.2452461969 H           -6.6735 eV
Total Electronic energy:            -6.3451012825 H         -172.6590 eV
Repulsive energy:                    0.1419494808 H            3.8626 eV

Excitation Energy:                   0.0893846490 H            2.4323 eV

Total energy:                       -6.1746503224 H         -168.0208 eV

SCC converged

Total Forces
    1      0.111909803020     -0.034818851674      0.009666797973
    2     -0.121811582968     -0.065147638395     -0.098929093758
    3     -0.021978797546      0.022997943551      0.003554729706
    4      0.018743637827     -0.016457591194      0.016486640199
    5      0.076063722240      0.102632829055      0.060235550028
    6     -0.062926782573     -0.009206691343      0.008985375852

Maximal derivative component:        0.121812E+00 au


