 KPT            1  SPIN            1  KWEIGHT    1.0000000000000000     
     1   -29.341  2.00000
     2   -27.192  2.00000
     3   -25.406  2.00000
     4   -23.145  2.00000
     5   -21.089  2.00000
     6   -20.387  2.00000
     7   -19.206  2.00000
     8   -18.506  2.00000
     9   -17.801  2.00000
    10   -17.345  2.00000
    11   -16.832  2.00000
    12   -16.553  2.00000
    13   -15.933  2.00000
    14   -15.283  2.00000
    15   -14.839  2.00000
    16   -13.253  1.49998
    17   -11.142  0.50002
    18    -4.254  0.00000
    19    -1.747  0.00000
    20     7.825  0.00000
    21     8.987  0.00000
    22    11.984  0.00000
    23    15.324  0.00000
    24    16.706  0.00000
    25    18.276  0.00000
    26    18.859  0.00000
    27    19.491  0.00000
    28    20.981  0.00000
    29    23.998  0.00000
    30    26.857  0.00000
    31    28.324  0.00000
    32    41.934  0.00000

