REKS do not use any electronic distribution function

Calculation with static geometry

********************************************************************************************
  iSCC       reks energy        Diff energy         x_a       SCC error   
   59      -16.4327528850      -0.0000000000     0.999983    0.00000087
********************************************************************************************

 SA-REKS optimizes the avergaed state, not individual states
 These charges do not mean the charges for individual states
 Similarly to this, the values in band.out file indicate
 the band energies and occupations for the averaged state
 If you want to compute the relaxed density,
 please, set 'RelaxedDensity = Yes' option

 Total charge:     1.00000000

 Atomic gross charges (e)
 Atom           Charge
    1      -0.03193507
    2      -0.04906132
    3       0.09793991
    4       0.12090603
    5       0.10815117
    6       0.10527405
    7      -0.18393495
    8       0.11013989
    9       0.13075270
   10       0.21373175
   11       0.11821040
   12      -0.24634199
   13       0.26855957
   14       0.23760787

Nr. of electrons (up):     32.00000000
Atom populations (up)
 Atom       Population
    1       4.03193507
    2       4.04906132
    3       0.90206009
    4       0.87909397
    5       0.89184883
    6       3.89472595
    7       4.18393495
    8       0.88986011
    9       0.86924730
   10       3.78626825
   11       0.88178960
   12       5.24634199
   13       0.73144043
   14       0.76239213

l-shell populations (up)
 Atom Sh.   l       Population
    1   1   0       1.20276721
    1   2   1       2.82916786
    2   1   0       1.16128570
    2   2   1       2.88777562
    3   1   0       0.90206009
    4   1   0       0.87909397
    5   1   0       0.89184883
    6   1   0       1.19123829
    6   2   1       2.70348766
    7   1   0       1.18143388
    7   2   1       3.00250107
    8   1   0       0.88986011
    9   1   0       0.86924730
   10   1   0       1.17082349
   10   2   1       2.61544476
   11   1   0       0.88178960
   12   1   0       1.41633442
   12   2   1       3.83000757
   13   1   0       0.73144043
   14   1   0       0.76239213

Orbital populations (up)
 Atom Sh.   l   m       Population  Label
    1   1   0   0       1.20276721  s
    1   2   1  -1       1.00435516  p_y
    1   2   1   0       0.85152616  p_z
    1   2   1   1       0.97328654  p_x
    2   1   0   0       1.16128570  s
    2   2   1  -1       0.94201592  p_y
    2   2   1   0       1.00621097  p_z
    2   2   1   1       0.93954872  p_x
    3   1   0   0       0.90206009  s
    4   1   0   0       0.87909397  s
    5   1   0   0       0.89184883  s
    6   1   0   0       1.19123829  s
    6   2   1  -1       0.87788463  p_y
    6   2   1   0       0.92313988  p_z
    6   2   1   1       0.90246314  p_x
    7   1   0   0       1.18143388  s
    7   2   1  -1       0.97994382  p_y
    7   2   1   0       1.08819034  p_z
    7   2   1   1       0.93436691  p_x
    8   1   0   0       0.88986011  s
    9   1   0   0       0.86924730  s
   10   1   0   0       1.17082349  s
   10   2   1  -1       0.96055710  p_y
   10   2   1   0       0.84320580  p_z
   10   2   1   1       0.81168186  p_x
   11   1   0   0       0.88178960  s
   12   1   0   0       1.41633442  s
   12   2   1  -1       1.31387117  p_y
   12   2   1   0       1.41646222  p_z
   12   2   1   1       1.09967418  p_x
   13   1   0   0       0.73144043  s
   14   1   0   0       0.76239213  s

Input / Output electrons (q):     32.0000000000

Energy H0:                         -16.2823958231 H         -443.0665 eV
Energy SCC:                          0.0932085036 H            2.5363 eV
Energy SPIN:                        -0.0000027193 H           -0.0001 eV
Energy Fock:                        -0.6589141138 H          -17.9300 eV
Total Electronic energy:           -16.8481041526 H         -458.4602 eV
Repulsive energy:                    0.3806119342 H           10.3570 eV

Excitation Energy:                   0.0000000000 H            0.0000 eV

Total energy:                      -16.4754651973 H         -448.3202 eV

SCC converged

Total Forces
    1     -0.047932811756      0.013891665466     -0.009897330659
    2      0.083918780960     -0.027883511305      0.008414015595
    3      0.004814581481     -0.013984456166      0.001792112967
    4      0.001165786744     -0.003832782107      0.004951713385
    5     -0.031093204630      0.007128094725     -0.000980326448
    6      0.051616023638     -0.005236905237     -0.000591602558
    7     -0.027741404250      0.056586432657     -0.007577300091
    8     -0.006801987491      0.037784417515      0.006331797733
    9      0.008111044531     -0.039603617660      0.016348511203
   10     -0.006187776046     -0.034775262113     -0.020721502255
   11      0.040862379499      0.007665102858     -0.006643608318
   12     -0.060684643046     -0.012827420242     -0.024458101161
   13     -0.015324226239      0.011748964948      0.013686595168
   14      0.005277456604      0.003339276661      0.019345025438

Maximal derivative component:        0.839188E-01 au


