REKS do not use any electronic distribution function

Calculation with static geometry

********************************************************************************************
  iSCC       reks energy        Diff energy         x_a       SCC error   
   50       -6.2835225577      -0.0000000000     0.999959    0.00000098
********************************************************************************************

 SA-REKS optimizes the avergaed state, not individual states
 These charges do not mean the charges for individual states
 Similarly to this, the values in band.out file indicate
 the band energies and occupations for the averaged state
 If you want to compute the relaxed density,
 please, set 'RelaxedDensity = Yes' option

 Total charge:     1.00000000

 Atomic gross charges (e)
 Atom           Charge
    1       0.11142647
    2      -0.10515457
    3       0.19145167
    4       0.30866396
    5       0.31049895
    6       0.18311352

Nr. of electrons (up):     12.00000000
Atom populations (up)
 Atom       Population
    1       3.88857353
    2       5.10515457
    3       0.80854833
    4       0.69133604
    5       0.68950105
    6       0.81688648

l-shell populations (up)
 Atom Sh.   l       Population
    1   1   0       1.17644538
    1   2   1       2.71212815
    2   1   0       1.37964797
    2   2   1       3.72550660
    3   1   0       0.80854833
    4   1   0       0.69133604
    5   1   0       0.68950105
    6   1   0       0.81688648

Orbital populations (up)
 Atom Sh.   l   m       Population  Label
    1   1   0   0       1.17644538  s
    1   2   1  -1       0.85680805  p_y
    1   2   1   0       0.89362506  p_z
    1   2   1   1       0.96169504  p_x
    2   1   0   0       1.37964797  s
    2   2   1  -1       1.09552830  p_y
    2   2   1   0       1.12656357  p_z
    2   2   1   1       1.50341473  p_x
    3   1   0   0       0.80854833  s
    4   1   0   0       0.69133604  s
    5   1   0   0       0.68950105  s
    6   1   0   0       0.81688648  s

Input / Output electrons (q):     12.0000000000

Energy H0:                          -6.5290712507 H         -177.6651 eV
Energy SCC:                          0.1352737581 H            3.6810 eV
Energy SPIN:                        -0.0000225548 H           -0.0006 eV
Energy Fock:                        -0.2094361412 H           -5.6990 eV
Total Electronic energy:            -6.6032561885 H         -179.6837 eV
Repulsive energy:                    0.1927167948 H            5.2441 eV

Excitation Energy:                   0.0000000000 H            0.0000 eV

Total energy:                       -6.4107342989 H         -174.4450 eV

SCC converged

Total Forces
    1      0.002278701610     -0.011368967917     -0.025512887269
    2     -0.017567884455     -0.004532740178      0.023042171768
    3     -0.009408619318      0.002501182554      0.006672176232
    4     -0.004050259777      0.005206969330      0.000627282290
    5      0.017129727591      0.005979684584      0.002447181369
    6      0.011618334348      0.002213871627     -0.007275924390

Maximal derivative component:        0.255129E-01 au


