REKS do not use any electronic distribution function

Calculation with static geometry

********************************************************************************************
  iSCC       reks energy        Diff energy         x_a       SCC error   
  239      -16.3966925471      -0.0000000000     1.000000    0.00000098
********************************************************************************************

 SA-REKS optimizes the avergaed state, not individual states
 These charges do not mean the charges for individual states
 Similarly to this, the values in band.out file indicate
 the band energies and occupations for the averaged state
 If you want to compute the relaxed density,
 please, set 'RelaxedDensity = Yes' option

 Total charge:     1.00000000

 Atomic gross charges (e)
 Atom           Charge
    1      -0.13883360
    2      -0.06053549
    3       0.09699725
    4       0.12143649
    5       0.14899576
    6       0.10342945
    7      -0.08182404
    8       0.12934350
    9       0.13436840
   10       0.15452464
   11       0.11248108
   12      -0.22830613
   13       0.26322792
   14       0.24469478

Nr. of electrons (up):     32.00000000
Atom populations (up)
 Atom       Population
    1       4.13883360
    2       4.06053549
    3       0.90300275
    4       0.87856351
    5       0.85100424
    6       3.89657055
    7       4.08182404
    8       0.87065650
    9       0.86563160
   10       3.84547536
   11       0.88751892
   12       5.22830613
   13       0.73677208
   14       0.75530522

l-shell populations (up)
 Atom Sh.   l       Population
    1   1   0       1.21037163
    1   2   1       2.92846197
    2   1   0       1.18646295
    2   2   1       2.87407254
    3   1   0       0.90300275
    4   1   0       0.87856351
    5   1   0       0.85100424
    6   1   0       1.17793143
    6   2   1       2.71863912
    7   1   0       1.18249391
    7   2   1       2.89933012
    8   1   0       0.87065650
    9   1   0       0.86563160
   10   1   0       1.16317442
   10   2   1       2.68230094
   11   1   0       0.88751892
   12   1   0       1.37721060
   12   2   1       3.85109554
   13   1   0       0.73677208
   14   1   0       0.75530522

Orbital populations (up)
 Atom Sh.   l   m       Population  Label
    1   1   0   0       1.21037163  s
    1   2   1  -1       1.01016758  p_y
    1   2   1   0       0.94818270  p_z
    1   2   1   1       0.97011169  p_x
    2   1   0   0       1.18646295  s
    2   2   1  -1       0.92133958  p_y
    2   2   1   0       0.97228954  p_z
    2   2   1   1       0.98044342  p_x
    3   1   0   0       0.90300275  s
    4   1   0   0       0.87856351  s
    5   1   0   0       0.85100424  s
    6   1   0   0       1.17793143  s
    6   2   1  -1       0.85568206  p_y
    6   2   1   0       0.94933467  p_z
    6   2   1   1       0.91362240  p_x
    7   1   0   0       1.18249391  s
    7   2   1  -1       1.01297759  p_y
    7   2   1   0       0.95137053  p_z
    7   2   1   1       0.93498201  p_x
    8   1   0   0       0.87065650  s
    9   1   0   0       0.86563160  s
   10   1   0   0       1.16317442  s
   10   2   1  -1       0.93975719  p_y
   10   2   1   0       0.90147295  p_z
   10   2   1   1       0.84107080  p_x
   11   1   0   0       0.88751892  s
   12   1   0   0       1.37721060  s
   12   2   1  -1       1.57428421  p_y
   12   2   1   0       1.18183463  p_z
   12   2   1   1       1.09497669  p_x
   13   1   0   0       0.73677208  s
   14   1   0   0       0.75530522  s

Input / Output electrons (q):     32.0000000000

Energy H0:                         -16.2756538255 H         -442.8831 eV
Energy SCC:                          0.1104842146 H            3.0064 eV
Energy SPIN:                        -0.0000000084 H           -0.0000 eV
Energy Fock:                        -0.6673848918 H          -18.1605 eV
Total Electronic energy:           -16.8325545111 H         -458.0371 eV
Repulsive energy:                    0.3576349944 H            9.7317 eV

Excitation Energy:                   0.0000000000 H            0.0000 eV

Total energy:                      -16.4755864549 H         -448.3235 eV

SCC converged

Total Forces
    1      0.035691580624     -0.030583410607     -0.042060417607
    2     -0.039797254000      0.013570376786      0.014176668998
    3      0.001202748276     -0.006192683785      0.001263289966
    4      0.001793534306     -0.000873608022     -0.007620930550
    5     -0.014606870456      0.009913693332      0.023846738241
    6      0.026271982639     -0.005547119930      0.048419196930
    7      0.066518492410      0.076633262794     -0.002794268317
    8     -0.010862877536     -0.000819496934     -0.006039645122
    9     -0.021955873967     -0.023902258393     -0.021330193760
   10     -0.028491401317     -0.005878221728      0.040789328430
   11      0.021661962388     -0.016246458824     -0.051418112315
   12     -0.039061334120     -0.015021182268     -0.018994799826
   13      0.000001402200      0.002738481190      0.008299812555
   14      0.001633908553      0.002208626391      0.013463332378

Maximal derivative component:        0.766333E-01 au


