 Fermi distribution function

Calculation with static geometry


********************************************************************************
 iSCC Total electronic   Diff electronic      SCC error    
    9   -0.54427256E+01   -0.33139713E-10    0.94159159E-06
********************************************************************************

 Total charge:     1.00000000

 Atomic gross charges (e)
 Atom           Charge
    1       0.25359566
    2      -0.13106390
    3       0.16168631
    4       0.30524955
    5       0.27240872
    6       0.13812364

Nr. of electrons (up):     12.00000000
Atom populations (up)
 Atom       Population
    1       3.74640434
    2       5.13106390
    3       0.83831369
    4       0.69475045
    5       0.72759128
    6       0.86187636

l-shell populations (up)
 Atom Sh.   l       Population
    1   1   0       1.27742323
    1   2   1       2.46898110
    2   1   0       1.40600863
    2   2   1       3.72505527
    3   1   0       0.83831369
    4   1   0       0.69475045
    5   1   0       0.72759128
    6   1   0       0.86187636

Orbital populations (up)
 Atom Sh.   l   m       Population  Label
    1   1   0   0       1.27742323  s
    1   2   1  -1       0.57026985  p_y
    1   2   1   0       0.89974303  p_z
    1   2   1   1       0.99896823  p_x
    2   1   0   0       1.40600863  s
    2   2   1  -1       1.32856095  p_y
    2   2   1   0       1.09912097  p_z
    2   2   1   1       1.29737335  p_x
    3   1   0   0       0.83831369  s
    4   1   0   0       0.69475045  s
    5   1   0   0       0.72759128  s
    6   1   0   0       0.86187636  s

Fermi level:                        -0.4791439282 H          -13.0382 eV
Band energy:                        -8.9591416163 H         -243.7906 eV
TS:                                  0.0000000000 H            0.0000 eV
Band free energy (E-TS):            -8.9591416163 H         -243.7906 eV
Extrapolated E(0K):                 -8.9591416163 H         -243.7906 eV
Input / Output electrons (q):     12.0000000000     12.0000000000

Energy H0:                          -5.5765475869 H         -151.7456 eV
Energy SCC:                          0.1338220111 H            3.6415 eV
Total Electronic energy:            -5.4427255758 H         -148.1041 eV
Repulsive energy:                    0.2273028668 H            6.1852 eV
Total energy:                       -5.2154227090 H         -141.9189 eV
Extrapolated to 0:                  -5.2154227090 H         -141.9189 eV
Total Mermin free energy:           -5.2154227090 H         -141.9189 eV
Force related energy:               -5.2154227090 H         -141.9189 eV

SCC converged

Excitation Energy:                   0.1202334429 H            3.2717 eV

Total Forces
    1      0.001372472202      0.005567545156     -0.056639565144
    2     -0.003974250457     -0.011497813042      0.045837515022
    3     -0.002708433368      0.014357525596      0.002800571379
    4     -0.006881694791     -0.008614691862      0.005992198190
    5      0.010974294207      0.014124977836      0.001005986556
    6      0.001217612206     -0.013937543684      0.001003293997

Maximal derivative component:        0.566396E-01 au


