REKS do not use any electronic distribution function

Calculation with static geometry

********************************************************************************************
  iSCC       reks energy        Diff energy         x_a       SCC error   
   33       -6.1870118481      -0.0000000000     1.000000    0.00000099
********************************************************************************************

 SA-REKS optimizes the avergaed state, not individual states
 These charges do not mean the charges for individual states
 Similarly to this, the values in band.out file indicate
 the band energies and occupations for the averaged state
 If you want to compute the relaxed density,
 please, set 'RelaxedDensity = Yes' option

 Total charge:     1.00000000

 Atomic gross charges (e)
 Atom           Charge
    1       0.22999984
    2      -0.18864954
    3       0.17124915
    4       0.31159502
    5       0.27467731
    6       0.20112822

Nr. of electrons (up):     12.00000000
Atom populations (up)
 Atom       Population
    1       3.77000016
    2       5.18864954
    3       0.82875085
    4       0.68840498
    5       0.72532269
    6       0.79887178

l-shell populations (up)
 Atom Sh.   l       Population
    1   1   0       1.41586249
    1   2   1       2.35413767
    2   1   0       1.56592272
    2   2   1       3.62272681
    3   1   0       0.82875085
    4   1   0       0.68840498
    5   1   0       0.72532269
    6   1   0       0.79887178

Orbital populations (up)
 Atom Sh.   l   m       Population  Label
    1   1   0   0       1.41586249  s
    1   2   1  -1       0.80547986  p_y
    1   2   1   0       0.80896247  p_z
    1   2   1   1       0.73969534  p_x
    2   1   0   0       1.56592272  s
    2   2   1  -1       1.22331976  p_y
    2   2   1   0       1.08061357  p_z
    2   2   1   1       1.31879348  p_x
    3   1   0   0       0.82875085  s
    4   1   0   0       0.68840498  s
    5   1   0   0       0.72532269  s
    6   1   0   0       0.79887178  s

Input / Output electrons (q):     12.0000000000

Energy H0:                          -6.1874820868 H         -168.3700 eV
Energy SCC:                          0.1614011010 H            4.3919 eV
Energy SPIN:                        -0.0000000000 H           -0.0000 eV
Energy Fock:                        -0.2157514895 H           -5.8709 eV
Total Electronic energy:            -6.2418324753 H         -169.8489 eV
Repulsive energy:                    0.0515260933 H            1.4021 eV

Excitation Energy:                   0.0000000000 H            0.0000 eV

Total energy:                       -6.2026704451 H         -168.7833 eV

SCC converged

Total Forces
    1      0.007843182223     -0.018651150969      0.068832169582
    2     -0.031348633746     -0.083749447510     -0.087078897587
    3     -0.030044461802     -0.017769875270      0.006409234826
    4      0.000979041157      0.046352029697     -0.042088096659
    5      0.006459784990      0.018774227419      0.015752252016
    6      0.046111087178      0.055044216634      0.038173337821

Maximal derivative component:        0.870789E-01 au


