REKS do not use any electronic distribution function

Calculation with static geometry

********************************************************************************************
  iSCC       reks energy        Diff energy         x_a       SCC error   
   52       -6.2878968701      -0.0000000000     0.999965    0.00000098
********************************************************************************************

 SA-REKS optimizes the avergaed state, not individual states
 These charges do not mean the charges for individual states
 Similarly to this, the values in band.out file indicate
 the band energies and occupations for the averaged state
 If you want to compute the relaxed density,
 please, set 'RelaxedDensity = Yes' option

 Total charge:     1.00000000

 Atomic gross charges (e)
 Atom           Charge
    1       0.10977078
    2      -0.11017128
    3       0.19113950
    4       0.31125452
    5       0.30896957
    6       0.18903692

Nr. of electrons (up):     12.00000000
Atom populations (up)
 Atom       Population
    1       3.89022922
    2       5.11017128
    3       0.80886050
    4       0.68874548
    5       0.69103043
    6       0.81096308

l-shell populations (up)
 Atom Sh.   l       Population
    1   1   0       1.17886049
    1   2   1       2.71136874
    2   1   0       1.38261856
    2   2   1       3.72755272
    3   1   0       0.80886050
    4   1   0       0.68874548
    5   1   0       0.69103043
    6   1   0       0.81096308

Orbital populations (up)
 Atom Sh.   l   m       Population  Label
    1   1   0   0       1.17886049  s
    1   2   1  -1       0.97114261  p_y
    1   2   1   0       0.88478261  p_z
    1   2   1   1       0.85544351  p_x
    2   1   0   0       1.38261856  s
    2   2   1  -1       1.51355326  p_y
    2   2   1   0       1.11757726  p_z
    2   2   1   1       1.09642220  p_x
    3   1   0   0       0.80886050  s
    4   1   0   0       0.68874548  s
    5   1   0   0       0.69103043  s
    6   1   0   0       0.81096308  s

Input / Output electrons (q):     12.0000000000

Energy H0:                          -6.5279900040 H         -177.6356 eV
Energy SCC:                          0.1350426110 H            3.6747 eV
Energy SPIN:                        -0.0000198454 H           -0.0005 eV
Energy Fock:                        -0.2071203426 H           -5.6360 eV
Total Electronic energy:            -6.6000875809 H         -179.5975 eV
Repulsive energy:                    0.1835460705 H            4.9945 eV

Excitation Energy:                   0.0000000000 H            0.0000 eV

Total energy:                       -6.4166009621 H         -174.6046 eV

SCC converged

Total Forces
    1      0.002076599923      0.003768771562      0.014436624426
    2     -0.003356670271     -0.009316197958     -0.011706982152
    3      0.002331344532      0.005635013284      0.001381391703
    4      0.002345962317     -0.003544954251     -0.003916188174
    5     -0.001017010364      0.010161267661      0.001422197210
    6     -0.002380226136     -0.006703900298     -0.001617043013

Maximal derivative component:        0.144366E-01 au


