REKS do not use any electronic distribution function

Calculation with static geometry

********************************************************************************************
  iSCC       reks energy        Diff energy         x_a       SCC error   
   58       -6.2856046961      -0.0000000000     0.999960    0.00000082
********************************************************************************************

 SA-REKS optimizes the avergaed state, not individual states
 These charges do not mean the charges for individual states
 Similarly to this, the values in band.out file indicate
 the band energies and occupations for the averaged state
 If you want to compute the relaxed density,
 please, set 'RelaxedDensity = Yes' option

 Total charge:     1.00000000

 Atomic gross charges (e)
 Atom           Charge
    1       0.10671273
    2      -0.11890259
    3       0.19421019
    4       0.31384672
    5       0.31304780
    6       0.19108515

Nr. of electrons (up):     12.00000000
Atom populations (up)
 Atom       Population
    1       3.89328727
    2       5.11890259
    3       0.80578981
    4       0.68615328
    5       0.68695220
    6       0.80891485

l-shell populations (up)
 Atom Sh.   l       Population
    1   1   0       1.19052415
    1   2   1       2.70276313
    2   1   0       1.38835254
    2   2   1       3.73055005
    3   1   0       0.80578981
    4   1   0       0.68615328
    5   1   0       0.68695220
    6   1   0       0.80891485

Orbital populations (up)
 Atom Sh.   l   m       Population  Label
    1   1   0   0       1.19052415  s
    1   2   1  -1       0.96177777  p_y
    1   2   1   0       0.89710935  p_z
    1   2   1   1       0.84387601  p_x
    2   1   0   0       1.38835254  s
    2   2   1  -1       1.51375028  p_y
    2   2   1   0       1.13301090  p_z
    2   2   1   1       1.08378888  p_x
    3   1   0   0       0.80578981  s
    4   1   0   0       0.68615328  s
    5   1   0   0       0.68695220  s
    6   1   0   0       0.80891485  s

Input / Output electrons (q):     12.0000000000

Energy H0:                          -6.5122713720 H         -177.2079 eV
Energy SCC:                          0.1344497648 H            3.6586 eV
Energy SPIN:                        -0.0000224668 H           -0.0006 eV
Energy Fock:                        -0.2080776610 H           -5.6621 eV
Total Electronic energy:            -6.5859217349 H         -179.2120 eV
Repulsive energy:                    0.1729170510 H            4.7053 eV

Excitation Energy:                   0.0000000000 H            0.0000 eV

Total energy:                       -6.4131370960 H         -174.5103 eV

SCC converged

Total Forces
    1     -0.010684940027      0.001753518715      0.023126323229
    2     -0.001461989180     -0.000600549537     -0.020902126773
    3     -0.005845231399     -0.010213700861     -0.002898387336
    4     -0.002832995750      0.010119299070      0.004783095198
    5      0.008842621627     -0.010209111620      0.003443013466
    6      0.011982534729      0.009150544233     -0.007551917783

Maximal derivative component:        0.231263E-01 au


