REKS do not use any electronic distribution function

Calculation with static geometry

********************************************************************************************
  iSCC       reks energy        Diff energy         x_a       SCC error   
   52       -6.1493836775      -0.0000000000     0.999091    0.00000095
********************************************************************************************

 SA-REKS optimizes the avergaed state, not individual states
 These charges do not mean the charges for individual states
 Similarly to this, the values in band.out file indicate
 the band energies and occupations for the averaged state
 If you want to compute the relaxed density,
 please, set 'RelaxedDensity = Yes' option

 Total charge:     1.00000000

 Atomic gross charges (e)
 Atom           Charge
    1       0.13095658
    2      -0.20497467
    3       0.14390710
    4       0.40435768
    5       0.34690179
    6       0.17885152

Nr. of electrons (up):     12.00000000
Atom populations (up)
 Atom       Population
    1       3.86904342
    2       5.20497467
    3       0.85609290
    4       0.59564232
    5       0.65309821
    6       0.82114848

l-shell populations (up)
 Atom Sh.   l       Population
    1   1   0       1.18681595
    1   2   1       2.68222747
    2   1   0       1.48828977
    2   2   1       3.71668489
    3   1   0       0.85609290
    4   1   0       0.59564232
    5   1   0       0.65309821
    6   1   0       0.82114848

Orbital populations (up)
 Atom Sh.   l   m       Population  Label
    1   1   0   0       1.18681595  s
    1   2   1  -1       0.88344181  p_y
    1   2   1   0       0.92167341  p_z
    1   2   1   1       0.87711225  p_x
    2   1   0   0       1.48828977  s
    2   2   1  -1       1.44903153  p_y
    2   2   1   0       1.24459384  p_z
    2   2   1   1       1.02305953  p_x
    3   1   0   0       0.85609290  s
    4   1   0   0       0.59564232  s
    5   1   0   0       0.65309821  s
    6   1   0   0       0.82114848  s

Input / Output electrons (q):     12.0000000000

Energy H0:                          -6.3427239150 H         -172.5943 eV
Energy SCC:                          0.1352159034 H            3.6794 eV
Energy SPIN:                        -0.0003348283 H           -0.0091 eV
Energy Fock:                        -0.2391999209 H           -6.5090 eV
Total Electronic energy:            -6.4470427608 H         -175.4330 eV
Repulsive energy:                    0.2124519966 H            5.7811 eV

Excitation Energy:                   0.0000000000 H            0.0000 eV

Total energy:                       -6.2372392558 H         -169.7239 eV

SCC converged

Total Forces
    1      0.100121476356      0.060069281249      0.079467922319
    2      0.091032975848      0.111878938563      0.029855651491
    3     -0.006193407812     -0.001217850505     -0.034790933413
    4     -0.101715101797     -0.012690219435      0.075455952426
    5      0.044325292581     -0.033857471587      0.000357186089
    6     -0.127571235177     -0.124182678285     -0.150345778913

Maximal derivative component:        0.150346E+00 au


