 KPT            1  SPIN            1  KWEIGHT    1.0000000000000000     
     1   -29.438  2.00000
     2   -27.217  2.00000
     3   -25.333  2.00000
     4   -23.124  2.00000
     5   -21.135  2.00000
     6   -20.396  2.00000
     7   -19.368  2.00000
     8   -18.614  2.00000
     9   -17.928  2.00000
    10   -17.284  2.00000
    11   -16.829  2.00000
    12   -16.343  2.00000
    13   -15.931  2.00000
    14   -15.557  2.00000
    15   -14.610  2.00000
    16   -13.356  1.50000
    17   -10.037  0.50000
    18    -4.696  0.00000
    19    -2.406  0.00000
    20     7.369  0.00000
    21    10.683  0.00000
    22    11.704  0.00000
    23    15.896  0.00000
    24    16.105  0.00000
    25    17.981  0.00000
    26    19.514  0.00000
    27    20.016  0.00000
    28    20.738  0.00000
    29    22.557  0.00000
    30    26.934  0.00000
    31    27.724  0.00000
    32    36.456  0.00000

