REKS do not use any electronic distribution function

Calculation with static geometry

********************************************************************************************
  iSCC       reks energy        Diff energy         x_a       SCC error   
   73      -16.4293617688      -0.0000000000     1.000000    0.00000097
********************************************************************************************

 SA-REKS optimizes the avergaed state, not individual states
 These charges do not mean the charges for individual states
 Similarly to this, the values in band.out file indicate
 the band energies and occupations for the averaged state
 If you want to compute the relaxed density,
 please, set 'RelaxedDensity = Yes' option

 Total charge:     1.00000000

 Atomic gross charges (e)
 Atom           Charge
    1      -0.00221230
    2      -0.03775801
    3       0.12346514
    4       0.10636172
    5       0.07528072
    6       0.05645650
    7      -0.06630844
    8       0.09175989
    9       0.12715635
   10       0.15709930
   11       0.09335331
   12      -0.22622201
   13       0.24281125
   14       0.25875658

Nr. of electrons (up):     32.00000000
Atom populations (up)
 Atom       Population
    1       4.00221230
    2       4.03775801
    3       0.87653486
    4       0.89363828
    5       0.92471928
    6       3.94354350
    7       4.06630844
    8       0.90824011
    9       0.87284365
   10       3.84290070
   11       0.90664669
   12       5.22622201
   13       0.75718875
   14       0.74124342

l-shell populations (up)
 Atom Sh.   l       Population
    1   1   0       1.22467392
    1   2   1       2.77753837
    2   1   0       1.19279070
    2   2   1       2.84496731
    3   1   0       0.87653486
    4   1   0       0.89363828
    5   1   0       0.92471928
    6   1   0       1.18855339
    6   2   1       2.75499011
    7   1   0       1.18080050
    7   2   1       2.88550794
    8   1   0       0.90824011
    9   1   0       0.87284365
   10   1   0       1.15546723
   10   2   1       2.68743347
   11   1   0       0.90664669
   12   1   0       1.39158571
   12   2   1       3.83463631
   13   1   0       0.75718875
   14   1   0       0.74124342

Orbital populations (up)
 Atom Sh.   l   m       Population  Label
    1   1   0   0       1.22467392  s
    1   2   1  -1       0.97744386  p_y
    1   2   1   0       0.86288729  p_z
    1   2   1   1       0.93720722  p_x
    2   1   0   0       1.19279070  s
    2   2   1  -1       0.97578551  p_y
    2   2   1   0       0.94393655  p_z
    2   2   1   1       0.92524525  p_x
    3   1   0   0       0.87653486  s
    4   1   0   0       0.89363828  s
    5   1   0   0       0.92471928  s
    6   1   0   0       1.18855339  s
    6   2   1  -1       0.95745724  p_y
    6   2   1   0       0.87149663  p_z
    6   2   1   1       0.92603624  p_x
    7   1   0   0       1.18080050  s
    7   2   1  -1       0.96040020  p_y
    7   2   1   0       0.97260661  p_z
    7   2   1   1       0.95250114  p_x
    8   1   0   0       0.90824011  s
    9   1   0   0       0.87284365  s
   10   1   0   0       1.15546723  s
   10   2   1  -1       0.90452113  p_y
   10   2   1   0       0.94803131  p_z
   10   2   1   1       0.83488103  p_x
   11   1   0   0       0.90664669  s
   12   1   0   0       1.39158571  s
   12   2   1  -1       1.41694300  p_y
   12   2   1   0       1.21337317  p_z
   12   2   1   1       1.20432014  p_x
   13   1   0   0       0.75718875  s
   14   1   0   0       0.74124342  s

Input / Output electrons (q):     32.0000000000

Energy H0:                         -16.3038433526 H         -443.6502 eV
Energy SCC:                          0.1109723131 H            3.0197 eV
Energy SPIN:                        -0.0000000781 H           -0.0000 eV
Energy Fock:                        -0.6550541150 H          -17.8249 eV
Total Electronic energy:           -16.8479252325 H         -458.4554 eV
Repulsive energy:                    0.3679773912 H           10.0132 eV

Excitation Energy:                   0.0000000000 H            0.0000 eV

Total energy:                      -16.4802337799 H         -448.4500 eV

SCC converged

Total Forces
    1      0.089188191299     -0.006315693220      0.039421233847
    2     -0.030461035411     -0.020092918954     -0.045489162424
    3     -0.006079877502      0.020604478107      0.002042818700
    4     -0.006365741314      0.005012098586      0.013616047176
    5     -0.010883121071      0.002161064793      0.000135610635
    6     -0.090427675649      0.010258185840      0.001825206378
    7      0.053427332025      0.060543334132     -0.020136401676
    8      0.022564402624     -0.033581737664     -0.015333999971
    9     -0.000139091554      0.000327328771      0.006021331295
   10      0.025121797850     -0.026458351179      0.032941500202
   11     -0.001685837079      0.008186009750     -0.012026959541
   12     -0.056141894934     -0.000383564450     -0.019485567598
   13     -0.002482922410     -0.000423500204      0.001819547032
   14      0.014365473124     -0.019836734310      0.014648795944

Maximal derivative component:        0.904277E-01 au


