REKS do not use any electronic distribution function

Calculation with static geometry

********************************************************************************************
  iSCC       reks energy        Diff energy         x_a       SCC error   
   34       -6.1560565148      -0.0000000000     0.999956    0.00000086
********************************************************************************************

 SA-REKS optimizes the avergaed state, not individual states
 These charges do not mean the charges for individual states
 Similarly to this, the values in band.out file indicate
 the band energies and occupations for the averaged state
 If you want to compute the relaxed density,
 please, set 'RelaxedDensity = Yes' option

 Total charge:     1.00000000

 Atomic gross charges (e)
 Atom           Charge
    1       0.08106980
    2      -0.07027440
    3       0.16370227
    4       0.30769750
    5       0.33973539
    6       0.17806945

Nr. of electrons (up):     12.00000000
Atom populations (up)
 Atom       Population
    1       3.91893020
    2       5.07027440
    3       0.83629773
    4       0.69230250
    5       0.66026461
    6       0.82193055

l-shell populations (up)
 Atom Sh.   l       Population
    1   1   0       1.11932278
    1   2   1       2.79960742
    2   1   0       1.42387300
    2   2   1       3.64640140
    3   1   0       0.83629773
    4   1   0       0.69230250
    5   1   0       0.66026461
    6   1   0       0.82193055

Orbital populations (up)
 Atom Sh.   l   m       Population  Label
    1   1   0   0       1.11932278  s
    1   2   1  -1       0.93985899  p_y
    1   2   1   0       0.92637360  p_z
    1   2   1   1       0.93337483  p_x
    2   1   0   0       1.42387300  s
    2   2   1  -1       1.35467337  p_y
    2   2   1   0       1.14652277  p_z
    2   2   1   1       1.14520526  p_x
    3   1   0   0       0.83629773  s
    4   1   0   0       0.69230250  s
    5   1   0   0       0.66026461  s
    6   1   0   0       0.82193055  s

Input / Output electrons (q):     12.0000000000

Energy H0:                          -6.4530962350 H         -175.5977 eV
Energy SCC:                          0.1348839173 H            3.6704 eV
Energy SPIN:                        -0.0000233766 H           -0.0006 eV
Energy Fock:                        -0.2369643895 H           -6.4481 eV
Total Electronic energy:            -6.5552000839 H         -178.3761 eV
Repulsive energy:                    0.2780711599 H            7.5667 eV

Excitation Energy:                   0.0000000000 H            0.0000 eV

Total energy:                       -6.2772974879 H         -170.8140 eV

SCC converged

Total Forces
    1      0.029663485802     -0.064321230911     -0.260152726586
    2     -0.086645512792     -0.071362382869      0.381992073617
    3     -0.040653656033      0.005303290351     -0.009795741576
    4      0.060291397479      0.079432595550      0.012696361602
    5     -0.041958141006      0.016503355132     -0.079838515420
    6      0.079302426550      0.034444372747     -0.044901451638

Maximal derivative component:        0.381992E+00 au


