REKS do not use any electronic distribution function

Calculation with static geometry

********************************************************************************************
  iSCC       reks energy        Diff energy         x_a       SCC error   
   61       -6.2844699883      -0.0000000000     0.999940    0.00000097
********************************************************************************************

 SA-REKS optimizes the avergaed state, not individual states
 These charges do not mean the charges for individual states
 Similarly to this, the values in band.out file indicate
 the band energies and occupations for the averaged state
 If you want to compute the relaxed density,
 please, set 'RelaxedDensity = Yes' option

 Total charge:     1.00000000

 Atomic gross charges (e)
 Atom           Charge
    1       0.11722013
    2      -0.11830771
    3       0.18481202
    4       0.31445406
    5       0.31374457
    6       0.18807693

Nr. of electrons (up):     12.00000000
Atom populations (up)
 Atom       Population
    1       3.88277987
    2       5.11830771
    3       0.81518798
    4       0.68554594
    5       0.68625543
    6       0.81192307

l-shell populations (up)
 Atom Sh.   l       Population
    1   1   0       1.18474484
    1   2   1       2.69803503
    2   1   0       1.38488588
    2   2   1       3.73342183
    3   1   0       0.81518798
    4   1   0       0.68554594
    5   1   0       0.68625543
    6   1   0       0.81192307

Orbital populations (up)
 Atom Sh.   l   m       Population  Label
    1   1   0   0       1.18474484  s
    1   2   1  -1       0.85312651  p_y
    1   2   1   0       0.89841579  p_z
    1   2   1   1       0.94649273  p_x
    2   1   0   0       1.38488588  s
    2   2   1  -1       1.08516626  p_y
    2   2   1   0       1.13392499  p_z
    2   2   1   1       1.51433058  p_x
    3   1   0   0       0.81518798  s
    4   1   0   0       0.68554594  s
    5   1   0   0       0.68625543  s
    6   1   0   0       0.81192307  s

Input / Output electrons (q):     12.0000000000

Energy H0:                          -6.5169384464 H         -177.3349 eV
Energy SCC:                          0.1343955711 H            3.6571 eV
Energy SPIN:                        -0.0000318772 H           -0.0009 eV
Energy Fock:                        -0.2090175422 H           -5.6877 eV
Total Electronic energy:            -6.5915922946 H         -179.3664 eV
Repulsive energy:                    0.1826083573 H            4.9690 eV

Excitation Energy:                   0.0000000000 H            0.0000 eV

Total energy:                       -6.4093861882 H         -174.4083 eV

SCC converged

Total Forces
    1      0.003439249427     -0.005335286127     -0.000025167311
    2     -0.010510295310     -0.001145012071     -0.007451214706
    3     -0.013972741064      0.004801561819     -0.005139433202
    4     -0.010777564096     -0.002410456904      0.005890006585
    5      0.018181953912      0.005027873962      0.008084752844
    6      0.013639397132     -0.000938680679     -0.001358944209

Maximal derivative component:        0.181820E-01 au


