 KPT            1  SPIN            1  KWEIGHT    1.0000000000000000     
     1   -29.487  2.00000
     2   -27.137  2.00000
     3   -25.468  2.00000
     4   -23.020  2.00000
     5   -21.440  2.00000
     6   -20.007  2.00000
     7   -18.920  2.00000
     8   -18.745  2.00000
     9   -17.889  2.00000
    10   -17.467  2.00000
    11   -16.983  2.00000
    12   -16.410  2.00000
    13   -15.845  2.00000
    14   -15.264  2.00000
    15   -14.984  2.00000
    16   -13.558  1.49994
    17   -10.386  0.50006
    18    -3.808  0.00000
    19    -1.408  0.00000
    20     8.148  0.00000
    21    10.459  0.00000
    22    11.028  0.00000
    23    15.482  0.00000
    24    15.837  0.00000
    25    17.448  0.00000
    26    18.371  0.00000
    27    19.546  0.00000
    28    22.039  0.00000
    29    25.892  0.00000
    30    30.009  0.00000
    31    31.678  0.00000
    32    44.736  0.00000

