REKS do not use any electronic distribution function

Calculation with static geometry

********************************************************************************************
  iSCC       reks energy        Diff energy         x_a       SCC error   
   44       -6.2838790045      -0.0000000000     0.999975    0.00000084
********************************************************************************************

 SA-REKS optimizes the avergaed state, not individual states
 These charges do not mean the charges for individual states
 Similarly to this, the values in band.out file indicate
 the band energies and occupations for the averaged state
 If you want to compute the relaxed density,
 please, set 'RelaxedDensity = Yes' option

 Total charge:     1.00000000

 Atomic gross charges (e)
 Atom           Charge
    1       0.10007889
    2      -0.09638606
    3       0.18937487
    4       0.30866441
    5       0.30957447
    6       0.18869342

Nr. of electrons (up):     12.00000000
Atom populations (up)
 Atom       Population
    1       3.89992111
    2       5.09638606
    3       0.81062513
    4       0.69133559
    5       0.69042553
    6       0.81130658

l-shell populations (up)
 Atom Sh.   l       Population
    1   1   0       1.16797772
    1   2   1       2.73194339
    2   1   0       1.37496442
    2   2   1       3.72142164
    3   1   0       0.81062513
    4   1   0       0.69133559
    5   1   0       0.69042553
    6   1   0       0.81130658

Orbital populations (up)
 Atom Sh.   l   m       Population  Label
    1   1   0   0       1.16797772  s
    1   2   1  -1       0.86429048  p_y
    1   2   1   0       0.88948316  p_z
    1   2   1   1       0.97816974  p_x
    2   1   0   0       1.37496442  s
    2   2   1  -1       1.12819867  p_y
    2   2   1   0       1.11198544  p_z
    2   2   1   1       1.48123753  p_x
    3   1   0   0       0.81062513  s
    4   1   0   0       0.69133559  s
    5   1   0   0       0.69042553  s
    6   1   0   0       0.81130658  s

Input / Output electrons (q):     12.0000000000

Energy H0:                          -6.5400938709 H         -177.9650 eV
Energy SCC:                          0.1357434026 H            3.6938 eV
Energy SPIN:                        -0.0000145436 H           -0.0004 eV
Energy Fock:                        -0.2091840058 H           -5.6922 eV
Total Electronic energy:            -6.6135490176 H         -179.9638 eV
Repulsive energy:                    0.1976840087 H            5.3793 eV

Excitation Energy:                   0.0000000000 H            0.0000 eV

Total energy:                       -6.4159234305 H         -174.5862 eV

SCC converged

Total Forces
    1      0.001436313954      0.001890610393     -0.038580999392
    2     -0.002742055615     -0.000250824909      0.050102962754
    3      0.006947725511      0.001773626988      0.003010041066
    4      0.008773075134     -0.000625828233     -0.006528741654
    5     -0.007047275468     -0.000609954148     -0.009150263999
    6     -0.007367783516     -0.002177630090      0.001147001225

Maximal derivative component:        0.501030E-01 au


