REKS do not use any electronic distribution function

Calculation with static geometry

********************************************************************************************
  iSCC       reks energy        Diff energy         x_a       SCC error   
   69       -6.2846708272      -0.0000000000     0.999932    0.00000089
********************************************************************************************

 SA-REKS optimizes the avergaed state, not individual states
 These charges do not mean the charges for individual states
 Similarly to this, the values in band.out file indicate
 the band energies and occupations for the averaged state
 If you want to compute the relaxed density,
 please, set 'RelaxedDensity = Yes' option

 Total charge:     1.00000000

 Atomic gross charges (e)
 Atom           Charge
    1       0.12134750
    2      -0.12594730
    3       0.18593750
    4       0.31348895
    5       0.31604999
    6       0.18912336

Nr. of electrons (up):     12.00000000
Atom populations (up)
 Atom       Population
    1       3.87865250
    2       5.12594730
    3       0.81406250
    4       0.68651105
    5       0.68395001
    6       0.81087664

l-shell populations (up)
 Atom Sh.   l       Population
    1   1   0       1.18972605
    1   2   1       2.68892645
    2   1   0       1.38830441
    2   2   1       3.73764289
    3   1   0       0.81406250
    4   1   0       0.68651105
    5   1   0       0.68395001
    6   1   0       0.81087664

Orbital populations (up)
 Atom Sh.   l   m       Population  Label
    1   1   0   0       1.18972605  s
    1   2   1  -1       0.93885059  p_y
    1   2   1   0       0.89774364  p_z
    1   2   1   1       0.85233221  p_x
    2   1   0   0       1.38830441  s
    2   2   1  -1       1.52035294  p_y
    2   2   1   0       1.13607694  p_z
    2   2   1   1       1.08121301  p_x
    3   1   0   0       0.81406250  s
    4   1   0   0       0.68651105  s
    5   1   0   0       0.68395001  s
    6   1   0   0       0.81087664  s

Input / Output electrons (q):     12.0000000000

Energy H0:                          -6.5100520508 H         -177.1475 eV
Energy SCC:                          0.1337860922 H            3.6405 eV
Energy SPIN:                        -0.0000360665 H           -0.0010 eV
Energy Fock:                        -0.2082593928 H           -5.6670 eV
Total Electronic energy:            -6.5845614179 H         -179.1750 eV
Repulsive energy:                    0.1765320203 H            4.8037 eV

Excitation Energy:                   0.0000000000 H            0.0000 eV

Total energy:                       -6.4085189243 H         -174.3847 eV

SCC converged

Total Forces
    1      0.002968573639     -0.002998256451      0.029164984870
    2     -0.000693005136      0.000301753777     -0.026482441933
    3     -0.003849988127      0.015325435191     -0.009309687296
    4     -0.003844767167     -0.014860924860      0.009092840556
    5      0.004480716607      0.015234038221      0.003998499199
    6      0.000938470185     -0.013002045878     -0.006464195396

Maximal derivative component:        0.291650E-01 au


