REKS do not use any electronic distribution function

Calculation with static geometry

********************************************************************************************
  iSCC       reks energy        Diff energy         x_a       SCC error   
  276      -16.4062804030      -0.0000000000     1.000000    0.00000099
********************************************************************************************

 SA-REKS optimizes the avergaed state, not individual states
 These charges do not mean the charges for individual states
 Similarly to this, the values in band.out file indicate
 the band energies and occupations for the averaged state
 If you want to compute the relaxed density,
 please, set 'RelaxedDensity = Yes' option

 Total charge:     1.00000000

 Atomic gross charges (e)
 Atom           Charge
    1      -0.15762846
    2      -0.07938331
    3       0.09838739
    4       0.11264312
    5       0.14657410
    6       0.12396543
    7       0.00430134
    8       0.13704983
    9       0.11754992
   10       0.07196334
   11       0.11394164
   12      -0.20624788
   13       0.25843984
   14       0.25844370

Nr. of electrons (up):     32.00000000
Atom populations (up)
 Atom       Population
    1       4.15762846
    2       4.07938331
    3       0.90161261
    4       0.88735688
    5       0.85342590
    6       3.87603457
    7       3.99569866
    8       0.86295017
    9       0.88245008
   10       3.92803666
   11       0.88605836
   12       5.20624788
   13       0.74156016
   14       0.74155630

l-shell populations (up)
 Atom Sh.   l       Population
    1   1   0       1.22003546
    1   2   1       2.93759300
    2   1   0       1.18751527
    2   2   1       2.89186804
    3   1   0       0.90161261
    4   1   0       0.88735688
    5   1   0       0.85342590
    6   1   0       1.18130279
    6   2   1       2.69473178
    7   1   0       1.17554930
    7   2   1       2.82014936
    8   1   0       0.86295017
    9   1   0       0.88245008
   10   1   0       1.17569090
   10   2   1       2.75234576
   11   1   0       0.88605836
   12   1   0       1.38676822
   12   2   1       3.81947966
   13   1   0       0.74156016
   14   1   0       0.74155630

Orbital populations (up)
 Atom Sh.   l   m       Population  Label
    1   1   0   0       1.22003546  s
    1   2   1  -1       1.02318046  p_y
    1   2   1   0       0.92994171  p_z
    1   2   1   1       0.98447083  p_x
    2   1   0   0       1.18751527  s
    2   2   1  -1       0.91017065  p_y
    2   2   1   0       0.97525351  p_z
    2   2   1   1       1.00644388  p_x
    3   1   0   0       0.90161261  s
    4   1   0   0       0.88735688  s
    5   1   0   0       0.85342590  s
    6   1   0   0       1.18130279  s
    6   2   1  -1       0.97385226  p_y
    6   2   1   0       0.81656128  p_z
    6   2   1   1       0.90431825  p_x
    7   1   0   0       1.17554930  s
    7   2   1  -1       0.98382815  p_y
    7   2   1   0       0.90724918  p_z
    7   2   1   1       0.92907203  p_x
    8   1   0   0       0.86295017  s
    9   1   0   0       0.88245008  s
   10   1   0   0       1.17569090  s
   10   2   1  -1       0.93598749  p_y
   10   2   1   0       0.94154042  p_z
   10   2   1   1       0.87481785  p_x
   11   1   0   0       0.88605836  s
   12   1   0   0       1.38676822  s
   12   2   1  -1       1.41566675  p_y
   12   2   1   0       1.28547920  p_z
   12   2   1   1       1.11833371  p_x
   13   1   0   0       0.74156016  s
   14   1   0   0       0.74155630  s

Input / Output electrons (q):     32.0000000000

Energy H0:                         -16.3274674094 H         -444.2930 eV
Energy SCC:                          0.1172828378 H            3.1914 eV
Energy SPIN:                        -0.0000000000 H           -0.0000 eV
Energy Fock:                        -0.6656893184 H          -18.1143 eV
Total Electronic energy:           -16.8758738901 H         -459.2159 eV
Repulsive energy:                    0.3969559597 H           10.8017 eV

Excitation Energy:                   0.0000000000 H            0.0000 eV

Total energy:                      -16.4789286987 H         -448.4145 eV

SCC converged

Total Forces
    1     -0.003204799372     -0.018180197103     -0.003019408852
    2     -0.029592042075      0.027376091328     -0.051513047912
    3      0.009154040521     -0.017364053465      0.025665763467
    4      0.000266433567      0.011235679428      0.008393869171
    5      0.000620902244     -0.006545004942      0.020706150043
    6     -0.009005679363     -0.074229516497      0.002843817052
    7      0.068306056699      0.031371253839     -0.031852189704
    8      0.002641066651      0.012828325466     -0.002476274340
    9      0.001306742100      0.016480538109      0.017378941811
   10     -0.012076901932      0.040501030639     -0.024071433153
   11     -0.012470123115     -0.017220025416      0.033607080510
   12     -0.010416727250     -0.003082498728     -0.017997413619
   13     -0.008762430737      0.018181578313      0.024907952298
   14      0.003233462061     -0.021353200973     -0.002573806774

Maximal derivative component:        0.742295E-01 au


