REKS do not use any electronic distribution function

Calculation with static geometry

********************************************************************************************
  iSCC       reks energy        Diff energy         x_a       SCC error   
   37       -6.2821417014      -0.0000000000     0.999979    0.00000099
********************************************************************************************

 SA-REKS optimizes the avergaed state, not individual states
 These charges do not mean the charges for individual states
 Similarly to this, the values in band.out file indicate
 the band energies and occupations for the averaged state
 If you want to compute the relaxed density,
 please, set 'RelaxedDensity = Yes' option

 Total charge:     1.00000000

 Atomic gross charges (e)
 Atom           Charge
    1       0.09850556
    2      -0.09648818
    3       0.18690443
    4       0.30959317
    5       0.30743891
    6       0.19404610

Nr. of electrons (up):     12.00000000
Atom populations (up)
 Atom       Population
    1       3.90149444
    2       5.09648818
    3       0.81309557
    4       0.69040683
    5       0.69256109
    6       0.80595390

l-shell populations (up)
 Atom Sh.   l       Population
    1   1   0       1.17102844
    1   2   1       2.73046600
    2   1   0       1.37872705
    2   2   1       3.71776113
    3   1   0       0.81309557
    4   1   0       0.69040683
    5   1   0       0.69256109
    6   1   0       0.80595390

Orbital populations (up)
 Atom Sh.   l   m       Population  Label
    1   1   0   0       1.17102844  s
    1   2   1  -1       0.85560114  p_y
    1   2   1   0       0.89286450  p_z
    1   2   1   1       0.98200036  p_x
    2   1   0   0       1.37872705  s
    2   2   1  -1       1.10554784  p_y
    2   2   1   0       1.11842613  p_z
    2   2   1   1       1.49378716  p_x
    3   1   0   0       0.81309557  s
    4   1   0   0       0.69040683  s
    5   1   0   0       0.69256109  s
    6   1   0   0       0.80595390  s

Input / Output electrons (q):     12.0000000000

Energy H0:                          -6.5374678752 H         -177.8936 eV
Energy SCC:                          0.1361008869 H            3.7035 eV
Energy SPIN:                        -0.0000120806 H           -0.0003 eV
Energy Fock:                        -0.2096929280 H           -5.7060 eV
Total Electronic energy:            -6.6110719969 H         -179.8964 eV
Repulsive energy:                    0.1969303372 H            5.3587 eV

Excitation Energy:                   0.0000000000 H            0.0000 eV

Total energy:                       -6.4141420465 H         -174.5377 eV

SCC converged

Total Forces
    1     -0.008381193370     -0.005808106019     -0.040613752889
    2      0.027745750196     -0.014056542305      0.051018728137
    3      0.000077833498      0.002818189051     -0.005187436851
    4     -0.009512824953      0.007311563107     -0.005524047034
    5     -0.011006025809      0.008357787387     -0.005831257369
    6      0.001076460438      0.001377108780      0.006137766006

Maximal derivative component:        0.510187E-01 au


