 KPT            1  SPIN            1  KWEIGHT    1.0000000000000000     
     1   -29.688  2.00000
     2   -27.183  2.00000
     3   -25.311  2.00000
     4   -22.894  2.00000
     5   -21.197  2.00000
     6   -20.701  2.00000
     7   -19.406  2.00000
     8   -18.770  2.00000
     9   -17.799  2.00000
    10   -17.439  2.00000
    11   -16.917  2.00000
    12   -16.603  2.00000
    13   -15.740  2.00000
    14   -15.628  2.00000
    15   -14.803  2.00000
    16   -13.394  1.49998
    17   -10.074  0.50002
    18    -3.740  0.00000
    19    -2.718  0.00000
    20     8.238  0.00000
    21     9.580  0.00000
    22    13.143  0.00000
    23    14.566  0.00000
    24    15.844  0.00000
    25    17.391  0.00000
    26    19.047  0.00000
    27    20.149  0.00000
    28    21.739  0.00000
    29    24.474  0.00000
    30    25.386  0.00000
    31    36.460  0.00000
    32    40.468  0.00000

