REKS do not use any electronic distribution function

Calculation with static geometry

********************************************************************************************
  iSCC       reks energy        Diff energy         x_a       SCC error   
   60      -16.4325337805      -0.0000000000     0.999979    0.00000093
********************************************************************************************

 SA-REKS optimizes the avergaed state, not individual states
 These charges do not mean the charges for individual states
 Similarly to this, the values in band.out file indicate
 the band energies and occupations for the averaged state
 If you want to compute the relaxed density,
 please, set 'RelaxedDensity = Yes' option

 Total charge:     1.00000000

 Atomic gross charges (e)
 Atom           Charge
    1      -0.02652899
    2       0.00971621
    3       0.10673806
    4       0.12879192
    5       0.11465181
    6       0.06045513
    7      -0.19756164
    8       0.09136622
    9       0.09885654
   10       0.19935126
   11       0.10619061
   12      -0.18148360
   13       0.24242399
   14       0.24703247

Nr. of electrons (up):     32.00000000
Atom populations (up)
 Atom       Population
    1       4.02652899
    2       3.99028379
    3       0.89326194
    4       0.87120808
    5       0.88534819
    6       3.93954487
    7       4.19756164
    8       0.90863378
    9       0.90114346
   10       3.80064874
   11       0.89380939
   12       5.18148360
   13       0.75757601
   14       0.75296753

l-shell populations (up)
 Atom Sh.   l       Population
    1   1   0       1.21774473
    1   2   1       2.80878426
    2   1   0       1.18076399
    2   2   1       2.80951980
    3   1   0       0.89326194
    4   1   0       0.87120808
    5   1   0       0.88534819
    6   1   0       1.21505748
    6   2   1       2.72448739
    7   1   0       1.20008762
    7   2   1       2.99747401
    8   1   0       0.90863378
    9   1   0       0.90114346
   10   1   0       1.13903309
   10   2   1       2.66161565
   11   1   0       0.89380939
   12   1   0       1.36796776
   12   2   1       3.81351584
   13   1   0       0.75757601
   14   1   0       0.75296753

Orbital populations (up)
 Atom Sh.   l   m       Population  Label
    1   1   0   0       1.21774473  s
    1   2   1  -1       0.96264408  p_y
    1   2   1   0       0.98564551  p_z
    1   2   1   1       0.86049467  p_x
    2   1   0   0       1.18076399  s
    2   2   1  -1       0.96030331  p_y
    2   2   1   0       0.93141199  p_z
    2   2   1   1       0.91780449  p_x
    3   1   0   0       0.89326194  s
    4   1   0   0       0.87120808  s
    5   1   0   0       0.88534819  s
    6   1   0   0       1.21505748  s
    6   2   1  -1       0.88632757  p_y
    6   2   1   0       0.89708329  p_z
    6   2   1   1       0.94107653  p_x
    7   1   0   0       1.20008762  s
    7   2   1  -1       1.01996698  p_y
    7   2   1   0       1.06372978  p_z
    7   2   1   1       0.91377726  p_x
    8   1   0   0       0.90863378  s
    9   1   0   0       0.90114346  s
   10   1   0   0       1.13903309  s
   10   2   1  -1       0.86454295  p_y
   10   2   1   0       0.87476326  p_z
   10   2   1   1       0.92230944  p_x
   11   1   0   0       0.89380939  s
   12   1   0   0       1.36796776  s
   12   2   1  -1       1.31920293  p_y
   12   2   1   0       1.32132577  p_z
   12   2   1   1       1.17298714  p_x
   13   1   0   0       0.75757601  s
   14   1   0   0       0.75296753  s

Input / Output electrons (q):     32.0000000000

Energy H0:                         -16.3352549309 H         -444.5049 eV
Energy SCC:                          0.0956341982 H            2.6023 eV
Energy SPIN:                        -0.0000038150 H           -0.0001 eV
Energy Fock:                        -0.6600336941 H          -17.9604 eV
Total Electronic energy:           -16.8996582418 H         -459.8631 eV
Repulsive energy:                    0.4080155735 H           11.1027 eV

Excitation Energy:                   0.0000000000 H            0.0000 eV

Total energy:                      -16.4939493000 H         -448.8232 eV

SCC converged

Total Forces
    1     -0.006505384463     -0.047377675525     -0.008418316812
    2      0.024321673167      0.055290449930     -0.004444122045
    3     -0.007458706582      0.019713387470      0.028826529800
    4     -0.010870185595     -0.004869396275     -0.006215296599
    5      0.010643012935     -0.019954078047     -0.003645987207
    6      0.059298432226      0.030320255938      0.055037681489
    7     -0.068551880956      0.002857029055     -0.061164335702
    8      0.013712061652      0.003464203180     -0.008505774803
    9     -0.004284771339     -0.022946605701      0.012830176802
   10     -0.072548535554     -0.045958654156     -0.023740335400
   11      0.023844881247      0.015867706558      0.022067379295
   12      0.043929214545     -0.011143842511     -0.034025498362
   13      0.022312688836     -0.003108621997     -0.004579637544
   14     -0.027842500120      0.027845842082      0.035977537088

Maximal derivative component:        0.725485E-01 au


