 KPT            1  SPIN            1  KWEIGHT    1.0000000000000000     
     1   -29.798  2.00000
     2   -27.226  2.00000
     3   -25.483  2.00000
     4   -23.221  2.00000
     5   -21.354  2.00000
     6   -20.284  2.00000
     7   -19.635  2.00000
     8   -18.572  2.00000
     9   -18.263  2.00000
    10   -17.225  2.00000
    11   -16.975  2.00000
    12   -16.637  2.00000
    13   -15.887  2.00000
    14   -15.514  2.00000
    15   -14.962  2.00000
    16   -13.559  1.50000
    17    -9.867  0.50000
    18    -4.611  0.00000
    19    -2.409  0.00000
    20     7.685  0.00000
    21     8.346  0.00000
    22     9.366  0.00000
    23    11.985  0.00000
    24    15.760  0.00000
    25    16.826  0.00000
    26    16.924  0.00000
    27    18.828  0.00000
    28    22.276  0.00000
    29    24.790  0.00000
    30    29.432  0.00000
    31    31.388  0.00000
    32    33.372  0.00000

