REKS do not use any electronic distribution function

Calculation with static geometry

********************************************************************************************
  iSCC       reks energy        Diff energy         x_a       SCC error   
   88      -16.4377528267      -0.0000000000     0.999997    0.00000092
********************************************************************************************

 SA-REKS optimizes the avergaed state, not individual states
 These charges do not mean the charges for individual states
 Similarly to this, the values in band.out file indicate
 the band energies and occupations for the averaged state
 If you want to compute the relaxed density,
 please, set 'RelaxedDensity = Yes' option

 Total charge:     1.00000000

 Atomic gross charges (e)
 Atom           Charge
    1      -0.01894575
    2      -0.07062856
    3       0.09406944
    4       0.11827329
    5       0.10269483
    6       0.07557402
    7      -0.10765495
    8       0.10883229
    9       0.12026035
   10       0.16996010
   11       0.10961707
   12      -0.19916332
   13       0.24113340
   14       0.25597778

Nr. of electrons (up):     32.00000000
Atom populations (up)
 Atom       Population
    1       4.01894575
    2       4.07062856
    3       0.90593056
    4       0.88172671
    5       0.89730517
    6       3.92442598
    7       4.10765495
    8       0.89116771
    9       0.87973965
   10       3.83003990
   11       0.89038293
   12       5.19916332
   13       0.75886660
   14       0.74402222

l-shell populations (up)
 Atom Sh.   l       Population
    1   1   0       1.23365049
    1   2   1       2.78529526
    2   1   0       1.18160592
    2   2   1       2.88902263
    3   1   0       0.90593056
    4   1   0       0.88172671
    5   1   0       0.89730517
    6   1   0       1.18490620
    6   2   1       2.73951978
    7   1   0       1.19431594
    7   2   1       2.91333901
    8   1   0       0.89116771
    9   1   0       0.87973965
   10   1   0       1.14443243
   10   2   1       2.68560747
   11   1   0       0.89038293
   12   1   0       1.38059029
   12   2   1       3.81857303
   13   1   0       0.75886660
   14   1   0       0.74402222

Orbital populations (up)
 Atom Sh.   l   m       Population  Label
    1   1   0   0       1.23365049  s
    1   2   1  -1       0.90258351  p_y
    1   2   1   0       1.00244212  p_z
    1   2   1   1       0.88026963  p_x
    2   1   0   0       1.18160592  s
    2   2   1  -1       0.99359075  p_y
    2   2   1   0       0.92065306  p_z
    2   2   1   1       0.97477883  p_x
    3   1   0   0       0.90593056  s
    4   1   0   0       0.88172671  s
    5   1   0   0       0.89730517  s
    6   1   0   0       1.18490620  s
    6   2   1  -1       0.84803210  p_y
    6   2   1   0       0.92529719  p_z
    6   2   1   1       0.96619049  p_x
    7   1   0   0       1.19431594  s
    7   2   1  -1       1.00633658  p_y
    7   2   1   0       0.99788050  p_z
    7   2   1   1       0.90912194  p_x
    8   1   0   0       0.89116771  s
    9   1   0   0       0.87973965  s
   10   1   0   0       1.14443243  s
   10   2   1  -1       0.89810676  p_y
   10   2   1   0       0.85485703  p_z
   10   2   1   1       0.93264368  p_x
   11   1   0   0       0.89038293  s
   12   1   0   0       1.38059029  s
   12   2   1  -1       1.34405382  p_y
   12   2   1   0       1.13799110  p_z
   12   2   1   1       1.33652811  p_x
   13   1   0   0       0.75886660  s
   14   1   0   0       0.74402222  s

Input / Output electrons (q):     32.0000000000

Energy H0:                         -16.2921221080 H         -443.3312 eV
Energy SCC:                          0.1043079220 H            2.8384 eV
Energy SPIN:                        -0.0000008694 H           -0.0000 eV
Energy Fock:                        -0.6628972414 H          -18.0384 eV
Total Electronic energy:           -16.8507122969 H         -458.5312 eV
Repulsive energy:                    0.3496305898 H            9.5139 eV

Excitation Energy:                   0.0000000000 H            0.0000 eV

Total energy:                      -16.5014133586 H         -449.0263 eV

SCC converged

Total Forces
    1      0.001302352669      0.009663478028      0.059692857874
    2     -0.028536245205     -0.046813254906     -0.004372105634
    3      0.022912718257      0.017876150415     -0.040287947234
    4      0.002322827321      0.004903066464     -0.010017594661
    5      0.002222083801      0.018312278870      0.018284265851
    6     -0.004785933175      0.040406718335     -0.023611379242
    7      0.017925711583     -0.026318296691      0.039968676758
    8      0.004482608400     -0.025261205872     -0.003112343209
    9      0.005800421320      0.022859879640     -0.039365338873
   10     -0.038407509093     -0.029736065206     -0.036069246593
   11      0.007163237392      0.026102990589      0.007799007678
   12      0.007694392868     -0.006074045907      0.000674420631
   13      0.004493109928      0.002309134477      0.008550740512
   14     -0.004589776065     -0.008230828237      0.021865986142

Maximal derivative component:        0.596929E-01 au


