 KPT            1  SPIN            1  KWEIGHT    1.0000000000000000     
     1   -29.013  2.00000
     2   -27.150  2.00000
     3   -25.413  2.00000
     4   -22.816  2.00000
     5   -21.183  2.00000
     6   -20.726  2.00000
     7   -18.763  2.00000
     8   -18.148  2.00000
     9   -17.671  2.00000
    10   -16.993  2.00000
    11   -16.771  2.00000
    12   -16.575  2.00000
    13   -15.967  2.00000
    14   -15.257  2.00000
    15   -14.621  2.00000
    16   -13.714  1.49998
    17   -10.537  0.50002
    18    -4.026  0.00000
    19    -2.224  0.00000
    20     5.380  0.00000
    21     7.788  0.00000
    22     9.595  0.00000
    23    11.109  0.00000
    24    11.610  0.00000
    25    11.942  0.00000
    26    15.635  0.00000
    27    16.320  0.00000
    28    19.217  0.00000
    29    21.606  0.00000
    30    25.756  0.00000
    31    33.150  0.00000
    32    35.970  0.00000

