 KPT            1  SPIN            1  KWEIGHT    1.0000000000000000     
     1   -30.173  2.00000
     2   -27.547  2.00000
     3   -25.242  2.00000
     4   -23.597  2.00000
     5   -21.671  2.00000
     6   -20.542  2.00000
     7   -19.820  2.00000
     8   -19.110  2.00000
     9   -18.531  2.00000
    10   -17.777  2.00000
    11   -17.114  2.00000
    12   -16.764  2.00000
    13   -16.073  2.00000
    14   -15.572  2.00000
    15   -15.031  2.00000
    16   -13.854  1.49999
    17   -10.073  0.50001
    18    -3.071  0.00000
    19    -1.543  0.00000
    20     9.429  0.00000
    21    11.971  0.00000
    22    13.825  0.00000
    23    14.692  0.00000
    24    15.670  0.00000
    25    17.934  0.00000
    26    18.891  0.00000
    27    21.867  0.00000
    28    27.402  0.00000
    29    32.989  0.00000
    30    36.540  0.00000
    31    42.135  0.00000
    32    46.868  0.00000

