REKS do not use any electronic distribution function

Calculation with static geometry

********************************************************************************************
  iSCC       reks energy        Diff energy         x_a       SCC error   
   61      -16.4286891950      -0.0000000000     0.999991    0.00000091
********************************************************************************************

 SA-REKS optimizes the avergaed state, not individual states
 These charges do not mean the charges for individual states
 Similarly to this, the values in band.out file indicate
 the band energies and occupations for the averaged state
 If you want to compute the relaxed density,
 please, set 'RelaxedDensity = Yes' option

 Total charge:     1.00000000

 Atomic gross charges (e)
 Atom           Charge
    1      -0.05080070
    2       0.02188246
    3       0.10639823
    4       0.11395382
    5       0.10749818
    6      -0.01588765
    7      -0.13612597
    8       0.10570790
    9       0.11809089
   10       0.19173068
   11       0.10820103
   12      -0.19228499
   13       0.26221352
   14       0.25942259

Nr. of electrons (up):     32.00000000
Atom populations (up)
 Atom       Population
    1       4.05080070
    2       3.97811754
    3       0.89360177
    4       0.88604618
    5       0.89250182
    6       4.01588765
    7       4.13612597
    8       0.89429210
    9       0.88190911
   10       3.80826932
   11       0.89179897
   12       5.19228499
   13       0.73778648
   14       0.74057741

l-shell populations (up)
 Atom Sh.   l       Population
    1   1   0       1.21556996
    1   2   1       2.83523074
    2   1   0       1.16360281
    2   2   1       2.81451473
    3   1   0       0.89360177
    4   1   0       0.88604618
    5   1   0       0.89250182
    6   1   0       1.17590649
    6   2   1       2.83998116
    7   1   0       1.16648492
    7   2   1       2.96964105
    8   1   0       0.89429210
    9   1   0       0.88190911
   10   1   0       1.10898692
   10   2   1       2.69928240
   11   1   0       0.89179897
   12   1   0       1.37581651
   12   2   1       3.81646847
   13   1   0       0.73778648
   14   1   0       0.74057741

Orbital populations (up)
 Atom Sh.   l   m       Population  Label
    1   1   0   0       1.21556996  s
    1   2   1  -1       0.96147196  p_y
    1   2   1   0       0.91328020  p_z
    1   2   1   1       0.96047858  p_x
    2   1   0   0       1.16360281  s
    2   2   1  -1       0.94390335  p_y
    2   2   1   0       0.91992736  p_z
    2   2   1   1       0.95068402  p_x
    3   1   0   0       0.89360177  s
    4   1   0   0       0.88604618  s
    5   1   0   0       0.89250182  s
    6   1   0   0       1.17590649  s
    6   2   1  -1       0.96121333  p_y
    6   2   1   0       0.90618768  p_z
    6   2   1   1       0.97258015  p_x
    7   1   0   0       1.16648492  s
    7   2   1  -1       0.97535282  p_y
    7   2   1   0       1.05193197  p_z
    7   2   1   1       0.94235626  p_x
    8   1   0   0       0.89429210  s
    9   1   0   0       0.88190911  s
   10   1   0   0       1.10898692  s
   10   2   1  -1       0.86694752  p_y
   10   2   1   0       0.88010852  p_z
   10   2   1   1       0.95222635  p_x
   11   1   0   0       0.89179897  s
   12   1   0   0       1.37581651  s
   12   2   1  -1       1.20672806  p_y
   12   2   1   0       1.37039253  p_z
   12   2   1   1       1.23934787  p_x
   13   1   0   0       0.73778648  s
   14   1   0   0       0.74057741  s

Input / Output electrons (q):     32.0000000000

Energy H0:                         -16.4539488435 H         -447.7347 eV
Energy SCC:                          0.1061267804 H            2.8879 eV
Energy SPIN:                        -0.0000022319 H           -0.0001 eV
Energy Fock:                        -0.6724207007 H          -18.2975 eV
Total Electronic energy:           -17.0202449957 H         -463.1444 eV
Repulsive energy:                    0.5234951000 H           14.2450 eV

Excitation Energy:                   0.0000000000 H            0.0000 eV

Total energy:                      -16.4970685862 H         -448.9081 eV

SCC converged

Total Forces
    1     -0.027839753287     -0.054978936146     -0.038542051161
    2     -0.063308285795      0.051118022769      0.028522613150
    3     -0.005640731544      0.001496994853      0.022040826242
    4      0.011973551248      0.005757532128     -0.003494036432
    5      0.019407744317     -0.003635172269     -0.003103407123
    6     -0.033520664887     -0.030304943787     -0.050131041062
    7     -0.003544203463     -0.031605815421      0.026092354940
    8     -0.001848290789      0.010554820898      0.017333018656
    9      0.009548612455      0.000054367438      0.000593291508
   10     -0.008409918227     -0.013199278379     -0.019103014172
   11      0.049023473493     -0.017475427857      0.032863714309
   12      0.038738645922      0.046979483136     -0.003548669671
   13      0.002600566709      0.027424657400     -0.014022512456
   14      0.012819253849      0.007813695238      0.004498913273

Maximal derivative component:        0.633083E-01 au


