 KPT            1  SPIN            1  KWEIGHT    1.0000000000000000     
     1   -29.805  2.00000
     2   -27.024  2.00000
     3   -25.152  2.00000
     4   -22.920  2.00000
     5   -21.226  2.00000
     6   -20.379  2.00000
     7   -19.462  2.00000
     8   -18.658  2.00000
     9   -17.917  2.00000
    10   -17.351  2.00000
    11   -16.948  2.00000
    12   -16.105  2.00000
    13   -15.992  2.00000
    14   -15.450  2.00000
    15   -14.760  2.00000
    16   -13.287  1.50000
    17    -9.126  0.50000
    18    -4.077  0.00000
    19    -1.737  0.00000
    20     7.386  0.00000
    21     9.405  0.00000
    22    10.963  0.00000
    23    14.586  0.00000
    24    14.646  0.00000
    25    17.712  0.00000
    26    18.174  0.00000
    27    21.017  0.00000
    28    22.687  0.00000
    29    25.012  0.00000
    30    29.570  0.00000
    31    32.812  0.00000
    32    38.698  0.00000

