REKS do not use any electronic distribution function

Calculation with static geometry

********************************************************************************************
  iSCC       reks energy        Diff energy         x_a       SCC error   
   93      -16.4456050673      -0.0000000000     0.999998    0.00000096
********************************************************************************************

 SA-REKS optimizes the avergaed state, not individual states
 These charges do not mean the charges for individual states
 Similarly to this, the values in band.out file indicate
 the band energies and occupations for the averaged state
 If you want to compute the relaxed density,
 please, set 'RelaxedDensity = Yes' option

 Total charge:     1.00000000

 Atomic gross charges (e)
 Atom           Charge
    1      -0.02588131
    2      -0.00601723
    3       0.09903578
    4       0.13187464
    5       0.08832084
    6       0.02576637
    7      -0.11357526
    8       0.10325551
    9       0.11387192
   10       0.14184381
   11       0.10423841
   12      -0.16104811
   13       0.24729259
   14       0.25102202

Nr. of electrons (up):     32.00000000
Atom populations (up)
 Atom       Population
    1       4.02588131
    2       4.00601723
    3       0.90096422
    4       0.86812536
    5       0.91167916
    6       3.97423363
    7       4.11357526
    8       0.89674449
    9       0.88612808
   10       3.85815619
   11       0.89576159
   12       5.16104811
   13       0.75270741
   14       0.74897798

l-shell populations (up)
 Atom Sh.   l       Population
    1   1   0       1.21808392
    1   2   1       2.80779738
    2   1   0       1.17667777
    2   2   1       2.82933946
    3   1   0       0.90096422
    4   1   0       0.86812536
    5   1   0       0.91167916
    6   1   0       1.19625240
    6   2   1       2.77798123
    7   1   0       1.19160299
    7   2   1       2.92197227
    8   1   0       0.89674449
    9   1   0       0.88612808
   10   1   0       1.14483892
   10   2   1       2.71331727
   11   1   0       0.89576159
   12   1   0       1.38447767
   12   2   1       3.77657044
   13   1   0       0.75270741
   14   1   0       0.74897798

Orbital populations (up)
 Atom Sh.   l   m       Population  Label
    1   1   0   0       1.21808392  s
    1   2   1  -1       0.95436950  p_y
    1   2   1   0       0.98200074  p_z
    1   2   1   1       0.87142714  p_x
    2   1   0   0       1.17667777  s
    2   2   1  -1       0.92795484  p_y
    2   2   1   0       0.98394803  p_z
    2   2   1   1       0.91743658  p_x
    3   1   0   0       0.90096422  s
    4   1   0   0       0.86812536  s
    5   1   0   0       0.91167916  s
    6   1   0   0       1.19625240  s
    6   2   1  -1       0.90006199  p_y
    6   2   1   0       0.94346614  p_z
    6   2   1   1       0.93445310  p_x
    7   1   0   0       1.19160299  s
    7   2   1  -1       0.96393545  p_y
    7   2   1   0       0.99324972  p_z
    7   2   1   1       0.96478710  p_x
    8   1   0   0       0.89674449  s
    9   1   0   0       0.88612808  s
   10   1   0   0       1.14483892  s
   10   2   1  -1       0.94919562  p_y
   10   2   1   0       0.89882230  p_z
   10   2   1   1       0.86529935  p_x
   11   1   0   0       0.89576159  s
   12   1   0   0       1.38447767  s
   12   2   1  -1       1.25537558  p_y
   12   2   1   0       1.41156429  p_z
   12   2   1   1       1.10963057  p_x
   13   1   0   0       0.75270741  s
   14   1   0   0       0.74897798  s

Input / Output electrons (q):     32.0000000000

Energy H0:                         -16.3662855472 H         -445.3493 eV
Energy SCC:                          0.1096329158 H            2.9833 eV
Energy SPIN:                        -0.0000006354 H           -0.0000 eV
Energy Fock:                        -0.6548878984 H          -17.8204 eV
Total Electronic energy:           -16.9115411652 H         -460.1864 eV
Repulsive energy:                    0.3963179234 H           10.7844 eV

Excitation Energy:                   0.0000000000 H            0.0000 eV

Total energy:                      -16.5152346595 H         -449.4024 eV

SCC converged

Total Forces
    1      0.043260387582      0.031239381452      0.014001077450
    2     -0.045789808601     -0.048860736571     -0.009289744396
    3     -0.007693686472      0.001816254856     -0.031102673994
    4      0.007546735759      0.018910059419      0.016896390140
    5      0.010598951754      0.001823144890     -0.012710829897
    6     -0.007709859266      0.024608316076      0.021259754648
    7      0.024816045036      0.074305427400     -0.059207725503
    8      0.003930976578     -0.038083807431      0.031216545033
    9      0.004565468302     -0.017518059914      0.016302645025
   10     -0.047294294096     -0.092163662094      0.022460686927
   11     -0.016595372686      0.036758197607     -0.018833764632
   12      0.073915732711      0.016975056675      0.008629213012
   13     -0.024619375825     -0.024271788997      0.014914016121
   14     -0.018931900775      0.014462216632     -0.014535589933

Maximal derivative component:        0.921637E-01 au


