REKS do not use any electronic distribution function

Calculation with static geometry

********************************************************************************************
  iSCC       reks energy        Diff energy         x_a       SCC error   
   72       -6.2850049264      -0.0000000000     0.999916    0.00000097
********************************************************************************************

 SA-REKS optimizes the avergaed state, not individual states
 These charges do not mean the charges for individual states
 Similarly to this, the values in band.out file indicate
 the band energies and occupations for the averaged state
 If you want to compute the relaxed density,
 please, set 'RelaxedDensity = Yes' option

 Total charge:     1.00000000

 Atomic gross charges (e)
 Atom           Charge
    1       0.13295966
    2      -0.12699511
    3       0.18116362
    4       0.31629323
    5       0.31473183
    6       0.18184677

Nr. of electrons (up):     12.00000000
Atom populations (up)
 Atom       Population
    1       3.86704034
    2       5.12699511
    3       0.81883638
    4       0.68370677
    5       0.68526817
    6       0.81815323

l-shell populations (up)
 Atom Sh.   l       Population
    1   1   0       1.18530804
    1   2   1       2.68173230
    2   1   0       1.39035637
    2   2   1       3.73663874
    3   1   0       0.81883638
    4   1   0       0.68370677
    5   1   0       0.68526817
    6   1   0       0.81815323

Orbital populations (up)
 Atom Sh.   l   m       Population  Label
    1   1   0   0       1.18530804  s
    1   2   1  -1       0.86261782  p_y
    1   2   1   0       0.89641766  p_z
    1   2   1   1       0.92269682  p_x
    2   1   0   0       1.39035637  s
    2   2   1  -1       1.08460946  p_y
    2   2   1   0       1.13698368  p_z
    2   2   1   1       1.51504560  p_x
    3   1   0   0       0.81883638  s
    4   1   0   0       0.68370677  s
    5   1   0   0       0.68526817  s
    6   1   0   0       0.81815323  s

Input / Output electrons (q):     12.0000000000

Energy H0:                          -6.5101426340 H         -177.1500 eV
Energy SCC:                          0.1339280381 H            3.6444 eV
Energy SPIN:                        -0.0000428652 H           -0.0012 eV
Energy Fock:                        -0.2086664985 H           -5.6781 eV
Total Electronic energy:            -6.5849239596 H         -179.1849 eV
Repulsive energy:                    0.1800022943 H            4.8981 eV

Excitation Energy:                   0.0000000000 H            0.0000 eV

Total energy:                       -6.4057276638 H         -174.3087 eV

SCC converged

Total Forces
    1      0.007889051015      0.001279009015      0.015101961571
    2     -0.020150042493      0.004750359958     -0.021108233240
    3     -0.015031295333     -0.002460565155     -0.003950170675
    4     -0.009860514541     -0.007123718234      0.003422451283
    5      0.022831041800     -0.000093252882      0.011138098039
    6      0.014321759552      0.003648167298     -0.004604106978

Maximal derivative component:        0.228310E-01 au


