 KPT            1  SPIN            1  KWEIGHT    1.0000000000000000     
     1   -29.804  2.00000
     2   -27.355  2.00000
     3   -25.446  2.00000
     4   -23.308  2.00000
     5   -20.872  2.00000
     6   -20.760  2.00000
     7   -19.843  2.00000
     8   -18.717  2.00000
     9   -17.923  2.00000
    10   -17.620  2.00000
    11   -16.963  2.00000
    12   -16.475  2.00000
    13   -15.816  2.00000
    14   -15.229  2.00000
    15   -14.994  2.00000
    16   -13.839  1.49995
    17   -10.623  0.50005
    18    -2.776  0.00000
    19    -1.151  0.00000
    20     6.983  0.00000
    21     8.909  0.00000
    22    12.954  0.00000
    23    14.511  0.00000
    24    15.692  0.00000
    25    17.151  0.00000
    26    20.019  0.00000
    27    21.521  0.00000
    28    23.568  0.00000
    29    29.111  0.00000
    30    34.111  0.00000
    31    39.194  0.00000
    32    44.532  0.00000

