REKS do not use any electronic distribution function

Calculation with static geometry

********************************************************************************************
  iSCC       reks energy        Diff energy         x_a       SCC error   
   66      -16.4398666768      -0.0000000000     0.999953    0.00000093
********************************************************************************************

 SA-REKS optimizes the avergaed state, not individual states
 These charges do not mean the charges for individual states
 Similarly to this, the values in band.out file indicate
 the band energies and occupations for the averaged state
 If you want to compute the relaxed density,
 please, set 'RelaxedDensity = Yes' option

 Total charge:     1.00000000

 Atomic gross charges (e)
 Atom           Charge
    1      -0.01629187
    2      -0.03574526
    3       0.09609556
    4       0.11699759
    5       0.09455125
    6       0.08281971
    7      -0.15101881
    8       0.10951893
    9       0.10401760
   10       0.21530700
   11       0.07545614
   12      -0.18602824
   13       0.24329353
   14       0.25102687

Nr. of electrons (up):     32.00000000
Atom populations (up)
 Atom       Population
    1       4.01629187
    2       4.03574526
    3       0.90390444
    4       0.88300241
    5       0.90544875
    6       3.91718029
    7       4.15101881
    8       0.89048107
    9       0.89598240
   10       3.78469300
   11       0.92454386
   12       5.18602824
   13       0.75670647
   14       0.74897313

l-shell populations (up)
 Atom Sh.   l       Population
    1   1   0       1.20225382
    1   2   1       2.81403806
    2   1   0       1.17136840
    2   2   1       2.86437685
    3   1   0       0.90390444
    4   1   0       0.88300241
    5   1   0       0.90544875
    6   1   0       1.20938504
    6   2   1       2.70779525
    7   1   0       1.16210579
    7   2   1       2.98891302
    8   1   0       0.89048107
    9   1   0       0.89598240
   10   1   0       1.11891346
   10   2   1       2.66577954
   11   1   0       0.92454386
   12   1   0       1.36477550
   12   2   1       3.82125274
   13   1   0       0.75670647
   14   1   0       0.74897313

Orbital populations (up)
 Atom Sh.   l   m       Population  Label
    1   1   0   0       1.20225382  s
    1   2   1  -1       0.83152982  p_y
    1   2   1   0       1.00253673  p_z
    1   2   1   1       0.97997151  p_x
    2   1   0   0       1.17136840  s
    2   2   1  -1       0.96700177  p_y
    2   2   1   0       0.96723533  p_z
    2   2   1   1       0.93013976  p_x
    3   1   0   0       0.90390444  s
    4   1   0   0       0.88300241  s
    5   1   0   0       0.90544875  s
    6   1   0   0       1.20938504  s
    6   2   1  -1       0.84110759  p_y
    6   2   1   0       0.94846442  p_z
    6   2   1   1       0.91822325  p_x
    7   1   0   0       1.16210579  s
    7   2   1  -1       0.99643785  p_y
    7   2   1   0       1.02955059  p_z
    7   2   1   1       0.96292458  p_x
    8   1   0   0       0.89048107  s
    9   1   0   0       0.89598240  s
   10   1   0   0       1.11891346  s
   10   2   1  -1       0.89415474  p_y
   10   2   1   0       0.92151381  p_z
   10   2   1   1       0.85011099  p_x
   11   1   0   0       0.92454386  s
   12   1   0   0       1.36477550  s
   12   2   1  -1       1.34383413  p_y
   12   2   1   0       1.21300117  p_z
   12   2   1   1       1.26441743  p_x
   13   1   0   0       0.75670647  s
   14   1   0   0       0.74897313  s

Input / Output electrons (q):     32.0000000000

Energy H0:                         -16.3921158248 H         -446.0522 eV
Energy SCC:                          0.0938075097 H            2.5526 eV
Energy SPIN:                        -0.0000087825 H           -0.0002 eV
Energy Fock:                        -0.6647948089 H          -18.0900 eV
Total Electronic energy:           -16.9631119065 H         -461.5898 eV
Repulsive energy:                    0.4646379878 H           12.6434 eV

Excitation Energy:                   0.0000000000 H            0.0000 eV

Total energy:                      -16.5034604188 H         -449.0820 eV

SCC converged

Total Forces
    1     -0.057271021483     -0.034802990097     -0.050678757812
    2      0.059576076407      0.006471828945      0.024918669163
    3     -0.000568127698      0.003829819745      0.021352073337
    4     -0.006042659319      0.004653459365      0.005987837894
    5     -0.017155948919     -0.001705915046     -0.028597966476
    6      0.018434802905      0.045572416374      0.033281944421
    7     -0.092586667815     -0.047829525655     -0.034746925029
    8      0.020230507140     -0.011297796927      0.017892754854
    9      0.031049687193      0.001735182237      0.017813653747
   10      0.033432696992      0.048537147363      0.037493615220
   11     -0.014955650389     -0.018829871247     -0.016945008854
   12     -0.003450921963      0.012657208014      0.019701507179
   13      0.025317671191      0.015022565887     -0.002729306203
   14      0.003989555758     -0.024013528960     -0.044744091443

Maximal derivative component:        0.925867E-01 au


