REKS do not use any electronic distribution function

Calculation with static geometry

********************************************************************************************
  iSCC       reks energy        Diff energy         x_a       SCC error   
   47       -6.2882241719      -0.0000000000     0.999973    0.00000083
********************************************************************************************

 SA-REKS optimizes the avergaed state, not individual states
 These charges do not mean the charges for individual states
 Similarly to this, the values in band.out file indicate
 the band energies and occupations for the averaged state
 If you want to compute the relaxed density,
 please, set 'RelaxedDensity = Yes' option

 Total charge:     1.00000000

 Atomic gross charges (e)
 Atom           Charge
    1       0.10406657
    2      -0.10529600
    3       0.19077187
    4       0.30897367
    5       0.31000111
    6       0.19148279

Nr. of electrons (up):     12.00000000
Atom populations (up)
 Atom       Population
    1       3.89593343
    2       5.10529600
    3       0.80922813
    4       0.69102633
    5       0.68999889
    6       0.80851721

l-shell populations (up)
 Atom Sh.   l       Population
    1   1   0       1.17550277
    1   2   1       2.72043066
    2   1   0       1.38075638
    2   2   1       3.72453962
    3   1   0       0.80922813
    4   1   0       0.69102633
    5   1   0       0.68999889
    6   1   0       0.80851721

Orbital populations (up)
 Atom Sh.   l   m       Population  Label
    1   1   0   0       1.17550277  s
    1   2   1  -1       0.98339275  p_y
    1   2   1   0       0.88162915  p_z
    1   2   1   1       0.85540876  p_x
    2   1   0   0       1.38075638  s
    2   2   1  -1       1.51075400  p_y
    2   2   1   0       1.11401096  p_z
    2   2   1   1       1.09977466  p_x
    3   1   0   0       0.80922813  s
    4   1   0   0       0.69102633  s
    5   1   0   0       0.68999889  s
    6   1   0   0       0.80851721  s

Input / Output electrons (q):     12.0000000000

Energy H0:                          -6.5317878941 H         -177.7390 eV
Energy SCC:                          0.1354718492 H            3.6864 eV
Energy SPIN:                        -0.0000156948 H           -0.0004 eV
Energy Fock:                        -0.2070548732 H           -5.6342 eV
Total Electronic energy:            -6.6033866128 H         -179.6873 eV
Repulsive energy:                    0.1845646009 H            5.0223 eV

Excitation Energy:                   0.0000000000 H            0.0000 eV

Total energy:                       -6.4188230193 H         -174.6651 eV

SCC converged

Total Forces
    1     -0.000938015846     -0.000281442621      0.007379812302
    2      0.000587943056     -0.005525766486     -0.005994067936
    3      0.003323678047     -0.000627026985      0.002397325170
    4      0.001427210064      0.003357142054     -0.002494266117
    5     -0.001274305112      0.001564539630     -0.004705761919
    6     -0.003126510210      0.001512554408      0.003416958499

Maximal derivative component:        0.737981E-02 au


