REKS do not use any electronic distribution function

Calculation with static geometry

********************************************************************************************
  iSCC       reks energy        Diff energy         x_a       SCC error   
   67      -16.4166415774      -0.0000000000     0.999943    0.00000099
********************************************************************************************

 SA-REKS optimizes the avergaed state, not individual states
 These charges do not mean the charges for individual states
 Similarly to this, the values in band.out file indicate
 the band energies and occupations for the averaged state
 If you want to compute the relaxed density,
 please, set 'RelaxedDensity = Yes' option

 Total charge:     1.00000000

 Atomic gross charges (e)
 Atom           Charge
    1      -0.03898048
    2      -0.02247817
    3       0.08008215
    4       0.12412199
    5       0.11524663
    6       0.10608045
    7      -0.16147587
    8       0.11439322
    9       0.07293263
   10       0.19401894
   11       0.10243497
   12      -0.22645616
   13       0.26859404
   14       0.27148567

Nr. of electrons (up):     32.00000000
Atom populations (up)
 Atom       Population
    1       4.03898048
    2       4.02247817
    3       0.91991785
    4       0.87587801
    5       0.88475337
    6       3.89391955
    7       4.16147587
    8       0.88560678
    9       0.92706737
   10       3.80598106
   11       0.89756503
   12       5.22645616
   13       0.73140596
   14       0.72851433

l-shell populations (up)
 Atom Sh.   l       Population
    1   1   0       1.19051758
    1   2   1       2.84846290
    2   1   0       1.14418587
    2   2   1       2.87829229
    3   1   0       0.91991785
    4   1   0       0.87587801
    5   1   0       0.88475337
    6   1   0       1.16588784
    6   2   1       2.72803172
    7   1   0       1.17534577
    7   2   1       2.98613010
    8   1   0       0.88560678
    9   1   0       0.92706737
   10   1   0       1.13870984
   10   2   1       2.66727122
   11   1   0       0.89756503
   12   1   0       1.41209662
   12   2   1       3.81435954
   13   1   0       0.73140596
   14   1   0       0.72851433

Orbital populations (up)
 Atom Sh.   l   m       Population  Label
    1   1   0   0       1.19051758  s
    1   2   1  -1       0.96540742  p_y
    1   2   1   0       0.85005884  p_z
    1   2   1   1       1.03299665  p_x
    2   1   0   0       1.14418587  s
    2   2   1  -1       0.92588241  p_y
    2   2   1   0       0.94496984  p_z
    2   2   1   1       1.00744005  p_x
    3   1   0   0       0.91991785  s
    4   1   0   0       0.87587801  s
    5   1   0   0       0.88475337  s
    6   1   0   0       1.16588784  s
    6   2   1  -1       0.87445438  p_y
    6   2   1   0       0.91571260  p_z
    6   2   1   1       0.93786473  p_x
    7   1   0   0       1.17534577  s
    7   2   1  -1       1.06304091  p_y
    7   2   1   0       0.99426547  p_z
    7   2   1   1       0.92882372  p_x
    8   1   0   0       0.88560678  s
    9   1   0   0       0.92706737  s
   10   1   0   0       1.13870984  s
   10   2   1  -1       0.83971268  p_y
   10   2   1   0       0.94592904  p_z
   10   2   1   1       0.88162950  p_x
   11   1   0   0       0.89756503  s
   12   1   0   0       1.41209662  s
   12   2   1  -1       1.52953259  p_y
   12   2   1   0       1.12712387  p_z
   12   2   1   1       1.15770308  p_x
   13   1   0   0       0.73140596  s
   14   1   0   0       0.72851433  s

Input / Output electrons (q):     32.0000000000

Energy H0:                         -16.3634468998 H         -445.2720 eV
Energy SCC:                          0.0949384828 H            2.5834 eV
Energy SPIN:                        -0.0000109457 H           -0.0003 eV
Energy Fock:                        -0.6728689941 H          -18.3097 eV
Total Electronic energy:           -16.9413883568 H         -460.9986 eV
Repulsive energy:                    0.4681532878 H           12.7391 eV

Excitation Energy:                   0.0000000000 H            0.0000 eV

Total energy:                      -16.4771487867 H         -448.3660 eV

SCC converged

Total Forces
    1     -0.003512926044     -0.038904524997     -0.046276019718
    2     -0.070993151281      0.023892947484      0.004511836724
    3      0.037528662387     -0.005650603138      0.014982446836
    4     -0.025507409109     -0.002697710902      0.001716474482
    5     -0.020140627765     -0.024638801228     -0.014123124227
    6      0.105030238169      0.036993590909      0.010697490525
    7     -0.022718132013      0.027029351527      0.087255101304
    8     -0.017754985779     -0.008574962350      0.005431654796
    9     -0.037713545718      0.002272702337     -0.008613485465
   10     -0.002152631005     -0.025079165201     -0.042240788923
   11      0.006442544307      0.015611807143      0.014744139141
   12      0.032169797767     -0.015721841065     -0.050194275302
   13     -0.008536841480      0.002340567076      0.037858396666
   14      0.027859007563      0.013126642404     -0.015749846839

Maximal derivative component:        0.105030E+00 au


