REKS do not use any electronic distribution function

Calculation with static geometry

********************************************************************************************
  iSCC       reks energy        Diff energy         x_a       SCC error   
   58      -16.4423158393      -0.0000000000     0.999960    0.00000099
********************************************************************************************

 SA-REKS optimizes the avergaed state, not individual states
 These charges do not mean the charges for individual states
 Similarly to this, the values in band.out file indicate
 the band energies and occupations for the averaged state
 If you want to compute the relaxed density,
 please, set 'RelaxedDensity = Yes' option

 Total charge:     1.00000000

 Atomic gross charges (e)
 Atom           Charge
    1      -0.00472794
    2      -0.04934771
    3       0.11630855
    4       0.10953199
    5       0.10233036
    6       0.08861497
    7      -0.17694603
    8       0.10254523
    9       0.11259963
   10       0.22069598
   11       0.08887262
   12      -0.22456903
   13       0.25599305
   14       0.25809832

Nr. of electrons (up):     32.00000000
Atom populations (up)
 Atom       Population
    1       4.00472794
    2       4.04934771
    3       0.88369145
    4       0.89046801
    5       0.89766964
    6       3.91138503
    7       4.17694603
    8       0.89745477
    9       0.88740037
   10       3.77930402
   11       0.91112738
   12       5.22456903
   13       0.74400695
   14       0.74190168

l-shell populations (up)
 Atom Sh.   l       Population
    1   1   0       1.20687833
    1   2   1       2.79784961
    2   1   0       1.18074986
    2   2   1       2.86859784
    3   1   0       0.88369145
    4   1   0       0.89046801
    5   1   0       0.89766964
    6   1   0       1.18837428
    6   2   1       2.72301076
    7   1   0       1.18041467
    7   2   1       2.99653136
    8   1   0       0.89745477
    9   1   0       0.88740037
   10   1   0       1.12918337
   10   2   1       2.65012065
   11   1   0       0.91112738
   12   1   0       1.38427342
   12   2   1       3.84029562
   13   1   0       0.74400695
   14   1   0       0.74190168

Orbital populations (up)
 Atom Sh.   l   m       Population  Label
    1   1   0   0       1.20687833  s
    1   2   1  -1       1.03280302  p_y
    1   2   1   0       0.81160900  p_z
    1   2   1   1       0.95343759  p_x
    2   1   0   0       1.18074986  s
    2   2   1  -1       0.95753357  p_y
    2   2   1   0       0.98234019  p_z
    2   2   1   1       0.92872408  p_x
    3   1   0   0       0.88369145  s
    4   1   0   0       0.89046801  s
    5   1   0   0       0.89766964  s
    6   1   0   0       1.18837428  s
    6   2   1  -1       0.91638493  p_y
    6   2   1   0       0.83376254  p_z
    6   2   1   1       0.97286329  p_x
    7   1   0   0       1.18041467  s
    7   2   1  -1       0.94693876  p_y
    7   2   1   0       1.07298795  p_z
    7   2   1   1       0.97660465  p_x
    8   1   0   0       0.89745477  s
    9   1   0   0       0.88740037  s
   10   1   0   0       1.12918337  s
   10   2   1  -1       0.92035748  p_y
   10   2   1   0       0.86799916  p_z
   10   2   1   1       0.86176401  p_x
   11   1   0   0       0.91112738  s
   12   1   0   0       1.38427342  s
   12   2   1  -1       1.46476764  p_y
   12   2   1   0       1.24934924  p_z
   12   2   1   1       1.12617875  p_x
   13   1   0   0       0.74400695  s
   14   1   0   0       0.74190168  s

Input / Output electrons (q):     32.0000000000

Energy H0:                         -16.3457733603 H         -444.7911 eV
Energy SCC:                          0.0932068624 H            2.5363 eV
Energy SPIN:                        -0.0000070190 H           -0.0002 eV
Energy Fock:                        -0.6594369429 H          -17.9442 eV
Total Electronic energy:           -16.9120104598 H         -460.1992 eV
Repulsive energy:                    0.4231831774 H           11.5154 eV

Excitation Energy:                   0.0000000000 H            0.0000 eV

Total energy:                      -16.4957058482 H         -448.8710 eV

SCC converged

Total Forces
    1     -0.024378218254     -0.011150231121      0.031349595322
    2      0.061790693865     -0.004203448763     -0.061992842326
    3      0.020185755181     -0.001047063308     -0.013098429917
    4     -0.001036183264     -0.008706695420      0.002728999796
    5     -0.049305745658      0.016908488456      0.004918106680
    6      0.051575172636      0.019689725759      0.035585308179
    7     -0.034369947039     -0.050925448119      0.018580056321
    8     -0.037668581617      0.026548708929     -0.003701968058
    9      0.018140532171      0.018556822601      0.002814347517
   10      0.015844436827     -0.031514917878     -0.038095145787
   11     -0.027123740249      0.025849604048      0.015620139389
   12     -0.013286906861      0.007017800574      0.015352914423
   13      0.014840422007      0.003314012997     -0.012662433581
   14      0.004792310253     -0.010337358757      0.002601352043

Maximal derivative component:        0.619928E-01 au


