 KPT            1  SPIN            1  KWEIGHT    1.0000000000000000     
     1   -29.503  2.00000
     2   -27.356  2.00000
     3   -25.446  2.00000
     4   -23.098  2.00000
     5   -21.428  2.00000
     6   -20.320  2.00000
     7   -19.350  2.00000
     8   -18.603  2.00000
     9   -18.064  2.00000
    10   -17.470  2.00000
    11   -17.056  2.00000
    12   -16.622  2.00000
    13   -15.886  2.00000
    14   -15.476  2.00000
    15   -15.156  2.00000
    16   -13.123  1.50000
    17   -10.854  0.50000
    18    -3.838  0.00000
    19    -2.127  0.00000
    20     9.533  0.00000
    21     9.770  0.00000
    22    13.244  0.00000
    23    16.024  0.00000
    24    16.285  0.00000
    25    20.158  0.00000
    26    21.429  0.00000
    27    23.210  0.00000
    28    24.259  0.00000
    29    27.844  0.00000
    30    31.119  0.00000
    31    31.913  0.00000
    32    40.510  0.00000

