REKS do not use any electronic distribution function

Calculation with static geometry

********************************************************************************************
  iSCC       reks energy        Diff energy         x_a       SCC error   
   45      -16.4452607484      -0.0000000000     0.999999    0.00000093
********************************************************************************************

 SA-REKS optimizes the avergaed state, not individual states
 These charges do not mean the charges for individual states
 Similarly to this, the values in band.out file indicate
 the band energies and occupations for the averaged state
 If you want to compute the relaxed density,
 please, set 'RelaxedDensity = Yes' option

 Total charge:     1.00000000

 Atomic gross charges (e)
 Atom           Charge
    1      -0.01788312
    2      -0.04861942
    3       0.10333127
    4       0.11530892
    5       0.09953158
    6       0.12046490
    7      -0.18848298
    8       0.10313828
    9       0.11712575
   10       0.22458961
   11       0.10237639
   12      -0.23715112
   13       0.25027837
   14       0.25599157

Nr. of electrons (up):     32.00000000
Atom populations (up)
 Atom       Population
    1       4.01788312
    2       4.04861942
    3       0.89666873
    4       0.88469108
    5       0.90046842
    6       3.87953510
    7       4.18848298
    8       0.89686172
    9       0.88287425
   10       3.77541039
   11       0.89762361
   12       5.23715112
   13       0.74972163
   14       0.74400843

l-shell populations (up)
 Atom Sh.   l       Population
    1   1   0       1.19671988
    1   2   1       2.82116324
    2   1   0       1.16018141
    2   2   1       2.88843801
    3   1   0       0.89666873
    4   1   0       0.88469108
    5   1   0       0.90046842
    6   1   0       1.17003325
    6   2   1       2.70950186
    7   1   0       1.17705200
    7   2   1       3.01143098
    8   1   0       0.89686172
    9   1   0       0.88287425
   10   1   0       1.13121637
   10   2   1       2.64419402
   11   1   0       0.89762361
   12   1   0       1.40376690
   12   2   1       3.83338422
   13   1   0       0.74972163
   14   1   0       0.74400843

Orbital populations (up)
 Atom Sh.   l   m       Population  Label
    1   1   0   0       1.19671988  s
    1   2   1  -1       0.89786198  p_y
    1   2   1   0       1.02829170  p_z
    1   2   1   1       0.89500956  p_x
    2   1   0   0       1.16018141  s
    2   2   1  -1       0.96307899  p_y
    2   2   1   0       0.97029599  p_z
    2   2   1   1       0.95506303  p_x
    3   1   0   0       0.89666873  s
    4   1   0   0       0.88469108  s
    5   1   0   0       0.90046842  s
    6   1   0   0       1.17003325  s
    6   2   1  -1       0.80489279  p_y
    6   2   1   0       0.98087730  p_z
    6   2   1   1       0.92373178  p_x
    7   1   0   0       1.17705200  s
    7   2   1  -1       1.03174628  p_y
    7   2   1   0       1.03558556  p_z
    7   2   1   1       0.94409914  p_x
    8   1   0   0       0.89686172  s
    9   1   0   0       0.88287425  s
   10   1   0   0       1.13121637  s
   10   2   1  -1       0.88609646  p_y
   10   2   1   0       0.91167104  p_z
   10   2   1   1       0.84642653  p_x
   11   1   0   0       0.89762361  s
   12   1   0   0       1.40376690  s
   12   2   1  -1       1.31330748  p_y
   12   2   1   0       1.33241034  p_z
   12   2   1   1       1.18766640  p_x
   13   1   0   0       0.74972163  s
   14   1   0   0       0.74400843  s

Input / Output electrons (q):     32.0000000000

Energy H0:                         -16.3582485038 H         -445.1306 eV
Energy SCC:                          0.0970660812 H            2.6413 eV
Energy SPIN:                        -0.0000002145 H           -0.0000 eV
Energy Fock:                        -0.6606823811 H          -17.9781 eV
Total Electronic energy:           -16.9218650181 H         -460.4674 eV
Repulsive energy:                    0.4420181778 H           12.0279 eV

Excitation Energy:                   0.0000000000 H            0.0000 eV

Total energy:                      -16.4872483372 H         -448.6409 eV

SCC converged

Total Forces
    1     -0.008239983046      0.017702764250     -0.005248043097
    2     -0.021848511569     -0.003582349465      0.055455676265
    3      0.005924944228      0.000663656226     -0.015519379933
    4     -0.025840221585     -0.022394151563      0.029335524534
    5     -0.017309358265      0.001293316824     -0.024743860359
    6      0.081957025425      0.007357179241     -0.019478634598
    7      0.022943023065     -0.008183480271     -0.036154229234
    8     -0.011681159659     -0.014391628604     -0.006649705588
    9     -0.012449629071      0.004055460457     -0.019227756288
   10      0.027502504881     -0.001342758421     -0.005599751851
   11     -0.002785155575      0.033450072526      0.015589528845
   12      0.004083927566      0.000088124949      0.025591745591
   13     -0.017824487976     -0.018351774978     -0.011787587121
   14     -0.024432918418      0.003635568829      0.018436472834

Maximal derivative component:        0.819570E-01 au


