 KPT            1  SPIN            1  KWEIGHT    1.0000000000000000     
     1   -29.765  2.00000
     2   -27.053  2.00000
     3   -25.562  2.00000
     4   -23.330  2.00000
     5   -21.353  2.00000
     6   -19.960  2.00000
     7   -19.754  2.00000
     8   -18.446  2.00000
     9   -18.147  2.00000
    10   -17.457  2.00000
    11   -17.110  2.00000
    12   -16.579  2.00000
    13   -16.194  2.00000
    14   -15.133  2.00000
    15   -14.708  2.00000
    16   -14.041  1.49998
    17   -10.870  0.50002
    18    -4.022  0.00000
    19    -3.091  0.00000
    20     7.527  0.00000
    21     8.053  0.00000
    22     9.927  0.00000
    23    10.811  0.00000
    24    13.145  0.00000
    25    14.418  0.00000
    26    15.562  0.00000
    27    16.729  0.00000
    28    17.977  0.00000
    29    20.477  0.00000
    30    22.940  0.00000
    31    28.667  0.00000
    32    39.043  0.00000

