REKS do not use any electronic distribution function

Calculation with static geometry

********************************************************************************************
  iSCC       reks energy        Diff energy         x_a       SCC error   
   95      -16.4181237627      -0.0000000000     0.999975    0.00000099
********************************************************************************************

 SA-REKS optimizes the avergaed state, not individual states
 These charges do not mean the charges for individual states
 Similarly to this, the values in band.out file indicate
 the band energies and occupations for the averaged state
 If you want to compute the relaxed density,
 please, set 'RelaxedDensity = Yes' option

 Total charge:     1.00000000

 Atomic gross charges (e)
 Atom           Charge
    1      -0.10024483
    2      -0.02134812
    3       0.08105112
    4       0.13395824
    5       0.12759839
    6       0.07804882
    7      -0.16102061
    8       0.11522709
    9       0.13261830
   10       0.19110810
   11       0.10832262
   12      -0.21975498
   13       0.27567808
   14       0.25875779

Nr. of electrons (up):     32.00000000
Atom populations (up)
 Atom       Population
    1       4.10024483
    2       4.02134812
    3       0.91894888
    4       0.86604176
    5       0.87240161
    6       3.92195118
    7       4.16102061
    8       0.88477291
    9       0.86738170
   10       3.80889190
   11       0.89167738
   12       5.21975498
   13       0.72432192
   14       0.74124221

l-shell populations (up)
 Atom Sh.   l       Population
    1   1   0       1.20192297
    1   2   1       2.89832186
    2   1   0       1.19304555
    2   2   1       2.82830257
    3   1   0       0.91894888
    4   1   0       0.86604176
    5   1   0       0.87240161
    6   1   0       1.24539849
    6   2   1       2.67655269
    7   1   0       1.21800518
    7   2   1       2.94301544
    8   1   0       0.88477291
    9   1   0       0.86738170
   10   1   0       1.16758601
   10   2   1       2.64130589
   11   1   0       0.89167738
   12   1   0       1.41321919
   12   2   1       3.80653579
   13   1   0       0.72432192
   14   1   0       0.74124221

Orbital populations (up)
 Atom Sh.   l   m       Population  Label
    1   1   0   0       1.20192297  s
    1   2   1  -1       0.96207292  p_y
    1   2   1   0       0.98621812  p_z
    1   2   1   1       0.95003083  p_x
    2   1   0   0       1.19304555  s
    2   2   1  -1       0.91160488  p_y
    2   2   1   0       0.94460566  p_z
    2   2   1   1       0.97209202  p_x
    3   1   0   0       0.91894888  s
    4   1   0   0       0.86604176  s
    5   1   0   0       0.87240161  s
    6   1   0   0       1.24539849  s
    6   2   1  -1       0.92730882  p_y
    6   2   1   0       0.78768737  p_z
    6   2   1   1       0.96155650  p_x
    7   1   0   0       1.21800518  s
    7   2   1  -1       1.02200142  p_y
    7   2   1   0       1.03079179  p_z
    7   2   1   1       0.89022223  p_x
    8   1   0   0       0.88477291  s
    9   1   0   0       0.86738170  s
   10   1   0   0       1.16758601  s
   10   2   1  -1       0.86819628  p_y
   10   2   1   0       0.82187902  p_z
   10   2   1   1       0.95123058  p_x
   11   1   0   0       0.89167738  s
   12   1   0   0       1.41321919  s
   12   2   1  -1       1.26653572  p_y
   12   2   1   0       1.33387670  p_z
   12   2   1   1       1.20612337  p_x
   13   1   0   0       0.72432192  s
   14   1   0   0       0.74124221  s

Input / Output electrons (q):     32.0000000000

Energy H0:                         -16.2324621121 H         -441.7078 eV
Energy SCC:                          0.0994561659 H            2.7063 eV
Energy SPIN:                        -0.0000055778 H           -0.0002 eV
Energy Fock:                        -0.6563682747 H          -17.8607 eV
Total Electronic energy:           -16.7893797987 H         -456.8623 eV
Repulsive energy:                    0.3130223945 H            8.5178 eV

Excitation Energy:                   0.0000000000 H            0.0000 eV

Total energy:                      -16.4795949230 H         -448.4326 eV

SCC converged

Total Forces
    1      0.031566455312      0.018653557766     -0.005359661310
    2      0.006779886919      0.045449074986      0.014320248695
    3     -0.007328791876     -0.012435515307     -0.011885694318
    4     -0.004718691042     -0.002136255177      0.002813146071
    5      0.009658406082      0.016629906338     -0.004733217375
    6      0.037365630330     -0.045714321930      0.078667344611
    7     -0.028135798618      0.009839046771     -0.075841829603
    8      0.011328064510     -0.021604220487     -0.008377397524
    9      0.007353543593     -0.009502824409     -0.018229964956
   10     -0.050061477708      0.009541741148      0.024801882847
   11      0.001849015095     -0.021800679788     -0.026689151548
   12      0.010147680646      0.007344488791      0.037265938418
   13     -0.047880041648     -0.004892101812      0.016725457852
   14      0.022076118405      0.010628103109     -0.023477101859

Maximal derivative component:        0.786673E-01 au


