REKS do not use any electronic distribution function

Calculation with static geometry

********************************************************************************************
  iSCC       reks energy        Diff energy         x_a       SCC error   
   38       -6.2820365696      -0.0000000000     0.999978    0.00000082
********************************************************************************************

 SA-REKS optimizes the avergaed state, not individual states
 These charges do not mean the charges for individual states
 Similarly to this, the values in band.out file indicate
 the band energies and occupations for the averaged state
 If you want to compute the relaxed density,
 please, set 'RelaxedDensity = Yes' option

 Total charge:     1.00000000

 Atomic gross charges (e)
 Atom           Charge
    1       0.10093357
    2      -0.09727702
    3       0.19365855
    4       0.30757198
    5       0.30908744
    6       0.18602548

Nr. of electrons (up):     12.00000000
Atom populations (up)
 Atom       Population
    1       3.89906643
    2       5.09727702
    3       0.80634145
    4       0.69242802
    5       0.69091256
    6       0.81397452

l-shell populations (up)
 Atom Sh.   l       Population
    1   1   0       1.17003861
    1   2   1       2.72902782
    2   1   0       1.37928089
    2   2   1       3.71799613
    3   1   0       0.80634145
    4   1   0       0.69242802
    5   1   0       0.69091256
    6   1   0       0.81397452

Orbital populations (up)
 Atom Sh.   l   m       Population  Label
    1   1   0   0       1.17003861  s
    1   2   1  -1       0.85919460  p_y
    1   2   1   0       0.89077983  p_z
    1   2   1   1       0.97905340  p_x
    2   1   0   0       1.37928089  s
    2   2   1  -1       1.10769069  p_y
    2   2   1   0       1.11939537  p_z
    2   2   1   1       1.49091006  p_x
    3   1   0   0       0.80634145  s
    4   1   0   0       0.69242802  s
    5   1   0   0       0.69091256  s
    6   1   0   0       0.81397452  s

Input / Output electrons (q):     12.0000000000

Energy H0:                          -6.5366739902 H         -177.8719 eV
Energy SCC:                          0.1360574713 H            3.7023 eV
Energy SPIN:                        -0.0000128137 H           -0.0003 eV
Energy Fock:                        -0.2096783422 H           -5.7056 eV
Total Electronic energy:            -6.6103076748 H         -179.8756 eV
Repulsive energy:                    0.1970459155 H            5.3619 eV

Excitation Energy:                   0.0000000000 H            0.0000 eV

Total energy:                       -6.4132618780 H         -174.5137 eV

SCC converged

Total Forces
    1      0.007454102703      0.016478383958     -0.037328107030
    2     -0.030158721312      0.003574265622      0.051167423403
    3     -0.000235034109     -0.005502755145      0.006207285659
    4      0.012322790935     -0.005461066733     -0.008440613008
    5      0.010648311575     -0.007239521971     -0.006117354978
    6     -0.000031449792     -0.001849305731     -0.005488634046

Maximal derivative component:        0.511674E-01 au


