REKS do not use any electronic distribution function

Calculation with static geometry

********************************************************************************************
  iSCC       reks energy        Diff energy         x_a       SCC error   
   82      -16.4307659230      -0.0000000000     0.999917    0.00000095
********************************************************************************************

 SA-REKS optimizes the avergaed state, not individual states
 These charges do not mean the charges for individual states
 Similarly to this, the values in band.out file indicate
 the band energies and occupations for the averaged state
 If you want to compute the relaxed density,
 please, set 'RelaxedDensity = Yes' option

 Total charge:     1.00000000

 Atomic gross charges (e)
 Atom           Charge
    1       0.01034372
    2      -0.03092956
    3       0.10858726
    4       0.10374409
    5       0.08423821
    6       0.08742892
    7      -0.16063808
    8       0.07475206
    9       0.11798883
   10       0.14930649
   11       0.09599370
   12      -0.13421871
   13       0.24505878
   14       0.24834428

Nr. of electrons (up):     32.00000000
Atom populations (up)
 Atom       Population
    1       3.98965628
    2       4.03092956
    3       0.89141274
    4       0.89625591
    5       0.91576179
    6       3.91257108
    7       4.16063808
    8       0.92524794
    9       0.88201117
   10       3.85069351
   11       0.90400630
   12       5.13421871
   13       0.75494122
   14       0.75165572

l-shell populations (up)
 Atom Sh.   l       Population
    1   1   0       1.20027619
    1   2   1       2.78938009
    2   1   0       1.13269496
    2   2   1       2.89823460
    3   1   0       0.89141274
    4   1   0       0.89625591
    5   1   0       0.91576179
    6   1   0       1.16489288
    6   2   1       2.74767820
    7   1   0       1.20876294
    7   2   1       2.95187514
    8   1   0       0.92524794
    9   1   0       0.88201117
   10   1   0       1.15906003
   10   2   1       2.69163348
   11   1   0       0.90400630
   12   1   0       1.35600785
   12   2   1       3.77821086
   13   1   0       0.75494122
   14   1   0       0.75165572

Orbital populations (up)
 Atom Sh.   l   m       Population  Label
    1   1   0   0       1.20027619  s
    1   2   1  -1       0.94520858  p_y
    1   2   1   0       0.81919367  p_z
    1   2   1   1       1.02497784  p_x
    2   1   0   0       1.13269496  s
    2   2   1  -1       0.95618385  p_y
    2   2   1   0       0.96388029  p_z
    2   2   1   1       0.97817046  p_x
    3   1   0   0       0.89141274  s
    4   1   0   0       0.89625591  s
    5   1   0   0       0.91576179  s
    6   1   0   0       1.16489288  s
    6   2   1  -1       0.93650873  p_y
    6   2   1   0       0.90653416  p_z
    6   2   1   1       0.90463531  p_x
    7   1   0   0       1.20876294  s
    7   2   1  -1       0.96994828  p_y
    7   2   1   0       1.01729295  p_z
    7   2   1   1       0.96463391  p_x
    8   1   0   0       0.92524794  s
    9   1   0   0       0.88201117  s
   10   1   0   0       1.15906003  s
   10   2   1  -1       0.88087877  p_y
   10   2   1   0       0.94655899  p_z
   10   2   1   1       0.86419572  p_x
   11   1   0   0       0.90400630  s
   12   1   0   0       1.35600785  s
   12   2   1  -1       1.38633377  p_y
   12   2   1   0       1.28164258  p_z
   12   2   1   1       1.11023452  p_x
   13   1   0   0       0.75494122  s
   14   1   0   0       0.75165572  s

Input / Output electrons (q):     32.0000000000

Energy H0:                         -16.4292053719 H         -447.0614 eV
Energy SCC:                          0.0987605213 H            2.6874 eV
Energy SPIN:                        -0.0000180834 H           -0.0005 eV
Energy Fock:                        -0.6615268966 H          -18.0011 eV
Total Electronic energy:           -16.9919898306 H         -462.3756 eV
Repulsive energy:                    0.4919256130 H           13.3860 eV

Excitation Energy:                   0.0000000000 H            0.0000 eV

Total energy:                      -16.5021193979 H         -449.0455 eV

SCC converged

Total Forces
    1     -0.036673117516     -0.030509050919     -0.004174053076
    2     -0.057098715935      0.021996786770      0.021646455157
    3      0.017354347225     -0.012788677837     -0.008430657328
    4      0.017023601157      0.001899087465     -0.005723302692
    5     -0.013966114766     -0.002383903771     -0.001394902855
    6      0.111361454092      0.025265035135     -0.017397215206
    7     -0.012677737364      0.088527203228      0.006602208042
    8     -0.016866362088     -0.008769200935      0.013741470814
    9      0.006769507413     -0.025168091339     -0.011643707618
   10     -0.075557139396     -0.110208995649      0.041438805834
   11      0.007902405163      0.028527592521     -0.011364867732
   12      0.059542644379      0.018288915225     -0.032366185418
   13      0.004352390233      0.021306809997      0.023528491983
   14     -0.011467162597     -0.015983509892     -0.014462539904

Maximal derivative component:        0.111361E+00 au


