REKS do not use any electronic distribution function

Calculation with static geometry

********************************************************************************************
  iSCC       reks energy        Diff energy         x_a       SCC error   
   38       -6.2823923230      -0.0000000000     0.999976    0.00000098
********************************************************************************************

 SA-REKS optimizes the avergaed state, not individual states
 These charges do not mean the charges for individual states
 Similarly to this, the values in band.out file indicate
 the band energies and occupations for the averaged state
 If you want to compute the relaxed density,
 please, set 'RelaxedDensity = Yes' option

 Total charge:     1.00000000

 Atomic gross charges (e)
 Atom           Charge
    1       0.10114553
    2      -0.09804731
    3       0.19406865
    4       0.30759791
    5       0.30939320
    6       0.18584202

Nr. of electrons (up):     12.00000000
Atom populations (up)
 Atom       Population
    1       3.89885447
    2       5.09804731
    3       0.80593135
    4       0.69240209
    5       0.69060680
    6       0.81415798

l-shell populations (up)
 Atom Sh.   l       Population
    1   1   0       1.17202474
    1   2   1       2.72682973
    2   1   0       1.37950842
    2   2   1       3.71853889
    3   1   0       0.80593135
    4   1   0       0.69240209
    5   1   0       0.69060680
    6   1   0       0.81415798

Orbital populations (up)
 Atom Sh.   l   m       Population  Label
    1   1   0   0       1.17202474  s
    1   2   1  -1       0.85860213  p_y
    1   2   1   0       0.89264299  p_z
    1   2   1   1       0.97558461  p_x
    2   1   0   0       1.37950842  s
    2   2   1  -1       1.10904704  p_y
    2   2   1   0       1.12122353  p_z
    2   2   1   1       1.48826832  p_x
    3   1   0   0       0.80593135  s
    4   1   0   0       0.69240209  s
    5   1   0   0       0.69060680  s
    6   1   0   0       0.81415798  s

Input / Output electrons (q):     12.0000000000

Energy H0:                          -6.5358599886 H         -177.8498 eV
Energy SCC:                          0.1360022684 H            3.7008 eV
Energy SPIN:                        -0.0000137125 H           -0.0004 eV
Energy Fock:                        -0.2096216224 H           -5.7041 eV
Total Electronic energy:            -6.6094930551 H         -179.8535 eV
Repulsive energy:                    0.1962521601 H            5.3403 eV

Excitation Energy:                   0.0000000000 H            0.0000 eV

Total energy:                       -6.4132609341 H         -174.5137 eV

SCC converged

Total Forces
    1      0.006369707743     -0.009740328982     -0.036404957663
    2     -0.027506297689     -0.006754355337      0.043908031283
    3     -0.003766774643      0.002464370242      0.007482574281
    4      0.007384833590      0.006659602574     -0.004608214120
    5      0.013681428510      0.005870566159     -0.003171595756
    6      0.003837102489      0.001500145344     -0.007205838025

Maximal derivative component:        0.439080E-01 au


