REKS do not use any electronic distribution function

Calculation with static geometry

********************************************************************************************
  iSCC       reks energy        Diff energy         x_a       SCC error   
   62       -6.2845087065      -0.0000000000     0.999929    0.00000091
********************************************************************************************

 SA-REKS optimizes the avergaed state, not individual states
 These charges do not mean the charges for individual states
 Similarly to this, the values in band.out file indicate
 the band energies and occupations for the averaged state
 If you want to compute the relaxed density,
 please, set 'RelaxedDensity = Yes' option

 Total charge:     1.00000000

 Atomic gross charges (e)
 Atom           Charge
    1       0.12433318
    2      -0.11257986
    3       0.18295575
    4       0.31178290
    5       0.31122477
    6       0.18228327

Nr. of electrons (up):     12.00000000
Atom populations (up)
 Atom       Population
    1       3.87566682
    2       5.11257986
    3       0.81704425
    4       0.68821710
    5       0.68877523
    6       0.81771673

l-shell populations (up)
 Atom Sh.   l       Population
    1   1   0       1.17603937
    1   2   1       2.69962745
    2   1   0       1.37735939
    2   2   1       3.73522047
    3   1   0       0.81704425
    4   1   0       0.68821710
    5   1   0       0.68877523
    6   1   0       0.81771673

Orbital populations (up)
 Atom Sh.   l   m       Population  Label
    1   1   0   0       1.17603937  s
    1   2   1  -1       0.94068770  p_y
    1   2   1   0       0.89426163  p_z
    1   2   1   1       0.86467813  p_x
    2   1   0   0       1.37735939  s
    2   2   1  -1       1.51005967  p_y
    2   2   1   0       1.12633685  p_z
    2   2   1   1       1.09882396  p_x
    3   1   0   0       0.81704425  s
    4   1   0   0       0.68821710  s
    5   1   0   0       0.68877523  s
    6   1   0   0       0.81771673  s

Input / Output electrons (q):     12.0000000000

Energy H0:                          -6.5293561656 H         -177.6728 eV
Energy SCC:                          0.1344506769 H            3.6586 eV
Energy SPIN:                        -0.0000373596 H           -0.0010 eV
Energy Fock:                        -0.2090768142 H           -5.6893 eV
Total Electronic energy:            -6.6040196625 H         -179.7045 eV
Repulsive energy:                    0.1959209912 H            5.3313 eV

Excitation Energy:                   0.0000000000 H            0.0000 eV

Total energy:                       -6.4086942905 H         -174.3894 eV

SCC converged

Total Forces
    1      0.002046050169      0.001832188454     -0.013917860645
    2     -0.003054740071      0.000197566477      0.008539644050
    3      0.004973360255      0.013917250868     -0.001428164374
    4      0.004351684478     -0.016595933485      0.003890453865
    5     -0.002770011051      0.015570105383      0.006144865244
    6     -0.005546343781     -0.014921177697     -0.003228938141

Maximal derivative component:        0.165959E-01 au


