REKS do not use any electronic distribution function

Calculation with static geometry

********************************************************************************************
  iSCC       reks energy        Diff energy         x_a       SCC error   
   54       -6.2887325583      -0.0000000000     0.999966    0.00000085
********************************************************************************************

 SA-REKS optimizes the avergaed state, not individual states
 These charges do not mean the charges for individual states
 Similarly to this, the values in band.out file indicate
 the band energies and occupations for the averaged state
 If you want to compute the relaxed density,
 please, set 'RelaxedDensity = Yes' option

 Total charge:     1.00000000

 Atomic gross charges (e)
 Atom           Charge
    1       0.10839958
    2      -0.11277884
    3       0.19092001
    4       0.31087581
    5       0.31045796
    6       0.19212548

Nr. of electrons (up):     12.00000000
Atom populations (up)
 Atom       Population
    1       3.89160042
    2       5.11277884
    3       0.80907999
    4       0.68912419
    5       0.68954204
    6       0.80787452

l-shell populations (up)
 Atom Sh.   l       Population
    1   1   0       1.18277617
    1   2   1       2.70882425
    2   1   0       1.38451359
    2   2   1       3.72826524
    3   1   0       0.80907999
    4   1   0       0.68912419
    5   1   0       0.68954204
    6   1   0       0.80787452

Orbital populations (up)
 Atom Sh.   l   m       Population  Label
    1   1   0   0       1.18277617  s
    1   2   1  -1       0.85456721  p_y
    1   2   1   0       0.88494286  p_z
    1   2   1   1       0.96931419  p_x
    2   1   0   0       1.38451359  s
    2   2   1  -1       1.10699810  p_y
    2   2   1   0       1.11624895  p_z
    2   2   1   1       1.50501820  p_x
    3   1   0   0       0.80907999  s
    4   1   0   0       0.68912419  s
    5   1   0   0       0.68954204  s
    6   1   0   0       0.80787452  s

Input / Output electrons (q):     12.0000000000

Energy H0:                          -6.5227355561 H         -177.4927 eV
Energy SCC:                          0.1348537477 H            3.6696 eV
Energy SPIN:                        -0.0000191432 H           -0.0005 eV
Energy Fock:                        -0.2067690442 H           -5.6265 eV
Total Electronic energy:            -6.5946699958 H         -179.4501 eV
Repulsive energy:                    0.1772159381 H            4.8223 eV

Excitation Energy:                   0.0000000000 H            0.0000 eV

Total energy:                       -6.4174980070 H         -174.6290 eV

SCC converged

Total Forces
    1     -0.001034806897     -0.001048003476      0.022996625834
    2      0.001419380821      0.002408776978     -0.020980398681
    3      0.005737653113     -0.001871967433     -0.000987825554
    4      0.005678214735     -0.001338579028     -0.001468350495
    5     -0.006614219887     -0.000358292421     -0.001116851269
    6     -0.005186221886      0.002208065380      0.001556800164

Maximal derivative component:        0.229966E-01 au


