REKS do not use any electronic distribution function

Calculation with static geometry

********************************************************************************************
  iSCC       reks energy        Diff energy         x_a       SCC error   
   38       -6.2831464173      -0.0000000000     0.999978    0.00000080
********************************************************************************************

 SA-REKS optimizes the avergaed state, not individual states
 These charges do not mean the charges for individual states
 Similarly to this, the values in band.out file indicate
 the band energies and occupations for the averaged state
 If you want to compute the relaxed density,
 please, set 'RelaxedDensity = Yes' option

 Total charge:     1.00000000

 Atomic gross charges (e)
 Atom           Charge
    1       0.09945237
    2      -0.09753966
    3       0.18685259
    4       0.30922775
    5       0.30786930
    6       0.19413765

Nr. of electrons (up):     12.00000000
Atom populations (up)
 Atom       Population
    1       3.90054763
    2       5.09753966
    3       0.81314741
    4       0.69077225
    5       0.69213070
    6       0.80586235

l-shell populations (up)
 Atom Sh.   l       Population
    1   1   0       1.17161472
    1   2   1       2.72893291
    2   1   0       1.37898234
    2   2   1       3.71855732
    3   1   0       0.81314741
    4   1   0       0.69077225
    5   1   0       0.69213070
    6   1   0       0.80586235

Orbital populations (up)
 Atom Sh.   l   m       Population  Label
    1   1   0   0       1.17161472  s
    1   2   1  -1       0.85709249  p_y
    1   2   1   0       0.89066333  p_z
    1   2   1   1       0.98117709  p_x
    2   1   0   0       1.37898234  s
    2   2   1  -1       1.10642360  p_y
    2   2   1   0       1.11822546  p_z
    2   2   1   1       1.49390825  p_x
    3   1   0   0       0.81314741  s
    4   1   0   0       0.69077225  s
    5   1   0   0       0.69213070  s
    6   1   0   0       0.80586235  s

Input / Output electrons (q):     12.0000000000

Energy H0:                          -6.5353280862 H         -177.8353 eV
Energy SCC:                          0.1359963020 H            3.7006 eV
Energy SPIN:                        -0.0000126785 H           -0.0003 eV
Energy Fock:                        -0.2094071659 H           -5.6983 eV
Total Electronic energy:            -6.6087516286 H         -179.8333 eV
Repulsive energy:                    0.1940170835 H            5.2795 eV

Excitation Energy:                   0.0000000000 H            0.0000 eV

Total energy:                       -6.4147349170 H         -174.5538 eV

SCC converged

Total Forces
    1     -0.005319192156      0.014173256185     -0.034682418231
    2      0.024878308292      0.000722132033      0.044902354196
    3     -0.000666727308     -0.002496989039     -0.004801295689
    4     -0.009398078332     -0.004569279871     -0.005917817894
    5     -0.009995723764     -0.005396256279     -0.007561520243
    6      0.000501413267     -0.002432863029      0.008060697862

Maximal derivative component:        0.449024E-01 au


