REKS do not use any electronic distribution function

Calculation with static geometry

********************************************************************************************
  iSCC       reks energy        Diff energy         x_a       SCC error   
   43       -6.1769063434      -0.0000000000     0.999802    0.00000093
********************************************************************************************

 SA-REKS optimizes the avergaed state, not individual states
 These charges do not mean the charges for individual states
 Similarly to this, the values in band.out file indicate
 the band energies and occupations for the averaged state
 If you want to compute the relaxed density,
 please, set 'RelaxedDensity = Yes' option

 Total charge:     1.00000000

 Atomic gross charges (e)
 Atom           Charge
    1       0.08310015
    2      -0.23401266
    3       0.14433150
    4       0.44492968
    5       0.38140159
    6       0.18024974

Nr. of electrons (up):     12.00000000
Atom populations (up)
 Atom       Population
    1       3.91689985
    2       5.23401266
    3       0.85566850
    4       0.55507032
    5       0.61859841
    6       0.81975026

l-shell populations (up)
 Atom Sh.   l       Population
    1   1   0       1.19805650
    1   2   1       2.71884335
    2   1   0       1.49332278
    2   2   1       3.74068988
    3   1   0       0.85566850
    4   1   0       0.55507032
    5   1   0       0.61859841
    6   1   0       0.81975026

Orbital populations (up)
 Atom Sh.   l   m       Population  Label
    1   1   0   0       1.19805650  s
    1   2   1  -1       0.97161127  p_y
    1   2   1   0       0.86998050  p_z
    1   2   1   1       0.87725159  p_x
    2   1   0   0       1.49332278  s
    2   2   1  -1       1.49634174  p_y
    2   2   1   0       1.20216902  p_z
    2   2   1   1       1.04217912  p_x
    3   1   0   0       0.85566850  s
    4   1   0   0       0.55507032  s
    5   1   0   0       0.61859841  s
    6   1   0   0       0.81975026  s

Input / Output electrons (q):     12.0000000000

Energy H0:                          -6.2943484439 H         -171.2779 eV
Energy SCC:                          0.1333168343 H            3.6277 eV
Energy SPIN:                        -0.0000921152 H           -0.0025 eV
Energy Fock:                        -0.2327622739 H           -6.3338 eV
Total Electronic energy:            -6.3938859987 H         -173.9865 eV
Repulsive energy:                    0.1094720477 H            2.9789 eV

Excitation Energy:                   0.0000000000 H            0.0000 eV

Total energy:                       -6.2844139620 H         -171.0076 eV

SCC converged

Total Forces
    1     -0.099139935674     -0.027032515716      0.033440473915
    2      0.035443869022     -0.000186647654     -0.136142095166
    3      0.052759205142      0.015797978727     -0.027739240015
    4     -0.067413092785     -0.013329211672      0.082862516785
    5      0.052104255384      0.014803521456     -0.000189550304
    6      0.026245698912      0.009946874858      0.047767894786

Maximal derivative component:        0.136142E+00 au


