 Fermi distribution function

Calculation with static geometry


********************************************************************************
 iSCC Total electronic   Diff electronic      SCC error    
   12   -0.53751881E+01   -0.23367974E-11    0.40986139E-08
********************************************************************************

 Total charge:     1.00000000

 Atomic gross charges (e)
 Atom           Charge
    1       0.37556477
    2      -0.27022993
    3       0.14261663
    4       0.28617060
    5       0.31601536
    6       0.14986256

Nr. of electrons (up):     12.00000000
Atom populations (up)
 Atom       Population
    1       3.62443523
    2       5.27022993
    3       0.85738337
    4       0.71382940
    5       0.68398464
    6       0.85013744

l-shell populations (up)
 Atom Sh.   l       Population
    1   1   0       1.30971379
    1   2   1       2.31472143
    2   1   0       1.42000531
    2   2   1       3.85022462
    3   1   0       0.85738337
    4   1   0       0.71382940
    5   1   0       0.68398464
    6   1   0       0.85013744

Orbital populations (up)
 Atom Sh.   l   m       Population  Label
    1   1   0   0       1.30971379  s
    1   2   1  -1       0.50257931  p_y
    1   2   1   0       0.90077690  p_z
    1   2   1   1       0.91136523  p_x
    2   1   0   0       1.42000531  s
    2   2   1  -1       1.34147443  p_y
    2   2   1   0       1.06765654  p_z
    2   2   1   1       1.44109366  p_x
    3   1   0   0       0.85738337  s
    4   1   0   0       0.71382940  s
    5   1   0   0       0.68398464  s
    6   1   0   0       0.85013744  s

Fermi level:                        -0.4849635646 H          -13.1965 eV
Band energy:                        -8.8007331404 H         -239.4801 eV
TS:                                  0.0000000000 H            0.0000 eV
Band free energy (E-TS):            -8.8007331404 H         -239.4801 eV
Extrapolated E(0K):                 -8.8007331404 H         -239.4801 eV
Input / Output electrons (q):     12.0000000000     12.0000000000

Energy H0:                          -5.5090513380 H         -149.9089 eV
Energy SCC:                          0.1338631918 H            3.6426 eV
Total Electronic energy:            -5.3751881463 H         -146.2663 eV
Repulsive energy:                    0.1881236959 H            5.1191 eV
Total energy:                       -5.1870644503 H         -141.1472 eV
Extrapolated to 0:                  -5.1870644503 H         -141.1472 eV
Total Mermin free energy:           -5.1870644503 H         -141.1472 eV
Force related energy:               -5.1870644503 H         -141.1472 eV

SCC converged

Excitation Energy:                   0.0754866066 H            2.0541 eV

Total Forces
    1      0.007210462542      0.000648227727      0.017143688164
    2     -0.010639114807      0.016966885300     -0.017339186484
    3     -0.012910084116      0.015584124234      0.003604961853
    4     -0.013161555241     -0.018033886094     -0.001858893044
    5      0.022213211690      0.004763510910     -0.002817912133
    6      0.007287079931     -0.019928862078      0.001267341643

Maximal derivative component:        0.222132E-01 au


