REKS do not use any electronic distribution function

Calculation with static geometry

********************************************************************************************
  iSCC       reks energy        Diff energy         x_a       SCC error   
   71       -6.2050794987      -0.0000000000     0.999850    0.00000091
********************************************************************************************

 SA-REKS optimizes the avergaed state, not individual states
 These charges do not mean the charges for individual states
 Similarly to this, the values in band.out file indicate
 the band energies and occupations for the averaged state
 If you want to compute the relaxed density,
 please, set 'RelaxedDensity = Yes' option

 Total charge:     1.00000000

 Atomic gross charges (e)
 Atom           Charge
    1       0.15499584
    2      -0.13612260
    3       0.16765305
    4       0.32617799
    5       0.30626258
    6       0.18103314

Nr. of electrons (up):     12.00000000
Atom populations (up)
 Atom       Population
    1       3.84500416
    2       5.13612260
    3       0.83234695
    4       0.67382201
    5       0.69373742
    6       0.81896686

l-shell populations (up)
 Atom Sh.   l       Population
    1   1   0       1.16426407
    1   2   1       2.68074009
    2   1   0       1.47084803
    2   2   1       3.66527456
    3   1   0       0.83234695
    4   1   0       0.67382201
    5   1   0       0.69373742
    6   1   0       0.81896686

Orbital populations (up)
 Atom Sh.   l   m       Population  Label
    1   1   0   0       1.16426407  s
    1   2   1  -1       1.01780314  p_y
    1   2   1   0       0.83571850  p_z
    1   2   1   1       0.82721845  p_x
    2   1   0   0       1.47084803  s
    2   2   1  -1       1.09475072  p_y
    2   2   1   0       1.18707547  p_z
    2   2   1   1       1.38344837  p_x
    3   1   0   0       0.83234695  s
    4   1   0   0       0.67382201  s
    5   1   0   0       0.69373742  s
    6   1   0   0       0.81896686  s

Input / Output electrons (q):     12.0000000000

Energy H0:                          -6.3138624133 H         -171.8089 eV
Energy SCC:                          0.1365632363 H            3.7161 eV
Energy SPIN:                        -0.0000517489 H           -0.0014 eV
Energy Fock:                        -0.2297831239 H           -6.2527 eV
Total Electronic energy:            -6.4071340498 H         -174.3470 eV
Repulsive energy:                    0.1383706115 H            3.7653 eV

Excitation Energy:                   0.0000000000 H            0.0000 eV

Total energy:                       -6.2740302406 H         -170.7250 eV

SCC converged

Total Forces
    1     -0.001356907255      0.080612977550      0.002785056763
    2     -0.079599548165     -0.088479020311     -0.006540829159
    3      0.027662669620      0.038533160966      0.051170226303
    4      0.040502154331      0.070627635042     -0.037733168520
    5      0.035448208033      0.011398454396      0.008982087735
    6     -0.022656576564     -0.112693207643     -0.018663373123

Maximal derivative component:        0.112693E+00 au


