 KPT            1  SPIN            1  KWEIGHT    1.0000000000000000     
     1   -29.515  2.00000
     2   -27.221  2.00000
     3   -25.462  2.00000
     4   -23.120  2.00000
     5   -21.261  2.00000
     6   -20.132  2.00000
     7   -19.295  2.00000
     8   -18.794  2.00000
     9   -17.576  2.00000
    10   -17.447  2.00000
    11   -17.189  2.00000
    12   -16.498  2.00000
    13   -16.063  2.00000
    14   -15.166  2.00000
    15   -14.939  2.00000
    16   -13.319  1.49997
    17   -10.292  0.50003
    18    -3.549  0.00000
    19    -2.289  0.00000
    20     6.321  0.00000
    21     9.597  0.00000
    22    10.729  0.00000
    23    13.773  0.00000
    24    15.211  0.00000
    25    16.503  0.00000
    26    18.374  0.00000
    27    19.300  0.00000
    28    23.352  0.00000
    29    25.687  0.00000
    30    27.282  0.00000
    31    32.675  0.00000
    32    46.320  0.00000

