REKS do not use any electronic distribution function

Calculation with static geometry

********************************************************************************************
  iSCC       reks energy        Diff energy         x_a       SCC error   
   57      -16.4145835175      -0.0000000000     0.999970    0.00000089
********************************************************************************************

 SA-REKS optimizes the avergaed state, not individual states
 These charges do not mean the charges for individual states
 Similarly to this, the values in band.out file indicate
 the band energies and occupations for the averaged state
 If you want to compute the relaxed density,
 please, set 'RelaxedDensity = Yes' option

 Total charge:     1.00000000

 Atomic gross charges (e)
 Atom           Charge
    1      -0.08205593
    2      -0.02176604
    3       0.11511058
    4       0.13939083
    5       0.11145090
    6       0.08186546
    7      -0.17556280
    8       0.09598671
    9       0.13887125
   10       0.20283228
   11       0.10442987
   12      -0.22316829
   13       0.25178035
   14       0.26083484

Nr. of electrons (up):     32.00000000
Atom populations (up)
 Atom       Population
    1       4.08205593
    2       4.02176604
    3       0.88488942
    4       0.86060917
    5       0.88854910
    6       3.91813454
    7       4.17556280
    8       0.90401329
    9       0.86112875
   10       3.79716772
   11       0.89557013
   12       5.22316829
   13       0.74821965
   14       0.73916516

l-shell populations (up)
 Atom Sh.   l       Population
    1   1   0       1.20051484
    1   2   1       2.88154109
    2   1   0       1.16304129
    2   2   1       2.85872475
    3   1   0       0.88488942
    4   1   0       0.86060917
    5   1   0       0.88854910
    6   1   0       1.19725721
    6   2   1       2.72087733
    7   1   0       1.18385541
    7   2   1       2.99170739
    8   1   0       0.90401329
    9   1   0       0.86112875
   10   1   0       1.14878654
   10   2   1       2.64838117
   11   1   0       0.89557013
   12   1   0       1.38939523
   12   2   1       3.83377306
   13   1   0       0.74821965
   14   1   0       0.73916516

Orbital populations (up)
 Atom Sh.   l   m       Population  Label
    1   1   0   0       1.20051484  s
    1   2   1  -1       1.01129421  p_y
    1   2   1   0       0.97987568  p_z
    1   2   1   1       0.89037120  p_x
    2   1   0   0       1.16304129  s
    2   2   1  -1       0.98116751  p_y
    2   2   1   0       0.93130713  p_z
    2   2   1   1       0.94625011  p_x
    3   1   0   0       0.88488942  s
    4   1   0   0       0.86060917  s
    5   1   0   0       0.88854910  s
    6   1   0   0       1.19725721  s
    6   2   1  -1       0.85286325  p_y
    6   2   1   0       0.93623423  p_z
    6   2   1   1       0.93177985  p_x
    7   1   0   0       1.18385541  s
    7   2   1  -1       1.08077807  p_y
    7   2   1   0       0.94310365  p_z
    7   2   1   1       0.96782567  p_x
    8   1   0   0       0.90401329  s
    9   1   0   0       0.86112875  s
   10   1   0   0       1.14878654  s
   10   2   1  -1       0.85188351  p_y
   10   2   1   0       0.96451876  p_z
   10   2   1   1       0.83197891  p_x
   11   1   0   0       0.89557013  s
   12   1   0   0       1.38939523  s
   12   2   1  -1       1.57772675  p_y
   12   2   1   0       1.14440006  p_z
   12   2   1   1       1.11164625  p_x
   13   1   0   0       0.74821965  s
   14   1   0   0       0.73916516  s

Input / Output electrons (q):     32.0000000000

Energy H0:                         -16.3027649620 H         -443.6208 eV
Energy SCC:                          0.0958737530 H            2.6089 eV
Energy SPIN:                        -0.0000058525 H           -0.0002 eV
Energy Fock:                        -0.6649061084 H          -18.0930 eV
Total Electronic energy:           -16.8718031699 H         -459.1051 eV
Repulsive energy:                    0.4001339726 H           10.8882 eV

Excitation Energy:                   0.0000000000 H            0.0000 eV

Total energy:                      -16.4719993709 H         -448.2259 eV

SCC converged

Total Forces
    1      0.003591304953     -0.033158855103      0.033600359979
    2      0.045504650529      0.061974059423      0.014518318311
    3      0.001535079662     -0.018305153124     -0.017445669173
    4     -0.024633453564     -0.034016507667     -0.020576196153
    5      0.003825355950      0.016518567634     -0.016958700144
    6     -0.027321639854     -0.006025015105     -0.001649311842
    7     -0.020681612414     -0.006248861401      0.065502553937
    8     -0.001121149791      0.013544460828     -0.031915731928
    9      0.053121929948      0.013006645031     -0.041744819039
   10     -0.024662765260     -0.035057981331      0.033551661762
   11      0.026649868087      0.022622146043      0.019442334726
   12     -0.028110338586     -0.006548541678     -0.067792619219
   13     -0.008440711724      0.005980184781      0.024704437356
   14      0.000743482065      0.005714851669      0.006763381427

Maximal derivative component:        0.677926E-01 au


