REKS do not use any electronic distribution function

Calculation with static geometry

********************************************************************************************
  iSCC       reks energy        Diff energy         x_a       SCC error   
   54       -6.2882510931      -0.0000000000     0.999965    0.00000085
********************************************************************************************

 SA-REKS optimizes the avergaed state, not individual states
 These charges do not mean the charges for individual states
 Similarly to this, the values in band.out file indicate
 the band energies and occupations for the averaged state
 If you want to compute the relaxed density,
 please, set 'RelaxedDensity = Yes' option

 Total charge:     1.00000000

 Atomic gross charges (e)
 Atom           Charge
    1       0.10792298
    2      -0.11247397
    3       0.19186983
    4       0.31056686
    5       0.31107919
    6       0.19103513

Nr. of electrons (up):     12.00000000
Atom populations (up)
 Atom       Population
    1       3.89207702
    2       5.11247397
    3       0.80813017
    4       0.68943314
    5       0.68892081
    6       0.80896487

l-shell populations (up)
 Atom Sh.   l       Population
    1   1   0       1.18320566
    1   2   1       2.70887136
    2   1   0       1.38405436
    2   2   1       3.72841961
    3   1   0       0.80813017
    4   1   0       0.68943314
    5   1   0       0.68892081
    6   1   0       0.80896487

Orbital populations (up)
 Atom Sh.   l   m       Population  Label
    1   1   0   0       1.18320566  s
    1   2   1  -1       0.85489988  p_y
    1   2   1   0       0.88767297  p_z
    1   2   1   1       0.96629852  p_x
    2   1   0   0       1.38405436  s
    2   2   1  -1       1.11205422  p_y
    2   2   1   0       1.11850195  p_z
    2   2   1   1       1.49786344  p_x
    3   1   0   0       0.80813017  s
    4   1   0   0       0.68943314  s
    5   1   0   0       0.68892081  s
    6   1   0   0       0.80896487  s

Input / Output electrons (q):     12.0000000000

Energy H0:                          -6.5230209683 H         -177.5004 eV
Energy SCC:                          0.1348572748 H            3.6697 eV
Energy SPIN:                        -0.0000195149 H           -0.0005 eV
Energy Fock:                        -0.2071035506 H           -5.6356 eV
Total Electronic energy:            -6.5952867590 H         -179.4669 eV
Repulsive energy:                    0.1783395126 H            4.8529 eV

Excitation Energy:                   0.0000000000 H            0.0000 eV

Total energy:                       -6.4170102849 H         -174.6157 eV

SCC converged

Total Forces
    1      0.000319562465     -0.000711913655      0.018474124811
    2     -0.000177782304     -0.000000434313     -0.016954071076
    3      0.006095809435     -0.003791445292      0.000200355431
    4      0.007351706689     -0.000047591552      0.000204892191
    5     -0.007154082752      0.000917517554     -0.000799146760
    6     -0.006435213533      0.003633867259     -0.001126154597

Maximal derivative component:        0.184741E-01 au


