REKS do not use any electronic distribution function

Calculation with static geometry

********************************************************************************************
  iSCC       reks energy        Diff energy         x_a       SCC error   
   31       -6.2819260011      -0.0000000000     0.999977    0.00000094
********************************************************************************************

 SA-REKS optimizes the avergaed state, not individual states
 These charges do not mean the charges for individual states
 Similarly to this, the values in band.out file indicate
 the band energies and occupations for the averaged state
 If you want to compute the relaxed density,
 please, set 'RelaxedDensity = Yes' option

 Total charge:     1.00000000

 Atomic gross charges (e)
 Atom           Charge
    1       0.10255794
    2      -0.09785527
    3       0.18565009
    4       0.30958711
    5       0.30721701
    6       0.19284312

Nr. of electrons (up):     12.00000000
Atom populations (up)
 Atom       Population
    1       3.89744206
    2       5.09785527
    3       0.81434991
    4       0.69041289
    5       0.69278299
    6       0.80715688

l-shell populations (up)
 Atom Sh.   l       Population
    1   1   0       1.17057168
    1   2   1       2.72687038
    2   1   0       1.37936315
    2   2   1       3.71849212
    3   1   0       0.81434991
    4   1   0       0.69041289
    5   1   0       0.69278299
    6   1   0       0.80715688

Orbital populations (up)
 Atom Sh.   l   m       Population  Label
    1   1   0   0       1.17057168  s
    1   2   1  -1       0.86373943  p_y
    1   2   1   0       0.89040356  p_z
    1   2   1   1       0.97272740  p_x
    2   1   0   0       1.37936315  s
    2   2   1  -1       1.12349205  p_y
    2   2   1   0       1.11914804  p_z
    2   2   1   1       1.47585203  p_x
    3   1   0   0       0.81434991  s
    4   1   0   0       0.69041289  s
    5   1   0   0       0.69278299  s
    6   1   0   0       0.80715688  s

Input / Output electrons (q):     12.0000000000

Energy H0:                          -6.5344776629 H         -177.8122 eV
Energy SCC:                          0.1359935103 H            3.7006 eV
Energy SPIN:                        -0.0000133902 H           -0.0004 eV
Energy Fock:                        -0.2099065620 H           -5.7118 eV
Total Electronic energy:            -6.6084041047 H         -179.8238 eV
Repulsive energy:                    0.1959266159 H            5.3314 eV

Excitation Energy:                   0.0000000000 H            0.0000 eV

Total energy:                       -6.4124867862 H         -174.4926 eV

SCC converged

Total Forces
    1     -0.008851755872      0.013617017253     -0.042235607578
    2      0.032918740509      0.002312562587      0.053606735330
    3      0.003262096180     -0.003470598332     -0.003253929551
    4     -0.008858948616     -0.006785711653     -0.007986801454
    5     -0.016410855782     -0.002458982225     -0.007303277448
    6     -0.002059276418     -0.003214287631      0.007172880700

Maximal derivative component:        0.536067E-01 au


