REKS do not use any electronic distribution function

Calculation with static geometry

********************************************************************************************
  iSCC       reks energy        Diff energy         x_a       SCC error   
   67       -6.2848186555      -0.0000000000     0.999927    0.00000097
********************************************************************************************

 SA-REKS optimizes the avergaed state, not individual states
 These charges do not mean the charges for individual states
 Similarly to this, the values in band.out file indicate
 the band energies and occupations for the averaged state
 If you want to compute the relaxed density,
 please, set 'RelaxedDensity = Yes' option

 Total charge:     1.00000000

 Atomic gross charges (e)
 Atom           Charge
    1       0.12524795
    2      -0.12334997
    3       0.18321814
    4       0.31532419
    5       0.31456456
    6       0.18499514

Nr. of electrons (up):     12.00000000
Atom populations (up)
 Atom       Population
    1       3.87475205
    2       5.12334997
    3       0.81678186
    4       0.68467581
    5       0.68543544
    6       0.81500486

l-shell populations (up)
 Atom Sh.   l       Population
    1   1   0       1.18556339
    1   2   1       2.68918866
    2   1   0       1.38749969
    2   2   1       3.73585028
    3   1   0       0.81678186
    4   1   0       0.68467581
    5   1   0       0.68543544
    6   1   0       0.81500486

Orbital populations (up)
 Atom Sh.   l   m       Population  Label
    1   1   0   0       1.18556339  s
    1   2   1  -1       0.85743764  p_y
    1   2   1   0       0.89751579  p_z
    1   2   1   1       0.93423523  p_x
    2   1   0   0       1.38749969  s
    2   2   1  -1       1.08423387  p_y
    2   2   1   0       1.13578844  p_z
    2   2   1   1       1.51582797  p_x
    3   1   0   0       0.81678186  s
    4   1   0   0       0.68467581  s
    5   1   0   0       0.68543544  s
    6   1   0   0       0.81500486  s

Input / Output electrons (q):     12.0000000000

Energy H0:                          -6.5132187812 H         -177.2337 eV
Energy SCC:                          0.1340810124 H            3.6485 eV
Energy SPIN:                        -0.0000381641 H           -0.0010 eV
Energy Fock:                        -0.2087837836 H           -5.6813 eV
Total Electronic energy:            -6.5879597165 H         -179.2675 eV
Repulsive energy:                    0.1809817440 H            4.9248 eV

Excitation Energy:                   0.0000000000 H            0.0000 eV

Total energy:                       -6.4075743245 H         -174.3590 eV

SCC converged

Total Forces
    1      0.006158592271     -0.003204448129      0.009489600373
    2     -0.014901855844      0.003010305194     -0.016362583608
    3     -0.014960834749      0.001283833576     -0.004937410327
    4     -0.010810088391     -0.004686776954      0.005758516336
    5      0.020473927365      0.002397660302      0.009274476761
    6      0.014040259349      0.001199426011     -0.003222599535

Maximal derivative component:        0.204739E-01 au


