REKS do not use any electronic distribution function

Calculation with static geometry

********************************************************************************************
  iSCC       reks energy        Diff energy         x_a       SCC error   
   43       -6.2874391316      -0.0000000000     0.999975    0.00000092
********************************************************************************************

 SA-REKS optimizes the avergaed state, not individual states
 These charges do not mean the charges for individual states
 Similarly to this, the values in band.out file indicate
 the band energies and occupations for the averaged state
 If you want to compute the relaxed density,
 please, set 'RelaxedDensity = Yes' option

 Total charge:     1.00000000

 Atomic gross charges (e)
 Atom           Charge
    1       0.10164509
    2      -0.10260632
    3       0.19054475
    4       0.31011745
    5       0.30829580
    6       0.19200323

Nr. of electrons (up):     12.00000000
Atom populations (up)
 Atom       Population
    1       3.89835491
    2       5.10260632
    3       0.80945525
    4       0.68988255
    5       0.69170420
    6       0.80799677

l-shell populations (up)
 Atom Sh.   l       Population
    1   1   0       1.17464995
    1   2   1       2.72370496
    2   1   0       1.37904913
    2   2   1       3.72355719
    3   1   0       0.80945525
    4   1   0       0.68988255
    5   1   0       0.69170420
    6   1   0       0.80799677

Orbital populations (up)
 Atom Sh.   l   m       Population  Label
    1   1   0   0       1.17464995  s
    1   2   1  -1       0.85430180  p_y
    1   2   1   0       0.88551857  p_z
    1   2   1   1       0.98388459  p_x
    2   1   0   0       1.37904913  s
    2   2   1  -1       1.10170351  p_y
    2   2   1   0       1.11298386  p_z
    2   2   1   1       1.50886982  p_x
    3   1   0   0       0.80945525  s
    4   1   0   0       0.68988255  s
    5   1   0   0       0.69170420  s
    6   1   0   0       0.80799677  s

Input / Output electrons (q):     12.0000000000

Energy H0:                          -6.5354485571 H         -177.8386 eV
Energy SCC:                          0.1357085087 H            3.6928 eV
Energy SPIN:                        -0.0000146658 H           -0.0004 eV
Energy Fock:                        -0.2074878091 H           -5.6460 eV
Total Electronic energy:            -6.6072425231 H         -179.7922 eV
Repulsive energy:                    0.1884013063 H            5.1267 eV

Excitation Energy:                   0.0000000000 H            0.0000 eV

Total energy:                       -6.4188435774 H         -174.6656 eV

SCC converged

Total Forces
    1     -0.002198192112     -0.000550931341     -0.002767595207
    2      0.006838106145     -0.004690374358      0.003507518598
    3      0.001639478659     -0.000879884796      0.002226076161
    4     -0.000723377478      0.003290409477     -0.003974938965
    5     -0.003900877943     -0.000256997306     -0.001567308474
    6     -0.001655137271      0.003087778323      0.002576247888

Maximal derivative component:        0.683811E-02 au


