REKS do not use any electronic distribution function

Calculation with static geometry

********************************************************************************************
  iSCC       reks energy        Diff energy         x_a       SCC error   
   53       -6.2880082802      -0.0000000000     0.999966    0.00000082
********************************************************************************************

 SA-REKS optimizes the avergaed state, not individual states
 These charges do not mean the charges for individual states
 Similarly to this, the values in band.out file indicate
 the band energies and occupations for the averaged state
 If you want to compute the relaxed density,
 please, set 'RelaxedDensity = Yes' option

 Total charge:     1.00000000

 Atomic gross charges (e)
 Atom           Charge
    1       0.10913029
    2      -0.11100002
    3       0.19219812
    4       0.30892681
    5       0.31137277
    6       0.18937204

Nr. of electrons (up):     12.00000000
Atom populations (up)
 Atom       Population
    1       3.89086971
    2       5.11100002
    3       0.80780188
    4       0.69107319
    5       0.68862723
    6       0.81062796

l-shell populations (up)
 Atom Sh.   l       Population
    1   1   0       1.18079370
    1   2   1       2.71007601
    2   1   0       1.38312237
    2   2   1       3.72787764
    3   1   0       0.80780188
    4   1   0       0.69107319
    5   1   0       0.68862723
    6   1   0       0.81062796

Orbital populations (up)
 Atom Sh.   l   m       Population  Label
    1   1   0   0       1.18079370  s
    1   2   1  -1       0.85514070  p_y
    1   2   1   0       0.88533226  p_z
    1   2   1   1       0.96960305  p_x
    2   1   0   0       1.38312237  s
    2   2   1  -1       1.10308880  p_y
    2   2   1   0       1.11596489  p_z
    2   2   1   1       1.50882396  p_x
    3   1   0   0       0.80780188  s
    4   1   0   0       0.69107319  s
    5   1   0   0       0.68862723  s
    6   1   0   0       0.81062796  s

Input / Output electrons (q):     12.0000000000

Energy H0:                          -6.5255796538 H         -177.5701 eV
Energy SCC:                          0.1349921456 H            3.6733 eV
Energy SPIN:                        -0.0000192250 H           -0.0005 eV
Energy Fock:                        -0.2071060145 H           -5.6356 eV
Total Electronic energy:            -6.5977127477 H         -179.5329 eV
Repulsive energy:                    0.1810110497 H            4.9256 eV

Excitation Energy:                   0.0000000000 H            0.0000 eV

Total energy:                       -6.4167527923 H         -174.6087 eV

SCC converged

Total Forces
    1      0.003663816380     -0.002431081603      0.015760576764
    2     -0.009938350273      0.007761807684     -0.013326167082
    3      0.005717594958      0.000357507748      0.001664918835
    4      0.009885055704     -0.000389629171      0.000691128181
    5     -0.003081605576     -0.004241874506     -0.003452951109
    6     -0.006246511193     -0.001056730152     -0.001337505589

Maximal derivative component:        0.157606E-01 au


