REKS do not use any electronic distribution function

Calculation with static geometry

********************************************************************************************
  iSCC       reks energy        Diff energy         x_a       SCC error   
   52       -6.2879319153      -0.0000000000     0.999967    0.00000097
********************************************************************************************

 SA-REKS optimizes the avergaed state, not individual states
 These charges do not mean the charges for individual states
 Similarly to this, the values in band.out file indicate
 the band energies and occupations for the averaged state
 If you want to compute the relaxed density,
 please, set 'RelaxedDensity = Yes' option

 Total charge:     1.00000000

 Atomic gross charges (e)
 Atom           Charge
    1       0.10679576
    2      -0.11006705
    3       0.19098364
    4       0.30969930
    5       0.31116238
    6       0.19142597

Nr. of electrons (up):     12.00000000
Atom populations (up)
 Atom       Population
    1       3.89320424
    2       5.11006705
    3       0.80901636
    4       0.69030070
    5       0.68883762
    6       0.80857403

l-shell populations (up)
 Atom Sh.   l       Population
    1   1   0       1.18135510
    1   2   1       2.71184915
    2   1   0       1.38239949
    2   2   1       3.72766756
    3   1   0       0.80901636
    4   1   0       0.69030070
    5   1   0       0.68883762
    6   1   0       0.80857403

Orbital populations (up)
 Atom Sh.   l   m       Population  Label
    1   1   0   0       1.18135510  s
    1   2   1  -1       0.97196777  p_y
    1   2   1   0       0.88814569  p_z
    1   2   1   1       0.85173569  p_x
    2   1   0   0       1.38239949  s
    2   2   1  -1       1.50981743  p_y
    2   2   1   0       1.11911329  p_z
    2   2   1   1       1.09873684  p_x
    3   1   0   0       0.80901636  s
    4   1   0   0       0.69030070  s
    5   1   0   0       0.68883762  s
    6   1   0   0       0.80857403  s

Input / Output electrons (q):     12.0000000000

Energy H0:                          -6.5263850511 H         -177.5920 eV
Energy SCC:                          0.1350463809 H            3.6748 eV
Energy SPIN:                        -0.0000188522 H           -0.0005 eV
Energy Fock:                        -0.2073168921 H           -5.6414 eV
Total Electronic energy:            -6.5986744146 H         -179.5591 eV
Repulsive energy:                    0.1815629526 H            4.9406 eV

Excitation Energy:                   0.0000000000 H            0.0000 eV

Total energy:                       -6.4171715644 H         -174.6201 eV

SCC converged

Total Forces
    1     -0.002356900987      0.001090924726      0.011596396791
    2      0.001697283006     -0.000996748155     -0.011158808678
    3     -0.002450066225     -0.006914941982     -0.000200280249
    4      0.001036139122      0.007339197362      0.001968922015
    5     -0.000174401237     -0.006707448082     -0.002248943806
    6      0.002247946322      0.006189016131      0.000042713927

Maximal derivative component:        0.115964E-01 au


