REKS do not use any electronic distribution function

Calculation with static geometry

********************************************************************************************
  iSCC       reks energy        Diff energy         x_a       SCC error   
   51       -6.2887686057      -0.0000000000     0.999970    0.00000085
********************************************************************************************

 SA-REKS optimizes the avergaed state, not individual states
 These charges do not mean the charges for individual states
 Similarly to this, the values in band.out file indicate
 the band energies and occupations for the averaged state
 If you want to compute the relaxed density,
 please, set 'RelaxedDensity = Yes' option

 Total charge:     1.00000000

 Atomic gross charges (e)
 Atom           Charge
    1       0.10637159
    2      -0.10908010
    3       0.19173962
    4       0.31020692
    5       0.30961797
    6       0.19114400

Nr. of electrons (up):     12.00000000
Atom populations (up)
 Atom       Population
    1       3.89362841
    2       5.10908010
    3       0.80826038
    4       0.68979308
    5       0.69038203
    6       0.80885600

l-shell populations (up)
 Atom Sh.   l       Population
    1   1   0       1.17903764
    1   2   1       2.71459077
    2   1   0       1.38273275
    2   2   1       3.72634735
    3   1   0       0.80826038
    4   1   0       0.68979308
    5   1   0       0.69038203
    6   1   0       0.80885600

Orbital populations (up)
 Atom Sh.   l   m       Population  Label
    1   1   0   0       1.17903764  s
    1   2   1  -1       0.97812017  p_y
    1   2   1   0       0.88301825  p_z
    1   2   1   1       0.85345235  p_x
    2   1   0   0       1.38273275  s
    2   2   1  -1       1.51574536  p_y
    2   2   1   0       1.11252404  p_z
    2   2   1   1       1.09807794  p_x
    3   1   0   0       0.80826038  s
    4   1   0   0       0.68979308  s
    5   1   0   0       0.69038203  s
    6   1   0   0       0.80885600  s

Input / Output electrons (q):     12.0000000000

Energy H0:                          -6.5273006001 H         -177.6169 eV
Energy SCC:                          0.1351869903 H            3.6786 eV
Energy SPIN:                        -0.0000170469 H           -0.0005 eV
Energy Fock:                        -0.2067454917 H           -5.6258 eV
Total Electronic energy:            -6.5988761483 H         -179.5646 eV
Repulsive energy:                    0.1804056767 H            4.9091 eV

Excitation Energy:                   0.0000000000 H            0.0000 eV

Total energy:                       -6.4184815323 H         -174.6558 eV

SCC converged

Total Forces
    1     -0.000053572826     -0.000133867209      0.017406126825
    2     -0.004516977702      0.005877193686     -0.015785218029
    3      0.001800021689     -0.003973795473      0.001607418172
    4      0.002847181228      0.001389800525     -0.002743076111
    5      0.000554358770     -0.005207562143     -0.002860045602
    6     -0.000631011160      0.002048230613      0.002374794745

Maximal derivative component:        0.174061E-01 au


