REKS do not use any electronic distribution function

Calculation with static geometry

********************************************************************************************
  iSCC       reks energy        Diff energy         x_a       SCC error   
   65      -16.4106576407      -0.0000000000     1.000000    0.00000089
********************************************************************************************

 SA-REKS optimizes the avergaed state, not individual states
 These charges do not mean the charges for individual states
 Similarly to this, the values in band.out file indicate
 the band energies and occupations for the averaged state
 If you want to compute the relaxed density,
 please, set 'RelaxedDensity = Yes' option

 Total charge:     1.00000000

 Atomic gross charges (e)
 Atom           Charge
    1      -0.02979243
    2      -0.01599473
    3       0.09975896
    4       0.12950810
    5       0.11059487
    6      -0.02494542
    7      -0.00516217
    8       0.10741196
    9       0.12311457
   10       0.12777364
   11       0.10361044
   12      -0.22748810
   13       0.26542250
   14       0.23618780

Nr. of electrons (up):     32.00000000
Atom populations (up)
 Atom       Population
    1       4.02979243
    2       4.01599473
    3       0.90024104
    4       0.87049190
    5       0.88940513
    6       4.02494542
    7       4.00516217
    8       0.89258804
    9       0.87688543
   10       3.87222636
   11       0.89638956
   12       5.22748810
   13       0.73457750
   14       0.76381220

l-shell populations (up)
 Atom Sh.   l       Population
    1   1   0       1.20550268
    1   2   1       2.82428975
    2   1   0       1.18828507
    2   2   1       2.82770966
    3   1   0       0.90024104
    4   1   0       0.87049190
    5   1   0       0.88940513
    6   1   0       1.19185353
    6   2   1       2.83309189
    7   1   0       1.16379709
    7   2   1       2.84136507
    8   1   0       0.89258804
    9   1   0       0.87688543
   10   1   0       1.16655329
   10   2   1       2.70567307
   11   1   0       0.89638956
   12   1   0       1.38560846
   12   2   1       3.84187964
   13   1   0       0.73457750
   14   1   0       0.76381220

Orbital populations (up)
 Atom Sh.   l   m       Population  Label
    1   1   0   0       1.20550268  s
    1   2   1  -1       0.90735562  p_y
    1   2   1   0       0.94862538  p_z
    1   2   1   1       0.96830875  p_x
    2   1   0   0       1.18828507  s
    2   2   1  -1       0.92548061  p_y
    2   2   1   0       0.94356359  p_z
    2   2   1   1       0.95866546  p_x
    3   1   0   0       0.90024104  s
    4   1   0   0       0.87049190  s
    5   1   0   0       0.88940513  s
    6   1   0   0       1.19185353  s
    6   2   1  -1       0.92631462  p_y
    6   2   1   0       0.95689819  p_z
    6   2   1   1       0.94987907  p_x
    7   1   0   0       1.16379709  s
    7   2   1  -1       0.97801777  p_y
    7   2   1   0       0.93070155  p_z
    7   2   1   1       0.93264575  p_x
    8   1   0   0       0.89258804  s
    9   1   0   0       0.87688543  s
   10   1   0   0       1.16655329  s
   10   2   1  -1       0.95208999  p_y
   10   2   1   0       0.85973816  p_z
   10   2   1   1       0.89384492  p_x
   11   1   0   0       0.89638956  s
   12   1   0   0       1.38560846  s
   12   2   1  -1       1.14887377  p_y
   12   2   1   0       1.58585618  p_z
   12   2   1   1       1.10714970  p_x
   13   1   0   0       0.73457750  s
   14   1   0   0       0.76381220  s

Input / Output electrons (q):     32.0000000000

Energy H0:                         -16.3601364608 H         -445.1820 eV
Energy SCC:                          0.1170876666 H            3.1861 eV
Energy SPIN:                        -0.0000000048 H           -0.0000 eV
Energy Fock:                        -0.6657577736 H          -18.1162 eV
Total Electronic energy:           -16.9088065727 H         -460.1120 eV
Repulsive energy:                    0.4448532410 H           12.1051 eV

Excitation Energy:                   0.0000000000 H            0.0000 eV

Total energy:                      -16.4643978830 H         -448.0191 eV

SCC converged

Total Forces
    1      0.002881461061     -0.023248039921     -0.032223407168
    2      0.009663534037     -0.036150544016      0.039594052444
    3     -0.024224327625     -0.005601360543      0.015592922136
    4     -0.003449429691      0.007989258491     -0.017077735249
    5     -0.020832510471      0.001242356339      0.005777308530
    6     -0.059055829683     -0.034794523466     -0.052649432520
    7      0.058443629996      0.086541800100     -0.003610584970
    8      0.025198744402     -0.009171384754      0.010417175559
    9      0.015446640682      0.015921407061     -0.009762932328
   10      0.045711126021     -0.008190467904      0.061626970208
   11     -0.006466752814     -0.010067061360     -0.000314296795
   12     -0.032285954705      0.032571662417     -0.009010518647
   13     -0.010927822034      0.001368820122     -0.019546716115
   14     -0.000102509175     -0.018411922565      0.011187194916

Maximal derivative component:        0.865418E-01 au


