REKS do not use any electronic distribution function

Calculation with static geometry

********************************************************************************************
  iSCC       reks energy        Diff energy         x_a       SCC error   
   64      -16.4145912514      -0.0000000000     0.999938    0.00000099
********************************************************************************************

 SA-REKS optimizes the avergaed state, not individual states
 These charges do not mean the charges for individual states
 Similarly to this, the values in band.out file indicate
 the band energies and occupations for the averaged state
 If you want to compute the relaxed density,
 please, set 'RelaxedDensity = Yes' option

 Total charge:     1.00000000

 Atomic gross charges (e)
 Atom           Charge
    1      -0.06717107
    2      -0.01596420
    3       0.08539262
    4       0.13053277
    5       0.12663664
    6       0.09387269
    7      -0.08584487
    8       0.11216649
    9       0.12266816
   10       0.16059066
   11       0.08895117
   12      -0.25696641
   13       0.25443385
   14       0.25070148

Nr. of electrons (up):     32.00000000
Atom populations (up)
 Atom       Population
    1       4.06717107
    2       4.01596420
    3       0.91460738
    4       0.86946723
    5       0.87336336
    6       3.90612731
    7       4.08584487
    8       0.88783351
    9       0.87733184
   10       3.83940934
   11       0.91104883
   12       5.25696641
   13       0.74556615
   14       0.74929852

l-shell populations (up)
 Atom Sh.   l       Population
    1   1   0       1.22386748
    1   2   1       2.84330359
    2   1   0       1.17546906
    2   2   1       2.84049514
    3   1   0       0.91460738
    4   1   0       0.86946723
    5   1   0       0.87336336
    6   1   0       1.15356062
    6   2   1       2.75256669
    7   1   0       1.15211894
    7   2   1       2.93372592
    8   1   0       0.88783351
    9   1   0       0.87733184
   10   1   0       1.19932162
   10   2   1       2.64008772
   11   1   0       0.91104883
   12   1   0       1.40324030
   12   2   1       3.85372611
   13   1   0       0.74556615
   14   1   0       0.74929852

Orbital populations (up)
 Atom Sh.   l   m       Population  Label
    1   1   0   0       1.22386748  s
    1   2   1  -1       0.86823292  p_y
    1   2   1   0       0.95868151  p_z
    1   2   1   1       1.01638917  p_x
    2   1   0   0       1.17546906  s
    2   2   1  -1       0.91367556  p_y
    2   2   1   0       0.96402740  p_z
    2   2   1   1       0.96279217  p_x
    3   1   0   0       0.91460738  s
    4   1   0   0       0.86946723  s
    5   1   0   0       0.87336336  s
    6   1   0   0       1.15356062  s
    6   2   1  -1       0.87693861  p_y
    6   2   1   0       0.94015343  p_z
    6   2   1   1       0.93547464  p_x
    7   1   0   0       1.15211894  s
    7   2   1  -1       0.99111284  p_y
    7   2   1   0       0.95610303  p_z
    7   2   1   1       0.98651006  p_x
    8   1   0   0       0.88783351  s
    9   1   0   0       0.87733184  s
   10   1   0   0       1.19932162  s
   10   2   1  -1       0.85634663  p_y
   10   2   1   0       0.92650579  p_z
   10   2   1   1       0.85723529  p_x
   11   1   0   0       0.91104883  s
   12   1   0   0       1.40324030  s
   12   2   1  -1       1.28820653  p_y
   12   2   1   0       1.30109866  p_z
   12   2   1   1       1.26442092  p_x
   13   1   0   0       0.74556615  s
   14   1   0   0       0.74929852  s

Input / Output electrons (q):     32.0000000000

Energy H0:                         -16.2995775771 H         -443.5341 eV
Energy SCC:                          0.0948323746 H            2.5805 eV
Energy SPIN:                        -0.0000114666 H           -0.0003 eV
Energy Fock:                        -0.6631898443 H          -18.0463 eV
Total Electronic energy:           -16.8679465133 H         -459.0002 eV
Repulsive energy:                    0.3956054237 H           10.7650 eV

Excitation Energy:                   0.0000000000 H            0.0000 eV

Total energy:                      -16.4724574368 H         -448.2384 eV

SCC converged

Total Forces
    1     -0.029017992154      0.029936222973      0.046351650862
    2     -0.072343354745     -0.021509642527     -0.112427845219
    3      0.006106552062     -0.001797865666     -0.016211150642
    4      0.004593656254     -0.011652800134      0.006363300367
    5      0.020141758748      0.004663304066     -0.002489834728
    6     -0.017572176174     -0.044818353424      0.056264138648
    7      0.066577630404      0.061242976263     -0.038370378374
    8      0.021728663695      0.021658671998      0.002344404144
    9      0.023999996642      0.000451870584      0.017186216994
   10      0.079504928546      0.003341066357     -0.024481720834
   11     -0.027941943003      0.011542952576      0.057441216881
   12     -0.082236876299     -0.068037397177      0.001678343022
   13      0.000475118825      0.005842269659     -0.009071450405
   14      0.005984037202      0.009136724451      0.015423109286

Maximal derivative component:        0.112428E+00 au


