REKS do not use any electronic distribution function

Calculation with static geometry

********************************************************************************************
  iSCC       reks energy        Diff energy         x_a       SCC error   
   90      -16.4414309976      -0.0000000000     0.999993    0.00000100
********************************************************************************************

 SA-REKS optimizes the avergaed state, not individual states
 These charges do not mean the charges for individual states
 Similarly to this, the values in band.out file indicate
 the band energies and occupations for the averaged state
 If you want to compute the relaxed density,
 please, set 'RelaxedDensity = Yes' option

 Total charge:     1.00000000

 Atomic gross charges (e)
 Atom           Charge
    1      -0.03892461
    2      -0.00363528
    3       0.09835150
    4       0.12802590
    5       0.10038800
    6       0.04517634
    7      -0.13034394
    8       0.11554824
    9       0.09682870
   10       0.15761170
   11       0.10600596
   12      -0.18388022
   13       0.24801292
   14       0.26083480

Nr. of electrons (up):     32.00000000
Atom populations (up)
 Atom       Population
    1       4.03892461
    2       4.00363528
    3       0.90164850
    4       0.87197410
    5       0.89961200
    6       3.95482366
    7       4.13034394
    8       0.88445176
    9       0.90317130
   10       3.84238830
   11       0.89399404
   12       5.18388022
   13       0.75198708
   14       0.73916520

l-shell populations (up)
 Atom Sh.   l       Population
    1   1   0       1.21076045
    1   2   1       2.82816416
    2   1   0       1.17804882
    2   2   1       2.82558645
    3   1   0       0.90164850
    4   1   0       0.87197410
    5   1   0       0.89961200
    6   1   0       1.16951826
    6   2   1       2.78530540
    7   1   0       1.18078629
    7   2   1       2.94955765
    8   1   0       0.88445176
    9   1   0       0.90317130
   10   1   0       1.13511016
   10   2   1       2.70727815
   11   1   0       0.89399404
   12   1   0       1.38930440
   12   2   1       3.79457582
   13   1   0       0.75198708
   14   1   0       0.73916520

Orbital populations (up)
 Atom Sh.   l   m       Population  Label
    1   1   0   0       1.21076045  s
    1   2   1  -1       0.96568137  p_y
    1   2   1   0       0.85771434  p_z
    1   2   1   1       1.00476845  p_x
    2   1   0   0       1.17804882  s
    2   2   1  -1       0.93575863  p_y
    2   2   1   0       0.88662402  p_z
    2   2   1   1       1.00320380  p_x
    3   1   0   0       0.90164850  s
    4   1   0   0       0.87197410  s
    5   1   0   0       0.89961200  s
    6   1   0   0       1.16951826  s
    6   2   1  -1       0.86718326  p_y
    6   2   1   0       1.00447006  p_z
    6   2   1   1       0.91365208  p_x
    7   1   0   0       1.18078629  s
    7   2   1  -1       1.05169540  p_y
    7   2   1   0       0.97640468  p_z
    7   2   1   1       0.92145757  p_x
    8   1   0   0       0.88445176  s
    9   1   0   0       0.90317130  s
   10   1   0   0       1.13511016  s
   10   2   1  -1       0.85698309  p_y
   10   2   1   0       0.98071262  p_z
   10   2   1   1       0.86958243  p_x
   11   1   0   0       0.89399404  s
   12   1   0   0       1.38930440  s
   12   2   1  -1       1.49551375  p_y
   12   2   1   0       1.14190000  p_z
   12   2   1   1       1.15716208  p_x
   13   1   0   0       0.75198708  s
   14   1   0   0       0.73916520  s

Input / Output electrons (q):     32.0000000000

Energy H0:                         -16.3594711726 H         -445.1639 eV
Energy SCC:                          0.1004518323 H            2.7334 eV
Energy SPIN:                        -0.0000017774 H           -0.0000 eV
Energy Fock:                        -0.6653813022 H          -18.1059 eV
Total Electronic energy:           -16.9244024199 H         -460.5364 eV
Repulsive energy:                    0.4089697832 H           11.1286 eV

Excitation Energy:                   0.0000000000 H            0.0000 eV

Total energy:                      -16.5157807055 H         -449.4173 eV

SCC converged

Total Forces
    1      0.012813807026     -0.005586857141      0.000077793710
    2     -0.029988627957      0.013295719131      0.023429172518
    3     -0.018325537064      0.000759817431     -0.001705355304
    4      0.004688149376     -0.005272352588     -0.013790024747
    5      0.015455379716     -0.014109748217     -0.027399314810
    6      0.038369939086     -0.002746766026     -0.004827789211
    7     -0.011895367025     -0.007532810011      0.014583232370
    8      0.005098854542      0.018022168654      0.036819616353
    9     -0.034375344455     -0.010471970709     -0.020174038160
   10     -0.049313275718     -0.002254854502      0.042833180130
   11      0.018188628714      0.012814281702     -0.006767314628
   12      0.073529378062      0.004145170875     -0.044147819337
   13     -0.006321405748     -0.004402424252      0.033344008743
   14     -0.017924578555      0.003340625654     -0.032275347627

Maximal derivative component:        0.735294E-01 au


