REKS do not use any electronic distribution function

Calculation with static geometry

********************************************************************************************
  iSCC       reks energy        Diff energy         x_a       SCC error   
   52       -6.2842389888      -0.0000000000     0.999961    0.00000087
********************************************************************************************

 SA-REKS optimizes the avergaed state, not individual states
 These charges do not mean the charges for individual states
 Similarly to this, the values in band.out file indicate
 the band energies and occupations for the averaged state
 If you want to compute the relaxed density,
 please, set 'RelaxedDensity = Yes' option

 Total charge:     1.00000000

 Atomic gross charges (e)
 Atom           Charge
    1       0.10912683
    2      -0.10809687
    3       0.19248949
    4       0.30938886
    5       0.31170191
    6       0.18538977

Nr. of electrons (up):     12.00000000
Atom populations (up)
 Atom       Population
    1       3.89087317
    2       5.10809687
    3       0.80751051
    4       0.69061114
    5       0.68829809
    6       0.81461023

l-shell populations (up)
 Atom Sh.   l       Population
    1   1   0       1.17946114
    1   2   1       2.71141203
    2   1   0       1.38167694
    2   2   1       3.72641993
    3   1   0       0.80751051
    4   1   0       0.69061114
    5   1   0       0.68829809
    6   1   0       0.81461023

Orbital populations (up)
 Atom Sh.   l   m       Population  Label
    1   1   0   0       1.17946114  s
    1   2   1  -1       0.85340716  p_y
    1   2   1   0       0.89503880  p_z
    1   2   1   1       0.96296607  p_x
    2   1   0   0       1.38167694  s
    2   2   1  -1       1.09149013  p_y
    2   2   1   0       1.12736683  p_z
    2   2   1   1       1.50756297  p_x
    3   1   0   0       0.80751051  s
    4   1   0   0       0.69061114  s
    5   1   0   0       0.68829809  s
    6   1   0   0       0.81461023  s

Input / Output electrons (q):     12.0000000000

Energy H0:                          -6.5272391114 H         -177.6152 eV
Energy SCC:                          0.1351003291 H            3.6763 eV
Energy SPIN:                        -0.0000219402 H           -0.0006 eV
Energy Fock:                        -0.2089350211 H           -5.6854 eV
Total Electronic energy:            -6.6010957437 H         -179.6250 eV
Repulsive energy:                    0.1891722871 H            5.1476 eV

Excitation Energy:                   0.0000000000 H            0.0000 eV

Total energy:                       -6.4120900502 H         -174.4818 eV

SCC converged

Total Forces
    1      0.003675627492     -0.008913332646     -0.010072847984
    2     -0.013703784124     -0.003688619269      0.011606905864
    3     -0.010094213945      0.001479484109      0.003255289683
    4     -0.005385230209      0.006465397795      0.003037601675
    5      0.015179065609      0.002457467441      0.001667242636
    6      0.010328535176      0.002199602571     -0.009494191874

Maximal derivative component:        0.151791E-01 au


