 KPT            1  SPIN            1  KWEIGHT    1.0000000000000000     
     1   -29.707  2.00000
     2   -27.288  2.00000
     3   -25.525  2.00000
     4   -23.304  2.00000
     5   -21.390  2.00000
     6   -20.183  2.00000
     7   -19.661  2.00000
     8   -18.707  2.00000
     9   -18.052  2.00000
    10   -17.787  2.00000
    11   -17.295  2.00000
    12   -16.195  2.00000
    13   -15.718  2.00000
    14   -15.586  2.00000
    15   -14.687  2.00000
    16   -13.968  1.50000
    17    -9.949  0.50000
    18    -4.013  0.00000
    19    -1.756  0.00000
    20     7.375  0.00000
    21    10.340  0.00000
    22    11.938  0.00000
    23    14.213  0.00000
    24    16.227  0.00000
    25    18.424  0.00000
    26    19.985  0.00000
    27    22.403  0.00000
    28    27.116  0.00000
    29    35.447  0.00000
    30    35.887  0.00000
    31    38.613  0.00000
    32    40.108  0.00000

