REKS do not use any electronic distribution function

Calculation with static geometry

********************************************************************************************
  iSCC       reks energy        Diff energy         x_a       SCC error   
  139      -16.3998190248      -0.0000000000     0.999999    0.00000096
********************************************************************************************

 SA-REKS optimizes the avergaed state, not individual states
 These charges do not mean the charges for individual states
 Similarly to this, the values in band.out file indicate
 the band energies and occupations for the averaged state
 If you want to compute the relaxed density,
 please, set 'RelaxedDensity = Yes' option

 Total charge:     1.00000000

 Atomic gross charges (e)
 Atom           Charge
    1      -0.03630005
    2       0.02705699
    3       0.10674212
    4       0.12630129
    5       0.10122505
    6       0.03652568
    7      -0.16363262
    8       0.11572299
    9       0.10973075
   10       0.21745858
   11       0.08840985
   12      -0.22305282
   13       0.23168671
   14       0.26212547

Nr. of electrons (up):     32.00000000
Atom populations (up)
 Atom       Population
    1       4.03630005
    2       3.97294301
    3       0.89325788
    4       0.87369871
    5       0.89877495
    6       3.96347432
    7       4.16363262
    8       0.88427701
    9       0.89026925
   10       3.78254142
   11       0.91159015
   12       5.22305282
   13       0.76831329
   14       0.73787453

l-shell populations (up)
 Atom Sh.   l       Population
    1   1   0       1.20894991
    1   2   1       2.82735014
    2   1   0       1.17975712
    2   2   1       2.79318589
    3   1   0       0.89325788
    4   1   0       0.87369871
    5   1   0       0.89877495
    6   1   0       1.17423609
    6   2   1       2.78923823
    7   1   0       1.14679491
    7   2   1       3.01683771
    8   1   0       0.88427701
    9   1   0       0.89026925
   10   1   0       1.11772408
   10   2   1       2.66481734
   11   1   0       0.91159015
   12   1   0       1.38005911
   12   2   1       3.84299371
   13   1   0       0.76831329
   14   1   0       0.73787453

Orbital populations (up)
 Atom Sh.   l   m       Population  Label
    1   1   0   0       1.20894991  s
    1   2   1  -1       1.00077402  p_y
    1   2   1   0       0.97175134  p_z
    1   2   1   1       0.85482479  p_x
    2   1   0   0       1.17975712  s
    2   2   1  -1       0.97931927  p_y
    2   2   1   0       0.90597816  p_z
    2   2   1   1       0.90788846  p_x
    3   1   0   0       0.89325788  s
    4   1   0   0       0.87369871  s
    5   1   0   0       0.89877495  s
    6   1   0   0       1.17423609  s
    6   2   1  -1       0.95737570  p_y
    6   2   1   0       0.92528147  p_z
    6   2   1   1       0.90658106  p_x
    7   1   0   0       1.14679491  s
    7   2   1  -1       1.03221649  p_y
    7   2   1   0       1.06069402  p_z
    7   2   1   1       0.92392720  p_x
    8   1   0   0       0.88427701  s
    9   1   0   0       0.89026925  s
   10   1   0   0       1.11772408  s
   10   2   1  -1       0.84660717  p_y
   10   2   1   0       0.83605145  p_z
   10   2   1   1       0.98215871  p_x
   11   1   0   0       0.91159015  s
   12   1   0   0       1.38005911  s
   12   2   1  -1       1.26385903  p_y
   12   2   1   0       1.33110924  p_z
   12   2   1   1       1.24802544  p_x
   13   1   0   0       0.76831329  s
   14   1   0   0       0.73787453  s

Input / Output electrons (q):     32.0000000000

Energy H0:                         -16.3842357949 H         -445.8377 eV
Energy SCC:                          0.1027490057 H            2.7959 eV
Energy SPIN:                        -0.0000003250 H           -0.0000 eV
Energy Fock:                        -0.6713387833 H          -18.2681 eV
Total Electronic energy:           -16.9528258975 H         -461.3099 eV
Repulsive energy:                    0.4825361755 H           13.1305 eV

Excitation Energy:                   0.0000000000 H            0.0000 eV

Total energy:                      -16.4702904194 H         -448.1794 eV

SCC converged

Total Forces
    1      0.059224844268     -0.018041831300     -0.058312808964
    2      0.001404942851     -0.004054301951      0.032815608233
    3     -0.010080879871      0.008544155022     -0.002238887912
    4     -0.047980609869      0.013530111643      0.058100046040
    5      0.009804223448     -0.011431528090     -0.011000602840
    6     -0.037374077014      0.035018357568     -0.043661128585
    7     -0.023090957328     -0.035834152234      0.014136225384
    8      0.003767778753     -0.005061614548      0.026761555356
    9      0.032148176947     -0.044475162152     -0.060015496325
   10      0.015174351122     -0.011172205679     -0.011505773707
   11     -0.013211618555      0.007713068870     -0.002371888189
   12      0.030363367112      0.112198326835      0.119052747184
   13     -0.002778342691     -0.026343700633     -0.022343781079
   14     -0.017371199172     -0.020589523353     -0.039415814596

Maximal derivative component:        0.119053E+00 au


