REKS do not use any electronic distribution function

Calculation with static geometry

********************************************************************************************
  iSCC       reks energy        Diff energy         x_a       SCC error   
   30       -6.1849791284      -0.0000000000     0.999969    0.00000089
********************************************************************************************

 SA-REKS optimizes the avergaed state, not individual states
 These charges do not mean the charges for individual states
 Similarly to this, the values in band.out file indicate
 the band energies and occupations for the averaged state
 If you want to compute the relaxed density,
 please, set 'RelaxedDensity = Yes' option

 Total charge:     1.00000000

 Atomic gross charges (e)
 Atom           Charge
    1       0.11383249
    2      -0.08669285
    3       0.15628994
    4       0.32081733
    5       0.30773874
    6       0.18801435

Nr. of electrons (up):     12.00000000
Atom populations (up)
 Atom       Population
    1       3.88616751
    2       5.08669285
    3       0.84371006
    4       0.67918267
    5       0.69226126
    6       0.81198565

l-shell populations (up)
 Atom Sh.   l       Population
    1   1   0       1.19724555
    1   2   1       2.68892196
    2   1   0       1.33036289
    2   2   1       3.75632996
    3   1   0       0.84371006
    4   1   0       0.67918267
    5   1   0       0.69226126
    6   1   0       0.81198565

Orbital populations (up)
 Atom Sh.   l   m       Population  Label
    1   1   0   0       1.19724555  s
    1   2   1  -1       0.92952104  p_y
    1   2   1   0       0.88025847  p_z
    1   2   1   1       0.87914245  p_x
    2   1   0   0       1.33036289  s
    2   2   1  -1       1.38443375  p_y
    2   2   1   0       1.09676823  p_z
    2   2   1   1       1.27512798  p_x
    3   1   0   0       0.84371006  s
    4   1   0   0       0.67918267  s
    5   1   0   0       0.69226126  s
    6   1   0   0       0.81198565  s

Input / Output electrons (q):     12.0000000000

Energy H0:                          -6.4396068070 H         -175.2306 eV
Energy SCC:                          0.1424339602 H            3.8758 eV
Energy SPIN:                        -0.0000169326 H           -0.0005 eV
Energy Fock:                        -0.2374037678 H           -6.4601 eV
Total Electronic energy:            -6.5345935472 H         -177.8153 eV
Repulsive energy:                    0.2368260445 H            6.4444 eV

Excitation Energy:                   0.0000000000 H            0.0000 eV

Total energy:                       -6.2978015919 H         -171.3719 eV

SCC converged

Total Forces
    1      0.031081933734     -0.012354293274     -0.291126632012
    2      0.028973171625      0.009915510553      0.112528274253
    3     -0.048795995966      0.021870953411      0.081433790434
    4     -0.070404337620      0.050652026503      0.021839352379
    5      0.057172765443     -0.048808225725      0.005814567481
    6      0.001972462783     -0.021275971469      0.069510647465

Maximal derivative component:        0.291127E+00 au


