REKS do not use any electronic distribution function

Calculation with static geometry

********************************************************************************************
  iSCC       reks energy        Diff energy         x_a       SCC error   
   59       -6.2843180770      -0.0000000000     0.999940    0.00000084
********************************************************************************************

 SA-REKS optimizes the avergaed state, not individual states
 These charges do not mean the charges for individual states
 Similarly to this, the values in band.out file indicate
 the band energies and occupations for the averaged state
 If you want to compute the relaxed density,
 please, set 'RelaxedDensity = Yes' option

 Total charge:     1.00000000

 Atomic gross charges (e)
 Atom           Charge
    1       0.11930987
    2      -0.11057633
    3       0.18396221
    4       0.31154405
    5       0.31161513
    6       0.18414508

Nr. of electrons (up):     12.00000000
Atom populations (up)
 Atom       Population
    1       3.88069013
    2       5.11057633
    3       0.81603779
    4       0.68845595
    5       0.68838487
    6       0.81585492

l-shell populations (up)
 Atom Sh.   l       Population
    1   1   0       1.17620156
    1   2   1       2.70448857
    2   1   0       1.37798479
    2   2   1       3.73259155
    3   1   0       0.81603779
    4   1   0       0.68845595
    5   1   0       0.68838487
    6   1   0       0.81585492

Orbital populations (up)
 Atom Sh.   l   m       Population  Label
    1   1   0   0       1.17620156  s
    1   2   1  -1       0.86141683  p_y
    1   2   1   0       0.89516912  p_z
    1   2   1   1       0.94790262  p_x
    2   1   0   0       1.37798479  s
    2   2   1  -1       1.09545023  p_y
    2   2   1   0       1.12685540  p_z
    2   2   1   1       1.51028591  p_x
    3   1   0   0       0.81603779  s
    4   1   0   0       0.68845595  s
    5   1   0   0       0.68838487  s
    6   1   0   0       0.81585492  s

Input / Output electrons (q):     12.0000000000

Energy H0:                          -6.5293015304 H         -177.6713 eV
Energy SCC:                          0.1346275595 H            3.6634 eV
Energy SPIN:                        -0.0000324347 H           -0.0009 eV
Energy Fock:                        -0.2092669670 H           -5.6944 eV
Total Electronic energy:            -6.6039733726 H         -179.7033 eV
Repulsive energy:                    0.1947453043 H            5.2993 eV

Excitation Energy:                   0.0000000000 H            0.0000 eV

Total energy:                       -6.4096974015 H         -174.4167 eV

SCC converged

Total Forces
    1     -0.002721215674      0.003457386899     -0.019179121320
    2      0.004219989632     -0.003270870653      0.015548601888
    3     -0.013217593470     -0.004168063711     -0.002689781653
    4     -0.016727084418      0.001543670428      0.004091894611
    5      0.014047206685     -0.000102240691      0.003544922891
    6      0.014398697244      0.002540117727     -0.001316516416

Maximal derivative component:        0.191791E-01 au


