REKS do not use any electronic distribution function

Calculation with static geometry

********************************************************************************************
  iSCC       reks energy        Diff energy         x_a       SCC error   
   52       -6.2871508383      -0.0000000000     0.999968    0.00000083
********************************************************************************************

 SA-REKS optimizes the avergaed state, not individual states
 These charges do not mean the charges for individual states
 Similarly to this, the values in band.out file indicate
 the band energies and occupations for the averaged state
 If you want to compute the relaxed density,
 please, set 'RelaxedDensity = Yes' option

 Total charge:     1.00000000

 Atomic gross charges (e)
 Atom           Charge
    1       0.10404966
    2      -0.10900254
    3       0.19161560
    4       0.31106839
    5       0.31052252
    6       0.19174637

Nr. of electrons (up):     12.00000000
Atom populations (up)
 Atom       Population
    1       3.89595034
    2       5.10900254
    3       0.80838440
    4       0.68893161
    5       0.68947748
    6       0.80825363

l-shell populations (up)
 Atom Sh.   l       Population
    1   1   0       1.18118716
    1   2   1       2.71476318
    2   1   0       1.38216752
    2   2   1       3.72683502
    3   1   0       0.80838440
    4   1   0       0.68893161
    5   1   0       0.68947748
    6   1   0       0.80825363

Orbital populations (up)
 Atom Sh.   l   m       Population  Label
    1   1   0   0       1.18118716  s
    1   2   1  -1       0.85317421  p_y
    1   2   1   0       0.89143111  p_z
    1   2   1   1       0.97015786  p_x
    2   1   0   0       1.38216752  s
    2   2   1  -1       1.10957988  p_y
    2   2   1   0       1.12249172  p_z
    2   2   1   1       1.49476343  p_x
    3   1   0   0       0.80838440  s
    4   1   0   0       0.68893161  s
    5   1   0   0       0.68947748  s
    6   1   0   0       0.80825363  s

Input / Output electrons (q):     12.0000000000

Energy H0:                          -6.5288622133 H         -177.6594 eV
Energy SCC:                          0.1352052383 H            3.6791 eV
Energy SPIN:                        -0.0000179546 H           -0.0005 eV
Energy Fock:                        -0.2076164511 H           -5.6495 eV
Total Electronic energy:            -6.6012913807 H         -179.6303 eV
Repulsive energy:                    0.1842449558 H            5.0136 eV

Excitation Energy:                   0.0000000000 H            0.0000 eV

Total energy:                       -6.4171067348 H         -174.6184 eV

SCC converged

Total Forces
    1      0.000544879319     -0.000001545271      0.007847767617
    2     -0.001433809611     -0.000307788482     -0.006969009554
    3      0.006275181338     -0.003482868457     -0.002012517727
    4      0.007885577758      0.000201662559      0.000732881755
    5     -0.006821483769      0.000624948376      0.002187800557
    6     -0.006450345035      0.002965591275     -0.001786922647

Maximal derivative component:        0.788558E-02 au


