REKS do not use any electronic distribution function

Calculation with static geometry

********************************************************************************************
  iSCC       reks energy        Diff energy         x_a       SCC error   
   54       -6.1586544764      -0.0000000000     0.992417    0.00000088
********************************************************************************************

 SA-REKS optimizes the avergaed state, not individual states
 These charges do not mean the charges for individual states
 Similarly to this, the values in band.out file indicate
 the band energies and occupations for the averaged state
 If you want to compute the relaxed density,
 please, set 'RelaxedDensity = Yes' option

 Total charge:     1.00000000

 Atomic gross charges (e)
 Atom           Charge
    1       0.15994491
    2      -0.12793049
    3       0.19153881
    4       0.31310780
    5       0.31947071
    6       0.14386826

Nr. of electrons (up):     12.00000000
Atom populations (up)
 Atom       Population
    1       3.84005509
    2       5.12793049
    3       0.80846119
    4       0.68689220
    5       0.68052929
    6       0.85613174

l-shell populations (up)
 Atom Sh.   l       Population
    1   1   0       1.25067395
    1   2   1       2.58938114
    2   1   0       1.47281214
    2   2   1       3.65511835
    3   1   0       0.80846119
    4   1   0       0.68689220
    5   1   0       0.68052929
    6   1   0       0.85613174

Orbital populations (up)
 Atom Sh.   l   m       Population  Label
    1   1   0   0       1.25067395  s
    1   2   1  -1       0.85187158  p_y
    1   2   1   0       0.81479022  p_z
    1   2   1   1       0.92271935  p_x
    2   1   0   0       1.47281214  s
    2   2   1  -1       1.18778930  p_y
    2   2   1   0       1.16328714  p_z
    2   2   1   1       1.30404191  p_x
    3   1   0   0       0.80846119  s
    4   1   0   0       0.68689220  s
    5   1   0   0       0.68052929  s
    6   1   0   0       0.85613174  s

Input / Output electrons (q):     12.0000000000

Energy H0:                          -6.1911051277 H         -168.4685 eV
Energy SCC:                          0.1397089291 H            3.8017 eV
Energy SPIN:                        -0.0020714378 H           -0.0564 eV
Energy Fock:                        -0.2450465139 H           -6.6681 eV
Total Electronic energy:            -6.2985141503 H         -171.3913 eV
Repulsive energy:                    0.0822280305 H            2.2375 eV

Excitation Energy:                   0.0000000000 H            0.0000 eV

Total energy:                       -6.2164288291 H         -169.1576 eV

SCC converged

Total Forces
    1      0.031654622161     -0.068121237886     -0.167351812237
    2     -0.114820095957      0.065868458470      0.000333545821
    3      0.001103216003      0.037343566625      0.071021432971
    4      0.042987980954     -0.013419981403     -0.007532489117
    5      0.051003821411     -0.036967194272      0.000537640783
    6     -0.011929544573      0.015296388467      0.102991681778

Maximal derivative component:        0.167352E+00 au


