 Fermi distribution function

Calculation with static geometry


********************************************************************************
 iSCC Total electronic   Diff electronic      SCC error    
   14   -0.52725964E+01   -0.99475983E-13    0.18888913E-08
********************************************************************************

 Total charge:     1.00000000

 Atomic gross charges (e)
 Atom           Charge
    1       0.31301475
    2      -0.21005109
    3       0.17886354
    4       0.26217993
    5       0.27382068
    6       0.18217218

Nr. of electrons (up):     12.00000000
Atom populations (up)
 Atom       Population
    1       3.68698525
    2       5.21005109
    3       0.82113646
    4       0.73782007
    5       0.72617932
    6       0.81782782

l-shell populations (up)
 Atom Sh.   l       Population
    1   1   0       1.40585091
    1   2   1       2.28113434
    2   1   0       1.51462887
    2   2   1       3.69542222
    3   1   0       0.82113646
    4   1   0       0.73782007
    5   1   0       0.72617932
    6   1   0       0.81782782

Orbital populations (up)
 Atom Sh.   l   m       Population  Label
    1   1   0   0       1.40585091  s
    1   2   1  -1       0.45353373  p_y
    1   2   1   0       0.86692364  p_z
    1   2   1   1       0.96067696  p_x
    2   1   0   0       1.51462887  s
    2   2   1  -1       1.37609019  p_y
    2   2   1   0       1.08122296  p_z
    2   2   1   1       1.23810907  p_x
    3   1   0   0       0.82113646  s
    4   1   0   0       0.73782007  s
    5   1   0   0       0.72617932  s
    6   1   0   0       0.81782782  s

Fermi level:                        -0.5088026808 H          -13.8452 eV
Band energy:                        -8.6350501508 H         -234.9717 eV
TS:                                  0.0000000000 H            0.0000 eV
Band free energy (E-TS):            -8.6350501508 H         -234.9717 eV
Extrapolated E(0K):                 -8.6350501508 H         -234.9717 eV
Input / Output electrons (q):     12.0000000000     12.0000000000

Energy H0:                          -5.4071471506 H         -147.1360 eV
Energy SCC:                          0.1345507140 H            3.6613 eV
Total Electronic energy:            -5.2725964365 H         -143.4746 eV
Repulsive energy:                    0.1334626251 H            3.6317 eV
Total energy:                       -5.1391338115 H         -139.8429 eV
Extrapolated to 0:                  -5.1391338115 H         -139.8429 eV
Total Mermin free energy:           -5.1391338115 H         -139.8429 eV
Force related energy:               -5.1391338115 H         -139.8429 eV

SCC converged

Excitation Energy:                   0.0952485813 H            2.5918 eV

Total Forces
    1      0.002405871269     -0.005654993860      0.048794200686
    2     -0.013819106016     -0.008188410937     -0.046553997253
    3     -0.008274725934     -0.007605232374      0.002515371451
    4     -0.001529574273      0.010713428947      0.000411513570
    5      0.016927416597     -0.000510866739     -0.005556766355
    6      0.004290118357      0.011246074963      0.000389677902

Maximal derivative component:        0.487942E-01 au


