REKS do not use any electronic distribution function

Calculation with static geometry

********************************************************************************************
  iSCC       reks energy        Diff energy         x_a       SCC error   
  140       -6.1320741570      -0.0000000000     0.565642    0.00000097
********************************************************************************************

 SA-REKS optimizes the avergaed state, not individual states
 These charges do not mean the charges for individual states
 Similarly to this, the values in band.out file indicate
 the band energies and occupations for the averaged state
 If you want to compute the relaxed density,
 please, set 'RelaxedDensity = Yes' option

 Total charge:     1.00000000

 Atomic gross charges (e)
 Atom           Charge
    1       0.03048310
    2      -0.01972487
    3       0.17716419
    4       0.22775096
    5       0.37583487
    6       0.20849174

Nr. of electrons (up):     12.00000000
Atom populations (up)
 Atom       Population
    1       3.96951690
    2       5.01972487
    3       0.82283581
    4       0.77224904
    5       0.62416513
    6       0.79150826

l-shell populations (up)
 Atom Sh.   l       Population
    1   1   0       1.19965708
    1   2   1       2.76985981
    2   1   0       1.62157888
    2   2   1       3.39814598
    3   1   0       0.82283581
    4   1   0       0.77224904
    5   1   0       0.62416513
    6   1   0       0.79150826

Orbital populations (up)
 Atom Sh.   l   m       Population  Label
    1   1   0   0       1.19965708  s
    1   2   1  -1       0.94864836  p_y
    1   2   1   0       0.75804392  p_z
    1   2   1   1       1.06316753  p_x
    2   1   0   0       1.62157888  s
    2   2   1  -1       1.16157654  p_y
    2   2   1   0       1.05899593  p_z
    2   2   1   1       1.17757352  p_x
    3   1   0   0       0.82283581  s
    4   1   0   0       0.77224904  s
    5   1   0   0       0.62416513  s
    6   1   0   0       0.79150826  s

Input / Output electrons (q):     12.0000000000

Energy H0:                          -6.1365370247 H         -166.9837 eV
Energy SCC:                          0.1272459017 H            3.4625 eV
Energy SPIN:                        -0.1302883826 H           -3.5453 eV
Energy Fock:                        -0.2557124499 H           -6.9583 eV
Total Electronic energy:            -6.3952919555 H         -174.0247 eV
Repulsive energy:                    0.1323985308 H            3.6027 eV

Excitation Energy:                   0.0000000000 H            0.0000 eV

Total energy:                       -6.2628934824 H         -170.4220 eV

SCC converged

Total Forces
    1      0.096576551178      0.012602628853      0.012238214342
    2     -0.005498225604      0.052734078920     -0.005903337133
    3     -0.157268427688     -0.071165064404     -0.026944207015
    4      0.041865218636     -0.049069317940      0.028018633551
    5     -0.002490264299     -0.001336373086     -0.005929789908
    6      0.026815147777      0.056234047657     -0.001479513838

Maximal derivative component:        0.157268E+00 au


