REKS do not use any electronic distribution function

Calculation with static geometry

********************************************************************************************
  iSCC       reks energy        Diff energy         x_a       SCC error   
   69       -6.2851640839      -0.0000000000     0.999926    0.00000088
********************************************************************************************

 SA-REKS optimizes the avergaed state, not individual states
 These charges do not mean the charges for individual states
 Similarly to this, the values in band.out file indicate
 the band energies and occupations for the averaged state
 If you want to compute the relaxed density,
 please, set 'RelaxedDensity = Yes' option

 Total charge:     1.00000000

 Atomic gross charges (e)
 Atom           Charge
    1       0.12644956
    2      -0.12486160
    3       0.18496459
    4       0.31452823
    5       0.31445715
    6       0.18446208

Nr. of electrons (up):     12.00000000
Atom populations (up)
 Atom       Population
    1       3.87355044
    2       5.12486160
    3       0.81503541
    4       0.68547177
    5       0.68554285
    6       0.81553792

l-shell populations (up)
 Atom Sh.   l       Population
    1   1   0       1.18691894
    1   2   1       2.68663150
    2   1   0       1.38800672
    2   2   1       3.73685489
    3   1   0       0.81503541
    4   1   0       0.68547177
    5   1   0       0.68554285
    6   1   0       0.81553792

Orbital populations (up)
 Atom Sh.   l   m       Population  Label
    1   1   0   0       1.18691894  s
    1   2   1  -1       0.85453839  p_y
    1   2   1   0       0.89698629  p_z
    1   2   1   1       0.93510682  p_x
    2   1   0   0       1.38800672  s
    2   2   1  -1       1.08141539  p_y
    2   2   1   0       1.13581067  p_z
    2   2   1   1       1.51962882  p_x
    3   1   0   0       0.81503541  s
    4   1   0   0       0.68547177  s
    5   1   0   0       0.68554285  s
    6   1   0   0       0.81553792  s

Input / Output electrons (q):     12.0000000000

Energy H0:                          -6.5131285165 H         -177.2312 eV
Energy SCC:                          0.1339712946 H            3.6455 eV
Energy SPIN:                        -0.0000386849 H           -0.0011 eV
Energy Fock:                        -0.2083897647 H           -5.6706 eV
Total Electronic energy:            -6.5875856715 H         -179.2573 eV
Repulsive energy:                    0.1803918594 H            4.9087 eV

Excitation Energy:                   0.0000000000 H            0.0000 eV

Total energy:                       -6.4077992496 H         -174.3651 eV

SCC converged

Total Forces
    1      0.006167361315     -0.000774817065      0.019910004665
    2     -0.014292088022     -0.000172299088     -0.023354652021
    3     -0.014620526141      0.001464267507     -0.004998411322
    4     -0.010514461473      0.004412152863      0.007172908831
    5      0.019624280097     -0.003044268360      0.008025765378
    6      0.013635434223     -0.001885035857     -0.006755615531

Maximal derivative component:        0.233547E-01 au


