REKS do not use any electronic distribution function

Calculation with static geometry

********************************************************************************************
  iSCC       reks energy        Diff energy         x_a       SCC error   
   65       -6.2852315759      -0.0000000000     0.999932    0.00000097
********************************************************************************************

 SA-REKS optimizes the avergaed state, not individual states
 These charges do not mean the charges for individual states
 Similarly to this, the values in band.out file indicate
 the band energies and occupations for the averaged state
 If you want to compute the relaxed density,
 please, set 'RelaxedDensity = Yes' option

 Total charge:     1.00000000

 Atomic gross charges (e)
 Atom           Charge
    1       0.12258761
    2      -0.12174036
    3       0.18780442
    4       0.31261858
    5       0.31529274
    6       0.18343701

Nr. of electrons (up):     12.00000000
Atom populations (up)
 Atom       Population
    1       3.87741239
    2       5.12174036
    3       0.81219558
    4       0.68738142
    5       0.68470726
    6       0.81656299

l-shell populations (up)
 Atom Sh.   l       Population
    1   1   0       1.18465932
    1   2   1       2.69275307
    2   1   0       1.38573811
    2   2   1       3.73600225
    3   1   0       0.81219558
    4   1   0       0.68738142
    5   1   0       0.68470726
    6   1   0       0.81656299

Orbital populations (up)
 Atom Sh.   l   m       Population  Label
    1   1   0   0       1.18465932  s
    1   2   1  -1       0.85491968  p_y
    1   2   1   0       0.89488940  p_z
    1   2   1   1       0.94294399  p_x
    2   1   0   0       1.38573811  s
    2   2   1  -1       1.08438910  p_y
    2   2   1   0       1.13061391  p_z
    2   2   1   1       1.52099923  p_x
    3   1   0   0       0.81219558  s
    4   1   0   0       0.68738142  s
    5   1   0   0       0.68470726  s
    6   1   0   0       0.81656299  s

Input / Output electrons (q):     12.0000000000

Energy H0:                          -6.5157256300 H         -177.3019 eV
Energy SCC:                          0.1339824042 H            3.6458 eV
Energy SPIN:                        -0.0000361326 H           -0.0010 eV
Energy Fock:                        -0.2082830891 H           -5.6677 eV
Total Electronic energy:            -6.5900624475 H         -179.3247 eV
Repulsive energy:                    0.1813390810 H            4.9345 eV

Excitation Energy:                   0.0000000000 H            0.0000 eV

Total energy:                       -6.4092080134 H         -174.4034 eV

SCC converged

Total Forces
    1     -0.000612867512     -0.004425889556      0.017638925066
    2     -0.001157507500     -0.000834221798     -0.016846285167
    3     -0.012974493349      0.004125359518     -0.002928275870
    4     -0.014439237715      0.005055364246      0.008385025626
    5      0.015222872844     -0.003478850956      0.002078643786
    6      0.013961233232     -0.000441761454     -0.008328033441

Maximal derivative component:        0.176389E-01 au


