REKS do not use any electronic distribution function

Calculation with static geometry

********************************************************************************************
  iSCC       reks energy        Diff energy         x_a       SCC error   
   50       -6.2886310502      -0.0000000000     0.999972    0.00000090
********************************************************************************************

 SA-REKS optimizes the avergaed state, not individual states
 These charges do not mean the charges for individual states
 Similarly to this, the values in band.out file indicate
 the band energies and occupations for the averaged state
 If you want to compute the relaxed density,
 please, set 'RelaxedDensity = Yes' option

 Total charge:     1.00000000

 Atomic gross charges (e)
 Atom           Charge
    1       0.10483263
    2      -0.10751471
    3       0.19084605
    4       0.31022185
    5       0.30931796
    6       0.19229622

Nr. of electrons (up):     12.00000000
Atom populations (up)
 Atom       Population
    1       3.89516737
    2       5.10751471
    3       0.80915395
    4       0.68977815
    5       0.69068204
    6       0.80770378

l-shell populations (up)
 Atom Sh.   l       Population
    1   1   0       1.17776692
    1   2   1       2.71740045
    2   1   0       1.38199483
    2   2   1       3.72551988
    3   1   0       0.80915395
    4   1   0       0.68977815
    5   1   0       0.69068204
    6   1   0       0.80770378

Orbital populations (up)
 Atom Sh.   l   m       Population  Label
    1   1   0   0       1.17776692  s
    1   2   1  -1       0.85405047  p_y
    1   2   1   0       0.88209533  p_z
    1   2   1   1       0.98125465  p_x
    2   1   0   0       1.38199483  s
    2   2   1  -1       1.09959388  p_y
    2   2   1   0       1.11201783  p_z
    2   2   1   1       1.51390817  p_x
    3   1   0   0       0.80915395  s
    4   1   0   0       0.68977815  s
    5   1   0   0       0.69068204  s
    6   1   0   0       0.80770378  s

Input / Output electrons (q):     12.0000000000

Energy H0:                          -6.5295513845 H         -177.6781 eV
Energy SCC:                          0.1353218018 H            3.6823 eV
Energy SPIN:                        -0.0000162044 H           -0.0004 eV
Energy Fock:                        -0.2067867495 H           -5.6270 eV
Total Electronic energy:            -6.6010325367 H         -179.6232 eV
Repulsive energy:                    0.1821304456 H            4.9560 eV

Excitation Energy:                   0.0000000000 H            0.0000 eV

Total energy:                       -6.4189057912 H         -174.6673 eV

SCC converged

Total Forces
    1     -0.001327381293     -0.002611176977      0.014810766471
    2      0.002789905788      0.001234960424     -0.013094533908
    3      0.002103224460     -0.001781356984      0.000660552476
    4      0.000930249996      0.001590538295     -0.003505700047
    5     -0.002804662819     -0.000688389986     -0.002247716422
    6     -0.001691336131      0.002255425227      0.003376631430

Maximal derivative component:        0.148108E-01 au


