REKS do not use any electronic distribution function

Calculation with static geometry

********************************************************************************************
  iSCC       reks energy        Diff energy         x_a       SCC error   
   63       -6.2844404191      -0.0000000000     0.999934    0.00000088
********************************************************************************************

 SA-REKS optimizes the avergaed state, not individual states
 These charges do not mean the charges for individual states
 Similarly to this, the values in band.out file indicate
 the band energies and occupations for the averaged state
 If you want to compute the relaxed density,
 please, set 'RelaxedDensity = Yes' option

 Total charge:     1.00000000

 Atomic gross charges (e)
 Atom           Charge
    1       0.12085221
    2      -0.11976671
    3       0.18351699
    4       0.31476328
    5       0.31412085
    6       0.18651338

Nr. of electrons (up):     12.00000000
Atom populations (up)
 Atom       Population
    1       3.87914779
    2       5.11976671
    3       0.81648301
    4       0.68523672
    5       0.68587915
    6       0.81348662

l-shell populations (up)
 Atom Sh.   l       Population
    1   1   0       1.18430006
    1   2   1       2.69484774
    2   1   0       1.38543932
    2   2   1       3.73432739
    3   1   0       0.81648301
    4   1   0       0.68523672
    5   1   0       0.68587915
    6   1   0       0.81348662

Orbital populations (up)
 Atom Sh.   l   m       Population  Label
    1   1   0   0       1.18430006  s
    1   2   1  -1       0.85405936  p_y
    1   2   1   0       0.89794791  p_z
    1   2   1   1       0.94284047  p_x
    2   1   0   0       1.38543932  s
    2   2   1  -1       1.08161065  p_y
    2   2   1   0       1.13575543  p_z
    2   2   1   1       1.51696131  p_x
    3   1   0   0       0.81648301  s
    4   1   0   0       0.68523672  s
    5   1   0   0       0.68587915  s
    6   1   0   0       0.81348662  s

Input / Output electrons (q):     12.0000000000

Energy H0:                          -6.5157815481 H         -177.3034 eV
Energy SCC:                          0.1342636287 H            3.6535 eV
Energy SPIN:                        -0.0000348812 H           -0.0009 eV
Energy Fock:                        -0.2090975304 H           -5.6898 eV
Total Electronic energy:            -6.5906503310 H         -179.3407 eV
Repulsive energy:                    0.1828103536 H            4.9745 eV

Excitation Energy:                   0.0000000000 H            0.0000 eV

Total energy:                       -6.4083428297 H         -174.3799 eV

SCC converged

Total Forces
    1      0.005275575893      0.003766906105      0.000088689150
    2     -0.012528193832      0.000982293647     -0.007198759587
    3     -0.015002103035     -0.000950975493     -0.005430153366
    4     -0.010836025809      0.003801090604      0.006053366192
    5      0.019112640814     -0.006700310371      0.007708623239
    6      0.013978105970     -0.000899004491     -0.001221765627

Maximal derivative component:        0.191126E-01 au


